[2025-07-20T16:19:42.417+0530] {processor.py:186} INFO - Started process (PID=34379) to work on /Users/parth/Desktop/Engine/venv/lib/python3.11/site-packages/airflow/example_dags/plugins/event_listener.py
[2025-07-20T16:19:42.417+0530] {processor.py:914} INFO - Processing file /Users/parth/Desktop/Engine/venv/lib/python3.11/site-packages/airflow/example_dags/plugins/event_listener.py for tasks to queue
[2025-07-20T16:19:42.418+0530] {logging_mixin.py:190} INFO - [2025-07-20T16:19:42.418+0530] {dagbag.py:588} INFO - Filling up the DagBag from /Users/parth/Desktop/Engine/venv/lib/python3.11/site-packages/airflow/example_dags/plugins/event_listener.py
[2025-07-20T16:19:42.419+0530] {processor.py:927} WARNING - No viable dags retrieved from /Users/parth/Desktop/Engine/venv/lib/python3.11/site-packages/airflow/example_dags/plugins/event_listener.py
[2025-07-20T16:19:42.477+0530] {processor.py:208} INFO - Processing /Users/parth/Desktop/Engine/venv/lib/python3.11/site-packages/airflow/example_dags/plugins/event_listener.py took 0.062 seconds
[2025-07-20T16:22:20.483+0530] {processor.py:186} INFO - Started process (PID=35443) to work on /Users/parth/Desktop/Engine/venv/lib/python3.11/site-packages/airflow/example_dags/plugins/event_listener.py
[2025-07-20T16:22:20.484+0530] {processor.py:914} INFO - Processing file /Users/parth/Desktop/Engine/venv/lib/python3.11/site-packages/airflow/example_dags/plugins/event_listener.py for tasks to queue
[2025-07-20T16:22:20.485+0530] {logging_mixin.py:190} INFO - [2025-07-20T16:22:20.485+0530] {dagbag.py:588} INFO - Filling up the DagBag from /Users/parth/Desktop/Engine/venv/lib/python3.11/site-packages/airflow/example_dags/plugins/event_listener.py
[2025-07-20T16:22:20.486+0530] {processor.py:927} WARNING - No viable dags retrieved from /Users/parth/Desktop/Engine/venv/lib/python3.11/site-packages/airflow/example_dags/plugins/event_listener.py
[2025-07-20T16:22:20.546+0530] {processor.py:208} INFO - Processing /Users/parth/Desktop/Engine/venv/lib/python3.11/site-packages/airflow/example_dags/plugins/event_listener.py took 0.066 seconds
[2025-07-20T16:24:44.670+0530] {processor.py:186} INFO - Started process (PID=36453) to work on /Users/parth/Desktop/Engine/venv/lib/python3.11/site-packages/airflow/example_dags/plugins/event_listener.py
[2025-07-20T16:24:44.671+0530] {processor.py:914} INFO - Processing file /Users/parth/Desktop/Engine/venv/lib/python3.11/site-packages/airflow/example_dags/plugins/event_listener.py for tasks to queue
[2025-07-20T16:24:44.672+0530] {logging_mixin.py:190} INFO - [2025-07-20T16:24:44.672+0530] {dagbag.py:588} INFO - Filling up the DagBag from /Users/parth/Desktop/Engine/venv/lib/python3.11/site-packages/airflow/example_dags/plugins/event_listener.py
[2025-07-20T16:24:44.673+0530] {processor.py:927} WARNING - No viable dags retrieved from /Users/parth/Desktop/Engine/venv/lib/python3.11/site-packages/airflow/example_dags/plugins/event_listener.py
[2025-07-20T16:24:44.730+0530] {processor.py:208} INFO - Processing /Users/parth/Desktop/Engine/venv/lib/python3.11/site-packages/airflow/example_dags/plugins/event_listener.py took 0.061 seconds
[2025-07-20T16:26:55.900+0530] {processor.py:186} INFO - Started process (PID=37333) to work on /Users/parth/Desktop/Engine/venv/lib/python3.11/site-packages/airflow/example_dags/plugins/event_listener.py
[2025-07-20T16:26:55.901+0530] {processor.py:914} INFO - Processing file /Users/parth/Desktop/Engine/venv/lib/python3.11/site-packages/airflow/example_dags/plugins/event_listener.py for tasks to queue
[2025-07-20T16:26:55.901+0530] {logging_mixin.py:190} INFO - [2025-07-20T16:26:55.901+0530] {dagbag.py:588} INFO - Filling up the DagBag from /Users/parth/Desktop/Engine/venv/lib/python3.11/site-packages/airflow/example_dags/plugins/event_listener.py
[2025-07-20T16:26:55.902+0530] {processor.py:927} WARNING - No viable dags retrieved from /Users/parth/Desktop/Engine/venv/lib/python3.11/site-packages/airflow/example_dags/plugins/event_listener.py
[2025-07-20T16:26:55.957+0530] {processor.py:208} INFO - Processing /Users/parth/Desktop/Engine/venv/lib/python3.11/site-packages/airflow/example_dags/plugins/event_listener.py took 0.060 seconds
[2025-07-20T16:29:02.982+0530] {processor.py:186} INFO - Started process (PID=38225) to work on /Users/parth/Desktop/Engine/venv/lib/python3.11/site-packages/airflow/example_dags/plugins/event_listener.py
[2025-07-20T16:29:02.983+0530] {processor.py:914} INFO - Processing file /Users/parth/Desktop/Engine/venv/lib/python3.11/site-packages/airflow/example_dags/plugins/event_listener.py for tasks to queue
[2025-07-20T16:29:02.983+0530] {logging_mixin.py:190} INFO - [2025-07-20T16:29:02.983+0530] {dagbag.py:588} INFO - Filling up the DagBag from /Users/parth/Desktop/Engine/venv/lib/python3.11/site-packages/airflow/example_dags/plugins/event_listener.py
[2025-07-20T16:29:02.984+0530] {processor.py:927} WARNING - No viable dags retrieved from /Users/parth/Desktop/Engine/venv/lib/python3.11/site-packages/airflow/example_dags/plugins/event_listener.py
[2025-07-20T16:29:03.043+0530] {processor.py:208} INFO - Processing /Users/parth/Desktop/Engine/venv/lib/python3.11/site-packages/airflow/example_dags/plugins/event_listener.py took 0.064 seconds
[2025-07-20T16:31:09.626+0530] {processor.py:186} INFO - Started process (PID=39198) to work on /Users/parth/Desktop/Engine/venv/lib/python3.11/site-packages/airflow/example_dags/plugins/event_listener.py
[2025-07-20T16:31:09.628+0530] {processor.py:914} INFO - Processing file /Users/parth/Desktop/Engine/venv/lib/python3.11/site-packages/airflow/example_dags/plugins/event_listener.py for tasks to queue
[2025-07-20T16:31:09.630+0530] {logging_mixin.py:190} INFO - [2025-07-20T16:31:09.630+0530] {dagbag.py:588} INFO - Filling up the DagBag from /Users/parth/Desktop/Engine/venv/lib/python3.11/site-packages/airflow/example_dags/plugins/event_listener.py
[2025-07-20T16:31:09.632+0530] {processor.py:927} WARNING - No viable dags retrieved from /Users/parth/Desktop/Engine/venv/lib/python3.11/site-packages/airflow/example_dags/plugins/event_listener.py
[2025-07-20T16:31:09.692+0530] {processor.py:208} INFO - Processing /Users/parth/Desktop/Engine/venv/lib/python3.11/site-packages/airflow/example_dags/plugins/event_listener.py took 0.073 seconds
