[2025-07-20T16:19:35.745+0530] {processor.py:186} INFO - Started process (PID=34332) to work on /Users/parth/Desktop/Engine/venv/lib/python3.11/site-packages/airflow/example_dags/plugins/workday.py
[2025-07-20T16:19:35.745+0530] {processor.py:914} INFO - Processing file /Users/parth/Desktop/Engine/venv/lib/python3.11/site-packages/airflow/example_dags/plugins/workday.py for tasks to queue
[2025-07-20T16:19:35.746+0530] {logging_mixin.py:190} INFO - [2025-07-20T16:19:35.746+0530] {dagbag.py:588} INFO - Filling up the DagBag from /Users/parth/Desktop/Engine/venv/lib/python3.11/site-packages/airflow/example_dags/plugins/workday.py
[2025-07-20T16:19:36.438+0530] {processor.py:927} WARNING - No viable dags retrieved from /Users/parth/Desktop/Engine/venv/lib/python3.11/site-packages/airflow/example_dags/plugins/workday.py
[2025-07-20T16:19:36.496+0530] {processor.py:208} INFO - Processing /Users/parth/Desktop/Engine/venv/lib/python3.11/site-packages/airflow/example_dags/plugins/workday.py took 0.753 seconds
[2025-07-20T16:22:13.941+0530] {processor.py:186} INFO - Started process (PID=35382) to work on /Users/parth/Desktop/Engine/venv/lib/python3.11/site-packages/airflow/example_dags/plugins/workday.py
[2025-07-20T16:22:13.942+0530] {processor.py:914} INFO - Processing file /Users/parth/Desktop/Engine/venv/lib/python3.11/site-packages/airflow/example_dags/plugins/workday.py for tasks to queue
[2025-07-20T16:22:13.942+0530] {logging_mixin.py:190} INFO - [2025-07-20T16:22:13.942+0530] {dagbag.py:588} INFO - Filling up the DagBag from /Users/parth/Desktop/Engine/venv/lib/python3.11/site-packages/airflow/example_dags/plugins/workday.py
[2025-07-20T16:22:14.490+0530] {processor.py:927} WARNING - No viable dags retrieved from /Users/parth/Desktop/Engine/venv/lib/python3.11/site-packages/airflow/example_dags/plugins/workday.py
[2025-07-20T16:22:14.548+0530] {processor.py:208} INFO - Processing /Users/parth/Desktop/Engine/venv/lib/python3.11/site-packages/airflow/example_dags/plugins/workday.py took 0.610 seconds
[2025-07-20T16:24:39.042+0530] {processor.py:186} INFO - Started process (PID=36410) to work on /Users/parth/Desktop/Engine/venv/lib/python3.11/site-packages/airflow/example_dags/plugins/workday.py
[2025-07-20T16:24:39.043+0530] {processor.py:914} INFO - Processing file /Users/parth/Desktop/Engine/venv/lib/python3.11/site-packages/airflow/example_dags/plugins/workday.py for tasks to queue
[2025-07-20T16:24:39.044+0530] {logging_mixin.py:190} INFO - [2025-07-20T16:24:39.043+0530] {dagbag.py:588} INFO - Filling up the DagBag from /Users/parth/Desktop/Engine/venv/lib/python3.11/site-packages/airflow/example_dags/plugins/workday.py
[2025-07-20T16:24:39.553+0530] {processor.py:927} WARNING - No viable dags retrieved from /Users/parth/Desktop/Engine/venv/lib/python3.11/site-packages/airflow/example_dags/plugins/workday.py
[2025-07-20T16:24:39.611+0530] {processor.py:208} INFO - Processing /Users/parth/Desktop/Engine/venv/lib/python3.11/site-packages/airflow/example_dags/plugins/workday.py took 0.571 seconds
[2025-07-20T16:26:50.438+0530] {processor.py:186} INFO - Started process (PID=37303) to work on /Users/parth/Desktop/Engine/venv/lib/python3.11/site-packages/airflow/example_dags/plugins/workday.py
[2025-07-20T16:26:50.439+0530] {processor.py:914} INFO - Processing file /Users/parth/Desktop/Engine/venv/lib/python3.11/site-packages/airflow/example_dags/plugins/workday.py for tasks to queue
[2025-07-20T16:26:50.439+0530] {logging_mixin.py:190} INFO - [2025-07-20T16:26:50.439+0530] {dagbag.py:588} INFO - Filling up the DagBag from /Users/parth/Desktop/Engine/venv/lib/python3.11/site-packages/airflow/example_dags/plugins/workday.py
[2025-07-20T16:26:50.916+0530] {processor.py:927} WARNING - No viable dags retrieved from /Users/parth/Desktop/Engine/venv/lib/python3.11/site-packages/airflow/example_dags/plugins/workday.py
[2025-07-20T16:26:50.972+0530] {processor.py:208} INFO - Processing /Users/parth/Desktop/Engine/venv/lib/python3.11/site-packages/airflow/example_dags/plugins/workday.py took 0.536 seconds
[2025-07-20T16:28:56.607+0530] {processor.py:186} INFO - Started process (PID=38175) to work on /Users/parth/Desktop/Engine/venv/lib/python3.11/site-packages/airflow/example_dags/plugins/workday.py
[2025-07-20T16:28:56.608+0530] {processor.py:914} INFO - Processing file /Users/parth/Desktop/Engine/venv/lib/python3.11/site-packages/airflow/example_dags/plugins/workday.py for tasks to queue
[2025-07-20T16:28:56.609+0530] {logging_mixin.py:190} INFO - [2025-07-20T16:28:56.608+0530] {dagbag.py:588} INFO - Filling up the DagBag from /Users/parth/Desktop/Engine/venv/lib/python3.11/site-packages/airflow/example_dags/plugins/workday.py
[2025-07-20T16:28:57.352+0530] {processor.py:927} WARNING - No viable dags retrieved from /Users/parth/Desktop/Engine/venv/lib/python3.11/site-packages/airflow/example_dags/plugins/workday.py
[2025-07-20T16:28:57.420+0530] {processor.py:208} INFO - Processing /Users/parth/Desktop/Engine/venv/lib/python3.11/site-packages/airflow/example_dags/plugins/workday.py took 0.815 seconds
[2025-07-20T16:31:03.749+0530] {processor.py:186} INFO - Started process (PID=39153) to work on /Users/parth/Desktop/Engine/venv/lib/python3.11/site-packages/airflow/example_dags/plugins/workday.py
[2025-07-20T16:31:03.751+0530] {processor.py:914} INFO - Processing file /Users/parth/Desktop/Engine/venv/lib/python3.11/site-packages/airflow/example_dags/plugins/workday.py for tasks to queue
[2025-07-20T16:31:03.751+0530] {logging_mixin.py:190} INFO - [2025-07-20T16:31:03.751+0530] {dagbag.py:588} INFO - Filling up the DagBag from /Users/parth/Desktop/Engine/venv/lib/python3.11/site-packages/airflow/example_dags/plugins/workday.py
[2025-07-20T16:31:04.319+0530] {processor.py:927} WARNING - No viable dags retrieved from /Users/parth/Desktop/Engine/venv/lib/python3.11/site-packages/airflow/example_dags/plugins/workday.py
[2025-07-20T16:31:04.376+0530] {processor.py:208} INFO - Processing /Users/parth/Desktop/Engine/venv/lib/python3.11/site-packages/airflow/example_dags/plugins/workday.py took 0.630 seconds
[2025-07-20T16:33:18.743+0530] {processor.py:186} INFO - Started process (PID=40102) to work on /Users/parth/Desktop/Engine/venv/lib/python3.11/site-packages/airflow/example_dags/plugins/workday.py
[2025-07-20T16:33:18.744+0530] {processor.py:914} INFO - Processing file /Users/parth/Desktop/Engine/venv/lib/python3.11/site-packages/airflow/example_dags/plugins/workday.py for tasks to queue
[2025-07-20T16:33:18.745+0530] {logging_mixin.py:190} INFO - [2025-07-20T16:33:18.745+0530] {dagbag.py:588} INFO - Filling up the DagBag from /Users/parth/Desktop/Engine/venv/lib/python3.11/site-packages/airflow/example_dags/plugins/workday.py
[2025-07-20T16:33:19.250+0530] {processor.py:927} WARNING - No viable dags retrieved from /Users/parth/Desktop/Engine/venv/lib/python3.11/site-packages/airflow/example_dags/plugins/workday.py
[2025-07-20T16:33:19.307+0530] {processor.py:208} INFO - Processing /Users/parth/Desktop/Engine/venv/lib/python3.11/site-packages/airflow/example_dags/plugins/workday.py took 0.567 seconds
[2025-07-20T16:35:36.571+0530] {processor.py:186} INFO - Started process (PID=41063) to work on /Users/parth/Desktop/Engine/venv/lib/python3.11/site-packages/airflow/example_dags/plugins/workday.py
[2025-07-20T16:35:36.571+0530] {processor.py:914} INFO - Processing file /Users/parth/Desktop/Engine/venv/lib/python3.11/site-packages/airflow/example_dags/plugins/workday.py for tasks to queue
[2025-07-20T16:35:36.572+0530] {logging_mixin.py:190} INFO - [2025-07-20T16:35:36.572+0530] {dagbag.py:588} INFO - Filling up the DagBag from /Users/parth/Desktop/Engine/venv/lib/python3.11/site-packages/airflow/example_dags/plugins/workday.py
[2025-07-20T16:35:37.101+0530] {processor.py:927} WARNING - No viable dags retrieved from /Users/parth/Desktop/Engine/venv/lib/python3.11/site-packages/airflow/example_dags/plugins/workday.py
[2025-07-20T16:35:37.160+0530] {processor.py:208} INFO - Processing /Users/parth/Desktop/Engine/venv/lib/python3.11/site-packages/airflow/example_dags/plugins/workday.py took 0.591 seconds
[2025-07-20T16:37:50.965+0530] {processor.py:186} INFO - Started process (PID=41945) to work on /Users/parth/Desktop/Engine/venv/lib/python3.11/site-packages/airflow/example_dags/plugins/workday.py
[2025-07-20T16:37:50.967+0530] {processor.py:914} INFO - Processing file /Users/parth/Desktop/Engine/venv/lib/python3.11/site-packages/airflow/example_dags/plugins/workday.py for tasks to queue
[2025-07-20T16:37:50.967+0530] {logging_mixin.py:190} INFO - [2025-07-20T16:37:50.967+0530] {dagbag.py:588} INFO - Filling up the DagBag from /Users/parth/Desktop/Engine/venv/lib/python3.11/site-packages/airflow/example_dags/plugins/workday.py
[2025-07-20T16:37:51.515+0530] {processor.py:927} WARNING - No viable dags retrieved from /Users/parth/Desktop/Engine/venv/lib/python3.11/site-packages/airflow/example_dags/plugins/workday.py
[2025-07-20T16:37:51.574+0530] {processor.py:208} INFO - Processing /Users/parth/Desktop/Engine/venv/lib/python3.11/site-packages/airflow/example_dags/plugins/workday.py took 0.615 seconds
[2025-07-20T16:40:07.931+0530] {processor.py:186} INFO - Started process (PID=42848) to work on /Users/parth/Desktop/Engine/venv/lib/python3.11/site-packages/airflow/example_dags/plugins/workday.py
[2025-07-20T16:40:07.932+0530] {processor.py:914} INFO - Processing file /Users/parth/Desktop/Engine/venv/lib/python3.11/site-packages/airflow/example_dags/plugins/workday.py for tasks to queue
[2025-07-20T16:40:07.933+0530] {logging_mixin.py:190} INFO - [2025-07-20T16:40:07.933+0530] {dagbag.py:588} INFO - Filling up the DagBag from /Users/parth/Desktop/Engine/venv/lib/python3.11/site-packages/airflow/example_dags/plugins/workday.py
[2025-07-20T16:40:08.416+0530] {processor.py:927} WARNING - No viable dags retrieved from /Users/parth/Desktop/Engine/venv/lib/python3.11/site-packages/airflow/example_dags/plugins/workday.py
[2025-07-20T16:40:08.473+0530] {processor.py:208} INFO - Processing /Users/parth/Desktop/Engine/venv/lib/python3.11/site-packages/airflow/example_dags/plugins/workday.py took 0.544 seconds
[2025-07-20T16:42:16.322+0530] {processor.py:186} INFO - Started process (PID=43656) to work on /Users/parth/Desktop/Engine/venv/lib/python3.11/site-packages/airflow/example_dags/plugins/workday.py
[2025-07-20T16:42:16.323+0530] {processor.py:914} INFO - Processing file /Users/parth/Desktop/Engine/venv/lib/python3.11/site-packages/airflow/example_dags/plugins/workday.py for tasks to queue
[2025-07-20T16:42:16.324+0530] {logging_mixin.py:190} INFO - [2025-07-20T16:42:16.323+0530] {dagbag.py:588} INFO - Filling up the DagBag from /Users/parth/Desktop/Engine/venv/lib/python3.11/site-packages/airflow/example_dags/plugins/workday.py
[2025-07-20T16:42:16.950+0530] {processor.py:927} WARNING - No viable dags retrieved from /Users/parth/Desktop/Engine/venv/lib/python3.11/site-packages/airflow/example_dags/plugins/workday.py
[2025-07-20T16:42:17.008+0530] {processor.py:208} INFO - Processing /Users/parth/Desktop/Engine/venv/lib/python3.11/site-packages/airflow/example_dags/plugins/workday.py took 0.688 seconds
[2025-07-20T16:44:21.082+0530] {processor.py:186} INFO - Started process (PID=44463) to work on /Users/parth/Desktop/Engine/venv/lib/python3.11/site-packages/airflow/example_dags/plugins/workday.py
[2025-07-20T16:44:21.083+0530] {processor.py:914} INFO - Processing file /Users/parth/Desktop/Engine/venv/lib/python3.11/site-packages/airflow/example_dags/plugins/workday.py for tasks to queue
[2025-07-20T16:44:21.084+0530] {logging_mixin.py:190} INFO - [2025-07-20T16:44:21.084+0530] {dagbag.py:588} INFO - Filling up the DagBag from /Users/parth/Desktop/Engine/venv/lib/python3.11/site-packages/airflow/example_dags/plugins/workday.py
[2025-07-20T16:44:21.611+0530] {processor.py:927} WARNING - No viable dags retrieved from /Users/parth/Desktop/Engine/venv/lib/python3.11/site-packages/airflow/example_dags/plugins/workday.py
[2025-07-20T16:44:21.670+0530] {processor.py:208} INFO - Processing /Users/parth/Desktop/Engine/venv/lib/python3.11/site-packages/airflow/example_dags/plugins/workday.py took 0.590 seconds
[2025-07-20T16:46:27.997+0530] {processor.py:186} INFO - Started process (PID=45283) to work on /Users/parth/Desktop/Engine/venv/lib/python3.11/site-packages/airflow/example_dags/plugins/workday.py
[2025-07-20T16:46:27.998+0530] {processor.py:914} INFO - Processing file /Users/parth/Desktop/Engine/venv/lib/python3.11/site-packages/airflow/example_dags/plugins/workday.py for tasks to queue
[2025-07-20T16:46:27.999+0530] {logging_mixin.py:190} INFO - [2025-07-20T16:46:27.999+0530] {dagbag.py:588} INFO - Filling up the DagBag from /Users/parth/Desktop/Engine/venv/lib/python3.11/site-packages/airflow/example_dags/plugins/workday.py
[2025-07-20T16:46:28.526+0530] {processor.py:927} WARNING - No viable dags retrieved from /Users/parth/Desktop/Engine/venv/lib/python3.11/site-packages/airflow/example_dags/plugins/workday.py
[2025-07-20T16:46:28.582+0530] {processor.py:208} INFO - Processing /Users/parth/Desktop/Engine/venv/lib/python3.11/site-packages/airflow/example_dags/plugins/workday.py took 0.587 seconds
[2025-07-20T16:48:26.498+0530] {processor.py:186} INFO - Started process (PID=46052) to work on /Users/parth/Desktop/Engine/venv/lib/python3.11/site-packages/airflow/example_dags/plugins/workday.py
[2025-07-20T16:48:26.499+0530] {processor.py:914} INFO - Processing file /Users/parth/Desktop/Engine/venv/lib/python3.11/site-packages/airflow/example_dags/plugins/workday.py for tasks to queue
[2025-07-20T16:48:26.500+0530] {logging_mixin.py:190} INFO - [2025-07-20T16:48:26.500+0530] {dagbag.py:588} INFO - Filling up the DagBag from /Users/parth/Desktop/Engine/venv/lib/python3.11/site-packages/airflow/example_dags/plugins/workday.py
[2025-07-20T16:48:26.940+0530] {processor.py:927} WARNING - No viable dags retrieved from /Users/parth/Desktop/Engine/venv/lib/python3.11/site-packages/airflow/example_dags/plugins/workday.py
[2025-07-20T16:48:26.996+0530] {processor.py:208} INFO - Processing /Users/parth/Desktop/Engine/venv/lib/python3.11/site-packages/airflow/example_dags/plugins/workday.py took 0.500 seconds
[2025-07-20T16:50:23.048+0530] {processor.py:186} INFO - Started process (PID=46841) to work on /Users/parth/Desktop/Engine/venv/lib/python3.11/site-packages/airflow/example_dags/plugins/workday.py
[2025-07-20T16:50:23.048+0530] {processor.py:914} INFO - Processing file /Users/parth/Desktop/Engine/venv/lib/python3.11/site-packages/airflow/example_dags/plugins/workday.py for tasks to queue
[2025-07-20T16:50:23.049+0530] {logging_mixin.py:190} INFO - [2025-07-20T16:50:23.049+0530] {dagbag.py:588} INFO - Filling up the DagBag from /Users/parth/Desktop/Engine/venv/lib/python3.11/site-packages/airflow/example_dags/plugins/workday.py
[2025-07-20T16:50:23.488+0530] {processor.py:927} WARNING - No viable dags retrieved from /Users/parth/Desktop/Engine/venv/lib/python3.11/site-packages/airflow/example_dags/plugins/workday.py
[2025-07-20T16:50:23.544+0530] {processor.py:208} INFO - Processing /Users/parth/Desktop/Engine/venv/lib/python3.11/site-packages/airflow/example_dags/plugins/workday.py took 0.498 seconds
[2025-07-20T16:52:12.709+0530] {processor.py:186} INFO - Started process (PID=47572) to work on /Users/parth/Desktop/Engine/venv/lib/python3.11/site-packages/airflow/example_dags/plugins/workday.py
[2025-07-20T16:52:12.710+0530] {processor.py:914} INFO - Processing file /Users/parth/Desktop/Engine/venv/lib/python3.11/site-packages/airflow/example_dags/plugins/workday.py for tasks to queue
[2025-07-20T16:52:12.711+0530] {logging_mixin.py:190} INFO - [2025-07-20T16:52:12.711+0530] {dagbag.py:588} INFO - Filling up the DagBag from /Users/parth/Desktop/Engine/venv/lib/python3.11/site-packages/airflow/example_dags/plugins/workday.py
[2025-07-20T16:52:13.153+0530] {processor.py:927} WARNING - No viable dags retrieved from /Users/parth/Desktop/Engine/venv/lib/python3.11/site-packages/airflow/example_dags/plugins/workday.py
[2025-07-20T16:52:13.209+0530] {processor.py:208} INFO - Processing /Users/parth/Desktop/Engine/venv/lib/python3.11/site-packages/airflow/example_dags/plugins/workday.py took 0.502 seconds
[2025-07-20T17:51:42.463+0530] {processor.py:186} INFO - Started process (PID=48368) to work on /Users/parth/Desktop/Engine/venv/lib/python3.11/site-packages/airflow/example_dags/plugins/workday.py
[2025-07-20T17:51:42.464+0530] {processor.py:914} INFO - Processing file /Users/parth/Desktop/Engine/venv/lib/python3.11/site-packages/airflow/example_dags/plugins/workday.py for tasks to queue
[2025-07-20T17:51:42.465+0530] {logging_mixin.py:190} INFO - [2025-07-20T17:51:42.464+0530] {dagbag.py:588} INFO - Filling up the DagBag from /Users/parth/Desktop/Engine/venv/lib/python3.11/site-packages/airflow/example_dags/plugins/workday.py
[2025-07-20T17:51:42.973+0530] {processor.py:927} WARNING - No viable dags retrieved from /Users/parth/Desktop/Engine/venv/lib/python3.11/site-packages/airflow/example_dags/plugins/workday.py
[2025-07-20T17:51:43.030+0530] {processor.py:208} INFO - Processing /Users/parth/Desktop/Engine/venv/lib/python3.11/site-packages/airflow/example_dags/plugins/workday.py took 0.569 seconds
[2025-07-20T17:53:41.879+0530] {processor.py:186} INFO - Started process (PID=49148) to work on /Users/parth/Desktop/Engine/venv/lib/python3.11/site-packages/airflow/example_dags/plugins/workday.py
[2025-07-20T17:53:41.880+0530] {processor.py:914} INFO - Processing file /Users/parth/Desktop/Engine/venv/lib/python3.11/site-packages/airflow/example_dags/plugins/workday.py for tasks to queue
[2025-07-20T17:53:41.881+0530] {logging_mixin.py:190} INFO - [2025-07-20T17:53:41.881+0530] {dagbag.py:588} INFO - Filling up the DagBag from /Users/parth/Desktop/Engine/venv/lib/python3.11/site-packages/airflow/example_dags/plugins/workday.py
[2025-07-20T17:53:42.336+0530] {processor.py:927} WARNING - No viable dags retrieved from /Users/parth/Desktop/Engine/venv/lib/python3.11/site-packages/airflow/example_dags/plugins/workday.py
[2025-07-20T17:53:42.394+0530] {processor.py:208} INFO - Processing /Users/parth/Desktop/Engine/venv/lib/python3.11/site-packages/airflow/example_dags/plugins/workday.py took 0.518 seconds
[2025-07-20T17:55:43.775+0530] {processor.py:186} INFO - Started process (PID=49919) to work on /Users/parth/Desktop/Engine/venv/lib/python3.11/site-packages/airflow/example_dags/plugins/workday.py
[2025-07-20T17:55:43.777+0530] {processor.py:914} INFO - Processing file /Users/parth/Desktop/Engine/venv/lib/python3.11/site-packages/airflow/example_dags/plugins/workday.py for tasks to queue
[2025-07-20T17:55:43.777+0530] {logging_mixin.py:190} INFO - [2025-07-20T17:55:43.777+0530] {dagbag.py:588} INFO - Filling up the DagBag from /Users/parth/Desktop/Engine/venv/lib/python3.11/site-packages/airflow/example_dags/plugins/workday.py
[2025-07-20T17:55:44.255+0530] {processor.py:927} WARNING - No viable dags retrieved from /Users/parth/Desktop/Engine/venv/lib/python3.11/site-packages/airflow/example_dags/plugins/workday.py
[2025-07-20T17:55:44.311+0530] {processor.py:208} INFO - Processing /Users/parth/Desktop/Engine/venv/lib/python3.11/site-packages/airflow/example_dags/plugins/workday.py took 0.538 seconds
[2025-07-20T17:57:30.569+0530] {processor.py:186} INFO - Started process (PID=50608) to work on /Users/parth/Desktop/Engine/venv/lib/python3.11/site-packages/airflow/example_dags/plugins/workday.py
[2025-07-20T17:57:30.570+0530] {processor.py:914} INFO - Processing file /Users/parth/Desktop/Engine/venv/lib/python3.11/site-packages/airflow/example_dags/plugins/workday.py for tasks to queue
[2025-07-20T17:57:30.571+0530] {logging_mixin.py:190} INFO - [2025-07-20T17:57:30.571+0530] {dagbag.py:588} INFO - Filling up the DagBag from /Users/parth/Desktop/Engine/venv/lib/python3.11/site-packages/airflow/example_dags/plugins/workday.py
[2025-07-20T17:57:31.028+0530] {processor.py:927} WARNING - No viable dags retrieved from /Users/parth/Desktop/Engine/venv/lib/python3.11/site-packages/airflow/example_dags/plugins/workday.py
[2025-07-20T17:57:31.085+0530] {processor.py:208} INFO - Processing /Users/parth/Desktop/Engine/venv/lib/python3.11/site-packages/airflow/example_dags/plugins/workday.py took 0.519 seconds
[2025-07-20T17:59:23.726+0530] {processor.py:186} INFO - Started process (PID=51338) to work on /Users/parth/Desktop/Engine/venv/lib/python3.11/site-packages/airflow/example_dags/plugins/workday.py
[2025-07-20T17:59:23.727+0530] {processor.py:914} INFO - Processing file /Users/parth/Desktop/Engine/venv/lib/python3.11/site-packages/airflow/example_dags/plugins/workday.py for tasks to queue
[2025-07-20T17:59:23.728+0530] {logging_mixin.py:190} INFO - [2025-07-20T17:59:23.728+0530] {dagbag.py:588} INFO - Filling up the DagBag from /Users/parth/Desktop/Engine/venv/lib/python3.11/site-packages/airflow/example_dags/plugins/workday.py
[2025-07-20T17:59:24.170+0530] {processor.py:927} WARNING - No viable dags retrieved from /Users/parth/Desktop/Engine/venv/lib/python3.11/site-packages/airflow/example_dags/plugins/workday.py
[2025-07-20T17:59:24.226+0530] {processor.py:208} INFO - Processing /Users/parth/Desktop/Engine/venv/lib/python3.11/site-packages/airflow/example_dags/plugins/workday.py took 0.503 seconds
[2025-07-20T18:01:19.963+0530] {processor.py:186} INFO - Started process (PID=52077) to work on /Users/parth/Desktop/Engine/venv/lib/python3.11/site-packages/airflow/example_dags/plugins/workday.py
[2025-07-20T18:01:19.965+0530] {processor.py:914} INFO - Processing file /Users/parth/Desktop/Engine/venv/lib/python3.11/site-packages/airflow/example_dags/plugins/workday.py for tasks to queue
[2025-07-20T18:01:19.965+0530] {logging_mixin.py:190} INFO - [2025-07-20T18:01:19.965+0530] {dagbag.py:588} INFO - Filling up the DagBag from /Users/parth/Desktop/Engine/venv/lib/python3.11/site-packages/airflow/example_dags/plugins/workday.py
[2025-07-20T18:01:20.410+0530] {processor.py:927} WARNING - No viable dags retrieved from /Users/parth/Desktop/Engine/venv/lib/python3.11/site-packages/airflow/example_dags/plugins/workday.py
[2025-07-20T18:01:20.465+0530] {processor.py:208} INFO - Processing /Users/parth/Desktop/Engine/venv/lib/python3.11/site-packages/airflow/example_dags/plugins/workday.py took 0.504 seconds
[2025-07-20T18:03:19.755+0530] {processor.py:186} INFO - Started process (PID=52849) to work on /Users/parth/Desktop/Engine/venv/lib/python3.11/site-packages/airflow/example_dags/plugins/workday.py
[2025-07-20T18:03:19.756+0530] {processor.py:914} INFO - Processing file /Users/parth/Desktop/Engine/venv/lib/python3.11/site-packages/airflow/example_dags/plugins/workday.py for tasks to queue
[2025-07-20T18:03:19.757+0530] {logging_mixin.py:190} INFO - [2025-07-20T18:03:19.757+0530] {dagbag.py:588} INFO - Filling up the DagBag from /Users/parth/Desktop/Engine/venv/lib/python3.11/site-packages/airflow/example_dags/plugins/workday.py
[2025-07-20T18:03:20.205+0530] {processor.py:927} WARNING - No viable dags retrieved from /Users/parth/Desktop/Engine/venv/lib/python3.11/site-packages/airflow/example_dags/plugins/workday.py
[2025-07-20T18:03:20.265+0530] {processor.py:208} INFO - Processing /Users/parth/Desktop/Engine/venv/lib/python3.11/site-packages/airflow/example_dags/plugins/workday.py took 0.512 seconds
[2025-07-20T18:05:14.633+0530] {processor.py:186} INFO - Started process (PID=53585) to work on /Users/parth/Desktop/Engine/venv/lib/python3.11/site-packages/airflow/example_dags/plugins/workday.py
[2025-07-20T18:05:14.634+0530] {processor.py:914} INFO - Processing file /Users/parth/Desktop/Engine/venv/lib/python3.11/site-packages/airflow/example_dags/plugins/workday.py for tasks to queue
[2025-07-20T18:05:14.635+0530] {logging_mixin.py:190} INFO - [2025-07-20T18:05:14.635+0530] {dagbag.py:588} INFO - Filling up the DagBag from /Users/parth/Desktop/Engine/venv/lib/python3.11/site-packages/airflow/example_dags/plugins/workday.py
[2025-07-20T18:05:15.103+0530] {processor.py:927} WARNING - No viable dags retrieved from /Users/parth/Desktop/Engine/venv/lib/python3.11/site-packages/airflow/example_dags/plugins/workday.py
[2025-07-20T18:05:15.158+0530] {processor.py:208} INFO - Processing /Users/parth/Desktop/Engine/venv/lib/python3.11/site-packages/airflow/example_dags/plugins/workday.py took 0.528 seconds
[2025-07-20T18:07:07.853+0530] {processor.py:186} INFO - Started process (PID=54315) to work on /Users/parth/Desktop/Engine/venv/lib/python3.11/site-packages/airflow/example_dags/plugins/workday.py
[2025-07-20T18:07:07.854+0530] {processor.py:914} INFO - Processing file /Users/parth/Desktop/Engine/venv/lib/python3.11/site-packages/airflow/example_dags/plugins/workday.py for tasks to queue
[2025-07-20T18:07:07.855+0530] {logging_mixin.py:190} INFO - [2025-07-20T18:07:07.854+0530] {dagbag.py:588} INFO - Filling up the DagBag from /Users/parth/Desktop/Engine/venv/lib/python3.11/site-packages/airflow/example_dags/plugins/workday.py
[2025-07-20T18:07:08.302+0530] {processor.py:927} WARNING - No viable dags retrieved from /Users/parth/Desktop/Engine/venv/lib/python3.11/site-packages/airflow/example_dags/plugins/workday.py
[2025-07-20T18:07:08.357+0530] {processor.py:208} INFO - Processing /Users/parth/Desktop/Engine/venv/lib/python3.11/site-packages/airflow/example_dags/plugins/workday.py took 0.506 seconds
[2025-07-20T18:22:26.121+0530] {processor.py:186} INFO - Started process (PID=55077) to work on /Users/parth/Desktop/Engine/venv/lib/python3.11/site-packages/airflow/example_dags/plugins/workday.py
[2025-07-20T18:22:26.122+0530] {processor.py:914} INFO - Processing file /Users/parth/Desktop/Engine/venv/lib/python3.11/site-packages/airflow/example_dags/plugins/workday.py for tasks to queue
[2025-07-20T18:22:26.123+0530] {logging_mixin.py:190} INFO - [2025-07-20T18:22:26.122+0530] {dagbag.py:588} INFO - Filling up the DagBag from /Users/parth/Desktop/Engine/venv/lib/python3.11/site-packages/airflow/example_dags/plugins/workday.py
[2025-07-20T18:22:26.596+0530] {processor.py:927} WARNING - No viable dags retrieved from /Users/parth/Desktop/Engine/venv/lib/python3.11/site-packages/airflow/example_dags/plugins/workday.py
[2025-07-20T18:22:26.652+0530] {processor.py:208} INFO - Processing /Users/parth/Desktop/Engine/venv/lib/python3.11/site-packages/airflow/example_dags/plugins/workday.py took 0.533 seconds
[2025-07-20T18:24:34.662+0530] {processor.py:186} INFO - Started process (PID=55906) to work on /Users/parth/Desktop/Engine/venv/lib/python3.11/site-packages/airflow/example_dags/plugins/workday.py
[2025-07-20T18:24:34.663+0530] {processor.py:914} INFO - Processing file /Users/parth/Desktop/Engine/venv/lib/python3.11/site-packages/airflow/example_dags/plugins/workday.py for tasks to queue
[2025-07-20T18:24:34.664+0530] {logging_mixin.py:190} INFO - [2025-07-20T18:24:34.664+0530] {dagbag.py:588} INFO - Filling up the DagBag from /Users/parth/Desktop/Engine/venv/lib/python3.11/site-packages/airflow/example_dags/plugins/workday.py
[2025-07-20T18:24:35.101+0530] {processor.py:927} WARNING - No viable dags retrieved from /Users/parth/Desktop/Engine/venv/lib/python3.11/site-packages/airflow/example_dags/plugins/workday.py
[2025-07-20T18:24:35.157+0530] {processor.py:208} INFO - Processing /Users/parth/Desktop/Engine/venv/lib/python3.11/site-packages/airflow/example_dags/plugins/workday.py took 0.497 seconds
[2025-07-20T18:26:17.964+0530] {processor.py:186} INFO - Started process (PID=56580) to work on /Users/parth/Desktop/Engine/venv/lib/python3.11/site-packages/airflow/example_dags/plugins/workday.py
[2025-07-20T18:26:17.965+0530] {processor.py:914} INFO - Processing file /Users/parth/Desktop/Engine/venv/lib/python3.11/site-packages/airflow/example_dags/plugins/workday.py for tasks to queue
[2025-07-20T18:26:17.966+0530] {logging_mixin.py:190} INFO - [2025-07-20T18:26:17.966+0530] {dagbag.py:588} INFO - Filling up the DagBag from /Users/parth/Desktop/Engine/venv/lib/python3.11/site-packages/airflow/example_dags/plugins/workday.py
[2025-07-20T18:26:18.404+0530] {processor.py:927} WARNING - No viable dags retrieved from /Users/parth/Desktop/Engine/venv/lib/python3.11/site-packages/airflow/example_dags/plugins/workday.py
[2025-07-20T18:26:18.460+0530] {processor.py:208} INFO - Processing /Users/parth/Desktop/Engine/venv/lib/python3.11/site-packages/airflow/example_dags/plugins/workday.py took 0.498 seconds
[2025-07-20T18:28:06.328+0530] {processor.py:186} INFO - Started process (PID=57275) to work on /Users/parth/Desktop/Engine/venv/lib/python3.11/site-packages/airflow/example_dags/plugins/workday.py
[2025-07-20T18:28:06.329+0530] {processor.py:914} INFO - Processing file /Users/parth/Desktop/Engine/venv/lib/python3.11/site-packages/airflow/example_dags/plugins/workday.py for tasks to queue
[2025-07-20T18:28:06.329+0530] {logging_mixin.py:190} INFO - [2025-07-20T18:28:06.329+0530] {dagbag.py:588} INFO - Filling up the DagBag from /Users/parth/Desktop/Engine/venv/lib/python3.11/site-packages/airflow/example_dags/plugins/workday.py
[2025-07-20T18:28:06.766+0530] {processor.py:927} WARNING - No viable dags retrieved from /Users/parth/Desktop/Engine/venv/lib/python3.11/site-packages/airflow/example_dags/plugins/workday.py
[2025-07-20T18:28:06.822+0530] {processor.py:208} INFO - Processing /Users/parth/Desktop/Engine/venv/lib/python3.11/site-packages/airflow/example_dags/plugins/workday.py took 0.497 seconds
[2025-07-20T18:30:00.873+0530] {processor.py:186} INFO - Started process (PID=58008) to work on /Users/parth/Desktop/Engine/venv/lib/python3.11/site-packages/airflow/example_dags/plugins/workday.py
[2025-07-20T18:30:00.874+0530] {processor.py:914} INFO - Processing file /Users/parth/Desktop/Engine/venv/lib/python3.11/site-packages/airflow/example_dags/plugins/workday.py for tasks to queue
[2025-07-20T18:30:00.875+0530] {logging_mixin.py:190} INFO - [2025-07-20T18:30:00.875+0530] {dagbag.py:588} INFO - Filling up the DagBag from /Users/parth/Desktop/Engine/venv/lib/python3.11/site-packages/airflow/example_dags/plugins/workday.py
[2025-07-20T18:30:01.310+0530] {processor.py:927} WARNING - No viable dags retrieved from /Users/parth/Desktop/Engine/venv/lib/python3.11/site-packages/airflow/example_dags/plugins/workday.py
[2025-07-20T18:30:01.365+0530] {processor.py:208} INFO - Processing /Users/parth/Desktop/Engine/venv/lib/python3.11/site-packages/airflow/example_dags/plugins/workday.py took 0.494 seconds
[2025-07-20T18:31:47.238+0530] {processor.py:186} INFO - Started process (PID=58698) to work on /Users/parth/Desktop/Engine/venv/lib/python3.11/site-packages/airflow/example_dags/plugins/workday.py
[2025-07-20T18:31:47.238+0530] {processor.py:914} INFO - Processing file /Users/parth/Desktop/Engine/venv/lib/python3.11/site-packages/airflow/example_dags/plugins/workday.py for tasks to queue
[2025-07-20T18:31:47.239+0530] {logging_mixin.py:190} INFO - [2025-07-20T18:31:47.239+0530] {dagbag.py:588} INFO - Filling up the DagBag from /Users/parth/Desktop/Engine/venv/lib/python3.11/site-packages/airflow/example_dags/plugins/workday.py
[2025-07-20T18:31:47.678+0530] {processor.py:927} WARNING - No viable dags retrieved from /Users/parth/Desktop/Engine/venv/lib/python3.11/site-packages/airflow/example_dags/plugins/workday.py
[2025-07-20T18:31:47.733+0530] {processor.py:208} INFO - Processing /Users/parth/Desktop/Engine/venv/lib/python3.11/site-packages/airflow/example_dags/plugins/workday.py took 0.498 seconds
[2025-07-20T18:40:30.848+0530] {processor.py:186} INFO - Started process (PID=59391) to work on /Users/parth/Desktop/Engine/venv/lib/python3.11/site-packages/airflow/example_dags/plugins/workday.py
[2025-07-20T18:40:30.849+0530] {processor.py:914} INFO - Processing file /Users/parth/Desktop/Engine/venv/lib/python3.11/site-packages/airflow/example_dags/plugins/workday.py for tasks to queue
[2025-07-20T18:40:30.850+0530] {logging_mixin.py:190} INFO - [2025-07-20T18:40:30.850+0530] {dagbag.py:588} INFO - Filling up the DagBag from /Users/parth/Desktop/Engine/venv/lib/python3.11/site-packages/airflow/example_dags/plugins/workday.py
[2025-07-20T18:40:31.288+0530] {processor.py:927} WARNING - No viable dags retrieved from /Users/parth/Desktop/Engine/venv/lib/python3.11/site-packages/airflow/example_dags/plugins/workday.py
[2025-07-20T18:40:31.345+0530] {processor.py:208} INFO - Processing /Users/parth/Desktop/Engine/venv/lib/python3.11/site-packages/airflow/example_dags/plugins/workday.py took 0.499 seconds
[2025-07-20T18:52:05.789+0530] {processor.py:186} INFO - Started process (PID=60054) to work on /Users/parth/Desktop/Engine/venv/lib/python3.11/site-packages/airflow/example_dags/plugins/workday.py
[2025-07-20T18:52:05.790+0530] {processor.py:914} INFO - Processing file /Users/parth/Desktop/Engine/venv/lib/python3.11/site-packages/airflow/example_dags/plugins/workday.py for tasks to queue
[2025-07-20T18:52:05.790+0530] {logging_mixin.py:190} INFO - [2025-07-20T18:52:05.790+0530] {dagbag.py:588} INFO - Filling up the DagBag from /Users/parth/Desktop/Engine/venv/lib/python3.11/site-packages/airflow/example_dags/plugins/workday.py
[2025-07-20T18:52:06.229+0530] {processor.py:927} WARNING - No viable dags retrieved from /Users/parth/Desktop/Engine/venv/lib/python3.11/site-packages/airflow/example_dags/plugins/workday.py
[2025-07-20T18:52:06.285+0530] {processor.py:208} INFO - Processing /Users/parth/Desktop/Engine/venv/lib/python3.11/site-packages/airflow/example_dags/plugins/workday.py took 0.498 seconds
[2025-07-20T18:54:05.617+0530] {processor.py:186} INFO - Started process (PID=60739) to work on /Users/parth/Desktop/Engine/venv/lib/python3.11/site-packages/airflow/example_dags/plugins/workday.py
[2025-07-20T18:54:05.618+0530] {processor.py:914} INFO - Processing file /Users/parth/Desktop/Engine/venv/lib/python3.11/site-packages/airflow/example_dags/plugins/workday.py for tasks to queue
[2025-07-20T18:54:05.618+0530] {logging_mixin.py:190} INFO - [2025-07-20T18:54:05.618+0530] {dagbag.py:588} INFO - Filling up the DagBag from /Users/parth/Desktop/Engine/venv/lib/python3.11/site-packages/airflow/example_dags/plugins/workday.py
[2025-07-20T18:54:06.055+0530] {processor.py:927} WARNING - No viable dags retrieved from /Users/parth/Desktop/Engine/venv/lib/python3.11/site-packages/airflow/example_dags/plugins/workday.py
[2025-07-20T18:54:06.112+0530] {processor.py:208} INFO - Processing /Users/parth/Desktop/Engine/venv/lib/python3.11/site-packages/airflow/example_dags/plugins/workday.py took 0.497 seconds
[2025-07-20T19:09:30.682+0530] {processor.py:186} INFO - Started process (PID=61426) to work on /Users/parth/Desktop/Engine/venv/lib/python3.11/site-packages/airflow/example_dags/plugins/workday.py
[2025-07-20T19:09:30.683+0530] {processor.py:914} INFO - Processing file /Users/parth/Desktop/Engine/venv/lib/python3.11/site-packages/airflow/example_dags/plugins/workday.py for tasks to queue
[2025-07-20T19:09:30.683+0530] {logging_mixin.py:190} INFO - [2025-07-20T19:09:30.683+0530] {dagbag.py:588} INFO - Filling up the DagBag from /Users/parth/Desktop/Engine/venv/lib/python3.11/site-packages/airflow/example_dags/plugins/workday.py
[2025-07-20T19:09:31.122+0530] {processor.py:927} WARNING - No viable dags retrieved from /Users/parth/Desktop/Engine/venv/lib/python3.11/site-packages/airflow/example_dags/plugins/workday.py
[2025-07-20T19:09:31.177+0530] {processor.py:208} INFO - Processing /Users/parth/Desktop/Engine/venv/lib/python3.11/site-packages/airflow/example_dags/plugins/workday.py took 0.498 seconds
[2025-07-20T19:14:59.096+0530] {processor.py:186} INFO - Started process (PID=62130) to work on /Users/parth/Desktop/Engine/venv/lib/python3.11/site-packages/airflow/example_dags/plugins/workday.py
[2025-07-20T19:14:59.097+0530] {processor.py:914} INFO - Processing file /Users/parth/Desktop/Engine/venv/lib/python3.11/site-packages/airflow/example_dags/plugins/workday.py for tasks to queue
[2025-07-20T19:14:59.097+0530] {logging_mixin.py:190} INFO - [2025-07-20T19:14:59.097+0530] {dagbag.py:588} INFO - Filling up the DagBag from /Users/parth/Desktop/Engine/venv/lib/python3.11/site-packages/airflow/example_dags/plugins/workday.py
[2025-07-20T19:14:59.538+0530] {processor.py:927} WARNING - No viable dags retrieved from /Users/parth/Desktop/Engine/venv/lib/python3.11/site-packages/airflow/example_dags/plugins/workday.py
[2025-07-20T19:14:59.594+0530] {processor.py:208} INFO - Processing /Users/parth/Desktop/Engine/venv/lib/python3.11/site-packages/airflow/example_dags/plugins/workday.py took 0.500 seconds
