[2025-07-20T16:20:31.166+0530] {processor.py:186} INFO - Started process (PID=34701) to work on /Users/parth/Desktop/Engine/venv/lib/python3.11/site-packages/airflow/example_dags/example_short_circuit_operator.py
[2025-07-20T16:20:31.167+0530] {processor.py:914} INFO - Processing file /Users/parth/Desktop/Engine/venv/lib/python3.11/site-packages/airflow/example_dags/example_short_circuit_operator.py for tasks to queue
[2025-07-20T16:20:31.168+0530] {logging_mixin.py:190} INFO - [2025-07-20T16:20:31.168+0530] {dagbag.py:588} INFO - Filling up the DagBag from /Users/parth/Desktop/Engine/venv/lib/python3.11/site-packages/airflow/example_dags/example_short_circuit_operator.py
[2025-07-20T16:20:31.188+0530] {processor.py:925} INFO - DAG(s) 'example_short_circuit_operator' retrieved from /Users/parth/Desktop/Engine/venv/lib/python3.11/site-packages/airflow/example_dags/example_short_circuit_operator.py
[2025-07-20T16:20:31.250+0530] {logging_mixin.py:190} INFO - [2025-07-20T16:20:31.250+0530] {dag.py:3239} INFO - Sync 1 DAGs
[2025-07-20T16:20:31.256+0530] {logging_mixin.py:190} INFO - [2025-07-20T16:20:31.256+0530] {dag.py:4180} INFO - Setting next_dagrun for example_short_circuit_operator to None, run_after=None
[2025-07-20T16:20:31.268+0530] {processor.py:208} INFO - Processing /Users/parth/Desktop/Engine/venv/lib/python3.11/site-packages/airflow/example_dags/example_short_circuit_operator.py took 0.104 seconds
[2025-07-20T16:23:20.741+0530] {processor.py:186} INFO - Started process (PID=35846) to work on /Users/parth/Desktop/Engine/venv/lib/python3.11/site-packages/airflow/example_dags/example_short_circuit_operator.py
[2025-07-20T16:23:20.742+0530] {processor.py:914} INFO - Processing file /Users/parth/Desktop/Engine/venv/lib/python3.11/site-packages/airflow/example_dags/example_short_circuit_operator.py for tasks to queue
[2025-07-20T16:23:20.743+0530] {logging_mixin.py:190} INFO - [2025-07-20T16:23:20.743+0530] {dagbag.py:588} INFO - Filling up the DagBag from /Users/parth/Desktop/Engine/venv/lib/python3.11/site-packages/airflow/example_dags/example_short_circuit_operator.py
[2025-07-20T16:23:20.766+0530] {processor.py:925} INFO - DAG(s) 'example_short_circuit_operator' retrieved from /Users/parth/Desktop/Engine/venv/lib/python3.11/site-packages/airflow/example_dags/example_short_circuit_operator.py
[2025-07-20T16:23:20.830+0530] {logging_mixin.py:190} INFO - [2025-07-20T16:23:20.830+0530] {dag.py:3239} INFO - Sync 1 DAGs
[2025-07-20T16:23:20.838+0530] {logging_mixin.py:190} INFO - [2025-07-20T16:23:20.838+0530] {dag.py:4180} INFO - Setting next_dagrun for example_short_circuit_operator to None, run_after=None
[2025-07-20T16:23:20.851+0530] {processor.py:208} INFO - Processing /Users/parth/Desktop/Engine/venv/lib/python3.11/site-packages/airflow/example_dags/example_short_circuit_operator.py took 0.112 seconds
[2025-07-20T16:25:39.618+0530] {processor.py:186} INFO - Started process (PID=36837) to work on /Users/parth/Desktop/Engine/venv/lib/python3.11/site-packages/airflow/example_dags/example_short_circuit_operator.py
[2025-07-20T16:25:39.619+0530] {processor.py:914} INFO - Processing file /Users/parth/Desktop/Engine/venv/lib/python3.11/site-packages/airflow/example_dags/example_short_circuit_operator.py for tasks to queue
[2025-07-20T16:25:39.620+0530] {logging_mixin.py:190} INFO - [2025-07-20T16:25:39.620+0530] {dagbag.py:588} INFO - Filling up the DagBag from /Users/parth/Desktop/Engine/venv/lib/python3.11/site-packages/airflow/example_dags/example_short_circuit_operator.py
[2025-07-20T16:25:39.640+0530] {processor.py:925} INFO - DAG(s) 'example_short_circuit_operator' retrieved from /Users/parth/Desktop/Engine/venv/lib/python3.11/site-packages/airflow/example_dags/example_short_circuit_operator.py
[2025-07-20T16:25:39.703+0530] {logging_mixin.py:190} INFO - [2025-07-20T16:25:39.703+0530] {dag.py:3239} INFO - Sync 1 DAGs
[2025-07-20T16:25:39.709+0530] {logging_mixin.py:190} INFO - [2025-07-20T16:25:39.709+0530] {dag.py:4180} INFO - Setting next_dagrun for example_short_circuit_operator to None, run_after=None
[2025-07-20T16:25:39.721+0530] {processor.py:208} INFO - Processing /Users/parth/Desktop/Engine/venv/lib/python3.11/site-packages/airflow/example_dags/example_short_circuit_operator.py took 0.105 seconds
[2025-07-20T16:27:46.284+0530] {processor.py:186} INFO - Started process (PID=37687) to work on /Users/parth/Desktop/Engine/venv/lib/python3.11/site-packages/airflow/example_dags/example_short_circuit_operator.py
[2025-07-20T16:27:46.285+0530] {processor.py:914} INFO - Processing file /Users/parth/Desktop/Engine/venv/lib/python3.11/site-packages/airflow/example_dags/example_short_circuit_operator.py for tasks to queue
[2025-07-20T16:27:46.285+0530] {logging_mixin.py:190} INFO - [2025-07-20T16:27:46.285+0530] {dagbag.py:588} INFO - Filling up the DagBag from /Users/parth/Desktop/Engine/venv/lib/python3.11/site-packages/airflow/example_dags/example_short_circuit_operator.py
[2025-07-20T16:27:46.306+0530] {processor.py:925} INFO - DAG(s) 'example_short_circuit_operator' retrieved from /Users/parth/Desktop/Engine/venv/lib/python3.11/site-packages/airflow/example_dags/example_short_circuit_operator.py
[2025-07-20T16:27:46.370+0530] {logging_mixin.py:190} INFO - [2025-07-20T16:27:46.369+0530] {dag.py:3239} INFO - Sync 1 DAGs
[2025-07-20T16:27:46.377+0530] {logging_mixin.py:190} INFO - [2025-07-20T16:27:46.376+0530] {dag.py:4180} INFO - Setting next_dagrun for example_short_circuit_operator to None, run_after=None
[2025-07-20T16:27:46.390+0530] {processor.py:208} INFO - Processing /Users/parth/Desktop/Engine/venv/lib/python3.11/site-packages/airflow/example_dags/example_short_circuit_operator.py took 0.108 seconds
[2025-07-20T16:29:53.331+0530] {processor.py:186} INFO - Started process (PID=38581) to work on /Users/parth/Desktop/Engine/venv/lib/python3.11/site-packages/airflow/example_dags/example_short_circuit_operator.py
[2025-07-20T16:29:53.333+0530] {processor.py:914} INFO - Processing file /Users/parth/Desktop/Engine/venv/lib/python3.11/site-packages/airflow/example_dags/example_short_circuit_operator.py for tasks to queue
[2025-07-20T16:29:53.334+0530] {logging_mixin.py:190} INFO - [2025-07-20T16:29:53.334+0530] {dagbag.py:588} INFO - Filling up the DagBag from /Users/parth/Desktop/Engine/venv/lib/python3.11/site-packages/airflow/example_dags/example_short_circuit_operator.py
[2025-07-20T16:29:53.355+0530] {processor.py:925} INFO - DAG(s) 'example_short_circuit_operator' retrieved from /Users/parth/Desktop/Engine/venv/lib/python3.11/site-packages/airflow/example_dags/example_short_circuit_operator.py
[2025-07-20T16:29:53.418+0530] {logging_mixin.py:190} INFO - [2025-07-20T16:29:53.418+0530] {dag.py:3239} INFO - Sync 1 DAGs
[2025-07-20T16:29:53.425+0530] {logging_mixin.py:190} INFO - [2025-07-20T16:29:53.425+0530] {dag.py:4180} INFO - Setting next_dagrun for example_short_circuit_operator to None, run_after=None
[2025-07-20T16:29:53.438+0530] {processor.py:208} INFO - Processing /Users/parth/Desktop/Engine/venv/lib/python3.11/site-packages/airflow/example_dags/example_short_circuit_operator.py took 0.109 seconds
[2025-07-20T16:32:01.958+0530] {processor.py:186} INFO - Started process (PID=39538) to work on /Users/parth/Desktop/Engine/venv/lib/python3.11/site-packages/airflow/example_dags/example_short_circuit_operator.py
[2025-07-20T16:32:01.959+0530] {processor.py:914} INFO - Processing file /Users/parth/Desktop/Engine/venv/lib/python3.11/site-packages/airflow/example_dags/example_short_circuit_operator.py for tasks to queue
[2025-07-20T16:32:01.959+0530] {logging_mixin.py:190} INFO - [2025-07-20T16:32:01.959+0530] {dagbag.py:588} INFO - Filling up the DagBag from /Users/parth/Desktop/Engine/venv/lib/python3.11/site-packages/airflow/example_dags/example_short_circuit_operator.py
[2025-07-20T16:32:01.979+0530] {processor.py:925} INFO - DAG(s) 'example_short_circuit_operator' retrieved from /Users/parth/Desktop/Engine/venv/lib/python3.11/site-packages/airflow/example_dags/example_short_circuit_operator.py
[2025-07-20T16:32:02.042+0530] {logging_mixin.py:190} INFO - [2025-07-20T16:32:02.042+0530] {dag.py:3239} INFO - Sync 1 DAGs
[2025-07-20T16:32:02.049+0530] {logging_mixin.py:190} INFO - [2025-07-20T16:32:02.048+0530] {dag.py:4180} INFO - Setting next_dagrun for example_short_circuit_operator to None, run_after=None
[2025-07-20T16:32:02.060+0530] {processor.py:208} INFO - Processing /Users/parth/Desktop/Engine/venv/lib/python3.11/site-packages/airflow/example_dags/example_short_circuit_operator.py took 0.104 seconds
[2025-07-20T16:34:21.890+0530] {processor.py:186} INFO - Started process (PID=40591) to work on /Users/parth/Desktop/Engine/venv/lib/python3.11/site-packages/airflow/example_dags/example_short_circuit_operator.py
[2025-07-20T16:34:21.892+0530] {processor.py:914} INFO - Processing file /Users/parth/Desktop/Engine/venv/lib/python3.11/site-packages/airflow/example_dags/example_short_circuit_operator.py for tasks to queue
[2025-07-20T16:34:21.893+0530] {logging_mixin.py:190} INFO - [2025-07-20T16:34:21.893+0530] {dagbag.py:588} INFO - Filling up the DagBag from /Users/parth/Desktop/Engine/venv/lib/python3.11/site-packages/airflow/example_dags/example_short_circuit_operator.py
[2025-07-20T16:34:21.926+0530] {processor.py:925} INFO - DAG(s) 'example_short_circuit_operator' retrieved from /Users/parth/Desktop/Engine/venv/lib/python3.11/site-packages/airflow/example_dags/example_short_circuit_operator.py
[2025-07-20T16:34:22.011+0530] {logging_mixin.py:190} INFO - [2025-07-20T16:34:22.011+0530] {dag.py:3239} INFO - Sync 1 DAGs
[2025-07-20T16:34:22.020+0530] {logging_mixin.py:190} INFO - [2025-07-20T16:34:22.020+0530] {dag.py:4180} INFO - Setting next_dagrun for example_short_circuit_operator to None, run_after=None
[2025-07-20T16:34:22.035+0530] {processor.py:208} INFO - Processing /Users/parth/Desktop/Engine/venv/lib/python3.11/site-packages/airflow/example_dags/example_short_circuit_operator.py took 0.149 seconds
[2025-07-20T16:36:33.135+0530] {processor.py:186} INFO - Started process (PID=41427) to work on /Users/parth/Desktop/Engine/venv/lib/python3.11/site-packages/airflow/example_dags/example_short_circuit_operator.py
[2025-07-20T16:36:33.136+0530] {processor.py:914} INFO - Processing file /Users/parth/Desktop/Engine/venv/lib/python3.11/site-packages/airflow/example_dags/example_short_circuit_operator.py for tasks to queue
[2025-07-20T16:36:33.137+0530] {logging_mixin.py:190} INFO - [2025-07-20T16:36:33.137+0530] {dagbag.py:588} INFO - Filling up the DagBag from /Users/parth/Desktop/Engine/venv/lib/python3.11/site-packages/airflow/example_dags/example_short_circuit_operator.py
[2025-07-20T16:36:33.157+0530] {processor.py:925} INFO - DAG(s) 'example_short_circuit_operator' retrieved from /Users/parth/Desktop/Engine/venv/lib/python3.11/site-packages/airflow/example_dags/example_short_circuit_operator.py
[2025-07-20T16:36:33.220+0530] {logging_mixin.py:190} INFO - [2025-07-20T16:36:33.219+0530] {dag.py:3239} INFO - Sync 1 DAGs
[2025-07-20T16:36:33.226+0530] {logging_mixin.py:190} INFO - [2025-07-20T16:36:33.226+0530] {dag.py:4180} INFO - Setting next_dagrun for example_short_circuit_operator to None, run_after=None
[2025-07-20T16:36:33.237+0530] {processor.py:208} INFO - Processing /Users/parth/Desktop/Engine/venv/lib/python3.11/site-packages/airflow/example_dags/example_short_circuit_operator.py took 0.105 seconds
[2025-07-20T16:38:55.643+0530] {processor.py:186} INFO - Started process (PID=42391) to work on /Users/parth/Desktop/Engine/venv/lib/python3.11/site-packages/airflow/example_dags/example_short_circuit_operator.py
[2025-07-20T16:38:55.644+0530] {processor.py:914} INFO - Processing file /Users/parth/Desktop/Engine/venv/lib/python3.11/site-packages/airflow/example_dags/example_short_circuit_operator.py for tasks to queue
[2025-07-20T16:38:55.645+0530] {logging_mixin.py:190} INFO - [2025-07-20T16:38:55.645+0530] {dagbag.py:588} INFO - Filling up the DagBag from /Users/parth/Desktop/Engine/venv/lib/python3.11/site-packages/airflow/example_dags/example_short_circuit_operator.py
[2025-07-20T16:38:55.666+0530] {processor.py:925} INFO - DAG(s) 'example_short_circuit_operator' retrieved from /Users/parth/Desktop/Engine/venv/lib/python3.11/site-packages/airflow/example_dags/example_short_circuit_operator.py
[2025-07-20T16:38:55.729+0530] {logging_mixin.py:190} INFO - [2025-07-20T16:38:55.729+0530] {dag.py:3239} INFO - Sync 1 DAGs
[2025-07-20T16:38:55.736+0530] {logging_mixin.py:190} INFO - [2025-07-20T16:38:55.736+0530] {dag.py:4180} INFO - Setting next_dagrun for example_short_circuit_operator to None, run_after=None
[2025-07-20T16:38:55.748+0530] {processor.py:208} INFO - Processing /Users/parth/Desktop/Engine/venv/lib/python3.11/site-packages/airflow/example_dags/example_short_circuit_operator.py took 0.107 seconds
[2025-07-20T16:41:04.313+0530] {processor.py:186} INFO - Started process (PID=43200) to work on /Users/parth/Desktop/Engine/venv/lib/python3.11/site-packages/airflow/example_dags/example_short_circuit_operator.py
[2025-07-20T16:41:04.314+0530] {processor.py:914} INFO - Processing file /Users/parth/Desktop/Engine/venv/lib/python3.11/site-packages/airflow/example_dags/example_short_circuit_operator.py for tasks to queue
[2025-07-20T16:41:04.315+0530] {logging_mixin.py:190} INFO - [2025-07-20T16:41:04.315+0530] {dagbag.py:588} INFO - Filling up the DagBag from /Users/parth/Desktop/Engine/venv/lib/python3.11/site-packages/airflow/example_dags/example_short_circuit_operator.py
[2025-07-20T16:41:04.335+0530] {processor.py:925} INFO - DAG(s) 'example_short_circuit_operator' retrieved from /Users/parth/Desktop/Engine/venv/lib/python3.11/site-packages/airflow/example_dags/example_short_circuit_operator.py
[2025-07-20T16:41:04.398+0530] {logging_mixin.py:190} INFO - [2025-07-20T16:41:04.398+0530] {dag.py:3239} INFO - Sync 1 DAGs
[2025-07-20T16:41:04.405+0530] {logging_mixin.py:190} INFO - [2025-07-20T16:41:04.405+0530] {dag.py:4180} INFO - Setting next_dagrun for example_short_circuit_operator to None, run_after=None
[2025-07-20T16:41:04.417+0530] {processor.py:208} INFO - Processing /Users/parth/Desktop/Engine/venv/lib/python3.11/site-packages/airflow/example_dags/example_short_circuit_operator.py took 0.106 seconds
[2025-07-20T16:43:13.004+0530] {processor.py:186} INFO - Started process (PID=44018) to work on /Users/parth/Desktop/Engine/venv/lib/python3.11/site-packages/airflow/example_dags/example_short_circuit_operator.py
[2025-07-20T16:43:13.006+0530] {processor.py:914} INFO - Processing file /Users/parth/Desktop/Engine/venv/lib/python3.11/site-packages/airflow/example_dags/example_short_circuit_operator.py for tasks to queue
[2025-07-20T16:43:13.007+0530] {logging_mixin.py:190} INFO - [2025-07-20T16:43:13.006+0530] {dagbag.py:588} INFO - Filling up the DagBag from /Users/parth/Desktop/Engine/venv/lib/python3.11/site-packages/airflow/example_dags/example_short_circuit_operator.py
[2025-07-20T16:43:13.026+0530] {processor.py:925} INFO - DAG(s) 'example_short_circuit_operator' retrieved from /Users/parth/Desktop/Engine/venv/lib/python3.11/site-packages/airflow/example_dags/example_short_circuit_operator.py
[2025-07-20T16:43:13.089+0530] {logging_mixin.py:190} INFO - [2025-07-20T16:43:13.088+0530] {dag.py:3239} INFO - Sync 1 DAGs
[2025-07-20T16:43:13.095+0530] {logging_mixin.py:190} INFO - [2025-07-20T16:43:13.095+0530] {dag.py:4180} INFO - Setting next_dagrun for example_short_circuit_operator to None, run_after=None
[2025-07-20T16:43:13.107+0530] {processor.py:208} INFO - Processing /Users/parth/Desktop/Engine/venv/lib/python3.11/site-packages/airflow/example_dags/example_short_circuit_operator.py took 0.105 seconds
[2025-07-20T16:45:19.153+0530] {processor.py:186} INFO - Started process (PID=44844) to work on /Users/parth/Desktop/Engine/venv/lib/python3.11/site-packages/airflow/example_dags/example_short_circuit_operator.py
[2025-07-20T16:45:19.154+0530] {processor.py:914} INFO - Processing file /Users/parth/Desktop/Engine/venv/lib/python3.11/site-packages/airflow/example_dags/example_short_circuit_operator.py for tasks to queue
[2025-07-20T16:45:19.155+0530] {logging_mixin.py:190} INFO - [2025-07-20T16:45:19.155+0530] {dagbag.py:588} INFO - Filling up the DagBag from /Users/parth/Desktop/Engine/venv/lib/python3.11/site-packages/airflow/example_dags/example_short_circuit_operator.py
[2025-07-20T16:45:19.175+0530] {processor.py:925} INFO - DAG(s) 'example_short_circuit_operator' retrieved from /Users/parth/Desktop/Engine/venv/lib/python3.11/site-packages/airflow/example_dags/example_short_circuit_operator.py
[2025-07-20T16:45:19.238+0530] {logging_mixin.py:190} INFO - [2025-07-20T16:45:19.238+0530] {dag.py:3239} INFO - Sync 1 DAGs
[2025-07-20T16:45:19.245+0530] {logging_mixin.py:190} INFO - [2025-07-20T16:45:19.244+0530] {dag.py:4180} INFO - Setting next_dagrun for example_short_circuit_operator to None, run_after=None
[2025-07-20T16:45:19.256+0530] {processor.py:208} INFO - Processing /Users/parth/Desktop/Engine/venv/lib/python3.11/site-packages/airflow/example_dags/example_short_circuit_operator.py took 0.106 seconds
[2025-07-20T16:47:20.944+0530] {processor.py:186} INFO - Started process (PID=45623) to work on /Users/parth/Desktop/Engine/venv/lib/python3.11/site-packages/airflow/example_dags/example_short_circuit_operator.py
[2025-07-20T16:47:20.945+0530] {processor.py:914} INFO - Processing file /Users/parth/Desktop/Engine/venv/lib/python3.11/site-packages/airflow/example_dags/example_short_circuit_operator.py for tasks to queue
[2025-07-20T16:47:20.946+0530] {logging_mixin.py:190} INFO - [2025-07-20T16:47:20.946+0530] {dagbag.py:588} INFO - Filling up the DagBag from /Users/parth/Desktop/Engine/venv/lib/python3.11/site-packages/airflow/example_dags/example_short_circuit_operator.py
[2025-07-20T16:47:20.965+0530] {processor.py:925} INFO - DAG(s) 'example_short_circuit_operator' retrieved from /Users/parth/Desktop/Engine/venv/lib/python3.11/site-packages/airflow/example_dags/example_short_circuit_operator.py
[2025-07-20T16:47:21.028+0530] {logging_mixin.py:190} INFO - [2025-07-20T16:47:21.028+0530] {dag.py:3239} INFO - Sync 1 DAGs
[2025-07-20T16:47:21.035+0530] {logging_mixin.py:190} INFO - [2025-07-20T16:47:21.034+0530] {dag.py:4180} INFO - Setting next_dagrun for example_short_circuit_operator to None, run_after=None
[2025-07-20T16:47:21.047+0530] {processor.py:208} INFO - Processing /Users/parth/Desktop/Engine/venv/lib/python3.11/site-packages/airflow/example_dags/example_short_circuit_operator.py took 0.105 seconds
[2025-07-20T16:49:18.349+0530] {processor.py:186} INFO - Started process (PID=46393) to work on /Users/parth/Desktop/Engine/venv/lib/python3.11/site-packages/airflow/example_dags/example_short_circuit_operator.py
[2025-07-20T16:49:18.350+0530] {processor.py:914} INFO - Processing file /Users/parth/Desktop/Engine/venv/lib/python3.11/site-packages/airflow/example_dags/example_short_circuit_operator.py for tasks to queue
[2025-07-20T16:49:18.351+0530] {logging_mixin.py:190} INFO - [2025-07-20T16:49:18.351+0530] {dagbag.py:588} INFO - Filling up the DagBag from /Users/parth/Desktop/Engine/venv/lib/python3.11/site-packages/airflow/example_dags/example_short_circuit_operator.py
[2025-07-20T16:49:18.370+0530] {processor.py:925} INFO - DAG(s) 'example_short_circuit_operator' retrieved from /Users/parth/Desktop/Engine/venv/lib/python3.11/site-packages/airflow/example_dags/example_short_circuit_operator.py
[2025-07-20T16:49:18.432+0530] {logging_mixin.py:190} INFO - [2025-07-20T16:49:18.432+0530] {dag.py:3239} INFO - Sync 1 DAGs
[2025-07-20T16:49:18.438+0530] {logging_mixin.py:190} INFO - [2025-07-20T16:49:18.438+0530] {dag.py:4180} INFO - Setting next_dagrun for example_short_circuit_operator to None, run_after=None
[2025-07-20T16:49:18.449+0530] {processor.py:208} INFO - Processing /Users/parth/Desktop/Engine/venv/lib/python3.11/site-packages/airflow/example_dags/example_short_circuit_operator.py took 0.103 seconds
[2025-07-20T16:51:10.130+0530] {processor.py:186} INFO - Started process (PID=47148) to work on /Users/parth/Desktop/Engine/venv/lib/python3.11/site-packages/airflow/example_dags/example_short_circuit_operator.py
[2025-07-20T16:51:10.132+0530] {processor.py:914} INFO - Processing file /Users/parth/Desktop/Engine/venv/lib/python3.11/site-packages/airflow/example_dags/example_short_circuit_operator.py for tasks to queue
[2025-07-20T16:51:10.132+0530] {logging_mixin.py:190} INFO - [2025-07-20T16:51:10.132+0530] {dagbag.py:588} INFO - Filling up the DagBag from /Users/parth/Desktop/Engine/venv/lib/python3.11/site-packages/airflow/example_dags/example_short_circuit_operator.py
[2025-07-20T16:51:10.151+0530] {processor.py:925} INFO - DAG(s) 'example_short_circuit_operator' retrieved from /Users/parth/Desktop/Engine/venv/lib/python3.11/site-packages/airflow/example_dags/example_short_circuit_operator.py
[2025-07-20T16:51:10.213+0530] {logging_mixin.py:190} INFO - [2025-07-20T16:51:10.213+0530] {dag.py:3239} INFO - Sync 1 DAGs
[2025-07-20T16:51:10.219+0530] {logging_mixin.py:190} INFO - [2025-07-20T16:51:10.219+0530] {dag.py:4180} INFO - Setting next_dagrun for example_short_circuit_operator to None, run_after=None
[2025-07-20T16:51:10.230+0530] {processor.py:208} INFO - Processing /Users/parth/Desktop/Engine/venv/lib/python3.11/site-packages/airflow/example_dags/example_short_circuit_operator.py took 0.102 seconds
[2025-07-20T17:50:43.917+0530] {processor.py:186} INFO - Started process (PID=47978) to work on /Users/parth/Desktop/Engine/venv/lib/python3.11/site-packages/airflow/example_dags/example_short_circuit_operator.py
[2025-07-20T17:50:43.918+0530] {processor.py:914} INFO - Processing file /Users/parth/Desktop/Engine/venv/lib/python3.11/site-packages/airflow/example_dags/example_short_circuit_operator.py for tasks to queue
[2025-07-20T17:50:43.919+0530] {logging_mixin.py:190} INFO - [2025-07-20T17:50:43.919+0530] {dagbag.py:588} INFO - Filling up the DagBag from /Users/parth/Desktop/Engine/venv/lib/python3.11/site-packages/airflow/example_dags/example_short_circuit_operator.py
[2025-07-20T17:50:43.938+0530] {processor.py:925} INFO - DAG(s) 'example_short_circuit_operator' retrieved from /Users/parth/Desktop/Engine/venv/lib/python3.11/site-packages/airflow/example_dags/example_short_circuit_operator.py
[2025-07-20T17:50:44.001+0530] {logging_mixin.py:190} INFO - [2025-07-20T17:50:44.001+0530] {dag.py:3239} INFO - Sync 1 DAGs
[2025-07-20T17:50:44.008+0530] {logging_mixin.py:190} INFO - [2025-07-20T17:50:44.008+0530] {dag.py:4180} INFO - Setting next_dagrun for example_short_circuit_operator to None, run_after=None
[2025-07-20T17:50:44.019+0530] {processor.py:208} INFO - Processing /Users/parth/Desktop/Engine/venv/lib/python3.11/site-packages/airflow/example_dags/example_short_circuit_operator.py took 0.105 seconds
[2025-07-20T17:52:34.130+0530] {processor.py:186} INFO - Started process (PID=48699) to work on /Users/parth/Desktop/Engine/venv/lib/python3.11/site-packages/airflow/example_dags/example_short_circuit_operator.py
[2025-07-20T17:52:34.132+0530] {processor.py:914} INFO - Processing file /Users/parth/Desktop/Engine/venv/lib/python3.11/site-packages/airflow/example_dags/example_short_circuit_operator.py for tasks to queue
[2025-07-20T17:52:34.132+0530] {logging_mixin.py:190} INFO - [2025-07-20T17:52:34.132+0530] {dagbag.py:588} INFO - Filling up the DagBag from /Users/parth/Desktop/Engine/venv/lib/python3.11/site-packages/airflow/example_dags/example_short_circuit_operator.py
[2025-07-20T17:52:34.151+0530] {processor.py:925} INFO - DAG(s) 'example_short_circuit_operator' retrieved from /Users/parth/Desktop/Engine/venv/lib/python3.11/site-packages/airflow/example_dags/example_short_circuit_operator.py
[2025-07-20T17:52:34.213+0530] {logging_mixin.py:190} INFO - [2025-07-20T17:52:34.213+0530] {dag.py:3239} INFO - Sync 1 DAGs
[2025-07-20T17:52:34.220+0530] {logging_mixin.py:190} INFO - [2025-07-20T17:52:34.220+0530] {dag.py:4180} INFO - Setting next_dagrun for example_short_circuit_operator to None, run_after=None
[2025-07-20T17:52:34.231+0530] {processor.py:208} INFO - Processing /Users/parth/Desktop/Engine/venv/lib/python3.11/site-packages/airflow/example_dags/example_short_circuit_operator.py took 0.103 seconds
[2025-07-20T17:54:35.821+0530] {processor.py:186} INFO - Started process (PID=49487) to work on /Users/parth/Desktop/Engine/venv/lib/python3.11/site-packages/airflow/example_dags/example_short_circuit_operator.py
[2025-07-20T17:54:35.822+0530] {processor.py:914} INFO - Processing file /Users/parth/Desktop/Engine/venv/lib/python3.11/site-packages/airflow/example_dags/example_short_circuit_operator.py for tasks to queue
[2025-07-20T17:54:35.823+0530] {logging_mixin.py:190} INFO - [2025-07-20T17:54:35.823+0530] {dagbag.py:588} INFO - Filling up the DagBag from /Users/parth/Desktop/Engine/venv/lib/python3.11/site-packages/airflow/example_dags/example_short_circuit_operator.py
[2025-07-20T17:54:35.842+0530] {processor.py:925} INFO - DAG(s) 'example_short_circuit_operator' retrieved from /Users/parth/Desktop/Engine/venv/lib/python3.11/site-packages/airflow/example_dags/example_short_circuit_operator.py
[2025-07-20T17:54:35.904+0530] {logging_mixin.py:190} INFO - [2025-07-20T17:54:35.904+0530] {dag.py:3239} INFO - Sync 1 DAGs
[2025-07-20T17:54:35.911+0530] {logging_mixin.py:190} INFO - [2025-07-20T17:54:35.911+0530] {dag.py:4180} INFO - Setting next_dagrun for example_short_circuit_operator to None, run_after=None
[2025-07-20T17:54:35.923+0530] {processor.py:208} INFO - Processing /Users/parth/Desktop/Engine/venv/lib/python3.11/site-packages/airflow/example_dags/example_short_circuit_operator.py took 0.104 seconds
[2025-07-20T17:56:31.022+0530] {processor.py:186} INFO - Started process (PID=50222) to work on /Users/parth/Desktop/Engine/venv/lib/python3.11/site-packages/airflow/example_dags/example_short_circuit_operator.py
[2025-07-20T17:56:31.023+0530] {processor.py:914} INFO - Processing file /Users/parth/Desktop/Engine/venv/lib/python3.11/site-packages/airflow/example_dags/example_short_circuit_operator.py for tasks to queue
[2025-07-20T17:56:31.024+0530] {logging_mixin.py:190} INFO - [2025-07-20T17:56:31.024+0530] {dagbag.py:588} INFO - Filling up the DagBag from /Users/parth/Desktop/Engine/venv/lib/python3.11/site-packages/airflow/example_dags/example_short_circuit_operator.py
[2025-07-20T17:56:31.043+0530] {processor.py:925} INFO - DAG(s) 'example_short_circuit_operator' retrieved from /Users/parth/Desktop/Engine/venv/lib/python3.11/site-packages/airflow/example_dags/example_short_circuit_operator.py
[2025-07-20T17:56:31.105+0530] {logging_mixin.py:190} INFO - [2025-07-20T17:56:31.104+0530] {dag.py:3239} INFO - Sync 1 DAGs
[2025-07-20T17:56:31.111+0530] {logging_mixin.py:190} INFO - [2025-07-20T17:56:31.111+0530] {dag.py:4180} INFO - Setting next_dagrun for example_short_circuit_operator to None, run_after=None
[2025-07-20T17:56:31.123+0530] {processor.py:208} INFO - Processing /Users/parth/Desktop/Engine/venv/lib/python3.11/site-packages/airflow/example_dags/example_short_circuit_operator.py took 0.103 seconds
[2025-07-20T17:58:22.049+0530] {processor.py:186} INFO - Started process (PID=50947) to work on /Users/parth/Desktop/Engine/venv/lib/python3.11/site-packages/airflow/example_dags/example_short_circuit_operator.py
[2025-07-20T17:58:22.051+0530] {processor.py:914} INFO - Processing file /Users/parth/Desktop/Engine/venv/lib/python3.11/site-packages/airflow/example_dags/example_short_circuit_operator.py for tasks to queue
[2025-07-20T17:58:22.051+0530] {logging_mixin.py:190} INFO - [2025-07-20T17:58:22.051+0530] {dagbag.py:588} INFO - Filling up the DagBag from /Users/parth/Desktop/Engine/venv/lib/python3.11/site-packages/airflow/example_dags/example_short_circuit_operator.py
[2025-07-20T17:58:22.071+0530] {processor.py:925} INFO - DAG(s) 'example_short_circuit_operator' retrieved from /Users/parth/Desktop/Engine/venv/lib/python3.11/site-packages/airflow/example_dags/example_short_circuit_operator.py
[2025-07-20T17:58:22.133+0530] {logging_mixin.py:190} INFO - [2025-07-20T17:58:22.132+0530] {dag.py:3239} INFO - Sync 1 DAGs
[2025-07-20T17:58:22.139+0530] {logging_mixin.py:190} INFO - [2025-07-20T17:58:22.139+0530] {dag.py:4180} INFO - Setting next_dagrun for example_short_circuit_operator to None, run_after=None
[2025-07-20T17:58:22.150+0530] {processor.py:208} INFO - Processing /Users/parth/Desktop/Engine/venv/lib/python3.11/site-packages/airflow/example_dags/example_short_circuit_operator.py took 0.104 seconds
[2025-07-20T18:00:13.676+0530] {processor.py:186} INFO - Started process (PID=51654) to work on /Users/parth/Desktop/Engine/venv/lib/python3.11/site-packages/airflow/example_dags/example_short_circuit_operator.py
[2025-07-20T18:00:13.678+0530] {processor.py:914} INFO - Processing file /Users/parth/Desktop/Engine/venv/lib/python3.11/site-packages/airflow/example_dags/example_short_circuit_operator.py for tasks to queue
[2025-07-20T18:00:13.678+0530] {logging_mixin.py:190} INFO - [2025-07-20T18:00:13.678+0530] {dagbag.py:588} INFO - Filling up the DagBag from /Users/parth/Desktop/Engine/venv/lib/python3.11/site-packages/airflow/example_dags/example_short_circuit_operator.py
[2025-07-20T18:00:13.698+0530] {processor.py:925} INFO - DAG(s) 'example_short_circuit_operator' retrieved from /Users/parth/Desktop/Engine/venv/lib/python3.11/site-packages/airflow/example_dags/example_short_circuit_operator.py
[2025-07-20T18:00:13.761+0530] {logging_mixin.py:190} INFO - [2025-07-20T18:00:13.760+0530] {dag.py:3239} INFO - Sync 1 DAGs
[2025-07-20T18:00:13.767+0530] {logging_mixin.py:190} INFO - [2025-07-20T18:00:13.767+0530] {dag.py:4180} INFO - Setting next_dagrun for example_short_circuit_operator to None, run_after=None
[2025-07-20T18:00:13.778+0530] {processor.py:208} INFO - Processing /Users/parth/Desktop/Engine/venv/lib/python3.11/site-packages/airflow/example_dags/example_short_circuit_operator.py took 0.104 seconds
[2025-07-20T18:02:11.445+0530] {processor.py:186} INFO - Started process (PID=52405) to work on /Users/parth/Desktop/Engine/venv/lib/python3.11/site-packages/airflow/example_dags/example_short_circuit_operator.py
[2025-07-20T18:02:11.446+0530] {processor.py:914} INFO - Processing file /Users/parth/Desktop/Engine/venv/lib/python3.11/site-packages/airflow/example_dags/example_short_circuit_operator.py for tasks to queue
[2025-07-20T18:02:11.447+0530] {logging_mixin.py:190} INFO - [2025-07-20T18:02:11.447+0530] {dagbag.py:588} INFO - Filling up the DagBag from /Users/parth/Desktop/Engine/venv/lib/python3.11/site-packages/airflow/example_dags/example_short_circuit_operator.py
[2025-07-20T18:02:11.466+0530] {processor.py:925} INFO - DAG(s) 'example_short_circuit_operator' retrieved from /Users/parth/Desktop/Engine/venv/lib/python3.11/site-packages/airflow/example_dags/example_short_circuit_operator.py
[2025-07-20T18:02:11.530+0530] {logging_mixin.py:190} INFO - [2025-07-20T18:02:11.529+0530] {dag.py:3239} INFO - Sync 1 DAGs
[2025-07-20T18:02:11.536+0530] {logging_mixin.py:190} INFO - [2025-07-20T18:02:11.536+0530] {dag.py:4180} INFO - Setting next_dagrun for example_short_circuit_operator to None, run_after=None
[2025-07-20T18:02:11.547+0530] {processor.py:208} INFO - Processing /Users/parth/Desktop/Engine/venv/lib/python3.11/site-packages/airflow/example_dags/example_short_circuit_operator.py took 0.105 seconds
[2025-07-20T18:04:10.179+0530] {processor.py:186} INFO - Started process (PID=53166) to work on /Users/parth/Desktop/Engine/venv/lib/python3.11/site-packages/airflow/example_dags/example_short_circuit_operator.py
[2025-07-20T18:04:10.180+0530] {processor.py:914} INFO - Processing file /Users/parth/Desktop/Engine/venv/lib/python3.11/site-packages/airflow/example_dags/example_short_circuit_operator.py for tasks to queue
[2025-07-20T18:04:10.181+0530] {logging_mixin.py:190} INFO - [2025-07-20T18:04:10.181+0530] {dagbag.py:588} INFO - Filling up the DagBag from /Users/parth/Desktop/Engine/venv/lib/python3.11/site-packages/airflow/example_dags/example_short_circuit_operator.py
[2025-07-20T18:04:10.200+0530] {processor.py:925} INFO - DAG(s) 'example_short_circuit_operator' retrieved from /Users/parth/Desktop/Engine/venv/lib/python3.11/site-packages/airflow/example_dags/example_short_circuit_operator.py
[2025-07-20T18:04:10.262+0530] {logging_mixin.py:190} INFO - [2025-07-20T18:04:10.261+0530] {dag.py:3239} INFO - Sync 1 DAGs
[2025-07-20T18:04:10.268+0530] {logging_mixin.py:190} INFO - [2025-07-20T18:04:10.268+0530] {dag.py:4180} INFO - Setting next_dagrun for example_short_circuit_operator to None, run_after=None
[2025-07-20T18:04:10.279+0530] {processor.py:208} INFO - Processing /Users/parth/Desktop/Engine/venv/lib/python3.11/site-packages/airflow/example_dags/example_short_circuit_operator.py took 0.102 seconds
[2025-07-20T18:06:06.441+0530] {processor.py:186} INFO - Started process (PID=53913) to work on /Users/parth/Desktop/Engine/venv/lib/python3.11/site-packages/airflow/example_dags/example_short_circuit_operator.py
[2025-07-20T18:06:06.443+0530] {processor.py:914} INFO - Processing file /Users/parth/Desktop/Engine/venv/lib/python3.11/site-packages/airflow/example_dags/example_short_circuit_operator.py for tasks to queue
[2025-07-20T18:06:06.443+0530] {logging_mixin.py:190} INFO - [2025-07-20T18:06:06.443+0530] {dagbag.py:588} INFO - Filling up the DagBag from /Users/parth/Desktop/Engine/venv/lib/python3.11/site-packages/airflow/example_dags/example_short_circuit_operator.py
[2025-07-20T18:06:06.462+0530] {processor.py:925} INFO - DAG(s) 'example_short_circuit_operator' retrieved from /Users/parth/Desktop/Engine/venv/lib/python3.11/site-packages/airflow/example_dags/example_short_circuit_operator.py
[2025-07-20T18:06:06.523+0530] {logging_mixin.py:190} INFO - [2025-07-20T18:06:06.523+0530] {dag.py:3239} INFO - Sync 1 DAGs
[2025-07-20T18:06:06.529+0530] {logging_mixin.py:190} INFO - [2025-07-20T18:06:06.529+0530] {dag.py:4180} INFO - Setting next_dagrun for example_short_circuit_operator to None, run_after=None
[2025-07-20T18:06:06.540+0530] {processor.py:208} INFO - Processing /Users/parth/Desktop/Engine/venv/lib/python3.11/site-packages/airflow/example_dags/example_short_circuit_operator.py took 0.101 seconds
[2025-07-20T18:08:00.953+0530] {processor.py:186} INFO - Started process (PID=54656) to work on /Users/parth/Desktop/Engine/venv/lib/python3.11/site-packages/airflow/example_dags/example_short_circuit_operator.py
[2025-07-20T18:08:00.955+0530] {processor.py:914} INFO - Processing file /Users/parth/Desktop/Engine/venv/lib/python3.11/site-packages/airflow/example_dags/example_short_circuit_operator.py for tasks to queue
[2025-07-20T18:08:00.955+0530] {logging_mixin.py:190} INFO - [2025-07-20T18:08:00.955+0530] {dagbag.py:588} INFO - Filling up the DagBag from /Users/parth/Desktop/Engine/venv/lib/python3.11/site-packages/airflow/example_dags/example_short_circuit_operator.py
[2025-07-20T18:08:00.975+0530] {processor.py:925} INFO - DAG(s) 'example_short_circuit_operator' retrieved from /Users/parth/Desktop/Engine/venv/lib/python3.11/site-packages/airflow/example_dags/example_short_circuit_operator.py
[2025-07-20T18:08:01.037+0530] {logging_mixin.py:190} INFO - [2025-07-20T18:08:01.036+0530] {dag.py:3239} INFO - Sync 1 DAGs
[2025-07-20T18:08:01.043+0530] {logging_mixin.py:190} INFO - [2025-07-20T18:08:01.043+0530] {dag.py:4180} INFO - Setting next_dagrun for example_short_circuit_operator to None, run_after=None
[2025-07-20T18:08:01.054+0530] {processor.py:208} INFO - Processing /Users/parth/Desktop/Engine/venv/lib/python3.11/site-packages/airflow/example_dags/example_short_circuit_operator.py took 0.103 seconds
[2025-07-20T18:23:13.321+0530] {processor.py:186} INFO - Started process (PID=55384) to work on /Users/parth/Desktop/Engine/venv/lib/python3.11/site-packages/airflow/example_dags/example_short_circuit_operator.py
[2025-07-20T18:23:13.322+0530] {processor.py:914} INFO - Processing file /Users/parth/Desktop/Engine/venv/lib/python3.11/site-packages/airflow/example_dags/example_short_circuit_operator.py for tasks to queue
[2025-07-20T18:23:13.323+0530] {logging_mixin.py:190} INFO - [2025-07-20T18:23:13.323+0530] {dagbag.py:588} INFO - Filling up the DagBag from /Users/parth/Desktop/Engine/venv/lib/python3.11/site-packages/airflow/example_dags/example_short_circuit_operator.py
[2025-07-20T18:23:13.342+0530] {processor.py:925} INFO - DAG(s) 'example_short_circuit_operator' retrieved from /Users/parth/Desktop/Engine/venv/lib/python3.11/site-packages/airflow/example_dags/example_short_circuit_operator.py
[2025-07-20T18:23:13.404+0530] {logging_mixin.py:190} INFO - [2025-07-20T18:23:13.403+0530] {dag.py:3239} INFO - Sync 1 DAGs
[2025-07-20T18:23:13.410+0530] {logging_mixin.py:190} INFO - [2025-07-20T18:23:13.410+0530] {dag.py:4180} INFO - Setting next_dagrun for example_short_circuit_operator to None, run_after=None
[2025-07-20T18:23:13.421+0530] {processor.py:208} INFO - Processing /Users/parth/Desktop/Engine/venv/lib/python3.11/site-packages/airflow/example_dags/example_short_circuit_operator.py took 0.102 seconds
[2025-07-20T18:25:21.712+0530] {processor.py:186} INFO - Started process (PID=56209) to work on /Users/parth/Desktop/Engine/venv/lib/python3.11/site-packages/airflow/example_dags/example_short_circuit_operator.py
[2025-07-20T18:25:21.714+0530] {processor.py:914} INFO - Processing file /Users/parth/Desktop/Engine/venv/lib/python3.11/site-packages/airflow/example_dags/example_short_circuit_operator.py for tasks to queue
[2025-07-20T18:25:21.714+0530] {logging_mixin.py:190} INFO - [2025-07-20T18:25:21.714+0530] {dagbag.py:588} INFO - Filling up the DagBag from /Users/parth/Desktop/Engine/venv/lib/python3.11/site-packages/airflow/example_dags/example_short_circuit_operator.py
[2025-07-20T18:25:21.733+0530] {processor.py:925} INFO - DAG(s) 'example_short_circuit_operator' retrieved from /Users/parth/Desktop/Engine/venv/lib/python3.11/site-packages/airflow/example_dags/example_short_circuit_operator.py
[2025-07-20T18:25:21.795+0530] {logging_mixin.py:190} INFO - [2025-07-20T18:25:21.795+0530] {dag.py:3239} INFO - Sync 1 DAGs
[2025-07-20T18:25:21.801+0530] {logging_mixin.py:190} INFO - [2025-07-20T18:25:21.801+0530] {dag.py:4180} INFO - Setting next_dagrun for example_short_circuit_operator to None, run_after=None
[2025-07-20T18:25:21.812+0530] {processor.py:208} INFO - Processing /Users/parth/Desktop/Engine/venv/lib/python3.11/site-packages/airflow/example_dags/example_short_circuit_operator.py took 0.102 seconds
[2025-07-20T18:27:08.633+0530] {processor.py:186} INFO - Started process (PID=56907) to work on /Users/parth/Desktop/Engine/venv/lib/python3.11/site-packages/airflow/example_dags/example_short_circuit_operator.py
[2025-07-20T18:27:08.635+0530] {processor.py:914} INFO - Processing file /Users/parth/Desktop/Engine/venv/lib/python3.11/site-packages/airflow/example_dags/example_short_circuit_operator.py for tasks to queue
[2025-07-20T18:27:08.635+0530] {logging_mixin.py:190} INFO - [2025-07-20T18:27:08.635+0530] {dagbag.py:588} INFO - Filling up the DagBag from /Users/parth/Desktop/Engine/venv/lib/python3.11/site-packages/airflow/example_dags/example_short_circuit_operator.py
[2025-07-20T18:27:08.654+0530] {processor.py:925} INFO - DAG(s) 'example_short_circuit_operator' retrieved from /Users/parth/Desktop/Engine/venv/lib/python3.11/site-packages/airflow/example_dags/example_short_circuit_operator.py
[2025-07-20T18:27:08.716+0530] {logging_mixin.py:190} INFO - [2025-07-20T18:27:08.716+0530] {dag.py:3239} INFO - Sync 1 DAGs
[2025-07-20T18:27:08.722+0530] {logging_mixin.py:190} INFO - [2025-07-20T18:27:08.722+0530] {dag.py:4180} INFO - Setting next_dagrun for example_short_circuit_operator to None, run_after=None
[2025-07-20T18:27:08.733+0530] {processor.py:208} INFO - Processing /Users/parth/Desktop/Engine/venv/lib/python3.11/site-packages/airflow/example_dags/example_short_circuit_operator.py took 0.103 seconds
[2025-07-20T18:28:59.161+0530] {processor.py:186} INFO - Started process (PID=57615) to work on /Users/parth/Desktop/Engine/venv/lib/python3.11/site-packages/airflow/example_dags/example_short_circuit_operator.py
[2025-07-20T18:28:59.163+0530] {processor.py:914} INFO - Processing file /Users/parth/Desktop/Engine/venv/lib/python3.11/site-packages/airflow/example_dags/example_short_circuit_operator.py for tasks to queue
[2025-07-20T18:28:59.163+0530] {logging_mixin.py:190} INFO - [2025-07-20T18:28:59.163+0530] {dagbag.py:588} INFO - Filling up the DagBag from /Users/parth/Desktop/Engine/venv/lib/python3.11/site-packages/airflow/example_dags/example_short_circuit_operator.py
[2025-07-20T18:28:59.183+0530] {processor.py:925} INFO - DAG(s) 'example_short_circuit_operator' retrieved from /Users/parth/Desktop/Engine/venv/lib/python3.11/site-packages/airflow/example_dags/example_short_circuit_operator.py
[2025-07-20T18:28:59.244+0530] {logging_mixin.py:190} INFO - [2025-07-20T18:28:59.244+0530] {dag.py:3239} INFO - Sync 1 DAGs
[2025-07-20T18:28:59.250+0530] {logging_mixin.py:190} INFO - [2025-07-20T18:28:59.250+0530] {dag.py:4180} INFO - Setting next_dagrun for example_short_circuit_operator to None, run_after=None
[2025-07-20T18:28:59.261+0530] {processor.py:208} INFO - Processing /Users/parth/Desktop/Engine/venv/lib/python3.11/site-packages/airflow/example_dags/example_short_circuit_operator.py took 0.102 seconds
[2025-07-20T18:30:48.493+0530] {processor.py:186} INFO - Started process (PID=58315) to work on /Users/parth/Desktop/Engine/venv/lib/python3.11/site-packages/airflow/example_dags/example_short_circuit_operator.py
[2025-07-20T18:30:48.494+0530] {processor.py:914} INFO - Processing file /Users/parth/Desktop/Engine/venv/lib/python3.11/site-packages/airflow/example_dags/example_short_circuit_operator.py for tasks to queue
[2025-07-20T18:30:48.495+0530] {logging_mixin.py:190} INFO - [2025-07-20T18:30:48.495+0530] {dagbag.py:588} INFO - Filling up the DagBag from /Users/parth/Desktop/Engine/venv/lib/python3.11/site-packages/airflow/example_dags/example_short_circuit_operator.py
[2025-07-20T18:30:48.514+0530] {processor.py:925} INFO - DAG(s) 'example_short_circuit_operator' retrieved from /Users/parth/Desktop/Engine/venv/lib/python3.11/site-packages/airflow/example_dags/example_short_circuit_operator.py
[2025-07-20T18:30:48.576+0530] {logging_mixin.py:190} INFO - [2025-07-20T18:30:48.576+0530] {dag.py:3239} INFO - Sync 1 DAGs
[2025-07-20T18:30:48.583+0530] {logging_mixin.py:190} INFO - [2025-07-20T18:30:48.582+0530] {dag.py:4180} INFO - Setting next_dagrun for example_short_circuit_operator to None, run_after=None
[2025-07-20T18:30:48.593+0530] {processor.py:208} INFO - Processing /Users/parth/Desktop/Engine/venv/lib/python3.11/site-packages/airflow/example_dags/example_short_circuit_operator.py took 0.103 seconds
[2025-07-20T18:36:26.111+0530] {processor.py:186} INFO - Started process (PID=59023) to work on /Users/parth/Desktop/Engine/venv/lib/python3.11/site-packages/airflow/example_dags/example_short_circuit_operator.py
[2025-07-20T18:36:26.111+0530] {processor.py:914} INFO - Processing file /Users/parth/Desktop/Engine/venv/lib/python3.11/site-packages/airflow/example_dags/example_short_circuit_operator.py for tasks to queue
[2025-07-20T18:36:26.112+0530] {logging_mixin.py:190} INFO - [2025-07-20T18:36:26.112+0530] {dagbag.py:588} INFO - Filling up the DagBag from /Users/parth/Desktop/Engine/venv/lib/python3.11/site-packages/airflow/example_dags/example_short_circuit_operator.py
[2025-07-20T18:36:26.131+0530] {processor.py:925} INFO - DAG(s) 'example_short_circuit_operator' retrieved from /Users/parth/Desktop/Engine/venv/lib/python3.11/site-packages/airflow/example_dags/example_short_circuit_operator.py
[2025-07-20T18:36:26.192+0530] {logging_mixin.py:190} INFO - [2025-07-20T18:36:26.192+0530] {dag.py:3239} INFO - Sync 1 DAGs
[2025-07-20T18:36:26.198+0530] {logging_mixin.py:190} INFO - [2025-07-20T18:36:26.198+0530] {dag.py:4180} INFO - Setting next_dagrun for example_short_circuit_operator to None, run_after=None
[2025-07-20T18:36:26.209+0530] {processor.py:208} INFO - Processing /Users/parth/Desktop/Engine/venv/lib/python3.11/site-packages/airflow/example_dags/example_short_circuit_operator.py took 0.101 seconds
[2025-07-20T18:43:55.165+0530] {processor.py:186} INFO - Started process (PID=59696) to work on /Users/parth/Desktop/Engine/venv/lib/python3.11/site-packages/airflow/example_dags/example_short_circuit_operator.py
[2025-07-20T18:43:55.167+0530] {processor.py:914} INFO - Processing file /Users/parth/Desktop/Engine/venv/lib/python3.11/site-packages/airflow/example_dags/example_short_circuit_operator.py for tasks to queue
[2025-07-20T18:43:55.167+0530] {logging_mixin.py:190} INFO - [2025-07-20T18:43:55.167+0530] {dagbag.py:588} INFO - Filling up the DagBag from /Users/parth/Desktop/Engine/venv/lib/python3.11/site-packages/airflow/example_dags/example_short_circuit_operator.py
[2025-07-20T18:43:55.186+0530] {processor.py:925} INFO - DAG(s) 'example_short_circuit_operator' retrieved from /Users/parth/Desktop/Engine/venv/lib/python3.11/site-packages/airflow/example_dags/example_short_circuit_operator.py
[2025-07-20T18:43:55.247+0530] {logging_mixin.py:190} INFO - [2025-07-20T18:43:55.247+0530] {dag.py:3239} INFO - Sync 1 DAGs
[2025-07-20T18:43:55.254+0530] {logging_mixin.py:190} INFO - [2025-07-20T18:43:55.254+0530] {dag.py:4180} INFO - Setting next_dagrun for example_short_circuit_operator to None, run_after=None
[2025-07-20T18:43:55.264+0530] {processor.py:208} INFO - Processing /Users/parth/Desktop/Engine/venv/lib/python3.11/site-packages/airflow/example_dags/example_short_circuit_operator.py took 0.101 seconds
[2025-07-20T18:53:09.830+0530] {processor.py:186} INFO - Started process (PID=60372) to work on /Users/parth/Desktop/Engine/venv/lib/python3.11/site-packages/airflow/example_dags/example_short_circuit_operator.py
[2025-07-20T18:53:09.832+0530] {processor.py:914} INFO - Processing file /Users/parth/Desktop/Engine/venv/lib/python3.11/site-packages/airflow/example_dags/example_short_circuit_operator.py for tasks to queue
[2025-07-20T18:53:09.832+0530] {logging_mixin.py:190} INFO - [2025-07-20T18:53:09.832+0530] {dagbag.py:588} INFO - Filling up the DagBag from /Users/parth/Desktop/Engine/venv/lib/python3.11/site-packages/airflow/example_dags/example_short_circuit_operator.py
[2025-07-20T18:53:09.851+0530] {processor.py:925} INFO - DAG(s) 'example_short_circuit_operator' retrieved from /Users/parth/Desktop/Engine/venv/lib/python3.11/site-packages/airflow/example_dags/example_short_circuit_operator.py
[2025-07-20T18:53:09.913+0530] {logging_mixin.py:190} INFO - [2025-07-20T18:53:09.913+0530] {dag.py:3239} INFO - Sync 1 DAGs
[2025-07-20T18:53:09.920+0530] {logging_mixin.py:190} INFO - [2025-07-20T18:53:09.920+0530] {dag.py:4180} INFO - Setting next_dagrun for example_short_circuit_operator to None, run_after=None
[2025-07-20T18:53:09.931+0530] {processor.py:208} INFO - Processing /Users/parth/Desktop/Engine/venv/lib/python3.11/site-packages/airflow/example_dags/example_short_circuit_operator.py took 0.102 seconds
[2025-07-20T19:08:24.973+0530] {processor.py:186} INFO - Started process (PID=61044) to work on /Users/parth/Desktop/Engine/venv/lib/python3.11/site-packages/airflow/example_dags/example_short_circuit_operator.py
[2025-07-20T19:08:24.975+0530] {processor.py:914} INFO - Processing file /Users/parth/Desktop/Engine/venv/lib/python3.11/site-packages/airflow/example_dags/example_short_circuit_operator.py for tasks to queue
[2025-07-20T19:08:24.975+0530] {logging_mixin.py:190} INFO - [2025-07-20T19:08:24.975+0530] {dagbag.py:588} INFO - Filling up the DagBag from /Users/parth/Desktop/Engine/venv/lib/python3.11/site-packages/airflow/example_dags/example_short_circuit_operator.py
[2025-07-20T19:08:24.994+0530] {processor.py:925} INFO - DAG(s) 'example_short_circuit_operator' retrieved from /Users/parth/Desktop/Engine/venv/lib/python3.11/site-packages/airflow/example_dags/example_short_circuit_operator.py
[2025-07-20T19:08:25.055+0530] {logging_mixin.py:190} INFO - [2025-07-20T19:08:25.055+0530] {dag.py:3239} INFO - Sync 1 DAGs
[2025-07-20T19:08:25.062+0530] {logging_mixin.py:190} INFO - [2025-07-20T19:08:25.062+0530] {dag.py:4180} INFO - Setting next_dagrun for example_short_circuit_operator to None, run_after=None
[2025-07-20T19:08:25.072+0530] {processor.py:208} INFO - Processing /Users/parth/Desktop/Engine/venv/lib/python3.11/site-packages/airflow/example_dags/example_short_circuit_operator.py took 0.101 seconds
[2025-07-20T19:11:27.878+0530] {processor.py:186} INFO - Started process (PID=61734) to work on /Users/parth/Desktop/Engine/venv/lib/python3.11/site-packages/airflow/example_dags/example_short_circuit_operator.py
[2025-07-20T19:11:27.879+0530] {processor.py:914} INFO - Processing file /Users/parth/Desktop/Engine/venv/lib/python3.11/site-packages/airflow/example_dags/example_short_circuit_operator.py for tasks to queue
[2025-07-20T19:11:27.879+0530] {logging_mixin.py:190} INFO - [2025-07-20T19:11:27.879+0530] {dagbag.py:588} INFO - Filling up the DagBag from /Users/parth/Desktop/Engine/venv/lib/python3.11/site-packages/airflow/example_dags/example_short_circuit_operator.py
[2025-07-20T19:11:27.898+0530] {processor.py:925} INFO - DAG(s) 'example_short_circuit_operator' retrieved from /Users/parth/Desktop/Engine/venv/lib/python3.11/site-packages/airflow/example_dags/example_short_circuit_operator.py
[2025-07-20T19:11:27.960+0530] {logging_mixin.py:190} INFO - [2025-07-20T19:11:27.959+0530] {dag.py:3239} INFO - Sync 1 DAGs
[2025-07-20T19:11:27.966+0530] {logging_mixin.py:190} INFO - [2025-07-20T19:11:27.966+0530] {dag.py:4180} INFO - Setting next_dagrun for example_short_circuit_operator to None, run_after=None
[2025-07-20T19:11:27.977+0530] {processor.py:208} INFO - Processing /Users/parth/Desktop/Engine/venv/lib/python3.11/site-packages/airflow/example_dags/example_short_circuit_operator.py took 0.101 seconds
