[2025-07-20T16:20:16.926+0530] {processor.py:186} INFO - Started process (PID=34606) to work on /Users/parth/Desktop/Engine/venv/lib/python3.11/site-packages/airflow/example_dags/example_time_delta_sensor_async.py
[2025-07-20T16:20:16.927+0530] {processor.py:914} INFO - Processing file /Users/parth/Desktop/Engine/venv/lib/python3.11/site-packages/airflow/example_dags/example_time_delta_sensor_async.py for tasks to queue
[2025-07-20T16:20:16.927+0530] {logging_mixin.py:190} INFO - [2025-07-20T16:20:16.927+0530] {dagbag.py:588} INFO - Filling up the DagBag from /Users/parth/Desktop/Engine/venv/lib/python3.11/site-packages/airflow/example_dags/example_time_delta_sensor_async.py
[2025-07-20T16:20:16.933+0530] {processor.py:925} INFO - DAG(s) 'example_time_delta_sensor_async' retrieved from /Users/parth/Desktop/Engine/venv/lib/python3.11/site-packages/airflow/example_dags/example_time_delta_sensor_async.py
[2025-07-20T16:20:17.488+0530] {logging_mixin.py:190} INFO - [2025-07-20T16:20:17.488+0530] {dag.py:3239} INFO - Sync 1 DAGs
[2025-07-20T16:20:17.495+0530] {logging_mixin.py:190} INFO - [2025-07-20T16:20:17.495+0530] {dag.py:4180} INFO - Setting next_dagrun for example_time_delta_sensor_async to None, run_after=None
[2025-07-20T16:20:17.507+0530] {processor.py:208} INFO - Processing /Users/parth/Desktop/Engine/venv/lib/python3.11/site-packages/airflow/example_dags/example_time_delta_sensor_async.py took 0.584 seconds
[2025-07-20T16:22:57.634+0530] {processor.py:186} INFO - Started process (PID=35685) to work on /Users/parth/Desktop/Engine/venv/lib/python3.11/site-packages/airflow/example_dags/example_time_delta_sensor_async.py
[2025-07-20T16:22:57.636+0530] {processor.py:914} INFO - Processing file /Users/parth/Desktop/Engine/venv/lib/python3.11/site-packages/airflow/example_dags/example_time_delta_sensor_async.py for tasks to queue
[2025-07-20T16:22:57.636+0530] {logging_mixin.py:190} INFO - [2025-07-20T16:22:57.636+0530] {dagbag.py:588} INFO - Filling up the DagBag from /Users/parth/Desktop/Engine/venv/lib/python3.11/site-packages/airflow/example_dags/example_time_delta_sensor_async.py
[2025-07-20T16:22:57.643+0530] {processor.py:925} INFO - DAG(s) 'example_time_delta_sensor_async' retrieved from /Users/parth/Desktop/Engine/venv/lib/python3.11/site-packages/airflow/example_dags/example_time_delta_sensor_async.py
[2025-07-20T16:22:58.465+0530] {logging_mixin.py:190} INFO - [2025-07-20T16:22:58.464+0530] {dag.py:3239} INFO - Sync 1 DAGs
[2025-07-20T16:22:58.474+0530] {logging_mixin.py:190} INFO - [2025-07-20T16:22:58.473+0530] {dag.py:4180} INFO - Setting next_dagrun for example_time_delta_sensor_async to None, run_after=None
[2025-07-20T16:22:58.495+0530] {processor.py:208} INFO - Processing /Users/parth/Desktop/Engine/venv/lib/python3.11/site-packages/airflow/example_dags/example_time_delta_sensor_async.py took 0.864 seconds
[2025-07-20T16:25:20.883+0530] {processor.py:186} INFO - Started process (PID=36725) to work on /Users/parth/Desktop/Engine/venv/lib/python3.11/site-packages/airflow/example_dags/example_time_delta_sensor_async.py
[2025-07-20T16:25:20.884+0530] {processor.py:914} INFO - Processing file /Users/parth/Desktop/Engine/venv/lib/python3.11/site-packages/airflow/example_dags/example_time_delta_sensor_async.py for tasks to queue
[2025-07-20T16:25:20.885+0530] {logging_mixin.py:190} INFO - [2025-07-20T16:25:20.885+0530] {dagbag.py:588} INFO - Filling up the DagBag from /Users/parth/Desktop/Engine/venv/lib/python3.11/site-packages/airflow/example_dags/example_time_delta_sensor_async.py
[2025-07-20T16:25:20.893+0530] {processor.py:925} INFO - DAG(s) 'example_time_delta_sensor_async' retrieved from /Users/parth/Desktop/Engine/venv/lib/python3.11/site-packages/airflow/example_dags/example_time_delta_sensor_async.py
[2025-07-20T16:25:21.804+0530] {logging_mixin.py:190} INFO - [2025-07-20T16:25:21.804+0530] {dag.py:3239} INFO - Sync 1 DAGs
[2025-07-20T16:25:21.812+0530] {logging_mixin.py:190} INFO - [2025-07-20T16:25:21.812+0530] {dag.py:4180} INFO - Setting next_dagrun for example_time_delta_sensor_async to None, run_after=None
[2025-07-20T16:25:21.828+0530] {processor.py:208} INFO - Processing /Users/parth/Desktop/Engine/venv/lib/python3.11/site-packages/airflow/example_dags/example_time_delta_sensor_async.py took 0.947 seconds
[2025-07-20T16:27:29.068+0530] {processor.py:186} INFO - Started process (PID=37573) to work on /Users/parth/Desktop/Engine/venv/lib/python3.11/site-packages/airflow/example_dags/example_time_delta_sensor_async.py
[2025-07-20T16:27:29.069+0530] {processor.py:914} INFO - Processing file /Users/parth/Desktop/Engine/venv/lib/python3.11/site-packages/airflow/example_dags/example_time_delta_sensor_async.py for tasks to queue
[2025-07-20T16:27:29.069+0530] {logging_mixin.py:190} INFO - [2025-07-20T16:27:29.069+0530] {dagbag.py:588} INFO - Filling up the DagBag from /Users/parth/Desktop/Engine/venv/lib/python3.11/site-packages/airflow/example_dags/example_time_delta_sensor_async.py
[2025-07-20T16:27:29.074+0530] {processor.py:925} INFO - DAG(s) 'example_time_delta_sensor_async' retrieved from /Users/parth/Desktop/Engine/venv/lib/python3.11/site-packages/airflow/example_dags/example_time_delta_sensor_async.py
[2025-07-20T16:27:29.730+0530] {logging_mixin.py:190} INFO - [2025-07-20T16:27:29.729+0530] {dag.py:3239} INFO - Sync 1 DAGs
[2025-07-20T16:27:29.736+0530] {logging_mixin.py:190} INFO - [2025-07-20T16:27:29.736+0530] {dag.py:4180} INFO - Setting next_dagrun for example_time_delta_sensor_async to None, run_after=None
[2025-07-20T16:27:29.748+0530] {processor.py:208} INFO - Processing /Users/parth/Desktop/Engine/venv/lib/python3.11/site-packages/airflow/example_dags/example_time_delta_sensor_async.py took 0.683 seconds
[2025-07-20T16:29:38.756+0530] {processor.py:186} INFO - Started process (PID=38485) to work on /Users/parth/Desktop/Engine/venv/lib/python3.11/site-packages/airflow/example_dags/example_time_delta_sensor_async.py
[2025-07-20T16:29:38.758+0530] {processor.py:914} INFO - Processing file /Users/parth/Desktop/Engine/venv/lib/python3.11/site-packages/airflow/example_dags/example_time_delta_sensor_async.py for tasks to queue
[2025-07-20T16:29:38.759+0530] {logging_mixin.py:190} INFO - [2025-07-20T16:29:38.758+0530] {dagbag.py:588} INFO - Filling up the DagBag from /Users/parth/Desktop/Engine/venv/lib/python3.11/site-packages/airflow/example_dags/example_time_delta_sensor_async.py
[2025-07-20T16:29:38.764+0530] {processor.py:925} INFO - DAG(s) 'example_time_delta_sensor_async' retrieved from /Users/parth/Desktop/Engine/venv/lib/python3.11/site-packages/airflow/example_dags/example_time_delta_sensor_async.py
[2025-07-20T16:29:39.345+0530] {logging_mixin.py:190} INFO - [2025-07-20T16:29:39.345+0530] {dag.py:3239} INFO - Sync 1 DAGs
[2025-07-20T16:29:39.351+0530] {logging_mixin.py:190} INFO - [2025-07-20T16:29:39.351+0530] {dag.py:4180} INFO - Setting next_dagrun for example_time_delta_sensor_async to None, run_after=None
[2025-07-20T16:29:39.363+0530] {processor.py:208} INFO - Processing /Users/parth/Desktop/Engine/venv/lib/python3.11/site-packages/airflow/example_dags/example_time_delta_sensor_async.py took 0.610 seconds
[2025-07-20T16:31:45.321+0530] {processor.py:186} INFO - Started process (PID=39432) to work on /Users/parth/Desktop/Engine/venv/lib/python3.11/site-packages/airflow/example_dags/example_time_delta_sensor_async.py
[2025-07-20T16:31:45.323+0530] {processor.py:914} INFO - Processing file /Users/parth/Desktop/Engine/venv/lib/python3.11/site-packages/airflow/example_dags/example_time_delta_sensor_async.py for tasks to queue
[2025-07-20T16:31:45.323+0530] {logging_mixin.py:190} INFO - [2025-07-20T16:31:45.323+0530] {dagbag.py:588} INFO - Filling up the DagBag from /Users/parth/Desktop/Engine/venv/lib/python3.11/site-packages/airflow/example_dags/example_time_delta_sensor_async.py
[2025-07-20T16:31:45.329+0530] {processor.py:925} INFO - DAG(s) 'example_time_delta_sensor_async' retrieved from /Users/parth/Desktop/Engine/venv/lib/python3.11/site-packages/airflow/example_dags/example_time_delta_sensor_async.py
[2025-07-20T16:31:45.939+0530] {logging_mixin.py:190} INFO - [2025-07-20T16:31:45.939+0530] {dag.py:3239} INFO - Sync 1 DAGs
[2025-07-20T16:31:45.946+0530] {logging_mixin.py:190} INFO - [2025-07-20T16:31:45.945+0530] {dag.py:4180} INFO - Setting next_dagrun for example_time_delta_sensor_async to None, run_after=None
[2025-07-20T16:31:45.958+0530] {processor.py:208} INFO - Processing /Users/parth/Desktop/Engine/venv/lib/python3.11/site-packages/airflow/example_dags/example_time_delta_sensor_async.py took 0.639 seconds
[2025-07-20T16:34:00.661+0530] {processor.py:186} INFO - Started process (PID=40442) to work on /Users/parth/Desktop/Engine/venv/lib/python3.11/site-packages/airflow/example_dags/example_time_delta_sensor_async.py
[2025-07-20T16:34:00.662+0530] {processor.py:914} INFO - Processing file /Users/parth/Desktop/Engine/venv/lib/python3.11/site-packages/airflow/example_dags/example_time_delta_sensor_async.py for tasks to queue
[2025-07-20T16:34:00.663+0530] {logging_mixin.py:190} INFO - [2025-07-20T16:34:00.663+0530] {dagbag.py:588} INFO - Filling up the DagBag from /Users/parth/Desktop/Engine/venv/lib/python3.11/site-packages/airflow/example_dags/example_time_delta_sensor_async.py
[2025-07-20T16:34:00.669+0530] {processor.py:925} INFO - DAG(s) 'example_time_delta_sensor_async' retrieved from /Users/parth/Desktop/Engine/venv/lib/python3.11/site-packages/airflow/example_dags/example_time_delta_sensor_async.py
[2025-07-20T16:34:01.429+0530] {logging_mixin.py:190} INFO - [2025-07-20T16:34:01.429+0530] {dag.py:3239} INFO - Sync 1 DAGs
[2025-07-20T16:34:01.436+0530] {logging_mixin.py:190} INFO - [2025-07-20T16:34:01.436+0530] {dag.py:4180} INFO - Setting next_dagrun for example_time_delta_sensor_async to None, run_after=None
[2025-07-20T16:34:01.447+0530] {processor.py:208} INFO - Processing /Users/parth/Desktop/Engine/venv/lib/python3.11/site-packages/airflow/example_dags/example_time_delta_sensor_async.py took 0.789 seconds
[2025-07-20T16:36:16.593+0530] {processor.py:186} INFO - Started process (PID=41319) to work on /Users/parth/Desktop/Engine/venv/lib/python3.11/site-packages/airflow/example_dags/example_time_delta_sensor_async.py
[2025-07-20T16:36:16.595+0530] {processor.py:914} INFO - Processing file /Users/parth/Desktop/Engine/venv/lib/python3.11/site-packages/airflow/example_dags/example_time_delta_sensor_async.py for tasks to queue
[2025-07-20T16:36:16.595+0530] {logging_mixin.py:190} INFO - [2025-07-20T16:36:16.595+0530] {dagbag.py:588} INFO - Filling up the DagBag from /Users/parth/Desktop/Engine/venv/lib/python3.11/site-packages/airflow/example_dags/example_time_delta_sensor_async.py
[2025-07-20T16:36:16.601+0530] {processor.py:925} INFO - DAG(s) 'example_time_delta_sensor_async' retrieved from /Users/parth/Desktop/Engine/venv/lib/python3.11/site-packages/airflow/example_dags/example_time_delta_sensor_async.py
[2025-07-20T16:36:17.128+0530] {logging_mixin.py:190} INFO - [2025-07-20T16:36:17.128+0530] {dag.py:3239} INFO - Sync 1 DAGs
[2025-07-20T16:36:17.135+0530] {logging_mixin.py:190} INFO - [2025-07-20T16:36:17.135+0530] {dag.py:4180} INFO - Setting next_dagrun for example_time_delta_sensor_async to None, run_after=None
[2025-07-20T16:36:17.146+0530] {processor.py:208} INFO - Processing /Users/parth/Desktop/Engine/venv/lib/python3.11/site-packages/airflow/example_dags/example_time_delta_sensor_async.py took 0.555 seconds
[2025-07-20T16:38:38.443+0530] {processor.py:186} INFO - Started process (PID=42281) to work on /Users/parth/Desktop/Engine/venv/lib/python3.11/site-packages/airflow/example_dags/example_time_delta_sensor_async.py
[2025-07-20T16:38:38.444+0530] {processor.py:914} INFO - Processing file /Users/parth/Desktop/Engine/venv/lib/python3.11/site-packages/airflow/example_dags/example_time_delta_sensor_async.py for tasks to queue
[2025-07-20T16:38:38.444+0530] {logging_mixin.py:190} INFO - [2025-07-20T16:38:38.444+0530] {dagbag.py:588} INFO - Filling up the DagBag from /Users/parth/Desktop/Engine/venv/lib/python3.11/site-packages/airflow/example_dags/example_time_delta_sensor_async.py
[2025-07-20T16:38:38.450+0530] {processor.py:925} INFO - DAG(s) 'example_time_delta_sensor_async' retrieved from /Users/parth/Desktop/Engine/venv/lib/python3.11/site-packages/airflow/example_dags/example_time_delta_sensor_async.py
[2025-07-20T16:38:39.038+0530] {logging_mixin.py:190} INFO - [2025-07-20T16:38:39.038+0530] {dag.py:3239} INFO - Sync 1 DAGs
[2025-07-20T16:38:39.046+0530] {logging_mixin.py:190} INFO - [2025-07-20T16:38:39.045+0530] {dag.py:4180} INFO - Setting next_dagrun for example_time_delta_sensor_async to None, run_after=None
[2025-07-20T16:38:39.056+0530] {processor.py:208} INFO - Processing /Users/parth/Desktop/Engine/venv/lib/python3.11/site-packages/airflow/example_dags/example_time_delta_sensor_async.py took 0.616 seconds
[2025-07-20T16:40:48.024+0530] {processor.py:186} INFO - Started process (PID=43092) to work on /Users/parth/Desktop/Engine/venv/lib/python3.11/site-packages/airflow/example_dags/example_time_delta_sensor_async.py
[2025-07-20T16:40:48.024+0530] {processor.py:914} INFO - Processing file /Users/parth/Desktop/Engine/venv/lib/python3.11/site-packages/airflow/example_dags/example_time_delta_sensor_async.py for tasks to queue
[2025-07-20T16:40:48.025+0530] {logging_mixin.py:190} INFO - [2025-07-20T16:40:48.025+0530] {dagbag.py:588} INFO - Filling up the DagBag from /Users/parth/Desktop/Engine/venv/lib/python3.11/site-packages/airflow/example_dags/example_time_delta_sensor_async.py
[2025-07-20T16:40:48.031+0530] {processor.py:925} INFO - DAG(s) 'example_time_delta_sensor_async' retrieved from /Users/parth/Desktop/Engine/venv/lib/python3.11/site-packages/airflow/example_dags/example_time_delta_sensor_async.py
[2025-07-20T16:40:48.605+0530] {logging_mixin.py:190} INFO - [2025-07-20T16:40:48.604+0530] {dag.py:3239} INFO - Sync 1 DAGs
[2025-07-20T16:40:48.613+0530] {logging_mixin.py:190} INFO - [2025-07-20T16:40:48.612+0530] {dag.py:4180} INFO - Setting next_dagrun for example_time_delta_sensor_async to None, run_after=None
[2025-07-20T16:40:48.626+0530] {processor.py:208} INFO - Processing /Users/parth/Desktop/Engine/venv/lib/python3.11/site-packages/airflow/example_dags/example_time_delta_sensor_async.py took 0.605 seconds
[2025-07-20T16:42:56.530+0530] {processor.py:186} INFO - Started process (PID=43911) to work on /Users/parth/Desktop/Engine/venv/lib/python3.11/site-packages/airflow/example_dags/example_time_delta_sensor_async.py
[2025-07-20T16:42:56.531+0530] {processor.py:914} INFO - Processing file /Users/parth/Desktop/Engine/venv/lib/python3.11/site-packages/airflow/example_dags/example_time_delta_sensor_async.py for tasks to queue
[2025-07-20T16:42:56.532+0530] {logging_mixin.py:190} INFO - [2025-07-20T16:42:56.532+0530] {dagbag.py:588} INFO - Filling up the DagBag from /Users/parth/Desktop/Engine/venv/lib/python3.11/site-packages/airflow/example_dags/example_time_delta_sensor_async.py
[2025-07-20T16:42:56.538+0530] {processor.py:925} INFO - DAG(s) 'example_time_delta_sensor_async' retrieved from /Users/parth/Desktop/Engine/venv/lib/python3.11/site-packages/airflow/example_dags/example_time_delta_sensor_async.py
[2025-07-20T16:42:57.133+0530] {logging_mixin.py:190} INFO - [2025-07-20T16:42:57.133+0530] {dag.py:3239} INFO - Sync 1 DAGs
[2025-07-20T16:42:57.140+0530] {logging_mixin.py:190} INFO - [2025-07-20T16:42:57.140+0530] {dag.py:4180} INFO - Setting next_dagrun for example_time_delta_sensor_async to None, run_after=None
[2025-07-20T16:42:57.151+0530] {processor.py:208} INFO - Processing /Users/parth/Desktop/Engine/venv/lib/python3.11/site-packages/airflow/example_dags/example_time_delta_sensor_async.py took 0.623 seconds
[2025-07-20T16:45:02.242+0530] {processor.py:186} INFO - Started process (PID=44734) to work on /Users/parth/Desktop/Engine/venv/lib/python3.11/site-packages/airflow/example_dags/example_time_delta_sensor_async.py
[2025-07-20T16:45:02.243+0530] {processor.py:914} INFO - Processing file /Users/parth/Desktop/Engine/venv/lib/python3.11/site-packages/airflow/example_dags/example_time_delta_sensor_async.py for tasks to queue
[2025-07-20T16:45:02.244+0530] {logging_mixin.py:190} INFO - [2025-07-20T16:45:02.243+0530] {dagbag.py:588} INFO - Filling up the DagBag from /Users/parth/Desktop/Engine/venv/lib/python3.11/site-packages/airflow/example_dags/example_time_delta_sensor_async.py
[2025-07-20T16:45:02.249+0530] {processor.py:925} INFO - DAG(s) 'example_time_delta_sensor_async' retrieved from /Users/parth/Desktop/Engine/venv/lib/python3.11/site-packages/airflow/example_dags/example_time_delta_sensor_async.py
[2025-07-20T16:45:02.838+0530] {logging_mixin.py:190} INFO - [2025-07-20T16:45:02.838+0530] {dag.py:3239} INFO - Sync 1 DAGs
[2025-07-20T16:45:02.845+0530] {logging_mixin.py:190} INFO - [2025-07-20T16:45:02.844+0530] {dag.py:4180} INFO - Setting next_dagrun for example_time_delta_sensor_async to None, run_after=None
[2025-07-20T16:45:02.856+0530] {processor.py:208} INFO - Processing /Users/parth/Desktop/Engine/venv/lib/python3.11/site-packages/airflow/example_dags/example_time_delta_sensor_async.py took 0.617 seconds
[2025-07-20T16:47:04.411+0530] {processor.py:186} INFO - Started process (PID=45516) to work on /Users/parth/Desktop/Engine/venv/lib/python3.11/site-packages/airflow/example_dags/example_time_delta_sensor_async.py
[2025-07-20T16:47:04.412+0530] {processor.py:914} INFO - Processing file /Users/parth/Desktop/Engine/venv/lib/python3.11/site-packages/airflow/example_dags/example_time_delta_sensor_async.py for tasks to queue
[2025-07-20T16:47:04.413+0530] {logging_mixin.py:190} INFO - [2025-07-20T16:47:04.413+0530] {dagbag.py:588} INFO - Filling up the DagBag from /Users/parth/Desktop/Engine/venv/lib/python3.11/site-packages/airflow/example_dags/example_time_delta_sensor_async.py
[2025-07-20T16:47:04.418+0530] {processor.py:925} INFO - DAG(s) 'example_time_delta_sensor_async' retrieved from /Users/parth/Desktop/Engine/venv/lib/python3.11/site-packages/airflow/example_dags/example_time_delta_sensor_async.py
[2025-07-20T16:47:05.078+0530] {logging_mixin.py:190} INFO - [2025-07-20T16:47:05.078+0530] {dag.py:3239} INFO - Sync 1 DAGs
[2025-07-20T16:47:05.085+0530] {logging_mixin.py:190} INFO - [2025-07-20T16:47:05.084+0530] {dag.py:4180} INFO - Setting next_dagrun for example_time_delta_sensor_async to None, run_after=None
[2025-07-20T16:47:05.096+0530] {processor.py:208} INFO - Processing /Users/parth/Desktop/Engine/venv/lib/python3.11/site-packages/airflow/example_dags/example_time_delta_sensor_async.py took 0.688 seconds
[2025-07-20T16:49:01.250+0530] {processor.py:186} INFO - Started process (PID=46280) to work on /Users/parth/Desktop/Engine/venv/lib/python3.11/site-packages/airflow/example_dags/example_time_delta_sensor_async.py
[2025-07-20T16:49:01.251+0530] {processor.py:914} INFO - Processing file /Users/parth/Desktop/Engine/venv/lib/python3.11/site-packages/airflow/example_dags/example_time_delta_sensor_async.py for tasks to queue
[2025-07-20T16:49:01.252+0530] {logging_mixin.py:190} INFO - [2025-07-20T16:49:01.252+0530] {dagbag.py:588} INFO - Filling up the DagBag from /Users/parth/Desktop/Engine/venv/lib/python3.11/site-packages/airflow/example_dags/example_time_delta_sensor_async.py
[2025-07-20T16:49:01.258+0530] {processor.py:925} INFO - DAG(s) 'example_time_delta_sensor_async' retrieved from /Users/parth/Desktop/Engine/venv/lib/python3.11/site-packages/airflow/example_dags/example_time_delta_sensor_async.py
[2025-07-20T16:49:01.783+0530] {logging_mixin.py:190} INFO - [2025-07-20T16:49:01.783+0530] {dag.py:3239} INFO - Sync 1 DAGs
[2025-07-20T16:49:01.790+0530] {logging_mixin.py:190} INFO - [2025-07-20T16:49:01.789+0530] {dag.py:4180} INFO - Setting next_dagrun for example_time_delta_sensor_async to None, run_after=None
[2025-07-20T16:49:01.800+0530] {processor.py:208} INFO - Processing /Users/parth/Desktop/Engine/venv/lib/python3.11/site-packages/airflow/example_dags/example_time_delta_sensor_async.py took 0.553 seconds
[2025-07-20T16:50:56.249+0530] {processor.py:186} INFO - Started process (PID=47052) to work on /Users/parth/Desktop/Engine/venv/lib/python3.11/site-packages/airflow/example_dags/example_time_delta_sensor_async.py
[2025-07-20T16:50:56.250+0530] {processor.py:914} INFO - Processing file /Users/parth/Desktop/Engine/venv/lib/python3.11/site-packages/airflow/example_dags/example_time_delta_sensor_async.py for tasks to queue
[2025-07-20T16:50:56.251+0530] {logging_mixin.py:190} INFO - [2025-07-20T16:50:56.251+0530] {dagbag.py:588} INFO - Filling up the DagBag from /Users/parth/Desktop/Engine/venv/lib/python3.11/site-packages/airflow/example_dags/example_time_delta_sensor_async.py
[2025-07-20T16:50:56.256+0530] {processor.py:925} INFO - DAG(s) 'example_time_delta_sensor_async' retrieved from /Users/parth/Desktop/Engine/venv/lib/python3.11/site-packages/airflow/example_dags/example_time_delta_sensor_async.py
[2025-07-20T16:50:56.758+0530] {logging_mixin.py:190} INFO - [2025-07-20T16:50:56.758+0530] {dag.py:3239} INFO - Sync 1 DAGs
[2025-07-20T16:50:56.765+0530] {logging_mixin.py:190} INFO - [2025-07-20T16:50:56.764+0530] {dag.py:4180} INFO - Setting next_dagrun for example_time_delta_sensor_async to None, run_after=None
[2025-07-20T16:50:56.775+0530] {processor.py:208} INFO - Processing /Users/parth/Desktop/Engine/venv/lib/python3.11/site-packages/airflow/example_dags/example_time_delta_sensor_async.py took 0.529 seconds
[2025-07-20T17:50:27.550+0530] {processor.py:186} INFO - Started process (PID=47876) to work on /Users/parth/Desktop/Engine/venv/lib/python3.11/site-packages/airflow/example_dags/example_time_delta_sensor_async.py
[2025-07-20T17:50:27.551+0530] {processor.py:914} INFO - Processing file /Users/parth/Desktop/Engine/venv/lib/python3.11/site-packages/airflow/example_dags/example_time_delta_sensor_async.py for tasks to queue
[2025-07-20T17:50:27.552+0530] {logging_mixin.py:190} INFO - [2025-07-20T17:50:27.551+0530] {dagbag.py:588} INFO - Filling up the DagBag from /Users/parth/Desktop/Engine/venv/lib/python3.11/site-packages/airflow/example_dags/example_time_delta_sensor_async.py
[2025-07-20T17:50:27.557+0530] {processor.py:925} INFO - DAG(s) 'example_time_delta_sensor_async' retrieved from /Users/parth/Desktop/Engine/venv/lib/python3.11/site-packages/airflow/example_dags/example_time_delta_sensor_async.py
[2025-07-20T17:50:28.130+0530] {logging_mixin.py:190} INFO - [2025-07-20T17:50:28.130+0530] {dag.py:3239} INFO - Sync 1 DAGs
[2025-07-20T17:50:28.137+0530] {logging_mixin.py:190} INFO - [2025-07-20T17:50:28.136+0530] {dag.py:4180} INFO - Setting next_dagrun for example_time_delta_sensor_async to None, run_after=None
[2025-07-20T17:50:28.147+0530] {processor.py:208} INFO - Processing /Users/parth/Desktop/Engine/venv/lib/python3.11/site-packages/airflow/example_dags/example_time_delta_sensor_async.py took 0.599 seconds
[2025-07-20T17:52:17.996+0530] {processor.py:186} INFO - Started process (PID=48602) to work on /Users/parth/Desktop/Engine/venv/lib/python3.11/site-packages/airflow/example_dags/example_time_delta_sensor_async.py
[2025-07-20T17:52:17.997+0530] {processor.py:914} INFO - Processing file /Users/parth/Desktop/Engine/venv/lib/python3.11/site-packages/airflow/example_dags/example_time_delta_sensor_async.py for tasks to queue
[2025-07-20T17:52:17.998+0530] {logging_mixin.py:190} INFO - [2025-07-20T17:52:17.997+0530] {dagbag.py:588} INFO - Filling up the DagBag from /Users/parth/Desktop/Engine/venv/lib/python3.11/site-packages/airflow/example_dags/example_time_delta_sensor_async.py
[2025-07-20T17:52:18.003+0530] {processor.py:925} INFO - DAG(s) 'example_time_delta_sensor_async' retrieved from /Users/parth/Desktop/Engine/venv/lib/python3.11/site-packages/airflow/example_dags/example_time_delta_sensor_async.py
[2025-07-20T17:52:18.511+0530] {logging_mixin.py:190} INFO - [2025-07-20T17:52:18.511+0530] {dag.py:3239} INFO - Sync 1 DAGs
[2025-07-20T17:52:18.518+0530] {logging_mixin.py:190} INFO - [2025-07-20T17:52:18.518+0530] {dag.py:4180} INFO - Setting next_dagrun for example_time_delta_sensor_async to None, run_after=None
[2025-07-20T17:52:18.529+0530] {processor.py:208} INFO - Processing /Users/parth/Desktop/Engine/venv/lib/python3.11/site-packages/airflow/example_dags/example_time_delta_sensor_async.py took 0.536 seconds
[2025-07-20T17:54:19.550+0530] {processor.py:186} INFO - Started process (PID=49392) to work on /Users/parth/Desktop/Engine/venv/lib/python3.11/site-packages/airflow/example_dags/example_time_delta_sensor_async.py
[2025-07-20T17:54:19.551+0530] {processor.py:914} INFO - Processing file /Users/parth/Desktop/Engine/venv/lib/python3.11/site-packages/airflow/example_dags/example_time_delta_sensor_async.py for tasks to queue
[2025-07-20T17:54:19.552+0530] {logging_mixin.py:190} INFO - [2025-07-20T17:54:19.552+0530] {dagbag.py:588} INFO - Filling up the DagBag from /Users/parth/Desktop/Engine/venv/lib/python3.11/site-packages/airflow/example_dags/example_time_delta_sensor_async.py
[2025-07-20T17:54:19.557+0530] {processor.py:925} INFO - DAG(s) 'example_time_delta_sensor_async' retrieved from /Users/parth/Desktop/Engine/venv/lib/python3.11/site-packages/airflow/example_dags/example_time_delta_sensor_async.py
[2025-07-20T17:54:20.061+0530] {logging_mixin.py:190} INFO - [2025-07-20T17:54:20.061+0530] {dag.py:3239} INFO - Sync 1 DAGs
[2025-07-20T17:54:20.067+0530] {logging_mixin.py:190} INFO - [2025-07-20T17:54:20.067+0530] {dag.py:4180} INFO - Setting next_dagrun for example_time_delta_sensor_async to None, run_after=None
[2025-07-20T17:54:20.078+0530] {processor.py:208} INFO - Processing /Users/parth/Desktop/Engine/venv/lib/python3.11/site-packages/airflow/example_dags/example_time_delta_sensor_async.py took 0.530 seconds
[2025-07-20T17:56:17.070+0530] {processor.py:186} INFO - Started process (PID=50138) to work on /Users/parth/Desktop/Engine/venv/lib/python3.11/site-packages/airflow/example_dags/example_time_delta_sensor_async.py
[2025-07-20T17:56:17.071+0530] {processor.py:914} INFO - Processing file /Users/parth/Desktop/Engine/venv/lib/python3.11/site-packages/airflow/example_dags/example_time_delta_sensor_async.py for tasks to queue
[2025-07-20T17:56:17.072+0530] {logging_mixin.py:190} INFO - [2025-07-20T17:56:17.071+0530] {dagbag.py:588} INFO - Filling up the DagBag from /Users/parth/Desktop/Engine/venv/lib/python3.11/site-packages/airflow/example_dags/example_time_delta_sensor_async.py
[2025-07-20T17:56:17.077+0530] {processor.py:925} INFO - DAG(s) 'example_time_delta_sensor_async' retrieved from /Users/parth/Desktop/Engine/venv/lib/python3.11/site-packages/airflow/example_dags/example_time_delta_sensor_async.py
[2025-07-20T17:56:17.618+0530] {logging_mixin.py:190} INFO - [2025-07-20T17:56:17.618+0530] {dag.py:3239} INFO - Sync 1 DAGs
[2025-07-20T17:56:17.625+0530] {logging_mixin.py:190} INFO - [2025-07-20T17:56:17.625+0530] {dag.py:4180} INFO - Setting next_dagrun for example_time_delta_sensor_async to None, run_after=None
[2025-07-20T17:56:17.637+0530] {processor.py:208} INFO - Processing /Users/parth/Desktop/Engine/venv/lib/python3.11/site-packages/airflow/example_dags/example_time_delta_sensor_async.py took 0.570 seconds
[2025-07-20T17:58:05.841+0530] {processor.py:186} INFO - Started process (PID=50840) to work on /Users/parth/Desktop/Engine/venv/lib/python3.11/site-packages/airflow/example_dags/example_time_delta_sensor_async.py
[2025-07-20T17:58:05.843+0530] {processor.py:914} INFO - Processing file /Users/parth/Desktop/Engine/venv/lib/python3.11/site-packages/airflow/example_dags/example_time_delta_sensor_async.py for tasks to queue
[2025-07-20T17:58:05.843+0530] {logging_mixin.py:190} INFO - [2025-07-20T17:58:05.843+0530] {dagbag.py:588} INFO - Filling up the DagBag from /Users/parth/Desktop/Engine/venv/lib/python3.11/site-packages/airflow/example_dags/example_time_delta_sensor_async.py
[2025-07-20T17:58:05.849+0530] {processor.py:925} INFO - DAG(s) 'example_time_delta_sensor_async' retrieved from /Users/parth/Desktop/Engine/venv/lib/python3.11/site-packages/airflow/example_dags/example_time_delta_sensor_async.py
[2025-07-20T17:58:06.382+0530] {logging_mixin.py:190} INFO - [2025-07-20T17:58:06.381+0530] {dag.py:3239} INFO - Sync 1 DAGs
[2025-07-20T17:58:06.388+0530] {logging_mixin.py:190} INFO - [2025-07-20T17:58:06.388+0530] {dag.py:4180} INFO - Setting next_dagrun for example_time_delta_sensor_async to None, run_after=None
[2025-07-20T17:58:06.399+0530] {processor.py:208} INFO - Processing /Users/parth/Desktop/Engine/venv/lib/python3.11/site-packages/airflow/example_dags/example_time_delta_sensor_async.py took 0.560 seconds
[2025-07-20T17:59:59.250+0530] {processor.py:186} INFO - Started process (PID=51560) to work on /Users/parth/Desktop/Engine/venv/lib/python3.11/site-packages/airflow/example_dags/example_time_delta_sensor_async.py
[2025-07-20T17:59:59.251+0530] {processor.py:914} INFO - Processing file /Users/parth/Desktop/Engine/venv/lib/python3.11/site-packages/airflow/example_dags/example_time_delta_sensor_async.py for tasks to queue
[2025-07-20T17:59:59.252+0530] {logging_mixin.py:190} INFO - [2025-07-20T17:59:59.252+0530] {dagbag.py:588} INFO - Filling up the DagBag from /Users/parth/Desktop/Engine/venv/lib/python3.11/site-packages/airflow/example_dags/example_time_delta_sensor_async.py
[2025-07-20T17:59:59.257+0530] {processor.py:925} INFO - DAG(s) 'example_time_delta_sensor_async' retrieved from /Users/parth/Desktop/Engine/venv/lib/python3.11/site-packages/airflow/example_dags/example_time_delta_sensor_async.py
[2025-07-20T17:59:59.766+0530] {logging_mixin.py:190} INFO - [2025-07-20T17:59:59.765+0530] {dag.py:3239} INFO - Sync 1 DAGs
[2025-07-20T17:59:59.772+0530] {logging_mixin.py:190} INFO - [2025-07-20T17:59:59.772+0530] {dag.py:4180} INFO - Setting next_dagrun for example_time_delta_sensor_async to None, run_after=None
[2025-07-20T17:59:59.784+0530] {processor.py:208} INFO - Processing /Users/parth/Desktop/Engine/venv/lib/python3.11/site-packages/airflow/example_dags/example_time_delta_sensor_async.py took 0.536 seconds
[2025-07-20T18:01:55.111+0530] {processor.py:186} INFO - Started process (PID=52310) to work on /Users/parth/Desktop/Engine/venv/lib/python3.11/site-packages/airflow/example_dags/example_time_delta_sensor_async.py
[2025-07-20T18:01:55.112+0530] {processor.py:914} INFO - Processing file /Users/parth/Desktop/Engine/venv/lib/python3.11/site-packages/airflow/example_dags/example_time_delta_sensor_async.py for tasks to queue
[2025-07-20T18:01:55.113+0530] {logging_mixin.py:190} INFO - [2025-07-20T18:01:55.113+0530] {dagbag.py:588} INFO - Filling up the DagBag from /Users/parth/Desktop/Engine/venv/lib/python3.11/site-packages/airflow/example_dags/example_time_delta_sensor_async.py
[2025-07-20T18:01:55.119+0530] {processor.py:925} INFO - DAG(s) 'example_time_delta_sensor_async' retrieved from /Users/parth/Desktop/Engine/venv/lib/python3.11/site-packages/airflow/example_dags/example_time_delta_sensor_async.py
[2025-07-20T18:01:55.636+0530] {logging_mixin.py:190} INFO - [2025-07-20T18:01:55.636+0530] {dag.py:3239} INFO - Sync 1 DAGs
[2025-07-20T18:01:55.643+0530] {logging_mixin.py:190} INFO - [2025-07-20T18:01:55.643+0530] {dag.py:4180} INFO - Setting next_dagrun for example_time_delta_sensor_async to None, run_after=None
[2025-07-20T18:01:55.654+0530] {processor.py:208} INFO - Processing /Users/parth/Desktop/Engine/venv/lib/python3.11/site-packages/airflow/example_dags/example_time_delta_sensor_async.py took 0.545 seconds
[2025-07-20T18:03:55.024+0530] {processor.py:186} INFO - Started process (PID=53070) to work on /Users/parth/Desktop/Engine/venv/lib/python3.11/site-packages/airflow/example_dags/example_time_delta_sensor_async.py
[2025-07-20T18:03:55.025+0530] {processor.py:914} INFO - Processing file /Users/parth/Desktop/Engine/venv/lib/python3.11/site-packages/airflow/example_dags/example_time_delta_sensor_async.py for tasks to queue
[2025-07-20T18:03:55.026+0530] {logging_mixin.py:190} INFO - [2025-07-20T18:03:55.026+0530] {dagbag.py:588} INFO - Filling up the DagBag from /Users/parth/Desktop/Engine/venv/lib/python3.11/site-packages/airflow/example_dags/example_time_delta_sensor_async.py
[2025-07-20T18:03:55.031+0530] {processor.py:925} INFO - DAG(s) 'example_time_delta_sensor_async' retrieved from /Users/parth/Desktop/Engine/venv/lib/python3.11/site-packages/airflow/example_dags/example_time_delta_sensor_async.py
[2025-07-20T18:03:55.538+0530] {logging_mixin.py:190} INFO - [2025-07-20T18:03:55.538+0530] {dag.py:3239} INFO - Sync 1 DAGs
[2025-07-20T18:03:55.544+0530] {logging_mixin.py:190} INFO - [2025-07-20T18:03:55.544+0530] {dag.py:4180} INFO - Setting next_dagrun for example_time_delta_sensor_async to None, run_after=None
[2025-07-20T18:03:55.555+0530] {processor.py:208} INFO - Processing /Users/parth/Desktop/Engine/venv/lib/python3.11/site-packages/airflow/example_dags/example_time_delta_sensor_async.py took 0.534 seconds
[2025-07-20T18:05:50.586+0530] {processor.py:186} INFO - Started process (PID=53806) to work on /Users/parth/Desktop/Engine/venv/lib/python3.11/site-packages/airflow/example_dags/example_time_delta_sensor_async.py
[2025-07-20T18:05:50.588+0530] {processor.py:914} INFO - Processing file /Users/parth/Desktop/Engine/venv/lib/python3.11/site-packages/airflow/example_dags/example_time_delta_sensor_async.py for tasks to queue
[2025-07-20T18:05:50.588+0530] {logging_mixin.py:190} INFO - [2025-07-20T18:05:50.588+0530] {dagbag.py:588} INFO - Filling up the DagBag from /Users/parth/Desktop/Engine/venv/lib/python3.11/site-packages/airflow/example_dags/example_time_delta_sensor_async.py
[2025-07-20T18:05:50.594+0530] {processor.py:925} INFO - DAG(s) 'example_time_delta_sensor_async' retrieved from /Users/parth/Desktop/Engine/venv/lib/python3.11/site-packages/airflow/example_dags/example_time_delta_sensor_async.py
[2025-07-20T18:05:51.113+0530] {logging_mixin.py:190} INFO - [2025-07-20T18:05:51.112+0530] {dag.py:3239} INFO - Sync 1 DAGs
[2025-07-20T18:05:51.119+0530] {logging_mixin.py:190} INFO - [2025-07-20T18:05:51.119+0530] {dag.py:4180} INFO - Setting next_dagrun for example_time_delta_sensor_async to None, run_after=None
[2025-07-20T18:05:51.130+0530] {processor.py:208} INFO - Processing /Users/parth/Desktop/Engine/venv/lib/python3.11/site-packages/airflow/example_dags/example_time_delta_sensor_async.py took 0.546 seconds
[2025-07-20T18:07:44.651+0530] {processor.py:186} INFO - Started process (PID=54550) to work on /Users/parth/Desktop/Engine/venv/lib/python3.11/site-packages/airflow/example_dags/example_time_delta_sensor_async.py
[2025-07-20T18:07:44.653+0530] {processor.py:914} INFO - Processing file /Users/parth/Desktop/Engine/venv/lib/python3.11/site-packages/airflow/example_dags/example_time_delta_sensor_async.py for tasks to queue
[2025-07-20T18:07:44.653+0530] {logging_mixin.py:190} INFO - [2025-07-20T18:07:44.653+0530] {dagbag.py:588} INFO - Filling up the DagBag from /Users/parth/Desktop/Engine/venv/lib/python3.11/site-packages/airflow/example_dags/example_time_delta_sensor_async.py
[2025-07-20T18:07:44.659+0530] {processor.py:925} INFO - DAG(s) 'example_time_delta_sensor_async' retrieved from /Users/parth/Desktop/Engine/venv/lib/python3.11/site-packages/airflow/example_dags/example_time_delta_sensor_async.py
[2025-07-20T18:07:45.166+0530] {logging_mixin.py:190} INFO - [2025-07-20T18:07:45.165+0530] {dag.py:3239} INFO - Sync 1 DAGs
[2025-07-20T18:07:45.172+0530] {logging_mixin.py:190} INFO - [2025-07-20T18:07:45.172+0530] {dag.py:4180} INFO - Setting next_dagrun for example_time_delta_sensor_async to None, run_after=None
[2025-07-20T18:07:45.184+0530] {processor.py:208} INFO - Processing /Users/parth/Desktop/Engine/venv/lib/python3.11/site-packages/airflow/example_dags/example_time_delta_sensor_async.py took 0.535 seconds
[2025-07-20T18:22:59.430+0530] {processor.py:186} INFO - Started process (PID=55299) to work on /Users/parth/Desktop/Engine/venv/lib/python3.11/site-packages/airflow/example_dags/example_time_delta_sensor_async.py
[2025-07-20T18:22:59.432+0530] {processor.py:914} INFO - Processing file /Users/parth/Desktop/Engine/venv/lib/python3.11/site-packages/airflow/example_dags/example_time_delta_sensor_async.py for tasks to queue
[2025-07-20T18:22:59.433+0530] {logging_mixin.py:190} INFO - [2025-07-20T18:22:59.432+0530] {dagbag.py:588} INFO - Filling up the DagBag from /Users/parth/Desktop/Engine/venv/lib/python3.11/site-packages/airflow/example_dags/example_time_delta_sensor_async.py
[2025-07-20T18:22:59.438+0530] {processor.py:925} INFO - DAG(s) 'example_time_delta_sensor_async' retrieved from /Users/parth/Desktop/Engine/venv/lib/python3.11/site-packages/airflow/example_dags/example_time_delta_sensor_async.py
[2025-07-20T18:22:59.950+0530] {logging_mixin.py:190} INFO - [2025-07-20T18:22:59.950+0530] {dag.py:3239} INFO - Sync 1 DAGs
[2025-07-20T18:22:59.957+0530] {logging_mixin.py:190} INFO - [2025-07-20T18:22:59.957+0530] {dag.py:4180} INFO - Setting next_dagrun for example_time_delta_sensor_async to None, run_after=None
[2025-07-20T18:22:59.969+0530] {processor.py:208} INFO - Processing /Users/parth/Desktop/Engine/venv/lib/python3.11/site-packages/airflow/example_dags/example_time_delta_sensor_async.py took 0.540 seconds
[2025-07-20T18:25:07.815+0530] {processor.py:186} INFO - Started process (PID=56127) to work on /Users/parth/Desktop/Engine/venv/lib/python3.11/site-packages/airflow/example_dags/example_time_delta_sensor_async.py
[2025-07-20T18:25:07.817+0530] {processor.py:914} INFO - Processing file /Users/parth/Desktop/Engine/venv/lib/python3.11/site-packages/airflow/example_dags/example_time_delta_sensor_async.py for tasks to queue
[2025-07-20T18:25:07.817+0530] {logging_mixin.py:190} INFO - [2025-07-20T18:25:07.817+0530] {dagbag.py:588} INFO - Filling up the DagBag from /Users/parth/Desktop/Engine/venv/lib/python3.11/site-packages/airflow/example_dags/example_time_delta_sensor_async.py
[2025-07-20T18:25:07.823+0530] {processor.py:925} INFO - DAG(s) 'example_time_delta_sensor_async' retrieved from /Users/parth/Desktop/Engine/venv/lib/python3.11/site-packages/airflow/example_dags/example_time_delta_sensor_async.py
[2025-07-20T18:25:08.323+0530] {logging_mixin.py:190} INFO - [2025-07-20T18:25:08.323+0530] {dag.py:3239} INFO - Sync 1 DAGs
[2025-07-20T18:25:08.330+0530] {logging_mixin.py:190} INFO - [2025-07-20T18:25:08.330+0530] {dag.py:4180} INFO - Setting next_dagrun for example_time_delta_sensor_async to None, run_after=None
[2025-07-20T18:25:08.341+0530] {processor.py:208} INFO - Processing /Users/parth/Desktop/Engine/venv/lib/python3.11/site-packages/airflow/example_dags/example_time_delta_sensor_async.py took 0.528 seconds
[2025-07-20T18:26:53.514+0530] {processor.py:186} INFO - Started process (PID=56811) to work on /Users/parth/Desktop/Engine/venv/lib/python3.11/site-packages/airflow/example_dags/example_time_delta_sensor_async.py
[2025-07-20T18:26:53.515+0530] {processor.py:914} INFO - Processing file /Users/parth/Desktop/Engine/venv/lib/python3.11/site-packages/airflow/example_dags/example_time_delta_sensor_async.py for tasks to queue
[2025-07-20T18:26:53.516+0530] {logging_mixin.py:190} INFO - [2025-07-20T18:26:53.516+0530] {dagbag.py:588} INFO - Filling up the DagBag from /Users/parth/Desktop/Engine/venv/lib/python3.11/site-packages/airflow/example_dags/example_time_delta_sensor_async.py
[2025-07-20T18:26:53.522+0530] {processor.py:925} INFO - DAG(s) 'example_time_delta_sensor_async' retrieved from /Users/parth/Desktop/Engine/venv/lib/python3.11/site-packages/airflow/example_dags/example_time_delta_sensor_async.py
[2025-07-20T18:26:54.137+0530] {logging_mixin.py:190} INFO - [2025-07-20T18:26:54.137+0530] {dag.py:3239} INFO - Sync 1 DAGs
[2025-07-20T18:26:54.144+0530] {logging_mixin.py:190} INFO - [2025-07-20T18:26:54.143+0530] {dag.py:4180} INFO - Setting next_dagrun for example_time_delta_sensor_async to None, run_after=None
[2025-07-20T18:26:54.155+0530] {processor.py:208} INFO - Processing /Users/parth/Desktop/Engine/venv/lib/python3.11/site-packages/airflow/example_dags/example_time_delta_sensor_async.py took 0.643 seconds
[2025-07-20T18:28:43.114+0530] {processor.py:186} INFO - Started process (PID=57509) to work on /Users/parth/Desktop/Engine/venv/lib/python3.11/site-packages/airflow/example_dags/example_time_delta_sensor_async.py
[2025-07-20T18:28:43.115+0530] {processor.py:914} INFO - Processing file /Users/parth/Desktop/Engine/venv/lib/python3.11/site-packages/airflow/example_dags/example_time_delta_sensor_async.py for tasks to queue
[2025-07-20T18:28:43.116+0530] {logging_mixin.py:190} INFO - [2025-07-20T18:28:43.116+0530] {dagbag.py:588} INFO - Filling up the DagBag from /Users/parth/Desktop/Engine/venv/lib/python3.11/site-packages/airflow/example_dags/example_time_delta_sensor_async.py
[2025-07-20T18:28:43.121+0530] {processor.py:925} INFO - DAG(s) 'example_time_delta_sensor_async' retrieved from /Users/parth/Desktop/Engine/venv/lib/python3.11/site-packages/airflow/example_dags/example_time_delta_sensor_async.py
[2025-07-20T18:28:43.629+0530] {logging_mixin.py:190} INFO - [2025-07-20T18:28:43.629+0530] {dag.py:3239} INFO - Sync 1 DAGs
[2025-07-20T18:28:43.637+0530] {logging_mixin.py:190} INFO - [2025-07-20T18:28:43.636+0530] {dag.py:4180} INFO - Setting next_dagrun for example_time_delta_sensor_async to None, run_after=None
[2025-07-20T18:28:43.648+0530] {processor.py:208} INFO - Processing /Users/parth/Desktop/Engine/venv/lib/python3.11/site-packages/airflow/example_dags/example_time_delta_sensor_async.py took 0.536 seconds
[2025-07-20T18:30:34.603+0530] {processor.py:186} INFO - Started process (PID=58231) to work on /Users/parth/Desktop/Engine/venv/lib/python3.11/site-packages/airflow/example_dags/example_time_delta_sensor_async.py
[2025-07-20T18:30:34.605+0530] {processor.py:914} INFO - Processing file /Users/parth/Desktop/Engine/venv/lib/python3.11/site-packages/airflow/example_dags/example_time_delta_sensor_async.py for tasks to queue
[2025-07-20T18:30:34.605+0530] {logging_mixin.py:190} INFO - [2025-07-20T18:30:34.605+0530] {dagbag.py:588} INFO - Filling up the DagBag from /Users/parth/Desktop/Engine/venv/lib/python3.11/site-packages/airflow/example_dags/example_time_delta_sensor_async.py
[2025-07-20T18:30:34.611+0530] {processor.py:925} INFO - DAG(s) 'example_time_delta_sensor_async' retrieved from /Users/parth/Desktop/Engine/venv/lib/python3.11/site-packages/airflow/example_dags/example_time_delta_sensor_async.py
[2025-07-20T18:30:35.134+0530] {logging_mixin.py:190} INFO - [2025-07-20T18:30:35.133+0530] {dag.py:3239} INFO - Sync 1 DAGs
[2025-07-20T18:30:35.140+0530] {logging_mixin.py:190} INFO - [2025-07-20T18:30:35.140+0530] {dag.py:4180} INFO - Setting next_dagrun for example_time_delta_sensor_async to None, run_after=None
[2025-07-20T18:30:35.151+0530] {processor.py:208} INFO - Processing /Users/parth/Desktop/Engine/venv/lib/python3.11/site-packages/airflow/example_dags/example_time_delta_sensor_async.py took 0.550 seconds
[2025-07-20T18:36:12.206+0530] {processor.py:186} INFO - Started process (PID=58939) to work on /Users/parth/Desktop/Engine/venv/lib/python3.11/site-packages/airflow/example_dags/example_time_delta_sensor_async.py
[2025-07-20T18:36:12.207+0530] {processor.py:914} INFO - Processing file /Users/parth/Desktop/Engine/venv/lib/python3.11/site-packages/airflow/example_dags/example_time_delta_sensor_async.py for tasks to queue
[2025-07-20T18:36:12.208+0530] {logging_mixin.py:190} INFO - [2025-07-20T18:36:12.208+0530] {dagbag.py:588} INFO - Filling up the DagBag from /Users/parth/Desktop/Engine/venv/lib/python3.11/site-packages/airflow/example_dags/example_time_delta_sensor_async.py
[2025-07-20T18:36:12.213+0530] {processor.py:925} INFO - DAG(s) 'example_time_delta_sensor_async' retrieved from /Users/parth/Desktop/Engine/venv/lib/python3.11/site-packages/airflow/example_dags/example_time_delta_sensor_async.py
[2025-07-20T18:36:12.721+0530] {logging_mixin.py:190} INFO - [2025-07-20T18:36:12.720+0530] {dag.py:3239} INFO - Sync 1 DAGs
[2025-07-20T18:36:12.727+0530] {logging_mixin.py:190} INFO - [2025-07-20T18:36:12.727+0530] {dag.py:4180} INFO - Setting next_dagrun for example_time_delta_sensor_async to None, run_after=None
[2025-07-20T18:36:12.738+0530] {processor.py:208} INFO - Processing /Users/parth/Desktop/Engine/venv/lib/python3.11/site-packages/airflow/example_dags/example_time_delta_sensor_async.py took 0.535 seconds
[2025-07-20T18:43:41.300+0530] {processor.py:186} INFO - Started process (PID=59612) to work on /Users/parth/Desktop/Engine/venv/lib/python3.11/site-packages/airflow/example_dags/example_time_delta_sensor_async.py
[2025-07-20T18:43:41.301+0530] {processor.py:914} INFO - Processing file /Users/parth/Desktop/Engine/venv/lib/python3.11/site-packages/airflow/example_dags/example_time_delta_sensor_async.py for tasks to queue
[2025-07-20T18:43:41.301+0530] {logging_mixin.py:190} INFO - [2025-07-20T18:43:41.301+0530] {dagbag.py:588} INFO - Filling up the DagBag from /Users/parth/Desktop/Engine/venv/lib/python3.11/site-packages/airflow/example_dags/example_time_delta_sensor_async.py
[2025-07-20T18:43:41.307+0530] {processor.py:925} INFO - DAG(s) 'example_time_delta_sensor_async' retrieved from /Users/parth/Desktop/Engine/venv/lib/python3.11/site-packages/airflow/example_dags/example_time_delta_sensor_async.py
[2025-07-20T18:43:41.807+0530] {logging_mixin.py:190} INFO - [2025-07-20T18:43:41.807+0530] {dag.py:3239} INFO - Sync 1 DAGs
[2025-07-20T18:43:41.813+0530] {logging_mixin.py:190} INFO - [2025-07-20T18:43:41.813+0530] {dag.py:4180} INFO - Setting next_dagrun for example_time_delta_sensor_async to None, run_after=None
[2025-07-20T18:43:41.824+0530] {processor.py:208} INFO - Processing /Users/parth/Desktop/Engine/venv/lib/python3.11/site-packages/airflow/example_dags/example_time_delta_sensor_async.py took 0.527 seconds
[2025-07-20T18:52:53.806+0530] {processor.py:186} INFO - Started process (PID=60275) to work on /Users/parth/Desktop/Engine/venv/lib/python3.11/site-packages/airflow/example_dags/example_time_delta_sensor_async.py
[2025-07-20T18:52:53.807+0530] {processor.py:914} INFO - Processing file /Users/parth/Desktop/Engine/venv/lib/python3.11/site-packages/airflow/example_dags/example_time_delta_sensor_async.py for tasks to queue
[2025-07-20T18:52:53.807+0530] {logging_mixin.py:190} INFO - [2025-07-20T18:52:53.807+0530] {dagbag.py:588} INFO - Filling up the DagBag from /Users/parth/Desktop/Engine/venv/lib/python3.11/site-packages/airflow/example_dags/example_time_delta_sensor_async.py
[2025-07-20T18:52:53.813+0530] {processor.py:925} INFO - DAG(s) 'example_time_delta_sensor_async' retrieved from /Users/parth/Desktop/Engine/venv/lib/python3.11/site-packages/airflow/example_dags/example_time_delta_sensor_async.py
[2025-07-20T18:52:54.377+0530] {logging_mixin.py:190} INFO - [2025-07-20T18:52:54.377+0530] {dag.py:3239} INFO - Sync 1 DAGs
[2025-07-20T18:52:54.384+0530] {logging_mixin.py:190} INFO - [2025-07-20T18:52:54.384+0530] {dag.py:4180} INFO - Setting next_dagrun for example_time_delta_sensor_async to None, run_after=None
[2025-07-20T18:52:54.394+0530] {processor.py:208} INFO - Processing /Users/parth/Desktop/Engine/venv/lib/python3.11/site-packages/airflow/example_dags/example_time_delta_sensor_async.py took 0.591 seconds
[2025-07-20T19:08:11.522+0530] {processor.py:186} INFO - Started process (PID=60960) to work on /Users/parth/Desktop/Engine/venv/lib/python3.11/site-packages/airflow/example_dags/example_time_delta_sensor_async.py
[2025-07-20T19:08:11.524+0530] {processor.py:914} INFO - Processing file /Users/parth/Desktop/Engine/venv/lib/python3.11/site-packages/airflow/example_dags/example_time_delta_sensor_async.py for tasks to queue
[2025-07-20T19:08:11.525+0530] {logging_mixin.py:190} INFO - [2025-07-20T19:08:11.524+0530] {dagbag.py:588} INFO - Filling up the DagBag from /Users/parth/Desktop/Engine/venv/lib/python3.11/site-packages/airflow/example_dags/example_time_delta_sensor_async.py
[2025-07-20T19:08:11.530+0530] {processor.py:925} INFO - DAG(s) 'example_time_delta_sensor_async' retrieved from /Users/parth/Desktop/Engine/venv/lib/python3.11/site-packages/airflow/example_dags/example_time_delta_sensor_async.py
[2025-07-20T19:08:12.083+0530] {logging_mixin.py:190} INFO - [2025-07-20T19:08:12.083+0530] {dag.py:3239} INFO - Sync 1 DAGs
[2025-07-20T19:08:12.090+0530] {logging_mixin.py:190} INFO - [2025-07-20T19:08:12.090+0530] {dag.py:4180} INFO - Setting next_dagrun for example_time_delta_sensor_async to None, run_after=None
[2025-07-20T19:08:12.101+0530] {processor.py:208} INFO - Processing /Users/parth/Desktop/Engine/venv/lib/python3.11/site-packages/airflow/example_dags/example_time_delta_sensor_async.py took 0.582 seconds
[2025-07-20T19:11:14.024+0530] {processor.py:186} INFO - Started process (PID=61650) to work on /Users/parth/Desktop/Engine/venv/lib/python3.11/site-packages/airflow/example_dags/example_time_delta_sensor_async.py
[2025-07-20T19:11:14.025+0530] {processor.py:914} INFO - Processing file /Users/parth/Desktop/Engine/venv/lib/python3.11/site-packages/airflow/example_dags/example_time_delta_sensor_async.py for tasks to queue
[2025-07-20T19:11:14.026+0530] {logging_mixin.py:190} INFO - [2025-07-20T19:11:14.026+0530] {dagbag.py:588} INFO - Filling up the DagBag from /Users/parth/Desktop/Engine/venv/lib/python3.11/site-packages/airflow/example_dags/example_time_delta_sensor_async.py
[2025-07-20T19:11:14.031+0530] {processor.py:925} INFO - DAG(s) 'example_time_delta_sensor_async' retrieved from /Users/parth/Desktop/Engine/venv/lib/python3.11/site-packages/airflow/example_dags/example_time_delta_sensor_async.py
[2025-07-20T19:11:14.532+0530] {logging_mixin.py:190} INFO - [2025-07-20T19:11:14.532+0530] {dag.py:3239} INFO - Sync 1 DAGs
[2025-07-20T19:11:14.539+0530] {logging_mixin.py:190} INFO - [2025-07-20T19:11:14.539+0530] {dag.py:4180} INFO - Setting next_dagrun for example_time_delta_sensor_async to None, run_after=None
[2025-07-20T19:11:14.550+0530] {processor.py:208} INFO - Processing /Users/parth/Desktop/Engine/venv/lib/python3.11/site-packages/airflow/example_dags/example_time_delta_sensor_async.py took 0.528 seconds
