[2025-07-20T16:20:55.447+0530] {processor.py:186} INFO - Started process (PID=34863) to work on /Users/parth/Desktop/Engine/venv/lib/python3.11/site-packages/airflow/example_dags/example_params_trigger_ui.py
[2025-07-20T16:20:55.447+0530] {processor.py:914} INFO - Processing file /Users/parth/Desktop/Engine/venv/lib/python3.11/site-packages/airflow/example_dags/example_params_trigger_ui.py for tasks to queue
[2025-07-20T16:20:55.448+0530] {logging_mixin.py:190} INFO - [2025-07-20T16:20:55.448+0530] {dagbag.py:588} INFO - Filling up the DagBag from /Users/parth/Desktop/Engine/venv/lib/python3.11/site-packages/airflow/example_dags/example_params_trigger_ui.py
[2025-07-20T16:20:55.476+0530] {processor.py:925} INFO - DAG(s) 'example_params_trigger_ui' retrieved from /Users/parth/Desktop/Engine/venv/lib/python3.11/site-packages/airflow/example_dags/example_params_trigger_ui.py
[2025-07-20T16:20:55.551+0530] {logging_mixin.py:190} INFO - [2025-07-20T16:20:55.550+0530] {dag.py:3239} INFO - Sync 1 DAGs
[2025-07-20T16:20:55.558+0530] {logging_mixin.py:190} INFO - [2025-07-20T16:20:55.558+0530] {dag.py:4180} INFO - Setting next_dagrun for example_params_trigger_ui to None, run_after=None
[2025-07-20T16:20:55.570+0530] {processor.py:208} INFO - Processing /Users/parth/Desktop/Engine/venv/lib/python3.11/site-packages/airflow/example_dags/example_params_trigger_ui.py took 0.126 seconds
[2025-07-20T16:23:49.330+0530] {processor.py:186} INFO - Started process (PID=36047) to work on /Users/parth/Desktop/Engine/venv/lib/python3.11/site-packages/airflow/example_dags/example_params_trigger_ui.py
[2025-07-20T16:23:49.331+0530] {processor.py:914} INFO - Processing file /Users/parth/Desktop/Engine/venv/lib/python3.11/site-packages/airflow/example_dags/example_params_trigger_ui.py for tasks to queue
[2025-07-20T16:23:49.332+0530] {logging_mixin.py:190} INFO - [2025-07-20T16:23:49.331+0530] {dagbag.py:588} INFO - Filling up the DagBag from /Users/parth/Desktop/Engine/venv/lib/python3.11/site-packages/airflow/example_dags/example_params_trigger_ui.py
[2025-07-20T16:23:49.360+0530] {processor.py:925} INFO - DAG(s) 'example_params_trigger_ui' retrieved from /Users/parth/Desktop/Engine/venv/lib/python3.11/site-packages/airflow/example_dags/example_params_trigger_ui.py
[2025-07-20T16:23:49.437+0530] {logging_mixin.py:190} INFO - [2025-07-20T16:23:49.437+0530] {dag.py:3239} INFO - Sync 1 DAGs
[2025-07-20T16:23:49.444+0530] {logging_mixin.py:190} INFO - [2025-07-20T16:23:49.444+0530] {dag.py:4180} INFO - Setting next_dagrun for example_params_trigger_ui to None, run_after=None
[2025-07-20T16:23:49.456+0530] {processor.py:208} INFO - Processing /Users/parth/Desktop/Engine/venv/lib/python3.11/site-packages/airflow/example_dags/example_params_trigger_ui.py took 0.129 seconds
[2025-07-20T16:26:08.938+0530] {processor.py:186} INFO - Started process (PID=37034) to work on /Users/parth/Desktop/Engine/venv/lib/python3.11/site-packages/airflow/example_dags/example_params_trigger_ui.py
[2025-07-20T16:26:08.939+0530] {processor.py:914} INFO - Processing file /Users/parth/Desktop/Engine/venv/lib/python3.11/site-packages/airflow/example_dags/example_params_trigger_ui.py for tasks to queue
[2025-07-20T16:26:08.940+0530] {logging_mixin.py:190} INFO - [2025-07-20T16:26:08.940+0530] {dagbag.py:588} INFO - Filling up the DagBag from /Users/parth/Desktop/Engine/venv/lib/python3.11/site-packages/airflow/example_dags/example_params_trigger_ui.py
[2025-07-20T16:26:08.966+0530] {processor.py:925} INFO - DAG(s) 'example_params_trigger_ui' retrieved from /Users/parth/Desktop/Engine/venv/lib/python3.11/site-packages/airflow/example_dags/example_params_trigger_ui.py
[2025-07-20T16:26:09.039+0530] {logging_mixin.py:190} INFO - [2025-07-20T16:26:09.039+0530] {dag.py:3239} INFO - Sync 1 DAGs
[2025-07-20T16:26:09.046+0530] {logging_mixin.py:190} INFO - [2025-07-20T16:26:09.046+0530] {dag.py:4180} INFO - Setting next_dagrun for example_params_trigger_ui to None, run_after=None
[2025-07-20T16:26:09.057+0530] {processor.py:208} INFO - Processing /Users/parth/Desktop/Engine/venv/lib/python3.11/site-packages/airflow/example_dags/example_params_trigger_ui.py took 0.122 seconds
[2025-07-20T16:28:14.019+0530] {processor.py:186} INFO - Started process (PID=37871) to work on /Users/parth/Desktop/Engine/venv/lib/python3.11/site-packages/airflow/example_dags/example_params_trigger_ui.py
[2025-07-20T16:28:14.020+0530] {processor.py:914} INFO - Processing file /Users/parth/Desktop/Engine/venv/lib/python3.11/site-packages/airflow/example_dags/example_params_trigger_ui.py for tasks to queue
[2025-07-20T16:28:14.021+0530] {logging_mixin.py:190} INFO - [2025-07-20T16:28:14.021+0530] {dagbag.py:588} INFO - Filling up the DagBag from /Users/parth/Desktop/Engine/venv/lib/python3.11/site-packages/airflow/example_dags/example_params_trigger_ui.py
[2025-07-20T16:28:14.049+0530] {processor.py:925} INFO - DAG(s) 'example_params_trigger_ui' retrieved from /Users/parth/Desktop/Engine/venv/lib/python3.11/site-packages/airflow/example_dags/example_params_trigger_ui.py
[2025-07-20T16:28:14.124+0530] {logging_mixin.py:190} INFO - [2025-07-20T16:28:14.124+0530] {dag.py:3239} INFO - Sync 1 DAGs
[2025-07-20T16:28:14.131+0530] {logging_mixin.py:190} INFO - [2025-07-20T16:28:14.131+0530] {dag.py:4180} INFO - Setting next_dagrun for example_params_trigger_ui to None, run_after=None
[2025-07-20T16:28:14.143+0530] {processor.py:208} INFO - Processing /Users/parth/Desktop/Engine/venv/lib/python3.11/site-packages/airflow/example_dags/example_params_trigger_ui.py took 0.126 seconds
[2025-07-20T16:30:19.659+0530] {processor.py:186} INFO - Started process (PID=38815) to work on /Users/parth/Desktop/Engine/venv/lib/python3.11/site-packages/airflow/example_dags/example_params_trigger_ui.py
[2025-07-20T16:30:19.659+0530] {processor.py:914} INFO - Processing file /Users/parth/Desktop/Engine/venv/lib/python3.11/site-packages/airflow/example_dags/example_params_trigger_ui.py for tasks to queue
[2025-07-20T16:30:19.660+0530] {logging_mixin.py:190} INFO - [2025-07-20T16:30:19.660+0530] {dagbag.py:588} INFO - Filling up the DagBag from /Users/parth/Desktop/Engine/venv/lib/python3.11/site-packages/airflow/example_dags/example_params_trigger_ui.py
[2025-07-20T16:30:19.686+0530] {processor.py:925} INFO - DAG(s) 'example_params_trigger_ui' retrieved from /Users/parth/Desktop/Engine/venv/lib/python3.11/site-packages/airflow/example_dags/example_params_trigger_ui.py
[2025-07-20T16:30:19.760+0530] {logging_mixin.py:190} INFO - [2025-07-20T16:30:19.760+0530] {dag.py:3239} INFO - Sync 1 DAGs
[2025-07-20T16:30:19.767+0530] {logging_mixin.py:190} INFO - [2025-07-20T16:30:19.767+0530] {dag.py:4180} INFO - Setting next_dagrun for example_params_trigger_ui to None, run_after=None
[2025-07-20T16:30:19.778+0530] {processor.py:208} INFO - Processing /Users/parth/Desktop/Engine/venv/lib/python3.11/site-packages/airflow/example_dags/example_params_trigger_ui.py took 0.122 seconds
[2025-07-20T16:32:31.970+0530] {processor.py:186} INFO - Started process (PID=39740) to work on /Users/parth/Desktop/Engine/venv/lib/python3.11/site-packages/airflow/example_dags/example_params_trigger_ui.py
[2025-07-20T16:32:31.971+0530] {processor.py:914} INFO - Processing file /Users/parth/Desktop/Engine/venv/lib/python3.11/site-packages/airflow/example_dags/example_params_trigger_ui.py for tasks to queue
[2025-07-20T16:32:31.971+0530] {logging_mixin.py:190} INFO - [2025-07-20T16:32:31.971+0530] {dagbag.py:588} INFO - Filling up the DagBag from /Users/parth/Desktop/Engine/venv/lib/python3.11/site-packages/airflow/example_dags/example_params_trigger_ui.py
[2025-07-20T16:32:32.010+0530] {processor.py:925} INFO - DAG(s) 'example_params_trigger_ui' retrieved from /Users/parth/Desktop/Engine/venv/lib/python3.11/site-packages/airflow/example_dags/example_params_trigger_ui.py
[2025-07-20T16:32:32.097+0530] {logging_mixin.py:190} INFO - [2025-07-20T16:32:32.097+0530] {dag.py:3239} INFO - Sync 1 DAGs
[2025-07-20T16:32:32.104+0530] {logging_mixin.py:190} INFO - [2025-07-20T16:32:32.104+0530] {dag.py:4180} INFO - Setting next_dagrun for example_params_trigger_ui to None, run_after=None
[2025-07-20T16:32:32.119+0530] {processor.py:208} INFO - Processing /Users/parth/Desktop/Engine/venv/lib/python3.11/site-packages/airflow/example_dags/example_params_trigger_ui.py took 0.153 seconds
[2025-07-20T16:34:49.093+0530] {processor.py:186} INFO - Started process (PID=40768) to work on /Users/parth/Desktop/Engine/venv/lib/python3.11/site-packages/airflow/example_dags/example_params_trigger_ui.py
[2025-07-20T16:34:49.094+0530] {processor.py:914} INFO - Processing file /Users/parth/Desktop/Engine/venv/lib/python3.11/site-packages/airflow/example_dags/example_params_trigger_ui.py for tasks to queue
[2025-07-20T16:34:49.095+0530] {logging_mixin.py:190} INFO - [2025-07-20T16:34:49.095+0530] {dagbag.py:588} INFO - Filling up the DagBag from /Users/parth/Desktop/Engine/venv/lib/python3.11/site-packages/airflow/example_dags/example_params_trigger_ui.py
[2025-07-20T16:34:49.122+0530] {processor.py:925} INFO - DAG(s) 'example_params_trigger_ui' retrieved from /Users/parth/Desktop/Engine/venv/lib/python3.11/site-packages/airflow/example_dags/example_params_trigger_ui.py
[2025-07-20T16:34:49.197+0530] {logging_mixin.py:190} INFO - [2025-07-20T16:34:49.197+0530] {dag.py:3239} INFO - Sync 1 DAGs
[2025-07-20T16:34:49.204+0530] {logging_mixin.py:190} INFO - [2025-07-20T16:34:49.203+0530] {dag.py:4180} INFO - Setting next_dagrun for example_params_trigger_ui to None, run_after=None
[2025-07-20T16:34:49.215+0530] {processor.py:208} INFO - Processing /Users/parth/Desktop/Engine/venv/lib/python3.11/site-packages/airflow/example_dags/example_params_trigger_ui.py took 0.124 seconds
[2025-07-20T16:37:00.703+0530] {processor.py:186} INFO - Started process (PID=41600) to work on /Users/parth/Desktop/Engine/venv/lib/python3.11/site-packages/airflow/example_dags/example_params_trigger_ui.py
[2025-07-20T16:37:00.704+0530] {processor.py:914} INFO - Processing file /Users/parth/Desktop/Engine/venv/lib/python3.11/site-packages/airflow/example_dags/example_params_trigger_ui.py for tasks to queue
[2025-07-20T16:37:00.705+0530] {logging_mixin.py:190} INFO - [2025-07-20T16:37:00.705+0530] {dagbag.py:588} INFO - Filling up the DagBag from /Users/parth/Desktop/Engine/venv/lib/python3.11/site-packages/airflow/example_dags/example_params_trigger_ui.py
[2025-07-20T16:37:00.733+0530] {processor.py:925} INFO - DAG(s) 'example_params_trigger_ui' retrieved from /Users/parth/Desktop/Engine/venv/lib/python3.11/site-packages/airflow/example_dags/example_params_trigger_ui.py
[2025-07-20T16:37:00.809+0530] {logging_mixin.py:190} INFO - [2025-07-20T16:37:00.809+0530] {dag.py:3239} INFO - Sync 1 DAGs
[2025-07-20T16:37:00.816+0530] {logging_mixin.py:190} INFO - [2025-07-20T16:37:00.816+0530] {dag.py:4180} INFO - Setting next_dagrun for example_params_trigger_ui to None, run_after=None
[2025-07-20T16:37:00.829+0530] {processor.py:208} INFO - Processing /Users/parth/Desktop/Engine/venv/lib/python3.11/site-packages/airflow/example_dags/example_params_trigger_ui.py took 0.128 seconds
[2025-07-20T16:39:22.737+0530] {processor.py:186} INFO - Started process (PID=42554) to work on /Users/parth/Desktop/Engine/venv/lib/python3.11/site-packages/airflow/example_dags/example_params_trigger_ui.py
[2025-07-20T16:39:22.739+0530] {processor.py:914} INFO - Processing file /Users/parth/Desktop/Engine/venv/lib/python3.11/site-packages/airflow/example_dags/example_params_trigger_ui.py for tasks to queue
[2025-07-20T16:39:22.740+0530] {logging_mixin.py:190} INFO - [2025-07-20T16:39:22.740+0530] {dagbag.py:588} INFO - Filling up the DagBag from /Users/parth/Desktop/Engine/venv/lib/python3.11/site-packages/airflow/example_dags/example_params_trigger_ui.py
[2025-07-20T16:39:22.766+0530] {processor.py:925} INFO - DAG(s) 'example_params_trigger_ui' retrieved from /Users/parth/Desktop/Engine/venv/lib/python3.11/site-packages/airflow/example_dags/example_params_trigger_ui.py
[2025-07-20T16:39:22.841+0530] {logging_mixin.py:190} INFO - [2025-07-20T16:39:22.841+0530] {dag.py:3239} INFO - Sync 1 DAGs
[2025-07-20T16:39:22.847+0530] {logging_mixin.py:190} INFO - [2025-07-20T16:39:22.847+0530] {dag.py:4180} INFO - Setting next_dagrun for example_params_trigger_ui to None, run_after=None
[2025-07-20T16:39:22.858+0530] {processor.py:208} INFO - Processing /Users/parth/Desktop/Engine/venv/lib/python3.11/site-packages/airflow/example_dags/example_params_trigger_ui.py took 0.123 seconds
[2025-07-20T16:41:31.040+0530] {processor.py:186} INFO - Started process (PID=43374) to work on /Users/parth/Desktop/Engine/venv/lib/python3.11/site-packages/airflow/example_dags/example_params_trigger_ui.py
[2025-07-20T16:41:31.042+0530] {processor.py:914} INFO - Processing file /Users/parth/Desktop/Engine/venv/lib/python3.11/site-packages/airflow/example_dags/example_params_trigger_ui.py for tasks to queue
[2025-07-20T16:41:31.043+0530] {logging_mixin.py:190} INFO - [2025-07-20T16:41:31.042+0530] {dagbag.py:588} INFO - Filling up the DagBag from /Users/parth/Desktop/Engine/venv/lib/python3.11/site-packages/airflow/example_dags/example_params_trigger_ui.py
[2025-07-20T16:41:31.069+0530] {processor.py:925} INFO - DAG(s) 'example_params_trigger_ui' retrieved from /Users/parth/Desktop/Engine/venv/lib/python3.11/site-packages/airflow/example_dags/example_params_trigger_ui.py
[2025-07-20T16:41:31.144+0530] {logging_mixin.py:190} INFO - [2025-07-20T16:41:31.144+0530] {dag.py:3239} INFO - Sync 1 DAGs
[2025-07-20T16:41:31.151+0530] {logging_mixin.py:190} INFO - [2025-07-20T16:41:31.151+0530] {dag.py:4180} INFO - Setting next_dagrun for example_params_trigger_ui to None, run_after=None
[2025-07-20T16:41:31.163+0530] {processor.py:208} INFO - Processing /Users/parth/Desktop/Engine/venv/lib/python3.11/site-packages/airflow/example_dags/example_params_trigger_ui.py took 0.125 seconds
[2025-07-20T16:43:38.711+0530] {processor.py:186} INFO - Started process (PID=44185) to work on /Users/parth/Desktop/Engine/venv/lib/python3.11/site-packages/airflow/example_dags/example_params_trigger_ui.py
[2025-07-20T16:43:38.712+0530] {processor.py:914} INFO - Processing file /Users/parth/Desktop/Engine/venv/lib/python3.11/site-packages/airflow/example_dags/example_params_trigger_ui.py for tasks to queue
[2025-07-20T16:43:38.713+0530] {logging_mixin.py:190} INFO - [2025-07-20T16:43:38.713+0530] {dagbag.py:588} INFO - Filling up the DagBag from /Users/parth/Desktop/Engine/venv/lib/python3.11/site-packages/airflow/example_dags/example_params_trigger_ui.py
[2025-07-20T16:43:38.740+0530] {processor.py:925} INFO - DAG(s) 'example_params_trigger_ui' retrieved from /Users/parth/Desktop/Engine/venv/lib/python3.11/site-packages/airflow/example_dags/example_params_trigger_ui.py
[2025-07-20T16:43:38.813+0530] {logging_mixin.py:190} INFO - [2025-07-20T16:43:38.813+0530] {dag.py:3239} INFO - Sync 1 DAGs
[2025-07-20T16:43:38.820+0530] {logging_mixin.py:190} INFO - [2025-07-20T16:43:38.819+0530] {dag.py:4180} INFO - Setting next_dagrun for example_params_trigger_ui to None, run_after=None
[2025-07-20T16:43:38.831+0530] {processor.py:208} INFO - Processing /Users/parth/Desktop/Engine/venv/lib/python3.11/site-packages/airflow/example_dags/example_params_trigger_ui.py took 0.123 seconds
[2025-07-20T16:45:45.444+0530] {processor.py:186} INFO - Started process (PID=45007) to work on /Users/parth/Desktop/Engine/venv/lib/python3.11/site-packages/airflow/example_dags/example_params_trigger_ui.py
[2025-07-20T16:45:45.445+0530] {processor.py:914} INFO - Processing file /Users/parth/Desktop/Engine/venv/lib/python3.11/site-packages/airflow/example_dags/example_params_trigger_ui.py for tasks to queue
[2025-07-20T16:45:45.446+0530] {logging_mixin.py:190} INFO - [2025-07-20T16:45:45.446+0530] {dagbag.py:588} INFO - Filling up the DagBag from /Users/parth/Desktop/Engine/venv/lib/python3.11/site-packages/airflow/example_dags/example_params_trigger_ui.py
[2025-07-20T16:45:45.473+0530] {processor.py:925} INFO - DAG(s) 'example_params_trigger_ui' retrieved from /Users/parth/Desktop/Engine/venv/lib/python3.11/site-packages/airflow/example_dags/example_params_trigger_ui.py
[2025-07-20T16:45:45.547+0530] {logging_mixin.py:190} INFO - [2025-07-20T16:45:45.547+0530] {dag.py:3239} INFO - Sync 1 DAGs
[2025-07-20T16:45:45.554+0530] {logging_mixin.py:190} INFO - [2025-07-20T16:45:45.553+0530] {dag.py:4180} INFO - Setting next_dagrun for example_params_trigger_ui to None, run_after=None
[2025-07-20T16:45:45.565+0530] {processor.py:208} INFO - Processing /Users/parth/Desktop/Engine/venv/lib/python3.11/site-packages/airflow/example_dags/example_params_trigger_ui.py took 0.124 seconds
[2025-07-20T16:47:47.634+0530] {processor.py:186} INFO - Started process (PID=45790) to work on /Users/parth/Desktop/Engine/venv/lib/python3.11/site-packages/airflow/example_dags/example_params_trigger_ui.py
[2025-07-20T16:47:47.635+0530] {processor.py:914} INFO - Processing file /Users/parth/Desktop/Engine/venv/lib/python3.11/site-packages/airflow/example_dags/example_params_trigger_ui.py for tasks to queue
[2025-07-20T16:47:47.636+0530] {logging_mixin.py:190} INFO - [2025-07-20T16:47:47.636+0530] {dagbag.py:588} INFO - Filling up the DagBag from /Users/parth/Desktop/Engine/venv/lib/python3.11/site-packages/airflow/example_dags/example_params_trigger_ui.py
[2025-07-20T16:47:47.662+0530] {processor.py:925} INFO - DAG(s) 'example_params_trigger_ui' retrieved from /Users/parth/Desktop/Engine/venv/lib/python3.11/site-packages/airflow/example_dags/example_params_trigger_ui.py
[2025-07-20T16:47:47.736+0530] {logging_mixin.py:190} INFO - [2025-07-20T16:47:47.735+0530] {dag.py:3239} INFO - Sync 1 DAGs
[2025-07-20T16:47:47.742+0530] {logging_mixin.py:190} INFO - [2025-07-20T16:47:47.742+0530] {dag.py:4180} INFO - Setting next_dagrun for example_params_trigger_ui to None, run_after=None
[2025-07-20T16:47:47.753+0530] {processor.py:208} INFO - Processing /Users/parth/Desktop/Engine/venv/lib/python3.11/site-packages/airflow/example_dags/example_params_trigger_ui.py took 0.121 seconds
[2025-07-20T16:51:33.915+0530] {processor.py:186} INFO - Started process (PID=47299) to work on /Users/parth/Desktop/Engine/venv/lib/python3.11/site-packages/airflow/example_dags/example_params_trigger_ui.py
[2025-07-20T16:51:33.916+0530] {processor.py:914} INFO - Processing file /Users/parth/Desktop/Engine/venv/lib/python3.11/site-packages/airflow/example_dags/example_params_trigger_ui.py for tasks to queue
[2025-07-20T16:51:33.917+0530] {logging_mixin.py:190} INFO - [2025-07-20T16:51:33.917+0530] {dagbag.py:588} INFO - Filling up the DagBag from /Users/parth/Desktop/Engine/venv/lib/python3.11/site-packages/airflow/example_dags/example_params_trigger_ui.py
[2025-07-20T16:51:33.943+0530] {processor.py:925} INFO - DAG(s) 'example_params_trigger_ui' retrieved from /Users/parth/Desktop/Engine/venv/lib/python3.11/site-packages/airflow/example_dags/example_params_trigger_ui.py
[2025-07-20T16:51:34.016+0530] {logging_mixin.py:190} INFO - [2025-07-20T16:51:34.016+0530] {dag.py:3239} INFO - Sync 1 DAGs
[2025-07-20T16:51:34.022+0530] {logging_mixin.py:190} INFO - [2025-07-20T16:51:34.022+0530] {dag.py:4180} INFO - Setting next_dagrun for example_params_trigger_ui to None, run_after=None
[2025-07-20T16:51:34.033+0530] {processor.py:208} INFO - Processing /Users/parth/Desktop/Engine/venv/lib/python3.11/site-packages/airflow/example_dags/example_params_trigger_ui.py took 0.120 seconds
[2025-07-20T17:52:58.212+0530] {processor.py:186} INFO - Started process (PID=48847) to work on /Users/parth/Desktop/Engine/venv/lib/python3.11/site-packages/airflow/example_dags/example_params_trigger_ui.py
[2025-07-20T17:52:58.213+0530] {processor.py:914} INFO - Processing file /Users/parth/Desktop/Engine/venv/lib/python3.11/site-packages/airflow/example_dags/example_params_trigger_ui.py for tasks to queue
[2025-07-20T17:52:58.214+0530] {logging_mixin.py:190} INFO - [2025-07-20T17:52:58.214+0530] {dagbag.py:588} INFO - Filling up the DagBag from /Users/parth/Desktop/Engine/venv/lib/python3.11/site-packages/airflow/example_dags/example_params_trigger_ui.py
[2025-07-20T17:52:58.242+0530] {processor.py:925} INFO - DAG(s) 'example_params_trigger_ui' retrieved from /Users/parth/Desktop/Engine/venv/lib/python3.11/site-packages/airflow/example_dags/example_params_trigger_ui.py
[2025-07-20T17:52:58.317+0530] {logging_mixin.py:190} INFO - [2025-07-20T17:52:58.317+0530] {dag.py:3239} INFO - Sync 1 DAGs
[2025-07-20T17:52:58.324+0530] {logging_mixin.py:190} INFO - [2025-07-20T17:52:58.324+0530] {dag.py:4180} INFO - Setting next_dagrun for example_params_trigger_ui to None, run_after=None
[2025-07-20T17:52:58.337+0530] {processor.py:208} INFO - Processing /Users/parth/Desktop/Engine/venv/lib/python3.11/site-packages/airflow/example_dags/example_params_trigger_ui.py took 0.128 seconds
[2025-07-20T17:55:02.171+0530] {processor.py:186} INFO - Started process (PID=49661) to work on /Users/parth/Desktop/Engine/venv/lib/python3.11/site-packages/airflow/example_dags/example_params_trigger_ui.py
[2025-07-20T17:55:02.173+0530] {processor.py:914} INFO - Processing file /Users/parth/Desktop/Engine/venv/lib/python3.11/site-packages/airflow/example_dags/example_params_trigger_ui.py for tasks to queue
[2025-07-20T17:55:02.173+0530] {logging_mixin.py:190} INFO - [2025-07-20T17:55:02.173+0530] {dagbag.py:588} INFO - Filling up the DagBag from /Users/parth/Desktop/Engine/venv/lib/python3.11/site-packages/airflow/example_dags/example_params_trigger_ui.py
[2025-07-20T17:55:02.199+0530] {processor.py:925} INFO - DAG(s) 'example_params_trigger_ui' retrieved from /Users/parth/Desktop/Engine/venv/lib/python3.11/site-packages/airflow/example_dags/example_params_trigger_ui.py
[2025-07-20T17:55:02.271+0530] {logging_mixin.py:190} INFO - [2025-07-20T17:55:02.271+0530] {dag.py:3239} INFO - Sync 1 DAGs
[2025-07-20T17:55:02.278+0530] {logging_mixin.py:190} INFO - [2025-07-20T17:55:02.278+0530] {dag.py:4180} INFO - Setting next_dagrun for example_params_trigger_ui to None, run_after=None
[2025-07-20T17:55:02.289+0530] {processor.py:208} INFO - Processing /Users/parth/Desktop/Engine/venv/lib/python3.11/site-packages/airflow/example_dags/example_params_trigger_ui.py took 0.120 seconds
[2025-07-20T17:56:54.384+0530] {processor.py:186} INFO - Started process (PID=50375) to work on /Users/parth/Desktop/Engine/venv/lib/python3.11/site-packages/airflow/example_dags/example_params_trigger_ui.py
[2025-07-20T17:56:54.386+0530] {processor.py:914} INFO - Processing file /Users/parth/Desktop/Engine/venv/lib/python3.11/site-packages/airflow/example_dags/example_params_trigger_ui.py for tasks to queue
[2025-07-20T17:56:54.386+0530] {logging_mixin.py:190} INFO - [2025-07-20T17:56:54.386+0530] {dagbag.py:588} INFO - Filling up the DagBag from /Users/parth/Desktop/Engine/venv/lib/python3.11/site-packages/airflow/example_dags/example_params_trigger_ui.py
[2025-07-20T17:56:54.412+0530] {processor.py:925} INFO - DAG(s) 'example_params_trigger_ui' retrieved from /Users/parth/Desktop/Engine/venv/lib/python3.11/site-packages/airflow/example_dags/example_params_trigger_ui.py
[2025-07-20T17:56:54.486+0530] {logging_mixin.py:190} INFO - [2025-07-20T17:56:54.486+0530] {dag.py:3239} INFO - Sync 1 DAGs
[2025-07-20T17:56:54.493+0530] {logging_mixin.py:190} INFO - [2025-07-20T17:56:54.493+0530] {dag.py:4180} INFO - Setting next_dagrun for example_params_trigger_ui to None, run_after=None
[2025-07-20T17:56:54.504+0530] {processor.py:208} INFO - Processing /Users/parth/Desktop/Engine/venv/lib/python3.11/site-packages/airflow/example_dags/example_params_trigger_ui.py took 0.121 seconds
[2025-07-20T18:00:39.960+0530] {processor.py:186} INFO - Started process (PID=51818) to work on /Users/parth/Desktop/Engine/venv/lib/python3.11/site-packages/airflow/example_dags/example_params_trigger_ui.py
[2025-07-20T18:00:39.962+0530] {processor.py:914} INFO - Processing file /Users/parth/Desktop/Engine/venv/lib/python3.11/site-packages/airflow/example_dags/example_params_trigger_ui.py for tasks to queue
[2025-07-20T18:00:39.962+0530] {logging_mixin.py:190} INFO - [2025-07-20T18:00:39.962+0530] {dagbag.py:588} INFO - Filling up the DagBag from /Users/parth/Desktop/Engine/venv/lib/python3.11/site-packages/airflow/example_dags/example_params_trigger_ui.py
[2025-07-20T18:00:39.989+0530] {processor.py:925} INFO - DAG(s) 'example_params_trigger_ui' retrieved from /Users/parth/Desktop/Engine/venv/lib/python3.11/site-packages/airflow/example_dags/example_params_trigger_ui.py
[2025-07-20T18:00:40.062+0530] {logging_mixin.py:190} INFO - [2025-07-20T18:00:40.062+0530] {dag.py:3239} INFO - Sync 1 DAGs
[2025-07-20T18:00:40.069+0530] {logging_mixin.py:190} INFO - [2025-07-20T18:00:40.068+0530] {dag.py:4180} INFO - Setting next_dagrun for example_params_trigger_ui to None, run_after=None
[2025-07-20T18:00:40.079+0530] {processor.py:208} INFO - Processing /Users/parth/Desktop/Engine/venv/lib/python3.11/site-packages/airflow/example_dags/example_params_trigger_ui.py took 0.121 seconds
[2025-07-20T18:02:38.078+0530] {processor.py:186} INFO - Started process (PID=52579) to work on /Users/parth/Desktop/Engine/venv/lib/python3.11/site-packages/airflow/example_dags/example_params_trigger_ui.py
[2025-07-20T18:02:38.079+0530] {processor.py:914} INFO - Processing file /Users/parth/Desktop/Engine/venv/lib/python3.11/site-packages/airflow/example_dags/example_params_trigger_ui.py for tasks to queue
[2025-07-20T18:02:38.080+0530] {logging_mixin.py:190} INFO - [2025-07-20T18:02:38.080+0530] {dagbag.py:588} INFO - Filling up the DagBag from /Users/parth/Desktop/Engine/venv/lib/python3.11/site-packages/airflow/example_dags/example_params_trigger_ui.py
[2025-07-20T18:02:38.108+0530] {processor.py:925} INFO - DAG(s) 'example_params_trigger_ui' retrieved from /Users/parth/Desktop/Engine/venv/lib/python3.11/site-packages/airflow/example_dags/example_params_trigger_ui.py
[2025-07-20T18:02:38.183+0530] {logging_mixin.py:190} INFO - [2025-07-20T18:02:38.183+0530] {dag.py:3239} INFO - Sync 1 DAGs
[2025-07-20T18:02:38.190+0530] {logging_mixin.py:190} INFO - [2025-07-20T18:02:38.189+0530] {dag.py:4180} INFO - Setting next_dagrun for example_params_trigger_ui to None, run_after=None
[2025-07-20T18:02:38.202+0530] {processor.py:208} INFO - Processing /Users/parth/Desktop/Engine/venv/lib/python3.11/site-packages/airflow/example_dags/example_params_trigger_ui.py took 0.127 seconds
[2025-07-20T18:04:34.443+0530] {processor.py:186} INFO - Started process (PID=53328) to work on /Users/parth/Desktop/Engine/venv/lib/python3.11/site-packages/airflow/example_dags/example_params_trigger_ui.py
[2025-07-20T18:04:34.444+0530] {processor.py:914} INFO - Processing file /Users/parth/Desktop/Engine/venv/lib/python3.11/site-packages/airflow/example_dags/example_params_trigger_ui.py for tasks to queue
[2025-07-20T18:04:34.445+0530] {logging_mixin.py:190} INFO - [2025-07-20T18:04:34.444+0530] {dagbag.py:588} INFO - Filling up the DagBag from /Users/parth/Desktop/Engine/venv/lib/python3.11/site-packages/airflow/example_dags/example_params_trigger_ui.py
[2025-07-20T18:04:34.471+0530] {processor.py:925} INFO - DAG(s) 'example_params_trigger_ui' retrieved from /Users/parth/Desktop/Engine/venv/lib/python3.11/site-packages/airflow/example_dags/example_params_trigger_ui.py
[2025-07-20T18:04:34.544+0530] {logging_mixin.py:190} INFO - [2025-07-20T18:04:34.544+0530] {dag.py:3239} INFO - Sync 1 DAGs
[2025-07-20T18:04:34.551+0530] {logging_mixin.py:190} INFO - [2025-07-20T18:04:34.551+0530] {dag.py:4180} INFO - Setting next_dagrun for example_params_trigger_ui to None, run_after=None
[2025-07-20T18:04:34.562+0530] {processor.py:208} INFO - Processing /Users/parth/Desktop/Engine/venv/lib/python3.11/site-packages/airflow/example_dags/example_params_trigger_ui.py took 0.122 seconds
[2025-07-20T18:06:29.446+0530] {processor.py:186} INFO - Started process (PID=54072) to work on /Users/parth/Desktop/Engine/venv/lib/python3.11/site-packages/airflow/example_dags/example_params_trigger_ui.py
[2025-07-20T18:06:29.447+0530] {processor.py:914} INFO - Processing file /Users/parth/Desktop/Engine/venv/lib/python3.11/site-packages/airflow/example_dags/example_params_trigger_ui.py for tasks to queue
[2025-07-20T18:06:29.448+0530] {logging_mixin.py:190} INFO - [2025-07-20T18:06:29.448+0530] {dagbag.py:588} INFO - Filling up the DagBag from /Users/parth/Desktop/Engine/venv/lib/python3.11/site-packages/airflow/example_dags/example_params_trigger_ui.py
[2025-07-20T18:06:29.475+0530] {processor.py:925} INFO - DAG(s) 'example_params_trigger_ui' retrieved from /Users/parth/Desktop/Engine/venv/lib/python3.11/site-packages/airflow/example_dags/example_params_trigger_ui.py
[2025-07-20T18:06:29.547+0530] {logging_mixin.py:190} INFO - [2025-07-20T18:06:29.547+0530] {dag.py:3239} INFO - Sync 1 DAGs
[2025-07-20T18:06:29.554+0530] {logging_mixin.py:190} INFO - [2025-07-20T18:06:29.554+0530] {dag.py:4180} INFO - Setting next_dagrun for example_params_trigger_ui to None, run_after=None
[2025-07-20T18:06:29.564+0530] {processor.py:208} INFO - Processing /Users/parth/Desktop/Engine/venv/lib/python3.11/site-packages/airflow/example_dags/example_params_trigger_ui.py took 0.121 seconds
[2025-07-20T18:23:37.190+0530] {processor.py:186} INFO - Started process (PID=55534) to work on /Users/parth/Desktop/Engine/venv/lib/python3.11/site-packages/airflow/example_dags/example_params_trigger_ui.py
[2025-07-20T18:23:37.192+0530] {processor.py:914} INFO - Processing file /Users/parth/Desktop/Engine/venv/lib/python3.11/site-packages/airflow/example_dags/example_params_trigger_ui.py for tasks to queue
[2025-07-20T18:23:37.192+0530] {logging_mixin.py:190} INFO - [2025-07-20T18:23:37.192+0530] {dagbag.py:588} INFO - Filling up the DagBag from /Users/parth/Desktop/Engine/venv/lib/python3.11/site-packages/airflow/example_dags/example_params_trigger_ui.py
[2025-07-20T18:23:37.219+0530] {processor.py:925} INFO - DAG(s) 'example_params_trigger_ui' retrieved from /Users/parth/Desktop/Engine/venv/lib/python3.11/site-packages/airflow/example_dags/example_params_trigger_ui.py
[2025-07-20T18:23:37.292+0530] {logging_mixin.py:190} INFO - [2025-07-20T18:23:37.292+0530] {dag.py:3239} INFO - Sync 1 DAGs
[2025-07-20T18:23:37.299+0530] {logging_mixin.py:190} INFO - [2025-07-20T18:23:37.298+0530] {dag.py:4180} INFO - Setting next_dagrun for example_params_trigger_ui to None, run_after=None
[2025-07-20T18:23:37.310+0530] {processor.py:208} INFO - Processing /Users/parth/Desktop/Engine/venv/lib/python3.11/site-packages/airflow/example_dags/example_params_trigger_ui.py took 0.122 seconds
[2025-07-20T18:25:45.543+0530] {processor.py:186} INFO - Started process (PID=56374) to work on /Users/parth/Desktop/Engine/venv/lib/python3.11/site-packages/airflow/example_dags/example_params_trigger_ui.py
[2025-07-20T18:25:45.544+0530] {processor.py:914} INFO - Processing file /Users/parth/Desktop/Engine/venv/lib/python3.11/site-packages/airflow/example_dags/example_params_trigger_ui.py for tasks to queue
[2025-07-20T18:25:45.545+0530] {logging_mixin.py:190} INFO - [2025-07-20T18:25:45.545+0530] {dagbag.py:588} INFO - Filling up the DagBag from /Users/parth/Desktop/Engine/venv/lib/python3.11/site-packages/airflow/example_dags/example_params_trigger_ui.py
[2025-07-20T18:25:45.571+0530] {processor.py:925} INFO - DAG(s) 'example_params_trigger_ui' retrieved from /Users/parth/Desktop/Engine/venv/lib/python3.11/site-packages/airflow/example_dags/example_params_trigger_ui.py
[2025-07-20T18:25:45.646+0530] {logging_mixin.py:190} INFO - [2025-07-20T18:25:45.646+0530] {dag.py:3239} INFO - Sync 1 DAGs
[2025-07-20T18:25:45.653+0530] {logging_mixin.py:190} INFO - [2025-07-20T18:25:45.652+0530] {dag.py:4180} INFO - Setting next_dagrun for example_params_trigger_ui to None, run_after=None
[2025-07-20T18:25:45.664+0530] {processor.py:208} INFO - Processing /Users/parth/Desktop/Engine/venv/lib/python3.11/site-packages/airflow/example_dags/example_params_trigger_ui.py took 0.123 seconds
[2025-07-20T18:29:24.245+0530] {processor.py:186} INFO - Started process (PID=57767) to work on /Users/parth/Desktop/Engine/venv/lib/python3.11/site-packages/airflow/example_dags/example_params_trigger_ui.py
[2025-07-20T18:29:24.247+0530] {processor.py:914} INFO - Processing file /Users/parth/Desktop/Engine/venv/lib/python3.11/site-packages/airflow/example_dags/example_params_trigger_ui.py for tasks to queue
[2025-07-20T18:29:24.248+0530] {logging_mixin.py:190} INFO - [2025-07-20T18:29:24.248+0530] {dagbag.py:588} INFO - Filling up the DagBag from /Users/parth/Desktop/Engine/venv/lib/python3.11/site-packages/airflow/example_dags/example_params_trigger_ui.py
[2025-07-20T18:29:24.274+0530] {processor.py:925} INFO - DAG(s) 'example_params_trigger_ui' retrieved from /Users/parth/Desktop/Engine/venv/lib/python3.11/site-packages/airflow/example_dags/example_params_trigger_ui.py
[2025-07-20T18:29:24.350+0530] {logging_mixin.py:190} INFO - [2025-07-20T18:29:24.350+0530] {dag.py:3239} INFO - Sync 1 DAGs
[2025-07-20T18:29:24.357+0530] {logging_mixin.py:190} INFO - [2025-07-20T18:29:24.356+0530] {dag.py:4180} INFO - Setting next_dagrun for example_params_trigger_ui to None, run_after=None
[2025-07-20T18:29:24.368+0530] {processor.py:208} INFO - Processing /Users/parth/Desktop/Engine/venv/lib/python3.11/site-packages/airflow/example_dags/example_params_trigger_ui.py took 0.125 seconds
[2025-07-20T18:39:43.250+0530] {processor.py:186} INFO - Started process (PID=59161) to work on /Users/parth/Desktop/Engine/venv/lib/python3.11/site-packages/airflow/example_dags/example_params_trigger_ui.py
[2025-07-20T18:39:43.251+0530] {processor.py:914} INFO - Processing file /Users/parth/Desktop/Engine/venv/lib/python3.11/site-packages/airflow/example_dags/example_params_trigger_ui.py for tasks to queue
[2025-07-20T18:39:43.252+0530] {logging_mixin.py:190} INFO - [2025-07-20T18:39:43.252+0530] {dagbag.py:588} INFO - Filling up the DagBag from /Users/parth/Desktop/Engine/venv/lib/python3.11/site-packages/airflow/example_dags/example_params_trigger_ui.py
[2025-07-20T18:39:43.278+0530] {processor.py:925} INFO - DAG(s) 'example_params_trigger_ui' retrieved from /Users/parth/Desktop/Engine/venv/lib/python3.11/site-packages/airflow/example_dags/example_params_trigger_ui.py
[2025-07-20T18:39:43.350+0530] {logging_mixin.py:190} INFO - [2025-07-20T18:39:43.350+0530] {dag.py:3239} INFO - Sync 1 DAGs
[2025-07-20T18:39:43.357+0530] {logging_mixin.py:190} INFO - [2025-07-20T18:39:43.357+0530] {dag.py:4180} INFO - Setting next_dagrun for example_params_trigger_ui to None, run_after=None
[2025-07-20T18:39:43.367+0530] {processor.py:208} INFO - Processing /Users/parth/Desktop/Engine/venv/lib/python3.11/site-packages/airflow/example_dags/example_params_trigger_ui.py took 0.120 seconds
[2025-07-20T18:53:30.290+0530] {processor.py:186} INFO - Started process (PID=60509) to work on /Users/parth/Desktop/Engine/venv/lib/python3.11/site-packages/airflow/example_dags/example_params_trigger_ui.py
[2025-07-20T18:53:30.291+0530] {processor.py:914} INFO - Processing file /Users/parth/Desktop/Engine/venv/lib/python3.11/site-packages/airflow/example_dags/example_params_trigger_ui.py for tasks to queue
[2025-07-20T18:53:30.292+0530] {logging_mixin.py:190} INFO - [2025-07-20T18:53:30.291+0530] {dagbag.py:588} INFO - Filling up the DagBag from /Users/parth/Desktop/Engine/venv/lib/python3.11/site-packages/airflow/example_dags/example_params_trigger_ui.py
[2025-07-20T18:53:30.318+0530] {processor.py:925} INFO - DAG(s) 'example_params_trigger_ui' retrieved from /Users/parth/Desktop/Engine/venv/lib/python3.11/site-packages/airflow/example_dags/example_params_trigger_ui.py
[2025-07-20T18:53:30.391+0530] {logging_mixin.py:190} INFO - [2025-07-20T18:53:30.390+0530] {dag.py:3239} INFO - Sync 1 DAGs
[2025-07-20T18:53:30.397+0530] {logging_mixin.py:190} INFO - [2025-07-20T18:53:30.397+0530] {dag.py:4180} INFO - Setting next_dagrun for example_params_trigger_ui to None, run_after=None
[2025-07-20T18:53:30.408+0530] {processor.py:208} INFO - Processing /Users/parth/Desktop/Engine/venv/lib/python3.11/site-packages/airflow/example_dags/example_params_trigger_ui.py took 0.120 seconds
[2025-07-20T19:13:35.593+0530] {processor.py:186} INFO - Started process (PID=61896) to work on /Users/parth/Desktop/Engine/venv/lib/python3.11/site-packages/airflow/example_dags/example_params_trigger_ui.py
[2025-07-20T19:13:35.595+0530] {processor.py:914} INFO - Processing file /Users/parth/Desktop/Engine/venv/lib/python3.11/site-packages/airflow/example_dags/example_params_trigger_ui.py for tasks to queue
[2025-07-20T19:13:35.596+0530] {logging_mixin.py:190} INFO - [2025-07-20T19:13:35.595+0530] {dagbag.py:588} INFO - Filling up the DagBag from /Users/parth/Desktop/Engine/venv/lib/python3.11/site-packages/airflow/example_dags/example_params_trigger_ui.py
[2025-07-20T19:13:35.622+0530] {processor.py:925} INFO - DAG(s) 'example_params_trigger_ui' retrieved from /Users/parth/Desktop/Engine/venv/lib/python3.11/site-packages/airflow/example_dags/example_params_trigger_ui.py
[2025-07-20T19:13:35.694+0530] {logging_mixin.py:190} INFO - [2025-07-20T19:13:35.694+0530] {dag.py:3239} INFO - Sync 1 DAGs
[2025-07-20T19:13:35.700+0530] {logging_mixin.py:190} INFO - [2025-07-20T19:13:35.700+0530] {dag.py:4180} INFO - Setting next_dagrun for example_params_trigger_ui to None, run_after=None
[2025-07-20T19:13:35.711+0530] {processor.py:208} INFO - Processing /Users/parth/Desktop/Engine/venv/lib/python3.11/site-packages/airflow/example_dags/example_params_trigger_ui.py took 0.120 seconds
