[2025-07-20T16:20:09.734+0530] {processor.py:186} INFO - Started process (PID=34562) to work on /Users/parth/Desktop/Engine/venv/lib/python3.11/site-packages/airflow/example_dags/example_workday_timetable.py
[2025-07-20T16:20:09.735+0530] {processor.py:914} INFO - Processing file /Users/parth/Desktop/Engine/venv/lib/python3.11/site-packages/airflow/example_dags/example_workday_timetable.py for tasks to queue
[2025-07-20T16:20:09.736+0530] {logging_mixin.py:190} INFO - [2025-07-20T16:20:09.736+0530] {dagbag.py:588} INFO - Filling up the DagBag from /Users/parth/Desktop/Engine/venv/lib/python3.11/site-packages/airflow/example_dags/example_workday_timetable.py
[2025-07-20T16:20:10.296+0530] {processor.py:925} INFO - DAG(s) 'example_workday_timetable' retrieved from /Users/parth/Desktop/Engine/venv/lib/python3.11/site-packages/airflow/example_dags/example_workday_timetable.py
[2025-07-20T16:20:10.369+0530] {logging_mixin.py:190} INFO - [2025-07-20T16:20:10.369+0530] {dag.py:3239} INFO - Sync 1 DAGs
[2025-07-20T16:20:10.406+0530] {logging_mixin.py:190} INFO - [2025-07-20T16:20:10.406+0530] {dag.py:4180} INFO - Setting next_dagrun for example_workday_timetable to 2021-01-04 00:00:00+00:00, run_after=2021-01-05 00:00:00+00:00
[2025-07-20T16:20:10.417+0530] {processor.py:208} INFO - Processing /Users/parth/Desktop/Engine/venv/lib/python3.11/site-packages/airflow/example_dags/example_workday_timetable.py took 0.685 seconds
[2025-07-20T16:22:45.247+0530] {processor.py:186} INFO - Started process (PID=35611) to work on /Users/parth/Desktop/Engine/venv/lib/python3.11/site-packages/airflow/example_dags/example_workday_timetable.py
[2025-07-20T16:22:45.249+0530] {processor.py:914} INFO - Processing file /Users/parth/Desktop/Engine/venv/lib/python3.11/site-packages/airflow/example_dags/example_workday_timetable.py for tasks to queue
[2025-07-20T16:22:45.251+0530] {logging_mixin.py:190} INFO - [2025-07-20T16:22:45.250+0530] {dagbag.py:588} INFO - Filling up the DagBag from /Users/parth/Desktop/Engine/venv/lib/python3.11/site-packages/airflow/example_dags/example_workday_timetable.py
[2025-07-20T16:22:46.253+0530] {processor.py:925} INFO - DAG(s) 'example_workday_timetable' retrieved from /Users/parth/Desktop/Engine/venv/lib/python3.11/site-packages/airflow/example_dags/example_workday_timetable.py
[2025-07-20T16:22:46.378+0530] {logging_mixin.py:190} INFO - [2025-07-20T16:22:46.377+0530] {dag.py:3239} INFO - Sync 1 DAGs
[2025-07-20T16:22:46.437+0530] {logging_mixin.py:190} INFO - [2025-07-20T16:22:46.436+0530] {dag.py:4180} INFO - Setting next_dagrun for example_workday_timetable to 2021-01-04 00:00:00+00:00, run_after=2021-01-05 00:00:00+00:00
[2025-07-20T16:22:46.461+0530] {processor.py:208} INFO - Processing /Users/parth/Desktop/Engine/venv/lib/python3.11/site-packages/airflow/example_dags/example_workday_timetable.py took 1.220 seconds
[2025-07-20T16:25:11.211+0530] {processor.py:186} INFO - Started process (PID=36640) to work on /Users/parth/Desktop/Engine/venv/lib/python3.11/site-packages/airflow/example_dags/example_workday_timetable.py
[2025-07-20T16:25:11.212+0530] {processor.py:914} INFO - Processing file /Users/parth/Desktop/Engine/venv/lib/python3.11/site-packages/airflow/example_dags/example_workday_timetable.py for tasks to queue
[2025-07-20T16:25:11.213+0530] {logging_mixin.py:190} INFO - [2025-07-20T16:25:11.212+0530] {dagbag.py:588} INFO - Filling up the DagBag from /Users/parth/Desktop/Engine/venv/lib/python3.11/site-packages/airflow/example_dags/example_workday_timetable.py
[2025-07-20T16:25:11.952+0530] {processor.py:925} INFO - DAG(s) 'example_workday_timetable' retrieved from /Users/parth/Desktop/Engine/venv/lib/python3.11/site-packages/airflow/example_dags/example_workday_timetable.py
[2025-07-20T16:25:12.025+0530] {logging_mixin.py:190} INFO - [2025-07-20T16:25:12.025+0530] {dag.py:3239} INFO - Sync 1 DAGs
[2025-07-20T16:25:12.068+0530] {logging_mixin.py:190} INFO - [2025-07-20T16:25:12.068+0530] {dag.py:4180} INFO - Setting next_dagrun for example_workday_timetable to 2021-01-04 00:00:00+00:00, run_after=2021-01-05 00:00:00+00:00
[2025-07-20T16:25:12.083+0530] {processor.py:208} INFO - Processing /Users/parth/Desktop/Engine/venv/lib/python3.11/site-packages/airflow/example_dags/example_workday_timetable.py took 0.874 seconds
[2025-07-20T16:27:20.520+0530] {processor.py:186} INFO - Started process (PID=37511) to work on /Users/parth/Desktop/Engine/venv/lib/python3.11/site-packages/airflow/example_dags/example_workday_timetable.py
[2025-07-20T16:27:20.522+0530] {processor.py:914} INFO - Processing file /Users/parth/Desktop/Engine/venv/lib/python3.11/site-packages/airflow/example_dags/example_workday_timetable.py for tasks to queue
[2025-07-20T16:27:20.522+0530] {logging_mixin.py:190} INFO - [2025-07-20T16:27:20.522+0530] {dagbag.py:588} INFO - Filling up the DagBag from /Users/parth/Desktop/Engine/venv/lib/python3.11/site-packages/airflow/example_dags/example_workday_timetable.py
[2025-07-20T16:27:21.204+0530] {processor.py:925} INFO - DAG(s) 'example_workday_timetable' retrieved from /Users/parth/Desktop/Engine/venv/lib/python3.11/site-packages/airflow/example_dags/example_workday_timetable.py
[2025-07-20T16:27:21.273+0530] {logging_mixin.py:190} INFO - [2025-07-20T16:27:21.272+0530] {dag.py:3239} INFO - Sync 1 DAGs
[2025-07-20T16:27:21.310+0530] {logging_mixin.py:190} INFO - [2025-07-20T16:27:21.310+0530] {dag.py:4180} INFO - Setting next_dagrun for example_workday_timetable to 2021-01-04 00:00:00+00:00, run_after=2021-01-05 00:00:00+00:00
[2025-07-20T16:27:21.322+0530] {processor.py:208} INFO - Processing /Users/parth/Desktop/Engine/venv/lib/python3.11/site-packages/airflow/example_dags/example_workday_timetable.py took 0.804 seconds
[2025-07-20T16:29:31.435+0530] {processor.py:186} INFO - Started process (PID=38427) to work on /Users/parth/Desktop/Engine/venv/lib/python3.11/site-packages/airflow/example_dags/example_workday_timetable.py
[2025-07-20T16:29:31.437+0530] {processor.py:914} INFO - Processing file /Users/parth/Desktop/Engine/venv/lib/python3.11/site-packages/airflow/example_dags/example_workday_timetable.py for tasks to queue
[2025-07-20T16:29:31.438+0530] {logging_mixin.py:190} INFO - [2025-07-20T16:29:31.438+0530] {dagbag.py:588} INFO - Filling up the DagBag from /Users/parth/Desktop/Engine/venv/lib/python3.11/site-packages/airflow/example_dags/example_workday_timetable.py
[2025-07-20T16:29:32.024+0530] {processor.py:925} INFO - DAG(s) 'example_workday_timetable' retrieved from /Users/parth/Desktop/Engine/venv/lib/python3.11/site-packages/airflow/example_dags/example_workday_timetable.py
[2025-07-20T16:29:32.092+0530] {logging_mixin.py:190} INFO - [2025-07-20T16:29:32.092+0530] {dag.py:3239} INFO - Sync 1 DAGs
[2025-07-20T16:29:32.121+0530] {logging_mixin.py:190} INFO - [2025-07-20T16:29:32.120+0530] {dag.py:4180} INFO - Setting next_dagrun for example_workday_timetable to 2021-01-04 00:00:00+00:00, run_after=2021-01-05 00:00:00+00:00
[2025-07-20T16:29:32.134+0530] {processor.py:208} INFO - Processing /Users/parth/Desktop/Engine/venv/lib/python3.11/site-packages/airflow/example_dags/example_workday_timetable.py took 0.701 seconds
[2025-07-20T16:31:37.021+0530] {processor.py:186} INFO - Started process (PID=39378) to work on /Users/parth/Desktop/Engine/venv/lib/python3.11/site-packages/airflow/example_dags/example_workday_timetable.py
[2025-07-20T16:31:37.022+0530] {processor.py:914} INFO - Processing file /Users/parth/Desktop/Engine/venv/lib/python3.11/site-packages/airflow/example_dags/example_workday_timetable.py for tasks to queue
[2025-07-20T16:31:37.023+0530] {logging_mixin.py:190} INFO - [2025-07-20T16:31:37.023+0530] {dagbag.py:588} INFO - Filling up the DagBag from /Users/parth/Desktop/Engine/venv/lib/python3.11/site-packages/airflow/example_dags/example_workday_timetable.py
[2025-07-20T16:31:37.650+0530] {processor.py:925} INFO - DAG(s) 'example_workday_timetable' retrieved from /Users/parth/Desktop/Engine/venv/lib/python3.11/site-packages/airflow/example_dags/example_workday_timetable.py
[2025-07-20T16:31:37.718+0530] {logging_mixin.py:190} INFO - [2025-07-20T16:31:37.718+0530] {dag.py:3239} INFO - Sync 1 DAGs
[2025-07-20T16:31:37.746+0530] {logging_mixin.py:190} INFO - [2025-07-20T16:31:37.746+0530] {dag.py:4180} INFO - Setting next_dagrun for example_workday_timetable to 2021-01-04 00:00:00+00:00, run_after=2021-01-05 00:00:00+00:00
[2025-07-20T16:31:37.760+0530] {processor.py:208} INFO - Processing /Users/parth/Desktop/Engine/venv/lib/python3.11/site-packages/airflow/example_dags/example_workday_timetable.py took 0.741 seconds
[2025-07-20T16:33:52.170+0530] {processor.py:186} INFO - Started process (PID=40380) to work on /Users/parth/Desktop/Engine/venv/lib/python3.11/site-packages/airflow/example_dags/example_workday_timetable.py
[2025-07-20T16:33:52.171+0530] {processor.py:914} INFO - Processing file /Users/parth/Desktop/Engine/venv/lib/python3.11/site-packages/airflow/example_dags/example_workday_timetable.py for tasks to queue
[2025-07-20T16:33:52.172+0530] {logging_mixin.py:190} INFO - [2025-07-20T16:33:52.171+0530] {dagbag.py:588} INFO - Filling up the DagBag from /Users/parth/Desktop/Engine/venv/lib/python3.11/site-packages/airflow/example_dags/example_workday_timetable.py
[2025-07-20T16:33:52.918+0530] {processor.py:925} INFO - DAG(s) 'example_workday_timetable' retrieved from /Users/parth/Desktop/Engine/venv/lib/python3.11/site-packages/airflow/example_dags/example_workday_timetable.py
[2025-07-20T16:33:52.998+0530] {logging_mixin.py:190} INFO - [2025-07-20T16:33:52.998+0530] {dag.py:3239} INFO - Sync 1 DAGs
[2025-07-20T16:33:53.041+0530] {logging_mixin.py:190} INFO - [2025-07-20T16:33:53.041+0530] {dag.py:4180} INFO - Setting next_dagrun for example_workday_timetable to 2021-01-04 00:00:00+00:00, run_after=2021-01-05 00:00:00+00:00
[2025-07-20T16:33:53.055+0530] {processor.py:208} INFO - Processing /Users/parth/Desktop/Engine/venv/lib/python3.11/site-packages/airflow/example_dags/example_workday_timetable.py took 0.887 seconds
[2025-07-20T16:36:08.077+0530] {processor.py:186} INFO - Started process (PID=41267) to work on /Users/parth/Desktop/Engine/venv/lib/python3.11/site-packages/airflow/example_dags/example_workday_timetable.py
[2025-07-20T16:36:08.078+0530] {processor.py:914} INFO - Processing file /Users/parth/Desktop/Engine/venv/lib/python3.11/site-packages/airflow/example_dags/example_workday_timetable.py for tasks to queue
[2025-07-20T16:36:08.079+0530] {logging_mixin.py:190} INFO - [2025-07-20T16:36:08.079+0530] {dagbag.py:588} INFO - Filling up the DagBag from /Users/parth/Desktop/Engine/venv/lib/python3.11/site-packages/airflow/example_dags/example_workday_timetable.py
[2025-07-20T16:36:08.695+0530] {processor.py:925} INFO - DAG(s) 'example_workday_timetable' retrieved from /Users/parth/Desktop/Engine/venv/lib/python3.11/site-packages/airflow/example_dags/example_workday_timetable.py
[2025-07-20T16:36:08.766+0530] {logging_mixin.py:190} INFO - [2025-07-20T16:36:08.765+0530] {dag.py:3239} INFO - Sync 1 DAGs
[2025-07-20T16:36:08.802+0530] {logging_mixin.py:190} INFO - [2025-07-20T16:36:08.801+0530] {dag.py:4180} INFO - Setting next_dagrun for example_workday_timetable to 2021-01-04 00:00:00+00:00, run_after=2021-01-05 00:00:00+00:00
[2025-07-20T16:36:08.813+0530] {processor.py:208} INFO - Processing /Users/parth/Desktop/Engine/venv/lib/python3.11/site-packages/airflow/example_dags/example_workday_timetable.py took 0.739 seconds
[2025-07-20T16:38:29.482+0530] {processor.py:186} INFO - Started process (PID=42214) to work on /Users/parth/Desktop/Engine/venv/lib/python3.11/site-packages/airflow/example_dags/example_workday_timetable.py
[2025-07-20T16:38:29.483+0530] {processor.py:914} INFO - Processing file /Users/parth/Desktop/Engine/venv/lib/python3.11/site-packages/airflow/example_dags/example_workday_timetable.py for tasks to queue
[2025-07-20T16:38:29.484+0530] {logging_mixin.py:190} INFO - [2025-07-20T16:38:29.484+0530] {dagbag.py:588} INFO - Filling up the DagBag from /Users/parth/Desktop/Engine/venv/lib/python3.11/site-packages/airflow/example_dags/example_workday_timetable.py
[2025-07-20T16:38:30.194+0530] {processor.py:925} INFO - DAG(s) 'example_workday_timetable' retrieved from /Users/parth/Desktop/Engine/venv/lib/python3.11/site-packages/airflow/example_dags/example_workday_timetable.py
[2025-07-20T16:38:30.267+0530] {logging_mixin.py:190} INFO - [2025-07-20T16:38:30.267+0530] {dag.py:3239} INFO - Sync 1 DAGs
[2025-07-20T16:38:30.305+0530] {logging_mixin.py:190} INFO - [2025-07-20T16:38:30.305+0530] {dag.py:4180} INFO - Setting next_dagrun for example_workday_timetable to 2021-01-04 00:00:00+00:00, run_after=2021-01-05 00:00:00+00:00
[2025-07-20T16:38:30.317+0530] {processor.py:208} INFO - Processing /Users/parth/Desktop/Engine/venv/lib/python3.11/site-packages/airflow/example_dags/example_workday_timetable.py took 0.839 seconds
[2025-07-20T16:40:39.613+0530] {processor.py:186} INFO - Started process (PID=43040) to work on /Users/parth/Desktop/Engine/venv/lib/python3.11/site-packages/airflow/example_dags/example_workday_timetable.py
[2025-07-20T16:40:39.614+0530] {processor.py:914} INFO - Processing file /Users/parth/Desktop/Engine/venv/lib/python3.11/site-packages/airflow/example_dags/example_workday_timetable.py for tasks to queue
[2025-07-20T16:40:39.614+0530] {logging_mixin.py:190} INFO - [2025-07-20T16:40:39.614+0530] {dagbag.py:588} INFO - Filling up the DagBag from /Users/parth/Desktop/Engine/venv/lib/python3.11/site-packages/airflow/example_dags/example_workday_timetable.py
[2025-07-20T16:40:40.140+0530] {processor.py:925} INFO - DAG(s) 'example_workday_timetable' retrieved from /Users/parth/Desktop/Engine/venv/lib/python3.11/site-packages/airflow/example_dags/example_workday_timetable.py
[2025-07-20T16:40:40.210+0530] {logging_mixin.py:190} INFO - [2025-07-20T16:40:40.209+0530] {dag.py:3239} INFO - Sync 1 DAGs
[2025-07-20T16:40:40.239+0530] {logging_mixin.py:190} INFO - [2025-07-20T16:40:40.239+0530] {dag.py:4180} INFO - Setting next_dagrun for example_workday_timetable to 2021-01-04 00:00:00+00:00, run_after=2021-01-05 00:00:00+00:00
[2025-07-20T16:40:40.250+0530] {processor.py:208} INFO - Processing /Users/parth/Desktop/Engine/venv/lib/python3.11/site-packages/airflow/example_dags/example_workday_timetable.py took 0.640 seconds
[2025-07-20T16:42:48.162+0530] {processor.py:186} INFO - Started process (PID=43857) to work on /Users/parth/Desktop/Engine/venv/lib/python3.11/site-packages/airflow/example_dags/example_workday_timetable.py
[2025-07-20T16:42:48.163+0530] {processor.py:914} INFO - Processing file /Users/parth/Desktop/Engine/venv/lib/python3.11/site-packages/airflow/example_dags/example_workday_timetable.py for tasks to queue
[2025-07-20T16:42:48.164+0530] {logging_mixin.py:190} INFO - [2025-07-20T16:42:48.164+0530] {dagbag.py:588} INFO - Filling up the DagBag from /Users/parth/Desktop/Engine/venv/lib/python3.11/site-packages/airflow/example_dags/example_workday_timetable.py
[2025-07-20T16:42:48.733+0530] {processor.py:925} INFO - DAG(s) 'example_workday_timetable' retrieved from /Users/parth/Desktop/Engine/venv/lib/python3.11/site-packages/airflow/example_dags/example_workday_timetable.py
[2025-07-20T16:42:48.804+0530] {logging_mixin.py:190} INFO - [2025-07-20T16:42:48.804+0530] {dag.py:3239} INFO - Sync 1 DAGs
[2025-07-20T16:42:48.833+0530] {logging_mixin.py:190} INFO - [2025-07-20T16:42:48.833+0530] {dag.py:4180} INFO - Setting next_dagrun for example_workday_timetable to 2021-01-04 00:00:00+00:00, run_after=2021-01-05 00:00:00+00:00
[2025-07-20T16:42:48.845+0530] {processor.py:208} INFO - Processing /Users/parth/Desktop/Engine/venv/lib/python3.11/site-packages/airflow/example_dags/example_workday_timetable.py took 0.686 seconds
[2025-07-20T16:44:53.460+0530] {processor.py:186} INFO - Started process (PID=44682) to work on /Users/parth/Desktop/Engine/venv/lib/python3.11/site-packages/airflow/example_dags/example_workday_timetable.py
[2025-07-20T16:44:53.461+0530] {processor.py:914} INFO - Processing file /Users/parth/Desktop/Engine/venv/lib/python3.11/site-packages/airflow/example_dags/example_workday_timetable.py for tasks to queue
[2025-07-20T16:44:53.462+0530] {logging_mixin.py:190} INFO - [2025-07-20T16:44:53.462+0530] {dagbag.py:588} INFO - Filling up the DagBag from /Users/parth/Desktop/Engine/venv/lib/python3.11/site-packages/airflow/example_dags/example_workday_timetable.py
[2025-07-20T16:44:54.096+0530] {processor.py:925} INFO - DAG(s) 'example_workday_timetable' retrieved from /Users/parth/Desktop/Engine/venv/lib/python3.11/site-packages/airflow/example_dags/example_workday_timetable.py
[2025-07-20T16:44:54.172+0530] {logging_mixin.py:190} INFO - [2025-07-20T16:44:54.172+0530] {dag.py:3239} INFO - Sync 1 DAGs
[2025-07-20T16:44:54.201+0530] {logging_mixin.py:190} INFO - [2025-07-20T16:44:54.201+0530] {dag.py:4180} INFO - Setting next_dagrun for example_workday_timetable to 2021-01-04 00:00:00+00:00, run_after=2021-01-05 00:00:00+00:00
[2025-07-20T16:44:54.213+0530] {processor.py:208} INFO - Processing /Users/parth/Desktop/Engine/venv/lib/python3.11/site-packages/airflow/example_dags/example_workday_timetable.py took 0.757 seconds
[2025-07-20T16:46:56.128+0530] {processor.py:186} INFO - Started process (PID=45462) to work on /Users/parth/Desktop/Engine/venv/lib/python3.11/site-packages/airflow/example_dags/example_workday_timetable.py
[2025-07-20T16:46:56.129+0530] {processor.py:914} INFO - Processing file /Users/parth/Desktop/Engine/venv/lib/python3.11/site-packages/airflow/example_dags/example_workday_timetable.py for tasks to queue
[2025-07-20T16:46:56.130+0530] {logging_mixin.py:190} INFO - [2025-07-20T16:46:56.130+0530] {dagbag.py:588} INFO - Filling up the DagBag from /Users/parth/Desktop/Engine/venv/lib/python3.11/site-packages/airflow/example_dags/example_workday_timetable.py
[2025-07-20T16:46:56.665+0530] {processor.py:925} INFO - DAG(s) 'example_workday_timetable' retrieved from /Users/parth/Desktop/Engine/venv/lib/python3.11/site-packages/airflow/example_dags/example_workday_timetable.py
[2025-07-20T16:46:56.734+0530] {logging_mixin.py:190} INFO - [2025-07-20T16:46:56.734+0530] {dag.py:3239} INFO - Sync 1 DAGs
[2025-07-20T16:46:56.762+0530] {logging_mixin.py:190} INFO - [2025-07-20T16:46:56.762+0530] {dag.py:4180} INFO - Setting next_dagrun for example_workday_timetable to 2021-01-04 00:00:00+00:00, run_after=2021-01-05 00:00:00+00:00
[2025-07-20T16:46:56.774+0530] {processor.py:208} INFO - Processing /Users/parth/Desktop/Engine/venv/lib/python3.11/site-packages/airflow/example_dags/example_workday_timetable.py took 0.649 seconds
[2025-07-20T16:48:53.767+0530] {processor.py:186} INFO - Started process (PID=46239) to work on /Users/parth/Desktop/Engine/venv/lib/python3.11/site-packages/airflow/example_dags/example_workday_timetable.py
[2025-07-20T16:48:53.769+0530] {processor.py:914} INFO - Processing file /Users/parth/Desktop/Engine/venv/lib/python3.11/site-packages/airflow/example_dags/example_workday_timetable.py for tasks to queue
[2025-07-20T16:48:53.770+0530] {logging_mixin.py:190} INFO - [2025-07-20T16:48:53.770+0530] {dagbag.py:588} INFO - Filling up the DagBag from /Users/parth/Desktop/Engine/venv/lib/python3.11/site-packages/airflow/example_dags/example_workday_timetable.py
[2025-07-20T16:48:54.217+0530] {processor.py:925} INFO - DAG(s) 'example_workday_timetable' retrieved from /Users/parth/Desktop/Engine/venv/lib/python3.11/site-packages/airflow/example_dags/example_workday_timetable.py
[2025-07-20T16:48:54.283+0530] {logging_mixin.py:190} INFO - [2025-07-20T16:48:54.283+0530] {dag.py:3239} INFO - Sync 1 DAGs
[2025-07-20T16:48:54.311+0530] {logging_mixin.py:190} INFO - [2025-07-20T16:48:54.311+0530] {dag.py:4180} INFO - Setting next_dagrun for example_workday_timetable to 2021-01-04 00:00:00+00:00, run_after=2021-01-05 00:00:00+00:00
[2025-07-20T16:48:54.322+0530] {processor.py:208} INFO - Processing /Users/parth/Desktop/Engine/venv/lib/python3.11/site-packages/airflow/example_dags/example_workday_timetable.py took 0.557 seconds
[2025-07-20T16:50:49.305+0530] {processor.py:186} INFO - Started process (PID=47011) to work on /Users/parth/Desktop/Engine/venv/lib/python3.11/site-packages/airflow/example_dags/example_workday_timetable.py
[2025-07-20T16:50:49.306+0530] {processor.py:914} INFO - Processing file /Users/parth/Desktop/Engine/venv/lib/python3.11/site-packages/airflow/example_dags/example_workday_timetable.py for tasks to queue
[2025-07-20T16:50:49.307+0530] {logging_mixin.py:190} INFO - [2025-07-20T16:50:49.307+0530] {dagbag.py:588} INFO - Filling up the DagBag from /Users/parth/Desktop/Engine/venv/lib/python3.11/site-packages/airflow/example_dags/example_workday_timetable.py
[2025-07-20T16:50:49.751+0530] {processor.py:925} INFO - DAG(s) 'example_workday_timetable' retrieved from /Users/parth/Desktop/Engine/venv/lib/python3.11/site-packages/airflow/example_dags/example_workday_timetable.py
[2025-07-20T16:50:49.817+0530] {logging_mixin.py:190} INFO - [2025-07-20T16:50:49.816+0530] {dag.py:3239} INFO - Sync 1 DAGs
[2025-07-20T16:50:49.844+0530] {logging_mixin.py:190} INFO - [2025-07-20T16:50:49.844+0530] {dag.py:4180} INFO - Setting next_dagrun for example_workday_timetable to 2021-01-04 00:00:00+00:00, run_after=2021-01-05 00:00:00+00:00
[2025-07-20T16:50:49.855+0530] {processor.py:208} INFO - Processing /Users/parth/Desktop/Engine/venv/lib/python3.11/site-packages/airflow/example_dags/example_workday_timetable.py took 0.553 seconds
[2025-07-20T16:57:22.820+0530] {processor.py:186} INFO - Started process (PID=47812) to work on /Users/parth/Desktop/Engine/venv/lib/python3.11/site-packages/airflow/example_dags/example_workday_timetable.py
[2025-07-20T16:57:22.821+0530] {processor.py:914} INFO - Processing file /Users/parth/Desktop/Engine/venv/lib/python3.11/site-packages/airflow/example_dags/example_workday_timetable.py for tasks to queue
[2025-07-20T16:57:22.821+0530] {logging_mixin.py:190} INFO - [2025-07-20T16:57:22.821+0530] {dagbag.py:588} INFO - Filling up the DagBag from /Users/parth/Desktop/Engine/venv/lib/python3.11/site-packages/airflow/example_dags/example_workday_timetable.py
[2025-07-20T16:57:23.386+0530] {processor.py:925} INFO - DAG(s) 'example_workday_timetable' retrieved from /Users/parth/Desktop/Engine/venv/lib/python3.11/site-packages/airflow/example_dags/example_workday_timetable.py
[2025-07-20T16:57:23.454+0530] {logging_mixin.py:190} INFO - [2025-07-20T16:57:23.454+0530] {dag.py:3239} INFO - Sync 1 DAGs
[2025-07-20T16:57:23.482+0530] {logging_mixin.py:190} INFO - [2025-07-20T16:57:23.482+0530] {dag.py:4180} INFO - Setting next_dagrun for example_workday_timetable to 2021-01-04 00:00:00+00:00, run_after=2021-01-05 00:00:00+00:00
[2025-07-20T16:57:23.494+0530] {processor.py:208} INFO - Processing /Users/parth/Desktop/Engine/venv/lib/python3.11/site-packages/airflow/example_dags/example_workday_timetable.py took 0.676 seconds
[2025-07-20T17:52:10.460+0530] {processor.py:186} INFO - Started process (PID=48548) to work on /Users/parth/Desktop/Engine/venv/lib/python3.11/site-packages/airflow/example_dags/example_workday_timetable.py
[2025-07-20T17:52:10.461+0530] {processor.py:914} INFO - Processing file /Users/parth/Desktop/Engine/venv/lib/python3.11/site-packages/airflow/example_dags/example_workday_timetable.py for tasks to queue
[2025-07-20T17:52:10.462+0530] {logging_mixin.py:190} INFO - [2025-07-20T17:52:10.462+0530] {dagbag.py:588} INFO - Filling up the DagBag from /Users/parth/Desktop/Engine/venv/lib/python3.11/site-packages/airflow/example_dags/example_workday_timetable.py
[2025-07-20T17:52:10.905+0530] {processor.py:925} INFO - DAG(s) 'example_workday_timetable' retrieved from /Users/parth/Desktop/Engine/venv/lib/python3.11/site-packages/airflow/example_dags/example_workday_timetable.py
[2025-07-20T17:52:10.972+0530] {logging_mixin.py:190} INFO - [2025-07-20T17:52:10.971+0530] {dag.py:3239} INFO - Sync 1 DAGs
[2025-07-20T17:52:10.999+0530] {logging_mixin.py:190} INFO - [2025-07-20T17:52:10.999+0530] {dag.py:4180} INFO - Setting next_dagrun for example_workday_timetable to 2021-01-04 00:00:00+00:00, run_after=2021-01-05 00:00:00+00:00
[2025-07-20T17:52:11.010+0530] {processor.py:208} INFO - Processing /Users/parth/Desktop/Engine/venv/lib/python3.11/site-packages/airflow/example_dags/example_workday_timetable.py took 0.553 seconds
[2025-07-20T17:54:11.438+0530] {processor.py:186} INFO - Started process (PID=49338) to work on /Users/parth/Desktop/Engine/venv/lib/python3.11/site-packages/airflow/example_dags/example_workday_timetable.py
[2025-07-20T17:54:11.439+0530] {processor.py:914} INFO - Processing file /Users/parth/Desktop/Engine/venv/lib/python3.11/site-packages/airflow/example_dags/example_workday_timetable.py for tasks to queue
[2025-07-20T17:54:11.440+0530] {logging_mixin.py:190} INFO - [2025-07-20T17:54:11.440+0530] {dagbag.py:588} INFO - Filling up the DagBag from /Users/parth/Desktop/Engine/venv/lib/python3.11/site-packages/airflow/example_dags/example_workday_timetable.py
[2025-07-20T17:54:11.889+0530] {processor.py:925} INFO - DAG(s) 'example_workday_timetable' retrieved from /Users/parth/Desktop/Engine/venv/lib/python3.11/site-packages/airflow/example_dags/example_workday_timetable.py
[2025-07-20T17:54:11.957+0530] {logging_mixin.py:190} INFO - [2025-07-20T17:54:11.957+0530] {dag.py:3239} INFO - Sync 1 DAGs
[2025-07-20T17:54:11.985+0530] {logging_mixin.py:190} INFO - [2025-07-20T17:54:11.985+0530] {dag.py:4180} INFO - Setting next_dagrun for example_workday_timetable to 2021-01-04 00:00:00+00:00, run_after=2021-01-05 00:00:00+00:00
[2025-07-20T17:54:11.996+0530] {processor.py:208} INFO - Processing /Users/parth/Desktop/Engine/venv/lib/python3.11/site-packages/airflow/example_dags/example_workday_timetable.py took 0.560 seconds
[2025-07-20T17:56:10.110+0530] {processor.py:186} INFO - Started process (PID=50097) to work on /Users/parth/Desktop/Engine/venv/lib/python3.11/site-packages/airflow/example_dags/example_workday_timetable.py
[2025-07-20T17:56:10.111+0530] {processor.py:914} INFO - Processing file /Users/parth/Desktop/Engine/venv/lib/python3.11/site-packages/airflow/example_dags/example_workday_timetable.py for tasks to queue
[2025-07-20T17:56:10.112+0530] {logging_mixin.py:190} INFO - [2025-07-20T17:56:10.111+0530] {dagbag.py:588} INFO - Filling up the DagBag from /Users/parth/Desktop/Engine/venv/lib/python3.11/site-packages/airflow/example_dags/example_workday_timetable.py
[2025-07-20T17:56:10.555+0530] {processor.py:925} INFO - DAG(s) 'example_workday_timetable' retrieved from /Users/parth/Desktop/Engine/venv/lib/python3.11/site-packages/airflow/example_dags/example_workday_timetable.py
[2025-07-20T17:56:10.622+0530] {logging_mixin.py:190} INFO - [2025-07-20T17:56:10.621+0530] {dag.py:3239} INFO - Sync 1 DAGs
[2025-07-20T17:56:10.649+0530] {logging_mixin.py:190} INFO - [2025-07-20T17:56:10.649+0530] {dag.py:4180} INFO - Setting next_dagrun for example_workday_timetable to 2021-01-04 00:00:00+00:00, run_after=2021-01-05 00:00:00+00:00
[2025-07-20T17:56:10.660+0530] {processor.py:208} INFO - Processing /Users/parth/Desktop/Engine/venv/lib/python3.11/site-packages/airflow/example_dags/example_workday_timetable.py took 0.552 seconds
[2025-07-20T17:57:58.390+0530] {processor.py:186} INFO - Started process (PID=50786) to work on /Users/parth/Desktop/Engine/venv/lib/python3.11/site-packages/airflow/example_dags/example_workday_timetable.py
[2025-07-20T17:57:58.392+0530] {processor.py:914} INFO - Processing file /Users/parth/Desktop/Engine/venv/lib/python3.11/site-packages/airflow/example_dags/example_workday_timetable.py for tasks to queue
[2025-07-20T17:57:58.392+0530] {logging_mixin.py:190} INFO - [2025-07-20T17:57:58.392+0530] {dagbag.py:588} INFO - Filling up the DagBag from /Users/parth/Desktop/Engine/venv/lib/python3.11/site-packages/airflow/example_dags/example_workday_timetable.py
[2025-07-20T17:57:58.841+0530] {processor.py:925} INFO - DAG(s) 'example_workday_timetable' retrieved from /Users/parth/Desktop/Engine/venv/lib/python3.11/site-packages/airflow/example_dags/example_workday_timetable.py
[2025-07-20T17:57:58.907+0530] {logging_mixin.py:190} INFO - [2025-07-20T17:57:58.906+0530] {dag.py:3239} INFO - Sync 1 DAGs
[2025-07-20T17:57:58.934+0530] {logging_mixin.py:190} INFO - [2025-07-20T17:57:58.934+0530] {dag.py:4180} INFO - Setting next_dagrun for example_workday_timetable to 2021-01-04 00:00:00+00:00, run_after=2021-01-05 00:00:00+00:00
[2025-07-20T17:57:58.945+0530] {processor.py:208} INFO - Processing /Users/parth/Desktop/Engine/venv/lib/python3.11/site-packages/airflow/example_dags/example_workday_timetable.py took 0.557 seconds
[2025-07-20T17:59:52.154+0530] {processor.py:186} INFO - Started process (PID=51517) to work on /Users/parth/Desktop/Engine/venv/lib/python3.11/site-packages/airflow/example_dags/example_workday_timetable.py
[2025-07-20T17:59:52.156+0530] {processor.py:914} INFO - Processing file /Users/parth/Desktop/Engine/venv/lib/python3.11/site-packages/airflow/example_dags/example_workday_timetable.py for tasks to queue
[2025-07-20T17:59:52.156+0530] {logging_mixin.py:190} INFO - [2025-07-20T17:59:52.156+0530] {dagbag.py:588} INFO - Filling up the DagBag from /Users/parth/Desktop/Engine/venv/lib/python3.11/site-packages/airflow/example_dags/example_workday_timetable.py
[2025-07-20T17:59:52.632+0530] {processor.py:925} INFO - DAG(s) 'example_workday_timetable' retrieved from /Users/parth/Desktop/Engine/venv/lib/python3.11/site-packages/airflow/example_dags/example_workday_timetable.py
[2025-07-20T17:59:52.697+0530] {logging_mixin.py:190} INFO - [2025-07-20T17:59:52.697+0530] {dag.py:3239} INFO - Sync 1 DAGs
[2025-07-20T17:59:52.726+0530] {logging_mixin.py:190} INFO - [2025-07-20T17:59:52.726+0530] {dag.py:4180} INFO - Setting next_dagrun for example_workday_timetable to 2021-01-04 00:00:00+00:00, run_after=2021-01-05 00:00:00+00:00
[2025-07-20T17:59:52.737+0530] {processor.py:208} INFO - Processing /Users/parth/Desktop/Engine/venv/lib/python3.11/site-packages/airflow/example_dags/example_workday_timetable.py took 0.585 seconds
[2025-07-20T18:01:47.673+0530] {processor.py:186} INFO - Started process (PID=52256) to work on /Users/parth/Desktop/Engine/venv/lib/python3.11/site-packages/airflow/example_dags/example_workday_timetable.py
[2025-07-20T18:01:47.674+0530] {processor.py:914} INFO - Processing file /Users/parth/Desktop/Engine/venv/lib/python3.11/site-packages/airflow/example_dags/example_workday_timetable.py for tasks to queue
[2025-07-20T18:01:47.675+0530] {logging_mixin.py:190} INFO - [2025-07-20T18:01:47.675+0530] {dagbag.py:588} INFO - Filling up the DagBag from /Users/parth/Desktop/Engine/venv/lib/python3.11/site-packages/airflow/example_dags/example_workday_timetable.py
[2025-07-20T18:01:48.263+0530] {processor.py:925} INFO - DAG(s) 'example_workday_timetable' retrieved from /Users/parth/Desktop/Engine/venv/lib/python3.11/site-packages/airflow/example_dags/example_workday_timetable.py
[2025-07-20T18:01:48.331+0530] {logging_mixin.py:190} INFO - [2025-07-20T18:01:48.331+0530] {dag.py:3239} INFO - Sync 1 DAGs
[2025-07-20T18:01:48.358+0530] {logging_mixin.py:190} INFO - [2025-07-20T18:01:48.358+0530] {dag.py:4180} INFO - Setting next_dagrun for example_workday_timetable to 2021-01-04 00:00:00+00:00, run_after=2021-01-05 00:00:00+00:00
[2025-07-20T18:01:48.370+0530] {processor.py:208} INFO - Processing /Users/parth/Desktop/Engine/venv/lib/python3.11/site-packages/airflow/example_dags/example_workday_timetable.py took 0.699 seconds
[2025-07-20T18:03:49.334+0530] {processor.py:186} INFO - Started process (PID=53029) to work on /Users/parth/Desktop/Engine/venv/lib/python3.11/site-packages/airflow/example_dags/example_workday_timetable.py
[2025-07-20T18:03:49.335+0530] {processor.py:914} INFO - Processing file /Users/parth/Desktop/Engine/venv/lib/python3.11/site-packages/airflow/example_dags/example_workday_timetable.py for tasks to queue
[2025-07-20T18:03:49.336+0530] {logging_mixin.py:190} INFO - [2025-07-20T18:03:49.336+0530] {dagbag.py:588} INFO - Filling up the DagBag from /Users/parth/Desktop/Engine/venv/lib/python3.11/site-packages/airflow/example_dags/example_workday_timetable.py
[2025-07-20T18:03:49.774+0530] {processor.py:925} INFO - DAG(s) 'example_workday_timetable' retrieved from /Users/parth/Desktop/Engine/venv/lib/python3.11/site-packages/airflow/example_dags/example_workday_timetable.py
[2025-07-20T18:03:49.840+0530] {logging_mixin.py:190} INFO - [2025-07-20T18:03:49.840+0530] {dag.py:3239} INFO - Sync 1 DAGs
[2025-07-20T18:03:49.869+0530] {logging_mixin.py:190} INFO - [2025-07-20T18:03:49.869+0530] {dag.py:4180} INFO - Setting next_dagrun for example_workday_timetable to 2021-01-04 00:00:00+00:00, run_after=2021-01-05 00:00:00+00:00
[2025-07-20T18:03:49.881+0530] {processor.py:208} INFO - Processing /Users/parth/Desktop/Engine/venv/lib/python3.11/site-packages/airflow/example_dags/example_workday_timetable.py took 0.549 seconds
[2025-07-20T18:05:42.650+0530] {processor.py:186} INFO - Started process (PID=53763) to work on /Users/parth/Desktop/Engine/venv/lib/python3.11/site-packages/airflow/example_dags/example_workday_timetable.py
[2025-07-20T18:05:42.652+0530] {processor.py:914} INFO - Processing file /Users/parth/Desktop/Engine/venv/lib/python3.11/site-packages/airflow/example_dags/example_workday_timetable.py for tasks to queue
[2025-07-20T18:05:42.652+0530] {logging_mixin.py:190} INFO - [2025-07-20T18:05:42.652+0530] {dagbag.py:588} INFO - Filling up the DagBag from /Users/parth/Desktop/Engine/venv/lib/python3.11/site-packages/airflow/example_dags/example_workday_timetable.py
[2025-07-20T18:05:43.103+0530] {processor.py:925} INFO - DAG(s) 'example_workday_timetable' retrieved from /Users/parth/Desktop/Engine/venv/lib/python3.11/site-packages/airflow/example_dags/example_workday_timetable.py
[2025-07-20T18:05:43.170+0530] {logging_mixin.py:190} INFO - [2025-07-20T18:05:43.169+0530] {dag.py:3239} INFO - Sync 1 DAGs
[2025-07-20T18:05:43.198+0530] {logging_mixin.py:190} INFO - [2025-07-20T18:05:43.198+0530] {dag.py:4180} INFO - Setting next_dagrun for example_workday_timetable to 2021-01-04 00:00:00+00:00, run_after=2021-01-05 00:00:00+00:00
[2025-07-20T18:05:43.209+0530] {processor.py:208} INFO - Processing /Users/parth/Desktop/Engine/venv/lib/python3.11/site-packages/airflow/example_dags/example_workday_timetable.py took 0.561 seconds
[2025-07-20T18:07:36.509+0530] {processor.py:186} INFO - Started process (PID=54495) to work on /Users/parth/Desktop/Engine/venv/lib/python3.11/site-packages/airflow/example_dags/example_workday_timetable.py
[2025-07-20T18:07:36.510+0530] {processor.py:914} INFO - Processing file /Users/parth/Desktop/Engine/venv/lib/python3.11/site-packages/airflow/example_dags/example_workday_timetable.py for tasks to queue
[2025-07-20T18:07:36.511+0530] {logging_mixin.py:190} INFO - [2025-07-20T18:07:36.511+0530] {dagbag.py:588} INFO - Filling up the DagBag from /Users/parth/Desktop/Engine/venv/lib/python3.11/site-packages/airflow/example_dags/example_workday_timetable.py
[2025-07-20T18:07:36.976+0530] {processor.py:925} INFO - DAG(s) 'example_workday_timetable' retrieved from /Users/parth/Desktop/Engine/venv/lib/python3.11/site-packages/airflow/example_dags/example_workday_timetable.py
[2025-07-20T18:07:37.042+0530] {logging_mixin.py:190} INFO - [2025-07-20T18:07:37.042+0530] {dag.py:3239} INFO - Sync 1 DAGs
[2025-07-20T18:07:37.071+0530] {logging_mixin.py:190} INFO - [2025-07-20T18:07:37.071+0530] {dag.py:4180} INFO - Setting next_dagrun for example_workday_timetable to 2021-01-04 00:00:00+00:00, run_after=2021-01-05 00:00:00+00:00
[2025-07-20T18:07:37.084+0530] {processor.py:208} INFO - Processing /Users/parth/Desktop/Engine/venv/lib/python3.11/site-packages/airflow/example_dags/example_workday_timetable.py took 0.578 seconds
[2025-07-20T18:22:52.461+0530] {processor.py:186} INFO - Started process (PID=55247) to work on /Users/parth/Desktop/Engine/venv/lib/python3.11/site-packages/airflow/example_dags/example_workday_timetable.py
[2025-07-20T18:22:52.462+0530] {processor.py:914} INFO - Processing file /Users/parth/Desktop/Engine/venv/lib/python3.11/site-packages/airflow/example_dags/example_workday_timetable.py for tasks to queue
[2025-07-20T18:22:52.462+0530] {logging_mixin.py:190} INFO - [2025-07-20T18:22:52.462+0530] {dagbag.py:588} INFO - Filling up the DagBag from /Users/parth/Desktop/Engine/venv/lib/python3.11/site-packages/airflow/example_dags/example_workday_timetable.py
[2025-07-20T18:22:52.912+0530] {processor.py:925} INFO - DAG(s) 'example_workday_timetable' retrieved from /Users/parth/Desktop/Engine/venv/lib/python3.11/site-packages/airflow/example_dags/example_workday_timetable.py
[2025-07-20T18:22:52.978+0530] {logging_mixin.py:190} INFO - [2025-07-20T18:22:52.978+0530] {dag.py:3239} INFO - Sync 1 DAGs
[2025-07-20T18:22:53.006+0530] {logging_mixin.py:190} INFO - [2025-07-20T18:22:53.006+0530] {dag.py:4180} INFO - Setting next_dagrun for example_workday_timetable to 2021-01-04 00:00:00+00:00, run_after=2021-01-05 00:00:00+00:00
[2025-07-20T18:22:53.017+0530] {processor.py:208} INFO - Processing /Users/parth/Desktop/Engine/venv/lib/python3.11/site-packages/airflow/example_dags/example_workday_timetable.py took 0.558 seconds
[2025-07-20T18:25:00.859+0530] {processor.py:186} INFO - Started process (PID=56083) to work on /Users/parth/Desktop/Engine/venv/lib/python3.11/site-packages/airflow/example_dags/example_workday_timetable.py
[2025-07-20T18:25:00.860+0530] {processor.py:914} INFO - Processing file /Users/parth/Desktop/Engine/venv/lib/python3.11/site-packages/airflow/example_dags/example_workday_timetable.py for tasks to queue
[2025-07-20T18:25:00.861+0530] {logging_mixin.py:190} INFO - [2025-07-20T18:25:00.861+0530] {dagbag.py:588} INFO - Filling up the DagBag from /Users/parth/Desktop/Engine/venv/lib/python3.11/site-packages/airflow/example_dags/example_workday_timetable.py
[2025-07-20T18:25:01.309+0530] {processor.py:925} INFO - DAG(s) 'example_workday_timetable' retrieved from /Users/parth/Desktop/Engine/venv/lib/python3.11/site-packages/airflow/example_dags/example_workday_timetable.py
[2025-07-20T18:25:01.376+0530] {logging_mixin.py:190} INFO - [2025-07-20T18:25:01.376+0530] {dag.py:3239} INFO - Sync 1 DAGs
[2025-07-20T18:25:01.404+0530] {logging_mixin.py:190} INFO - [2025-07-20T18:25:01.404+0530] {dag.py:4180} INFO - Setting next_dagrun for example_workday_timetable to 2021-01-04 00:00:00+00:00, run_after=2021-01-05 00:00:00+00:00
[2025-07-20T18:25:01.415+0530] {processor.py:208} INFO - Processing /Users/parth/Desktop/Engine/venv/lib/python3.11/site-packages/airflow/example_dags/example_workday_timetable.py took 0.558 seconds
[2025-07-20T18:26:46.478+0530] {processor.py:186} INFO - Started process (PID=56757) to work on /Users/parth/Desktop/Engine/venv/lib/python3.11/site-packages/airflow/example_dags/example_workday_timetable.py
[2025-07-20T18:26:46.480+0530] {processor.py:914} INFO - Processing file /Users/parth/Desktop/Engine/venv/lib/python3.11/site-packages/airflow/example_dags/example_workday_timetable.py for tasks to queue
[2025-07-20T18:26:46.481+0530] {logging_mixin.py:190} INFO - [2025-07-20T18:26:46.480+0530] {dagbag.py:588} INFO - Filling up the DagBag from /Users/parth/Desktop/Engine/venv/lib/python3.11/site-packages/airflow/example_dags/example_workday_timetable.py
[2025-07-20T18:26:46.966+0530] {processor.py:925} INFO - DAG(s) 'example_workday_timetable' retrieved from /Users/parth/Desktop/Engine/venv/lib/python3.11/site-packages/airflow/example_dags/example_workday_timetable.py
[2025-07-20T18:26:47.033+0530] {logging_mixin.py:190} INFO - [2025-07-20T18:26:47.033+0530] {dag.py:3239} INFO - Sync 1 DAGs
[2025-07-20T18:26:47.061+0530] {logging_mixin.py:190} INFO - [2025-07-20T18:26:47.061+0530] {dag.py:4180} INFO - Setting next_dagrun for example_workday_timetable to 2021-01-04 00:00:00+00:00, run_after=2021-01-05 00:00:00+00:00
[2025-07-20T18:26:47.072+0530] {processor.py:208} INFO - Processing /Users/parth/Desktop/Engine/venv/lib/python3.11/site-packages/airflow/example_dags/example_workday_timetable.py took 0.597 seconds
[2025-07-20T18:28:35.062+0530] {processor.py:186} INFO - Started process (PID=57455) to work on /Users/parth/Desktop/Engine/venv/lib/python3.11/site-packages/airflow/example_dags/example_workday_timetable.py
[2025-07-20T18:28:35.063+0530] {processor.py:914} INFO - Processing file /Users/parth/Desktop/Engine/venv/lib/python3.11/site-packages/airflow/example_dags/example_workday_timetable.py for tasks to queue
[2025-07-20T18:28:35.064+0530] {logging_mixin.py:190} INFO - [2025-07-20T18:28:35.064+0530] {dagbag.py:588} INFO - Filling up the DagBag from /Users/parth/Desktop/Engine/venv/lib/python3.11/site-packages/airflow/example_dags/example_workday_timetable.py
[2025-07-20T18:28:35.512+0530] {processor.py:925} INFO - DAG(s) 'example_workday_timetable' retrieved from /Users/parth/Desktop/Engine/venv/lib/python3.11/site-packages/airflow/example_dags/example_workday_timetable.py
[2025-07-20T18:28:35.579+0530] {logging_mixin.py:190} INFO - [2025-07-20T18:28:35.579+0530] {dag.py:3239} INFO - Sync 1 DAGs
[2025-07-20T18:28:35.606+0530] {logging_mixin.py:190} INFO - [2025-07-20T18:28:35.606+0530] {dag.py:4180} INFO - Setting next_dagrun for example_workday_timetable to 2021-01-04 00:00:00+00:00, run_after=2021-01-05 00:00:00+00:00
[2025-07-20T18:28:35.617+0530] {processor.py:208} INFO - Processing /Users/parth/Desktop/Engine/venv/lib/python3.11/site-packages/airflow/example_dags/example_workday_timetable.py took 0.558 seconds
[2025-07-20T18:30:28.076+0530] {processor.py:186} INFO - Started process (PID=58179) to work on /Users/parth/Desktop/Engine/venv/lib/python3.11/site-packages/airflow/example_dags/example_workday_timetable.py
[2025-07-20T18:30:28.077+0530] {processor.py:914} INFO - Processing file /Users/parth/Desktop/Engine/venv/lib/python3.11/site-packages/airflow/example_dags/example_workday_timetable.py for tasks to queue
[2025-07-20T18:30:28.078+0530] {logging_mixin.py:190} INFO - [2025-07-20T18:30:28.078+0530] {dagbag.py:588} INFO - Filling up the DagBag from /Users/parth/Desktop/Engine/venv/lib/python3.11/site-packages/airflow/example_dags/example_workday_timetable.py
[2025-07-20T18:30:28.528+0530] {processor.py:925} INFO - DAG(s) 'example_workday_timetable' retrieved from /Users/parth/Desktop/Engine/venv/lib/python3.11/site-packages/airflow/example_dags/example_workday_timetable.py
[2025-07-20T18:30:28.595+0530] {logging_mixin.py:190} INFO - [2025-07-20T18:30:28.594+0530] {dag.py:3239} INFO - Sync 1 DAGs
[2025-07-20T18:30:28.623+0530] {logging_mixin.py:190} INFO - [2025-07-20T18:30:28.622+0530] {dag.py:4180} INFO - Setting next_dagrun for example_workday_timetable to 2021-01-04 00:00:00+00:00, run_after=2021-01-05 00:00:00+00:00
[2025-07-20T18:30:28.634+0530] {processor.py:208} INFO - Processing /Users/parth/Desktop/Engine/venv/lib/python3.11/site-packages/airflow/example_dags/example_workday_timetable.py took 0.560 seconds
[2025-07-20T18:36:05.183+0530] {processor.py:186} INFO - Started process (PID=58887) to work on /Users/parth/Desktop/Engine/venv/lib/python3.11/site-packages/airflow/example_dags/example_workday_timetable.py
[2025-07-20T18:36:05.185+0530] {processor.py:914} INFO - Processing file /Users/parth/Desktop/Engine/venv/lib/python3.11/site-packages/airflow/example_dags/example_workday_timetable.py for tasks to queue
[2025-07-20T18:36:05.186+0530] {logging_mixin.py:190} INFO - [2025-07-20T18:36:05.185+0530] {dagbag.py:588} INFO - Filling up the DagBag from /Users/parth/Desktop/Engine/venv/lib/python3.11/site-packages/airflow/example_dags/example_workday_timetable.py
[2025-07-20T18:36:05.687+0530] {processor.py:925} INFO - DAG(s) 'example_workday_timetable' retrieved from /Users/parth/Desktop/Engine/venv/lib/python3.11/site-packages/airflow/example_dags/example_workday_timetable.py
[2025-07-20T18:36:05.755+0530] {logging_mixin.py:190} INFO - [2025-07-20T18:36:05.754+0530] {dag.py:3239} INFO - Sync 1 DAGs
[2025-07-20T18:36:05.782+0530] {logging_mixin.py:190} INFO - [2025-07-20T18:36:05.782+0530] {dag.py:4180} INFO - Setting next_dagrun for example_workday_timetable to 2021-01-04 00:00:00+00:00, run_after=2021-01-05 00:00:00+00:00
[2025-07-20T18:36:05.793+0530] {processor.py:208} INFO - Processing /Users/parth/Desktop/Engine/venv/lib/python3.11/site-packages/airflow/example_dags/example_workday_timetable.py took 0.612 seconds
[2025-07-20T18:43:34.353+0530] {processor.py:186} INFO - Started process (PID=59559) to work on /Users/parth/Desktop/Engine/venv/lib/python3.11/site-packages/airflow/example_dags/example_workday_timetable.py
[2025-07-20T18:43:34.354+0530] {processor.py:914} INFO - Processing file /Users/parth/Desktop/Engine/venv/lib/python3.11/site-packages/airflow/example_dags/example_workday_timetable.py for tasks to queue
[2025-07-20T18:43:34.354+0530] {logging_mixin.py:190} INFO - [2025-07-20T18:43:34.354+0530] {dagbag.py:588} INFO - Filling up the DagBag from /Users/parth/Desktop/Engine/venv/lib/python3.11/site-packages/airflow/example_dags/example_workday_timetable.py
[2025-07-20T18:43:34.798+0530] {processor.py:925} INFO - DAG(s) 'example_workday_timetable' retrieved from /Users/parth/Desktop/Engine/venv/lib/python3.11/site-packages/airflow/example_dags/example_workday_timetable.py
[2025-07-20T18:43:34.864+0530] {logging_mixin.py:190} INFO - [2025-07-20T18:43:34.864+0530] {dag.py:3239} INFO - Sync 1 DAGs
[2025-07-20T18:43:34.892+0530] {logging_mixin.py:190} INFO - [2025-07-20T18:43:34.892+0530] {dag.py:4180} INFO - Setting next_dagrun for example_workday_timetable to 2021-01-04 00:00:00+00:00, run_after=2021-01-05 00:00:00+00:00
[2025-07-20T18:43:34.903+0530] {processor.py:208} INFO - Processing /Users/parth/Desktop/Engine/venv/lib/python3.11/site-packages/airflow/example_dags/example_workday_timetable.py took 0.552 seconds
[2025-07-20T18:52:32.081+0530] {processor.py:186} INFO - Started process (PID=60232) to work on /Users/parth/Desktop/Engine/venv/lib/python3.11/site-packages/airflow/example_dags/example_workday_timetable.py
[2025-07-20T18:52:32.082+0530] {processor.py:914} INFO - Processing file /Users/parth/Desktop/Engine/venv/lib/python3.11/site-packages/airflow/example_dags/example_workday_timetable.py for tasks to queue
[2025-07-20T18:52:32.082+0530] {logging_mixin.py:190} INFO - [2025-07-20T18:52:32.082+0530] {dagbag.py:588} INFO - Filling up the DagBag from /Users/parth/Desktop/Engine/venv/lib/python3.11/site-packages/airflow/example_dags/example_workday_timetable.py
[2025-07-20T18:52:32.585+0530] {processor.py:925} INFO - DAG(s) 'example_workday_timetable' retrieved from /Users/parth/Desktop/Engine/venv/lib/python3.11/site-packages/airflow/example_dags/example_workday_timetable.py
[2025-07-20T18:52:32.653+0530] {logging_mixin.py:190} INFO - [2025-07-20T18:52:32.653+0530] {dag.py:3239} INFO - Sync 1 DAGs
[2025-07-20T18:52:32.681+0530] {logging_mixin.py:190} INFO - [2025-07-20T18:52:32.681+0530] {dag.py:4180} INFO - Setting next_dagrun for example_workday_timetable to 2021-01-04 00:00:00+00:00, run_after=2021-01-05 00:00:00+00:00
[2025-07-20T18:52:32.692+0530] {processor.py:208} INFO - Processing /Users/parth/Desktop/Engine/venv/lib/python3.11/site-packages/airflow/example_dags/example_workday_timetable.py took 0.613 seconds
[2025-07-20T19:08:03.571+0530] {processor.py:186} INFO - Started process (PID=60908) to work on /Users/parth/Desktop/Engine/venv/lib/python3.11/site-packages/airflow/example_dags/example_workday_timetable.py
[2025-07-20T19:08:03.573+0530] {processor.py:914} INFO - Processing file /Users/parth/Desktop/Engine/venv/lib/python3.11/site-packages/airflow/example_dags/example_workday_timetable.py for tasks to queue
[2025-07-20T19:08:03.573+0530] {logging_mixin.py:190} INFO - [2025-07-20T19:08:03.573+0530] {dagbag.py:588} INFO - Filling up the DagBag from /Users/parth/Desktop/Engine/venv/lib/python3.11/site-packages/airflow/example_dags/example_workday_timetable.py
[2025-07-20T19:08:04.080+0530] {processor.py:925} INFO - DAG(s) 'example_workday_timetable' retrieved from /Users/parth/Desktop/Engine/venv/lib/python3.11/site-packages/airflow/example_dags/example_workday_timetable.py
[2025-07-20T19:08:04.146+0530] {logging_mixin.py:190} INFO - [2025-07-20T19:08:04.146+0530] {dag.py:3239} INFO - Sync 1 DAGs
[2025-07-20T19:08:04.174+0530] {logging_mixin.py:190} INFO - [2025-07-20T19:08:04.174+0530] {dag.py:4180} INFO - Setting next_dagrun for example_workday_timetable to 2021-01-04 00:00:00+00:00, run_after=2021-01-05 00:00:00+00:00
[2025-07-20T19:08:04.185+0530] {processor.py:208} INFO - Processing /Users/parth/Desktop/Engine/venv/lib/python3.11/site-packages/airflow/example_dags/example_workday_timetable.py took 0.618 seconds
[2025-07-20T19:11:07.074+0530] {processor.py:186} INFO - Started process (PID=61607) to work on /Users/parth/Desktop/Engine/venv/lib/python3.11/site-packages/airflow/example_dags/example_workday_timetable.py
[2025-07-20T19:11:07.076+0530] {processor.py:914} INFO - Processing file /Users/parth/Desktop/Engine/venv/lib/python3.11/site-packages/airflow/example_dags/example_workday_timetable.py for tasks to queue
[2025-07-20T19:11:07.077+0530] {logging_mixin.py:190} INFO - [2025-07-20T19:11:07.077+0530] {dagbag.py:588} INFO - Filling up the DagBag from /Users/parth/Desktop/Engine/venv/lib/python3.11/site-packages/airflow/example_dags/example_workday_timetable.py
[2025-07-20T19:11:07.521+0530] {processor.py:925} INFO - DAG(s) 'example_workday_timetable' retrieved from /Users/parth/Desktop/Engine/venv/lib/python3.11/site-packages/airflow/example_dags/example_workday_timetable.py
[2025-07-20T19:11:07.587+0530] {logging_mixin.py:190} INFO - [2025-07-20T19:11:07.587+0530] {dag.py:3239} INFO - Sync 1 DAGs
[2025-07-20T19:11:07.615+0530] {logging_mixin.py:190} INFO - [2025-07-20T19:11:07.615+0530] {dag.py:4180} INFO - Setting next_dagrun for example_workday_timetable to 2021-01-04 00:00:00+00:00, run_after=2021-01-05 00:00:00+00:00
[2025-07-20T19:11:07.626+0530] {processor.py:208} INFO - Processing /Users/parth/Desktop/Engine/venv/lib/python3.11/site-packages/airflow/example_dags/example_workday_timetable.py took 0.554 seconds
