[2025-07-20T16:21:16.473+0530] {processor.py:186} INFO - Started process (PID=34999) to work on /Users/parth/Desktop/Engine/venv/lib/python3.11/site-packages/airflow/example_dags/example_external_task_marker_dag.py
[2025-07-20T16:21:16.473+0530] {processor.py:914} INFO - Processing file /Users/parth/Desktop/Engine/venv/lib/python3.11/site-packages/airflow/example_dags/example_external_task_marker_dag.py for tasks to queue
[2025-07-20T16:21:16.474+0530] {logging_mixin.py:190} INFO - [2025-07-20T16:21:16.474+0530] {dagbag.py:588} INFO - Filling up the DagBag from /Users/parth/Desktop/Engine/venv/lib/python3.11/site-packages/airflow/example_dags/example_external_task_marker_dag.py
[2025-07-20T16:21:16.483+0530] {processor.py:925} INFO - DAG(s) 'example_external_task_marker_parent', 'example_external_task_marker_child' retrieved from /Users/parth/Desktop/Engine/venv/lib/python3.11/site-packages/airflow/example_dags/example_external_task_marker_dag.py
[2025-07-20T16:21:17.291+0530] {logging_mixin.py:190} INFO - [2025-07-20T16:21:17.290+0530] {dag.py:3239} INFO - Sync 2 DAGs
[2025-07-20T16:21:17.298+0530] {logging_mixin.py:190} INFO - [2025-07-20T16:21:17.297+0530] {dag.py:4180} INFO - Setting next_dagrun for example_external_task_marker_child to None, run_after=None
[2025-07-20T16:21:17.300+0530] {logging_mixin.py:190} INFO - [2025-07-20T16:21:17.300+0530] {dag.py:4180} INFO - Setting next_dagrun for example_external_task_marker_parent to None, run_after=None
[2025-07-20T16:21:17.310+0530] {processor.py:208} INFO - Processing /Users/parth/Desktop/Engine/venv/lib/python3.11/site-packages/airflow/example_dags/example_external_task_marker_dag.py took 0.840 seconds
[2025-07-20T16:24:14.836+0530] {processor.py:186} INFO - Started process (PID=36240) to work on /Users/parth/Desktop/Engine/venv/lib/python3.11/site-packages/airflow/example_dags/example_external_task_marker_dag.py
[2025-07-20T16:24:14.837+0530] {processor.py:914} INFO - Processing file /Users/parth/Desktop/Engine/venv/lib/python3.11/site-packages/airflow/example_dags/example_external_task_marker_dag.py for tasks to queue
[2025-07-20T16:24:14.838+0530] {logging_mixin.py:190} INFO - [2025-07-20T16:24:14.838+0530] {dagbag.py:588} INFO - Filling up the DagBag from /Users/parth/Desktop/Engine/venv/lib/python3.11/site-packages/airflow/example_dags/example_external_task_marker_dag.py
[2025-07-20T16:24:14.847+0530] {processor.py:925} INFO - DAG(s) 'example_external_task_marker_parent', 'example_external_task_marker_child' retrieved from /Users/parth/Desktop/Engine/venv/lib/python3.11/site-packages/airflow/example_dags/example_external_task_marker_dag.py
[2025-07-20T16:24:15.805+0530] {logging_mixin.py:190} INFO - [2025-07-20T16:24:15.804+0530] {dag.py:3239} INFO - Sync 2 DAGs
[2025-07-20T16:24:15.812+0530] {logging_mixin.py:190} INFO - [2025-07-20T16:24:15.812+0530] {dag.py:4180} INFO - Setting next_dagrun for example_external_task_marker_child to None, run_after=None
[2025-07-20T16:24:15.814+0530] {logging_mixin.py:190} INFO - [2025-07-20T16:24:15.814+0530] {dag.py:4180} INFO - Setting next_dagrun for example_external_task_marker_parent to None, run_after=None
[2025-07-20T16:24:15.824+0530] {processor.py:208} INFO - Processing /Users/parth/Desktop/Engine/venv/lib/python3.11/site-packages/airflow/example_dags/example_external_task_marker_dag.py took 0.991 seconds
[2025-07-20T16:28:30.634+0530] {processor.py:186} INFO - Started process (PID=37993) to work on /Users/parth/Desktop/Engine/venv/lib/python3.11/site-packages/airflow/example_dags/example_external_task_marker_dag.py
[2025-07-20T16:28:30.635+0530] {processor.py:914} INFO - Processing file /Users/parth/Desktop/Engine/venv/lib/python3.11/site-packages/airflow/example_dags/example_external_task_marker_dag.py for tasks to queue
[2025-07-20T16:28:30.636+0530] {logging_mixin.py:190} INFO - [2025-07-20T16:28:30.636+0530] {dagbag.py:588} INFO - Filling up the DagBag from /Users/parth/Desktop/Engine/venv/lib/python3.11/site-packages/airflow/example_dags/example_external_task_marker_dag.py
[2025-07-20T16:28:30.644+0530] {processor.py:925} INFO - DAG(s) 'example_external_task_marker_child', 'example_external_task_marker_parent' retrieved from /Users/parth/Desktop/Engine/venv/lib/python3.11/site-packages/airflow/example_dags/example_external_task_marker_dag.py
[2025-07-20T16:28:31.256+0530] {logging_mixin.py:190} INFO - [2025-07-20T16:28:31.256+0530] {dag.py:3239} INFO - Sync 2 DAGs
[2025-07-20T16:28:31.263+0530] {logging_mixin.py:190} INFO - [2025-07-20T16:28:31.262+0530] {dag.py:4180} INFO - Setting next_dagrun for example_external_task_marker_child to None, run_after=None
[2025-07-20T16:28:31.265+0530] {logging_mixin.py:190} INFO - [2025-07-20T16:28:31.265+0530] {dag.py:4180} INFO - Setting next_dagrun for example_external_task_marker_parent to None, run_after=None
[2025-07-20T16:28:31.276+0530] {processor.py:208} INFO - Processing /Users/parth/Desktop/Engine/venv/lib/python3.11/site-packages/airflow/example_dags/example_external_task_marker_dag.py took 0.645 seconds
[2025-07-20T16:32:52.259+0530] {processor.py:186} INFO - Started process (PID=39914) to work on /Users/parth/Desktop/Engine/venv/lib/python3.11/site-packages/airflow/example_dags/example_external_task_marker_dag.py
[2025-07-20T16:32:52.260+0530] {processor.py:914} INFO - Processing file /Users/parth/Desktop/Engine/venv/lib/python3.11/site-packages/airflow/example_dags/example_external_task_marker_dag.py for tasks to queue
[2025-07-20T16:32:52.260+0530] {logging_mixin.py:190} INFO - [2025-07-20T16:32:52.260+0530] {dagbag.py:588} INFO - Filling up the DagBag from /Users/parth/Desktop/Engine/venv/lib/python3.11/site-packages/airflow/example_dags/example_external_task_marker_dag.py
[2025-07-20T16:32:52.270+0530] {processor.py:925} INFO - DAG(s) 'example_external_task_marker_child', 'example_external_task_marker_parent' retrieved from /Users/parth/Desktop/Engine/venv/lib/python3.11/site-packages/airflow/example_dags/example_external_task_marker_dag.py
[2025-07-20T16:32:53.091+0530] {logging_mixin.py:190} INFO - [2025-07-20T16:32:53.090+0530] {dag.py:3239} INFO - Sync 2 DAGs
[2025-07-20T16:32:53.097+0530] {logging_mixin.py:190} INFO - [2025-07-20T16:32:53.097+0530] {dag.py:4180} INFO - Setting next_dagrun for example_external_task_marker_child to None, run_after=None
[2025-07-20T16:32:53.099+0530] {logging_mixin.py:190} INFO - [2025-07-20T16:32:53.099+0530] {dag.py:4180} INFO - Setting next_dagrun for example_external_task_marker_parent to None, run_after=None
[2025-07-20T16:32:53.110+0530] {processor.py:208} INFO - Processing /Users/parth/Desktop/Engine/venv/lib/python3.11/site-packages/airflow/example_dags/example_external_task_marker_dag.py took 0.854 seconds
[2025-07-20T16:37:22.126+0530] {processor.py:186} INFO - Started process (PID=41736) to work on /Users/parth/Desktop/Engine/venv/lib/python3.11/site-packages/airflow/example_dags/example_external_task_marker_dag.py
[2025-07-20T16:37:22.127+0530] {processor.py:914} INFO - Processing file /Users/parth/Desktop/Engine/venv/lib/python3.11/site-packages/airflow/example_dags/example_external_task_marker_dag.py for tasks to queue
[2025-07-20T16:37:22.127+0530] {logging_mixin.py:190} INFO - [2025-07-20T16:37:22.127+0530] {dagbag.py:588} INFO - Filling up the DagBag from /Users/parth/Desktop/Engine/venv/lib/python3.11/site-packages/airflow/example_dags/example_external_task_marker_dag.py
[2025-07-20T16:37:22.136+0530] {processor.py:925} INFO - DAG(s) 'example_external_task_marker_child', 'example_external_task_marker_parent' retrieved from /Users/parth/Desktop/Engine/venv/lib/python3.11/site-packages/airflow/example_dags/example_external_task_marker_dag.py
[2025-07-20T16:37:22.896+0530] {logging_mixin.py:190} INFO - [2025-07-20T16:37:22.896+0530] {dag.py:3239} INFO - Sync 2 DAGs
[2025-07-20T16:37:22.906+0530] {logging_mixin.py:190} INFO - [2025-07-20T16:37:22.906+0530] {dag.py:4180} INFO - Setting next_dagrun for example_external_task_marker_child to None, run_after=None
[2025-07-20T16:37:22.910+0530] {logging_mixin.py:190} INFO - [2025-07-20T16:37:22.910+0530] {dag.py:4180} INFO - Setting next_dagrun for example_external_task_marker_parent to None, run_after=None
[2025-07-20T16:37:22.927+0530] {processor.py:208} INFO - Processing /Users/parth/Desktop/Engine/venv/lib/python3.11/site-packages/airflow/example_dags/example_external_task_marker_dag.py took 0.804 seconds
[2025-07-20T16:41:51.892+0530] {processor.py:186} INFO - Started process (PID=43497) to work on /Users/parth/Desktop/Engine/venv/lib/python3.11/site-packages/airflow/example_dags/example_external_task_marker_dag.py
[2025-07-20T16:41:51.893+0530] {processor.py:914} INFO - Processing file /Users/parth/Desktop/Engine/venv/lib/python3.11/site-packages/airflow/example_dags/example_external_task_marker_dag.py for tasks to queue
[2025-07-20T16:41:51.894+0530] {logging_mixin.py:190} INFO - [2025-07-20T16:41:51.894+0530] {dagbag.py:588} INFO - Filling up the DagBag from /Users/parth/Desktop/Engine/venv/lib/python3.11/site-packages/airflow/example_dags/example_external_task_marker_dag.py
[2025-07-20T16:41:51.903+0530] {processor.py:925} INFO - DAG(s) 'example_external_task_marker_child', 'example_external_task_marker_parent' retrieved from /Users/parth/Desktop/Engine/venv/lib/python3.11/site-packages/airflow/example_dags/example_external_task_marker_dag.py
[2025-07-20T16:41:52.698+0530] {logging_mixin.py:190} INFO - [2025-07-20T16:41:52.697+0530] {dag.py:3239} INFO - Sync 2 DAGs
[2025-07-20T16:41:52.705+0530] {logging_mixin.py:190} INFO - [2025-07-20T16:41:52.705+0530] {dag.py:4180} INFO - Setting next_dagrun for example_external_task_marker_child to None, run_after=None
[2025-07-20T16:41:52.707+0530] {logging_mixin.py:190} INFO - [2025-07-20T16:41:52.707+0530] {dag.py:4180} INFO - Setting next_dagrun for example_external_task_marker_parent to None, run_after=None
[2025-07-20T16:41:52.720+0530] {processor.py:208} INFO - Processing /Users/parth/Desktop/Engine/venv/lib/python3.11/site-packages/airflow/example_dags/example_external_task_marker_dag.py took 0.831 seconds
[2025-07-20T16:46:03.659+0530] {processor.py:186} INFO - Started process (PID=45136) to work on /Users/parth/Desktop/Engine/venv/lib/python3.11/site-packages/airflow/example_dags/example_external_task_marker_dag.py
[2025-07-20T16:46:03.660+0530] {processor.py:914} INFO - Processing file /Users/parth/Desktop/Engine/venv/lib/python3.11/site-packages/airflow/example_dags/example_external_task_marker_dag.py for tasks to queue
[2025-07-20T16:46:03.661+0530] {logging_mixin.py:190} INFO - [2025-07-20T16:46:03.661+0530] {dagbag.py:588} INFO - Filling up the DagBag from /Users/parth/Desktop/Engine/venv/lib/python3.11/site-packages/airflow/example_dags/example_external_task_marker_dag.py
[2025-07-20T16:46:03.669+0530] {processor.py:925} INFO - DAG(s) 'example_external_task_marker_child', 'example_external_task_marker_parent' retrieved from /Users/parth/Desktop/Engine/venv/lib/python3.11/site-packages/airflow/example_dags/example_external_task_marker_dag.py
[2025-07-20T16:46:04.311+0530] {logging_mixin.py:190} INFO - [2025-07-20T16:46:04.311+0530] {dag.py:3239} INFO - Sync 2 DAGs
[2025-07-20T16:46:04.319+0530] {logging_mixin.py:190} INFO - [2025-07-20T16:46:04.319+0530] {dag.py:4180} INFO - Setting next_dagrun for example_external_task_marker_child to None, run_after=None
[2025-07-20T16:46:04.322+0530] {logging_mixin.py:190} INFO - [2025-07-20T16:46:04.321+0530] {dag.py:4180} INFO - Setting next_dagrun for example_external_task_marker_parent to None, run_after=None
[2025-07-20T16:46:04.334+0530] {processor.py:208} INFO - Processing /Users/parth/Desktop/Engine/venv/lib/python3.11/site-packages/airflow/example_dags/example_external_task_marker_dag.py took 0.678 seconds
[2025-07-20T16:49:58.994+0530] {processor.py:186} INFO - Started process (PID=46675) to work on /Users/parth/Desktop/Engine/venv/lib/python3.11/site-packages/airflow/example_dags/example_external_task_marker_dag.py
[2025-07-20T16:49:58.995+0530] {processor.py:914} INFO - Processing file /Users/parth/Desktop/Engine/venv/lib/python3.11/site-packages/airflow/example_dags/example_external_task_marker_dag.py for tasks to queue
[2025-07-20T16:49:58.996+0530] {logging_mixin.py:190} INFO - [2025-07-20T16:49:58.996+0530] {dagbag.py:588} INFO - Filling up the DagBag from /Users/parth/Desktop/Engine/venv/lib/python3.11/site-packages/airflow/example_dags/example_external_task_marker_dag.py
[2025-07-20T16:49:59.004+0530] {processor.py:925} INFO - DAG(s) 'example_external_task_marker_child', 'example_external_task_marker_parent' retrieved from /Users/parth/Desktop/Engine/venv/lib/python3.11/site-packages/airflow/example_dags/example_external_task_marker_dag.py
[2025-07-20T16:49:59.555+0530] {logging_mixin.py:190} INFO - [2025-07-20T16:49:59.555+0530] {dag.py:3239} INFO - Sync 2 DAGs
[2025-07-20T16:49:59.562+0530] {logging_mixin.py:190} INFO - [2025-07-20T16:49:59.562+0530] {dag.py:4180} INFO - Setting next_dagrun for example_external_task_marker_child to None, run_after=None
[2025-07-20T16:49:59.564+0530] {logging_mixin.py:190} INFO - [2025-07-20T16:49:59.564+0530] {dag.py:4180} INFO - Setting next_dagrun for example_external_task_marker_parent to None, run_after=None
[2025-07-20T16:49:59.574+0530] {processor.py:208} INFO - Processing /Users/parth/Desktop/Engine/venv/lib/python3.11/site-packages/airflow/example_dags/example_external_task_marker_dag.py took 0.582 seconds
[2025-07-20T17:51:18.034+0530] {processor.py:186} INFO - Started process (PID=48202) to work on /Users/parth/Desktop/Engine/venv/lib/python3.11/site-packages/airflow/example_dags/example_external_task_marker_dag.py
[2025-07-20T17:51:18.035+0530] {processor.py:914} INFO - Processing file /Users/parth/Desktop/Engine/venv/lib/python3.11/site-packages/airflow/example_dags/example_external_task_marker_dag.py for tasks to queue
[2025-07-20T17:51:18.036+0530] {logging_mixin.py:190} INFO - [2025-07-20T17:51:18.036+0530] {dagbag.py:588} INFO - Filling up the DagBag from /Users/parth/Desktop/Engine/venv/lib/python3.11/site-packages/airflow/example_dags/example_external_task_marker_dag.py
[2025-07-20T17:51:18.044+0530] {processor.py:925} INFO - DAG(s) 'example_external_task_marker_child', 'example_external_task_marker_parent' retrieved from /Users/parth/Desktop/Engine/venv/lib/python3.11/site-packages/airflow/example_dags/example_external_task_marker_dag.py
[2025-07-20T17:51:18.603+0530] {logging_mixin.py:190} INFO - [2025-07-20T17:51:18.603+0530] {dag.py:3239} INFO - Sync 2 DAGs
[2025-07-20T17:51:18.610+0530] {logging_mixin.py:190} INFO - [2025-07-20T17:51:18.610+0530] {dag.py:4180} INFO - Setting next_dagrun for example_external_task_marker_child to None, run_after=None
[2025-07-20T17:51:18.612+0530] {logging_mixin.py:190} INFO - [2025-07-20T17:51:18.612+0530] {dag.py:4180} INFO - Setting next_dagrun for example_external_task_marker_parent to None, run_after=None
[2025-07-20T17:51:18.623+0530] {processor.py:208} INFO - Processing /Users/parth/Desktop/Engine/venv/lib/python3.11/site-packages/airflow/example_dags/example_external_task_marker_dag.py took 0.591 seconds
[2025-07-20T17:55:20.215+0530] {processor.py:186} INFO - Started process (PID=49771) to work on /Users/parth/Desktop/Engine/venv/lib/python3.11/site-packages/airflow/example_dags/example_external_task_marker_dag.py
[2025-07-20T17:55:20.217+0530] {processor.py:914} INFO - Processing file /Users/parth/Desktop/Engine/venv/lib/python3.11/site-packages/airflow/example_dags/example_external_task_marker_dag.py for tasks to queue
[2025-07-20T17:55:20.217+0530] {logging_mixin.py:190} INFO - [2025-07-20T17:55:20.217+0530] {dagbag.py:588} INFO - Filling up the DagBag from /Users/parth/Desktop/Engine/venv/lib/python3.11/site-packages/airflow/example_dags/example_external_task_marker_dag.py
[2025-07-20T17:55:20.226+0530] {processor.py:925} INFO - DAG(s) 'example_external_task_marker_child', 'example_external_task_marker_parent' retrieved from /Users/parth/Desktop/Engine/venv/lib/python3.11/site-packages/airflow/example_dags/example_external_task_marker_dag.py
[2025-07-20T17:55:20.736+0530] {logging_mixin.py:190} INFO - [2025-07-20T17:55:20.736+0530] {dag.py:3239} INFO - Sync 2 DAGs
[2025-07-20T17:55:20.743+0530] {logging_mixin.py:190} INFO - [2025-07-20T17:55:20.743+0530] {dag.py:4180} INFO - Setting next_dagrun for example_external_task_marker_child to None, run_after=None
[2025-07-20T17:55:20.746+0530] {logging_mixin.py:190} INFO - [2025-07-20T17:55:20.746+0530] {dag.py:4180} INFO - Setting next_dagrun for example_external_task_marker_parent to None, run_after=None
[2025-07-20T17:55:20.757+0530] {processor.py:208} INFO - Processing /Users/parth/Desktop/Engine/venv/lib/python3.11/site-packages/airflow/example_dags/example_external_task_marker_dag.py took 0.545 seconds
[2025-07-20T17:58:59.986+0530] {processor.py:186} INFO - Started process (PID=51181) to work on /Users/parth/Desktop/Engine/venv/lib/python3.11/site-packages/airflow/example_dags/example_external_task_marker_dag.py
[2025-07-20T17:58:59.988+0530] {processor.py:914} INFO - Processing file /Users/parth/Desktop/Engine/venv/lib/python3.11/site-packages/airflow/example_dags/example_external_task_marker_dag.py for tasks to queue
[2025-07-20T17:58:59.988+0530] {logging_mixin.py:190} INFO - [2025-07-20T17:58:59.988+0530] {dagbag.py:588} INFO - Filling up the DagBag from /Users/parth/Desktop/Engine/venv/lib/python3.11/site-packages/airflow/example_dags/example_external_task_marker_dag.py
[2025-07-20T17:58:59.996+0530] {processor.py:925} INFO - DAG(s) 'example_external_task_marker_child', 'example_external_task_marker_parent' retrieved from /Users/parth/Desktop/Engine/venv/lib/python3.11/site-packages/airflow/example_dags/example_external_task_marker_dag.py
[2025-07-20T17:59:00.533+0530] {logging_mixin.py:190} INFO - [2025-07-20T17:59:00.532+0530] {dag.py:3239} INFO - Sync 2 DAGs
[2025-07-20T17:59:00.539+0530] {logging_mixin.py:190} INFO - [2025-07-20T17:59:00.539+0530] {dag.py:4180} INFO - Setting next_dagrun for example_external_task_marker_child to None, run_after=None
[2025-07-20T17:59:00.541+0530] {logging_mixin.py:190} INFO - [2025-07-20T17:59:00.541+0530] {dag.py:4180} INFO - Setting next_dagrun for example_external_task_marker_parent to None, run_after=None
[2025-07-20T17:59:00.552+0530] {processor.py:208} INFO - Processing /Users/parth/Desktop/Engine/venv/lib/python3.11/site-packages/airflow/example_dags/example_external_task_marker_dag.py took 0.568 seconds
[2025-07-20T18:02:56.045+0530] {processor.py:186} INFO - Started process (PID=52691) to work on /Users/parth/Desktop/Engine/venv/lib/python3.11/site-packages/airflow/example_dags/example_external_task_marker_dag.py
[2025-07-20T18:02:56.047+0530] {processor.py:914} INFO - Processing file /Users/parth/Desktop/Engine/venv/lib/python3.11/site-packages/airflow/example_dags/example_external_task_marker_dag.py for tasks to queue
[2025-07-20T18:02:56.047+0530] {logging_mixin.py:190} INFO - [2025-07-20T18:02:56.047+0530] {dagbag.py:588} INFO - Filling up the DagBag from /Users/parth/Desktop/Engine/venv/lib/python3.11/site-packages/airflow/example_dags/example_external_task_marker_dag.py
[2025-07-20T18:02:56.055+0530] {processor.py:925} INFO - DAG(s) 'example_external_task_marker_parent', 'example_external_task_marker_child' retrieved from /Users/parth/Desktop/Engine/venv/lib/python3.11/site-packages/airflow/example_dags/example_external_task_marker_dag.py
[2025-07-20T18:02:56.649+0530] {logging_mixin.py:190} INFO - [2025-07-20T18:02:56.649+0530] {dag.py:3239} INFO - Sync 2 DAGs
[2025-07-20T18:02:56.656+0530] {logging_mixin.py:190} INFO - [2025-07-20T18:02:56.655+0530] {dag.py:4180} INFO - Setting next_dagrun for example_external_task_marker_child to None, run_after=None
[2025-07-20T18:02:56.658+0530] {logging_mixin.py:190} INFO - [2025-07-20T18:02:56.658+0530] {dag.py:4180} INFO - Setting next_dagrun for example_external_task_marker_parent to None, run_after=None
[2025-07-20T18:02:56.667+0530] {processor.py:208} INFO - Processing /Users/parth/Desktop/Engine/venv/lib/python3.11/site-packages/airflow/example_dags/example_external_task_marker_dag.py took 0.624 seconds
[2025-07-20T18:06:46.118+0530] {processor.py:186} INFO - Started process (PID=54181) to work on /Users/parth/Desktop/Engine/venv/lib/python3.11/site-packages/airflow/example_dags/example_external_task_marker_dag.py
[2025-07-20T18:06:46.119+0530] {processor.py:914} INFO - Processing file /Users/parth/Desktop/Engine/venv/lib/python3.11/site-packages/airflow/example_dags/example_external_task_marker_dag.py for tasks to queue
[2025-07-20T18:06:46.120+0530] {logging_mixin.py:190} INFO - [2025-07-20T18:06:46.120+0530] {dagbag.py:588} INFO - Filling up the DagBag from /Users/parth/Desktop/Engine/venv/lib/python3.11/site-packages/airflow/example_dags/example_external_task_marker_dag.py
[2025-07-20T18:06:46.128+0530] {processor.py:925} INFO - DAG(s) 'example_external_task_marker_child', 'example_external_task_marker_parent' retrieved from /Users/parth/Desktop/Engine/venv/lib/python3.11/site-packages/airflow/example_dags/example_external_task_marker_dag.py
[2025-07-20T18:06:46.671+0530] {logging_mixin.py:190} INFO - [2025-07-20T18:06:46.671+0530] {dag.py:3239} INFO - Sync 2 DAGs
[2025-07-20T18:06:46.678+0530] {logging_mixin.py:190} INFO - [2025-07-20T18:06:46.678+0530] {dag.py:4180} INFO - Setting next_dagrun for example_external_task_marker_child to None, run_after=None
[2025-07-20T18:06:46.680+0530] {logging_mixin.py:190} INFO - [2025-07-20T18:06:46.680+0530] {dag.py:4180} INFO - Setting next_dagrun for example_external_task_marker_parent to None, run_after=None
[2025-07-20T18:06:46.691+0530] {processor.py:208} INFO - Processing /Users/parth/Desktop/Engine/venv/lib/python3.11/site-packages/airflow/example_dags/example_external_task_marker_dag.py took 0.576 seconds
[2025-07-20T18:23:55.312+0530] {processor.py:186} INFO - Started process (PID=55658) to work on /Users/parth/Desktop/Engine/venv/lib/python3.11/site-packages/airflow/example_dags/example_external_task_marker_dag.py
[2025-07-20T18:23:55.313+0530] {processor.py:914} INFO - Processing file /Users/parth/Desktop/Engine/venv/lib/python3.11/site-packages/airflow/example_dags/example_external_task_marker_dag.py for tasks to queue
[2025-07-20T18:23:55.314+0530] {logging_mixin.py:190} INFO - [2025-07-20T18:23:55.314+0530] {dagbag.py:588} INFO - Filling up the DagBag from /Users/parth/Desktop/Engine/venv/lib/python3.11/site-packages/airflow/example_dags/example_external_task_marker_dag.py
[2025-07-20T18:23:55.322+0530] {processor.py:925} INFO - DAG(s) 'example_external_task_marker_child', 'example_external_task_marker_parent' retrieved from /Users/parth/Desktop/Engine/venv/lib/python3.11/site-packages/airflow/example_dags/example_external_task_marker_dag.py
[2025-07-20T18:23:55.893+0530] {logging_mixin.py:190} INFO - [2025-07-20T18:23:55.892+0530] {dag.py:3239} INFO - Sync 2 DAGs
[2025-07-20T18:23:55.899+0530] {logging_mixin.py:190} INFO - [2025-07-20T18:23:55.899+0530] {dag.py:4180} INFO - Setting next_dagrun for example_external_task_marker_child to None, run_after=None
[2025-07-20T18:23:55.901+0530] {logging_mixin.py:190} INFO - [2025-07-20T18:23:55.901+0530] {dag.py:4180} INFO - Setting next_dagrun for example_external_task_marker_parent to None, run_after=None
[2025-07-20T18:23:55.912+0530] {processor.py:208} INFO - Processing /Users/parth/Desktop/Engine/venv/lib/python3.11/site-packages/airflow/example_dags/example_external_task_marker_dag.py took 0.602 seconds
[2025-07-20T18:27:27.072+0530] {processor.py:186} INFO - Started process (PID=57017) to work on /Users/parth/Desktop/Engine/venv/lib/python3.11/site-packages/airflow/example_dags/example_external_task_marker_dag.py
[2025-07-20T18:27:27.073+0530] {processor.py:914} INFO - Processing file /Users/parth/Desktop/Engine/venv/lib/python3.11/site-packages/airflow/example_dags/example_external_task_marker_dag.py for tasks to queue
[2025-07-20T18:27:27.073+0530] {logging_mixin.py:190} INFO - [2025-07-20T18:27:27.073+0530] {dagbag.py:588} INFO - Filling up the DagBag from /Users/parth/Desktop/Engine/venv/lib/python3.11/site-packages/airflow/example_dags/example_external_task_marker_dag.py
[2025-07-20T18:27:27.081+0530] {processor.py:925} INFO - DAG(s) 'example_external_task_marker_child', 'example_external_task_marker_parent' retrieved from /Users/parth/Desktop/Engine/venv/lib/python3.11/site-packages/airflow/example_dags/example_external_task_marker_dag.py
[2025-07-20T18:27:27.579+0530] {logging_mixin.py:190} INFO - [2025-07-20T18:27:27.579+0530] {dag.py:3239} INFO - Sync 2 DAGs
[2025-07-20T18:27:27.586+0530] {logging_mixin.py:190} INFO - [2025-07-20T18:27:27.586+0530] {dag.py:4180} INFO - Setting next_dagrun for example_external_task_marker_child to None, run_after=None
[2025-07-20T18:27:27.588+0530] {logging_mixin.py:190} INFO - [2025-07-20T18:27:27.588+0530] {dag.py:4180} INFO - Setting next_dagrun for example_external_task_marker_parent to None, run_after=None
[2025-07-20T18:27:27.598+0530] {processor.py:208} INFO - Processing /Users/parth/Desktop/Engine/venv/lib/python3.11/site-packages/airflow/example_dags/example_external_task_marker_dag.py took 0.529 seconds
[2025-07-20T18:29:44.827+0530] {processor.py:186} INFO - Started process (PID=57902) to work on /Users/parth/Desktop/Engine/venv/lib/python3.11/site-packages/airflow/example_dags/example_external_task_marker_dag.py
[2025-07-20T18:29:44.828+0530] {processor.py:914} INFO - Processing file /Users/parth/Desktop/Engine/venv/lib/python3.11/site-packages/airflow/example_dags/example_external_task_marker_dag.py for tasks to queue
[2025-07-20T18:29:44.829+0530] {logging_mixin.py:190} INFO - [2025-07-20T18:29:44.829+0530] {dagbag.py:588} INFO - Filling up the DagBag from /Users/parth/Desktop/Engine/venv/lib/python3.11/site-packages/airflow/example_dags/example_external_task_marker_dag.py
[2025-07-20T18:29:44.837+0530] {processor.py:925} INFO - DAG(s) 'example_external_task_marker_parent', 'example_external_task_marker_child' retrieved from /Users/parth/Desktop/Engine/venv/lib/python3.11/site-packages/airflow/example_dags/example_external_task_marker_dag.py
[2025-07-20T18:29:45.403+0530] {logging_mixin.py:190} INFO - [2025-07-20T18:29:45.403+0530] {dag.py:3239} INFO - Sync 2 DAGs
[2025-07-20T18:29:45.410+0530] {logging_mixin.py:190} INFO - [2025-07-20T18:29:45.409+0530] {dag.py:4180} INFO - Setting next_dagrun for example_external_task_marker_child to None, run_after=None
[2025-07-20T18:29:45.412+0530] {logging_mixin.py:190} INFO - [2025-07-20T18:29:45.411+0530] {dag.py:4180} INFO - Setting next_dagrun for example_external_task_marker_parent to None, run_after=None
[2025-07-20T18:29:45.421+0530] {processor.py:208} INFO - Processing /Users/parth/Desktop/Engine/venv/lib/python3.11/site-packages/airflow/example_dags/example_external_task_marker_dag.py took 0.597 seconds
[2025-07-20T18:40:01.205+0530] {processor.py:186} INFO - Started process (PID=59283) to work on /Users/parth/Desktop/Engine/venv/lib/python3.11/site-packages/airflow/example_dags/example_external_task_marker_dag.py
[2025-07-20T18:40:01.206+0530] {processor.py:914} INFO - Processing file /Users/parth/Desktop/Engine/venv/lib/python3.11/site-packages/airflow/example_dags/example_external_task_marker_dag.py for tasks to queue
[2025-07-20T18:40:01.207+0530] {logging_mixin.py:190} INFO - [2025-07-20T18:40:01.207+0530] {dagbag.py:588} INFO - Filling up the DagBag from /Users/parth/Desktop/Engine/venv/lib/python3.11/site-packages/airflow/example_dags/example_external_task_marker_dag.py
[2025-07-20T18:40:01.214+0530] {processor.py:925} INFO - DAG(s) 'example_external_task_marker_child', 'example_external_task_marker_parent' retrieved from /Users/parth/Desktop/Engine/venv/lib/python3.11/site-packages/airflow/example_dags/example_external_task_marker_dag.py
[2025-07-20T18:40:01.745+0530] {logging_mixin.py:190} INFO - [2025-07-20T18:40:01.744+0530] {dag.py:3239} INFO - Sync 2 DAGs
[2025-07-20T18:40:01.751+0530] {logging_mixin.py:190} INFO - [2025-07-20T18:40:01.751+0530] {dag.py:4180} INFO - Setting next_dagrun for example_external_task_marker_child to None, run_after=None
[2025-07-20T18:40:01.753+0530] {logging_mixin.py:190} INFO - [2025-07-20T18:40:01.753+0530] {dag.py:4180} INFO - Setting next_dagrun for example_external_task_marker_parent to None, run_after=None
[2025-07-20T18:40:01.764+0530] {processor.py:208} INFO - Processing /Users/parth/Desktop/Engine/venv/lib/python3.11/site-packages/airflow/example_dags/example_external_task_marker_dag.py took 0.562 seconds
[2025-07-20T18:53:48.219+0530] {processor.py:186} INFO - Started process (PID=60619) to work on /Users/parth/Desktop/Engine/venv/lib/python3.11/site-packages/airflow/example_dags/example_external_task_marker_dag.py
[2025-07-20T18:53:48.221+0530] {processor.py:914} INFO - Processing file /Users/parth/Desktop/Engine/venv/lib/python3.11/site-packages/airflow/example_dags/example_external_task_marker_dag.py for tasks to queue
[2025-07-20T18:53:48.221+0530] {logging_mixin.py:190} INFO - [2025-07-20T18:53:48.221+0530] {dagbag.py:588} INFO - Filling up the DagBag from /Users/parth/Desktop/Engine/venv/lib/python3.11/site-packages/airflow/example_dags/example_external_task_marker_dag.py
[2025-07-20T18:53:48.229+0530] {processor.py:925} INFO - DAG(s) 'example_external_task_marker_child', 'example_external_task_marker_parent' retrieved from /Users/parth/Desktop/Engine/venv/lib/python3.11/site-packages/airflow/example_dags/example_external_task_marker_dag.py
[2025-07-20T18:53:48.753+0530] {logging_mixin.py:190} INFO - [2025-07-20T18:53:48.752+0530] {dag.py:3239} INFO - Sync 2 DAGs
[2025-07-20T18:53:48.759+0530] {logging_mixin.py:190} INFO - [2025-07-20T18:53:48.759+0530] {dag.py:4180} INFO - Setting next_dagrun for example_external_task_marker_child to None, run_after=None
[2025-07-20T18:53:48.762+0530] {logging_mixin.py:190} INFO - [2025-07-20T18:53:48.761+0530] {dag.py:4180} INFO - Setting next_dagrun for example_external_task_marker_parent to None, run_after=None
[2025-07-20T18:53:48.772+0530] {processor.py:208} INFO - Processing /Users/parth/Desktop/Engine/venv/lib/python3.11/site-packages/airflow/example_dags/example_external_task_marker_dag.py took 0.555 seconds
[2025-07-20T19:13:53.541+0530] {processor.py:186} INFO - Started process (PID=62009) to work on /Users/parth/Desktop/Engine/venv/lib/python3.11/site-packages/airflow/example_dags/example_external_task_marker_dag.py
[2025-07-20T19:13:53.542+0530] {processor.py:914} INFO - Processing file /Users/parth/Desktop/Engine/venv/lib/python3.11/site-packages/airflow/example_dags/example_external_task_marker_dag.py for tasks to queue
[2025-07-20T19:13:53.543+0530] {logging_mixin.py:190} INFO - [2025-07-20T19:13:53.542+0530] {dagbag.py:588} INFO - Filling up the DagBag from /Users/parth/Desktop/Engine/venv/lib/python3.11/site-packages/airflow/example_dags/example_external_task_marker_dag.py
[2025-07-20T19:13:53.550+0530] {processor.py:925} INFO - DAG(s) 'example_external_task_marker_child', 'example_external_task_marker_parent' retrieved from /Users/parth/Desktop/Engine/venv/lib/python3.11/site-packages/airflow/example_dags/example_external_task_marker_dag.py
[2025-07-20T19:13:54.054+0530] {logging_mixin.py:190} INFO - [2025-07-20T19:13:54.053+0530] {dag.py:3239} INFO - Sync 2 DAGs
[2025-07-20T19:13:54.060+0530] {logging_mixin.py:190} INFO - [2025-07-20T19:13:54.060+0530] {dag.py:4180} INFO - Setting next_dagrun for example_external_task_marker_child to None, run_after=None
[2025-07-20T19:13:54.062+0530] {logging_mixin.py:190} INFO - [2025-07-20T19:13:54.062+0530] {dag.py:4180} INFO - Setting next_dagrun for example_external_task_marker_parent to None, run_after=None
[2025-07-20T19:13:54.072+0530] {processor.py:208} INFO - Processing /Users/parth/Desktop/Engine/venv/lib/python3.11/site-packages/airflow/example_dags/example_external_task_marker_dag.py took 0.534 seconds
