[2025-07-20T16:20:59.819+0530] {processor.py:186} INFO - Started process (PID=34892) to work on /Users/parth/Desktop/Engine/venv/lib/python3.11/site-packages/airflow/example_dags/example_nested_branch_dag.py
[2025-07-20T16:20:59.819+0530] {processor.py:914} INFO - Processing file /Users/parth/Desktop/Engine/venv/lib/python3.11/site-packages/airflow/example_dags/example_nested_branch_dag.py for tasks to queue
[2025-07-20T16:20:59.820+0530] {logging_mixin.py:190} INFO - [2025-07-20T16:20:59.820+0530] {dagbag.py:588} INFO - Filling up the DagBag from /Users/parth/Desktop/Engine/venv/lib/python3.11/site-packages/airflow/example_dags/example_nested_branch_dag.py
[2025-07-20T16:20:59.847+0530] {processor.py:925} INFO - DAG(s) 'example_nested_branch_dag' retrieved from /Users/parth/Desktop/Engine/venv/lib/python3.11/site-packages/airflow/example_dags/example_nested_branch_dag.py
[2025-07-20T16:20:59.908+0530] {logging_mixin.py:190} INFO - [2025-07-20T16:20:59.907+0530] {dag.py:3239} INFO - Sync 1 DAGs
[2025-07-20T16:20:59.919+0530] {logging_mixin.py:190} INFO - [2025-07-20T16:20:59.919+0530] {dag.py:4180} INFO - Setting next_dagrun for example_nested_branch_dag to 2025-07-19 00:00:00+00:00, run_after=2025-07-20 00:00:00+00:00
[2025-07-20T16:20:59.931+0530] {processor.py:208} INFO - Processing /Users/parth/Desktop/Engine/venv/lib/python3.11/site-packages/airflow/example_dags/example_nested_branch_dag.py took 0.115 seconds
[2025-07-20T16:23:55.558+0530] {processor.py:186} INFO - Started process (PID=36075) to work on /Users/parth/Desktop/Engine/venv/lib/python3.11/site-packages/airflow/example_dags/example_nested_branch_dag.py
[2025-07-20T16:23:55.559+0530] {processor.py:914} INFO - Processing file /Users/parth/Desktop/Engine/venv/lib/python3.11/site-packages/airflow/example_dags/example_nested_branch_dag.py for tasks to queue
[2025-07-20T16:23:55.560+0530] {logging_mixin.py:190} INFO - [2025-07-20T16:23:55.560+0530] {dagbag.py:588} INFO - Filling up the DagBag from /Users/parth/Desktop/Engine/venv/lib/python3.11/site-packages/airflow/example_dags/example_nested_branch_dag.py
[2025-07-20T16:23:55.593+0530] {processor.py:925} INFO - DAG(s) 'example_nested_branch_dag' retrieved from /Users/parth/Desktop/Engine/venv/lib/python3.11/site-packages/airflow/example_dags/example_nested_branch_dag.py
[2025-07-20T16:23:55.661+0530] {logging_mixin.py:190} INFO - [2025-07-20T16:23:55.661+0530] {dag.py:3239} INFO - Sync 1 DAGs
[2025-07-20T16:23:55.674+0530] {logging_mixin.py:190} INFO - [2025-07-20T16:23:55.673+0530] {dag.py:4180} INFO - Setting next_dagrun for example_nested_branch_dag to 2025-07-19 00:00:00+00:00, run_after=2025-07-20 00:00:00+00:00
[2025-07-20T16:23:55.691+0530] {processor.py:208} INFO - Processing /Users/parth/Desktop/Engine/venv/lib/python3.11/site-packages/airflow/example_dags/example_nested_branch_dag.py took 0.135 seconds
[2025-07-20T16:26:14.045+0530] {processor.py:186} INFO - Started process (PID=37073) to work on /Users/parth/Desktop/Engine/venv/lib/python3.11/site-packages/airflow/example_dags/example_nested_branch_dag.py
[2025-07-20T16:26:14.046+0530] {processor.py:914} INFO - Processing file /Users/parth/Desktop/Engine/venv/lib/python3.11/site-packages/airflow/example_dags/example_nested_branch_dag.py for tasks to queue
[2025-07-20T16:26:14.047+0530] {logging_mixin.py:190} INFO - [2025-07-20T16:26:14.047+0530] {dagbag.py:588} INFO - Filling up the DagBag from /Users/parth/Desktop/Engine/venv/lib/python3.11/site-packages/airflow/example_dags/example_nested_branch_dag.py
[2025-07-20T16:26:14.075+0530] {processor.py:925} INFO - DAG(s) 'example_nested_branch_dag' retrieved from /Users/parth/Desktop/Engine/venv/lib/python3.11/site-packages/airflow/example_dags/example_nested_branch_dag.py
[2025-07-20T16:26:14.135+0530] {logging_mixin.py:190} INFO - [2025-07-20T16:26:14.135+0530] {dag.py:3239} INFO - Sync 1 DAGs
[2025-07-20T16:26:14.148+0530] {logging_mixin.py:190} INFO - [2025-07-20T16:26:14.148+0530] {dag.py:4180} INFO - Setting next_dagrun for example_nested_branch_dag to 2025-07-19 00:00:00+00:00, run_after=2025-07-20 00:00:00+00:00
[2025-07-20T16:26:14.159+0530] {processor.py:208} INFO - Processing /Users/parth/Desktop/Engine/venv/lib/python3.11/site-packages/airflow/example_dags/example_nested_branch_dag.py took 0.117 seconds
[2025-07-20T16:30:23.698+0530] {processor.py:186} INFO - Started process (PID=38865) to work on /Users/parth/Desktop/Engine/venv/lib/python3.11/site-packages/airflow/example_dags/example_nested_branch_dag.py
[2025-07-20T16:30:23.700+0530] {processor.py:914} INFO - Processing file /Users/parth/Desktop/Engine/venv/lib/python3.11/site-packages/airflow/example_dags/example_nested_branch_dag.py for tasks to queue
[2025-07-20T16:30:23.700+0530] {logging_mixin.py:190} INFO - [2025-07-20T16:30:23.700+0530] {dagbag.py:588} INFO - Filling up the DagBag from /Users/parth/Desktop/Engine/venv/lib/python3.11/site-packages/airflow/example_dags/example_nested_branch_dag.py
[2025-07-20T16:30:23.728+0530] {processor.py:925} INFO - DAG(s) 'example_nested_branch_dag' retrieved from /Users/parth/Desktop/Engine/venv/lib/python3.11/site-packages/airflow/example_dags/example_nested_branch_dag.py
[2025-07-20T16:30:23.789+0530] {logging_mixin.py:190} INFO - [2025-07-20T16:30:23.789+0530] {dag.py:3239} INFO - Sync 1 DAGs
[2025-07-20T16:30:23.801+0530] {logging_mixin.py:190} INFO - [2025-07-20T16:30:23.801+0530] {dag.py:4180} INFO - Setting next_dagrun for example_nested_branch_dag to 2025-07-19 00:00:00+00:00, run_after=2025-07-20 00:00:00+00:00
[2025-07-20T16:30:23.812+0530] {processor.py:208} INFO - Processing /Users/parth/Desktop/Engine/venv/lib/python3.11/site-packages/airflow/example_dags/example_nested_branch_dag.py took 0.116 seconds
[2025-07-20T16:34:54.378+0530] {processor.py:186} INFO - Started process (PID=40807) to work on /Users/parth/Desktop/Engine/venv/lib/python3.11/site-packages/airflow/example_dags/example_nested_branch_dag.py
[2025-07-20T16:34:54.379+0530] {processor.py:914} INFO - Processing file /Users/parth/Desktop/Engine/venv/lib/python3.11/site-packages/airflow/example_dags/example_nested_branch_dag.py for tasks to queue
[2025-07-20T16:34:54.380+0530] {logging_mixin.py:190} INFO - [2025-07-20T16:34:54.380+0530] {dagbag.py:588} INFO - Filling up the DagBag from /Users/parth/Desktop/Engine/venv/lib/python3.11/site-packages/airflow/example_dags/example_nested_branch_dag.py
[2025-07-20T16:34:54.407+0530] {processor.py:925} INFO - DAG(s) 'example_nested_branch_dag' retrieved from /Users/parth/Desktop/Engine/venv/lib/python3.11/site-packages/airflow/example_dags/example_nested_branch_dag.py
[2025-07-20T16:34:54.468+0530] {logging_mixin.py:190} INFO - [2025-07-20T16:34:54.468+0530] {dag.py:3239} INFO - Sync 1 DAGs
[2025-07-20T16:34:54.480+0530] {logging_mixin.py:190} INFO - [2025-07-20T16:34:54.480+0530] {dag.py:4180} INFO - Setting next_dagrun for example_nested_branch_dag to 2025-07-19 00:00:00+00:00, run_after=2025-07-20 00:00:00+00:00
[2025-07-20T16:34:54.491+0530] {processor.py:208} INFO - Processing /Users/parth/Desktop/Engine/venv/lib/python3.11/site-packages/airflow/example_dags/example_nested_branch_dag.py took 0.116 seconds
[2025-07-20T16:37:06.213+0530] {processor.py:186} INFO - Started process (PID=41640) to work on /Users/parth/Desktop/Engine/venv/lib/python3.11/site-packages/airflow/example_dags/example_nested_branch_dag.py
[2025-07-20T16:37:06.214+0530] {processor.py:914} INFO - Processing file /Users/parth/Desktop/Engine/venv/lib/python3.11/site-packages/airflow/example_dags/example_nested_branch_dag.py for tasks to queue
[2025-07-20T16:37:06.215+0530] {logging_mixin.py:190} INFO - [2025-07-20T16:37:06.214+0530] {dagbag.py:588} INFO - Filling up the DagBag from /Users/parth/Desktop/Engine/venv/lib/python3.11/site-packages/airflow/example_dags/example_nested_branch_dag.py
[2025-07-20T16:37:06.243+0530] {processor.py:925} INFO - DAG(s) 'example_nested_branch_dag' retrieved from /Users/parth/Desktop/Engine/venv/lib/python3.11/site-packages/airflow/example_dags/example_nested_branch_dag.py
[2025-07-20T16:37:06.308+0530] {logging_mixin.py:190} INFO - [2025-07-20T16:37:06.308+0530] {dag.py:3239} INFO - Sync 1 DAGs
[2025-07-20T16:37:06.321+0530] {logging_mixin.py:190} INFO - [2025-07-20T16:37:06.321+0530] {dag.py:4180} INFO - Setting next_dagrun for example_nested_branch_dag to 2025-07-19 00:00:00+00:00, run_after=2025-07-20 00:00:00+00:00
[2025-07-20T16:37:06.332+0530] {processor.py:208} INFO - Processing /Users/parth/Desktop/Engine/venv/lib/python3.11/site-packages/airflow/example_dags/example_nested_branch_dag.py took 0.122 seconds
[2025-07-20T16:39:28.126+0530] {processor.py:186} INFO - Started process (PID=42593) to work on /Users/parth/Desktop/Engine/venv/lib/python3.11/site-packages/airflow/example_dags/example_nested_branch_dag.py
[2025-07-20T16:39:28.127+0530] {processor.py:914} INFO - Processing file /Users/parth/Desktop/Engine/venv/lib/python3.11/site-packages/airflow/example_dags/example_nested_branch_dag.py for tasks to queue
[2025-07-20T16:39:28.127+0530] {logging_mixin.py:190} INFO - [2025-07-20T16:39:28.127+0530] {dagbag.py:588} INFO - Filling up the DagBag from /Users/parth/Desktop/Engine/venv/lib/python3.11/site-packages/airflow/example_dags/example_nested_branch_dag.py
[2025-07-20T16:39:28.154+0530] {processor.py:925} INFO - DAG(s) 'example_nested_branch_dag' retrieved from /Users/parth/Desktop/Engine/venv/lib/python3.11/site-packages/airflow/example_dags/example_nested_branch_dag.py
[2025-07-20T16:39:28.217+0530] {logging_mixin.py:190} INFO - [2025-07-20T16:39:28.217+0530] {dag.py:3239} INFO - Sync 1 DAGs
[2025-07-20T16:39:28.230+0530] {logging_mixin.py:190} INFO - [2025-07-20T16:39:28.230+0530] {dag.py:4180} INFO - Setting next_dagrun for example_nested_branch_dag to 2025-07-19 00:00:00+00:00, run_after=2025-07-20 00:00:00+00:00
[2025-07-20T16:39:28.241+0530] {processor.py:208} INFO - Processing /Users/parth/Desktop/Engine/venv/lib/python3.11/site-packages/airflow/example_dags/example_nested_branch_dag.py took 0.118 seconds
[2025-07-20T16:41:36.317+0530] {processor.py:186} INFO - Started process (PID=43402) to work on /Users/parth/Desktop/Engine/venv/lib/python3.11/site-packages/airflow/example_dags/example_nested_branch_dag.py
[2025-07-20T16:41:36.319+0530] {processor.py:914} INFO - Processing file /Users/parth/Desktop/Engine/venv/lib/python3.11/site-packages/airflow/example_dags/example_nested_branch_dag.py for tasks to queue
[2025-07-20T16:41:36.319+0530] {logging_mixin.py:190} INFO - [2025-07-20T16:41:36.319+0530] {dagbag.py:588} INFO - Filling up the DagBag from /Users/parth/Desktop/Engine/venv/lib/python3.11/site-packages/airflow/example_dags/example_nested_branch_dag.py
[2025-07-20T16:41:36.347+0530] {processor.py:925} INFO - DAG(s) 'example_nested_branch_dag' retrieved from /Users/parth/Desktop/Engine/venv/lib/python3.11/site-packages/airflow/example_dags/example_nested_branch_dag.py
[2025-07-20T16:41:36.410+0530] {logging_mixin.py:190} INFO - [2025-07-20T16:41:36.410+0530] {dag.py:3239} INFO - Sync 1 DAGs
[2025-07-20T16:41:36.422+0530] {logging_mixin.py:190} INFO - [2025-07-20T16:41:36.422+0530] {dag.py:4180} INFO - Setting next_dagrun for example_nested_branch_dag to 2025-07-19 00:00:00+00:00, run_after=2025-07-20 00:00:00+00:00
[2025-07-20T16:41:36.433+0530] {processor.py:208} INFO - Processing /Users/parth/Desktop/Engine/venv/lib/python3.11/site-packages/airflow/example_dags/example_nested_branch_dag.py took 0.118 seconds
[2025-07-20T16:43:42.968+0530] {processor.py:186} INFO - Started process (PID=44211) to work on /Users/parth/Desktop/Engine/venv/lib/python3.11/site-packages/airflow/example_dags/example_nested_branch_dag.py
[2025-07-20T16:43:42.969+0530] {processor.py:914} INFO - Processing file /Users/parth/Desktop/Engine/venv/lib/python3.11/site-packages/airflow/example_dags/example_nested_branch_dag.py for tasks to queue
[2025-07-20T16:43:42.970+0530] {logging_mixin.py:190} INFO - [2025-07-20T16:43:42.970+0530] {dagbag.py:588} INFO - Filling up the DagBag from /Users/parth/Desktop/Engine/venv/lib/python3.11/site-packages/airflow/example_dags/example_nested_branch_dag.py
[2025-07-20T16:43:42.998+0530] {processor.py:925} INFO - DAG(s) 'example_nested_branch_dag' retrieved from /Users/parth/Desktop/Engine/venv/lib/python3.11/site-packages/airflow/example_dags/example_nested_branch_dag.py
[2025-07-20T16:43:43.060+0530] {logging_mixin.py:190} INFO - [2025-07-20T16:43:43.059+0530] {dag.py:3239} INFO - Sync 1 DAGs
[2025-07-20T16:43:43.072+0530] {logging_mixin.py:190} INFO - [2025-07-20T16:43:43.072+0530] {dag.py:4180} INFO - Setting next_dagrun for example_nested_branch_dag to 2025-07-19 00:00:00+00:00, run_after=2025-07-20 00:00:00+00:00
[2025-07-20T16:43:43.084+0530] {processor.py:208} INFO - Processing /Users/parth/Desktop/Engine/venv/lib/python3.11/site-packages/airflow/example_dags/example_nested_branch_dag.py took 0.119 seconds
[2025-07-20T16:47:51.724+0530] {processor.py:186} INFO - Started process (PID=45820) to work on /Users/parth/Desktop/Engine/venv/lib/python3.11/site-packages/airflow/example_dags/example_nested_branch_dag.py
[2025-07-20T16:47:51.725+0530] {processor.py:914} INFO - Processing file /Users/parth/Desktop/Engine/venv/lib/python3.11/site-packages/airflow/example_dags/example_nested_branch_dag.py for tasks to queue
[2025-07-20T16:47:51.725+0530] {logging_mixin.py:190} INFO - [2025-07-20T16:47:51.725+0530] {dagbag.py:588} INFO - Filling up the DagBag from /Users/parth/Desktop/Engine/venv/lib/python3.11/site-packages/airflow/example_dags/example_nested_branch_dag.py
[2025-07-20T16:47:51.751+0530] {processor.py:925} INFO - DAG(s) 'example_nested_branch_dag' retrieved from /Users/parth/Desktop/Engine/venv/lib/python3.11/site-packages/airflow/example_dags/example_nested_branch_dag.py
[2025-07-20T16:47:51.812+0530] {logging_mixin.py:190} INFO - [2025-07-20T16:47:51.811+0530] {dag.py:3239} INFO - Sync 1 DAGs
[2025-07-20T16:47:51.822+0530] {logging_mixin.py:190} INFO - [2025-07-20T16:47:51.822+0530] {dag.py:4180} INFO - Setting next_dagrun for example_nested_branch_dag to 2025-07-19 00:00:00+00:00, run_after=2025-07-20 00:00:00+00:00
[2025-07-20T16:47:51.833+0530] {processor.py:208} INFO - Processing /Users/parth/Desktop/Engine/venv/lib/python3.11/site-packages/airflow/example_dags/example_nested_branch_dag.py took 0.112 seconds
[2025-07-20T16:51:37.934+0530] {processor.py:186} INFO - Started process (PID=47325) to work on /Users/parth/Desktop/Engine/venv/lib/python3.11/site-packages/airflow/example_dags/example_nested_branch_dag.py
[2025-07-20T16:51:37.935+0530] {processor.py:914} INFO - Processing file /Users/parth/Desktop/Engine/venv/lib/python3.11/site-packages/airflow/example_dags/example_nested_branch_dag.py for tasks to queue
[2025-07-20T16:51:37.936+0530] {logging_mixin.py:190} INFO - [2025-07-20T16:51:37.936+0530] {dagbag.py:588} INFO - Filling up the DagBag from /Users/parth/Desktop/Engine/venv/lib/python3.11/site-packages/airflow/example_dags/example_nested_branch_dag.py
[2025-07-20T16:51:37.962+0530] {processor.py:925} INFO - DAG(s) 'example_nested_branch_dag' retrieved from /Users/parth/Desktop/Engine/venv/lib/python3.11/site-packages/airflow/example_dags/example_nested_branch_dag.py
[2025-07-20T16:51:38.023+0530] {logging_mixin.py:190} INFO - [2025-07-20T16:51:38.022+0530] {dag.py:3239} INFO - Sync 1 DAGs
[2025-07-20T16:51:38.033+0530] {logging_mixin.py:190} INFO - [2025-07-20T16:51:38.033+0530] {dag.py:4180} INFO - Setting next_dagrun for example_nested_branch_dag to 2025-07-19 00:00:00+00:00, run_after=2025-07-20 00:00:00+00:00
[2025-07-20T16:51:38.044+0530] {processor.py:208} INFO - Processing /Users/parth/Desktop/Engine/venv/lib/python3.11/site-packages/airflow/example_dags/example_nested_branch_dag.py took 0.112 seconds
[2025-07-20T17:53:03.428+0530] {processor.py:186} INFO - Started process (PID=48886) to work on /Users/parth/Desktop/Engine/venv/lib/python3.11/site-packages/airflow/example_dags/example_nested_branch_dag.py
[2025-07-20T17:53:03.429+0530] {processor.py:914} INFO - Processing file /Users/parth/Desktop/Engine/venv/lib/python3.11/site-packages/airflow/example_dags/example_nested_branch_dag.py for tasks to queue
[2025-07-20T17:53:03.430+0530] {logging_mixin.py:190} INFO - [2025-07-20T17:53:03.430+0530] {dagbag.py:588} INFO - Filling up the DagBag from /Users/parth/Desktop/Engine/venv/lib/python3.11/site-packages/airflow/example_dags/example_nested_branch_dag.py
[2025-07-20T17:53:03.457+0530] {processor.py:925} INFO - DAG(s) 'example_nested_branch_dag' retrieved from /Users/parth/Desktop/Engine/venv/lib/python3.11/site-packages/airflow/example_dags/example_nested_branch_dag.py
[2025-07-20T17:53:03.518+0530] {logging_mixin.py:190} INFO - [2025-07-20T17:53:03.518+0530] {dag.py:3239} INFO - Sync 1 DAGs
[2025-07-20T17:53:03.529+0530] {logging_mixin.py:190} INFO - [2025-07-20T17:53:03.529+0530] {dag.py:4180} INFO - Setting next_dagrun for example_nested_branch_dag to 2025-07-19 00:00:00+00:00, run_after=2025-07-20 00:00:00+00:00
[2025-07-20T17:53:03.540+0530] {processor.py:208} INFO - Processing /Users/parth/Desktop/Engine/venv/lib/python3.11/site-packages/airflow/example_dags/example_nested_branch_dag.py took 0.115 seconds
[2025-07-20T17:56:56.355+0530] {processor.py:186} INFO - Started process (PID=50388) to work on /Users/parth/Desktop/Engine/venv/lib/python3.11/site-packages/airflow/example_dags/example_nested_branch_dag.py
[2025-07-20T17:56:56.356+0530] {processor.py:914} INFO - Processing file /Users/parth/Desktop/Engine/venv/lib/python3.11/site-packages/airflow/example_dags/example_nested_branch_dag.py for tasks to queue
[2025-07-20T17:56:56.357+0530] {logging_mixin.py:190} INFO - [2025-07-20T17:56:56.357+0530] {dagbag.py:588} INFO - Filling up the DagBag from /Users/parth/Desktop/Engine/venv/lib/python3.11/site-packages/airflow/example_dags/example_nested_branch_dag.py
[2025-07-20T17:56:56.383+0530] {processor.py:925} INFO - DAG(s) 'example_nested_branch_dag' retrieved from /Users/parth/Desktop/Engine/venv/lib/python3.11/site-packages/airflow/example_dags/example_nested_branch_dag.py
[2025-07-20T17:56:56.443+0530] {logging_mixin.py:190} INFO - [2025-07-20T17:56:56.443+0530] {dag.py:3239} INFO - Sync 1 DAGs
[2025-07-20T17:56:56.454+0530] {logging_mixin.py:190} INFO - [2025-07-20T17:56:56.454+0530] {dag.py:4180} INFO - Setting next_dagrun for example_nested_branch_dag to 2025-07-19 00:00:00+00:00, run_after=2025-07-20 00:00:00+00:00
[2025-07-20T17:56:56.465+0530] {processor.py:208} INFO - Processing /Users/parth/Desktop/Engine/venv/lib/python3.11/site-packages/airflow/example_dags/example_nested_branch_dag.py took 0.113 seconds
[2025-07-20T18:00:42.538+0530] {processor.py:186} INFO - Started process (PID=51844) to work on /Users/parth/Desktop/Engine/venv/lib/python3.11/site-packages/airflow/example_dags/example_nested_branch_dag.py
[2025-07-20T18:00:42.538+0530] {processor.py:914} INFO - Processing file /Users/parth/Desktop/Engine/venv/lib/python3.11/site-packages/airflow/example_dags/example_nested_branch_dag.py for tasks to queue
[2025-07-20T18:00:42.539+0530] {logging_mixin.py:190} INFO - [2025-07-20T18:00:42.539+0530] {dagbag.py:588} INFO - Filling up the DagBag from /Users/parth/Desktop/Engine/venv/lib/python3.11/site-packages/airflow/example_dags/example_nested_branch_dag.py
[2025-07-20T18:00:42.567+0530] {processor.py:925} INFO - DAG(s) 'example_nested_branch_dag' retrieved from /Users/parth/Desktop/Engine/venv/lib/python3.11/site-packages/airflow/example_dags/example_nested_branch_dag.py
[2025-07-20T18:00:42.628+0530] {logging_mixin.py:190} INFO - [2025-07-20T18:00:42.628+0530] {dag.py:3239} INFO - Sync 1 DAGs
[2025-07-20T18:00:42.640+0530] {logging_mixin.py:190} INFO - [2025-07-20T18:00:42.640+0530] {dag.py:4180} INFO - Setting next_dagrun for example_nested_branch_dag to 2025-07-19 00:00:00+00:00, run_after=2025-07-20 00:00:00+00:00
[2025-07-20T18:00:42.651+0530] {processor.py:208} INFO - Processing /Users/parth/Desktop/Engine/venv/lib/python3.11/site-packages/airflow/example_dags/example_nested_branch_dag.py took 0.116 seconds
[2025-07-20T18:04:37.007+0530] {processor.py:186} INFO - Started process (PID=53341) to work on /Users/parth/Desktop/Engine/venv/lib/python3.11/site-packages/airflow/example_dags/example_nested_branch_dag.py
[2025-07-20T18:04:37.008+0530] {processor.py:914} INFO - Processing file /Users/parth/Desktop/Engine/venv/lib/python3.11/site-packages/airflow/example_dags/example_nested_branch_dag.py for tasks to queue
[2025-07-20T18:04:37.009+0530] {logging_mixin.py:190} INFO - [2025-07-20T18:04:37.009+0530] {dagbag.py:588} INFO - Filling up the DagBag from /Users/parth/Desktop/Engine/venv/lib/python3.11/site-packages/airflow/example_dags/example_nested_branch_dag.py
[2025-07-20T18:04:37.036+0530] {processor.py:925} INFO - DAG(s) 'example_nested_branch_dag' retrieved from /Users/parth/Desktop/Engine/venv/lib/python3.11/site-packages/airflow/example_dags/example_nested_branch_dag.py
[2025-07-20T18:04:37.098+0530] {logging_mixin.py:190} INFO - [2025-07-20T18:04:37.098+0530] {dag.py:3239} INFO - Sync 1 DAGs
[2025-07-20T18:04:37.109+0530] {logging_mixin.py:190} INFO - [2025-07-20T18:04:37.109+0530] {dag.py:4180} INFO - Setting next_dagrun for example_nested_branch_dag to 2025-07-19 00:00:00+00:00, run_after=2025-07-20 00:00:00+00:00
[2025-07-20T18:04:37.121+0530] {processor.py:208} INFO - Processing /Users/parth/Desktop/Engine/venv/lib/python3.11/site-packages/airflow/example_dags/example_nested_branch_dag.py took 0.116 seconds
[2025-07-20T18:08:27.208+0530] {processor.py:186} INFO - Started process (PID=54820) to work on /Users/parth/Desktop/Engine/venv/lib/python3.11/site-packages/airflow/example_dags/example_nested_branch_dag.py
[2025-07-20T18:08:27.209+0530] {processor.py:914} INFO - Processing file /Users/parth/Desktop/Engine/venv/lib/python3.11/site-packages/airflow/example_dags/example_nested_branch_dag.py for tasks to queue
[2025-07-20T18:08:27.210+0530] {logging_mixin.py:190} INFO - [2025-07-20T18:08:27.210+0530] {dagbag.py:588} INFO - Filling up the DagBag from /Users/parth/Desktop/Engine/venv/lib/python3.11/site-packages/airflow/example_dags/example_nested_branch_dag.py
[2025-07-20T18:08:27.237+0530] {processor.py:925} INFO - DAG(s) 'example_nested_branch_dag' retrieved from /Users/parth/Desktop/Engine/venv/lib/python3.11/site-packages/airflow/example_dags/example_nested_branch_dag.py
[2025-07-20T18:08:27.298+0530] {logging_mixin.py:190} INFO - [2025-07-20T18:08:27.297+0530] {dag.py:3239} INFO - Sync 1 DAGs
[2025-07-20T18:08:27.309+0530] {logging_mixin.py:190} INFO - [2025-07-20T18:08:27.308+0530] {dag.py:4180} INFO - Setting next_dagrun for example_nested_branch_dag to 2025-07-19 00:00:00+00:00, run_after=2025-07-20 00:00:00+00:00
[2025-07-20T18:08:27.319+0530] {processor.py:208} INFO - Processing /Users/parth/Desktop/Engine/venv/lib/python3.11/site-packages/airflow/example_dags/example_nested_branch_dag.py took 0.113 seconds
[2025-07-20T18:23:41.864+0530] {processor.py:186} INFO - Started process (PID=55573) to work on /Users/parth/Desktop/Engine/venv/lib/python3.11/site-packages/airflow/example_dags/example_nested_branch_dag.py
[2025-07-20T18:23:41.865+0530] {processor.py:914} INFO - Processing file /Users/parth/Desktop/Engine/venv/lib/python3.11/site-packages/airflow/example_dags/example_nested_branch_dag.py for tasks to queue
[2025-07-20T18:23:41.866+0530] {logging_mixin.py:190} INFO - [2025-07-20T18:23:41.866+0530] {dagbag.py:588} INFO - Filling up the DagBag from /Users/parth/Desktop/Engine/venv/lib/python3.11/site-packages/airflow/example_dags/example_nested_branch_dag.py
[2025-07-20T18:23:41.892+0530] {processor.py:925} INFO - DAG(s) 'example_nested_branch_dag' retrieved from /Users/parth/Desktop/Engine/venv/lib/python3.11/site-packages/airflow/example_dags/example_nested_branch_dag.py
[2025-07-20T18:23:41.952+0530] {logging_mixin.py:190} INFO - [2025-07-20T18:23:41.952+0530] {dag.py:3239} INFO - Sync 1 DAGs
[2025-07-20T18:23:41.964+0530] {logging_mixin.py:190} INFO - [2025-07-20T18:23:41.964+0530] {dag.py:4180} INFO - Setting next_dagrun for example_nested_branch_dag to 2025-07-19 00:00:00+00:00, run_after=2025-07-20 00:00:00+00:00
[2025-07-20T18:23:41.975+0530] {processor.py:208} INFO - Processing /Users/parth/Desktop/Engine/venv/lib/python3.11/site-packages/airflow/example_dags/example_nested_branch_dag.py took 0.113 seconds
[2025-07-20T18:25:49.691+0530] {processor.py:186} INFO - Started process (PID=56402) to work on /Users/parth/Desktop/Engine/venv/lib/python3.11/site-packages/airflow/example_dags/example_nested_branch_dag.py
[2025-07-20T18:25:49.693+0530] {processor.py:914} INFO - Processing file /Users/parth/Desktop/Engine/venv/lib/python3.11/site-packages/airflow/example_dags/example_nested_branch_dag.py for tasks to queue
[2025-07-20T18:25:49.693+0530] {logging_mixin.py:190} INFO - [2025-07-20T18:25:49.693+0530] {dagbag.py:588} INFO - Filling up the DagBag from /Users/parth/Desktop/Engine/venv/lib/python3.11/site-packages/airflow/example_dags/example_nested_branch_dag.py
[2025-07-20T18:25:49.721+0530] {processor.py:925} INFO - DAG(s) 'example_nested_branch_dag' retrieved from /Users/parth/Desktop/Engine/venv/lib/python3.11/site-packages/airflow/example_dags/example_nested_branch_dag.py
[2025-07-20T18:25:49.781+0530] {logging_mixin.py:190} INFO - [2025-07-20T18:25:49.781+0530] {dag.py:3239} INFO - Sync 1 DAGs
[2025-07-20T18:25:49.792+0530] {logging_mixin.py:190} INFO - [2025-07-20T18:25:49.792+0530] {dag.py:4180} INFO - Setting next_dagrun for example_nested_branch_dag to 2025-07-19 00:00:00+00:00, run_after=2025-07-20 00:00:00+00:00
[2025-07-20T18:25:49.802+0530] {processor.py:208} INFO - Processing /Users/parth/Desktop/Engine/venv/lib/python3.11/site-packages/airflow/example_dags/example_nested_branch_dag.py took 0.114 seconds
[2025-07-20T18:29:29.468+0530] {processor.py:186} INFO - Started process (PID=57806) to work on /Users/parth/Desktop/Engine/venv/lib/python3.11/site-packages/airflow/example_dags/example_nested_branch_dag.py
[2025-07-20T18:29:29.468+0530] {processor.py:914} INFO - Processing file /Users/parth/Desktop/Engine/venv/lib/python3.11/site-packages/airflow/example_dags/example_nested_branch_dag.py for tasks to queue
[2025-07-20T18:29:29.469+0530] {logging_mixin.py:190} INFO - [2025-07-20T18:29:29.469+0530] {dagbag.py:588} INFO - Filling up the DagBag from /Users/parth/Desktop/Engine/venv/lib/python3.11/site-packages/airflow/example_dags/example_nested_branch_dag.py
[2025-07-20T18:29:29.497+0530] {processor.py:925} INFO - DAG(s) 'example_nested_branch_dag' retrieved from /Users/parth/Desktop/Engine/venv/lib/python3.11/site-packages/airflow/example_dags/example_nested_branch_dag.py
[2025-07-20T18:29:29.559+0530] {logging_mixin.py:190} INFO - [2025-07-20T18:29:29.559+0530] {dag.py:3239} INFO - Sync 1 DAGs
[2025-07-20T18:29:29.571+0530] {logging_mixin.py:190} INFO - [2025-07-20T18:29:29.571+0530] {dag.py:4180} INFO - Setting next_dagrun for example_nested_branch_dag to 2025-07-19 00:00:00+00:00, run_after=2025-07-20 00:00:00+00:00
[2025-07-20T18:29:29.583+0530] {processor.py:208} INFO - Processing /Users/parth/Desktop/Engine/venv/lib/python3.11/site-packages/airflow/example_dags/example_nested_branch_dag.py took 0.118 seconds
[2025-07-20T18:39:48.249+0530] {processor.py:186} INFO - Started process (PID=59200) to work on /Users/parth/Desktop/Engine/venv/lib/python3.11/site-packages/airflow/example_dags/example_nested_branch_dag.py
[2025-07-20T18:39:48.249+0530] {processor.py:914} INFO - Processing file /Users/parth/Desktop/Engine/venv/lib/python3.11/site-packages/airflow/example_dags/example_nested_branch_dag.py for tasks to queue
[2025-07-20T18:39:48.250+0530] {logging_mixin.py:190} INFO - [2025-07-20T18:39:48.250+0530] {dagbag.py:588} INFO - Filling up the DagBag from /Users/parth/Desktop/Engine/venv/lib/python3.11/site-packages/airflow/example_dags/example_nested_branch_dag.py
[2025-07-20T18:39:48.276+0530] {processor.py:925} INFO - DAG(s) 'example_nested_branch_dag' retrieved from /Users/parth/Desktop/Engine/venv/lib/python3.11/site-packages/airflow/example_dags/example_nested_branch_dag.py
[2025-07-20T18:39:48.335+0530] {logging_mixin.py:190} INFO - [2025-07-20T18:39:48.335+0530] {dag.py:3239} INFO - Sync 1 DAGs
[2025-07-20T18:39:48.346+0530] {logging_mixin.py:190} INFO - [2025-07-20T18:39:48.346+0530] {dag.py:4180} INFO - Setting next_dagrun for example_nested_branch_dag to 2025-07-19 00:00:00+00:00, run_after=2025-07-20 00:00:00+00:00
[2025-07-20T18:39:48.357+0530] {processor.py:208} INFO - Processing /Users/parth/Desktop/Engine/venv/lib/python3.11/site-packages/airflow/example_dags/example_nested_branch_dag.py took 0.111 seconds
[2025-07-20T18:53:35.303+0530] {processor.py:186} INFO - Started process (PID=60537) to work on /Users/parth/Desktop/Engine/venv/lib/python3.11/site-packages/airflow/example_dags/example_nested_branch_dag.py
[2025-07-20T18:53:35.305+0530] {processor.py:914} INFO - Processing file /Users/parth/Desktop/Engine/venv/lib/python3.11/site-packages/airflow/example_dags/example_nested_branch_dag.py for tasks to queue
[2025-07-20T18:53:35.305+0530] {logging_mixin.py:190} INFO - [2025-07-20T18:53:35.305+0530] {dagbag.py:588} INFO - Filling up the DagBag from /Users/parth/Desktop/Engine/venv/lib/python3.11/site-packages/airflow/example_dags/example_nested_branch_dag.py
[2025-07-20T18:53:35.332+0530] {processor.py:925} INFO - DAG(s) 'example_nested_branch_dag' retrieved from /Users/parth/Desktop/Engine/venv/lib/python3.11/site-packages/airflow/example_dags/example_nested_branch_dag.py
[2025-07-20T18:53:35.393+0530] {logging_mixin.py:190} INFO - [2025-07-20T18:53:35.393+0530] {dag.py:3239} INFO - Sync 1 DAGs
[2025-07-20T18:53:35.404+0530] {logging_mixin.py:190} INFO - [2025-07-20T18:53:35.404+0530] {dag.py:4180} INFO - Setting next_dagrun for example_nested_branch_dag to 2025-07-19 00:00:00+00:00, run_after=2025-07-20 00:00:00+00:00
[2025-07-20T18:53:35.414+0530] {processor.py:208} INFO - Processing /Users/parth/Desktop/Engine/venv/lib/python3.11/site-packages/airflow/example_dags/example_nested_branch_dag.py took 0.113 seconds
[2025-07-20T19:13:40.246+0530] {processor.py:186} INFO - Started process (PID=61924) to work on /Users/parth/Desktop/Engine/venv/lib/python3.11/site-packages/airflow/example_dags/example_nested_branch_dag.py
[2025-07-20T19:13:40.247+0530] {processor.py:914} INFO - Processing file /Users/parth/Desktop/Engine/venv/lib/python3.11/site-packages/airflow/example_dags/example_nested_branch_dag.py for tasks to queue
[2025-07-20T19:13:40.248+0530] {logging_mixin.py:190} INFO - [2025-07-20T19:13:40.248+0530] {dagbag.py:588} INFO - Filling up the DagBag from /Users/parth/Desktop/Engine/venv/lib/python3.11/site-packages/airflow/example_dags/example_nested_branch_dag.py
[2025-07-20T19:13:40.274+0530] {processor.py:925} INFO - DAG(s) 'example_nested_branch_dag' retrieved from /Users/parth/Desktop/Engine/venv/lib/python3.11/site-packages/airflow/example_dags/example_nested_branch_dag.py
[2025-07-20T19:13:40.335+0530] {logging_mixin.py:190} INFO - [2025-07-20T19:13:40.334+0530] {dag.py:3239} INFO - Sync 1 DAGs
[2025-07-20T19:13:40.345+0530] {logging_mixin.py:190} INFO - [2025-07-20T19:13:40.345+0530] {dag.py:4180} INFO - Setting next_dagrun for example_nested_branch_dag to 2025-07-19 00:00:00+00:00, run_after=2025-07-20 00:00:00+00:00
[2025-07-20T19:13:40.356+0530] {processor.py:208} INFO - Processing /Users/parth/Desktop/Engine/venv/lib/python3.11/site-packages/airflow/example_dags/example_nested_branch_dag.py took 0.113 seconds
