[2025-07-20T16:21:13.650+0530] {processor.py:186} INFO - Started process (PID=34986) to work on /Users/parth/Desktop/Engine/venv/lib/python3.11/site-packages/airflow/example_dags/example_inlet_event_extra.py
[2025-07-20T16:21:13.651+0530] {processor.py:914} INFO - Processing file /Users/parth/Desktop/Engine/venv/lib/python3.11/site-packages/airflow/example_dags/example_inlet_event_extra.py for tasks to queue
[2025-07-20T16:21:13.651+0530] {logging_mixin.py:190} INFO - [2025-07-20T16:21:13.651+0530] {dagbag.py:588} INFO - Filling up the DagBag from /Users/parth/Desktop/Engine/venv/lib/python3.11/site-packages/airflow/example_dags/example_inlet_event_extra.py
[2025-07-20T16:21:13.708+0530] {processor.py:925} INFO - DAG(s) 'read_dataset_event_from_classic', 'read_dataset_event' retrieved from /Users/parth/Desktop/Engine/venv/lib/python3.11/site-packages/airflow/example_dags/example_inlet_event_extra.py
[2025-07-20T16:21:13.773+0530] {logging_mixin.py:190} INFO - [2025-07-20T16:21:13.773+0530] {dag.py:3239} INFO - Sync 2 DAGs
[2025-07-20T16:21:13.787+0530] {logging_mixin.py:190} INFO - [2025-07-20T16:21:13.786+0530] {dag.py:4180} INFO - Setting next_dagrun for read_dataset_event to 2025-07-19 00:00:00+00:00, run_after=2025-07-20 00:00:00+00:00
[2025-07-20T16:21:13.790+0530] {logging_mixin.py:190} INFO - [2025-07-20T16:21:13.790+0530] {dag.py:4180} INFO - Setting next_dagrun for read_dataset_event_from_classic to 2025-07-19 00:00:00+00:00, run_after=2025-07-20 00:00:00+00:00
[2025-07-20T16:21:13.803+0530] {processor.py:208} INFO - Processing /Users/parth/Desktop/Engine/venv/lib/python3.11/site-packages/airflow/example_dags/example_inlet_event_extra.py took 0.156 seconds
[2025-07-20T16:24:11.642+0530] {processor.py:186} INFO - Started process (PID=36210) to work on /Users/parth/Desktop/Engine/venv/lib/python3.11/site-packages/airflow/example_dags/example_inlet_event_extra.py
[2025-07-20T16:24:11.643+0530] {processor.py:914} INFO - Processing file /Users/parth/Desktop/Engine/venv/lib/python3.11/site-packages/airflow/example_dags/example_inlet_event_extra.py for tasks to queue
[2025-07-20T16:24:11.644+0530] {logging_mixin.py:190} INFO - [2025-07-20T16:24:11.644+0530] {dagbag.py:588} INFO - Filling up the DagBag from /Users/parth/Desktop/Engine/venv/lib/python3.11/site-packages/airflow/example_dags/example_inlet_event_extra.py
[2025-07-20T16:24:11.709+0530] {processor.py:925} INFO - DAG(s) 'read_dataset_event', 'read_dataset_event_from_classic' retrieved from /Users/parth/Desktop/Engine/venv/lib/python3.11/site-packages/airflow/example_dags/example_inlet_event_extra.py
[2025-07-20T16:24:11.782+0530] {logging_mixin.py:190} INFO - [2025-07-20T16:24:11.782+0530] {dag.py:3239} INFO - Sync 2 DAGs
[2025-07-20T16:24:11.795+0530] {logging_mixin.py:190} INFO - [2025-07-20T16:24:11.795+0530] {dag.py:4180} INFO - Setting next_dagrun for read_dataset_event to 2025-07-19 00:00:00+00:00, run_after=2025-07-20 00:00:00+00:00
[2025-07-20T16:24:11.799+0530] {logging_mixin.py:190} INFO - [2025-07-20T16:24:11.798+0530] {dag.py:4180} INFO - Setting next_dagrun for read_dataset_event_from_classic to 2025-07-19 00:00:00+00:00, run_after=2025-07-20 00:00:00+00:00
[2025-07-20T16:24:11.812+0530] {processor.py:208} INFO - Processing /Users/parth/Desktop/Engine/venv/lib/python3.11/site-packages/airflow/example_dags/example_inlet_event_extra.py took 0.173 seconds
[2025-07-20T16:28:28.451+0530] {processor.py:186} INFO - Started process (PID=37976) to work on /Users/parth/Desktop/Engine/venv/lib/python3.11/site-packages/airflow/example_dags/example_inlet_event_extra.py
[2025-07-20T16:28:28.453+0530] {processor.py:914} INFO - Processing file /Users/parth/Desktop/Engine/venv/lib/python3.11/site-packages/airflow/example_dags/example_inlet_event_extra.py for tasks to queue
[2025-07-20T16:28:28.453+0530] {logging_mixin.py:190} INFO - [2025-07-20T16:28:28.453+0530] {dagbag.py:588} INFO - Filling up the DagBag from /Users/parth/Desktop/Engine/venv/lib/python3.11/site-packages/airflow/example_dags/example_inlet_event_extra.py
[2025-07-20T16:28:28.508+0530] {processor.py:925} INFO - DAG(s) 'read_dataset_event_from_classic', 'read_dataset_event' retrieved from /Users/parth/Desktop/Engine/venv/lib/python3.11/site-packages/airflow/example_dags/example_inlet_event_extra.py
[2025-07-20T16:28:28.571+0530] {logging_mixin.py:190} INFO - [2025-07-20T16:28:28.570+0530] {dag.py:3239} INFO - Sync 2 DAGs
[2025-07-20T16:28:28.583+0530] {logging_mixin.py:190} INFO - [2025-07-20T16:28:28.582+0530] {dag.py:4180} INFO - Setting next_dagrun for read_dataset_event to 2025-07-19 00:00:00+00:00, run_after=2025-07-20 00:00:00+00:00
[2025-07-20T16:28:28.587+0530] {logging_mixin.py:190} INFO - [2025-07-20T16:28:28.586+0530] {dag.py:4180} INFO - Setting next_dagrun for read_dataset_event_from_classic to 2025-07-19 00:00:00+00:00, run_after=2025-07-20 00:00:00+00:00
[2025-07-20T16:28:28.598+0530] {processor.py:208} INFO - Processing /Users/parth/Desktop/Engine/venv/lib/python3.11/site-packages/airflow/example_dags/example_inlet_event_extra.py took 0.149 seconds
[2025-07-20T16:32:49.718+0530] {processor.py:186} INFO - Started process (PID=39875) to work on /Users/parth/Desktop/Engine/venv/lib/python3.11/site-packages/airflow/example_dags/example_inlet_event_extra.py
[2025-07-20T16:32:49.719+0530] {processor.py:914} INFO - Processing file /Users/parth/Desktop/Engine/venv/lib/python3.11/site-packages/airflow/example_dags/example_inlet_event_extra.py for tasks to queue
[2025-07-20T16:32:49.720+0530] {logging_mixin.py:190} INFO - [2025-07-20T16:32:49.720+0530] {dagbag.py:588} INFO - Filling up the DagBag from /Users/parth/Desktop/Engine/venv/lib/python3.11/site-packages/airflow/example_dags/example_inlet_event_extra.py
[2025-07-20T16:32:49.809+0530] {processor.py:925} INFO - DAG(s) 'read_dataset_event', 'read_dataset_event_from_classic' retrieved from /Users/parth/Desktop/Engine/venv/lib/python3.11/site-packages/airflow/example_dags/example_inlet_event_extra.py
[2025-07-20T16:32:49.924+0530] {logging_mixin.py:190} INFO - [2025-07-20T16:32:49.924+0530] {dag.py:3239} INFO - Sync 2 DAGs
[2025-07-20T16:32:49.944+0530] {logging_mixin.py:190} INFO - [2025-07-20T16:32:49.943+0530] {dag.py:4180} INFO - Setting next_dagrun for read_dataset_event to 2025-07-19 00:00:00+00:00, run_after=2025-07-20 00:00:00+00:00
[2025-07-20T16:32:49.949+0530] {logging_mixin.py:190} INFO - [2025-07-20T16:32:49.949+0530] {dag.py:4180} INFO - Setting next_dagrun for read_dataset_event_from_classic to 2025-07-19 00:00:00+00:00, run_after=2025-07-20 00:00:00+00:00
[2025-07-20T16:32:49.966+0530] {processor.py:208} INFO - Processing /Users/parth/Desktop/Engine/venv/lib/python3.11/site-packages/airflow/example_dags/example_inlet_event_extra.py took 0.253 seconds
[2025-07-20T16:37:19.399+0530] {processor.py:186} INFO - Started process (PID=41723) to work on /Users/parth/Desktop/Engine/venv/lib/python3.11/site-packages/airflow/example_dags/example_inlet_event_extra.py
[2025-07-20T16:37:19.400+0530] {processor.py:914} INFO - Processing file /Users/parth/Desktop/Engine/venv/lib/python3.11/site-packages/airflow/example_dags/example_inlet_event_extra.py for tasks to queue
[2025-07-20T16:37:19.401+0530] {logging_mixin.py:190} INFO - [2025-07-20T16:37:19.400+0530] {dagbag.py:588} INFO - Filling up the DagBag from /Users/parth/Desktop/Engine/venv/lib/python3.11/site-packages/airflow/example_dags/example_inlet_event_extra.py
[2025-07-20T16:37:19.449+0530] {processor.py:925} INFO - DAG(s) 'read_dataset_event', 'read_dataset_event_from_classic' retrieved from /Users/parth/Desktop/Engine/venv/lib/python3.11/site-packages/airflow/example_dags/example_inlet_event_extra.py
[2025-07-20T16:37:19.511+0530] {logging_mixin.py:190} INFO - [2025-07-20T16:37:19.511+0530] {dag.py:3239} INFO - Sync 2 DAGs
[2025-07-20T16:37:19.523+0530] {logging_mixin.py:190} INFO - [2025-07-20T16:37:19.523+0530] {dag.py:4180} INFO - Setting next_dagrun for read_dataset_event to 2025-07-19 00:00:00+00:00, run_after=2025-07-20 00:00:00+00:00
[2025-07-20T16:37:19.526+0530] {logging_mixin.py:190} INFO - [2025-07-20T16:37:19.526+0530] {dag.py:4180} INFO - Setting next_dagrun for read_dataset_event_from_classic to 2025-07-19 00:00:00+00:00, run_after=2025-07-20 00:00:00+00:00
[2025-07-20T16:37:19.540+0530] {processor.py:208} INFO - Processing /Users/parth/Desktop/Engine/venv/lib/python3.11/site-packages/airflow/example_dags/example_inlet_event_extra.py took 0.143 seconds
[2025-07-20T16:41:49.262+0530] {processor.py:186} INFO - Started process (PID=43484) to work on /Users/parth/Desktop/Engine/venv/lib/python3.11/site-packages/airflow/example_dags/example_inlet_event_extra.py
[2025-07-20T16:41:49.264+0530] {processor.py:914} INFO - Processing file /Users/parth/Desktop/Engine/venv/lib/python3.11/site-packages/airflow/example_dags/example_inlet_event_extra.py for tasks to queue
[2025-07-20T16:41:49.265+0530] {logging_mixin.py:190} INFO - [2025-07-20T16:41:49.264+0530] {dagbag.py:588} INFO - Filling up the DagBag from /Users/parth/Desktop/Engine/venv/lib/python3.11/site-packages/airflow/example_dags/example_inlet_event_extra.py
[2025-07-20T16:41:49.318+0530] {processor.py:925} INFO - DAG(s) 'read_dataset_event_from_classic', 'read_dataset_event' retrieved from /Users/parth/Desktop/Engine/venv/lib/python3.11/site-packages/airflow/example_dags/example_inlet_event_extra.py
[2025-07-20T16:41:49.378+0530] {logging_mixin.py:190} INFO - [2025-07-20T16:41:49.378+0530] {dag.py:3239} INFO - Sync 2 DAGs
[2025-07-20T16:41:49.390+0530] {logging_mixin.py:190} INFO - [2025-07-20T16:41:49.389+0530] {dag.py:4180} INFO - Setting next_dagrun for read_dataset_event to 2025-07-19 00:00:00+00:00, run_after=2025-07-20 00:00:00+00:00
[2025-07-20T16:41:49.392+0530] {logging_mixin.py:190} INFO - [2025-07-20T16:41:49.392+0530] {dag.py:4180} INFO - Setting next_dagrun for read_dataset_event_from_classic to 2025-07-19 00:00:00+00:00, run_after=2025-07-20 00:00:00+00:00
[2025-07-20T16:41:49.403+0530] {processor.py:208} INFO - Processing /Users/parth/Desktop/Engine/venv/lib/python3.11/site-packages/airflow/example_dags/example_inlet_event_extra.py took 0.143 seconds
[2025-07-20T16:46:00.984+0530] {processor.py:186} INFO - Started process (PID=45107) to work on /Users/parth/Desktop/Engine/venv/lib/python3.11/site-packages/airflow/example_dags/example_inlet_event_extra.py
[2025-07-20T16:46:00.986+0530] {processor.py:914} INFO - Processing file /Users/parth/Desktop/Engine/venv/lib/python3.11/site-packages/airflow/example_dags/example_inlet_event_extra.py for tasks to queue
[2025-07-20T16:46:00.987+0530] {logging_mixin.py:190} INFO - [2025-07-20T16:46:00.986+0530] {dagbag.py:588} INFO - Filling up the DagBag from /Users/parth/Desktop/Engine/venv/lib/python3.11/site-packages/airflow/example_dags/example_inlet_event_extra.py
[2025-07-20T16:46:01.041+0530] {processor.py:925} INFO - DAG(s) 'read_dataset_event_from_classic', 'read_dataset_event' retrieved from /Users/parth/Desktop/Engine/venv/lib/python3.11/site-packages/airflow/example_dags/example_inlet_event_extra.py
[2025-07-20T16:46:01.104+0530] {logging_mixin.py:190} INFO - [2025-07-20T16:46:01.104+0530] {dag.py:3239} INFO - Sync 2 DAGs
[2025-07-20T16:46:01.117+0530] {logging_mixin.py:190} INFO - [2025-07-20T16:46:01.116+0530] {dag.py:4180} INFO - Setting next_dagrun for read_dataset_event to 2025-07-19 00:00:00+00:00, run_after=2025-07-20 00:00:00+00:00
[2025-07-20T16:46:01.120+0530] {logging_mixin.py:190} INFO - [2025-07-20T16:46:01.120+0530] {dag.py:4180} INFO - Setting next_dagrun for read_dataset_event_from_classic to 2025-07-19 00:00:00+00:00, run_after=2025-07-20 00:00:00+00:00
[2025-07-20T16:46:01.131+0530] {processor.py:208} INFO - Processing /Users/parth/Desktop/Engine/venv/lib/python3.11/site-packages/airflow/example_dags/example_inlet_event_extra.py took 0.149 seconds
[2025-07-20T16:49:56.301+0530] {processor.py:186} INFO - Started process (PID=46656) to work on /Users/parth/Desktop/Engine/venv/lib/python3.11/site-packages/airflow/example_dags/example_inlet_event_extra.py
[2025-07-20T16:49:56.302+0530] {processor.py:914} INFO - Processing file /Users/parth/Desktop/Engine/venv/lib/python3.11/site-packages/airflow/example_dags/example_inlet_event_extra.py for tasks to queue
[2025-07-20T16:49:56.303+0530] {logging_mixin.py:190} INFO - [2025-07-20T16:49:56.303+0530] {dagbag.py:588} INFO - Filling up the DagBag from /Users/parth/Desktop/Engine/venv/lib/python3.11/site-packages/airflow/example_dags/example_inlet_event_extra.py
[2025-07-20T16:49:56.363+0530] {processor.py:925} INFO - DAG(s) 'read_dataset_event_from_classic', 'read_dataset_event' retrieved from /Users/parth/Desktop/Engine/venv/lib/python3.11/site-packages/airflow/example_dags/example_inlet_event_extra.py
[2025-07-20T16:49:56.423+0530] {logging_mixin.py:190} INFO - [2025-07-20T16:49:56.422+0530] {dag.py:3239} INFO - Sync 2 DAGs
[2025-07-20T16:49:56.434+0530] {logging_mixin.py:190} INFO - [2025-07-20T16:49:56.434+0530] {dag.py:4180} INFO - Setting next_dagrun for read_dataset_event to 2025-07-19 00:00:00+00:00, run_after=2025-07-20 00:00:00+00:00
[2025-07-20T16:49:56.437+0530] {logging_mixin.py:190} INFO - [2025-07-20T16:49:56.436+0530] {dag.py:4180} INFO - Setting next_dagrun for read_dataset_event_from_classic to 2025-07-19 00:00:00+00:00, run_after=2025-07-20 00:00:00+00:00
[2025-07-20T16:49:56.447+0530] {processor.py:208} INFO - Processing /Users/parth/Desktop/Engine/venv/lib/python3.11/site-packages/airflow/example_dags/example_inlet_event_extra.py took 0.148 seconds
[2025-07-20T17:51:15.495+0530] {processor.py:186} INFO - Started process (PID=48187) to work on /Users/parth/Desktop/Engine/venv/lib/python3.11/site-packages/airflow/example_dags/example_inlet_event_extra.py
[2025-07-20T17:51:15.496+0530] {processor.py:914} INFO - Processing file /Users/parth/Desktop/Engine/venv/lib/python3.11/site-packages/airflow/example_dags/example_inlet_event_extra.py for tasks to queue
[2025-07-20T17:51:15.497+0530] {logging_mixin.py:190} INFO - [2025-07-20T17:51:15.497+0530] {dagbag.py:588} INFO - Filling up the DagBag from /Users/parth/Desktop/Engine/venv/lib/python3.11/site-packages/airflow/example_dags/example_inlet_event_extra.py
[2025-07-20T17:51:15.557+0530] {processor.py:925} INFO - DAG(s) 'read_dataset_event_from_classic', 'read_dataset_event' retrieved from /Users/parth/Desktop/Engine/venv/lib/python3.11/site-packages/airflow/example_dags/example_inlet_event_extra.py
[2025-07-20T17:51:15.617+0530] {logging_mixin.py:190} INFO - [2025-07-20T17:51:15.616+0530] {dag.py:3239} INFO - Sync 2 DAGs
[2025-07-20T17:51:15.628+0530] {logging_mixin.py:190} INFO - [2025-07-20T17:51:15.628+0530] {dag.py:4180} INFO - Setting next_dagrun for read_dataset_event to 2025-07-19 00:00:00+00:00, run_after=2025-07-20 00:00:00+00:00
[2025-07-20T17:51:15.631+0530] {logging_mixin.py:190} INFO - [2025-07-20T17:51:15.631+0530] {dag.py:4180} INFO - Setting next_dagrun for read_dataset_event_from_classic to 2025-07-19 00:00:00+00:00, run_after=2025-07-20 00:00:00+00:00
[2025-07-20T17:51:15.641+0530] {processor.py:208} INFO - Processing /Users/parth/Desktop/Engine/venv/lib/python3.11/site-packages/airflow/example_dags/example_inlet_event_extra.py took 0.149 seconds
[2025-07-20T17:55:17.646+0530] {processor.py:186} INFO - Started process (PID=49756) to work on /Users/parth/Desktop/Engine/venv/lib/python3.11/site-packages/airflow/example_dags/example_inlet_event_extra.py
[2025-07-20T17:55:17.647+0530] {processor.py:914} INFO - Processing file /Users/parth/Desktop/Engine/venv/lib/python3.11/site-packages/airflow/example_dags/example_inlet_event_extra.py for tasks to queue
[2025-07-20T17:55:17.648+0530] {logging_mixin.py:190} INFO - [2025-07-20T17:55:17.648+0530] {dagbag.py:588} INFO - Filling up the DagBag from /Users/parth/Desktop/Engine/venv/lib/python3.11/site-packages/airflow/example_dags/example_inlet_event_extra.py
[2025-07-20T17:55:17.695+0530] {processor.py:925} INFO - DAG(s) 'read_dataset_event', 'read_dataset_event_from_classic' retrieved from /Users/parth/Desktop/Engine/venv/lib/python3.11/site-packages/airflow/example_dags/example_inlet_event_extra.py
[2025-07-20T17:55:17.755+0530] {logging_mixin.py:190} INFO - [2025-07-20T17:55:17.755+0530] {dag.py:3239} INFO - Sync 2 DAGs
[2025-07-20T17:55:17.767+0530] {logging_mixin.py:190} INFO - [2025-07-20T17:55:17.767+0530] {dag.py:4180} INFO - Setting next_dagrun for read_dataset_event to 2025-07-19 00:00:00+00:00, run_after=2025-07-20 00:00:00+00:00
[2025-07-20T17:55:17.769+0530] {logging_mixin.py:190} INFO - [2025-07-20T17:55:17.769+0530] {dag.py:4180} INFO - Setting next_dagrun for read_dataset_event_from_classic to 2025-07-19 00:00:00+00:00, run_after=2025-07-20 00:00:00+00:00
[2025-07-20T17:55:17.780+0530] {processor.py:208} INFO - Processing /Users/parth/Desktop/Engine/venv/lib/python3.11/site-packages/airflow/example_dags/example_inlet_event_extra.py took 0.136 seconds
[2025-07-20T17:58:57.439+0530] {processor.py:186} INFO - Started process (PID=51166) to work on /Users/parth/Desktop/Engine/venv/lib/python3.11/site-packages/airflow/example_dags/example_inlet_event_extra.py
[2025-07-20T17:58:57.440+0530] {processor.py:914} INFO - Processing file /Users/parth/Desktop/Engine/venv/lib/python3.11/site-packages/airflow/example_dags/example_inlet_event_extra.py for tasks to queue
[2025-07-20T17:58:57.441+0530] {logging_mixin.py:190} INFO - [2025-07-20T17:58:57.441+0530] {dagbag.py:588} INFO - Filling up the DagBag from /Users/parth/Desktop/Engine/venv/lib/python3.11/site-packages/airflow/example_dags/example_inlet_event_extra.py
[2025-07-20T17:58:57.487+0530] {processor.py:925} INFO - DAG(s) 'read_dataset_event', 'read_dataset_event_from_classic' retrieved from /Users/parth/Desktop/Engine/venv/lib/python3.11/site-packages/airflow/example_dags/example_inlet_event_extra.py
[2025-07-20T17:58:57.548+0530] {logging_mixin.py:190} INFO - [2025-07-20T17:58:57.548+0530] {dag.py:3239} INFO - Sync 2 DAGs
[2025-07-20T17:58:57.560+0530] {logging_mixin.py:190} INFO - [2025-07-20T17:58:57.560+0530] {dag.py:4180} INFO - Setting next_dagrun for read_dataset_event to 2025-07-19 00:00:00+00:00, run_after=2025-07-20 00:00:00+00:00
[2025-07-20T17:58:57.563+0530] {logging_mixin.py:190} INFO - [2025-07-20T17:58:57.563+0530] {dag.py:4180} INFO - Setting next_dagrun for read_dataset_event_from_classic to 2025-07-19 00:00:00+00:00, run_after=2025-07-20 00:00:00+00:00
[2025-07-20T17:58:57.574+0530] {processor.py:208} INFO - Processing /Users/parth/Desktop/Engine/venv/lib/python3.11/site-packages/airflow/example_dags/example_inlet_event_extra.py took 0.137 seconds
[2025-07-20T18:02:53.514+0530] {processor.py:186} INFO - Started process (PID=52676) to work on /Users/parth/Desktop/Engine/venv/lib/python3.11/site-packages/airflow/example_dags/example_inlet_event_extra.py
[2025-07-20T18:02:53.515+0530] {processor.py:914} INFO - Processing file /Users/parth/Desktop/Engine/venv/lib/python3.11/site-packages/airflow/example_dags/example_inlet_event_extra.py for tasks to queue
[2025-07-20T18:02:53.515+0530] {logging_mixin.py:190} INFO - [2025-07-20T18:02:53.515+0530] {dagbag.py:588} INFO - Filling up the DagBag from /Users/parth/Desktop/Engine/venv/lib/python3.11/site-packages/airflow/example_dags/example_inlet_event_extra.py
[2025-07-20T18:02:53.565+0530] {processor.py:925} INFO - DAG(s) 'read_dataset_event_from_classic', 'read_dataset_event' retrieved from /Users/parth/Desktop/Engine/venv/lib/python3.11/site-packages/airflow/example_dags/example_inlet_event_extra.py
[2025-07-20T18:02:53.625+0530] {logging_mixin.py:190} INFO - [2025-07-20T18:02:53.625+0530] {dag.py:3239} INFO - Sync 2 DAGs
[2025-07-20T18:02:53.637+0530] {logging_mixin.py:190} INFO - [2025-07-20T18:02:53.637+0530] {dag.py:4180} INFO - Setting next_dagrun for read_dataset_event to 2025-07-19 00:00:00+00:00, run_after=2025-07-20 00:00:00+00:00
[2025-07-20T18:02:53.639+0530] {logging_mixin.py:190} INFO - [2025-07-20T18:02:53.639+0530] {dag.py:4180} INFO - Setting next_dagrun for read_dataset_event_from_classic to 2025-07-19 00:00:00+00:00, run_after=2025-07-20 00:00:00+00:00
[2025-07-20T18:02:53.650+0530] {processor.py:208} INFO - Processing /Users/parth/Desktop/Engine/venv/lib/python3.11/site-packages/airflow/example_dags/example_inlet_event_extra.py took 0.138 seconds
[2025-07-20T18:06:43.580+0530] {processor.py:186} INFO - Started process (PID=54155) to work on /Users/parth/Desktop/Engine/venv/lib/python3.11/site-packages/airflow/example_dags/example_inlet_event_extra.py
[2025-07-20T18:06:43.581+0530] {processor.py:914} INFO - Processing file /Users/parth/Desktop/Engine/venv/lib/python3.11/site-packages/airflow/example_dags/example_inlet_event_extra.py for tasks to queue
[2025-07-20T18:06:43.582+0530] {logging_mixin.py:190} INFO - [2025-07-20T18:06:43.582+0530] {dagbag.py:588} INFO - Filling up the DagBag from /Users/parth/Desktop/Engine/venv/lib/python3.11/site-packages/airflow/example_dags/example_inlet_event_extra.py
[2025-07-20T18:06:43.631+0530] {processor.py:925} INFO - DAG(s) 'read_dataset_event_from_classic', 'read_dataset_event' retrieved from /Users/parth/Desktop/Engine/venv/lib/python3.11/site-packages/airflow/example_dags/example_inlet_event_extra.py
[2025-07-20T18:06:43.691+0530] {logging_mixin.py:190} INFO - [2025-07-20T18:06:43.691+0530] {dag.py:3239} INFO - Sync 2 DAGs
[2025-07-20T18:06:43.703+0530] {logging_mixin.py:190} INFO - [2025-07-20T18:06:43.703+0530] {dag.py:4180} INFO - Setting next_dagrun for read_dataset_event to 2025-07-19 00:00:00+00:00, run_after=2025-07-20 00:00:00+00:00
[2025-07-20T18:06:43.705+0530] {logging_mixin.py:190} INFO - [2025-07-20T18:06:43.705+0530] {dag.py:4180} INFO - Setting next_dagrun for read_dataset_event_from_classic to 2025-07-19 00:00:00+00:00, run_after=2025-07-20 00:00:00+00:00
[2025-07-20T18:06:43.716+0530] {processor.py:208} INFO - Processing /Users/parth/Desktop/Engine/venv/lib/python3.11/site-packages/airflow/example_dags/example_inlet_event_extra.py took 0.138 seconds
[2025-07-20T18:23:52.776+0530] {processor.py:186} INFO - Started process (PID=55644) to work on /Users/parth/Desktop/Engine/venv/lib/python3.11/site-packages/airflow/example_dags/example_inlet_event_extra.py
[2025-07-20T18:23:52.777+0530] {processor.py:914} INFO - Processing file /Users/parth/Desktop/Engine/venv/lib/python3.11/site-packages/airflow/example_dags/example_inlet_event_extra.py for tasks to queue
[2025-07-20T18:23:52.777+0530] {logging_mixin.py:190} INFO - [2025-07-20T18:23:52.777+0530] {dagbag.py:588} INFO - Filling up the DagBag from /Users/parth/Desktop/Engine/venv/lib/python3.11/site-packages/airflow/example_dags/example_inlet_event_extra.py
[2025-07-20T18:23:52.832+0530] {processor.py:925} INFO - DAG(s) 'read_dataset_event', 'read_dataset_event_from_classic' retrieved from /Users/parth/Desktop/Engine/venv/lib/python3.11/site-packages/airflow/example_dags/example_inlet_event_extra.py
[2025-07-20T18:23:52.893+0530] {logging_mixin.py:190} INFO - [2025-07-20T18:23:52.893+0530] {dag.py:3239} INFO - Sync 2 DAGs
[2025-07-20T18:23:52.904+0530] {logging_mixin.py:190} INFO - [2025-07-20T18:23:52.904+0530] {dag.py:4180} INFO - Setting next_dagrun for read_dataset_event to 2025-07-19 00:00:00+00:00, run_after=2025-07-20 00:00:00+00:00
[2025-07-20T18:23:52.907+0530] {logging_mixin.py:190} INFO - [2025-07-20T18:23:52.907+0530] {dag.py:4180} INFO - Setting next_dagrun for read_dataset_event_from_classic to 2025-07-19 00:00:00+00:00, run_after=2025-07-20 00:00:00+00:00
[2025-07-20T18:23:52.917+0530] {processor.py:208} INFO - Processing /Users/parth/Desktop/Engine/venv/lib/python3.11/site-packages/airflow/example_dags/example_inlet_event_extra.py took 0.144 seconds
[2025-07-20T18:26:01.068+0530] {processor.py:186} INFO - Started process (PID=56471) to work on /Users/parth/Desktop/Engine/venv/lib/python3.11/site-packages/airflow/example_dags/example_inlet_event_extra.py
[2025-07-20T18:26:01.069+0530] {processor.py:914} INFO - Processing file /Users/parth/Desktop/Engine/venv/lib/python3.11/site-packages/airflow/example_dags/example_inlet_event_extra.py for tasks to queue
[2025-07-20T18:26:01.070+0530] {logging_mixin.py:190} INFO - [2025-07-20T18:26:01.070+0530] {dagbag.py:588} INFO - Filling up the DagBag from /Users/parth/Desktop/Engine/venv/lib/python3.11/site-packages/airflow/example_dags/example_inlet_event_extra.py
[2025-07-20T18:26:01.117+0530] {processor.py:925} INFO - DAG(s) 'read_dataset_event_from_classic', 'read_dataset_event' retrieved from /Users/parth/Desktop/Engine/venv/lib/python3.11/site-packages/airflow/example_dags/example_inlet_event_extra.py
[2025-07-20T18:26:01.178+0530] {logging_mixin.py:190} INFO - [2025-07-20T18:26:01.178+0530] {dag.py:3239} INFO - Sync 2 DAGs
[2025-07-20T18:26:01.190+0530] {logging_mixin.py:190} INFO - [2025-07-20T18:26:01.189+0530] {dag.py:4180} INFO - Setting next_dagrun for read_dataset_event to 2025-07-19 00:00:00+00:00, run_after=2025-07-20 00:00:00+00:00
[2025-07-20T18:26:01.192+0530] {logging_mixin.py:190} INFO - [2025-07-20T18:26:01.192+0530] {dag.py:4180} INFO - Setting next_dagrun for read_dataset_event_from_classic to 2025-07-19 00:00:00+00:00, run_after=2025-07-20 00:00:00+00:00
[2025-07-20T18:26:01.203+0530] {processor.py:208} INFO - Processing /Users/parth/Desktop/Engine/venv/lib/python3.11/site-packages/airflow/example_dags/example_inlet_event_extra.py took 0.138 seconds
[2025-07-20T18:29:42.290+0530] {processor.py:186} INFO - Started process (PID=57887) to work on /Users/parth/Desktop/Engine/venv/lib/python3.11/site-packages/airflow/example_dags/example_inlet_event_extra.py
[2025-07-20T18:29:42.291+0530] {processor.py:914} INFO - Processing file /Users/parth/Desktop/Engine/venv/lib/python3.11/site-packages/airflow/example_dags/example_inlet_event_extra.py for tasks to queue
[2025-07-20T18:29:42.291+0530] {logging_mixin.py:190} INFO - [2025-07-20T18:29:42.291+0530] {dagbag.py:588} INFO - Filling up the DagBag from /Users/parth/Desktop/Engine/venv/lib/python3.11/site-packages/airflow/example_dags/example_inlet_event_extra.py
[2025-07-20T18:29:42.345+0530] {processor.py:925} INFO - DAG(s) 'read_dataset_event', 'read_dataset_event_from_classic' retrieved from /Users/parth/Desktop/Engine/venv/lib/python3.11/site-packages/airflow/example_dags/example_inlet_event_extra.py
[2025-07-20T18:29:42.405+0530] {logging_mixin.py:190} INFO - [2025-07-20T18:29:42.405+0530] {dag.py:3239} INFO - Sync 2 DAGs
[2025-07-20T18:29:42.416+0530] {logging_mixin.py:190} INFO - [2025-07-20T18:29:42.416+0530] {dag.py:4180} INFO - Setting next_dagrun for read_dataset_event to 2025-07-19 00:00:00+00:00, run_after=2025-07-20 00:00:00+00:00
[2025-07-20T18:29:42.420+0530] {logging_mixin.py:190} INFO - [2025-07-20T18:29:42.420+0530] {dag.py:4180} INFO - Setting next_dagrun for read_dataset_event_from_classic to 2025-07-19 00:00:00+00:00, run_after=2025-07-20 00:00:00+00:00
[2025-07-20T18:29:42.430+0530] {processor.py:208} INFO - Processing /Users/parth/Desktop/Engine/venv/lib/python3.11/site-packages/airflow/example_dags/example_inlet_event_extra.py took 0.142 seconds
[2025-07-20T18:39:58.697+0530] {processor.py:186} INFO - Started process (PID=59259) to work on /Users/parth/Desktop/Engine/venv/lib/python3.11/site-packages/airflow/example_dags/example_inlet_event_extra.py
[2025-07-20T18:39:58.699+0530] {processor.py:914} INFO - Processing file /Users/parth/Desktop/Engine/venv/lib/python3.11/site-packages/airflow/example_dags/example_inlet_event_extra.py for tasks to queue
[2025-07-20T18:39:58.699+0530] {logging_mixin.py:190} INFO - [2025-07-20T18:39:58.699+0530] {dagbag.py:588} INFO - Filling up the DagBag from /Users/parth/Desktop/Engine/venv/lib/python3.11/site-packages/airflow/example_dags/example_inlet_event_extra.py
[2025-07-20T18:39:58.746+0530] {processor.py:925} INFO - DAG(s) 'read_dataset_event', 'read_dataset_event_from_classic' retrieved from /Users/parth/Desktop/Engine/venv/lib/python3.11/site-packages/airflow/example_dags/example_inlet_event_extra.py
[2025-07-20T18:39:58.806+0530] {logging_mixin.py:190} INFO - [2025-07-20T18:39:58.806+0530] {dag.py:3239} INFO - Sync 2 DAGs
[2025-07-20T18:39:58.818+0530] {logging_mixin.py:190} INFO - [2025-07-20T18:39:58.817+0530] {dag.py:4180} INFO - Setting next_dagrun for read_dataset_event to 2025-07-19 00:00:00+00:00, run_after=2025-07-20 00:00:00+00:00
[2025-07-20T18:39:58.820+0530] {logging_mixin.py:190} INFO - [2025-07-20T18:39:58.820+0530] {dag.py:4180} INFO - Setting next_dagrun for read_dataset_event_from_classic to 2025-07-19 00:00:00+00:00, run_after=2025-07-20 00:00:00+00:00
[2025-07-20T18:39:58.830+0530] {processor.py:208} INFO - Processing /Users/parth/Desktop/Engine/venv/lib/python3.11/site-packages/airflow/example_dags/example_inlet_event_extra.py took 0.135 seconds
[2025-07-20T18:53:46.711+0530] {processor.py:186} INFO - Started process (PID=60617) to work on /Users/parth/Desktop/Engine/venv/lib/python3.11/site-packages/airflow/example_dags/example_inlet_event_extra.py
[2025-07-20T18:53:46.713+0530] {processor.py:914} INFO - Processing file /Users/parth/Desktop/Engine/venv/lib/python3.11/site-packages/airflow/example_dags/example_inlet_event_extra.py for tasks to queue
[2025-07-20T18:53:46.713+0530] {logging_mixin.py:190} INFO - [2025-07-20T18:53:46.713+0530] {dagbag.py:588} INFO - Filling up the DagBag from /Users/parth/Desktop/Engine/venv/lib/python3.11/site-packages/airflow/example_dags/example_inlet_event_extra.py
[2025-07-20T18:53:46.760+0530] {processor.py:925} INFO - DAG(s) 'read_dataset_event', 'read_dataset_event_from_classic' retrieved from /Users/parth/Desktop/Engine/venv/lib/python3.11/site-packages/airflow/example_dags/example_inlet_event_extra.py
[2025-07-20T18:53:46.821+0530] {logging_mixin.py:190} INFO - [2025-07-20T18:53:46.820+0530] {dag.py:3239} INFO - Sync 2 DAGs
[2025-07-20T18:53:46.832+0530] {logging_mixin.py:190} INFO - [2025-07-20T18:53:46.832+0530] {dag.py:4180} INFO - Setting next_dagrun for read_dataset_event to 2025-07-19 00:00:00+00:00, run_after=2025-07-20 00:00:00+00:00
[2025-07-20T18:53:46.835+0530] {logging_mixin.py:190} INFO - [2025-07-20T18:53:46.835+0530] {dag.py:4180} INFO - Setting next_dagrun for read_dataset_event_from_classic to 2025-07-19 00:00:00+00:00, run_after=2025-07-20 00:00:00+00:00
[2025-07-20T18:53:46.845+0530] {processor.py:208} INFO - Processing /Users/parth/Desktop/Engine/venv/lib/python3.11/site-packages/airflow/example_dags/example_inlet_event_extra.py took 0.136 seconds
[2025-07-20T19:13:51.040+0530] {processor.py:186} INFO - Started process (PID=61994) to work on /Users/parth/Desktop/Engine/venv/lib/python3.11/site-packages/airflow/example_dags/example_inlet_event_extra.py
[2025-07-20T19:13:51.041+0530] {processor.py:914} INFO - Processing file /Users/parth/Desktop/Engine/venv/lib/python3.11/site-packages/airflow/example_dags/example_inlet_event_extra.py for tasks to queue
[2025-07-20T19:13:51.041+0530] {logging_mixin.py:190} INFO - [2025-07-20T19:13:51.041+0530] {dagbag.py:588} INFO - Filling up the DagBag from /Users/parth/Desktop/Engine/venv/lib/python3.11/site-packages/airflow/example_dags/example_inlet_event_extra.py
[2025-07-20T19:13:51.088+0530] {processor.py:925} INFO - DAG(s) 'read_dataset_event_from_classic', 'read_dataset_event' retrieved from /Users/parth/Desktop/Engine/venv/lib/python3.11/site-packages/airflow/example_dags/example_inlet_event_extra.py
[2025-07-20T19:13:51.148+0530] {logging_mixin.py:190} INFO - [2025-07-20T19:13:51.147+0530] {dag.py:3239} INFO - Sync 2 DAGs
[2025-07-20T19:13:51.159+0530] {logging_mixin.py:190} INFO - [2025-07-20T19:13:51.159+0530] {dag.py:4180} INFO - Setting next_dagrun for read_dataset_event to 2025-07-19 00:00:00+00:00, run_after=2025-07-20 00:00:00+00:00
[2025-07-20T19:13:51.162+0530] {logging_mixin.py:190} INFO - [2025-07-20T19:13:51.162+0530] {dag.py:4180} INFO - Setting next_dagrun for read_dataset_event_from_classic to 2025-07-19 00:00:00+00:00, run_after=2025-07-20 00:00:00+00:00
[2025-07-20T19:13:51.172+0530] {processor.py:208} INFO - Processing /Users/parth/Desktop/Engine/venv/lib/python3.11/site-packages/airflow/example_dags/example_inlet_event_extra.py took 0.135 seconds
