[2025-07-20T16:21:10.919+0530] {processor.py:186} INFO - Started process (PID=34969) to work on /Users/parth/Desktop/Engine/venv/lib/python3.11/site-packages/airflow/example_dags/example_kubernetes_executor.py
[2025-07-20T16:21:10.920+0530] {processor.py:914} INFO - Processing file /Users/parth/Desktop/Engine/venv/lib/python3.11/site-packages/airflow/example_dags/example_kubernetes_executor.py for tasks to queue
[2025-07-20T16:21:10.921+0530] {logging_mixin.py:190} INFO - [2025-07-20T16:21:10.921+0530] {dagbag.py:588} INFO - Filling up the DagBag from /Users/parth/Desktop/Engine/venv/lib/python3.11/site-packages/airflow/example_dags/example_kubernetes_executor.py
[2025-07-20T16:21:10.953+0530] {processor.py:925} INFO - DAG(s) 'example_kubernetes_executor' retrieved from /Users/parth/Desktop/Engine/venv/lib/python3.11/site-packages/airflow/example_dags/example_kubernetes_executor.py
[2025-07-20T16:21:11.018+0530] {logging_mixin.py:190} INFO - [2025-07-20T16:21:11.018+0530] {dag.py:3239} INFO - Sync 1 DAGs
[2025-07-20T16:21:11.025+0530] {logging_mixin.py:190} INFO - [2025-07-20T16:21:11.024+0530] {dag.py:4180} INFO - Setting next_dagrun for example_kubernetes_executor to None, run_after=None
[2025-07-20T16:21:11.036+0530] {processor.py:208} INFO - Processing /Users/parth/Desktop/Engine/venv/lib/python3.11/site-packages/airflow/example_dags/example_kubernetes_executor.py took 0.120 seconds
[2025-07-20T16:24:08.837+0530] {processor.py:186} INFO - Started process (PID=36197) to work on /Users/parth/Desktop/Engine/venv/lib/python3.11/site-packages/airflow/example_dags/example_kubernetes_executor.py
[2025-07-20T16:24:08.838+0530] {processor.py:914} INFO - Processing file /Users/parth/Desktop/Engine/venv/lib/python3.11/site-packages/airflow/example_dags/example_kubernetes_executor.py for tasks to queue
[2025-07-20T16:24:08.839+0530] {logging_mixin.py:190} INFO - [2025-07-20T16:24:08.839+0530] {dagbag.py:588} INFO - Filling up the DagBag from /Users/parth/Desktop/Engine/venv/lib/python3.11/site-packages/airflow/example_dags/example_kubernetes_executor.py
[2025-07-20T16:24:08.876+0530] {processor.py:925} INFO - DAG(s) 'example_kubernetes_executor' retrieved from /Users/parth/Desktop/Engine/venv/lib/python3.11/site-packages/airflow/example_dags/example_kubernetes_executor.py
[2025-07-20T16:24:08.963+0530] {logging_mixin.py:190} INFO - [2025-07-20T16:24:08.963+0530] {dag.py:3239} INFO - Sync 1 DAGs
[2025-07-20T16:24:08.975+0530] {logging_mixin.py:190} INFO - [2025-07-20T16:24:08.975+0530] {dag.py:4180} INFO - Setting next_dagrun for example_kubernetes_executor to None, run_after=None
[2025-07-20T16:24:08.999+0530] {processor.py:208} INFO - Processing /Users/parth/Desktop/Engine/venv/lib/python3.11/site-packages/airflow/example_dags/example_kubernetes_executor.py took 0.165 seconds
[2025-07-20T16:28:25.735+0530] {processor.py:186} INFO - Started process (PID=37950) to work on /Users/parth/Desktop/Engine/venv/lib/python3.11/site-packages/airflow/example_dags/example_kubernetes_executor.py
[2025-07-20T16:28:25.736+0530] {processor.py:914} INFO - Processing file /Users/parth/Desktop/Engine/venv/lib/python3.11/site-packages/airflow/example_dags/example_kubernetes_executor.py for tasks to queue
[2025-07-20T16:28:25.737+0530] {logging_mixin.py:190} INFO - [2025-07-20T16:28:25.737+0530] {dagbag.py:588} INFO - Filling up the DagBag from /Users/parth/Desktop/Engine/venv/lib/python3.11/site-packages/airflow/example_dags/example_kubernetes_executor.py
[2025-07-20T16:28:25.768+0530] {processor.py:925} INFO - DAG(s) 'example_kubernetes_executor' retrieved from /Users/parth/Desktop/Engine/venv/lib/python3.11/site-packages/airflow/example_dags/example_kubernetes_executor.py
[2025-07-20T16:28:25.833+0530] {logging_mixin.py:190} INFO - [2025-07-20T16:28:25.833+0530] {dag.py:3239} INFO - Sync 1 DAGs
[2025-07-20T16:28:25.840+0530] {logging_mixin.py:190} INFO - [2025-07-20T16:28:25.840+0530] {dag.py:4180} INFO - Setting next_dagrun for example_kubernetes_executor to None, run_after=None
[2025-07-20T16:28:25.852+0530] {processor.py:208} INFO - Processing /Users/parth/Desktop/Engine/venv/lib/python3.11/site-packages/airflow/example_dags/example_kubernetes_executor.py took 0.119 seconds
[2025-07-20T16:32:45.927+0530] {processor.py:186} INFO - Started process (PID=39849) to work on /Users/parth/Desktop/Engine/venv/lib/python3.11/site-packages/airflow/example_dags/example_kubernetes_executor.py
[2025-07-20T16:32:45.928+0530] {processor.py:914} INFO - Processing file /Users/parth/Desktop/Engine/venv/lib/python3.11/site-packages/airflow/example_dags/example_kubernetes_executor.py for tasks to queue
[2025-07-20T16:32:45.929+0530] {logging_mixin.py:190} INFO - [2025-07-20T16:32:45.929+0530] {dagbag.py:588} INFO - Filling up the DagBag from /Users/parth/Desktop/Engine/venv/lib/python3.11/site-packages/airflow/example_dags/example_kubernetes_executor.py
[2025-07-20T16:32:45.965+0530] {processor.py:925} INFO - DAG(s) 'example_kubernetes_executor' retrieved from /Users/parth/Desktop/Engine/venv/lib/python3.11/site-packages/airflow/example_dags/example_kubernetes_executor.py
[2025-07-20T16:32:46.032+0530] {logging_mixin.py:190} INFO - [2025-07-20T16:32:46.032+0530] {dag.py:3239} INFO - Sync 1 DAGs
[2025-07-20T16:32:46.039+0530] {logging_mixin.py:190} INFO - [2025-07-20T16:32:46.039+0530] {dag.py:4180} INFO - Setting next_dagrun for example_kubernetes_executor to None, run_after=None
[2025-07-20T16:32:46.051+0530] {processor.py:208} INFO - Processing /Users/parth/Desktop/Engine/venv/lib/python3.11/site-packages/airflow/example_dags/example_kubernetes_executor.py took 0.126 seconds
[2025-07-20T16:37:16.754+0530] {processor.py:186} INFO - Started process (PID=41708) to work on /Users/parth/Desktop/Engine/venv/lib/python3.11/site-packages/airflow/example_dags/example_kubernetes_executor.py
[2025-07-20T16:37:16.754+0530] {processor.py:914} INFO - Processing file /Users/parth/Desktop/Engine/venv/lib/python3.11/site-packages/airflow/example_dags/example_kubernetes_executor.py for tasks to queue
[2025-07-20T16:37:16.755+0530] {logging_mixin.py:190} INFO - [2025-07-20T16:37:16.755+0530] {dagbag.py:588} INFO - Filling up the DagBag from /Users/parth/Desktop/Engine/venv/lib/python3.11/site-packages/airflow/example_dags/example_kubernetes_executor.py
[2025-07-20T16:37:16.784+0530] {processor.py:925} INFO - DAG(s) 'example_kubernetes_executor' retrieved from /Users/parth/Desktop/Engine/venv/lib/python3.11/site-packages/airflow/example_dags/example_kubernetes_executor.py
[2025-07-20T16:37:16.847+0530] {logging_mixin.py:190} INFO - [2025-07-20T16:37:16.847+0530] {dag.py:3239} INFO - Sync 1 DAGs
[2025-07-20T16:37:16.855+0530] {logging_mixin.py:190} INFO - [2025-07-20T16:37:16.854+0530] {dag.py:4180} INFO - Setting next_dagrun for example_kubernetes_executor to None, run_after=None
[2025-07-20T16:37:16.866+0530] {processor.py:208} INFO - Processing /Users/parth/Desktop/Engine/venv/lib/python3.11/site-packages/airflow/example_dags/example_kubernetes_executor.py took 0.115 seconds
[2025-07-20T16:41:46.671+0530] {processor.py:186} INFO - Started process (PID=43469) to work on /Users/parth/Desktop/Engine/venv/lib/python3.11/site-packages/airflow/example_dags/example_kubernetes_executor.py
[2025-07-20T16:41:46.672+0530] {processor.py:914} INFO - Processing file /Users/parth/Desktop/Engine/venv/lib/python3.11/site-packages/airflow/example_dags/example_kubernetes_executor.py for tasks to queue
[2025-07-20T16:41:46.673+0530] {logging_mixin.py:190} INFO - [2025-07-20T16:41:46.673+0530] {dagbag.py:588} INFO - Filling up the DagBag from /Users/parth/Desktop/Engine/venv/lib/python3.11/site-packages/airflow/example_dags/example_kubernetes_executor.py
[2025-07-20T16:41:46.704+0530] {processor.py:925} INFO - DAG(s) 'example_kubernetes_executor' retrieved from /Users/parth/Desktop/Engine/venv/lib/python3.11/site-packages/airflow/example_dags/example_kubernetes_executor.py
[2025-07-20T16:41:46.768+0530] {logging_mixin.py:190} INFO - [2025-07-20T16:41:46.767+0530] {dag.py:3239} INFO - Sync 1 DAGs
[2025-07-20T16:41:46.774+0530] {logging_mixin.py:190} INFO - [2025-07-20T16:41:46.774+0530] {dag.py:4180} INFO - Setting next_dagrun for example_kubernetes_executor to None, run_after=None
[2025-07-20T16:41:46.785+0530] {processor.py:208} INFO - Processing /Users/parth/Desktop/Engine/venv/lib/python3.11/site-packages/airflow/example_dags/example_kubernetes_executor.py took 0.116 seconds
[2025-07-20T16:45:58.380+0530] {processor.py:186} INFO - Started process (PID=45093) to work on /Users/parth/Desktop/Engine/venv/lib/python3.11/site-packages/airflow/example_dags/example_kubernetes_executor.py
[2025-07-20T16:45:58.382+0530] {processor.py:914} INFO - Processing file /Users/parth/Desktop/Engine/venv/lib/python3.11/site-packages/airflow/example_dags/example_kubernetes_executor.py for tasks to queue
[2025-07-20T16:45:58.382+0530] {logging_mixin.py:190} INFO - [2025-07-20T16:45:58.382+0530] {dagbag.py:588} INFO - Filling up the DagBag from /Users/parth/Desktop/Engine/venv/lib/python3.11/site-packages/airflow/example_dags/example_kubernetes_executor.py
[2025-07-20T16:45:58.412+0530] {processor.py:925} INFO - DAG(s) 'example_kubernetes_executor' retrieved from /Users/parth/Desktop/Engine/venv/lib/python3.11/site-packages/airflow/example_dags/example_kubernetes_executor.py
[2025-07-20T16:45:58.476+0530] {logging_mixin.py:190} INFO - [2025-07-20T16:45:58.476+0530] {dag.py:3239} INFO - Sync 1 DAGs
[2025-07-20T16:45:58.483+0530] {logging_mixin.py:190} INFO - [2025-07-20T16:45:58.483+0530] {dag.py:4180} INFO - Setting next_dagrun for example_kubernetes_executor to None, run_after=None
[2025-07-20T16:45:58.494+0530] {processor.py:208} INFO - Processing /Users/parth/Desktop/Engine/venv/lib/python3.11/site-packages/airflow/example_dags/example_kubernetes_executor.py took 0.116 seconds
[2025-07-20T16:49:53.762+0530] {processor.py:186} INFO - Started process (PID=46643) to work on /Users/parth/Desktop/Engine/venv/lib/python3.11/site-packages/airflow/example_dags/example_kubernetes_executor.py
[2025-07-20T16:49:53.764+0530] {processor.py:914} INFO - Processing file /Users/parth/Desktop/Engine/venv/lib/python3.11/site-packages/airflow/example_dags/example_kubernetes_executor.py for tasks to queue
[2025-07-20T16:49:53.764+0530] {logging_mixin.py:190} INFO - [2025-07-20T16:49:53.764+0530] {dagbag.py:588} INFO - Filling up the DagBag from /Users/parth/Desktop/Engine/venv/lib/python3.11/site-packages/airflow/example_dags/example_kubernetes_executor.py
[2025-07-20T16:49:53.792+0530] {processor.py:925} INFO - DAG(s) 'example_kubernetes_executor' retrieved from /Users/parth/Desktop/Engine/venv/lib/python3.11/site-packages/airflow/example_dags/example_kubernetes_executor.py
[2025-07-20T16:49:53.854+0530] {logging_mixin.py:190} INFO - [2025-07-20T16:49:53.853+0530] {dag.py:3239} INFO - Sync 1 DAGs
[2025-07-20T16:49:53.860+0530] {logging_mixin.py:190} INFO - [2025-07-20T16:49:53.860+0530] {dag.py:4180} INFO - Setting next_dagrun for example_kubernetes_executor to None, run_after=None
[2025-07-20T16:49:53.871+0530] {processor.py:208} INFO - Processing /Users/parth/Desktop/Engine/venv/lib/python3.11/site-packages/airflow/example_dags/example_kubernetes_executor.py took 0.111 seconds
[2025-07-20T17:51:13.947+0530] {processor.py:186} INFO - Started process (PID=48173) to work on /Users/parth/Desktop/Engine/venv/lib/python3.11/site-packages/airflow/example_dags/example_kubernetes_executor.py
[2025-07-20T17:51:13.948+0530] {processor.py:914} INFO - Processing file /Users/parth/Desktop/Engine/venv/lib/python3.11/site-packages/airflow/example_dags/example_kubernetes_executor.py for tasks to queue
[2025-07-20T17:51:13.949+0530] {logging_mixin.py:190} INFO - [2025-07-20T17:51:13.949+0530] {dagbag.py:588} INFO - Filling up the DagBag from /Users/parth/Desktop/Engine/venv/lib/python3.11/site-packages/airflow/example_dags/example_kubernetes_executor.py
[2025-07-20T17:51:13.977+0530] {processor.py:925} INFO - DAG(s) 'example_kubernetes_executor' retrieved from /Users/parth/Desktop/Engine/venv/lib/python3.11/site-packages/airflow/example_dags/example_kubernetes_executor.py
[2025-07-20T17:51:14.038+0530] {logging_mixin.py:190} INFO - [2025-07-20T17:51:14.038+0530] {dag.py:3239} INFO - Sync 1 DAGs
[2025-07-20T17:51:14.044+0530] {logging_mixin.py:190} INFO - [2025-07-20T17:51:14.044+0530] {dag.py:4180} INFO - Setting next_dagrun for example_kubernetes_executor to None, run_after=None
[2025-07-20T17:51:14.056+0530] {processor.py:208} INFO - Processing /Users/parth/Desktop/Engine/venv/lib/python3.11/site-packages/airflow/example_dags/example_kubernetes_executor.py took 0.112 seconds
[2025-07-20T17:55:15.091+0530] {processor.py:186} INFO - Started process (PID=49743) to work on /Users/parth/Desktop/Engine/venv/lib/python3.11/site-packages/airflow/example_dags/example_kubernetes_executor.py
[2025-07-20T17:55:15.093+0530] {processor.py:914} INFO - Processing file /Users/parth/Desktop/Engine/venv/lib/python3.11/site-packages/airflow/example_dags/example_kubernetes_executor.py for tasks to queue
[2025-07-20T17:55:15.094+0530] {logging_mixin.py:190} INFO - [2025-07-20T17:55:15.094+0530] {dagbag.py:588} INFO - Filling up the DagBag from /Users/parth/Desktop/Engine/venv/lib/python3.11/site-packages/airflow/example_dags/example_kubernetes_executor.py
[2025-07-20T17:55:15.122+0530] {processor.py:925} INFO - DAG(s) 'example_kubernetes_executor' retrieved from /Users/parth/Desktop/Engine/venv/lib/python3.11/site-packages/airflow/example_dags/example_kubernetes_executor.py
[2025-07-20T17:55:15.184+0530] {logging_mixin.py:190} INFO - [2025-07-20T17:55:15.183+0530] {dag.py:3239} INFO - Sync 1 DAGs
[2025-07-20T17:55:15.190+0530] {logging_mixin.py:190} INFO - [2025-07-20T17:55:15.190+0530] {dag.py:4180} INFO - Setting next_dagrun for example_kubernetes_executor to None, run_after=None
[2025-07-20T17:55:15.202+0530] {processor.py:208} INFO - Processing /Users/parth/Desktop/Engine/venv/lib/python3.11/site-packages/airflow/example_dags/example_kubernetes_executor.py took 0.113 seconds
[2025-07-20T17:58:54.862+0530] {processor.py:186} INFO - Started process (PID=51153) to work on /Users/parth/Desktop/Engine/venv/lib/python3.11/site-packages/airflow/example_dags/example_kubernetes_executor.py
[2025-07-20T17:58:54.864+0530] {processor.py:914} INFO - Processing file /Users/parth/Desktop/Engine/venv/lib/python3.11/site-packages/airflow/example_dags/example_kubernetes_executor.py for tasks to queue
[2025-07-20T17:58:54.865+0530] {logging_mixin.py:190} INFO - [2025-07-20T17:58:54.864+0530] {dagbag.py:588} INFO - Filling up the DagBag from /Users/parth/Desktop/Engine/venv/lib/python3.11/site-packages/airflow/example_dags/example_kubernetes_executor.py
[2025-07-20T17:58:54.894+0530] {processor.py:925} INFO - DAG(s) 'example_kubernetes_executor' retrieved from /Users/parth/Desktop/Engine/venv/lib/python3.11/site-packages/airflow/example_dags/example_kubernetes_executor.py
[2025-07-20T17:58:54.955+0530] {logging_mixin.py:190} INFO - [2025-07-20T17:58:54.955+0530] {dag.py:3239} INFO - Sync 1 DAGs
[2025-07-20T17:58:54.962+0530] {logging_mixin.py:190} INFO - [2025-07-20T17:58:54.962+0530] {dag.py:4180} INFO - Setting next_dagrun for example_kubernetes_executor to None, run_after=None
[2025-07-20T17:58:54.973+0530] {processor.py:208} INFO - Processing /Users/parth/Desktop/Engine/venv/lib/python3.11/site-packages/airflow/example_dags/example_kubernetes_executor.py took 0.113 seconds
[2025-07-20T18:02:50.885+0530] {processor.py:186} INFO - Started process (PID=52663) to work on /Users/parth/Desktop/Engine/venv/lib/python3.11/site-packages/airflow/example_dags/example_kubernetes_executor.py
[2025-07-20T18:02:50.886+0530] {processor.py:914} INFO - Processing file /Users/parth/Desktop/Engine/venv/lib/python3.11/site-packages/airflow/example_dags/example_kubernetes_executor.py for tasks to queue
[2025-07-20T18:02:50.887+0530] {logging_mixin.py:190} INFO - [2025-07-20T18:02:50.887+0530] {dagbag.py:588} INFO - Filling up the DagBag from /Users/parth/Desktop/Engine/venv/lib/python3.11/site-packages/airflow/example_dags/example_kubernetes_executor.py
[2025-07-20T18:02:50.915+0530] {processor.py:925} INFO - DAG(s) 'example_kubernetes_executor' retrieved from /Users/parth/Desktop/Engine/venv/lib/python3.11/site-packages/airflow/example_dags/example_kubernetes_executor.py
[2025-07-20T18:02:50.978+0530] {logging_mixin.py:190} INFO - [2025-07-20T18:02:50.978+0530] {dag.py:3239} INFO - Sync 1 DAGs
[2025-07-20T18:02:50.985+0530] {logging_mixin.py:190} INFO - [2025-07-20T18:02:50.985+0530] {dag.py:4180} INFO - Setting next_dagrun for example_kubernetes_executor to None, run_after=None
[2025-07-20T18:02:50.997+0530] {processor.py:208} INFO - Processing /Users/parth/Desktop/Engine/venv/lib/python3.11/site-packages/airflow/example_dags/example_kubernetes_executor.py took 0.115 seconds
[2025-07-20T18:06:41.013+0530] {processor.py:186} INFO - Started process (PID=54141) to work on /Users/parth/Desktop/Engine/venv/lib/python3.11/site-packages/airflow/example_dags/example_kubernetes_executor.py
[2025-07-20T18:06:41.014+0530] {processor.py:914} INFO - Processing file /Users/parth/Desktop/Engine/venv/lib/python3.11/site-packages/airflow/example_dags/example_kubernetes_executor.py for tasks to queue
[2025-07-20T18:06:41.015+0530] {logging_mixin.py:190} INFO - [2025-07-20T18:06:41.015+0530] {dagbag.py:588} INFO - Filling up the DagBag from /Users/parth/Desktop/Engine/venv/lib/python3.11/site-packages/airflow/example_dags/example_kubernetes_executor.py
[2025-07-20T18:06:41.044+0530] {processor.py:925} INFO - DAG(s) 'example_kubernetes_executor' retrieved from /Users/parth/Desktop/Engine/venv/lib/python3.11/site-packages/airflow/example_dags/example_kubernetes_executor.py
[2025-07-20T18:06:41.106+0530] {logging_mixin.py:190} INFO - [2025-07-20T18:06:41.106+0530] {dag.py:3239} INFO - Sync 1 DAGs
[2025-07-20T18:06:41.112+0530] {logging_mixin.py:190} INFO - [2025-07-20T18:06:41.112+0530] {dag.py:4180} INFO - Setting next_dagrun for example_kubernetes_executor to None, run_after=None
[2025-07-20T18:06:41.123+0530] {processor.py:208} INFO - Processing /Users/parth/Desktop/Engine/venv/lib/python3.11/site-packages/airflow/example_dags/example_kubernetes_executor.py took 0.113 seconds
[2025-07-20T18:23:50.237+0530] {processor.py:186} INFO - Started process (PID=55618) to work on /Users/parth/Desktop/Engine/venv/lib/python3.11/site-packages/airflow/example_dags/example_kubernetes_executor.py
[2025-07-20T18:23:50.238+0530] {processor.py:914} INFO - Processing file /Users/parth/Desktop/Engine/venv/lib/python3.11/site-packages/airflow/example_dags/example_kubernetes_executor.py for tasks to queue
[2025-07-20T18:23:50.239+0530] {logging_mixin.py:190} INFO - [2025-07-20T18:23:50.239+0530] {dagbag.py:588} INFO - Filling up the DagBag from /Users/parth/Desktop/Engine/venv/lib/python3.11/site-packages/airflow/example_dags/example_kubernetes_executor.py
[2025-07-20T18:23:50.272+0530] {processor.py:925} INFO - DAG(s) 'example_kubernetes_executor' retrieved from /Users/parth/Desktop/Engine/venv/lib/python3.11/site-packages/airflow/example_dags/example_kubernetes_executor.py
[2025-07-20T18:23:50.334+0530] {logging_mixin.py:190} INFO - [2025-07-20T18:23:50.334+0530] {dag.py:3239} INFO - Sync 1 DAGs
[2025-07-20T18:23:50.341+0530] {logging_mixin.py:190} INFO - [2025-07-20T18:23:50.341+0530] {dag.py:4180} INFO - Setting next_dagrun for example_kubernetes_executor to None, run_after=None
[2025-07-20T18:23:50.352+0530] {processor.py:208} INFO - Processing /Users/parth/Desktop/Engine/venv/lib/python3.11/site-packages/airflow/example_dags/example_kubernetes_executor.py took 0.117 seconds
[2025-07-20T18:25:58.561+0530] {processor.py:186} INFO - Started process (PID=56458) to work on /Users/parth/Desktop/Engine/venv/lib/python3.11/site-packages/airflow/example_dags/example_kubernetes_executor.py
[2025-07-20T18:25:58.562+0530] {processor.py:914} INFO - Processing file /Users/parth/Desktop/Engine/venv/lib/python3.11/site-packages/airflow/example_dags/example_kubernetes_executor.py for tasks to queue
[2025-07-20T18:25:58.562+0530] {logging_mixin.py:190} INFO - [2025-07-20T18:25:58.562+0530] {dagbag.py:588} INFO - Filling up the DagBag from /Users/parth/Desktop/Engine/venv/lib/python3.11/site-packages/airflow/example_dags/example_kubernetes_executor.py
[2025-07-20T18:25:58.591+0530] {processor.py:925} INFO - DAG(s) 'example_kubernetes_executor' retrieved from /Users/parth/Desktop/Engine/venv/lib/python3.11/site-packages/airflow/example_dags/example_kubernetes_executor.py
[2025-07-20T18:25:58.653+0530] {logging_mixin.py:190} INFO - [2025-07-20T18:25:58.653+0530] {dag.py:3239} INFO - Sync 1 DAGs
[2025-07-20T18:25:58.659+0530] {logging_mixin.py:190} INFO - [2025-07-20T18:25:58.659+0530] {dag.py:4180} INFO - Setting next_dagrun for example_kubernetes_executor to None, run_after=None
[2025-07-20T18:25:58.670+0530] {processor.py:208} INFO - Processing /Users/parth/Desktop/Engine/venv/lib/python3.11/site-packages/airflow/example_dags/example_kubernetes_executor.py took 0.111 seconds
[2025-07-20T18:29:39.746+0530] {processor.py:186} INFO - Started process (PID=57874) to work on /Users/parth/Desktop/Engine/venv/lib/python3.11/site-packages/airflow/example_dags/example_kubernetes_executor.py
[2025-07-20T18:29:39.747+0530] {processor.py:914} INFO - Processing file /Users/parth/Desktop/Engine/venv/lib/python3.11/site-packages/airflow/example_dags/example_kubernetes_executor.py for tasks to queue
[2025-07-20T18:29:39.748+0530] {logging_mixin.py:190} INFO - [2025-07-20T18:29:39.748+0530] {dagbag.py:588} INFO - Filling up the DagBag from /Users/parth/Desktop/Engine/venv/lib/python3.11/site-packages/airflow/example_dags/example_kubernetes_executor.py
[2025-07-20T18:29:39.776+0530] {processor.py:925} INFO - DAG(s) 'example_kubernetes_executor' retrieved from /Users/parth/Desktop/Engine/venv/lib/python3.11/site-packages/airflow/example_dags/example_kubernetes_executor.py
[2025-07-20T18:29:39.838+0530] {logging_mixin.py:190} INFO - [2025-07-20T18:29:39.838+0530] {dag.py:3239} INFO - Sync 1 DAGs
[2025-07-20T18:29:39.844+0530] {logging_mixin.py:190} INFO - [2025-07-20T18:29:39.844+0530] {dag.py:4180} INFO - Setting next_dagrun for example_kubernetes_executor to None, run_after=None
[2025-07-20T18:29:39.855+0530] {processor.py:208} INFO - Processing /Users/parth/Desktop/Engine/venv/lib/python3.11/site-packages/airflow/example_dags/example_kubernetes_executor.py took 0.111 seconds
[2025-07-20T18:39:57.154+0530] {processor.py:186} INFO - Started process (PID=59257) to work on /Users/parth/Desktop/Engine/venv/lib/python3.11/site-packages/airflow/example_dags/example_kubernetes_executor.py
[2025-07-20T18:39:57.156+0530] {processor.py:914} INFO - Processing file /Users/parth/Desktop/Engine/venv/lib/python3.11/site-packages/airflow/example_dags/example_kubernetes_executor.py for tasks to queue
[2025-07-20T18:39:57.156+0530] {logging_mixin.py:190} INFO - [2025-07-20T18:39:57.156+0530] {dagbag.py:588} INFO - Filling up the DagBag from /Users/parth/Desktop/Engine/venv/lib/python3.11/site-packages/airflow/example_dags/example_kubernetes_executor.py
[2025-07-20T18:39:57.184+0530] {processor.py:925} INFO - DAG(s) 'example_kubernetes_executor' retrieved from /Users/parth/Desktop/Engine/venv/lib/python3.11/site-packages/airflow/example_dags/example_kubernetes_executor.py
[2025-07-20T18:39:57.246+0530] {logging_mixin.py:190} INFO - [2025-07-20T18:39:57.245+0530] {dag.py:3239} INFO - Sync 1 DAGs
[2025-07-20T18:39:57.252+0530] {logging_mixin.py:190} INFO - [2025-07-20T18:39:57.252+0530] {dag.py:4180} INFO - Setting next_dagrun for example_kubernetes_executor to None, run_after=None
[2025-07-20T18:39:57.263+0530] {processor.py:208} INFO - Processing /Users/parth/Desktop/Engine/venv/lib/python3.11/site-packages/airflow/example_dags/example_kubernetes_executor.py took 0.111 seconds
[2025-07-20T18:53:44.221+0530] {processor.py:186} INFO - Started process (PID=60604) to work on /Users/parth/Desktop/Engine/venv/lib/python3.11/site-packages/airflow/example_dags/example_kubernetes_executor.py
[2025-07-20T18:53:44.223+0530] {processor.py:914} INFO - Processing file /Users/parth/Desktop/Engine/venv/lib/python3.11/site-packages/airflow/example_dags/example_kubernetes_executor.py for tasks to queue
[2025-07-20T18:53:44.223+0530] {logging_mixin.py:190} INFO - [2025-07-20T18:53:44.223+0530] {dagbag.py:588} INFO - Filling up the DagBag from /Users/parth/Desktop/Engine/venv/lib/python3.11/site-packages/airflow/example_dags/example_kubernetes_executor.py
[2025-07-20T18:53:44.251+0530] {processor.py:925} INFO - DAG(s) 'example_kubernetes_executor' retrieved from /Users/parth/Desktop/Engine/venv/lib/python3.11/site-packages/airflow/example_dags/example_kubernetes_executor.py
[2025-07-20T18:53:44.313+0530] {logging_mixin.py:190} INFO - [2025-07-20T18:53:44.313+0530] {dag.py:3239} INFO - Sync 1 DAGs
[2025-07-20T18:53:44.319+0530] {logging_mixin.py:190} INFO - [2025-07-20T18:53:44.319+0530] {dag.py:4180} INFO - Setting next_dagrun for example_kubernetes_executor to None, run_after=None
[2025-07-20T18:53:44.330+0530] {processor.py:208} INFO - Processing /Users/parth/Desktop/Engine/venv/lib/python3.11/site-packages/airflow/example_dags/example_kubernetes_executor.py took 0.111 seconds
[2025-07-20T19:13:48.553+0530] {processor.py:186} INFO - Started process (PID=61981) to work on /Users/parth/Desktop/Engine/venv/lib/python3.11/site-packages/airflow/example_dags/example_kubernetes_executor.py
[2025-07-20T19:13:48.554+0530] {processor.py:914} INFO - Processing file /Users/parth/Desktop/Engine/venv/lib/python3.11/site-packages/airflow/example_dags/example_kubernetes_executor.py for tasks to queue
[2025-07-20T19:13:48.555+0530] {logging_mixin.py:190} INFO - [2025-07-20T19:13:48.555+0530] {dagbag.py:588} INFO - Filling up the DagBag from /Users/parth/Desktop/Engine/venv/lib/python3.11/site-packages/airflow/example_dags/example_kubernetes_executor.py
[2025-07-20T19:13:48.582+0530] {processor.py:925} INFO - DAG(s) 'example_kubernetes_executor' retrieved from /Users/parth/Desktop/Engine/venv/lib/python3.11/site-packages/airflow/example_dags/example_kubernetes_executor.py
[2025-07-20T19:13:48.644+0530] {logging_mixin.py:190} INFO - [2025-07-20T19:13:48.644+0530] {dag.py:3239} INFO - Sync 1 DAGs
[2025-07-20T19:13:48.650+0530] {logging_mixin.py:190} INFO - [2025-07-20T19:13:48.650+0530] {dag.py:4180} INFO - Setting next_dagrun for example_kubernetes_executor to None, run_after=None
[2025-07-20T19:13:48.661+0530] {processor.py:208} INFO - Processing /Users/parth/Desktop/Engine/venv/lib/python3.11/site-packages/airflow/example_dags/example_kubernetes_executor.py took 0.110 seconds
