[2025-07-20T16:20:35.997+0530] {processor.py:186} INFO - Started process (PID=34729) to work on /Users/parth/Desktop/Engine/venv/lib/python3.11/site-packages/airflow/example_dags/example_setup_teardown_taskflow.py
[2025-07-20T16:20:35.998+0530] {processor.py:914} INFO - Processing file /Users/parth/Desktop/Engine/venv/lib/python3.11/site-packages/airflow/example_dags/example_setup_teardown_taskflow.py for tasks to queue
[2025-07-20T16:20:35.999+0530] {logging_mixin.py:190} INFO - [2025-07-20T16:20:35.998+0530] {dagbag.py:588} INFO - Filling up the DagBag from /Users/parth/Desktop/Engine/venv/lib/python3.11/site-packages/airflow/example_dags/example_setup_teardown_taskflow.py
[2025-07-20T16:20:36.026+0530] {processor.py:925} INFO - DAG(s) 'example_setup_teardown_taskflow' retrieved from /Users/parth/Desktop/Engine/venv/lib/python3.11/site-packages/airflow/example_dags/example_setup_teardown_taskflow.py
[2025-07-20T16:20:36.087+0530] {logging_mixin.py:190} INFO - [2025-07-20T16:20:36.087+0530] {dag.py:3239} INFO - Sync 1 DAGs
[2025-07-20T16:20:36.093+0530] {logging_mixin.py:190} INFO - [2025-07-20T16:20:36.093+0530] {dag.py:4180} INFO - Setting next_dagrun for example_setup_teardown_taskflow to None, run_after=None
[2025-07-20T16:20:36.104+0530] {processor.py:208} INFO - Processing /Users/parth/Desktop/Engine/venv/lib/python3.11/site-packages/airflow/example_dags/example_setup_teardown_taskflow.py took 0.109 seconds
[2025-07-20T16:23:26.124+0530] {processor.py:186} INFO - Started process (PID=35886) to work on /Users/parth/Desktop/Engine/venv/lib/python3.11/site-packages/airflow/example_dags/example_setup_teardown_taskflow.py
[2025-07-20T16:23:26.125+0530] {processor.py:914} INFO - Processing file /Users/parth/Desktop/Engine/venv/lib/python3.11/site-packages/airflow/example_dags/example_setup_teardown_taskflow.py for tasks to queue
[2025-07-20T16:23:26.125+0530] {logging_mixin.py:190} INFO - [2025-07-20T16:23:26.125+0530] {dagbag.py:588} INFO - Filling up the DagBag from /Users/parth/Desktop/Engine/venv/lib/python3.11/site-packages/airflow/example_dags/example_setup_teardown_taskflow.py
[2025-07-20T16:23:26.154+0530] {processor.py:925} INFO - DAG(s) 'example_setup_teardown_taskflow' retrieved from /Users/parth/Desktop/Engine/venv/lib/python3.11/site-packages/airflow/example_dags/example_setup_teardown_taskflow.py
[2025-07-20T16:23:26.218+0530] {logging_mixin.py:190} INFO - [2025-07-20T16:23:26.218+0530] {dag.py:3239} INFO - Sync 1 DAGs
[2025-07-20T16:23:26.226+0530] {logging_mixin.py:190} INFO - [2025-07-20T16:23:26.226+0530] {dag.py:4180} INFO - Setting next_dagrun for example_setup_teardown_taskflow to None, run_after=None
[2025-07-20T16:23:26.240+0530] {processor.py:208} INFO - Processing /Users/parth/Desktop/Engine/venv/lib/python3.11/site-packages/airflow/example_dags/example_setup_teardown_taskflow.py took 0.119 seconds
[2025-07-20T16:25:44.960+0530] {processor.py:186} INFO - Started process (PID=36876) to work on /Users/parth/Desktop/Engine/venv/lib/python3.11/site-packages/airflow/example_dags/example_setup_teardown_taskflow.py
[2025-07-20T16:25:44.961+0530] {processor.py:914} INFO - Processing file /Users/parth/Desktop/Engine/venv/lib/python3.11/site-packages/airflow/example_dags/example_setup_teardown_taskflow.py for tasks to queue
[2025-07-20T16:25:44.962+0530] {logging_mixin.py:190} INFO - [2025-07-20T16:25:44.962+0530] {dagbag.py:588} INFO - Filling up the DagBag from /Users/parth/Desktop/Engine/venv/lib/python3.11/site-packages/airflow/example_dags/example_setup_teardown_taskflow.py
[2025-07-20T16:25:44.991+0530] {processor.py:925} INFO - DAG(s) 'example_setup_teardown_taskflow' retrieved from /Users/parth/Desktop/Engine/venv/lib/python3.11/site-packages/airflow/example_dags/example_setup_teardown_taskflow.py
[2025-07-20T16:25:45.058+0530] {logging_mixin.py:190} INFO - [2025-07-20T16:25:45.058+0530] {dag.py:3239} INFO - Sync 1 DAGs
[2025-07-20T16:25:45.065+0530] {logging_mixin.py:190} INFO - [2025-07-20T16:25:45.065+0530] {dag.py:4180} INFO - Setting next_dagrun for example_setup_teardown_taskflow to None, run_after=None
[2025-07-20T16:25:45.078+0530] {processor.py:208} INFO - Processing /Users/parth/Desktop/Engine/venv/lib/python3.11/site-packages/airflow/example_dags/example_setup_teardown_taskflow.py took 0.120 seconds
[2025-07-20T16:27:51.586+0530] {processor.py:186} INFO - Started process (PID=37715) to work on /Users/parth/Desktop/Engine/venv/lib/python3.11/site-packages/airflow/example_dags/example_setup_teardown_taskflow.py
[2025-07-20T16:27:51.587+0530] {processor.py:914} INFO - Processing file /Users/parth/Desktop/Engine/venv/lib/python3.11/site-packages/airflow/example_dags/example_setup_teardown_taskflow.py for tasks to queue
[2025-07-20T16:27:51.588+0530] {logging_mixin.py:190} INFO - [2025-07-20T16:27:51.587+0530] {dagbag.py:588} INFO - Filling up the DagBag from /Users/parth/Desktop/Engine/venv/lib/python3.11/site-packages/airflow/example_dags/example_setup_teardown_taskflow.py
[2025-07-20T16:27:51.615+0530] {processor.py:925} INFO - DAG(s) 'example_setup_teardown_taskflow' retrieved from /Users/parth/Desktop/Engine/venv/lib/python3.11/site-packages/airflow/example_dags/example_setup_teardown_taskflow.py
[2025-07-20T16:27:51.676+0530] {logging_mixin.py:190} INFO - [2025-07-20T16:27:51.676+0530] {dag.py:3239} INFO - Sync 1 DAGs
[2025-07-20T16:27:51.683+0530] {logging_mixin.py:190} INFO - [2025-07-20T16:27:51.682+0530] {dag.py:4180} INFO - Setting next_dagrun for example_setup_teardown_taskflow to None, run_after=None
[2025-07-20T16:27:51.694+0530] {processor.py:208} INFO - Processing /Users/parth/Desktop/Engine/venv/lib/python3.11/site-packages/airflow/example_dags/example_setup_teardown_taskflow.py took 0.110 seconds
[2025-07-20T16:29:58.592+0530] {processor.py:186} INFO - Started process (PID=38624) to work on /Users/parth/Desktop/Engine/venv/lib/python3.11/site-packages/airflow/example_dags/example_setup_teardown_taskflow.py
[2025-07-20T16:29:58.594+0530] {processor.py:914} INFO - Processing file /Users/parth/Desktop/Engine/venv/lib/python3.11/site-packages/airflow/example_dags/example_setup_teardown_taskflow.py for tasks to queue
[2025-07-20T16:29:58.595+0530] {logging_mixin.py:190} INFO - [2025-07-20T16:29:58.594+0530] {dagbag.py:588} INFO - Filling up the DagBag from /Users/parth/Desktop/Engine/venv/lib/python3.11/site-packages/airflow/example_dags/example_setup_teardown_taskflow.py
[2025-07-20T16:29:58.623+0530] {processor.py:925} INFO - DAG(s) 'example_setup_teardown_taskflow' retrieved from /Users/parth/Desktop/Engine/venv/lib/python3.11/site-packages/airflow/example_dags/example_setup_teardown_taskflow.py
[2025-07-20T16:29:58.686+0530] {logging_mixin.py:190} INFO - [2025-07-20T16:29:58.686+0530] {dag.py:3239} INFO - Sync 1 DAGs
[2025-07-20T16:29:58.693+0530] {logging_mixin.py:190} INFO - [2025-07-20T16:29:58.692+0530] {dag.py:4180} INFO - Setting next_dagrun for example_setup_teardown_taskflow to None, run_after=None
[2025-07-20T16:29:58.704+0530] {processor.py:208} INFO - Processing /Users/parth/Desktop/Engine/venv/lib/python3.11/site-packages/airflow/example_dags/example_setup_teardown_taskflow.py took 0.115 seconds
[2025-07-20T16:32:07.314+0530] {processor.py:186} INFO - Started process (PID=39571) to work on /Users/parth/Desktop/Engine/venv/lib/python3.11/site-packages/airflow/example_dags/example_setup_teardown_taskflow.py
[2025-07-20T16:32:07.315+0530] {processor.py:914} INFO - Processing file /Users/parth/Desktop/Engine/venv/lib/python3.11/site-packages/airflow/example_dags/example_setup_teardown_taskflow.py for tasks to queue
[2025-07-20T16:32:07.316+0530] {logging_mixin.py:190} INFO - [2025-07-20T16:32:07.316+0530] {dagbag.py:588} INFO - Filling up the DagBag from /Users/parth/Desktop/Engine/venv/lib/python3.11/site-packages/airflow/example_dags/example_setup_teardown_taskflow.py
[2025-07-20T16:32:07.344+0530] {processor.py:925} INFO - DAG(s) 'example_setup_teardown_taskflow' retrieved from /Users/parth/Desktop/Engine/venv/lib/python3.11/site-packages/airflow/example_dags/example_setup_teardown_taskflow.py
[2025-07-20T16:32:07.406+0530] {logging_mixin.py:190} INFO - [2025-07-20T16:32:07.406+0530] {dag.py:3239} INFO - Sync 1 DAGs
[2025-07-20T16:32:07.413+0530] {logging_mixin.py:190} INFO - [2025-07-20T16:32:07.413+0530] {dag.py:4180} INFO - Setting next_dagrun for example_setup_teardown_taskflow to None, run_after=None
[2025-07-20T16:32:07.424+0530] {processor.py:208} INFO - Processing /Users/parth/Desktop/Engine/venv/lib/python3.11/site-packages/airflow/example_dags/example_setup_teardown_taskflow.py took 0.113 seconds
[2025-07-20T16:34:26.578+0530] {processor.py:186} INFO - Started process (PID=40630) to work on /Users/parth/Desktop/Engine/venv/lib/python3.11/site-packages/airflow/example_dags/example_setup_teardown_taskflow.py
[2025-07-20T16:34:26.579+0530] {processor.py:914} INFO - Processing file /Users/parth/Desktop/Engine/venv/lib/python3.11/site-packages/airflow/example_dags/example_setup_teardown_taskflow.py for tasks to queue
[2025-07-20T16:34:26.580+0530] {logging_mixin.py:190} INFO - [2025-07-20T16:34:26.580+0530] {dagbag.py:588} INFO - Filling up the DagBag from /Users/parth/Desktop/Engine/venv/lib/python3.11/site-packages/airflow/example_dags/example_setup_teardown_taskflow.py
[2025-07-20T16:34:26.608+0530] {processor.py:925} INFO - DAG(s) 'example_setup_teardown_taskflow' retrieved from /Users/parth/Desktop/Engine/venv/lib/python3.11/site-packages/airflow/example_dags/example_setup_teardown_taskflow.py
[2025-07-20T16:34:26.673+0530] {logging_mixin.py:190} INFO - [2025-07-20T16:34:26.673+0530] {dag.py:3239} INFO - Sync 1 DAGs
[2025-07-20T16:34:26.681+0530] {logging_mixin.py:190} INFO - [2025-07-20T16:34:26.681+0530] {dag.py:4180} INFO - Setting next_dagrun for example_setup_teardown_taskflow to None, run_after=None
[2025-07-20T16:34:26.694+0530] {processor.py:208} INFO - Processing /Users/parth/Desktop/Engine/venv/lib/python3.11/site-packages/airflow/example_dags/example_setup_teardown_taskflow.py took 0.118 seconds
[2025-07-20T16:36:38.477+0530] {processor.py:186} INFO - Started process (PID=41466) to work on /Users/parth/Desktop/Engine/venv/lib/python3.11/site-packages/airflow/example_dags/example_setup_teardown_taskflow.py
[2025-07-20T16:36:38.478+0530] {processor.py:914} INFO - Processing file /Users/parth/Desktop/Engine/venv/lib/python3.11/site-packages/airflow/example_dags/example_setup_teardown_taskflow.py for tasks to queue
[2025-07-20T16:36:38.479+0530] {logging_mixin.py:190} INFO - [2025-07-20T16:36:38.478+0530] {dagbag.py:588} INFO - Filling up the DagBag from /Users/parth/Desktop/Engine/venv/lib/python3.11/site-packages/airflow/example_dags/example_setup_teardown_taskflow.py
[2025-07-20T16:36:38.506+0530] {processor.py:925} INFO - DAG(s) 'example_setup_teardown_taskflow' retrieved from /Users/parth/Desktop/Engine/venv/lib/python3.11/site-packages/airflow/example_dags/example_setup_teardown_taskflow.py
[2025-07-20T16:36:38.571+0530] {logging_mixin.py:190} INFO - [2025-07-20T16:36:38.570+0530] {dag.py:3239} INFO - Sync 1 DAGs
[2025-07-20T16:36:38.578+0530] {logging_mixin.py:190} INFO - [2025-07-20T16:36:38.578+0530] {dag.py:4180} INFO - Setting next_dagrun for example_setup_teardown_taskflow to None, run_after=None
[2025-07-20T16:36:38.589+0530] {processor.py:208} INFO - Processing /Users/parth/Desktop/Engine/venv/lib/python3.11/site-packages/airflow/example_dags/example_setup_teardown_taskflow.py took 0.115 seconds
[2025-07-20T16:39:00.483+0530] {processor.py:186} INFO - Started process (PID=42419) to work on /Users/parth/Desktop/Engine/venv/lib/python3.11/site-packages/airflow/example_dags/example_setup_teardown_taskflow.py
[2025-07-20T16:39:00.484+0530] {processor.py:914} INFO - Processing file /Users/parth/Desktop/Engine/venv/lib/python3.11/site-packages/airflow/example_dags/example_setup_teardown_taskflow.py for tasks to queue
[2025-07-20T16:39:00.484+0530] {logging_mixin.py:190} INFO - [2025-07-20T16:39:00.484+0530] {dagbag.py:588} INFO - Filling up the DagBag from /Users/parth/Desktop/Engine/venv/lib/python3.11/site-packages/airflow/example_dags/example_setup_teardown_taskflow.py
[2025-07-20T16:39:00.512+0530] {processor.py:925} INFO - DAG(s) 'example_setup_teardown_taskflow' retrieved from /Users/parth/Desktop/Engine/venv/lib/python3.11/site-packages/airflow/example_dags/example_setup_teardown_taskflow.py
[2025-07-20T16:39:00.575+0530] {logging_mixin.py:190} INFO - [2025-07-20T16:39:00.575+0530] {dag.py:3239} INFO - Sync 1 DAGs
[2025-07-20T16:39:00.582+0530] {logging_mixin.py:190} INFO - [2025-07-20T16:39:00.582+0530] {dag.py:4180} INFO - Setting next_dagrun for example_setup_teardown_taskflow to None, run_after=None
[2025-07-20T16:39:00.594+0530] {processor.py:208} INFO - Processing /Users/parth/Desktop/Engine/venv/lib/python3.11/site-packages/airflow/example_dags/example_setup_teardown_taskflow.py took 0.113 seconds
[2025-07-20T16:41:09.458+0530] {processor.py:186} INFO - Started process (PID=43240) to work on /Users/parth/Desktop/Engine/venv/lib/python3.11/site-packages/airflow/example_dags/example_setup_teardown_taskflow.py
[2025-07-20T16:41:09.459+0530] {processor.py:914} INFO - Processing file /Users/parth/Desktop/Engine/venv/lib/python3.11/site-packages/airflow/example_dags/example_setup_teardown_taskflow.py for tasks to queue
[2025-07-20T16:41:09.459+0530] {logging_mixin.py:190} INFO - [2025-07-20T16:41:09.459+0530] {dagbag.py:588} INFO - Filling up the DagBag from /Users/parth/Desktop/Engine/venv/lib/python3.11/site-packages/airflow/example_dags/example_setup_teardown_taskflow.py
[2025-07-20T16:41:09.486+0530] {processor.py:925} INFO - DAG(s) 'example_setup_teardown_taskflow' retrieved from /Users/parth/Desktop/Engine/venv/lib/python3.11/site-packages/airflow/example_dags/example_setup_teardown_taskflow.py
[2025-07-20T16:41:09.549+0530] {logging_mixin.py:190} INFO - [2025-07-20T16:41:09.548+0530] {dag.py:3239} INFO - Sync 1 DAGs
[2025-07-20T16:41:09.556+0530] {logging_mixin.py:190} INFO - [2025-07-20T16:41:09.555+0530] {dag.py:4180} INFO - Setting next_dagrun for example_setup_teardown_taskflow to None, run_after=None
[2025-07-20T16:41:09.567+0530] {processor.py:208} INFO - Processing /Users/parth/Desktop/Engine/venv/lib/python3.11/site-packages/airflow/example_dags/example_setup_teardown_taskflow.py took 0.112 seconds
[2025-07-20T16:43:18.055+0530] {processor.py:186} INFO - Started process (PID=44046) to work on /Users/parth/Desktop/Engine/venv/lib/python3.11/site-packages/airflow/example_dags/example_setup_teardown_taskflow.py
[2025-07-20T16:43:18.055+0530] {processor.py:914} INFO - Processing file /Users/parth/Desktop/Engine/venv/lib/python3.11/site-packages/airflow/example_dags/example_setup_teardown_taskflow.py for tasks to queue
[2025-07-20T16:43:18.056+0530] {logging_mixin.py:190} INFO - [2025-07-20T16:43:18.056+0530] {dagbag.py:588} INFO - Filling up the DagBag from /Users/parth/Desktop/Engine/venv/lib/python3.11/site-packages/airflow/example_dags/example_setup_teardown_taskflow.py
[2025-07-20T16:43:18.082+0530] {processor.py:925} INFO - DAG(s) 'example_setup_teardown_taskflow' retrieved from /Users/parth/Desktop/Engine/venv/lib/python3.11/site-packages/airflow/example_dags/example_setup_teardown_taskflow.py
[2025-07-20T16:43:18.142+0530] {logging_mixin.py:190} INFO - [2025-07-20T16:43:18.142+0530] {dag.py:3239} INFO - Sync 1 DAGs
[2025-07-20T16:43:18.149+0530] {logging_mixin.py:190} INFO - [2025-07-20T16:43:18.148+0530] {dag.py:4180} INFO - Setting next_dagrun for example_setup_teardown_taskflow to None, run_after=None
[2025-07-20T16:43:18.159+0530] {processor.py:208} INFO - Processing /Users/parth/Desktop/Engine/venv/lib/python3.11/site-packages/airflow/example_dags/example_setup_teardown_taskflow.py took 0.107 seconds
[2025-07-20T16:45:24.218+0530] {processor.py:186} INFO - Started process (PID=44872) to work on /Users/parth/Desktop/Engine/venv/lib/python3.11/site-packages/airflow/example_dags/example_setup_teardown_taskflow.py
[2025-07-20T16:45:24.219+0530] {processor.py:914} INFO - Processing file /Users/parth/Desktop/Engine/venv/lib/python3.11/site-packages/airflow/example_dags/example_setup_teardown_taskflow.py for tasks to queue
[2025-07-20T16:45:24.219+0530] {logging_mixin.py:190} INFO - [2025-07-20T16:45:24.219+0530] {dagbag.py:588} INFO - Filling up the DagBag from /Users/parth/Desktop/Engine/venv/lib/python3.11/site-packages/airflow/example_dags/example_setup_teardown_taskflow.py
[2025-07-20T16:45:24.246+0530] {processor.py:925} INFO - DAG(s) 'example_setup_teardown_taskflow' retrieved from /Users/parth/Desktop/Engine/venv/lib/python3.11/site-packages/airflow/example_dags/example_setup_teardown_taskflow.py
[2025-07-20T16:45:24.307+0530] {logging_mixin.py:190} INFO - [2025-07-20T16:45:24.307+0530] {dag.py:3239} INFO - Sync 1 DAGs
[2025-07-20T16:45:24.313+0530] {logging_mixin.py:190} INFO - [2025-07-20T16:45:24.313+0530] {dag.py:4180} INFO - Setting next_dagrun for example_setup_teardown_taskflow to None, run_after=None
[2025-07-20T16:45:24.324+0530] {processor.py:208} INFO - Processing /Users/parth/Desktop/Engine/venv/lib/python3.11/site-packages/airflow/example_dags/example_setup_teardown_taskflow.py took 0.109 seconds
[2025-07-20T16:47:26.211+0530] {processor.py:186} INFO - Started process (PID=45651) to work on /Users/parth/Desktop/Engine/venv/lib/python3.11/site-packages/airflow/example_dags/example_setup_teardown_taskflow.py
[2025-07-20T16:47:26.212+0530] {processor.py:914} INFO - Processing file /Users/parth/Desktop/Engine/venv/lib/python3.11/site-packages/airflow/example_dags/example_setup_teardown_taskflow.py for tasks to queue
[2025-07-20T16:47:26.213+0530] {logging_mixin.py:190} INFO - [2025-07-20T16:47:26.213+0530] {dagbag.py:588} INFO - Filling up the DagBag from /Users/parth/Desktop/Engine/venv/lib/python3.11/site-packages/airflow/example_dags/example_setup_teardown_taskflow.py
[2025-07-20T16:47:26.241+0530] {processor.py:925} INFO - DAG(s) 'example_setup_teardown_taskflow' retrieved from /Users/parth/Desktop/Engine/venv/lib/python3.11/site-packages/airflow/example_dags/example_setup_teardown_taskflow.py
[2025-07-20T16:47:26.306+0530] {logging_mixin.py:190} INFO - [2025-07-20T16:47:26.305+0530] {dag.py:3239} INFO - Sync 1 DAGs
[2025-07-20T16:47:26.312+0530] {logging_mixin.py:190} INFO - [2025-07-20T16:47:26.312+0530] {dag.py:4180} INFO - Setting next_dagrun for example_setup_teardown_taskflow to None, run_after=None
[2025-07-20T16:47:26.325+0530] {processor.py:208} INFO - Processing /Users/parth/Desktop/Engine/venv/lib/python3.11/site-packages/airflow/example_dags/example_setup_teardown_taskflow.py took 0.116 seconds
[2025-07-20T16:49:23.499+0530] {processor.py:186} INFO - Started process (PID=46433) to work on /Users/parth/Desktop/Engine/venv/lib/python3.11/site-packages/airflow/example_dags/example_setup_teardown_taskflow.py
[2025-07-20T16:49:23.500+0530] {processor.py:914} INFO - Processing file /Users/parth/Desktop/Engine/venv/lib/python3.11/site-packages/airflow/example_dags/example_setup_teardown_taskflow.py for tasks to queue
[2025-07-20T16:49:23.501+0530] {logging_mixin.py:190} INFO - [2025-07-20T16:49:23.501+0530] {dagbag.py:588} INFO - Filling up the DagBag from /Users/parth/Desktop/Engine/venv/lib/python3.11/site-packages/airflow/example_dags/example_setup_teardown_taskflow.py
[2025-07-20T16:49:23.541+0530] {processor.py:925} INFO - DAG(s) 'example_setup_teardown_taskflow' retrieved from /Users/parth/Desktop/Engine/venv/lib/python3.11/site-packages/airflow/example_dags/example_setup_teardown_taskflow.py
[2025-07-20T16:49:23.673+0530] {logging_mixin.py:190} INFO - [2025-07-20T16:49:23.673+0530] {dag.py:3239} INFO - Sync 1 DAGs
[2025-07-20T16:49:23.690+0530] {logging_mixin.py:190} INFO - [2025-07-20T16:49:23.690+0530] {dag.py:4180} INFO - Setting next_dagrun for example_setup_teardown_taskflow to None, run_after=None
[2025-07-20T16:49:23.718+0530] {processor.py:208} INFO - Processing /Users/parth/Desktop/Engine/venv/lib/python3.11/site-packages/airflow/example_dags/example_setup_teardown_taskflow.py took 0.222 seconds
[2025-07-20T16:51:15.078+0530] {processor.py:186} INFO - Started process (PID=47176) to work on /Users/parth/Desktop/Engine/venv/lib/python3.11/site-packages/airflow/example_dags/example_setup_teardown_taskflow.py
[2025-07-20T16:51:15.079+0530] {processor.py:914} INFO - Processing file /Users/parth/Desktop/Engine/venv/lib/python3.11/site-packages/airflow/example_dags/example_setup_teardown_taskflow.py for tasks to queue
[2025-07-20T16:51:15.080+0530] {logging_mixin.py:190} INFO - [2025-07-20T16:51:15.080+0530] {dagbag.py:588} INFO - Filling up the DagBag from /Users/parth/Desktop/Engine/venv/lib/python3.11/site-packages/airflow/example_dags/example_setup_teardown_taskflow.py
[2025-07-20T16:51:15.106+0530] {processor.py:925} INFO - DAG(s) 'example_setup_teardown_taskflow' retrieved from /Users/parth/Desktop/Engine/venv/lib/python3.11/site-packages/airflow/example_dags/example_setup_teardown_taskflow.py
[2025-07-20T16:51:15.167+0530] {logging_mixin.py:190} INFO - [2025-07-20T16:51:15.167+0530] {dag.py:3239} INFO - Sync 1 DAGs
[2025-07-20T16:51:15.173+0530] {logging_mixin.py:190} INFO - [2025-07-20T16:51:15.173+0530] {dag.py:4180} INFO - Setting next_dagrun for example_setup_teardown_taskflow to None, run_after=None
[2025-07-20T16:51:15.185+0530] {processor.py:208} INFO - Processing /Users/parth/Desktop/Engine/venv/lib/python3.11/site-packages/airflow/example_dags/example_setup_teardown_taskflow.py took 0.110 seconds
[2025-07-20T17:50:49.024+0530] {processor.py:186} INFO - Started process (PID=48018) to work on /Users/parth/Desktop/Engine/venv/lib/python3.11/site-packages/airflow/example_dags/example_setup_teardown_taskflow.py
[2025-07-20T17:50:49.026+0530] {processor.py:914} INFO - Processing file /Users/parth/Desktop/Engine/venv/lib/python3.11/site-packages/airflow/example_dags/example_setup_teardown_taskflow.py for tasks to queue
[2025-07-20T17:50:49.026+0530] {logging_mixin.py:190} INFO - [2025-07-20T17:50:49.026+0530] {dagbag.py:588} INFO - Filling up the DagBag from /Users/parth/Desktop/Engine/venv/lib/python3.11/site-packages/airflow/example_dags/example_setup_teardown_taskflow.py
[2025-07-20T17:50:49.053+0530] {processor.py:925} INFO - DAG(s) 'example_setup_teardown_taskflow' retrieved from /Users/parth/Desktop/Engine/venv/lib/python3.11/site-packages/airflow/example_dags/example_setup_teardown_taskflow.py
[2025-07-20T17:50:49.116+0530] {logging_mixin.py:190} INFO - [2025-07-20T17:50:49.115+0530] {dag.py:3239} INFO - Sync 1 DAGs
[2025-07-20T17:50:49.122+0530] {logging_mixin.py:190} INFO - [2025-07-20T17:50:49.122+0530] {dag.py:4180} INFO - Setting next_dagrun for example_setup_teardown_taskflow to None, run_after=None
[2025-07-20T17:50:49.134+0530] {processor.py:208} INFO - Processing /Users/parth/Desktop/Engine/venv/lib/python3.11/site-packages/airflow/example_dags/example_setup_teardown_taskflow.py took 0.112 seconds
[2025-07-20T17:52:39.263+0530] {processor.py:186} INFO - Started process (PID=48727) to work on /Users/parth/Desktop/Engine/venv/lib/python3.11/site-packages/airflow/example_dags/example_setup_teardown_taskflow.py
[2025-07-20T17:52:39.265+0530] {processor.py:914} INFO - Processing file /Users/parth/Desktop/Engine/venv/lib/python3.11/site-packages/airflow/example_dags/example_setup_teardown_taskflow.py for tasks to queue
[2025-07-20T17:52:39.266+0530] {logging_mixin.py:190} INFO - [2025-07-20T17:52:39.265+0530] {dagbag.py:588} INFO - Filling up the DagBag from /Users/parth/Desktop/Engine/venv/lib/python3.11/site-packages/airflow/example_dags/example_setup_teardown_taskflow.py
[2025-07-20T17:52:39.292+0530] {processor.py:925} INFO - DAG(s) 'example_setup_teardown_taskflow' retrieved from /Users/parth/Desktop/Engine/venv/lib/python3.11/site-packages/airflow/example_dags/example_setup_teardown_taskflow.py
[2025-07-20T17:52:39.354+0530] {logging_mixin.py:190} INFO - [2025-07-20T17:52:39.354+0530] {dag.py:3239} INFO - Sync 1 DAGs
[2025-07-20T17:52:39.361+0530] {logging_mixin.py:190} INFO - [2025-07-20T17:52:39.361+0530] {dag.py:4180} INFO - Setting next_dagrun for example_setup_teardown_taskflow to None, run_after=None
[2025-07-20T17:52:39.372+0530] {processor.py:208} INFO - Processing /Users/parth/Desktop/Engine/venv/lib/python3.11/site-packages/airflow/example_dags/example_setup_teardown_taskflow.py took 0.111 seconds
[2025-07-20T17:54:40.859+0530] {processor.py:186} INFO - Started process (PID=49527) to work on /Users/parth/Desktop/Engine/venv/lib/python3.11/site-packages/airflow/example_dags/example_setup_teardown_taskflow.py
[2025-07-20T17:54:40.860+0530] {processor.py:914} INFO - Processing file /Users/parth/Desktop/Engine/venv/lib/python3.11/site-packages/airflow/example_dags/example_setup_teardown_taskflow.py for tasks to queue
[2025-07-20T17:54:40.861+0530] {logging_mixin.py:190} INFO - [2025-07-20T17:54:40.861+0530] {dagbag.py:588} INFO - Filling up the DagBag from /Users/parth/Desktop/Engine/venv/lib/python3.11/site-packages/airflow/example_dags/example_setup_teardown_taskflow.py
[2025-07-20T17:54:40.887+0530] {processor.py:925} INFO - DAG(s) 'example_setup_teardown_taskflow' retrieved from /Users/parth/Desktop/Engine/venv/lib/python3.11/site-packages/airflow/example_dags/example_setup_teardown_taskflow.py
[2025-07-20T17:54:40.947+0530] {logging_mixin.py:190} INFO - [2025-07-20T17:54:40.947+0530] {dag.py:3239} INFO - Sync 1 DAGs
[2025-07-20T17:54:40.953+0530] {logging_mixin.py:190} INFO - [2025-07-20T17:54:40.953+0530] {dag.py:4180} INFO - Setting next_dagrun for example_setup_teardown_taskflow to None, run_after=None
[2025-07-20T17:54:40.964+0530] {processor.py:208} INFO - Processing /Users/parth/Desktop/Engine/venv/lib/python3.11/site-packages/airflow/example_dags/example_setup_teardown_taskflow.py took 0.108 seconds
[2025-07-20T17:56:35.983+0530] {processor.py:186} INFO - Started process (PID=50261) to work on /Users/parth/Desktop/Engine/venv/lib/python3.11/site-packages/airflow/example_dags/example_setup_teardown_taskflow.py
[2025-07-20T17:56:35.985+0530] {processor.py:914} INFO - Processing file /Users/parth/Desktop/Engine/venv/lib/python3.11/site-packages/airflow/example_dags/example_setup_teardown_taskflow.py for tasks to queue
[2025-07-20T17:56:35.985+0530] {logging_mixin.py:190} INFO - [2025-07-20T17:56:35.985+0530] {dagbag.py:588} INFO - Filling up the DagBag from /Users/parth/Desktop/Engine/venv/lib/python3.11/site-packages/airflow/example_dags/example_setup_teardown_taskflow.py
[2025-07-20T17:56:36.011+0530] {processor.py:925} INFO - DAG(s) 'example_setup_teardown_taskflow' retrieved from /Users/parth/Desktop/Engine/venv/lib/python3.11/site-packages/airflow/example_dags/example_setup_teardown_taskflow.py
[2025-07-20T17:56:36.072+0530] {logging_mixin.py:190} INFO - [2025-07-20T17:56:36.072+0530] {dag.py:3239} INFO - Sync 1 DAGs
[2025-07-20T17:56:36.079+0530] {logging_mixin.py:190} INFO - [2025-07-20T17:56:36.079+0530] {dag.py:4180} INFO - Setting next_dagrun for example_setup_teardown_taskflow to None, run_after=None
[2025-07-20T17:56:36.090+0530] {processor.py:208} INFO - Processing /Users/parth/Desktop/Engine/venv/lib/python3.11/site-packages/airflow/example_dags/example_setup_teardown_taskflow.py took 0.109 seconds
[2025-07-20T17:58:27.106+0530] {processor.py:186} INFO - Started process (PID=50975) to work on /Users/parth/Desktop/Engine/venv/lib/python3.11/site-packages/airflow/example_dags/example_setup_teardown_taskflow.py
[2025-07-20T17:58:27.107+0530] {processor.py:914} INFO - Processing file /Users/parth/Desktop/Engine/venv/lib/python3.11/site-packages/airflow/example_dags/example_setup_teardown_taskflow.py for tasks to queue
[2025-07-20T17:58:27.108+0530] {logging_mixin.py:190} INFO - [2025-07-20T17:58:27.108+0530] {dagbag.py:588} INFO - Filling up the DagBag from /Users/parth/Desktop/Engine/venv/lib/python3.11/site-packages/airflow/example_dags/example_setup_teardown_taskflow.py
[2025-07-20T17:58:27.135+0530] {processor.py:925} INFO - DAG(s) 'example_setup_teardown_taskflow' retrieved from /Users/parth/Desktop/Engine/venv/lib/python3.11/site-packages/airflow/example_dags/example_setup_teardown_taskflow.py
[2025-07-20T17:58:27.196+0530] {logging_mixin.py:190} INFO - [2025-07-20T17:58:27.196+0530] {dag.py:3239} INFO - Sync 1 DAGs
[2025-07-20T17:58:27.202+0530] {logging_mixin.py:190} INFO - [2025-07-20T17:58:27.202+0530] {dag.py:4180} INFO - Setting next_dagrun for example_setup_teardown_taskflow to None, run_after=None
[2025-07-20T17:58:27.213+0530] {processor.py:208} INFO - Processing /Users/parth/Desktop/Engine/venv/lib/python3.11/site-packages/airflow/example_dags/example_setup_teardown_taskflow.py took 0.109 seconds
[2025-07-20T18:00:18.454+0530] {processor.py:186} INFO - Started process (PID=51682) to work on /Users/parth/Desktop/Engine/venv/lib/python3.11/site-packages/airflow/example_dags/example_setup_teardown_taskflow.py
[2025-07-20T18:00:18.455+0530] {processor.py:914} INFO - Processing file /Users/parth/Desktop/Engine/venv/lib/python3.11/site-packages/airflow/example_dags/example_setup_teardown_taskflow.py for tasks to queue
[2025-07-20T18:00:18.456+0530] {logging_mixin.py:190} INFO - [2025-07-20T18:00:18.456+0530] {dagbag.py:588} INFO - Filling up the DagBag from /Users/parth/Desktop/Engine/venv/lib/python3.11/site-packages/airflow/example_dags/example_setup_teardown_taskflow.py
[2025-07-20T18:00:18.482+0530] {processor.py:925} INFO - DAG(s) 'example_setup_teardown_taskflow' retrieved from /Users/parth/Desktop/Engine/venv/lib/python3.11/site-packages/airflow/example_dags/example_setup_teardown_taskflow.py
[2025-07-20T18:00:18.544+0530] {logging_mixin.py:190} INFO - [2025-07-20T18:00:18.544+0530] {dag.py:3239} INFO - Sync 1 DAGs
[2025-07-20T18:00:18.551+0530] {logging_mixin.py:190} INFO - [2025-07-20T18:00:18.550+0530] {dag.py:4180} INFO - Setting next_dagrun for example_setup_teardown_taskflow to None, run_after=None
[2025-07-20T18:00:18.562+0530] {processor.py:208} INFO - Processing /Users/parth/Desktop/Engine/venv/lib/python3.11/site-packages/airflow/example_dags/example_setup_teardown_taskflow.py took 0.111 seconds
[2025-07-20T18:02:16.599+0530] {processor.py:186} INFO - Started process (PID=52444) to work on /Users/parth/Desktop/Engine/venv/lib/python3.11/site-packages/airflow/example_dags/example_setup_teardown_taskflow.py
[2025-07-20T18:02:16.600+0530] {processor.py:914} INFO - Processing file /Users/parth/Desktop/Engine/venv/lib/python3.11/site-packages/airflow/example_dags/example_setup_teardown_taskflow.py for tasks to queue
[2025-07-20T18:02:16.601+0530] {logging_mixin.py:190} INFO - [2025-07-20T18:02:16.601+0530] {dagbag.py:588} INFO - Filling up the DagBag from /Users/parth/Desktop/Engine/venv/lib/python3.11/site-packages/airflow/example_dags/example_setup_teardown_taskflow.py
[2025-07-20T18:02:16.628+0530] {processor.py:925} INFO - DAG(s) 'example_setup_teardown_taskflow' retrieved from /Users/parth/Desktop/Engine/venv/lib/python3.11/site-packages/airflow/example_dags/example_setup_teardown_taskflow.py
[2025-07-20T18:02:16.690+0530] {logging_mixin.py:190} INFO - [2025-07-20T18:02:16.689+0530] {dag.py:3239} INFO - Sync 1 DAGs
[2025-07-20T18:02:16.696+0530] {logging_mixin.py:190} INFO - [2025-07-20T18:02:16.696+0530] {dag.py:4180} INFO - Setting next_dagrun for example_setup_teardown_taskflow to None, run_after=None
[2025-07-20T18:02:16.707+0530] {processor.py:208} INFO - Processing /Users/parth/Desktop/Engine/venv/lib/python3.11/site-packages/airflow/example_dags/example_setup_teardown_taskflow.py took 0.111 seconds
[2025-07-20T18:04:14.186+0530] {processor.py:186} INFO - Started process (PID=53194) to work on /Users/parth/Desktop/Engine/venv/lib/python3.11/site-packages/airflow/example_dags/example_setup_teardown_taskflow.py
[2025-07-20T18:04:14.188+0530] {processor.py:914} INFO - Processing file /Users/parth/Desktop/Engine/venv/lib/python3.11/site-packages/airflow/example_dags/example_setup_teardown_taskflow.py for tasks to queue
[2025-07-20T18:04:14.189+0530] {logging_mixin.py:190} INFO - [2025-07-20T18:04:14.188+0530] {dagbag.py:588} INFO - Filling up the DagBag from /Users/parth/Desktop/Engine/venv/lib/python3.11/site-packages/airflow/example_dags/example_setup_teardown_taskflow.py
[2025-07-20T18:04:14.214+0530] {processor.py:925} INFO - DAG(s) 'example_setup_teardown_taskflow' retrieved from /Users/parth/Desktop/Engine/venv/lib/python3.11/site-packages/airflow/example_dags/example_setup_teardown_taskflow.py
[2025-07-20T18:04:14.276+0530] {logging_mixin.py:190} INFO - [2025-07-20T18:04:14.275+0530] {dag.py:3239} INFO - Sync 1 DAGs
[2025-07-20T18:04:14.282+0530] {logging_mixin.py:190} INFO - [2025-07-20T18:04:14.282+0530] {dag.py:4180} INFO - Setting next_dagrun for example_setup_teardown_taskflow to None, run_after=None
[2025-07-20T18:04:14.293+0530] {processor.py:208} INFO - Processing /Users/parth/Desktop/Engine/venv/lib/python3.11/site-packages/airflow/example_dags/example_setup_teardown_taskflow.py took 0.109 seconds
[2025-07-20T18:06:10.509+0530] {processor.py:186} INFO - Started process (PID=53941) to work on /Users/parth/Desktop/Engine/venv/lib/python3.11/site-packages/airflow/example_dags/example_setup_teardown_taskflow.py
[2025-07-20T18:06:10.511+0530] {processor.py:914} INFO - Processing file /Users/parth/Desktop/Engine/venv/lib/python3.11/site-packages/airflow/example_dags/example_setup_teardown_taskflow.py for tasks to queue
[2025-07-20T18:06:10.512+0530] {logging_mixin.py:190} INFO - [2025-07-20T18:06:10.511+0530] {dagbag.py:588} INFO - Filling up the DagBag from /Users/parth/Desktop/Engine/venv/lib/python3.11/site-packages/airflow/example_dags/example_setup_teardown_taskflow.py
[2025-07-20T18:06:10.538+0530] {processor.py:925} INFO - DAG(s) 'example_setup_teardown_taskflow' retrieved from /Users/parth/Desktop/Engine/venv/lib/python3.11/site-packages/airflow/example_dags/example_setup_teardown_taskflow.py
[2025-07-20T18:06:10.598+0530] {logging_mixin.py:190} INFO - [2025-07-20T18:06:10.597+0530] {dag.py:3239} INFO - Sync 1 DAGs
[2025-07-20T18:06:10.604+0530] {logging_mixin.py:190} INFO - [2025-07-20T18:06:10.604+0530] {dag.py:4180} INFO - Setting next_dagrun for example_setup_teardown_taskflow to None, run_after=None
[2025-07-20T18:06:10.615+0530] {processor.py:208} INFO - Processing /Users/parth/Desktop/Engine/venv/lib/python3.11/site-packages/airflow/example_dags/example_setup_teardown_taskflow.py took 0.108 seconds
[2025-07-20T18:08:06.012+0530] {processor.py:186} INFO - Started process (PID=54686) to work on /Users/parth/Desktop/Engine/venv/lib/python3.11/site-packages/airflow/example_dags/example_setup_teardown_taskflow.py
[2025-07-20T18:08:06.013+0530] {processor.py:914} INFO - Processing file /Users/parth/Desktop/Engine/venv/lib/python3.11/site-packages/airflow/example_dags/example_setup_teardown_taskflow.py for tasks to queue
[2025-07-20T18:08:06.013+0530] {logging_mixin.py:190} INFO - [2025-07-20T18:08:06.013+0530] {dagbag.py:588} INFO - Filling up the DagBag from /Users/parth/Desktop/Engine/venv/lib/python3.11/site-packages/airflow/example_dags/example_setup_teardown_taskflow.py
[2025-07-20T18:08:06.041+0530] {processor.py:925} INFO - DAG(s) 'example_setup_teardown_taskflow' retrieved from /Users/parth/Desktop/Engine/venv/lib/python3.11/site-packages/airflow/example_dags/example_setup_teardown_taskflow.py
[2025-07-20T18:08:06.103+0530] {logging_mixin.py:190} INFO - [2025-07-20T18:08:06.102+0530] {dag.py:3239} INFO - Sync 1 DAGs
[2025-07-20T18:08:06.109+0530] {logging_mixin.py:190} INFO - [2025-07-20T18:08:06.109+0530] {dag.py:4180} INFO - Setting next_dagrun for example_setup_teardown_taskflow to None, run_after=None
[2025-07-20T18:08:06.120+0530] {processor.py:208} INFO - Processing /Users/parth/Desktop/Engine/venv/lib/python3.11/site-packages/airflow/example_dags/example_setup_teardown_taskflow.py took 0.111 seconds
[2025-07-20T18:23:18.269+0530] {processor.py:186} INFO - Started process (PID=55412) to work on /Users/parth/Desktop/Engine/venv/lib/python3.11/site-packages/airflow/example_dags/example_setup_teardown_taskflow.py
[2025-07-20T18:23:18.270+0530] {processor.py:914} INFO - Processing file /Users/parth/Desktop/Engine/venv/lib/python3.11/site-packages/airflow/example_dags/example_setup_teardown_taskflow.py for tasks to queue
[2025-07-20T18:23:18.271+0530] {logging_mixin.py:190} INFO - [2025-07-20T18:23:18.271+0530] {dagbag.py:588} INFO - Filling up the DagBag from /Users/parth/Desktop/Engine/venv/lib/python3.11/site-packages/airflow/example_dags/example_setup_teardown_taskflow.py
[2025-07-20T18:23:18.296+0530] {processor.py:925} INFO - DAG(s) 'example_setup_teardown_taskflow' retrieved from /Users/parth/Desktop/Engine/venv/lib/python3.11/site-packages/airflow/example_dags/example_setup_teardown_taskflow.py
[2025-07-20T18:23:18.357+0530] {logging_mixin.py:190} INFO - [2025-07-20T18:23:18.356+0530] {dag.py:3239} INFO - Sync 1 DAGs
[2025-07-20T18:23:18.363+0530] {logging_mixin.py:190} INFO - [2025-07-20T18:23:18.363+0530] {dag.py:4180} INFO - Setting next_dagrun for example_setup_teardown_taskflow to None, run_after=None
[2025-07-20T18:23:18.374+0530] {processor.py:208} INFO - Processing /Users/parth/Desktop/Engine/venv/lib/python3.11/site-packages/airflow/example_dags/example_setup_teardown_taskflow.py took 0.107 seconds
[2025-07-20T18:25:26.670+0530] {processor.py:186} INFO - Started process (PID=56248) to work on /Users/parth/Desktop/Engine/venv/lib/python3.11/site-packages/airflow/example_dags/example_setup_teardown_taskflow.py
[2025-07-20T18:25:26.671+0530] {processor.py:914} INFO - Processing file /Users/parth/Desktop/Engine/venv/lib/python3.11/site-packages/airflow/example_dags/example_setup_teardown_taskflow.py for tasks to queue
[2025-07-20T18:25:26.672+0530] {logging_mixin.py:190} INFO - [2025-07-20T18:25:26.672+0530] {dagbag.py:588} INFO - Filling up the DagBag from /Users/parth/Desktop/Engine/venv/lib/python3.11/site-packages/airflow/example_dags/example_setup_teardown_taskflow.py
[2025-07-20T18:25:26.698+0530] {processor.py:925} INFO - DAG(s) 'example_setup_teardown_taskflow' retrieved from /Users/parth/Desktop/Engine/venv/lib/python3.11/site-packages/airflow/example_dags/example_setup_teardown_taskflow.py
[2025-07-20T18:25:26.759+0530] {logging_mixin.py:190} INFO - [2025-07-20T18:25:26.758+0530] {dag.py:3239} INFO - Sync 1 DAGs
[2025-07-20T18:25:26.765+0530] {logging_mixin.py:190} INFO - [2025-07-20T18:25:26.765+0530] {dag.py:4180} INFO - Setting next_dagrun for example_setup_teardown_taskflow to None, run_after=None
[2025-07-20T18:25:26.776+0530] {processor.py:208} INFO - Processing /Users/parth/Desktop/Engine/venv/lib/python3.11/site-packages/airflow/example_dags/example_setup_teardown_taskflow.py took 0.108 seconds
[2025-07-20T18:27:12.807+0530] {processor.py:186} INFO - Started process (PID=56935) to work on /Users/parth/Desktop/Engine/venv/lib/python3.11/site-packages/airflow/example_dags/example_setup_teardown_taskflow.py
[2025-07-20T18:27:12.808+0530] {processor.py:914} INFO - Processing file /Users/parth/Desktop/Engine/venv/lib/python3.11/site-packages/airflow/example_dags/example_setup_teardown_taskflow.py for tasks to queue
[2025-07-20T18:27:12.809+0530] {logging_mixin.py:190} INFO - [2025-07-20T18:27:12.808+0530] {dagbag.py:588} INFO - Filling up the DagBag from /Users/parth/Desktop/Engine/venv/lib/python3.11/site-packages/airflow/example_dags/example_setup_teardown_taskflow.py
[2025-07-20T18:27:12.834+0530] {processor.py:925} INFO - DAG(s) 'example_setup_teardown_taskflow' retrieved from /Users/parth/Desktop/Engine/venv/lib/python3.11/site-packages/airflow/example_dags/example_setup_teardown_taskflow.py
[2025-07-20T18:27:12.896+0530] {logging_mixin.py:190} INFO - [2025-07-20T18:27:12.895+0530] {dag.py:3239} INFO - Sync 1 DAGs
[2025-07-20T18:27:12.902+0530] {logging_mixin.py:190} INFO - [2025-07-20T18:27:12.902+0530] {dag.py:4180} INFO - Setting next_dagrun for example_setup_teardown_taskflow to None, run_after=None
[2025-07-20T18:27:12.913+0530] {processor.py:208} INFO - Processing /Users/parth/Desktop/Engine/venv/lib/python3.11/site-packages/airflow/example_dags/example_setup_teardown_taskflow.py took 0.109 seconds
[2025-07-20T18:29:03.143+0530] {processor.py:186} INFO - Started process (PID=57632) to work on /Users/parth/Desktop/Engine/venv/lib/python3.11/site-packages/airflow/example_dags/example_setup_teardown_taskflow.py
[2025-07-20T18:29:03.144+0530] {processor.py:914} INFO - Processing file /Users/parth/Desktop/Engine/venv/lib/python3.11/site-packages/airflow/example_dags/example_setup_teardown_taskflow.py for tasks to queue
[2025-07-20T18:29:03.145+0530] {logging_mixin.py:190} INFO - [2025-07-20T18:29:03.144+0530] {dagbag.py:588} INFO - Filling up the DagBag from /Users/parth/Desktop/Engine/venv/lib/python3.11/site-packages/airflow/example_dags/example_setup_teardown_taskflow.py
[2025-07-20T18:29:03.170+0530] {processor.py:925} INFO - DAG(s) 'example_setup_teardown_taskflow' retrieved from /Users/parth/Desktop/Engine/venv/lib/python3.11/site-packages/airflow/example_dags/example_setup_teardown_taskflow.py
[2025-07-20T18:29:03.231+0530] {logging_mixin.py:190} INFO - [2025-07-20T18:29:03.230+0530] {dag.py:3239} INFO - Sync 1 DAGs
[2025-07-20T18:29:03.237+0530] {logging_mixin.py:190} INFO - [2025-07-20T18:29:03.237+0530] {dag.py:4180} INFO - Setting next_dagrun for example_setup_teardown_taskflow to None, run_after=None
[2025-07-20T18:29:03.247+0530] {processor.py:208} INFO - Processing /Users/parth/Desktop/Engine/venv/lib/python3.11/site-packages/airflow/example_dags/example_setup_teardown_taskflow.py took 0.107 seconds
[2025-07-20T18:30:53.052+0530] {processor.py:186} INFO - Started process (PID=58343) to work on /Users/parth/Desktop/Engine/venv/lib/python3.11/site-packages/airflow/example_dags/example_setup_teardown_taskflow.py
[2025-07-20T18:30:53.052+0530] {processor.py:914} INFO - Processing file /Users/parth/Desktop/Engine/venv/lib/python3.11/site-packages/airflow/example_dags/example_setup_teardown_taskflow.py for tasks to queue
[2025-07-20T18:30:53.053+0530] {logging_mixin.py:190} INFO - [2025-07-20T18:30:53.053+0530] {dagbag.py:588} INFO - Filling up the DagBag from /Users/parth/Desktop/Engine/venv/lib/python3.11/site-packages/airflow/example_dags/example_setup_teardown_taskflow.py
[2025-07-20T18:30:53.079+0530] {processor.py:925} INFO - DAG(s) 'example_setup_teardown_taskflow' retrieved from /Users/parth/Desktop/Engine/venv/lib/python3.11/site-packages/airflow/example_dags/example_setup_teardown_taskflow.py
[2025-07-20T18:30:53.140+0530] {logging_mixin.py:190} INFO - [2025-07-20T18:30:53.140+0530] {dag.py:3239} INFO - Sync 1 DAGs
[2025-07-20T18:30:53.146+0530] {logging_mixin.py:190} INFO - [2025-07-20T18:30:53.146+0530] {dag.py:4180} INFO - Setting next_dagrun for example_setup_teardown_taskflow to None, run_after=None
[2025-07-20T18:30:53.157+0530] {processor.py:208} INFO - Processing /Users/parth/Desktop/Engine/venv/lib/python3.11/site-packages/airflow/example_dags/example_setup_teardown_taskflow.py took 0.108 seconds
[2025-07-20T18:36:30.095+0530] {processor.py:186} INFO - Started process (PID=59051) to work on /Users/parth/Desktop/Engine/venv/lib/python3.11/site-packages/airflow/example_dags/example_setup_teardown_taskflow.py
[2025-07-20T18:36:30.096+0530] {processor.py:914} INFO - Processing file /Users/parth/Desktop/Engine/venv/lib/python3.11/site-packages/airflow/example_dags/example_setup_teardown_taskflow.py for tasks to queue
[2025-07-20T18:36:30.096+0530] {logging_mixin.py:190} INFO - [2025-07-20T18:36:30.096+0530] {dagbag.py:588} INFO - Filling up the DagBag from /Users/parth/Desktop/Engine/venv/lib/python3.11/site-packages/airflow/example_dags/example_setup_teardown_taskflow.py
[2025-07-20T18:36:30.122+0530] {processor.py:925} INFO - DAG(s) 'example_setup_teardown_taskflow' retrieved from /Users/parth/Desktop/Engine/venv/lib/python3.11/site-packages/airflow/example_dags/example_setup_teardown_taskflow.py
[2025-07-20T18:36:30.183+0530] {logging_mixin.py:190} INFO - [2025-07-20T18:36:30.183+0530] {dag.py:3239} INFO - Sync 1 DAGs
[2025-07-20T18:36:30.189+0530] {logging_mixin.py:190} INFO - [2025-07-20T18:36:30.189+0530] {dag.py:4180} INFO - Setting next_dagrun for example_setup_teardown_taskflow to None, run_after=None
[2025-07-20T18:36:30.200+0530] {processor.py:208} INFO - Processing /Users/parth/Desktop/Engine/venv/lib/python3.11/site-packages/airflow/example_dags/example_setup_teardown_taskflow.py took 0.108 seconds
[2025-07-20T18:44:00.114+0530] {processor.py:186} INFO - Started process (PID=59724) to work on /Users/parth/Desktop/Engine/venv/lib/python3.11/site-packages/airflow/example_dags/example_setup_teardown_taskflow.py
[2025-07-20T18:44:00.115+0530] {processor.py:914} INFO - Processing file /Users/parth/Desktop/Engine/venv/lib/python3.11/site-packages/airflow/example_dags/example_setup_teardown_taskflow.py for tasks to queue
[2025-07-20T18:44:00.116+0530] {logging_mixin.py:190} INFO - [2025-07-20T18:44:00.115+0530] {dagbag.py:588} INFO - Filling up the DagBag from /Users/parth/Desktop/Engine/venv/lib/python3.11/site-packages/airflow/example_dags/example_setup_teardown_taskflow.py
[2025-07-20T18:44:00.141+0530] {processor.py:925} INFO - DAG(s) 'example_setup_teardown_taskflow' retrieved from /Users/parth/Desktop/Engine/venv/lib/python3.11/site-packages/airflow/example_dags/example_setup_teardown_taskflow.py
[2025-07-20T18:44:00.202+0530] {logging_mixin.py:190} INFO - [2025-07-20T18:44:00.202+0530] {dag.py:3239} INFO - Sync 1 DAGs
[2025-07-20T18:44:00.208+0530] {logging_mixin.py:190} INFO - [2025-07-20T18:44:00.208+0530] {dag.py:4180} INFO - Setting next_dagrun for example_setup_teardown_taskflow to None, run_after=None
[2025-07-20T18:44:00.219+0530] {processor.py:208} INFO - Processing /Users/parth/Desktop/Engine/venv/lib/python3.11/site-packages/airflow/example_dags/example_setup_teardown_taskflow.py took 0.108 seconds
[2025-07-20T18:53:13.794+0530] {processor.py:186} INFO - Started process (PID=60399) to work on /Users/parth/Desktop/Engine/venv/lib/python3.11/site-packages/airflow/example_dags/example_setup_teardown_taskflow.py
[2025-07-20T18:53:13.796+0530] {processor.py:914} INFO - Processing file /Users/parth/Desktop/Engine/venv/lib/python3.11/site-packages/airflow/example_dags/example_setup_teardown_taskflow.py for tasks to queue
[2025-07-20T18:53:13.796+0530] {logging_mixin.py:190} INFO - [2025-07-20T18:53:13.796+0530] {dagbag.py:588} INFO - Filling up the DagBag from /Users/parth/Desktop/Engine/venv/lib/python3.11/site-packages/airflow/example_dags/example_setup_teardown_taskflow.py
[2025-07-20T18:53:13.822+0530] {processor.py:925} INFO - DAG(s) 'example_setup_teardown_taskflow' retrieved from /Users/parth/Desktop/Engine/venv/lib/python3.11/site-packages/airflow/example_dags/example_setup_teardown_taskflow.py
[2025-07-20T18:53:13.884+0530] {logging_mixin.py:190} INFO - [2025-07-20T18:53:13.883+0530] {dag.py:3239} INFO - Sync 1 DAGs
[2025-07-20T18:53:13.890+0530] {logging_mixin.py:190} INFO - [2025-07-20T18:53:13.890+0530] {dag.py:4180} INFO - Setting next_dagrun for example_setup_teardown_taskflow to None, run_after=None
[2025-07-20T18:53:13.901+0530] {processor.py:208} INFO - Processing /Users/parth/Desktop/Engine/venv/lib/python3.11/site-packages/airflow/example_dags/example_setup_teardown_taskflow.py took 0.109 seconds
[2025-07-20T19:08:29.951+0530] {processor.py:186} INFO - Started process (PID=61084) to work on /Users/parth/Desktop/Engine/venv/lib/python3.11/site-packages/airflow/example_dags/example_setup_teardown_taskflow.py
[2025-07-20T19:08:29.953+0530] {processor.py:914} INFO - Processing file /Users/parth/Desktop/Engine/venv/lib/python3.11/site-packages/airflow/example_dags/example_setup_teardown_taskflow.py for tasks to queue
[2025-07-20T19:08:29.954+0530] {logging_mixin.py:190} INFO - [2025-07-20T19:08:29.953+0530] {dagbag.py:588} INFO - Filling up the DagBag from /Users/parth/Desktop/Engine/venv/lib/python3.11/site-packages/airflow/example_dags/example_setup_teardown_taskflow.py
[2025-07-20T19:08:29.980+0530] {processor.py:925} INFO - DAG(s) 'example_setup_teardown_taskflow' retrieved from /Users/parth/Desktop/Engine/venv/lib/python3.11/site-packages/airflow/example_dags/example_setup_teardown_taskflow.py
[2025-07-20T19:08:30.041+0530] {logging_mixin.py:190} INFO - [2025-07-20T19:08:30.040+0530] {dag.py:3239} INFO - Sync 1 DAGs
[2025-07-20T19:08:30.047+0530] {logging_mixin.py:190} INFO - [2025-07-20T19:08:30.047+0530] {dag.py:4180} INFO - Setting next_dagrun for example_setup_teardown_taskflow to None, run_after=None
[2025-07-20T19:08:30.058+0530] {processor.py:208} INFO - Processing /Users/parth/Desktop/Engine/venv/lib/python3.11/site-packages/airflow/example_dags/example_setup_teardown_taskflow.py took 0.109 seconds
[2025-07-20T19:11:32.868+0530] {processor.py:186} INFO - Started process (PID=61773) to work on /Users/parth/Desktop/Engine/venv/lib/python3.11/site-packages/airflow/example_dags/example_setup_teardown_taskflow.py
[2025-07-20T19:11:32.870+0530] {processor.py:914} INFO - Processing file /Users/parth/Desktop/Engine/venv/lib/python3.11/site-packages/airflow/example_dags/example_setup_teardown_taskflow.py for tasks to queue
[2025-07-20T19:11:32.870+0530] {logging_mixin.py:190} INFO - [2025-07-20T19:11:32.870+0530] {dagbag.py:588} INFO - Filling up the DagBag from /Users/parth/Desktop/Engine/venv/lib/python3.11/site-packages/airflow/example_dags/example_setup_teardown_taskflow.py
[2025-07-20T19:11:32.896+0530] {processor.py:925} INFO - DAG(s) 'example_setup_teardown_taskflow' retrieved from /Users/parth/Desktop/Engine/venv/lib/python3.11/site-packages/airflow/example_dags/example_setup_teardown_taskflow.py
[2025-07-20T19:11:32.957+0530] {logging_mixin.py:190} INFO - [2025-07-20T19:11:32.957+0530] {dag.py:3239} INFO - Sync 1 DAGs
[2025-07-20T19:11:32.963+0530] {logging_mixin.py:190} INFO - [2025-07-20T19:11:32.963+0530] {dag.py:4180} INFO - Setting next_dagrun for example_setup_teardown_taskflow to None, run_after=None
[2025-07-20T19:11:32.974+0530] {processor.py:208} INFO - Processing /Users/parth/Desktop/Engine/venv/lib/python3.11/site-packages/airflow/example_dags/example_setup_teardown_taskflow.py took 0.108 seconds
