[2025-07-20T16:20:53.170+0530] {processor.py:186} INFO - Started process (PID=34839) to work on /Users/parth/Desktop/Engine/venv/lib/python3.11/site-packages/airflow/example_dags/example_params_ui_tutorial.py
[2025-07-20T16:20:53.171+0530] {processor.py:914} INFO - Processing file /Users/parth/Desktop/Engine/venv/lib/python3.11/site-packages/airflow/example_dags/example_params_ui_tutorial.py for tasks to queue
[2025-07-20T16:20:53.172+0530] {logging_mixin.py:190} INFO - [2025-07-20T16:20:53.172+0530] {dagbag.py:588} INFO - Filling up the DagBag from /Users/parth/Desktop/Engine/venv/lib/python3.11/site-packages/airflow/example_dags/example_params_ui_tutorial.py
[2025-07-20T16:20:53.201+0530] {processor.py:925} INFO - DAG(s) 'example_params_ui_tutorial' retrieved from /Users/parth/Desktop/Engine/venv/lib/python3.11/site-packages/airflow/example_dags/example_params_ui_tutorial.py
[2025-07-20T16:20:53.361+0530] {logging_mixin.py:190} INFO - [2025-07-20T16:20:53.361+0530] {dag.py:3239} INFO - Sync 1 DAGs
[2025-07-20T16:20:53.417+0530] {logging_mixin.py:190} INFO - [2025-07-20T16:20:53.417+0530] {dag.py:4180} INFO - Setting next_dagrun for example_params_ui_tutorial to None, run_after=None
[2025-07-20T16:20:53.430+0530] {processor.py:208} INFO - Processing /Users/parth/Desktop/Engine/venv/lib/python3.11/site-packages/airflow/example_dags/example_params_ui_tutorial.py took 0.262 seconds
[2025-07-20T16:23:46.549+0530] {processor.py:186} INFO - Started process (PID=36029) to work on /Users/parth/Desktop/Engine/venv/lib/python3.11/site-packages/airflow/example_dags/example_params_ui_tutorial.py
[2025-07-20T16:23:46.550+0530] {processor.py:914} INFO - Processing file /Users/parth/Desktop/Engine/venv/lib/python3.11/site-packages/airflow/example_dags/example_params_ui_tutorial.py for tasks to queue
[2025-07-20T16:23:46.551+0530] {logging_mixin.py:190} INFO - [2025-07-20T16:23:46.551+0530] {dagbag.py:588} INFO - Filling up the DagBag from /Users/parth/Desktop/Engine/venv/lib/python3.11/site-packages/airflow/example_dags/example_params_ui_tutorial.py
[2025-07-20T16:23:46.577+0530] {processor.py:925} INFO - DAG(s) 'example_params_ui_tutorial' retrieved from /Users/parth/Desktop/Engine/venv/lib/python3.11/site-packages/airflow/example_dags/example_params_ui_tutorial.py
[2025-07-20T16:23:46.653+0530] {logging_mixin.py:190} INFO - [2025-07-20T16:23:46.653+0530] {dag.py:3239} INFO - Sync 1 DAGs
[2025-07-20T16:23:46.659+0530] {logging_mixin.py:190} INFO - [2025-07-20T16:23:46.659+0530] {dag.py:4180} INFO - Setting next_dagrun for example_params_ui_tutorial to None, run_after=None
[2025-07-20T16:23:46.672+0530] {processor.py:208} INFO - Processing /Users/parth/Desktop/Engine/venv/lib/python3.11/site-packages/airflow/example_dags/example_params_ui_tutorial.py took 0.126 seconds
[2025-07-20T16:26:06.387+0530] {processor.py:186} INFO - Started process (PID=37019) to work on /Users/parth/Desktop/Engine/venv/lib/python3.11/site-packages/airflow/example_dags/example_params_ui_tutorial.py
[2025-07-20T16:26:06.388+0530] {processor.py:914} INFO - Processing file /Users/parth/Desktop/Engine/venv/lib/python3.11/site-packages/airflow/example_dags/example_params_ui_tutorial.py for tasks to queue
[2025-07-20T16:26:06.388+0530] {logging_mixin.py:190} INFO - [2025-07-20T16:26:06.388+0530] {dagbag.py:588} INFO - Filling up the DagBag from /Users/parth/Desktop/Engine/venv/lib/python3.11/site-packages/airflow/example_dags/example_params_ui_tutorial.py
[2025-07-20T16:26:06.417+0530] {processor.py:925} INFO - DAG(s) 'example_params_ui_tutorial' retrieved from /Users/parth/Desktop/Engine/venv/lib/python3.11/site-packages/airflow/example_dags/example_params_ui_tutorial.py
[2025-07-20T16:26:06.493+0530] {logging_mixin.py:190} INFO - [2025-07-20T16:26:06.493+0530] {dag.py:3239} INFO - Sync 1 DAGs
[2025-07-20T16:26:06.500+0530] {logging_mixin.py:190} INFO - [2025-07-20T16:26:06.499+0530] {dag.py:4180} INFO - Setting next_dagrun for example_params_ui_tutorial to None, run_after=None
[2025-07-20T16:26:06.510+0530] {processor.py:208} INFO - Processing /Users/parth/Desktop/Engine/venv/lib/python3.11/site-packages/airflow/example_dags/example_params_ui_tutorial.py took 0.126 seconds
[2025-07-20T16:28:11.444+0530] {processor.py:186} INFO - Started process (PID=37856) to work on /Users/parth/Desktop/Engine/venv/lib/python3.11/site-packages/airflow/example_dags/example_params_ui_tutorial.py
[2025-07-20T16:28:11.445+0530] {processor.py:914} INFO - Processing file /Users/parth/Desktop/Engine/venv/lib/python3.11/site-packages/airflow/example_dags/example_params_ui_tutorial.py for tasks to queue
[2025-07-20T16:28:11.446+0530] {logging_mixin.py:190} INFO - [2025-07-20T16:28:11.446+0530] {dagbag.py:588} INFO - Filling up the DagBag from /Users/parth/Desktop/Engine/venv/lib/python3.11/site-packages/airflow/example_dags/example_params_ui_tutorial.py
[2025-07-20T16:28:11.473+0530] {processor.py:925} INFO - DAG(s) 'example_params_ui_tutorial' retrieved from /Users/parth/Desktop/Engine/venv/lib/python3.11/site-packages/airflow/example_dags/example_params_ui_tutorial.py
[2025-07-20T16:28:11.550+0530] {logging_mixin.py:190} INFO - [2025-07-20T16:28:11.550+0530] {dag.py:3239} INFO - Sync 1 DAGs
[2025-07-20T16:28:11.558+0530] {logging_mixin.py:190} INFO - [2025-07-20T16:28:11.558+0530] {dag.py:4180} INFO - Setting next_dagrun for example_params_ui_tutorial to None, run_after=None
[2025-07-20T16:28:11.571+0530] {processor.py:208} INFO - Processing /Users/parth/Desktop/Engine/venv/lib/python3.11/site-packages/airflow/example_dags/example_params_ui_tutorial.py took 0.129 seconds
[2025-07-20T16:30:17.031+0530] {processor.py:186} INFO - Started process (PID=38766) to work on /Users/parth/Desktop/Engine/venv/lib/python3.11/site-packages/airflow/example_dags/example_params_ui_tutorial.py
[2025-07-20T16:30:17.033+0530] {processor.py:914} INFO - Processing file /Users/parth/Desktop/Engine/venv/lib/python3.11/site-packages/airflow/example_dags/example_params_ui_tutorial.py for tasks to queue
[2025-07-20T16:30:17.033+0530] {logging_mixin.py:190} INFO - [2025-07-20T16:30:17.033+0530] {dagbag.py:588} INFO - Filling up the DagBag from /Users/parth/Desktop/Engine/venv/lib/python3.11/site-packages/airflow/example_dags/example_params_ui_tutorial.py
[2025-07-20T16:30:17.060+0530] {processor.py:925} INFO - DAG(s) 'example_params_ui_tutorial' retrieved from /Users/parth/Desktop/Engine/venv/lib/python3.11/site-packages/airflow/example_dags/example_params_ui_tutorial.py
[2025-07-20T16:30:17.134+0530] {logging_mixin.py:190} INFO - [2025-07-20T16:30:17.134+0530] {dag.py:3239} INFO - Sync 1 DAGs
[2025-07-20T16:30:17.140+0530] {logging_mixin.py:190} INFO - [2025-07-20T16:30:17.140+0530] {dag.py:4180} INFO - Setting next_dagrun for example_params_ui_tutorial to None, run_after=None
[2025-07-20T16:30:17.152+0530] {processor.py:208} INFO - Processing /Users/parth/Desktop/Engine/venv/lib/python3.11/site-packages/airflow/example_dags/example_params_ui_tutorial.py took 0.123 seconds
[2025-07-20T16:32:28.408+0530] {processor.py:186} INFO - Started process (PID=39719) to work on /Users/parth/Desktop/Engine/venv/lib/python3.11/site-packages/airflow/example_dags/example_params_ui_tutorial.py
[2025-07-20T16:32:28.409+0530] {processor.py:914} INFO - Processing file /Users/parth/Desktop/Engine/venv/lib/python3.11/site-packages/airflow/example_dags/example_params_ui_tutorial.py for tasks to queue
[2025-07-20T16:32:28.410+0530] {logging_mixin.py:190} INFO - [2025-07-20T16:32:28.410+0530] {dagbag.py:588} INFO - Filling up the DagBag from /Users/parth/Desktop/Engine/venv/lib/python3.11/site-packages/airflow/example_dags/example_params_ui_tutorial.py
[2025-07-20T16:32:28.446+0530] {processor.py:925} INFO - DAG(s) 'example_params_ui_tutorial' retrieved from /Users/parth/Desktop/Engine/venv/lib/python3.11/site-packages/airflow/example_dags/example_params_ui_tutorial.py
[2025-07-20T16:32:28.547+0530] {logging_mixin.py:190} INFO - [2025-07-20T16:32:28.547+0530] {dag.py:3239} INFO - Sync 1 DAGs
[2025-07-20T16:32:28.556+0530] {logging_mixin.py:190} INFO - [2025-07-20T16:32:28.556+0530] {dag.py:4180} INFO - Setting next_dagrun for example_params_ui_tutorial to None, run_after=None
[2025-07-20T16:32:28.571+0530] {processor.py:208} INFO - Processing /Users/parth/Desktop/Engine/venv/lib/python3.11/site-packages/airflow/example_dags/example_params_ui_tutorial.py took 0.166 seconds
[2025-07-20T16:34:46.474+0530] {processor.py:186} INFO - Started process (PID=40753) to work on /Users/parth/Desktop/Engine/venv/lib/python3.11/site-packages/airflow/example_dags/example_params_ui_tutorial.py
[2025-07-20T16:34:46.475+0530] {processor.py:914} INFO - Processing file /Users/parth/Desktop/Engine/venv/lib/python3.11/site-packages/airflow/example_dags/example_params_ui_tutorial.py for tasks to queue
[2025-07-20T16:34:46.476+0530] {logging_mixin.py:190} INFO - [2025-07-20T16:34:46.476+0530] {dagbag.py:588} INFO - Filling up the DagBag from /Users/parth/Desktop/Engine/venv/lib/python3.11/site-packages/airflow/example_dags/example_params_ui_tutorial.py
[2025-07-20T16:34:46.502+0530] {processor.py:925} INFO - DAG(s) 'example_params_ui_tutorial' retrieved from /Users/parth/Desktop/Engine/venv/lib/python3.11/site-packages/airflow/example_dags/example_params_ui_tutorial.py
[2025-07-20T16:34:46.582+0530] {logging_mixin.py:190} INFO - [2025-07-20T16:34:46.582+0530] {dag.py:3239} INFO - Sync 1 DAGs
[2025-07-20T16:34:46.589+0530] {logging_mixin.py:190} INFO - [2025-07-20T16:34:46.589+0530] {dag.py:4180} INFO - Setting next_dagrun for example_params_ui_tutorial to None, run_after=None
[2025-07-20T16:34:46.601+0530] {processor.py:208} INFO - Processing /Users/parth/Desktop/Engine/venv/lib/python3.11/site-packages/airflow/example_dags/example_params_ui_tutorial.py took 0.129 seconds
[2025-07-20T16:36:57.974+0530] {processor.py:186} INFO - Started process (PID=41585) to work on /Users/parth/Desktop/Engine/venv/lib/python3.11/site-packages/airflow/example_dags/example_params_ui_tutorial.py
[2025-07-20T16:36:57.975+0530] {processor.py:914} INFO - Processing file /Users/parth/Desktop/Engine/venv/lib/python3.11/site-packages/airflow/example_dags/example_params_ui_tutorial.py for tasks to queue
[2025-07-20T16:36:57.976+0530] {logging_mixin.py:190} INFO - [2025-07-20T16:36:57.975+0530] {dagbag.py:588} INFO - Filling up the DagBag from /Users/parth/Desktop/Engine/venv/lib/python3.11/site-packages/airflow/example_dags/example_params_ui_tutorial.py
[2025-07-20T16:36:58.003+0530] {processor.py:925} INFO - DAG(s) 'example_params_ui_tutorial' retrieved from /Users/parth/Desktop/Engine/venv/lib/python3.11/site-packages/airflow/example_dags/example_params_ui_tutorial.py
[2025-07-20T16:36:58.079+0530] {logging_mixin.py:190} INFO - [2025-07-20T16:36:58.079+0530] {dag.py:3239} INFO - Sync 1 DAGs
[2025-07-20T16:36:58.086+0530] {logging_mixin.py:190} INFO - [2025-07-20T16:36:58.086+0530] {dag.py:4180} INFO - Setting next_dagrun for example_params_ui_tutorial to None, run_after=None
[2025-07-20T16:36:58.098+0530] {processor.py:208} INFO - Processing /Users/parth/Desktop/Engine/venv/lib/python3.11/site-packages/airflow/example_dags/example_params_ui_tutorial.py took 0.127 seconds
[2025-07-20T16:39:20.124+0530] {processor.py:186} INFO - Started process (PID=42541) to work on /Users/parth/Desktop/Engine/venv/lib/python3.11/site-packages/airflow/example_dags/example_params_ui_tutorial.py
[2025-07-20T16:39:20.125+0530] {processor.py:914} INFO - Processing file /Users/parth/Desktop/Engine/venv/lib/python3.11/site-packages/airflow/example_dags/example_params_ui_tutorial.py for tasks to queue
[2025-07-20T16:39:20.126+0530] {logging_mixin.py:190} INFO - [2025-07-20T16:39:20.126+0530] {dagbag.py:588} INFO - Filling up the DagBag from /Users/parth/Desktop/Engine/venv/lib/python3.11/site-packages/airflow/example_dags/example_params_ui_tutorial.py
[2025-07-20T16:39:20.152+0530] {processor.py:925} INFO - DAG(s) 'example_params_ui_tutorial' retrieved from /Users/parth/Desktop/Engine/venv/lib/python3.11/site-packages/airflow/example_dags/example_params_ui_tutorial.py
[2025-07-20T16:39:20.231+0530] {logging_mixin.py:190} INFO - [2025-07-20T16:39:20.231+0530] {dag.py:3239} INFO - Sync 1 DAGs
[2025-07-20T16:39:20.238+0530] {logging_mixin.py:190} INFO - [2025-07-20T16:39:20.237+0530] {dag.py:4180} INFO - Setting next_dagrun for example_params_ui_tutorial to None, run_after=None
[2025-07-20T16:39:20.249+0530] {processor.py:208} INFO - Processing /Users/parth/Desktop/Engine/venv/lib/python3.11/site-packages/airflow/example_dags/example_params_ui_tutorial.py took 0.128 seconds
[2025-07-20T16:41:28.449+0530] {processor.py:186} INFO - Started process (PID=43350) to work on /Users/parth/Desktop/Engine/venv/lib/python3.11/site-packages/airflow/example_dags/example_params_ui_tutorial.py
[2025-07-20T16:41:28.451+0530] {processor.py:914} INFO - Processing file /Users/parth/Desktop/Engine/venv/lib/python3.11/site-packages/airflow/example_dags/example_params_ui_tutorial.py for tasks to queue
[2025-07-20T16:41:28.451+0530] {logging_mixin.py:190} INFO - [2025-07-20T16:41:28.451+0530] {dagbag.py:588} INFO - Filling up the DagBag from /Users/parth/Desktop/Engine/venv/lib/python3.11/site-packages/airflow/example_dags/example_params_ui_tutorial.py
[2025-07-20T16:41:28.477+0530] {processor.py:925} INFO - DAG(s) 'example_params_ui_tutorial' retrieved from /Users/parth/Desktop/Engine/venv/lib/python3.11/site-packages/airflow/example_dags/example_params_ui_tutorial.py
[2025-07-20T16:41:28.551+0530] {logging_mixin.py:190} INFO - [2025-07-20T16:41:28.551+0530] {dag.py:3239} INFO - Sync 1 DAGs
[2025-07-20T16:41:28.558+0530] {logging_mixin.py:190} INFO - [2025-07-20T16:41:28.558+0530] {dag.py:4180} INFO - Setting next_dagrun for example_params_ui_tutorial to None, run_after=None
[2025-07-20T16:41:28.569+0530] {processor.py:208} INFO - Processing /Users/parth/Desktop/Engine/venv/lib/python3.11/site-packages/airflow/example_dags/example_params_ui_tutorial.py took 0.122 seconds
[2025-07-20T16:43:36.318+0530] {processor.py:186} INFO - Started process (PID=44159) to work on /Users/parth/Desktop/Engine/venv/lib/python3.11/site-packages/airflow/example_dags/example_params_ui_tutorial.py
[2025-07-20T16:43:36.319+0530] {processor.py:914} INFO - Processing file /Users/parth/Desktop/Engine/venv/lib/python3.11/site-packages/airflow/example_dags/example_params_ui_tutorial.py for tasks to queue
[2025-07-20T16:43:36.320+0530] {logging_mixin.py:190} INFO - [2025-07-20T16:43:36.320+0530] {dagbag.py:588} INFO - Filling up the DagBag from /Users/parth/Desktop/Engine/venv/lib/python3.11/site-packages/airflow/example_dags/example_params_ui_tutorial.py
[2025-07-20T16:43:36.347+0530] {processor.py:925} INFO - DAG(s) 'example_params_ui_tutorial' retrieved from /Users/parth/Desktop/Engine/venv/lib/python3.11/site-packages/airflow/example_dags/example_params_ui_tutorial.py
[2025-07-20T16:43:36.421+0530] {logging_mixin.py:190} INFO - [2025-07-20T16:43:36.421+0530] {dag.py:3239} INFO - Sync 1 DAGs
[2025-07-20T16:43:36.428+0530] {logging_mixin.py:190} INFO - [2025-07-20T16:43:36.428+0530] {dag.py:4180} INFO - Setting next_dagrun for example_params_ui_tutorial to None, run_after=None
[2025-07-20T16:43:36.440+0530] {processor.py:208} INFO - Processing /Users/parth/Desktop/Engine/venv/lib/python3.11/site-packages/airflow/example_dags/example_params_ui_tutorial.py took 0.124 seconds
[2025-07-20T16:45:43.353+0530] {processor.py:186} INFO - Started process (PID=44992) to work on /Users/parth/Desktop/Engine/venv/lib/python3.11/site-packages/airflow/example_dags/example_params_ui_tutorial.py
[2025-07-20T16:45:43.355+0530] {processor.py:914} INFO - Processing file /Users/parth/Desktop/Engine/venv/lib/python3.11/site-packages/airflow/example_dags/example_params_ui_tutorial.py for tasks to queue
[2025-07-20T16:45:43.356+0530] {logging_mixin.py:190} INFO - [2025-07-20T16:45:43.355+0530] {dagbag.py:588} INFO - Filling up the DagBag from /Users/parth/Desktop/Engine/venv/lib/python3.11/site-packages/airflow/example_dags/example_params_ui_tutorial.py
[2025-07-20T16:45:43.382+0530] {processor.py:925} INFO - DAG(s) 'example_params_ui_tutorial' retrieved from /Users/parth/Desktop/Engine/venv/lib/python3.11/site-packages/airflow/example_dags/example_params_ui_tutorial.py
[2025-07-20T16:45:43.457+0530] {logging_mixin.py:190} INFO - [2025-07-20T16:45:43.457+0530] {dag.py:3239} INFO - Sync 1 DAGs
[2025-07-20T16:45:43.463+0530] {logging_mixin.py:190} INFO - [2025-07-20T16:45:43.463+0530] {dag.py:4180} INFO - Setting next_dagrun for example_params_ui_tutorial to None, run_after=None
[2025-07-20T16:45:43.475+0530] {processor.py:208} INFO - Processing /Users/parth/Desktop/Engine/venv/lib/python3.11/site-packages/airflow/example_dags/example_params_ui_tutorial.py took 0.124 seconds
[2025-07-20T16:47:44.743+0530] {processor.py:186} INFO - Started process (PID=45776) to work on /Users/parth/Desktop/Engine/venv/lib/python3.11/site-packages/airflow/example_dags/example_params_ui_tutorial.py
[2025-07-20T16:47:44.744+0530] {processor.py:914} INFO - Processing file /Users/parth/Desktop/Engine/venv/lib/python3.11/site-packages/airflow/example_dags/example_params_ui_tutorial.py for tasks to queue
[2025-07-20T16:47:44.745+0530] {logging_mixin.py:190} INFO - [2025-07-20T16:47:44.745+0530] {dagbag.py:588} INFO - Filling up the DagBag from /Users/parth/Desktop/Engine/venv/lib/python3.11/site-packages/airflow/example_dags/example_params_ui_tutorial.py
[2025-07-20T16:47:44.775+0530] {processor.py:925} INFO - DAG(s) 'example_params_ui_tutorial' retrieved from /Users/parth/Desktop/Engine/venv/lib/python3.11/site-packages/airflow/example_dags/example_params_ui_tutorial.py
[2025-07-20T16:47:44.853+0530] {logging_mixin.py:190} INFO - [2025-07-20T16:47:44.852+0530] {dag.py:3239} INFO - Sync 1 DAGs
[2025-07-20T16:47:44.860+0530] {logging_mixin.py:190} INFO - [2025-07-20T16:47:44.859+0530] {dag.py:4180} INFO - Setting next_dagrun for example_params_ui_tutorial to None, run_after=None
[2025-07-20T16:47:44.872+0530] {processor.py:208} INFO - Processing /Users/parth/Desktop/Engine/venv/lib/python3.11/site-packages/airflow/example_dags/example_params_ui_tutorial.py took 0.131 seconds
[2025-07-20T16:49:43.438+0530] {processor.py:186} INFO - Started process (PID=46570) to work on /Users/parth/Desktop/Engine/venv/lib/python3.11/site-packages/airflow/example_dags/example_params_ui_tutorial.py
[2025-07-20T16:49:43.440+0530] {processor.py:914} INFO - Processing file /Users/parth/Desktop/Engine/venv/lib/python3.11/site-packages/airflow/example_dags/example_params_ui_tutorial.py for tasks to queue
[2025-07-20T16:49:43.441+0530] {logging_mixin.py:190} INFO - [2025-07-20T16:49:43.441+0530] {dagbag.py:588} INFO - Filling up the DagBag from /Users/parth/Desktop/Engine/venv/lib/python3.11/site-packages/airflow/example_dags/example_params_ui_tutorial.py
[2025-07-20T16:49:43.475+0530] {processor.py:925} INFO - DAG(s) 'example_params_ui_tutorial' retrieved from /Users/parth/Desktop/Engine/venv/lib/python3.11/site-packages/airflow/example_dags/example_params_ui_tutorial.py
[2025-07-20T16:49:43.566+0530] {logging_mixin.py:190} INFO - [2025-07-20T16:49:43.566+0530] {dag.py:3239} INFO - Sync 1 DAGs
[2025-07-20T16:49:43.574+0530] {logging_mixin.py:190} INFO - [2025-07-20T16:49:43.574+0530] {dag.py:4180} INFO - Setting next_dagrun for example_params_ui_tutorial to None, run_after=None
[2025-07-20T16:49:43.588+0530] {processor.py:208} INFO - Processing /Users/parth/Desktop/Engine/venv/lib/python3.11/site-packages/airflow/example_dags/example_params_ui_tutorial.py took 0.154 seconds
[2025-07-20T16:51:31.431+0530] {processor.py:186} INFO - Started process (PID=47284) to work on /Users/parth/Desktop/Engine/venv/lib/python3.11/site-packages/airflow/example_dags/example_params_ui_tutorial.py
[2025-07-20T16:51:31.432+0530] {processor.py:914} INFO - Processing file /Users/parth/Desktop/Engine/venv/lib/python3.11/site-packages/airflow/example_dags/example_params_ui_tutorial.py for tasks to queue
[2025-07-20T16:51:31.433+0530] {logging_mixin.py:190} INFO - [2025-07-20T16:51:31.433+0530] {dagbag.py:588} INFO - Filling up the DagBag from /Users/parth/Desktop/Engine/venv/lib/python3.11/site-packages/airflow/example_dags/example_params_ui_tutorial.py
[2025-07-20T16:51:31.458+0530] {processor.py:925} INFO - DAG(s) 'example_params_ui_tutorial' retrieved from /Users/parth/Desktop/Engine/venv/lib/python3.11/site-packages/airflow/example_dags/example_params_ui_tutorial.py
[2025-07-20T16:51:31.532+0530] {logging_mixin.py:190} INFO - [2025-07-20T16:51:31.532+0530] {dag.py:3239} INFO - Sync 1 DAGs
[2025-07-20T16:51:31.538+0530] {logging_mixin.py:190} INFO - [2025-07-20T16:51:31.538+0530] {dag.py:4180} INFO - Setting next_dagrun for example_params_ui_tutorial to None, run_after=None
[2025-07-20T16:51:31.549+0530] {processor.py:208} INFO - Processing /Users/parth/Desktop/Engine/venv/lib/python3.11/site-packages/airflow/example_dags/example_params_ui_tutorial.py took 0.120 seconds
[2025-07-20T17:51:05.007+0530] {processor.py:186} INFO - Started process (PID=48115) to work on /Users/parth/Desktop/Engine/venv/lib/python3.11/site-packages/airflow/example_dags/example_params_ui_tutorial.py
[2025-07-20T17:51:05.008+0530] {processor.py:914} INFO - Processing file /Users/parth/Desktop/Engine/venv/lib/python3.11/site-packages/airflow/example_dags/example_params_ui_tutorial.py for tasks to queue
[2025-07-20T17:51:05.009+0530] {logging_mixin.py:190} INFO - [2025-07-20T17:51:05.009+0530] {dagbag.py:588} INFO - Filling up the DagBag from /Users/parth/Desktop/Engine/venv/lib/python3.11/site-packages/airflow/example_dags/example_params_ui_tutorial.py
[2025-07-20T17:51:05.034+0530] {processor.py:925} INFO - DAG(s) 'example_params_ui_tutorial' retrieved from /Users/parth/Desktop/Engine/venv/lib/python3.11/site-packages/airflow/example_dags/example_params_ui_tutorial.py
[2025-07-20T17:51:05.109+0530] {logging_mixin.py:190} INFO - [2025-07-20T17:51:05.108+0530] {dag.py:3239} INFO - Sync 1 DAGs
[2025-07-20T17:51:05.115+0530] {logging_mixin.py:190} INFO - [2025-07-20T17:51:05.115+0530] {dag.py:4180} INFO - Setting next_dagrun for example_params_ui_tutorial to None, run_after=None
[2025-07-20T17:51:05.127+0530] {processor.py:208} INFO - Processing /Users/parth/Desktop/Engine/venv/lib/python3.11/site-packages/airflow/example_dags/example_params_ui_tutorial.py took 0.123 seconds
[2025-07-20T17:54:59.648+0530] {processor.py:186} INFO - Started process (PID=49648) to work on /Users/parth/Desktop/Engine/venv/lib/python3.11/site-packages/airflow/example_dags/example_params_ui_tutorial.py
[2025-07-20T17:54:59.650+0530] {processor.py:914} INFO - Processing file /Users/parth/Desktop/Engine/venv/lib/python3.11/site-packages/airflow/example_dags/example_params_ui_tutorial.py for tasks to queue
[2025-07-20T17:54:59.650+0530] {logging_mixin.py:190} INFO - [2025-07-20T17:54:59.650+0530] {dagbag.py:588} INFO - Filling up the DagBag from /Users/parth/Desktop/Engine/venv/lib/python3.11/site-packages/airflow/example_dags/example_params_ui_tutorial.py
[2025-07-20T17:54:59.677+0530] {processor.py:925} INFO - DAG(s) 'example_params_ui_tutorial' retrieved from /Users/parth/Desktop/Engine/venv/lib/python3.11/site-packages/airflow/example_dags/example_params_ui_tutorial.py
[2025-07-20T17:54:59.752+0530] {logging_mixin.py:190} INFO - [2025-07-20T17:54:59.752+0530] {dag.py:3239} INFO - Sync 1 DAGs
[2025-07-20T17:54:59.758+0530] {logging_mixin.py:190} INFO - [2025-07-20T17:54:59.758+0530] {dag.py:4180} INFO - Setting next_dagrun for example_params_ui_tutorial to None, run_after=None
[2025-07-20T17:54:59.770+0530] {processor.py:208} INFO - Processing /Users/parth/Desktop/Engine/venv/lib/python3.11/site-packages/airflow/example_dags/example_params_ui_tutorial.py took 0.124 seconds
[2025-07-20T17:56:51.896+0530] {processor.py:186} INFO - Started process (PID=50360) to work on /Users/parth/Desktop/Engine/venv/lib/python3.11/site-packages/airflow/example_dags/example_params_ui_tutorial.py
[2025-07-20T17:56:51.898+0530] {processor.py:914} INFO - Processing file /Users/parth/Desktop/Engine/venv/lib/python3.11/site-packages/airflow/example_dags/example_params_ui_tutorial.py for tasks to queue
[2025-07-20T17:56:51.898+0530] {logging_mixin.py:190} INFO - [2025-07-20T17:56:51.898+0530] {dagbag.py:588} INFO - Filling up the DagBag from /Users/parth/Desktop/Engine/venv/lib/python3.11/site-packages/airflow/example_dags/example_params_ui_tutorial.py
[2025-07-20T17:56:51.924+0530] {processor.py:925} INFO - DAG(s) 'example_params_ui_tutorial' retrieved from /Users/parth/Desktop/Engine/venv/lib/python3.11/site-packages/airflow/example_dags/example_params_ui_tutorial.py
[2025-07-20T17:56:51.997+0530] {logging_mixin.py:190} INFO - [2025-07-20T17:56:51.997+0530] {dag.py:3239} INFO - Sync 1 DAGs
[2025-07-20T17:56:52.003+0530] {logging_mixin.py:190} INFO - [2025-07-20T17:56:52.003+0530] {dag.py:4180} INFO - Setting next_dagrun for example_params_ui_tutorial to None, run_after=None
[2025-07-20T17:56:52.014+0530] {processor.py:208} INFO - Processing /Users/parth/Desktop/Engine/venv/lib/python3.11/site-packages/airflow/example_dags/example_params_ui_tutorial.py took 0.120 seconds
[2025-07-20T18:00:37.400+0530] {processor.py:186} INFO - Started process (PID=51803) to work on /Users/parth/Desktop/Engine/venv/lib/python3.11/site-packages/airflow/example_dags/example_params_ui_tutorial.py
[2025-07-20T18:00:37.401+0530] {processor.py:914} INFO - Processing file /Users/parth/Desktop/Engine/venv/lib/python3.11/site-packages/airflow/example_dags/example_params_ui_tutorial.py for tasks to queue
[2025-07-20T18:00:37.402+0530] {logging_mixin.py:190} INFO - [2025-07-20T18:00:37.402+0530] {dagbag.py:588} INFO - Filling up the DagBag from /Users/parth/Desktop/Engine/venv/lib/python3.11/site-packages/airflow/example_dags/example_params_ui_tutorial.py
[2025-07-20T18:00:37.428+0530] {processor.py:925} INFO - DAG(s) 'example_params_ui_tutorial' retrieved from /Users/parth/Desktop/Engine/venv/lib/python3.11/site-packages/airflow/example_dags/example_params_ui_tutorial.py
[2025-07-20T18:00:37.502+0530] {logging_mixin.py:190} INFO - [2025-07-20T18:00:37.502+0530] {dag.py:3239} INFO - Sync 1 DAGs
[2025-07-20T18:00:37.509+0530] {logging_mixin.py:190} INFO - [2025-07-20T18:00:37.508+0530] {dag.py:4180} INFO - Setting next_dagrun for example_params_ui_tutorial to None, run_after=None
[2025-07-20T18:00:37.520+0530] {processor.py:208} INFO - Processing /Users/parth/Desktop/Engine/venv/lib/python3.11/site-packages/airflow/example_dags/example_params_ui_tutorial.py took 0.123 seconds
[2025-07-20T18:02:35.496+0530] {processor.py:186} INFO - Started process (PID=52566) to work on /Users/parth/Desktop/Engine/venv/lib/python3.11/site-packages/airflow/example_dags/example_params_ui_tutorial.py
[2025-07-20T18:02:35.497+0530] {processor.py:914} INFO - Processing file /Users/parth/Desktop/Engine/venv/lib/python3.11/site-packages/airflow/example_dags/example_params_ui_tutorial.py for tasks to queue
[2025-07-20T18:02:35.498+0530] {logging_mixin.py:190} INFO - [2025-07-20T18:02:35.498+0530] {dagbag.py:588} INFO - Filling up the DagBag from /Users/parth/Desktop/Engine/venv/lib/python3.11/site-packages/airflow/example_dags/example_params_ui_tutorial.py
[2025-07-20T18:02:35.525+0530] {processor.py:925} INFO - DAG(s) 'example_params_ui_tutorial' retrieved from /Users/parth/Desktop/Engine/venv/lib/python3.11/site-packages/airflow/example_dags/example_params_ui_tutorial.py
[2025-07-20T18:02:35.600+0530] {logging_mixin.py:190} INFO - [2025-07-20T18:02:35.600+0530] {dag.py:3239} INFO - Sync 1 DAGs
[2025-07-20T18:02:35.607+0530] {logging_mixin.py:190} INFO - [2025-07-20T18:02:35.606+0530] {dag.py:4180} INFO - Setting next_dagrun for example_params_ui_tutorial to None, run_after=None
[2025-07-20T18:02:35.618+0530] {processor.py:208} INFO - Processing /Users/parth/Desktop/Engine/venv/lib/python3.11/site-packages/airflow/example_dags/example_params_ui_tutorial.py took 0.125 seconds
[2025-07-20T18:04:31.891+0530] {processor.py:186} INFO - Started process (PID=53302) to work on /Users/parth/Desktop/Engine/venv/lib/python3.11/site-packages/airflow/example_dags/example_params_ui_tutorial.py
[2025-07-20T18:04:31.892+0530] {processor.py:914} INFO - Processing file /Users/parth/Desktop/Engine/venv/lib/python3.11/site-packages/airflow/example_dags/example_params_ui_tutorial.py for tasks to queue
[2025-07-20T18:04:31.893+0530] {logging_mixin.py:190} INFO - [2025-07-20T18:04:31.893+0530] {dagbag.py:588} INFO - Filling up the DagBag from /Users/parth/Desktop/Engine/venv/lib/python3.11/site-packages/airflow/example_dags/example_params_ui_tutorial.py
[2025-07-20T18:04:31.918+0530] {processor.py:925} INFO - DAG(s) 'example_params_ui_tutorial' retrieved from /Users/parth/Desktop/Engine/venv/lib/python3.11/site-packages/airflow/example_dags/example_params_ui_tutorial.py
[2025-07-20T18:04:31.994+0530] {logging_mixin.py:190} INFO - [2025-07-20T18:04:31.993+0530] {dag.py:3239} INFO - Sync 1 DAGs
[2025-07-20T18:04:32.000+0530] {logging_mixin.py:190} INFO - [2025-07-20T18:04:32.000+0530] {dag.py:4180} INFO - Setting next_dagrun for example_params_ui_tutorial to None, run_after=None
[2025-07-20T18:04:32.011+0530] {processor.py:208} INFO - Processing /Users/parth/Desktop/Engine/venv/lib/python3.11/site-packages/airflow/example_dags/example_params_ui_tutorial.py took 0.123 seconds
[2025-07-20T18:06:26.935+0530] {processor.py:186} INFO - Started process (PID=54057) to work on /Users/parth/Desktop/Engine/venv/lib/python3.11/site-packages/airflow/example_dags/example_params_ui_tutorial.py
[2025-07-20T18:06:26.937+0530] {processor.py:914} INFO - Processing file /Users/parth/Desktop/Engine/venv/lib/python3.11/site-packages/airflow/example_dags/example_params_ui_tutorial.py for tasks to queue
[2025-07-20T18:06:26.937+0530] {logging_mixin.py:190} INFO - [2025-07-20T18:06:26.937+0530] {dagbag.py:588} INFO - Filling up the DagBag from /Users/parth/Desktop/Engine/venv/lib/python3.11/site-packages/airflow/example_dags/example_params_ui_tutorial.py
[2025-07-20T18:06:26.962+0530] {processor.py:925} INFO - DAG(s) 'example_params_ui_tutorial' retrieved from /Users/parth/Desktop/Engine/venv/lib/python3.11/site-packages/airflow/example_dags/example_params_ui_tutorial.py
[2025-07-20T18:06:27.035+0530] {logging_mixin.py:190} INFO - [2025-07-20T18:06:27.035+0530] {dag.py:3239} INFO - Sync 1 DAGs
[2025-07-20T18:06:27.042+0530] {logging_mixin.py:190} INFO - [2025-07-20T18:06:27.042+0530] {dag.py:4180} INFO - Setting next_dagrun for example_params_ui_tutorial to None, run_after=None
[2025-07-20T18:06:27.053+0530] {processor.py:208} INFO - Processing /Users/parth/Desktop/Engine/venv/lib/python3.11/site-packages/airflow/example_dags/example_params_ui_tutorial.py took 0.120 seconds
[2025-07-20T18:08:24.681+0530] {processor.py:186} INFO - Started process (PID=54807) to work on /Users/parth/Desktop/Engine/venv/lib/python3.11/site-packages/airflow/example_dags/example_params_ui_tutorial.py
[2025-07-20T18:08:24.683+0530] {processor.py:914} INFO - Processing file /Users/parth/Desktop/Engine/venv/lib/python3.11/site-packages/airflow/example_dags/example_params_ui_tutorial.py for tasks to queue
[2025-07-20T18:08:24.684+0530] {logging_mixin.py:190} INFO - [2025-07-20T18:08:24.683+0530] {dagbag.py:588} INFO - Filling up the DagBag from /Users/parth/Desktop/Engine/venv/lib/python3.11/site-packages/airflow/example_dags/example_params_ui_tutorial.py
[2025-07-20T18:08:24.710+0530] {processor.py:925} INFO - DAG(s) 'example_params_ui_tutorial' retrieved from /Users/parth/Desktop/Engine/venv/lib/python3.11/site-packages/airflow/example_dags/example_params_ui_tutorial.py
[2025-07-20T18:08:24.784+0530] {logging_mixin.py:190} INFO - [2025-07-20T18:08:24.784+0530] {dag.py:3239} INFO - Sync 1 DAGs
[2025-07-20T18:08:24.791+0530] {logging_mixin.py:190} INFO - [2025-07-20T18:08:24.791+0530] {dag.py:4180} INFO - Setting next_dagrun for example_params_ui_tutorial to None, run_after=None
[2025-07-20T18:08:24.802+0530] {processor.py:208} INFO - Processing /Users/parth/Desktop/Engine/venv/lib/python3.11/site-packages/airflow/example_dags/example_params_ui_tutorial.py took 0.123 seconds
[2025-07-20T18:23:34.684+0530] {processor.py:186} INFO - Started process (PID=55521) to work on /Users/parth/Desktop/Engine/venv/lib/python3.11/site-packages/airflow/example_dags/example_params_ui_tutorial.py
[2025-07-20T18:23:34.686+0530] {processor.py:914} INFO - Processing file /Users/parth/Desktop/Engine/venv/lib/python3.11/site-packages/airflow/example_dags/example_params_ui_tutorial.py for tasks to queue
[2025-07-20T18:23:34.686+0530] {logging_mixin.py:190} INFO - [2025-07-20T18:23:34.686+0530] {dagbag.py:588} INFO - Filling up the DagBag from /Users/parth/Desktop/Engine/venv/lib/python3.11/site-packages/airflow/example_dags/example_params_ui_tutorial.py
[2025-07-20T18:23:34.712+0530] {processor.py:925} INFO - DAG(s) 'example_params_ui_tutorial' retrieved from /Users/parth/Desktop/Engine/venv/lib/python3.11/site-packages/airflow/example_dags/example_params_ui_tutorial.py
[2025-07-20T18:23:34.786+0530] {logging_mixin.py:190} INFO - [2025-07-20T18:23:34.786+0530] {dag.py:3239} INFO - Sync 1 DAGs
[2025-07-20T18:23:34.793+0530] {logging_mixin.py:190} INFO - [2025-07-20T18:23:34.792+0530] {dag.py:4180} INFO - Setting next_dagrun for example_params_ui_tutorial to None, run_after=None
[2025-07-20T18:23:34.803+0530] {processor.py:208} INFO - Processing /Users/parth/Desktop/Engine/venv/lib/python3.11/site-packages/airflow/example_dags/example_params_ui_tutorial.py took 0.121 seconds
[2025-07-20T18:25:43.019+0530] {processor.py:186} INFO - Started process (PID=56350) to work on /Users/parth/Desktop/Engine/venv/lib/python3.11/site-packages/airflow/example_dags/example_params_ui_tutorial.py
[2025-07-20T18:25:43.020+0530] {processor.py:914} INFO - Processing file /Users/parth/Desktop/Engine/venv/lib/python3.11/site-packages/airflow/example_dags/example_params_ui_tutorial.py for tasks to queue
[2025-07-20T18:25:43.021+0530] {logging_mixin.py:190} INFO - [2025-07-20T18:25:43.021+0530] {dagbag.py:588} INFO - Filling up the DagBag from /Users/parth/Desktop/Engine/venv/lib/python3.11/site-packages/airflow/example_dags/example_params_ui_tutorial.py
[2025-07-20T18:25:43.046+0530] {processor.py:925} INFO - DAG(s) 'example_params_ui_tutorial' retrieved from /Users/parth/Desktop/Engine/venv/lib/python3.11/site-packages/airflow/example_dags/example_params_ui_tutorial.py
[2025-07-20T18:25:43.120+0530] {logging_mixin.py:190} INFO - [2025-07-20T18:25:43.120+0530] {dag.py:3239} INFO - Sync 1 DAGs
[2025-07-20T18:25:43.127+0530] {logging_mixin.py:190} INFO - [2025-07-20T18:25:43.126+0530] {dag.py:4180} INFO - Setting next_dagrun for example_params_ui_tutorial to None, run_after=None
[2025-07-20T18:25:43.137+0530] {processor.py:208} INFO - Processing /Users/parth/Desktop/Engine/venv/lib/python3.11/site-packages/airflow/example_dags/example_params_ui_tutorial.py took 0.121 seconds
[2025-07-20T18:29:21.640+0530] {processor.py:186} INFO - Started process (PID=57752) to work on /Users/parth/Desktop/Engine/venv/lib/python3.11/site-packages/airflow/example_dags/example_params_ui_tutorial.py
[2025-07-20T18:29:21.641+0530] {processor.py:914} INFO - Processing file /Users/parth/Desktop/Engine/venv/lib/python3.11/site-packages/airflow/example_dags/example_params_ui_tutorial.py for tasks to queue
[2025-07-20T18:29:21.642+0530] {logging_mixin.py:190} INFO - [2025-07-20T18:29:21.642+0530] {dagbag.py:588} INFO - Filling up the DagBag from /Users/parth/Desktop/Engine/venv/lib/python3.11/site-packages/airflow/example_dags/example_params_ui_tutorial.py
[2025-07-20T18:29:21.668+0530] {processor.py:925} INFO - DAG(s) 'example_params_ui_tutorial' retrieved from /Users/parth/Desktop/Engine/venv/lib/python3.11/site-packages/airflow/example_dags/example_params_ui_tutorial.py
[2025-07-20T18:29:21.744+0530] {logging_mixin.py:190} INFO - [2025-07-20T18:29:21.744+0530] {dag.py:3239} INFO - Sync 1 DAGs
[2025-07-20T18:29:21.750+0530] {logging_mixin.py:190} INFO - [2025-07-20T18:29:21.750+0530] {dag.py:4180} INFO - Setting next_dagrun for example_params_ui_tutorial to None, run_after=None
[2025-07-20T18:29:21.762+0530] {processor.py:208} INFO - Processing /Users/parth/Desktop/Engine/venv/lib/python3.11/site-packages/airflow/example_dags/example_params_ui_tutorial.py took 0.125 seconds
[2025-07-20T18:31:09.383+0530] {processor.py:186} INFO - Started process (PID=58454) to work on /Users/parth/Desktop/Engine/venv/lib/python3.11/site-packages/airflow/example_dags/example_params_ui_tutorial.py
[2025-07-20T18:31:09.385+0530] {processor.py:914} INFO - Processing file /Users/parth/Desktop/Engine/venv/lib/python3.11/site-packages/airflow/example_dags/example_params_ui_tutorial.py for tasks to queue
[2025-07-20T18:31:09.385+0530] {logging_mixin.py:190} INFO - [2025-07-20T18:31:09.385+0530] {dagbag.py:588} INFO - Filling up the DagBag from /Users/parth/Desktop/Engine/venv/lib/python3.11/site-packages/airflow/example_dags/example_params_ui_tutorial.py
[2025-07-20T18:31:09.411+0530] {processor.py:925} INFO - DAG(s) 'example_params_ui_tutorial' retrieved from /Users/parth/Desktop/Engine/venv/lib/python3.11/site-packages/airflow/example_dags/example_params_ui_tutorial.py
[2025-07-20T18:31:09.485+0530] {logging_mixin.py:190} INFO - [2025-07-20T18:31:09.485+0530] {dag.py:3239} INFO - Sync 1 DAGs
[2025-07-20T18:31:09.492+0530] {logging_mixin.py:190} INFO - [2025-07-20T18:31:09.492+0530] {dag.py:4180} INFO - Setting next_dagrun for example_params_ui_tutorial to None, run_after=None
[2025-07-20T18:31:09.503+0530] {processor.py:208} INFO - Processing /Users/parth/Desktop/Engine/venv/lib/python3.11/site-packages/airflow/example_dags/example_params_ui_tutorial.py took 0.122 seconds
[2025-07-20T18:47:23.532+0530] {processor.py:186} INFO - Started process (PID=59807) to work on /Users/parth/Desktop/Engine/venv/lib/python3.11/site-packages/airflow/example_dags/example_params_ui_tutorial.py
[2025-07-20T18:47:23.533+0530] {processor.py:914} INFO - Processing file /Users/parth/Desktop/Engine/venv/lib/python3.11/site-packages/airflow/example_dags/example_params_ui_tutorial.py for tasks to queue
[2025-07-20T18:47:23.533+0530] {logging_mixin.py:190} INFO - [2025-07-20T18:47:23.533+0530] {dagbag.py:588} INFO - Filling up the DagBag from /Users/parth/Desktop/Engine/venv/lib/python3.11/site-packages/airflow/example_dags/example_params_ui_tutorial.py
[2025-07-20T18:47:23.559+0530] {processor.py:925} INFO - DAG(s) 'example_params_ui_tutorial' retrieved from /Users/parth/Desktop/Engine/venv/lib/python3.11/site-packages/airflow/example_dags/example_params_ui_tutorial.py
[2025-07-20T18:47:23.635+0530] {logging_mixin.py:190} INFO - [2025-07-20T18:47:23.634+0530] {dag.py:3239} INFO - Sync 1 DAGs
[2025-07-20T18:47:23.641+0530] {logging_mixin.py:190} INFO - [2025-07-20T18:47:23.641+0530] {dag.py:4180} INFO - Setting next_dagrun for example_params_ui_tutorial to None, run_after=None
[2025-07-20T18:47:23.652+0530] {processor.py:208} INFO - Processing /Users/parth/Desktop/Engine/venv/lib/python3.11/site-packages/airflow/example_dags/example_params_ui_tutorial.py took 0.122 seconds
[2025-07-20T19:08:43.409+0530] {processor.py:186} INFO - Started process (PID=61169) to work on /Users/parth/Desktop/Engine/venv/lib/python3.11/site-packages/airflow/example_dags/example_params_ui_tutorial.py
[2025-07-20T19:08:43.410+0530] {processor.py:914} INFO - Processing file /Users/parth/Desktop/Engine/venv/lib/python3.11/site-packages/airflow/example_dags/example_params_ui_tutorial.py for tasks to queue
[2025-07-20T19:08:43.410+0530] {logging_mixin.py:190} INFO - [2025-07-20T19:08:43.410+0530] {dagbag.py:588} INFO - Filling up the DagBag from /Users/parth/Desktop/Engine/venv/lib/python3.11/site-packages/airflow/example_dags/example_params_ui_tutorial.py
[2025-07-20T19:08:43.436+0530] {processor.py:925} INFO - DAG(s) 'example_params_ui_tutorial' retrieved from /Users/parth/Desktop/Engine/venv/lib/python3.11/site-packages/airflow/example_dags/example_params_ui_tutorial.py
[2025-07-20T19:08:43.510+0530] {logging_mixin.py:190} INFO - [2025-07-20T19:08:43.509+0530] {dag.py:3239} INFO - Sync 1 DAGs
[2025-07-20T19:08:43.516+0530] {logging_mixin.py:190} INFO - [2025-07-20T19:08:43.516+0530] {dag.py:4180} INFO - Setting next_dagrun for example_params_ui_tutorial to None, run_after=None
[2025-07-20T19:08:43.527+0530] {processor.py:208} INFO - Processing /Users/parth/Desktop/Engine/venv/lib/python3.11/site-packages/airflow/example_dags/example_params_ui_tutorial.py took 0.120 seconds
[2025-07-20T19:13:33.064+0530] {processor.py:186} INFO - Started process (PID=61881) to work on /Users/parth/Desktop/Engine/venv/lib/python3.11/site-packages/airflow/example_dags/example_params_ui_tutorial.py
[2025-07-20T19:13:33.065+0530] {processor.py:914} INFO - Processing file /Users/parth/Desktop/Engine/venv/lib/python3.11/site-packages/airflow/example_dags/example_params_ui_tutorial.py for tasks to queue
[2025-07-20T19:13:33.066+0530] {logging_mixin.py:190} INFO - [2025-07-20T19:13:33.066+0530] {dagbag.py:588} INFO - Filling up the DagBag from /Users/parth/Desktop/Engine/venv/lib/python3.11/site-packages/airflow/example_dags/example_params_ui_tutorial.py
[2025-07-20T19:13:33.091+0530] {processor.py:925} INFO - DAG(s) 'example_params_ui_tutorial' retrieved from /Users/parth/Desktop/Engine/venv/lib/python3.11/site-packages/airflow/example_dags/example_params_ui_tutorial.py
[2025-07-20T19:13:33.165+0530] {logging_mixin.py:190} INFO - [2025-07-20T19:13:33.165+0530] {dag.py:3239} INFO - Sync 1 DAGs
[2025-07-20T19:13:33.171+0530] {logging_mixin.py:190} INFO - [2025-07-20T19:13:33.171+0530] {dag.py:4180} INFO - Setting next_dagrun for example_params_ui_tutorial to None, run_after=None
[2025-07-20T19:13:33.182+0530] {processor.py:208} INFO - Processing /Users/parth/Desktop/Engine/venv/lib/python3.11/site-packages/airflow/example_dags/example_params_ui_tutorial.py took 0.120 seconds
