[2025-07-20T16:21:02.457+0530] {processor.py:186} INFO - Started process (PID=34909) to work on /Users/parth/Desktop/Engine/venv/lib/python3.11/site-packages/airflow/example_dags/example_local_kubernetes_executor.py
[2025-07-20T16:21:02.458+0530] {processor.py:914} INFO - Processing file /Users/parth/Desktop/Engine/venv/lib/python3.11/site-packages/airflow/example_dags/example_local_kubernetes_executor.py for tasks to queue
[2025-07-20T16:21:02.458+0530] {logging_mixin.py:190} INFO - [2025-07-20T16:21:02.458+0530] {dagbag.py:588} INFO - Filling up the DagBag from /Users/parth/Desktop/Engine/venv/lib/python3.11/site-packages/airflow/example_dags/example_local_kubernetes_executor.py
[2025-07-20T16:21:02.486+0530] {processor.py:925} INFO - DAG(s) 'example_local_kubernetes_executor' retrieved from /Users/parth/Desktop/Engine/venv/lib/python3.11/site-packages/airflow/example_dags/example_local_kubernetes_executor.py
[2025-07-20T16:21:02.550+0530] {logging_mixin.py:190} INFO - [2025-07-20T16:21:02.550+0530] {dag.py:3239} INFO - Sync 1 DAGs
[2025-07-20T16:21:02.557+0530] {logging_mixin.py:190} INFO - [2025-07-20T16:21:02.557+0530] {dag.py:4180} INFO - Setting next_dagrun for example_local_kubernetes_executor to None, run_after=None
[2025-07-20T16:21:02.569+0530] {processor.py:208} INFO - Processing /Users/parth/Desktop/Engine/venv/lib/python3.11/site-packages/airflow/example_dags/example_local_kubernetes_executor.py took 0.114 seconds
[2025-07-20T16:23:59.216+0530] {processor.py:186} INFO - Started process (PID=36102) to work on /Users/parth/Desktop/Engine/venv/lib/python3.11/site-packages/airflow/example_dags/example_local_kubernetes_executor.py
[2025-07-20T16:23:59.218+0530] {processor.py:914} INFO - Processing file /Users/parth/Desktop/Engine/venv/lib/python3.11/site-packages/airflow/example_dags/example_local_kubernetes_executor.py for tasks to queue
[2025-07-20T16:23:59.219+0530] {logging_mixin.py:190} INFO - [2025-07-20T16:23:59.219+0530] {dagbag.py:588} INFO - Filling up the DagBag from /Users/parth/Desktop/Engine/venv/lib/python3.11/site-packages/airflow/example_dags/example_local_kubernetes_executor.py
[2025-07-20T16:23:59.271+0530] {processor.py:925} INFO - DAG(s) 'example_local_kubernetes_executor' retrieved from /Users/parth/Desktop/Engine/venv/lib/python3.11/site-packages/airflow/example_dags/example_local_kubernetes_executor.py
[2025-07-20T16:23:59.396+0530] {logging_mixin.py:190} INFO - [2025-07-20T16:23:59.395+0530] {dag.py:3239} INFO - Sync 1 DAGs
[2025-07-20T16:23:59.407+0530] {logging_mixin.py:190} INFO - [2025-07-20T16:23:59.406+0530] {dag.py:4180} INFO - Setting next_dagrun for example_local_kubernetes_executor to None, run_after=None
[2025-07-20T16:23:59.429+0530] {processor.py:208} INFO - Processing /Users/parth/Desktop/Engine/venv/lib/python3.11/site-packages/airflow/example_dags/example_local_kubernetes_executor.py took 0.218 seconds
[2025-07-20T16:28:16.626+0530] {processor.py:186} INFO - Started process (PID=37884) to work on /Users/parth/Desktop/Engine/venv/lib/python3.11/site-packages/airflow/example_dags/example_local_kubernetes_executor.py
[2025-07-20T16:28:16.627+0530] {processor.py:914} INFO - Processing file /Users/parth/Desktop/Engine/venv/lib/python3.11/site-packages/airflow/example_dags/example_local_kubernetes_executor.py for tasks to queue
[2025-07-20T16:28:16.628+0530] {logging_mixin.py:190} INFO - [2025-07-20T16:28:16.628+0530] {dagbag.py:588} INFO - Filling up the DagBag from /Users/parth/Desktop/Engine/venv/lib/python3.11/site-packages/airflow/example_dags/example_local_kubernetes_executor.py
[2025-07-20T16:28:16.655+0530] {processor.py:925} INFO - DAG(s) 'example_local_kubernetes_executor' retrieved from /Users/parth/Desktop/Engine/venv/lib/python3.11/site-packages/airflow/example_dags/example_local_kubernetes_executor.py
[2025-07-20T16:28:16.717+0530] {logging_mixin.py:190} INFO - [2025-07-20T16:28:16.717+0530] {dag.py:3239} INFO - Sync 1 DAGs
[2025-07-20T16:28:16.724+0530] {logging_mixin.py:190} INFO - [2025-07-20T16:28:16.723+0530] {dag.py:4180} INFO - Setting next_dagrun for example_local_kubernetes_executor to None, run_after=None
[2025-07-20T16:28:16.735+0530] {processor.py:208} INFO - Processing /Users/parth/Desktop/Engine/venv/lib/python3.11/site-packages/airflow/example_dags/example_local_kubernetes_executor.py took 0.112 seconds
[2025-07-20T16:32:37.827+0530] {processor.py:186} INFO - Started process (PID=39804) to work on /Users/parth/Desktop/Engine/venv/lib/python3.11/site-packages/airflow/example_dags/example_local_kubernetes_executor.py
[2025-07-20T16:32:37.828+0530] {processor.py:914} INFO - Processing file /Users/parth/Desktop/Engine/venv/lib/python3.11/site-packages/airflow/example_dags/example_local_kubernetes_executor.py for tasks to queue
[2025-07-20T16:32:37.829+0530] {logging_mixin.py:190} INFO - [2025-07-20T16:32:37.829+0530] {dagbag.py:588} INFO - Filling up the DagBag from /Users/parth/Desktop/Engine/venv/lib/python3.11/site-packages/airflow/example_dags/example_local_kubernetes_executor.py
[2025-07-20T16:32:37.857+0530] {processor.py:925} INFO - DAG(s) 'example_local_kubernetes_executor' retrieved from /Users/parth/Desktop/Engine/venv/lib/python3.11/site-packages/airflow/example_dags/example_local_kubernetes_executor.py
[2025-07-20T16:32:37.922+0530] {logging_mixin.py:190} INFO - [2025-07-20T16:32:37.922+0530] {dag.py:3239} INFO - Sync 1 DAGs
[2025-07-20T16:32:37.929+0530] {logging_mixin.py:190} INFO - [2025-07-20T16:32:37.929+0530] {dag.py:4180} INFO - Setting next_dagrun for example_local_kubernetes_executor to None, run_after=None
[2025-07-20T16:32:37.940+0530] {processor.py:208} INFO - Processing /Users/parth/Desktop/Engine/venv/lib/python3.11/site-packages/airflow/example_dags/example_local_kubernetes_executor.py took 0.116 seconds
[2025-07-20T16:34:56.954+0530] {processor.py:186} INFO - Started process (PID=40820) to work on /Users/parth/Desktop/Engine/venv/lib/python3.11/site-packages/airflow/example_dags/example_local_kubernetes_executor.py
[2025-07-20T16:34:56.955+0530] {processor.py:914} INFO - Processing file /Users/parth/Desktop/Engine/venv/lib/python3.11/site-packages/airflow/example_dags/example_local_kubernetes_executor.py for tasks to queue
[2025-07-20T16:34:56.956+0530] {logging_mixin.py:190} INFO - [2025-07-20T16:34:56.956+0530] {dagbag.py:588} INFO - Filling up the DagBag from /Users/parth/Desktop/Engine/venv/lib/python3.11/site-packages/airflow/example_dags/example_local_kubernetes_executor.py
[2025-07-20T16:34:56.982+0530] {processor.py:925} INFO - DAG(s) 'example_local_kubernetes_executor' retrieved from /Users/parth/Desktop/Engine/venv/lib/python3.11/site-packages/airflow/example_dags/example_local_kubernetes_executor.py
[2025-07-20T16:34:57.046+0530] {logging_mixin.py:190} INFO - [2025-07-20T16:34:57.045+0530] {dag.py:3239} INFO - Sync 1 DAGs
[2025-07-20T16:34:57.053+0530] {logging_mixin.py:190} INFO - [2025-07-20T16:34:57.052+0530] {dag.py:4180} INFO - Setting next_dagrun for example_local_kubernetes_executor to None, run_after=None
[2025-07-20T16:34:57.065+0530] {processor.py:208} INFO - Processing /Users/parth/Desktop/Engine/venv/lib/python3.11/site-packages/airflow/example_dags/example_local_kubernetes_executor.py took 0.114 seconds
[2025-07-20T16:37:08.829+0530] {processor.py:186} INFO - Started process (PID=41655) to work on /Users/parth/Desktop/Engine/venv/lib/python3.11/site-packages/airflow/example_dags/example_local_kubernetes_executor.py
[2025-07-20T16:37:08.830+0530] {processor.py:914} INFO - Processing file /Users/parth/Desktop/Engine/venv/lib/python3.11/site-packages/airflow/example_dags/example_local_kubernetes_executor.py for tasks to queue
[2025-07-20T16:37:08.831+0530] {logging_mixin.py:190} INFO - [2025-07-20T16:37:08.831+0530] {dagbag.py:588} INFO - Filling up the DagBag from /Users/parth/Desktop/Engine/venv/lib/python3.11/site-packages/airflow/example_dags/example_local_kubernetes_executor.py
[2025-07-20T16:37:08.858+0530] {processor.py:925} INFO - DAG(s) 'example_local_kubernetes_executor' retrieved from /Users/parth/Desktop/Engine/venv/lib/python3.11/site-packages/airflow/example_dags/example_local_kubernetes_executor.py
[2025-07-20T16:37:08.919+0530] {logging_mixin.py:190} INFO - [2025-07-20T16:37:08.919+0530] {dag.py:3239} INFO - Sync 1 DAGs
[2025-07-20T16:37:08.926+0530] {logging_mixin.py:190} INFO - [2025-07-20T16:37:08.926+0530] {dag.py:4180} INFO - Setting next_dagrun for example_local_kubernetes_executor to None, run_after=None
[2025-07-20T16:37:08.938+0530] {processor.py:208} INFO - Processing /Users/parth/Desktop/Engine/venv/lib/python3.11/site-packages/airflow/example_dags/example_local_kubernetes_executor.py took 0.111 seconds
[2025-07-20T16:41:38.903+0530] {processor.py:186} INFO - Started process (PID=43417) to work on /Users/parth/Desktop/Engine/venv/lib/python3.11/site-packages/airflow/example_dags/example_local_kubernetes_executor.py
[2025-07-20T16:41:38.904+0530] {processor.py:914} INFO - Processing file /Users/parth/Desktop/Engine/venv/lib/python3.11/site-packages/airflow/example_dags/example_local_kubernetes_executor.py for tasks to queue
[2025-07-20T16:41:38.905+0530] {logging_mixin.py:190} INFO - [2025-07-20T16:41:38.904+0530] {dagbag.py:588} INFO - Filling up the DagBag from /Users/parth/Desktop/Engine/venv/lib/python3.11/site-packages/airflow/example_dags/example_local_kubernetes_executor.py
[2025-07-20T16:41:38.932+0530] {processor.py:925} INFO - DAG(s) 'example_local_kubernetes_executor' retrieved from /Users/parth/Desktop/Engine/venv/lib/python3.11/site-packages/airflow/example_dags/example_local_kubernetes_executor.py
[2025-07-20T16:41:38.995+0530] {logging_mixin.py:190} INFO - [2025-07-20T16:41:38.994+0530] {dag.py:3239} INFO - Sync 1 DAGs
[2025-07-20T16:41:39.001+0530] {logging_mixin.py:190} INFO - [2025-07-20T16:41:39.001+0530] {dag.py:4180} INFO - Setting next_dagrun for example_local_kubernetes_executor to None, run_after=None
[2025-07-20T16:41:39.012+0530] {processor.py:208} INFO - Processing /Users/parth/Desktop/Engine/venv/lib/python3.11/site-packages/airflow/example_dags/example_local_kubernetes_executor.py took 0.112 seconds
[2025-07-20T16:45:50.818+0530] {processor.py:186} INFO - Started process (PID=45047) to work on /Users/parth/Desktop/Engine/venv/lib/python3.11/site-packages/airflow/example_dags/example_local_kubernetes_executor.py
[2025-07-20T16:45:50.820+0530] {processor.py:914} INFO - Processing file /Users/parth/Desktop/Engine/venv/lib/python3.11/site-packages/airflow/example_dags/example_local_kubernetes_executor.py for tasks to queue
[2025-07-20T16:45:50.821+0530] {logging_mixin.py:190} INFO - [2025-07-20T16:45:50.821+0530] {dagbag.py:588} INFO - Filling up the DagBag from /Users/parth/Desktop/Engine/venv/lib/python3.11/site-packages/airflow/example_dags/example_local_kubernetes_executor.py
[2025-07-20T16:45:50.849+0530] {processor.py:925} INFO - DAG(s) 'example_local_kubernetes_executor' retrieved from /Users/parth/Desktop/Engine/venv/lib/python3.11/site-packages/airflow/example_dags/example_local_kubernetes_executor.py
[2025-07-20T16:45:50.921+0530] {logging_mixin.py:190} INFO - [2025-07-20T16:45:50.921+0530] {dag.py:3239} INFO - Sync 1 DAGs
[2025-07-20T16:45:50.929+0530] {logging_mixin.py:190} INFO - [2025-07-20T16:45:50.929+0530] {dag.py:4180} INFO - Setting next_dagrun for example_local_kubernetes_executor to None, run_after=None
[2025-07-20T16:45:50.943+0530] {processor.py:208} INFO - Processing /Users/parth/Desktop/Engine/venv/lib/python3.11/site-packages/airflow/example_dags/example_local_kubernetes_executor.py took 0.127 seconds
[2025-07-20T16:49:46.153+0530] {processor.py:186} INFO - Started process (PID=46589) to work on /Users/parth/Desktop/Engine/venv/lib/python3.11/site-packages/airflow/example_dags/example_local_kubernetes_executor.py
[2025-07-20T16:49:46.154+0530] {processor.py:914} INFO - Processing file /Users/parth/Desktop/Engine/venv/lib/python3.11/site-packages/airflow/example_dags/example_local_kubernetes_executor.py for tasks to queue
[2025-07-20T16:49:46.155+0530] {logging_mixin.py:190} INFO - [2025-07-20T16:49:46.155+0530] {dagbag.py:588} INFO - Filling up the DagBag from /Users/parth/Desktop/Engine/venv/lib/python3.11/site-packages/airflow/example_dags/example_local_kubernetes_executor.py
[2025-07-20T16:49:46.182+0530] {processor.py:925} INFO - DAG(s) 'example_local_kubernetes_executor' retrieved from /Users/parth/Desktop/Engine/venv/lib/python3.11/site-packages/airflow/example_dags/example_local_kubernetes_executor.py
[2025-07-20T16:49:46.243+0530] {logging_mixin.py:190} INFO - [2025-07-20T16:49:46.242+0530] {dag.py:3239} INFO - Sync 1 DAGs
[2025-07-20T16:49:46.249+0530] {logging_mixin.py:190} INFO - [2025-07-20T16:49:46.249+0530] {dag.py:4180} INFO - Setting next_dagrun for example_local_kubernetes_executor to None, run_after=None
[2025-07-20T16:49:46.260+0530] {processor.py:208} INFO - Processing /Users/parth/Desktop/Engine/venv/lib/python3.11/site-packages/airflow/example_dags/example_local_kubernetes_executor.py took 0.110 seconds
[2025-07-20T17:51:07.146+0530] {processor.py:186} INFO - Started process (PID=48128) to work on /Users/parth/Desktop/Engine/venv/lib/python3.11/site-packages/airflow/example_dags/example_local_kubernetes_executor.py
[2025-07-20T17:51:07.147+0530] {processor.py:914} INFO - Processing file /Users/parth/Desktop/Engine/venv/lib/python3.11/site-packages/airflow/example_dags/example_local_kubernetes_executor.py for tasks to queue
[2025-07-20T17:51:07.148+0530] {logging_mixin.py:190} INFO - [2025-07-20T17:51:07.148+0530] {dagbag.py:588} INFO - Filling up the DagBag from /Users/parth/Desktop/Engine/venv/lib/python3.11/site-packages/airflow/example_dags/example_local_kubernetes_executor.py
[2025-07-20T17:51:07.173+0530] {processor.py:925} INFO - DAG(s) 'example_local_kubernetes_executor' retrieved from /Users/parth/Desktop/Engine/venv/lib/python3.11/site-packages/airflow/example_dags/example_local_kubernetes_executor.py
[2025-07-20T17:51:07.234+0530] {logging_mixin.py:190} INFO - [2025-07-20T17:51:07.234+0530] {dag.py:3239} INFO - Sync 1 DAGs
[2025-07-20T17:51:07.240+0530] {logging_mixin.py:190} INFO - [2025-07-20T17:51:07.240+0530] {dag.py:4180} INFO - Setting next_dagrun for example_local_kubernetes_executor to None, run_after=None
[2025-07-20T17:51:07.251+0530] {processor.py:208} INFO - Processing /Users/parth/Desktop/Engine/venv/lib/python3.11/site-packages/airflow/example_dags/example_local_kubernetes_executor.py took 0.107 seconds
[2025-07-20T17:55:07.297+0530] {processor.py:186} INFO - Started process (PID=49689) to work on /Users/parth/Desktop/Engine/venv/lib/python3.11/site-packages/airflow/example_dags/example_local_kubernetes_executor.py
[2025-07-20T17:55:07.299+0530] {processor.py:914} INFO - Processing file /Users/parth/Desktop/Engine/venv/lib/python3.11/site-packages/airflow/example_dags/example_local_kubernetes_executor.py for tasks to queue
[2025-07-20T17:55:07.299+0530] {logging_mixin.py:190} INFO - [2025-07-20T17:55:07.299+0530] {dagbag.py:588} INFO - Filling up the DagBag from /Users/parth/Desktop/Engine/venv/lib/python3.11/site-packages/airflow/example_dags/example_local_kubernetes_executor.py
[2025-07-20T17:55:07.325+0530] {processor.py:925} INFO - DAG(s) 'example_local_kubernetes_executor' retrieved from /Users/parth/Desktop/Engine/venv/lib/python3.11/site-packages/airflow/example_dags/example_local_kubernetes_executor.py
[2025-07-20T17:55:07.386+0530] {logging_mixin.py:190} INFO - [2025-07-20T17:55:07.386+0530] {dag.py:3239} INFO - Sync 1 DAGs
[2025-07-20T17:55:07.393+0530] {logging_mixin.py:190} INFO - [2025-07-20T17:55:07.393+0530] {dag.py:4180} INFO - Setting next_dagrun for example_local_kubernetes_executor to None, run_after=None
[2025-07-20T17:55:07.404+0530] {processor.py:208} INFO - Processing /Users/parth/Desktop/Engine/venv/lib/python3.11/site-packages/airflow/example_dags/example_local_kubernetes_executor.py took 0.109 seconds
[2025-07-20T17:58:48.393+0530] {processor.py:186} INFO - Started process (PID=51110) to work on /Users/parth/Desktop/Engine/venv/lib/python3.11/site-packages/airflow/example_dags/example_local_kubernetes_executor.py
[2025-07-20T17:58:48.394+0530] {processor.py:914} INFO - Processing file /Users/parth/Desktop/Engine/venv/lib/python3.11/site-packages/airflow/example_dags/example_local_kubernetes_executor.py for tasks to queue
[2025-07-20T17:58:48.395+0530] {logging_mixin.py:190} INFO - [2025-07-20T17:58:48.395+0530] {dagbag.py:588} INFO - Filling up the DagBag from /Users/parth/Desktop/Engine/venv/lib/python3.11/site-packages/airflow/example_dags/example_local_kubernetes_executor.py
[2025-07-20T17:58:48.421+0530] {processor.py:925} INFO - DAG(s) 'example_local_kubernetes_executor' retrieved from /Users/parth/Desktop/Engine/venv/lib/python3.11/site-packages/airflow/example_dags/example_local_kubernetes_executor.py
[2025-07-20T17:58:48.481+0530] {logging_mixin.py:190} INFO - [2025-07-20T17:58:48.481+0530] {dag.py:3239} INFO - Sync 1 DAGs
[2025-07-20T17:58:48.488+0530] {logging_mixin.py:190} INFO - [2025-07-20T17:58:48.487+0530] {dag.py:4180} INFO - Setting next_dagrun for example_local_kubernetes_executor to None, run_after=None
[2025-07-20T17:58:48.498+0530] {processor.py:208} INFO - Processing /Users/parth/Desktop/Engine/venv/lib/python3.11/site-packages/airflow/example_dags/example_local_kubernetes_executor.py took 0.108 seconds
[2025-07-20T18:02:43.259+0530] {processor.py:186} INFO - Started process (PID=52608) to work on /Users/parth/Desktop/Engine/venv/lib/python3.11/site-packages/airflow/example_dags/example_local_kubernetes_executor.py
[2025-07-20T18:02:43.261+0530] {processor.py:914} INFO - Processing file /Users/parth/Desktop/Engine/venv/lib/python3.11/site-packages/airflow/example_dags/example_local_kubernetes_executor.py for tasks to queue
[2025-07-20T18:02:43.262+0530] {logging_mixin.py:190} INFO - [2025-07-20T18:02:43.262+0530] {dagbag.py:588} INFO - Filling up the DagBag from /Users/parth/Desktop/Engine/venv/lib/python3.11/site-packages/airflow/example_dags/example_local_kubernetes_executor.py
[2025-07-20T18:02:43.289+0530] {processor.py:925} INFO - DAG(s) 'example_local_kubernetes_executor' retrieved from /Users/parth/Desktop/Engine/venv/lib/python3.11/site-packages/airflow/example_dags/example_local_kubernetes_executor.py
[2025-07-20T18:02:43.351+0530] {logging_mixin.py:190} INFO - [2025-07-20T18:02:43.351+0530] {dag.py:3239} INFO - Sync 1 DAGs
[2025-07-20T18:02:43.358+0530] {logging_mixin.py:190} INFO - [2025-07-20T18:02:43.357+0530] {dag.py:4180} INFO - Setting next_dagrun for example_local_kubernetes_executor to None, run_after=None
[2025-07-20T18:02:43.369+0530] {processor.py:208} INFO - Processing /Users/parth/Desktop/Engine/venv/lib/python3.11/site-packages/airflow/example_dags/example_local_kubernetes_executor.py took 0.112 seconds
[2025-07-20T18:06:34.543+0530] {processor.py:186} INFO - Started process (PID=54100) to work on /Users/parth/Desktop/Engine/venv/lib/python3.11/site-packages/airflow/example_dags/example_local_kubernetes_executor.py
[2025-07-20T18:06:34.545+0530] {processor.py:914} INFO - Processing file /Users/parth/Desktop/Engine/venv/lib/python3.11/site-packages/airflow/example_dags/example_local_kubernetes_executor.py for tasks to queue
[2025-07-20T18:06:34.545+0530] {logging_mixin.py:190} INFO - [2025-07-20T18:06:34.545+0530] {dagbag.py:588} INFO - Filling up the DagBag from /Users/parth/Desktop/Engine/venv/lib/python3.11/site-packages/airflow/example_dags/example_local_kubernetes_executor.py
[2025-07-20T18:06:34.570+0530] {processor.py:925} INFO - DAG(s) 'example_local_kubernetes_executor' retrieved from /Users/parth/Desktop/Engine/venv/lib/python3.11/site-packages/airflow/example_dags/example_local_kubernetes_executor.py
[2025-07-20T18:06:34.631+0530] {logging_mixin.py:190} INFO - [2025-07-20T18:06:34.630+0530] {dag.py:3239} INFO - Sync 1 DAGs
[2025-07-20T18:06:34.637+0530] {logging_mixin.py:190} INFO - [2025-07-20T18:06:34.637+0530] {dag.py:4180} INFO - Setting next_dagrun for example_local_kubernetes_executor to None, run_after=None
[2025-07-20T18:06:34.647+0530] {processor.py:208} INFO - Processing /Users/parth/Desktop/Engine/venv/lib/python3.11/site-packages/airflow/example_dags/example_local_kubernetes_executor.py took 0.106 seconds
[2025-07-20T18:23:43.713+0530] {processor.py:186} INFO - Started process (PID=55577) to work on /Users/parth/Desktop/Engine/venv/lib/python3.11/site-packages/airflow/example_dags/example_local_kubernetes_executor.py
[2025-07-20T18:23:43.714+0530] {processor.py:914} INFO - Processing file /Users/parth/Desktop/Engine/venv/lib/python3.11/site-packages/airflow/example_dags/example_local_kubernetes_executor.py for tasks to queue
[2025-07-20T18:23:43.715+0530] {logging_mixin.py:190} INFO - [2025-07-20T18:23:43.715+0530] {dagbag.py:588} INFO - Filling up the DagBag from /Users/parth/Desktop/Engine/venv/lib/python3.11/site-packages/airflow/example_dags/example_local_kubernetes_executor.py
[2025-07-20T18:23:43.740+0530] {processor.py:925} INFO - DAG(s) 'example_local_kubernetes_executor' retrieved from /Users/parth/Desktop/Engine/venv/lib/python3.11/site-packages/airflow/example_dags/example_local_kubernetes_executor.py
[2025-07-20T18:23:43.799+0530] {logging_mixin.py:190} INFO - [2025-07-20T18:23:43.799+0530] {dag.py:3239} INFO - Sync 1 DAGs
[2025-07-20T18:23:43.805+0530] {logging_mixin.py:190} INFO - [2025-07-20T18:23:43.805+0530] {dag.py:4180} INFO - Setting next_dagrun for example_local_kubernetes_executor to None, run_after=None
[2025-07-20T18:23:43.815+0530] {processor.py:208} INFO - Processing /Users/parth/Desktop/Engine/venv/lib/python3.11/site-packages/airflow/example_dags/example_local_kubernetes_executor.py took 0.105 seconds
[2025-07-20T18:25:52.073+0530] {processor.py:186} INFO - Started process (PID=56415) to work on /Users/parth/Desktop/Engine/venv/lib/python3.11/site-packages/airflow/example_dags/example_local_kubernetes_executor.py
[2025-07-20T18:25:52.074+0530] {processor.py:914} INFO - Processing file /Users/parth/Desktop/Engine/venv/lib/python3.11/site-packages/airflow/example_dags/example_local_kubernetes_executor.py for tasks to queue
[2025-07-20T18:25:52.075+0530] {logging_mixin.py:190} INFO - [2025-07-20T18:25:52.075+0530] {dagbag.py:588} INFO - Filling up the DagBag from /Users/parth/Desktop/Engine/venv/lib/python3.11/site-packages/airflow/example_dags/example_local_kubernetes_executor.py
[2025-07-20T18:25:52.100+0530] {processor.py:925} INFO - DAG(s) 'example_local_kubernetes_executor' retrieved from /Users/parth/Desktop/Engine/venv/lib/python3.11/site-packages/airflow/example_dags/example_local_kubernetes_executor.py
[2025-07-20T18:25:52.161+0530] {logging_mixin.py:190} INFO - [2025-07-20T18:25:52.160+0530] {dag.py:3239} INFO - Sync 1 DAGs
[2025-07-20T18:25:52.167+0530] {logging_mixin.py:190} INFO - [2025-07-20T18:25:52.167+0530] {dag.py:4180} INFO - Setting next_dagrun for example_local_kubernetes_executor to None, run_after=None
[2025-07-20T18:25:52.178+0530] {processor.py:208} INFO - Processing /Users/parth/Desktop/Engine/venv/lib/python3.11/site-packages/airflow/example_dags/example_local_kubernetes_executor.py took 0.107 seconds
[2025-07-20T18:29:32.079+0530] {processor.py:186} INFO - Started process (PID=57819) to work on /Users/parth/Desktop/Engine/venv/lib/python3.11/site-packages/airflow/example_dags/example_local_kubernetes_executor.py
[2025-07-20T18:29:32.080+0530] {processor.py:914} INFO - Processing file /Users/parth/Desktop/Engine/venv/lib/python3.11/site-packages/airflow/example_dags/example_local_kubernetes_executor.py for tasks to queue
[2025-07-20T18:29:32.081+0530] {logging_mixin.py:190} INFO - [2025-07-20T18:29:32.081+0530] {dagbag.py:588} INFO - Filling up the DagBag from /Users/parth/Desktop/Engine/venv/lib/python3.11/site-packages/airflow/example_dags/example_local_kubernetes_executor.py
[2025-07-20T18:29:32.108+0530] {processor.py:925} INFO - DAG(s) 'example_local_kubernetes_executor' retrieved from /Users/parth/Desktop/Engine/venv/lib/python3.11/site-packages/airflow/example_dags/example_local_kubernetes_executor.py
[2025-07-20T18:29:32.174+0530] {logging_mixin.py:190} INFO - [2025-07-20T18:29:32.174+0530] {dag.py:3239} INFO - Sync 1 DAGs
[2025-07-20T18:29:32.181+0530] {logging_mixin.py:190} INFO - [2025-07-20T18:29:32.181+0530] {dag.py:4180} INFO - Setting next_dagrun for example_local_kubernetes_executor to None, run_after=None
[2025-07-20T18:29:32.195+0530] {processor.py:208} INFO - Processing /Users/parth/Desktop/Engine/venv/lib/python3.11/site-packages/airflow/example_dags/example_local_kubernetes_executor.py took 0.119 seconds
[2025-07-20T18:39:50.748+0530] {processor.py:186} INFO - Started process (PID=59214) to work on /Users/parth/Desktop/Engine/venv/lib/python3.11/site-packages/airflow/example_dags/example_local_kubernetes_executor.py
[2025-07-20T18:39:50.750+0530] {processor.py:914} INFO - Processing file /Users/parth/Desktop/Engine/venv/lib/python3.11/site-packages/airflow/example_dags/example_local_kubernetes_executor.py for tasks to queue
[2025-07-20T18:39:50.750+0530] {logging_mixin.py:190} INFO - [2025-07-20T18:39:50.750+0530] {dagbag.py:588} INFO - Filling up the DagBag from /Users/parth/Desktop/Engine/venv/lib/python3.11/site-packages/airflow/example_dags/example_local_kubernetes_executor.py
[2025-07-20T18:39:50.775+0530] {processor.py:925} INFO - DAG(s) 'example_local_kubernetes_executor' retrieved from /Users/parth/Desktop/Engine/venv/lib/python3.11/site-packages/airflow/example_dags/example_local_kubernetes_executor.py
[2025-07-20T18:39:50.836+0530] {logging_mixin.py:190} INFO - [2025-07-20T18:39:50.835+0530] {dag.py:3239} INFO - Sync 1 DAGs
[2025-07-20T18:39:50.842+0530] {logging_mixin.py:190} INFO - [2025-07-20T18:39:50.842+0530] {dag.py:4180} INFO - Setting next_dagrun for example_local_kubernetes_executor to None, run_after=None
[2025-07-20T18:39:50.852+0530] {processor.py:208} INFO - Processing /Users/parth/Desktop/Engine/venv/lib/python3.11/site-packages/airflow/example_dags/example_local_kubernetes_executor.py took 0.106 seconds
[2025-07-20T18:53:37.786+0530] {processor.py:186} INFO - Started process (PID=60550) to work on /Users/parth/Desktop/Engine/venv/lib/python3.11/site-packages/airflow/example_dags/example_local_kubernetes_executor.py
[2025-07-20T18:53:37.787+0530] {processor.py:914} INFO - Processing file /Users/parth/Desktop/Engine/venv/lib/python3.11/site-packages/airflow/example_dags/example_local_kubernetes_executor.py for tasks to queue
[2025-07-20T18:53:37.788+0530] {logging_mixin.py:190} INFO - [2025-07-20T18:53:37.788+0530] {dagbag.py:588} INFO - Filling up the DagBag from /Users/parth/Desktop/Engine/venv/lib/python3.11/site-packages/airflow/example_dags/example_local_kubernetes_executor.py
[2025-07-20T18:53:37.814+0530] {processor.py:925} INFO - DAG(s) 'example_local_kubernetes_executor' retrieved from /Users/parth/Desktop/Engine/venv/lib/python3.11/site-packages/airflow/example_dags/example_local_kubernetes_executor.py
[2025-07-20T18:53:37.874+0530] {logging_mixin.py:190} INFO - [2025-07-20T18:53:37.874+0530] {dag.py:3239} INFO - Sync 1 DAGs
[2025-07-20T18:53:37.880+0530] {logging_mixin.py:190} INFO - [2025-07-20T18:53:37.880+0530] {dag.py:4180} INFO - Setting next_dagrun for example_local_kubernetes_executor to None, run_after=None
[2025-07-20T18:53:37.891+0530] {processor.py:208} INFO - Processing /Users/parth/Desktop/Engine/venv/lib/python3.11/site-packages/airflow/example_dags/example_local_kubernetes_executor.py took 0.107 seconds
[2025-07-20T19:13:42.078+0530] {processor.py:186} INFO - Started process (PID=61937) to work on /Users/parth/Desktop/Engine/venv/lib/python3.11/site-packages/airflow/example_dags/example_local_kubernetes_executor.py
[2025-07-20T19:13:42.079+0530] {processor.py:914} INFO - Processing file /Users/parth/Desktop/Engine/venv/lib/python3.11/site-packages/airflow/example_dags/example_local_kubernetes_executor.py for tasks to queue
[2025-07-20T19:13:42.080+0530] {logging_mixin.py:190} INFO - [2025-07-20T19:13:42.080+0530] {dagbag.py:588} INFO - Filling up the DagBag from /Users/parth/Desktop/Engine/venv/lib/python3.11/site-packages/airflow/example_dags/example_local_kubernetes_executor.py
[2025-07-20T19:13:42.105+0530] {processor.py:925} INFO - DAG(s) 'example_local_kubernetes_executor' retrieved from /Users/parth/Desktop/Engine/venv/lib/python3.11/site-packages/airflow/example_dags/example_local_kubernetes_executor.py
[2025-07-20T19:13:42.164+0530] {logging_mixin.py:190} INFO - [2025-07-20T19:13:42.164+0530] {dag.py:3239} INFO - Sync 1 DAGs
[2025-07-20T19:13:42.171+0530] {logging_mixin.py:190} INFO - [2025-07-20T19:13:42.171+0530] {dag.py:4180} INFO - Setting next_dagrun for example_local_kubernetes_executor to None, run_after=None
[2025-07-20T19:13:42.182+0530] {processor.py:208} INFO - Processing /Users/parth/Desktop/Engine/venv/lib/python3.11/site-packages/airflow/example_dags/example_local_kubernetes_executor.py took 0.106 seconds
