[2025-07-20T16:21:32.145+0530] {processor.py:186} INFO - Started process (PID=35114) to work on /Users/parth/Desktop/Engine/venv/lib/python3.11/site-packages/airflow/example_dags/example_dataset_alias_with_no_taskflow.py
[2025-07-20T16:21:32.146+0530] {processor.py:914} INFO - Processing file /Users/parth/Desktop/Engine/venv/lib/python3.11/site-packages/airflow/example_dags/example_dataset_alias_with_no_taskflow.py for tasks to queue
[2025-07-20T16:21:32.147+0530] {logging_mixin.py:190} INFO - [2025-07-20T16:21:32.147+0530] {dagbag.py:588} INFO - Filling up the DagBag from /Users/parth/Desktop/Engine/venv/lib/python3.11/site-packages/airflow/example_dags/example_dataset_alias_with_no_taskflow.py
[2025-07-20T16:21:32.260+0530] {processor.py:925} INFO - DAG(s) 'dataset_alias_example_alias_consumer_with_no_taskflow', 'dataset_alias_example_alias_producer_with_no_taskflow', 'dataset_s3_bucket_consumer_with_no_taskflow', 'dataset_s3_bucket_producer_with_no_taskflow' retrieved from /Users/parth/Desktop/Engine/venv/lib/python3.11/site-packages/airflow/example_dags/example_dataset_alias_with_no_taskflow.py
[2025-07-20T16:21:32.276+0530] {logging_mixin.py:190} INFO - [2025-07-20T16:21:32.276+0530] {dag.py:3239} INFO - Sync 4 DAGs
[2025-07-20T16:21:32.288+0530] {logging_mixin.py:190} INFO - [2025-07-20T16:21:32.288+0530] {dag.py:4180} INFO - Setting next_dagrun for dataset_alias_example_alias_consumer_with_no_taskflow to None, run_after=None
[2025-07-20T16:21:32.290+0530] {logging_mixin.py:190} INFO - [2025-07-20T16:21:32.290+0530] {dag.py:4180} INFO - Setting next_dagrun for dataset_alias_example_alias_producer_with_no_taskflow to None, run_after=None
[2025-07-20T16:21:32.290+0530] {logging_mixin.py:190} INFO - [2025-07-20T16:21:32.290+0530] {dag.py:4180} INFO - Setting next_dagrun for dataset_s3_bucket_consumer_with_no_taskflow to None, run_after=None
[2025-07-20T16:21:32.291+0530] {logging_mixin.py:190} INFO - [2025-07-20T16:21:32.291+0530] {dag.py:4180} INFO - Setting next_dagrun for dataset_s3_bucket_producer_with_no_taskflow to None, run_after=None
[2025-07-20T16:21:32.305+0530] {processor.py:208} INFO - Processing /Users/parth/Desktop/Engine/venv/lib/python3.11/site-packages/airflow/example_dags/example_dataset_alias_with_no_taskflow.py took 0.164 seconds
[2025-07-20T16:24:28.121+0530] {processor.py:186} INFO - Started process (PID=36331) to work on /Users/parth/Desktop/Engine/venv/lib/python3.11/site-packages/airflow/example_dags/example_dataset_alias_with_no_taskflow.py
[2025-07-20T16:24:28.122+0530] {processor.py:914} INFO - Processing file /Users/parth/Desktop/Engine/venv/lib/python3.11/site-packages/airflow/example_dags/example_dataset_alias_with_no_taskflow.py for tasks to queue
[2025-07-20T16:24:28.123+0530] {logging_mixin.py:190} INFO - [2025-07-20T16:24:28.122+0530] {dagbag.py:588} INFO - Filling up the DagBag from /Users/parth/Desktop/Engine/venv/lib/python3.11/site-packages/airflow/example_dags/example_dataset_alias_with_no_taskflow.py
[2025-07-20T16:24:28.220+0530] {processor.py:925} INFO - DAG(s) 'dataset_alias_example_alias_producer_with_no_taskflow', 'dataset_s3_bucket_consumer_with_no_taskflow', 'dataset_s3_bucket_producer_with_no_taskflow', 'dataset_alias_example_alias_consumer_with_no_taskflow' retrieved from /Users/parth/Desktop/Engine/venv/lib/python3.11/site-packages/airflow/example_dags/example_dataset_alias_with_no_taskflow.py
[2025-07-20T16:24:28.235+0530] {logging_mixin.py:190} INFO - [2025-07-20T16:24:28.235+0530] {dag.py:3239} INFO - Sync 4 DAGs
[2025-07-20T16:24:28.247+0530] {logging_mixin.py:190} INFO - [2025-07-20T16:24:28.247+0530] {dag.py:4180} INFO - Setting next_dagrun for dataset_alias_example_alias_consumer_with_no_taskflow to None, run_after=None
[2025-07-20T16:24:28.248+0530] {logging_mixin.py:190} INFO - [2025-07-20T16:24:28.248+0530] {dag.py:4180} INFO - Setting next_dagrun for dataset_alias_example_alias_producer_with_no_taskflow to None, run_after=None
[2025-07-20T16:24:28.249+0530] {logging_mixin.py:190} INFO - [2025-07-20T16:24:28.249+0530] {dag.py:4180} INFO - Setting next_dagrun for dataset_s3_bucket_consumer_with_no_taskflow to None, run_after=None
[2025-07-20T16:24:28.249+0530] {logging_mixin.py:190} INFO - [2025-07-20T16:24:28.249+0530] {dag.py:4180} INFO - Setting next_dagrun for dataset_s3_bucket_producer_with_no_taskflow to None, run_after=None
[2025-07-20T16:24:28.264+0530] {processor.py:208} INFO - Processing /Users/parth/Desktop/Engine/venv/lib/python3.11/site-packages/airflow/example_dags/example_dataset_alias_with_no_taskflow.py took 0.146 seconds
[2025-07-20T16:28:45.351+0530] {processor.py:186} INFO - Started process (PID=38087) to work on /Users/parth/Desktop/Engine/venv/lib/python3.11/site-packages/airflow/example_dags/example_dataset_alias_with_no_taskflow.py
[2025-07-20T16:28:45.352+0530] {processor.py:914} INFO - Processing file /Users/parth/Desktop/Engine/venv/lib/python3.11/site-packages/airflow/example_dags/example_dataset_alias_with_no_taskflow.py for tasks to queue
[2025-07-20T16:28:45.352+0530] {logging_mixin.py:190} INFO - [2025-07-20T16:28:45.352+0530] {dagbag.py:588} INFO - Filling up the DagBag from /Users/parth/Desktop/Engine/venv/lib/python3.11/site-packages/airflow/example_dags/example_dataset_alias_with_no_taskflow.py
[2025-07-20T16:28:45.451+0530] {processor.py:925} INFO - DAG(s) 'dataset_alias_example_alias_consumer_with_no_taskflow', 'dataset_s3_bucket_consumer_with_no_taskflow', 'dataset_s3_bucket_producer_with_no_taskflow', 'dataset_alias_example_alias_producer_with_no_taskflow' retrieved from /Users/parth/Desktop/Engine/venv/lib/python3.11/site-packages/airflow/example_dags/example_dataset_alias_with_no_taskflow.py
[2025-07-20T16:28:45.468+0530] {logging_mixin.py:190} INFO - [2025-07-20T16:28:45.468+0530] {dag.py:3239} INFO - Sync 4 DAGs
[2025-07-20T16:28:45.479+0530] {logging_mixin.py:190} INFO - [2025-07-20T16:28:45.479+0530] {dag.py:4180} INFO - Setting next_dagrun for dataset_alias_example_alias_consumer_with_no_taskflow to None, run_after=None
[2025-07-20T16:28:45.481+0530] {logging_mixin.py:190} INFO - [2025-07-20T16:28:45.481+0530] {dag.py:4180} INFO - Setting next_dagrun for dataset_alias_example_alias_producer_with_no_taskflow to None, run_after=None
[2025-07-20T16:28:45.481+0530] {logging_mixin.py:190} INFO - [2025-07-20T16:28:45.481+0530] {dag.py:4180} INFO - Setting next_dagrun for dataset_s3_bucket_consumer_with_no_taskflow to None, run_after=None
[2025-07-20T16:28:45.482+0530] {logging_mixin.py:190} INFO - [2025-07-20T16:28:45.482+0530] {dag.py:4180} INFO - Setting next_dagrun for dataset_s3_bucket_producer_with_no_taskflow to None, run_after=None
[2025-07-20T16:28:45.497+0530] {processor.py:208} INFO - Processing /Users/parth/Desktop/Engine/venv/lib/python3.11/site-packages/airflow/example_dags/example_dataset_alias_with_no_taskflow.py took 0.149 seconds
[2025-07-20T16:33:07.262+0530] {processor.py:186} INFO - Started process (PID=40016) to work on /Users/parth/Desktop/Engine/venv/lib/python3.11/site-packages/airflow/example_dags/example_dataset_alias_with_no_taskflow.py
[2025-07-20T16:33:07.263+0530] {processor.py:914} INFO - Processing file /Users/parth/Desktop/Engine/venv/lib/python3.11/site-packages/airflow/example_dags/example_dataset_alias_with_no_taskflow.py for tasks to queue
[2025-07-20T16:33:07.263+0530] {logging_mixin.py:190} INFO - [2025-07-20T16:33:07.263+0530] {dagbag.py:588} INFO - Filling up the DagBag from /Users/parth/Desktop/Engine/venv/lib/python3.11/site-packages/airflow/example_dags/example_dataset_alias_with_no_taskflow.py
[2025-07-20T16:33:07.363+0530] {processor.py:925} INFO - DAG(s) 'dataset_s3_bucket_consumer_with_no_taskflow', 'dataset_alias_example_alias_consumer_with_no_taskflow', 'dataset_alias_example_alias_producer_with_no_taskflow', 'dataset_s3_bucket_producer_with_no_taskflow' retrieved from /Users/parth/Desktop/Engine/venv/lib/python3.11/site-packages/airflow/example_dags/example_dataset_alias_with_no_taskflow.py
[2025-07-20T16:33:07.378+0530] {logging_mixin.py:190} INFO - [2025-07-20T16:33:07.377+0530] {dag.py:3239} INFO - Sync 4 DAGs
[2025-07-20T16:33:07.390+0530] {logging_mixin.py:190} INFO - [2025-07-20T16:33:07.390+0530] {dag.py:4180} INFO - Setting next_dagrun for dataset_alias_example_alias_consumer_with_no_taskflow to None, run_after=None
[2025-07-20T16:33:07.392+0530] {logging_mixin.py:190} INFO - [2025-07-20T16:33:07.392+0530] {dag.py:4180} INFO - Setting next_dagrun for dataset_alias_example_alias_producer_with_no_taskflow to None, run_after=None
[2025-07-20T16:33:07.393+0530] {logging_mixin.py:190} INFO - [2025-07-20T16:33:07.393+0530] {dag.py:4180} INFO - Setting next_dagrun for dataset_s3_bucket_consumer_with_no_taskflow to None, run_after=None
[2025-07-20T16:33:07.393+0530] {logging_mixin.py:190} INFO - [2025-07-20T16:33:07.393+0530] {dag.py:4180} INFO - Setting next_dagrun for dataset_s3_bucket_producer_with_no_taskflow to None, run_after=None
[2025-07-20T16:33:07.407+0530] {processor.py:208} INFO - Processing /Users/parth/Desktop/Engine/venv/lib/python3.11/site-packages/airflow/example_dags/example_dataset_alias_with_no_taskflow.py took 0.148 seconds
[2025-07-20T16:37:37.527+0530] {processor.py:186} INFO - Started process (PID=41843) to work on /Users/parth/Desktop/Engine/venv/lib/python3.11/site-packages/airflow/example_dags/example_dataset_alias_with_no_taskflow.py
[2025-07-20T16:37:37.529+0530] {processor.py:914} INFO - Processing file /Users/parth/Desktop/Engine/venv/lib/python3.11/site-packages/airflow/example_dags/example_dataset_alias_with_no_taskflow.py for tasks to queue
[2025-07-20T16:37:37.530+0530] {logging_mixin.py:190} INFO - [2025-07-20T16:37:37.530+0530] {dagbag.py:588} INFO - Filling up the DagBag from /Users/parth/Desktop/Engine/venv/lib/python3.11/site-packages/airflow/example_dags/example_dataset_alias_with_no_taskflow.py
[2025-07-20T16:37:37.672+0530] {processor.py:925} INFO - DAG(s) 'dataset_s3_bucket_consumer_with_no_taskflow', 'dataset_alias_example_alias_producer_with_no_taskflow', 'dataset_s3_bucket_producer_with_no_taskflow', 'dataset_alias_example_alias_consumer_with_no_taskflow' retrieved from /Users/parth/Desktop/Engine/venv/lib/python3.11/site-packages/airflow/example_dags/example_dataset_alias_with_no_taskflow.py
[2025-07-20T16:37:37.693+0530] {logging_mixin.py:190} INFO - [2025-07-20T16:37:37.693+0530] {dag.py:3239} INFO - Sync 4 DAGs
[2025-07-20T16:37:37.706+0530] {logging_mixin.py:190} INFO - [2025-07-20T16:37:37.706+0530] {dag.py:4180} INFO - Setting next_dagrun for dataset_alias_example_alias_consumer_with_no_taskflow to None, run_after=None
[2025-07-20T16:37:37.708+0530] {logging_mixin.py:190} INFO - [2025-07-20T16:37:37.707+0530] {dag.py:4180} INFO - Setting next_dagrun for dataset_alias_example_alias_producer_with_no_taskflow to None, run_after=None
[2025-07-20T16:37:37.708+0530] {logging_mixin.py:190} INFO - [2025-07-20T16:37:37.708+0530] {dag.py:4180} INFO - Setting next_dagrun for dataset_s3_bucket_consumer_with_no_taskflow to None, run_after=None
[2025-07-20T16:37:37.709+0530] {logging_mixin.py:190} INFO - [2025-07-20T16:37:37.709+0530] {dag.py:4180} INFO - Setting next_dagrun for dataset_s3_bucket_producer_with_no_taskflow to None, run_after=None
[2025-07-20T16:37:37.730+0530] {processor.py:208} INFO - Processing /Users/parth/Desktop/Engine/venv/lib/python3.11/site-packages/airflow/example_dags/example_dataset_alias_with_no_taskflow.py took 0.208 seconds
[2025-07-20T16:42:05.622+0530] {processor.py:186} INFO - Started process (PID=43591) to work on /Users/parth/Desktop/Engine/venv/lib/python3.11/site-packages/airflow/example_dags/example_dataset_alias_with_no_taskflow.py
[2025-07-20T16:42:05.623+0530] {processor.py:914} INFO - Processing file /Users/parth/Desktop/Engine/venv/lib/python3.11/site-packages/airflow/example_dags/example_dataset_alias_with_no_taskflow.py for tasks to queue
[2025-07-20T16:42:05.624+0530] {logging_mixin.py:190} INFO - [2025-07-20T16:42:05.624+0530] {dagbag.py:588} INFO - Filling up the DagBag from /Users/parth/Desktop/Engine/venv/lib/python3.11/site-packages/airflow/example_dags/example_dataset_alias_with_no_taskflow.py
[2025-07-20T16:42:05.722+0530] {processor.py:925} INFO - DAG(s) 'dataset_alias_example_alias_producer_with_no_taskflow', 'dataset_s3_bucket_producer_with_no_taskflow', 'dataset_alias_example_alias_consumer_with_no_taskflow', 'dataset_s3_bucket_consumer_with_no_taskflow' retrieved from /Users/parth/Desktop/Engine/venv/lib/python3.11/site-packages/airflow/example_dags/example_dataset_alias_with_no_taskflow.py
[2025-07-20T16:42:05.736+0530] {logging_mixin.py:190} INFO - [2025-07-20T16:42:05.736+0530] {dag.py:3239} INFO - Sync 4 DAGs
[2025-07-20T16:42:05.747+0530] {logging_mixin.py:190} INFO - [2025-07-20T16:42:05.747+0530] {dag.py:4180} INFO - Setting next_dagrun for dataset_alias_example_alias_consumer_with_no_taskflow to None, run_after=None
[2025-07-20T16:42:05.749+0530] {logging_mixin.py:190} INFO - [2025-07-20T16:42:05.749+0530] {dag.py:4180} INFO - Setting next_dagrun for dataset_alias_example_alias_producer_with_no_taskflow to None, run_after=None
[2025-07-20T16:42:05.749+0530] {logging_mixin.py:190} INFO - [2025-07-20T16:42:05.749+0530] {dag.py:4180} INFO - Setting next_dagrun for dataset_s3_bucket_consumer_with_no_taskflow to None, run_after=None
[2025-07-20T16:42:05.750+0530] {logging_mixin.py:190} INFO - [2025-07-20T16:42:05.750+0530] {dag.py:4180} INFO - Setting next_dagrun for dataset_s3_bucket_producer_with_no_taskflow to None, run_after=None
[2025-07-20T16:42:05.764+0530] {processor.py:208} INFO - Processing /Users/parth/Desktop/Engine/venv/lib/python3.11/site-packages/airflow/example_dags/example_dataset_alias_with_no_taskflow.py took 0.144 seconds
[2025-07-20T16:46:17.229+0530] {processor.py:186} INFO - Started process (PID=45218) to work on /Users/parth/Desktop/Engine/venv/lib/python3.11/site-packages/airflow/example_dags/example_dataset_alias_with_no_taskflow.py
[2025-07-20T16:46:17.230+0530] {processor.py:914} INFO - Processing file /Users/parth/Desktop/Engine/venv/lib/python3.11/site-packages/airflow/example_dags/example_dataset_alias_with_no_taskflow.py for tasks to queue
[2025-07-20T16:46:17.231+0530] {logging_mixin.py:190} INFO - [2025-07-20T16:46:17.231+0530] {dagbag.py:588} INFO - Filling up the DagBag from /Users/parth/Desktop/Engine/venv/lib/python3.11/site-packages/airflow/example_dags/example_dataset_alias_with_no_taskflow.py
[2025-07-20T16:46:17.328+0530] {processor.py:925} INFO - DAG(s) 'dataset_s3_bucket_producer_with_no_taskflow', 'dataset_s3_bucket_consumer_with_no_taskflow', 'dataset_alias_example_alias_consumer_with_no_taskflow', 'dataset_alias_example_alias_producer_with_no_taskflow' retrieved from /Users/parth/Desktop/Engine/venv/lib/python3.11/site-packages/airflow/example_dags/example_dataset_alias_with_no_taskflow.py
[2025-07-20T16:46:17.343+0530] {logging_mixin.py:190} INFO - [2025-07-20T16:46:17.342+0530] {dag.py:3239} INFO - Sync 4 DAGs
[2025-07-20T16:46:17.353+0530] {logging_mixin.py:190} INFO - [2025-07-20T16:46:17.353+0530] {dag.py:4180} INFO - Setting next_dagrun for dataset_alias_example_alias_consumer_with_no_taskflow to None, run_after=None
[2025-07-20T16:46:17.354+0530] {logging_mixin.py:190} INFO - [2025-07-20T16:46:17.354+0530] {dag.py:4180} INFO - Setting next_dagrun for dataset_alias_example_alias_producer_with_no_taskflow to None, run_after=None
[2025-07-20T16:46:17.355+0530] {logging_mixin.py:190} INFO - [2025-07-20T16:46:17.355+0530] {dag.py:4180} INFO - Setting next_dagrun for dataset_s3_bucket_consumer_with_no_taskflow to None, run_after=None
[2025-07-20T16:46:17.355+0530] {logging_mixin.py:190} INFO - [2025-07-20T16:46:17.355+0530] {dag.py:4180} INFO - Setting next_dagrun for dataset_s3_bucket_producer_with_no_taskflow to None, run_after=None
[2025-07-20T16:46:17.369+0530] {processor.py:208} INFO - Processing /Users/parth/Desktop/Engine/venv/lib/python3.11/site-packages/airflow/example_dags/example_dataset_alias_with_no_taskflow.py took 0.142 seconds
[2025-07-20T16:50:12.692+0530] {processor.py:186} INFO - Started process (PID=46776) to work on /Users/parth/Desktop/Engine/venv/lib/python3.11/site-packages/airflow/example_dags/example_dataset_alias_with_no_taskflow.py
[2025-07-20T16:50:12.693+0530] {processor.py:914} INFO - Processing file /Users/parth/Desktop/Engine/venv/lib/python3.11/site-packages/airflow/example_dags/example_dataset_alias_with_no_taskflow.py for tasks to queue
[2025-07-20T16:50:12.693+0530] {logging_mixin.py:190} INFO - [2025-07-20T16:50:12.693+0530] {dagbag.py:588} INFO - Filling up the DagBag from /Users/parth/Desktop/Engine/venv/lib/python3.11/site-packages/airflow/example_dags/example_dataset_alias_with_no_taskflow.py
[2025-07-20T16:50:12.788+0530] {processor.py:925} INFO - DAG(s) 'dataset_alias_example_alias_consumer_with_no_taskflow', 'dataset_s3_bucket_producer_with_no_taskflow', 'dataset_alias_example_alias_producer_with_no_taskflow', 'dataset_s3_bucket_consumer_with_no_taskflow' retrieved from /Users/parth/Desktop/Engine/venv/lib/python3.11/site-packages/airflow/example_dags/example_dataset_alias_with_no_taskflow.py
[2025-07-20T16:50:12.802+0530] {logging_mixin.py:190} INFO - [2025-07-20T16:50:12.802+0530] {dag.py:3239} INFO - Sync 4 DAGs
[2025-07-20T16:50:12.812+0530] {logging_mixin.py:190} INFO - [2025-07-20T16:50:12.812+0530] {dag.py:4180} INFO - Setting next_dagrun for dataset_alias_example_alias_consumer_with_no_taskflow to None, run_after=None
[2025-07-20T16:50:12.814+0530] {logging_mixin.py:190} INFO - [2025-07-20T16:50:12.814+0530] {dag.py:4180} INFO - Setting next_dagrun for dataset_alias_example_alias_producer_with_no_taskflow to None, run_after=None
[2025-07-20T16:50:12.814+0530] {logging_mixin.py:190} INFO - [2025-07-20T16:50:12.814+0530] {dag.py:4180} INFO - Setting next_dagrun for dataset_s3_bucket_consumer_with_no_taskflow to None, run_after=None
[2025-07-20T16:50:12.815+0530] {logging_mixin.py:190} INFO - [2025-07-20T16:50:12.815+0530] {dag.py:4180} INFO - Setting next_dagrun for dataset_s3_bucket_producer_with_no_taskflow to None, run_after=None
[2025-07-20T16:50:12.827+0530] {processor.py:208} INFO - Processing /Users/parth/Desktop/Engine/venv/lib/python3.11/site-packages/airflow/example_dags/example_dataset_alias_with_no_taskflow.py took 0.138 seconds
[2025-07-20T17:51:31.449+0530] {processor.py:186} INFO - Started process (PID=48302) to work on /Users/parth/Desktop/Engine/venv/lib/python3.11/site-packages/airflow/example_dags/example_dataset_alias_with_no_taskflow.py
[2025-07-20T17:51:31.450+0530] {processor.py:914} INFO - Processing file /Users/parth/Desktop/Engine/venv/lib/python3.11/site-packages/airflow/example_dags/example_dataset_alias_with_no_taskflow.py for tasks to queue
[2025-07-20T17:51:31.451+0530] {logging_mixin.py:190} INFO - [2025-07-20T17:51:31.451+0530] {dagbag.py:588} INFO - Filling up the DagBag from /Users/parth/Desktop/Engine/venv/lib/python3.11/site-packages/airflow/example_dags/example_dataset_alias_with_no_taskflow.py
[2025-07-20T17:51:31.548+0530] {processor.py:925} INFO - DAG(s) 'dataset_s3_bucket_consumer_with_no_taskflow', 'dataset_s3_bucket_producer_with_no_taskflow', 'dataset_alias_example_alias_producer_with_no_taskflow', 'dataset_alias_example_alias_consumer_with_no_taskflow' retrieved from /Users/parth/Desktop/Engine/venv/lib/python3.11/site-packages/airflow/example_dags/example_dataset_alias_with_no_taskflow.py
[2025-07-20T17:51:31.562+0530] {logging_mixin.py:190} INFO - [2025-07-20T17:51:31.562+0530] {dag.py:3239} INFO - Sync 4 DAGs
[2025-07-20T17:51:31.573+0530] {logging_mixin.py:190} INFO - [2025-07-20T17:51:31.573+0530] {dag.py:4180} INFO - Setting next_dagrun for dataset_alias_example_alias_consumer_with_no_taskflow to None, run_after=None
[2025-07-20T17:51:31.574+0530] {logging_mixin.py:190} INFO - [2025-07-20T17:51:31.574+0530] {dag.py:4180} INFO - Setting next_dagrun for dataset_alias_example_alias_producer_with_no_taskflow to None, run_after=None
[2025-07-20T17:51:31.575+0530] {logging_mixin.py:190} INFO - [2025-07-20T17:51:31.575+0530] {dag.py:4180} INFO - Setting next_dagrun for dataset_s3_bucket_consumer_with_no_taskflow to None, run_after=None
[2025-07-20T17:51:31.575+0530] {logging_mixin.py:190} INFO - [2025-07-20T17:51:31.575+0530] {dag.py:4180} INFO - Setting next_dagrun for dataset_s3_bucket_producer_with_no_taskflow to None, run_after=None
[2025-07-20T17:51:31.588+0530] {processor.py:208} INFO - Processing /Users/parth/Desktop/Engine/venv/lib/python3.11/site-packages/airflow/example_dags/example_dataset_alias_with_no_taskflow.py took 0.142 seconds
[2025-07-20T17:55:33.590+0530] {processor.py:186} INFO - Started process (PID=49851) to work on /Users/parth/Desktop/Engine/venv/lib/python3.11/site-packages/airflow/example_dags/example_dataset_alias_with_no_taskflow.py
[2025-07-20T17:55:33.591+0530] {processor.py:914} INFO - Processing file /Users/parth/Desktop/Engine/venv/lib/python3.11/site-packages/airflow/example_dags/example_dataset_alias_with_no_taskflow.py for tasks to queue
[2025-07-20T17:55:33.592+0530] {logging_mixin.py:190} INFO - [2025-07-20T17:55:33.592+0530] {dagbag.py:588} INFO - Filling up the DagBag from /Users/parth/Desktop/Engine/venv/lib/python3.11/site-packages/airflow/example_dags/example_dataset_alias_with_no_taskflow.py
[2025-07-20T17:55:33.687+0530] {processor.py:925} INFO - DAG(s) 'dataset_alias_example_alias_consumer_with_no_taskflow', 'dataset_s3_bucket_consumer_with_no_taskflow', 'dataset_s3_bucket_producer_with_no_taskflow', 'dataset_alias_example_alias_producer_with_no_taskflow' retrieved from /Users/parth/Desktop/Engine/venv/lib/python3.11/site-packages/airflow/example_dags/example_dataset_alias_with_no_taskflow.py
[2025-07-20T17:55:33.701+0530] {logging_mixin.py:190} INFO - [2025-07-20T17:55:33.700+0530] {dag.py:3239} INFO - Sync 4 DAGs
[2025-07-20T17:55:33.711+0530] {logging_mixin.py:190} INFO - [2025-07-20T17:55:33.711+0530] {dag.py:4180} INFO - Setting next_dagrun for dataset_alias_example_alias_consumer_with_no_taskflow to None, run_after=None
[2025-07-20T17:55:33.713+0530] {logging_mixin.py:190} INFO - [2025-07-20T17:55:33.713+0530] {dag.py:4180} INFO - Setting next_dagrun for dataset_alias_example_alias_producer_with_no_taskflow to None, run_after=None
[2025-07-20T17:55:33.714+0530] {logging_mixin.py:190} INFO - [2025-07-20T17:55:33.713+0530] {dag.py:4180} INFO - Setting next_dagrun for dataset_s3_bucket_consumer_with_no_taskflow to None, run_after=None
[2025-07-20T17:55:33.714+0530] {logging_mixin.py:190} INFO - [2025-07-20T17:55:33.714+0530] {dag.py:4180} INFO - Setting next_dagrun for dataset_s3_bucket_producer_with_no_taskflow to None, run_after=None
[2025-07-20T17:55:33.727+0530] {processor.py:208} INFO - Processing /Users/parth/Desktop/Engine/venv/lib/python3.11/site-packages/airflow/example_dags/example_dataset_alias_with_no_taskflow.py took 0.139 seconds
[2025-07-20T17:59:13.331+0530] {processor.py:186} INFO - Started process (PID=51272) to work on /Users/parth/Desktop/Engine/venv/lib/python3.11/site-packages/airflow/example_dags/example_dataset_alias_with_no_taskflow.py
[2025-07-20T17:59:13.332+0530] {processor.py:914} INFO - Processing file /Users/parth/Desktop/Engine/venv/lib/python3.11/site-packages/airflow/example_dags/example_dataset_alias_with_no_taskflow.py for tasks to queue
[2025-07-20T17:59:13.333+0530] {logging_mixin.py:190} INFO - [2025-07-20T17:59:13.333+0530] {dagbag.py:588} INFO - Filling up the DagBag from /Users/parth/Desktop/Engine/venv/lib/python3.11/site-packages/airflow/example_dags/example_dataset_alias_with_no_taskflow.py
[2025-07-20T17:59:13.427+0530] {processor.py:925} INFO - DAG(s) 'dataset_alias_example_alias_producer_with_no_taskflow', 'dataset_s3_bucket_consumer_with_no_taskflow', 'dataset_alias_example_alias_consumer_with_no_taskflow', 'dataset_s3_bucket_producer_with_no_taskflow' retrieved from /Users/parth/Desktop/Engine/venv/lib/python3.11/site-packages/airflow/example_dags/example_dataset_alias_with_no_taskflow.py
[2025-07-20T17:59:13.441+0530] {logging_mixin.py:190} INFO - [2025-07-20T17:59:13.441+0530] {dag.py:3239} INFO - Sync 4 DAGs
[2025-07-20T17:59:13.451+0530] {logging_mixin.py:190} INFO - [2025-07-20T17:59:13.451+0530] {dag.py:4180} INFO - Setting next_dagrun for dataset_alias_example_alias_consumer_with_no_taskflow to None, run_after=None
[2025-07-20T17:59:13.453+0530] {logging_mixin.py:190} INFO - [2025-07-20T17:59:13.453+0530] {dag.py:4180} INFO - Setting next_dagrun for dataset_alias_example_alias_producer_with_no_taskflow to None, run_after=None
[2025-07-20T17:59:13.454+0530] {logging_mixin.py:190} INFO - [2025-07-20T17:59:13.453+0530] {dag.py:4180} INFO - Setting next_dagrun for dataset_s3_bucket_consumer_with_no_taskflow to None, run_after=None
[2025-07-20T17:59:13.454+0530] {logging_mixin.py:190} INFO - [2025-07-20T17:59:13.454+0530] {dag.py:4180} INFO - Setting next_dagrun for dataset_s3_bucket_producer_with_no_taskflow to None, run_after=None
[2025-07-20T17:59:13.467+0530] {processor.py:208} INFO - Processing /Users/parth/Desktop/Engine/venv/lib/python3.11/site-packages/airflow/example_dags/example_dataset_alias_with_no_taskflow.py took 0.138 seconds
[2025-07-20T18:03:09.437+0530] {processor.py:186} INFO - Started process (PID=52784) to work on /Users/parth/Desktop/Engine/venv/lib/python3.11/site-packages/airflow/example_dags/example_dataset_alias_with_no_taskflow.py
[2025-07-20T18:03:09.439+0530] {processor.py:914} INFO - Processing file /Users/parth/Desktop/Engine/venv/lib/python3.11/site-packages/airflow/example_dags/example_dataset_alias_with_no_taskflow.py for tasks to queue
[2025-07-20T18:03:09.439+0530] {logging_mixin.py:190} INFO - [2025-07-20T18:03:09.439+0530] {dagbag.py:588} INFO - Filling up the DagBag from /Users/parth/Desktop/Engine/venv/lib/python3.11/site-packages/airflow/example_dags/example_dataset_alias_with_no_taskflow.py
[2025-07-20T18:03:09.537+0530] {processor.py:925} INFO - DAG(s) 'dataset_s3_bucket_consumer_with_no_taskflow', 'dataset_alias_example_alias_producer_with_no_taskflow', 'dataset_s3_bucket_producer_with_no_taskflow', 'dataset_alias_example_alias_consumer_with_no_taskflow' retrieved from /Users/parth/Desktop/Engine/venv/lib/python3.11/site-packages/airflow/example_dags/example_dataset_alias_with_no_taskflow.py
[2025-07-20T18:03:09.552+0530] {logging_mixin.py:190} INFO - [2025-07-20T18:03:09.551+0530] {dag.py:3239} INFO - Sync 4 DAGs
[2025-07-20T18:03:09.563+0530] {logging_mixin.py:190} INFO - [2025-07-20T18:03:09.563+0530] {dag.py:4180} INFO - Setting next_dagrun for dataset_alias_example_alias_consumer_with_no_taskflow to None, run_after=None
[2025-07-20T18:03:09.565+0530] {logging_mixin.py:190} INFO - [2025-07-20T18:03:09.564+0530] {dag.py:4180} INFO - Setting next_dagrun for dataset_alias_example_alias_producer_with_no_taskflow to None, run_after=None
[2025-07-20T18:03:09.565+0530] {logging_mixin.py:190} INFO - [2025-07-20T18:03:09.565+0530] {dag.py:4180} INFO - Setting next_dagrun for dataset_s3_bucket_consumer_with_no_taskflow to None, run_after=None
[2025-07-20T18:03:09.566+0530] {logging_mixin.py:190} INFO - [2025-07-20T18:03:09.566+0530] {dag.py:4180} INFO - Setting next_dagrun for dataset_s3_bucket_producer_with_no_taskflow to None, run_after=None
[2025-07-20T18:03:09.579+0530] {processor.py:208} INFO - Processing /Users/parth/Desktop/Engine/venv/lib/python3.11/site-packages/airflow/example_dags/example_dataset_alias_with_no_taskflow.py took 0.144 seconds
[2025-07-20T18:06:57.812+0530] {processor.py:186} INFO - Started process (PID=54250) to work on /Users/parth/Desktop/Engine/venv/lib/python3.11/site-packages/airflow/example_dags/example_dataset_alias_with_no_taskflow.py
[2025-07-20T18:06:57.813+0530] {processor.py:914} INFO - Processing file /Users/parth/Desktop/Engine/venv/lib/python3.11/site-packages/airflow/example_dags/example_dataset_alias_with_no_taskflow.py for tasks to queue
[2025-07-20T18:06:57.814+0530] {logging_mixin.py:190} INFO - [2025-07-20T18:06:57.814+0530] {dagbag.py:588} INFO - Filling up the DagBag from /Users/parth/Desktop/Engine/venv/lib/python3.11/site-packages/airflow/example_dags/example_dataset_alias_with_no_taskflow.py
[2025-07-20T18:06:57.918+0530] {processor.py:925} INFO - DAG(s) 'dataset_alias_example_alias_consumer_with_no_taskflow', 'dataset_alias_example_alias_producer_with_no_taskflow', 'dataset_s3_bucket_consumer_with_no_taskflow', 'dataset_s3_bucket_producer_with_no_taskflow' retrieved from /Users/parth/Desktop/Engine/venv/lib/python3.11/site-packages/airflow/example_dags/example_dataset_alias_with_no_taskflow.py
[2025-07-20T18:06:57.934+0530] {logging_mixin.py:190} INFO - [2025-07-20T18:06:57.934+0530] {dag.py:3239} INFO - Sync 4 DAGs
[2025-07-20T18:06:57.947+0530] {logging_mixin.py:190} INFO - [2025-07-20T18:06:57.946+0530] {dag.py:4180} INFO - Setting next_dagrun for dataset_alias_example_alias_consumer_with_no_taskflow to None, run_after=None
[2025-07-20T18:06:57.948+0530] {logging_mixin.py:190} INFO - [2025-07-20T18:06:57.948+0530] {dag.py:4180} INFO - Setting next_dagrun for dataset_alias_example_alias_producer_with_no_taskflow to None, run_after=None
[2025-07-20T18:06:57.949+0530] {logging_mixin.py:190} INFO - [2025-07-20T18:06:57.949+0530] {dag.py:4180} INFO - Setting next_dagrun for dataset_s3_bucket_consumer_with_no_taskflow to None, run_after=None
[2025-07-20T18:06:57.949+0530] {logging_mixin.py:190} INFO - [2025-07-20T18:06:57.949+0530] {dag.py:4180} INFO - Setting next_dagrun for dataset_s3_bucket_producer_with_no_taskflow to None, run_after=None
[2025-07-20T18:06:57.965+0530] {processor.py:208} INFO - Processing /Users/parth/Desktop/Engine/venv/lib/python3.11/site-packages/airflow/example_dags/example_dataset_alias_with_no_taskflow.py took 0.155 seconds
[2025-07-20T18:24:06.804+0530] {processor.py:186} INFO - Started process (PID=55728) to work on /Users/parth/Desktop/Engine/venv/lib/python3.11/site-packages/airflow/example_dags/example_dataset_alias_with_no_taskflow.py
[2025-07-20T18:24:06.805+0530] {processor.py:914} INFO - Processing file /Users/parth/Desktop/Engine/venv/lib/python3.11/site-packages/airflow/example_dags/example_dataset_alias_with_no_taskflow.py for tasks to queue
[2025-07-20T18:24:06.805+0530] {logging_mixin.py:190} INFO - [2025-07-20T18:24:06.805+0530] {dagbag.py:588} INFO - Filling up the DagBag from /Users/parth/Desktop/Engine/venv/lib/python3.11/site-packages/airflow/example_dags/example_dataset_alias_with_no_taskflow.py
[2025-07-20T18:24:06.901+0530] {processor.py:925} INFO - DAG(s) 'dataset_alias_example_alias_producer_with_no_taskflow', 'dataset_s3_bucket_consumer_with_no_taskflow', 'dataset_alias_example_alias_consumer_with_no_taskflow', 'dataset_s3_bucket_producer_with_no_taskflow' retrieved from /Users/parth/Desktop/Engine/venv/lib/python3.11/site-packages/airflow/example_dags/example_dataset_alias_with_no_taskflow.py
[2025-07-20T18:24:06.914+0530] {logging_mixin.py:190} INFO - [2025-07-20T18:24:06.914+0530] {dag.py:3239} INFO - Sync 4 DAGs
[2025-07-20T18:24:06.925+0530] {logging_mixin.py:190} INFO - [2025-07-20T18:24:06.925+0530] {dag.py:4180} INFO - Setting next_dagrun for dataset_alias_example_alias_consumer_with_no_taskflow to None, run_after=None
[2025-07-20T18:24:06.926+0530] {logging_mixin.py:190} INFO - [2025-07-20T18:24:06.926+0530] {dag.py:4180} INFO - Setting next_dagrun for dataset_alias_example_alias_producer_with_no_taskflow to None, run_after=None
[2025-07-20T18:24:06.927+0530] {logging_mixin.py:190} INFO - [2025-07-20T18:24:06.927+0530] {dag.py:4180} INFO - Setting next_dagrun for dataset_s3_bucket_consumer_with_no_taskflow to None, run_after=None
[2025-07-20T18:24:06.927+0530] {logging_mixin.py:190} INFO - [2025-07-20T18:24:06.927+0530] {dag.py:4180} INFO - Setting next_dagrun for dataset_s3_bucket_producer_with_no_taskflow to None, run_after=None
[2025-07-20T18:24:06.940+0530] {processor.py:208} INFO - Processing /Users/parth/Desktop/Engine/venv/lib/python3.11/site-packages/airflow/example_dags/example_dataset_alias_with_no_taskflow.py took 0.138 seconds
[2025-07-20T18:27:38.567+0530] {processor.py:186} INFO - Started process (PID=57099) to work on /Users/parth/Desktop/Engine/venv/lib/python3.11/site-packages/airflow/example_dags/example_dataset_alias_with_no_taskflow.py
[2025-07-20T18:27:38.567+0530] {processor.py:914} INFO - Processing file /Users/parth/Desktop/Engine/venv/lib/python3.11/site-packages/airflow/example_dags/example_dataset_alias_with_no_taskflow.py for tasks to queue
[2025-07-20T18:27:38.568+0530] {logging_mixin.py:190} INFO - [2025-07-20T18:27:38.568+0530] {dagbag.py:588} INFO - Filling up the DagBag from /Users/parth/Desktop/Engine/venv/lib/python3.11/site-packages/airflow/example_dags/example_dataset_alias_with_no_taskflow.py
[2025-07-20T18:27:38.662+0530] {processor.py:925} INFO - DAG(s) 'dataset_alias_example_alias_consumer_with_no_taskflow', 'dataset_s3_bucket_producer_with_no_taskflow', 'dataset_s3_bucket_consumer_with_no_taskflow', 'dataset_alias_example_alias_producer_with_no_taskflow' retrieved from /Users/parth/Desktop/Engine/venv/lib/python3.11/site-packages/airflow/example_dags/example_dataset_alias_with_no_taskflow.py
[2025-07-20T18:27:38.676+0530] {logging_mixin.py:190} INFO - [2025-07-20T18:27:38.676+0530] {dag.py:3239} INFO - Sync 4 DAGs
[2025-07-20T18:27:38.687+0530] {logging_mixin.py:190} INFO - [2025-07-20T18:27:38.686+0530] {dag.py:4180} INFO - Setting next_dagrun for dataset_alias_example_alias_consumer_with_no_taskflow to None, run_after=None
[2025-07-20T18:27:38.688+0530] {logging_mixin.py:190} INFO - [2025-07-20T18:27:38.688+0530] {dag.py:4180} INFO - Setting next_dagrun for dataset_alias_example_alias_producer_with_no_taskflow to None, run_after=None
[2025-07-20T18:27:38.688+0530] {logging_mixin.py:190} INFO - [2025-07-20T18:27:38.688+0530] {dag.py:4180} INFO - Setting next_dagrun for dataset_s3_bucket_consumer_with_no_taskflow to None, run_after=None
[2025-07-20T18:27:38.689+0530] {logging_mixin.py:190} INFO - [2025-07-20T18:27:38.689+0530] {dag.py:4180} INFO - Setting next_dagrun for dataset_s3_bucket_producer_with_no_taskflow to None, run_after=None
[2025-07-20T18:27:38.702+0530] {processor.py:208} INFO - Processing /Users/parth/Desktop/Engine/venv/lib/python3.11/site-packages/airflow/example_dags/example_dataset_alias_with_no_taskflow.py took 0.138 seconds
[2025-07-20T18:31:20.292+0530] {processor.py:186} INFO - Started process (PID=58523) to work on /Users/parth/Desktop/Engine/venv/lib/python3.11/site-packages/airflow/example_dags/example_dataset_alias_with_no_taskflow.py
[2025-07-20T18:31:20.293+0530] {processor.py:914} INFO - Processing file /Users/parth/Desktop/Engine/venv/lib/python3.11/site-packages/airflow/example_dags/example_dataset_alias_with_no_taskflow.py for tasks to queue
[2025-07-20T18:31:20.293+0530] {logging_mixin.py:190} INFO - [2025-07-20T18:31:20.293+0530] {dagbag.py:588} INFO - Filling up the DagBag from /Users/parth/Desktop/Engine/venv/lib/python3.11/site-packages/airflow/example_dags/example_dataset_alias_with_no_taskflow.py
[2025-07-20T18:31:20.389+0530] {processor.py:925} INFO - DAG(s) 'dataset_s3_bucket_consumer_with_no_taskflow', 'dataset_alias_example_alias_producer_with_no_taskflow', 'dataset_alias_example_alias_consumer_with_no_taskflow', 'dataset_s3_bucket_producer_with_no_taskflow' retrieved from /Users/parth/Desktop/Engine/venv/lib/python3.11/site-packages/airflow/example_dags/example_dataset_alias_with_no_taskflow.py
[2025-07-20T18:31:20.402+0530] {logging_mixin.py:190} INFO - [2025-07-20T18:31:20.402+0530] {dag.py:3239} INFO - Sync 4 DAGs
[2025-07-20T18:31:20.413+0530] {logging_mixin.py:190} INFO - [2025-07-20T18:31:20.413+0530] {dag.py:4180} INFO - Setting next_dagrun for dataset_alias_example_alias_consumer_with_no_taskflow to None, run_after=None
[2025-07-20T18:31:20.414+0530] {logging_mixin.py:190} INFO - [2025-07-20T18:31:20.414+0530] {dag.py:4180} INFO - Setting next_dagrun for dataset_alias_example_alias_producer_with_no_taskflow to None, run_after=None
[2025-07-20T18:31:20.415+0530] {logging_mixin.py:190} INFO - [2025-07-20T18:31:20.415+0530] {dag.py:4180} INFO - Setting next_dagrun for dataset_s3_bucket_consumer_with_no_taskflow to None, run_after=None
[2025-07-20T18:31:20.415+0530] {logging_mixin.py:190} INFO - [2025-07-20T18:31:20.415+0530] {dag.py:4180} INFO - Setting next_dagrun for dataset_s3_bucket_producer_with_no_taskflow to None, run_after=None
[2025-07-20T18:31:20.428+0530] {processor.py:208} INFO - Processing /Users/parth/Desktop/Engine/venv/lib/python3.11/site-packages/airflow/example_dags/example_dataset_alias_with_no_taskflow.py took 0.138 seconds
[2025-07-20T18:47:34.039+0530] {processor.py:186} INFO - Started process (PID=59876) to work on /Users/parth/Desktop/Engine/venv/lib/python3.11/site-packages/airflow/example_dags/example_dataset_alias_with_no_taskflow.py
[2025-07-20T18:47:34.041+0530] {processor.py:914} INFO - Processing file /Users/parth/Desktop/Engine/venv/lib/python3.11/site-packages/airflow/example_dags/example_dataset_alias_with_no_taskflow.py for tasks to queue
[2025-07-20T18:47:34.042+0530] {logging_mixin.py:190} INFO - [2025-07-20T18:47:34.041+0530] {dagbag.py:588} INFO - Filling up the DagBag from /Users/parth/Desktop/Engine/venv/lib/python3.11/site-packages/airflow/example_dags/example_dataset_alias_with_no_taskflow.py
[2025-07-20T18:47:34.135+0530] {processor.py:925} INFO - DAG(s) 'dataset_s3_bucket_consumer_with_no_taskflow', 'dataset_s3_bucket_producer_with_no_taskflow', 'dataset_alias_example_alias_consumer_with_no_taskflow', 'dataset_alias_example_alias_producer_with_no_taskflow' retrieved from /Users/parth/Desktop/Engine/venv/lib/python3.11/site-packages/airflow/example_dags/example_dataset_alias_with_no_taskflow.py
[2025-07-20T18:47:34.149+0530] {logging_mixin.py:190} INFO - [2025-07-20T18:47:34.149+0530] {dag.py:3239} INFO - Sync 4 DAGs
[2025-07-20T18:47:34.160+0530] {logging_mixin.py:190} INFO - [2025-07-20T18:47:34.159+0530] {dag.py:4180} INFO - Setting next_dagrun for dataset_alias_example_alias_consumer_with_no_taskflow to None, run_after=None
[2025-07-20T18:47:34.161+0530] {logging_mixin.py:190} INFO - [2025-07-20T18:47:34.161+0530] {dag.py:4180} INFO - Setting next_dagrun for dataset_alias_example_alias_producer_with_no_taskflow to None, run_after=None
[2025-07-20T18:47:34.161+0530] {logging_mixin.py:190} INFO - [2025-07-20T18:47:34.161+0530] {dag.py:4180} INFO - Setting next_dagrun for dataset_s3_bucket_consumer_with_no_taskflow to None, run_after=None
[2025-07-20T18:47:34.162+0530] {logging_mixin.py:190} INFO - [2025-07-20T18:47:34.162+0530] {dag.py:4180} INFO - Setting next_dagrun for dataset_s3_bucket_producer_with_no_taskflow to None, run_after=None
[2025-07-20T18:47:34.174+0530] {processor.py:208} INFO - Processing /Users/parth/Desktop/Engine/venv/lib/python3.11/site-packages/airflow/example_dags/example_dataset_alias_with_no_taskflow.py took 0.137 seconds
[2025-07-20T19:09:02.793+0530] {processor.py:186} INFO - Started process (PID=61251) to work on /Users/parth/Desktop/Engine/venv/lib/python3.11/site-packages/airflow/example_dags/example_dataset_alias_with_no_taskflow.py
[2025-07-20T19:09:02.794+0530] {processor.py:914} INFO - Processing file /Users/parth/Desktop/Engine/venv/lib/python3.11/site-packages/airflow/example_dags/example_dataset_alias_with_no_taskflow.py for tasks to queue
[2025-07-20T19:09:02.795+0530] {logging_mixin.py:190} INFO - [2025-07-20T19:09:02.795+0530] {dagbag.py:588} INFO - Filling up the DagBag from /Users/parth/Desktop/Engine/venv/lib/python3.11/site-packages/airflow/example_dags/example_dataset_alias_with_no_taskflow.py
[2025-07-20T19:09:02.890+0530] {processor.py:925} INFO - DAG(s) 'dataset_alias_example_alias_consumer_with_no_taskflow', 'dataset_s3_bucket_consumer_with_no_taskflow', 'dataset_alias_example_alias_producer_with_no_taskflow', 'dataset_s3_bucket_producer_with_no_taskflow' retrieved from /Users/parth/Desktop/Engine/venv/lib/python3.11/site-packages/airflow/example_dags/example_dataset_alias_with_no_taskflow.py
[2025-07-20T19:09:02.904+0530] {logging_mixin.py:190} INFO - [2025-07-20T19:09:02.903+0530] {dag.py:3239} INFO - Sync 4 DAGs
[2025-07-20T19:09:02.914+0530] {logging_mixin.py:190} INFO - [2025-07-20T19:09:02.914+0530] {dag.py:4180} INFO - Setting next_dagrun for dataset_alias_example_alias_consumer_with_no_taskflow to None, run_after=None
[2025-07-20T19:09:02.915+0530] {logging_mixin.py:190} INFO - [2025-07-20T19:09:02.915+0530] {dag.py:4180} INFO - Setting next_dagrun for dataset_alias_example_alias_producer_with_no_taskflow to None, run_after=None
[2025-07-20T19:09:02.916+0530] {logging_mixin.py:190} INFO - [2025-07-20T19:09:02.916+0530] {dag.py:4180} INFO - Setting next_dagrun for dataset_s3_bucket_consumer_with_no_taskflow to None, run_after=None
[2025-07-20T19:09:02.916+0530] {logging_mixin.py:190} INFO - [2025-07-20T19:09:02.916+0530] {dag.py:4180} INFO - Setting next_dagrun for dataset_s3_bucket_producer_with_no_taskflow to None, run_after=None
[2025-07-20T19:09:02.929+0530] {processor.py:208} INFO - Processing /Users/parth/Desktop/Engine/venv/lib/python3.11/site-packages/airflow/example_dags/example_dataset_alias_with_no_taskflow.py took 0.138 seconds
