[2025-07-20T16:21:22.552+0530] {processor.py:186} INFO - Started process (PID=35046) to work on /Users/parth/Desktop/Engine/venv/lib/python3.11/site-packages/airflow/example_dags/example_dynamic_task_mapping.py
[2025-07-20T16:21:22.552+0530] {processor.py:914} INFO - Processing file /Users/parth/Desktop/Engine/venv/lib/python3.11/site-packages/airflow/example_dags/example_dynamic_task_mapping.py for tasks to queue
[2025-07-20T16:21:22.553+0530] {logging_mixin.py:190} INFO - [2025-07-20T16:21:22.553+0530] {dagbag.py:588} INFO - Filling up the DagBag from /Users/parth/Desktop/Engine/venv/lib/python3.11/site-packages/airflow/example_dags/example_dynamic_task_mapping.py
[2025-07-20T16:21:22.581+0530] {processor.py:925} INFO - DAG(s) 'example_dynamic_task_mapping' retrieved from /Users/parth/Desktop/Engine/venv/lib/python3.11/site-packages/airflow/example_dags/example_dynamic_task_mapping.py
[2025-07-20T16:21:22.643+0530] {logging_mixin.py:190} INFO - [2025-07-20T16:21:22.642+0530] {dag.py:3239} INFO - Sync 1 DAGs
[2025-07-20T16:21:22.650+0530] {logging_mixin.py:190} INFO - [2025-07-20T16:21:22.650+0530] {dag.py:4180} INFO - Setting next_dagrun for example_dynamic_task_mapping to None, run_after=None
[2025-07-20T16:21:22.662+0530] {processor.py:208} INFO - Processing /Users/parth/Desktop/Engine/venv/lib/python3.11/site-packages/airflow/example_dags/example_dynamic_task_mapping.py took 0.113 seconds
[2025-07-20T16:24:21.297+0530] {processor.py:186} INFO - Started process (PID=36283) to work on /Users/parth/Desktop/Engine/venv/lib/python3.11/site-packages/airflow/example_dags/example_dynamic_task_mapping.py
[2025-07-20T16:24:21.297+0530] {processor.py:914} INFO - Processing file /Users/parth/Desktop/Engine/venv/lib/python3.11/site-packages/airflow/example_dags/example_dynamic_task_mapping.py for tasks to queue
[2025-07-20T16:24:21.298+0530] {logging_mixin.py:190} INFO - [2025-07-20T16:24:21.298+0530] {dagbag.py:588} INFO - Filling up the DagBag from /Users/parth/Desktop/Engine/venv/lib/python3.11/site-packages/airflow/example_dags/example_dynamic_task_mapping.py
[2025-07-20T16:24:21.328+0530] {processor.py:925} INFO - DAG(s) 'example_dynamic_task_mapping' retrieved from /Users/parth/Desktop/Engine/venv/lib/python3.11/site-packages/airflow/example_dags/example_dynamic_task_mapping.py
[2025-07-20T16:24:21.390+0530] {logging_mixin.py:190} INFO - [2025-07-20T16:24:21.389+0530] {dag.py:3239} INFO - Sync 1 DAGs
[2025-07-20T16:24:21.396+0530] {logging_mixin.py:190} INFO - [2025-07-20T16:24:21.396+0530] {dag.py:4180} INFO - Setting next_dagrun for example_dynamic_task_mapping to None, run_after=None
[2025-07-20T16:24:21.407+0530] {processor.py:208} INFO - Processing /Users/parth/Desktop/Engine/venv/lib/python3.11/site-packages/airflow/example_dags/example_dynamic_task_mapping.py took 0.113 seconds
[2025-07-20T16:28:36.380+0530] {processor.py:186} INFO - Started process (PID=38025) to work on /Users/parth/Desktop/Engine/venv/lib/python3.11/site-packages/airflow/example_dags/example_dynamic_task_mapping.py
[2025-07-20T16:28:36.382+0530] {processor.py:914} INFO - Processing file /Users/parth/Desktop/Engine/venv/lib/python3.11/site-packages/airflow/example_dags/example_dynamic_task_mapping.py for tasks to queue
[2025-07-20T16:28:36.383+0530] {logging_mixin.py:190} INFO - [2025-07-20T16:28:36.382+0530] {dagbag.py:588} INFO - Filling up the DagBag from /Users/parth/Desktop/Engine/venv/lib/python3.11/site-packages/airflow/example_dags/example_dynamic_task_mapping.py
[2025-07-20T16:28:36.409+0530] {processor.py:925} INFO - DAG(s) 'example_dynamic_task_mapping' retrieved from /Users/parth/Desktop/Engine/venv/lib/python3.11/site-packages/airflow/example_dags/example_dynamic_task_mapping.py
[2025-07-20T16:28:36.469+0530] {logging_mixin.py:190} INFO - [2025-07-20T16:28:36.469+0530] {dag.py:3239} INFO - Sync 1 DAGs
[2025-07-20T16:28:36.476+0530] {logging_mixin.py:190} INFO - [2025-07-20T16:28:36.475+0530] {dag.py:4180} INFO - Setting next_dagrun for example_dynamic_task_mapping to None, run_after=None
[2025-07-20T16:28:36.486+0530] {processor.py:208} INFO - Processing /Users/parth/Desktop/Engine/venv/lib/python3.11/site-packages/airflow/example_dags/example_dynamic_task_mapping.py took 0.108 seconds
[2025-07-20T16:32:58.927+0530] {processor.py:186} INFO - Started process (PID=39959) to work on /Users/parth/Desktop/Engine/venv/lib/python3.11/site-packages/airflow/example_dags/example_dynamic_task_mapping.py
[2025-07-20T16:32:58.928+0530] {processor.py:914} INFO - Processing file /Users/parth/Desktop/Engine/venv/lib/python3.11/site-packages/airflow/example_dags/example_dynamic_task_mapping.py for tasks to queue
[2025-07-20T16:32:58.928+0530] {logging_mixin.py:190} INFO - [2025-07-20T16:32:58.928+0530] {dagbag.py:588} INFO - Filling up the DagBag from /Users/parth/Desktop/Engine/venv/lib/python3.11/site-packages/airflow/example_dags/example_dynamic_task_mapping.py
[2025-07-20T16:32:58.955+0530] {processor.py:925} INFO - DAG(s) 'example_dynamic_task_mapping' retrieved from /Users/parth/Desktop/Engine/venv/lib/python3.11/site-packages/airflow/example_dags/example_dynamic_task_mapping.py
[2025-07-20T16:32:59.018+0530] {logging_mixin.py:190} INFO - [2025-07-20T16:32:59.018+0530] {dag.py:3239} INFO - Sync 1 DAGs
[2025-07-20T16:32:59.027+0530] {logging_mixin.py:190} INFO - [2025-07-20T16:32:59.027+0530] {dag.py:4180} INFO - Setting next_dagrun for example_dynamic_task_mapping to None, run_after=None
[2025-07-20T16:32:59.039+0530] {processor.py:208} INFO - Processing /Users/parth/Desktop/Engine/venv/lib/python3.11/site-packages/airflow/example_dags/example_dynamic_task_mapping.py took 0.115 seconds
[2025-07-20T16:37:28.219+0530] {processor.py:186} INFO - Started process (PID=41777) to work on /Users/parth/Desktop/Engine/venv/lib/python3.11/site-packages/airflow/example_dags/example_dynamic_task_mapping.py
[2025-07-20T16:37:28.220+0530] {processor.py:914} INFO - Processing file /Users/parth/Desktop/Engine/venv/lib/python3.11/site-packages/airflow/example_dags/example_dynamic_task_mapping.py for tasks to queue
[2025-07-20T16:37:28.220+0530] {logging_mixin.py:190} INFO - [2025-07-20T16:37:28.220+0530] {dagbag.py:588} INFO - Filling up the DagBag from /Users/parth/Desktop/Engine/venv/lib/python3.11/site-packages/airflow/example_dags/example_dynamic_task_mapping.py
[2025-07-20T16:37:28.246+0530] {processor.py:925} INFO - DAG(s) 'example_dynamic_task_mapping' retrieved from /Users/parth/Desktop/Engine/venv/lib/python3.11/site-packages/airflow/example_dags/example_dynamic_task_mapping.py
[2025-07-20T16:37:28.307+0530] {logging_mixin.py:190} INFO - [2025-07-20T16:37:28.307+0530] {dag.py:3239} INFO - Sync 1 DAGs
[2025-07-20T16:37:28.314+0530] {logging_mixin.py:190} INFO - [2025-07-20T16:37:28.314+0530] {dag.py:4180} INFO - Setting next_dagrun for example_dynamic_task_mapping to None, run_after=None
[2025-07-20T16:37:28.325+0530] {processor.py:208} INFO - Processing /Users/parth/Desktop/Engine/venv/lib/python3.11/site-packages/airflow/example_dags/example_dynamic_task_mapping.py took 0.109 seconds
[2025-07-20T16:41:57.823+0530] {processor.py:186} INFO - Started process (PID=43536) to work on /Users/parth/Desktop/Engine/venv/lib/python3.11/site-packages/airflow/example_dags/example_dynamic_task_mapping.py
[2025-07-20T16:41:57.825+0530] {processor.py:914} INFO - Processing file /Users/parth/Desktop/Engine/venv/lib/python3.11/site-packages/airflow/example_dags/example_dynamic_task_mapping.py for tasks to queue
[2025-07-20T16:41:57.825+0530] {logging_mixin.py:190} INFO - [2025-07-20T16:41:57.825+0530] {dagbag.py:588} INFO - Filling up the DagBag from /Users/parth/Desktop/Engine/venv/lib/python3.11/site-packages/airflow/example_dags/example_dynamic_task_mapping.py
[2025-07-20T16:41:57.851+0530] {processor.py:925} INFO - DAG(s) 'example_dynamic_task_mapping' retrieved from /Users/parth/Desktop/Engine/venv/lib/python3.11/site-packages/airflow/example_dags/example_dynamic_task_mapping.py
[2025-07-20T16:41:57.911+0530] {logging_mixin.py:190} INFO - [2025-07-20T16:41:57.911+0530] {dag.py:3239} INFO - Sync 1 DAGs
[2025-07-20T16:41:57.918+0530] {logging_mixin.py:190} INFO - [2025-07-20T16:41:57.917+0530] {dag.py:4180} INFO - Setting next_dagrun for example_dynamic_task_mapping to None, run_after=None
[2025-07-20T16:41:57.929+0530] {processor.py:208} INFO - Processing /Users/parth/Desktop/Engine/venv/lib/python3.11/site-packages/airflow/example_dags/example_dynamic_task_mapping.py took 0.108 seconds
[2025-07-20T16:46:09.386+0530] {processor.py:186} INFO - Started process (PID=45166) to work on /Users/parth/Desktop/Engine/venv/lib/python3.11/site-packages/airflow/example_dags/example_dynamic_task_mapping.py
[2025-07-20T16:46:09.388+0530] {processor.py:914} INFO - Processing file /Users/parth/Desktop/Engine/venv/lib/python3.11/site-packages/airflow/example_dags/example_dynamic_task_mapping.py for tasks to queue
[2025-07-20T16:46:09.388+0530] {logging_mixin.py:190} INFO - [2025-07-20T16:46:09.388+0530] {dagbag.py:588} INFO - Filling up the DagBag from /Users/parth/Desktop/Engine/venv/lib/python3.11/site-packages/airflow/example_dags/example_dynamic_task_mapping.py
[2025-07-20T16:46:09.414+0530] {processor.py:925} INFO - DAG(s) 'example_dynamic_task_mapping' retrieved from /Users/parth/Desktop/Engine/venv/lib/python3.11/site-packages/airflow/example_dags/example_dynamic_task_mapping.py
[2025-07-20T16:46:09.474+0530] {logging_mixin.py:190} INFO - [2025-07-20T16:46:09.474+0530] {dag.py:3239} INFO - Sync 1 DAGs
[2025-07-20T16:46:09.481+0530] {logging_mixin.py:190} INFO - [2025-07-20T16:46:09.481+0530] {dag.py:4180} INFO - Setting next_dagrun for example_dynamic_task_mapping to None, run_after=None
[2025-07-20T16:46:09.492+0530] {processor.py:208} INFO - Processing /Users/parth/Desktop/Engine/venv/lib/python3.11/site-packages/airflow/example_dags/example_dynamic_task_mapping.py took 0.109 seconds
[2025-07-20T16:50:05.182+0530] {processor.py:186} INFO - Started process (PID=46723) to work on /Users/parth/Desktop/Engine/venv/lib/python3.11/site-packages/airflow/example_dags/example_dynamic_task_mapping.py
[2025-07-20T16:50:05.183+0530] {processor.py:914} INFO - Processing file /Users/parth/Desktop/Engine/venv/lib/python3.11/site-packages/airflow/example_dags/example_dynamic_task_mapping.py for tasks to queue
[2025-07-20T16:50:05.184+0530] {logging_mixin.py:190} INFO - [2025-07-20T16:50:05.184+0530] {dagbag.py:588} INFO - Filling up the DagBag from /Users/parth/Desktop/Engine/venv/lib/python3.11/site-packages/airflow/example_dags/example_dynamic_task_mapping.py
[2025-07-20T16:50:05.209+0530] {processor.py:925} INFO - DAG(s) 'example_dynamic_task_mapping' retrieved from /Users/parth/Desktop/Engine/venv/lib/python3.11/site-packages/airflow/example_dags/example_dynamic_task_mapping.py
[2025-07-20T16:50:05.269+0530] {logging_mixin.py:190} INFO - [2025-07-20T16:50:05.268+0530] {dag.py:3239} INFO - Sync 1 DAGs
[2025-07-20T16:50:05.275+0530] {logging_mixin.py:190} INFO - [2025-07-20T16:50:05.275+0530] {dag.py:4180} INFO - Setting next_dagrun for example_dynamic_task_mapping to None, run_after=None
[2025-07-20T16:50:05.285+0530] {processor.py:208} INFO - Processing /Users/parth/Desktop/Engine/venv/lib/python3.11/site-packages/airflow/example_dags/example_dynamic_task_mapping.py took 0.105 seconds
[2025-07-20T17:51:23.809+0530] {processor.py:186} INFO - Started process (PID=48247) to work on /Users/parth/Desktop/Engine/venv/lib/python3.11/site-packages/airflow/example_dags/example_dynamic_task_mapping.py
[2025-07-20T17:51:23.811+0530] {processor.py:914} INFO - Processing file /Users/parth/Desktop/Engine/venv/lib/python3.11/site-packages/airflow/example_dags/example_dynamic_task_mapping.py for tasks to queue
[2025-07-20T17:51:23.811+0530] {logging_mixin.py:190} INFO - [2025-07-20T17:51:23.811+0530] {dagbag.py:588} INFO - Filling up the DagBag from /Users/parth/Desktop/Engine/venv/lib/python3.11/site-packages/airflow/example_dags/example_dynamic_task_mapping.py
[2025-07-20T17:51:23.836+0530] {processor.py:925} INFO - DAG(s) 'example_dynamic_task_mapping' retrieved from /Users/parth/Desktop/Engine/venv/lib/python3.11/site-packages/airflow/example_dags/example_dynamic_task_mapping.py
[2025-07-20T17:51:23.895+0530] {logging_mixin.py:190} INFO - [2025-07-20T17:51:23.895+0530] {dag.py:3239} INFO - Sync 1 DAGs
[2025-07-20T17:51:23.902+0530] {logging_mixin.py:190} INFO - [2025-07-20T17:51:23.902+0530] {dag.py:4180} INFO - Setting next_dagrun for example_dynamic_task_mapping to None, run_after=None
[2025-07-20T17:51:23.913+0530] {processor.py:208} INFO - Processing /Users/parth/Desktop/Engine/venv/lib/python3.11/site-packages/airflow/example_dags/example_dynamic_task_mapping.py took 0.106 seconds
[2025-07-20T17:55:25.817+0530] {processor.py:186} INFO - Started process (PID=49810) to work on /Users/parth/Desktop/Engine/venv/lib/python3.11/site-packages/airflow/example_dags/example_dynamic_task_mapping.py
[2025-07-20T17:55:25.818+0530] {processor.py:914} INFO - Processing file /Users/parth/Desktop/Engine/venv/lib/python3.11/site-packages/airflow/example_dags/example_dynamic_task_mapping.py for tasks to queue
[2025-07-20T17:55:25.819+0530] {logging_mixin.py:190} INFO - [2025-07-20T17:55:25.819+0530] {dagbag.py:588} INFO - Filling up the DagBag from /Users/parth/Desktop/Engine/venv/lib/python3.11/site-packages/airflow/example_dags/example_dynamic_task_mapping.py
[2025-07-20T17:55:25.844+0530] {processor.py:925} INFO - DAG(s) 'example_dynamic_task_mapping' retrieved from /Users/parth/Desktop/Engine/venv/lib/python3.11/site-packages/airflow/example_dags/example_dynamic_task_mapping.py
[2025-07-20T17:55:25.904+0530] {logging_mixin.py:190} INFO - [2025-07-20T17:55:25.904+0530] {dag.py:3239} INFO - Sync 1 DAGs
[2025-07-20T17:55:25.911+0530] {logging_mixin.py:190} INFO - [2025-07-20T17:55:25.911+0530] {dag.py:4180} INFO - Setting next_dagrun for example_dynamic_task_mapping to None, run_after=None
[2025-07-20T17:55:25.922+0530] {processor.py:208} INFO - Processing /Users/parth/Desktop/Engine/venv/lib/python3.11/site-packages/airflow/example_dags/example_dynamic_task_mapping.py took 0.107 seconds
[2025-07-20T17:59:05.574+0530] {processor.py:186} INFO - Started process (PID=51220) to work on /Users/parth/Desktop/Engine/venv/lib/python3.11/site-packages/airflow/example_dags/example_dynamic_task_mapping.py
[2025-07-20T17:59:05.575+0530] {processor.py:914} INFO - Processing file /Users/parth/Desktop/Engine/venv/lib/python3.11/site-packages/airflow/example_dags/example_dynamic_task_mapping.py for tasks to queue
[2025-07-20T17:59:05.576+0530] {logging_mixin.py:190} INFO - [2025-07-20T17:59:05.575+0530] {dagbag.py:588} INFO - Filling up the DagBag from /Users/parth/Desktop/Engine/venv/lib/python3.11/site-packages/airflow/example_dags/example_dynamic_task_mapping.py
[2025-07-20T17:59:05.603+0530] {processor.py:925} INFO - DAG(s) 'example_dynamic_task_mapping' retrieved from /Users/parth/Desktop/Engine/venv/lib/python3.11/site-packages/airflow/example_dags/example_dynamic_task_mapping.py
[2025-07-20T17:59:05.673+0530] {logging_mixin.py:190} INFO - [2025-07-20T17:59:05.672+0530] {dag.py:3239} INFO - Sync 1 DAGs
[2025-07-20T17:59:05.680+0530] {logging_mixin.py:190} INFO - [2025-07-20T17:59:05.680+0530] {dag.py:4180} INFO - Setting next_dagrun for example_dynamic_task_mapping to None, run_after=None
[2025-07-20T17:59:05.693+0530] {processor.py:208} INFO - Processing /Users/parth/Desktop/Engine/venv/lib/python3.11/site-packages/airflow/example_dags/example_dynamic_task_mapping.py took 0.122 seconds
[2025-07-20T18:03:01.788+0530] {processor.py:186} INFO - Started process (PID=52730) to work on /Users/parth/Desktop/Engine/venv/lib/python3.11/site-packages/airflow/example_dags/example_dynamic_task_mapping.py
[2025-07-20T18:03:01.790+0530] {processor.py:914} INFO - Processing file /Users/parth/Desktop/Engine/venv/lib/python3.11/site-packages/airflow/example_dags/example_dynamic_task_mapping.py for tasks to queue
[2025-07-20T18:03:01.790+0530] {logging_mixin.py:190} INFO - [2025-07-20T18:03:01.790+0530] {dagbag.py:588} INFO - Filling up the DagBag from /Users/parth/Desktop/Engine/venv/lib/python3.11/site-packages/airflow/example_dags/example_dynamic_task_mapping.py
[2025-07-20T18:03:01.815+0530] {processor.py:925} INFO - DAG(s) 'example_dynamic_task_mapping' retrieved from /Users/parth/Desktop/Engine/venv/lib/python3.11/site-packages/airflow/example_dags/example_dynamic_task_mapping.py
[2025-07-20T18:03:01.874+0530] {logging_mixin.py:190} INFO - [2025-07-20T18:03:01.873+0530] {dag.py:3239} INFO - Sync 1 DAGs
[2025-07-20T18:03:01.880+0530] {logging_mixin.py:190} INFO - [2025-07-20T18:03:01.880+0530] {dag.py:4180} INFO - Setting next_dagrun for example_dynamic_task_mapping to None, run_after=None
[2025-07-20T18:03:01.891+0530] {processor.py:208} INFO - Processing /Users/parth/Desktop/Engine/venv/lib/python3.11/site-packages/airflow/example_dags/example_dynamic_task_mapping.py took 0.105 seconds
[2025-07-20T18:06:51.248+0530] {processor.py:186} INFO - Started process (PID=54209) to work on /Users/parth/Desktop/Engine/venv/lib/python3.11/site-packages/airflow/example_dags/example_dynamic_task_mapping.py
[2025-07-20T18:06:51.249+0530] {processor.py:914} INFO - Processing file /Users/parth/Desktop/Engine/venv/lib/python3.11/site-packages/airflow/example_dags/example_dynamic_task_mapping.py for tasks to queue
[2025-07-20T18:06:51.249+0530] {logging_mixin.py:190} INFO - [2025-07-20T18:06:51.249+0530] {dagbag.py:588} INFO - Filling up the DagBag from /Users/parth/Desktop/Engine/venv/lib/python3.11/site-packages/airflow/example_dags/example_dynamic_task_mapping.py
[2025-07-20T18:06:51.278+0530] {processor.py:925} INFO - DAG(s) 'example_dynamic_task_mapping' retrieved from /Users/parth/Desktop/Engine/venv/lib/python3.11/site-packages/airflow/example_dags/example_dynamic_task_mapping.py
[2025-07-20T18:06:51.338+0530] {logging_mixin.py:190} INFO - [2025-07-20T18:06:51.337+0530] {dag.py:3239} INFO - Sync 1 DAGs
[2025-07-20T18:06:51.344+0530] {logging_mixin.py:190} INFO - [2025-07-20T18:06:51.344+0530] {dag.py:4180} INFO - Setting next_dagrun for example_dynamic_task_mapping to None, run_after=None
[2025-07-20T18:06:51.355+0530] {processor.py:208} INFO - Processing /Users/parth/Desktop/Engine/venv/lib/python3.11/site-packages/airflow/example_dags/example_dynamic_task_mapping.py took 0.110 seconds
[2025-07-20T18:24:00.207+0530] {processor.py:186} INFO - Started process (PID=55686) to work on /Users/parth/Desktop/Engine/venv/lib/python3.11/site-packages/airflow/example_dags/example_dynamic_task_mapping.py
[2025-07-20T18:24:00.209+0530] {processor.py:914} INFO - Processing file /Users/parth/Desktop/Engine/venv/lib/python3.11/site-packages/airflow/example_dags/example_dynamic_task_mapping.py for tasks to queue
[2025-07-20T18:24:00.209+0530] {logging_mixin.py:190} INFO - [2025-07-20T18:24:00.209+0530] {dagbag.py:588} INFO - Filling up the DagBag from /Users/parth/Desktop/Engine/venv/lib/python3.11/site-packages/airflow/example_dags/example_dynamic_task_mapping.py
[2025-07-20T18:24:00.234+0530] {processor.py:925} INFO - DAG(s) 'example_dynamic_task_mapping' retrieved from /Users/parth/Desktop/Engine/venv/lib/python3.11/site-packages/airflow/example_dags/example_dynamic_task_mapping.py
[2025-07-20T18:24:00.293+0530] {logging_mixin.py:190} INFO - [2025-07-20T18:24:00.293+0530] {dag.py:3239} INFO - Sync 1 DAGs
[2025-07-20T18:24:00.299+0530] {logging_mixin.py:190} INFO - [2025-07-20T18:24:00.299+0530] {dag.py:4180} INFO - Setting next_dagrun for example_dynamic_task_mapping to None, run_after=None
[2025-07-20T18:24:00.310+0530] {processor.py:208} INFO - Processing /Users/parth/Desktop/Engine/venv/lib/python3.11/site-packages/airflow/example_dags/example_dynamic_task_mapping.py took 0.105 seconds
[2025-07-20T18:27:31.066+0530] {processor.py:186} INFO - Started process (PID=57045) to work on /Users/parth/Desktop/Engine/venv/lib/python3.11/site-packages/airflow/example_dags/example_dynamic_task_mapping.py
[2025-07-20T18:27:31.067+0530] {processor.py:914} INFO - Processing file /Users/parth/Desktop/Engine/venv/lib/python3.11/site-packages/airflow/example_dags/example_dynamic_task_mapping.py for tasks to queue
[2025-07-20T18:27:31.068+0530] {logging_mixin.py:190} INFO - [2025-07-20T18:27:31.068+0530] {dagbag.py:588} INFO - Filling up the DagBag from /Users/parth/Desktop/Engine/venv/lib/python3.11/site-packages/airflow/example_dags/example_dynamic_task_mapping.py
[2025-07-20T18:27:31.092+0530] {processor.py:925} INFO - DAG(s) 'example_dynamic_task_mapping' retrieved from /Users/parth/Desktop/Engine/venv/lib/python3.11/site-packages/airflow/example_dags/example_dynamic_task_mapping.py
[2025-07-20T18:27:31.151+0530] {logging_mixin.py:190} INFO - [2025-07-20T18:27:31.151+0530] {dag.py:3239} INFO - Sync 1 DAGs
[2025-07-20T18:27:31.157+0530] {logging_mixin.py:190} INFO - [2025-07-20T18:27:31.157+0530] {dag.py:4180} INFO - Setting next_dagrun for example_dynamic_task_mapping to None, run_after=None
[2025-07-20T18:27:31.167+0530] {processor.py:208} INFO - Processing /Users/parth/Desktop/Engine/venv/lib/python3.11/site-packages/airflow/example_dags/example_dynamic_task_mapping.py took 0.104 seconds
[2025-07-20T18:31:13.806+0530] {processor.py:186} INFO - Started process (PID=58482) to work on /Users/parth/Desktop/Engine/venv/lib/python3.11/site-packages/airflow/example_dags/example_dynamic_task_mapping.py
[2025-07-20T18:31:13.808+0530] {processor.py:914} INFO - Processing file /Users/parth/Desktop/Engine/venv/lib/python3.11/site-packages/airflow/example_dags/example_dynamic_task_mapping.py for tasks to queue
[2025-07-20T18:31:13.809+0530] {logging_mixin.py:190} INFO - [2025-07-20T18:31:13.808+0530] {dagbag.py:588} INFO - Filling up the DagBag from /Users/parth/Desktop/Engine/venv/lib/python3.11/site-packages/airflow/example_dags/example_dynamic_task_mapping.py
[2025-07-20T18:31:13.833+0530] {processor.py:925} INFO - DAG(s) 'example_dynamic_task_mapping' retrieved from /Users/parth/Desktop/Engine/venv/lib/python3.11/site-packages/airflow/example_dags/example_dynamic_task_mapping.py
[2025-07-20T18:31:13.892+0530] {logging_mixin.py:190} INFO - [2025-07-20T18:31:13.892+0530] {dag.py:3239} INFO - Sync 1 DAGs
[2025-07-20T18:31:13.898+0530] {logging_mixin.py:190} INFO - [2025-07-20T18:31:13.898+0530] {dag.py:4180} INFO - Setting next_dagrun for example_dynamic_task_mapping to None, run_after=None
[2025-07-20T18:31:13.909+0530] {processor.py:208} INFO - Processing /Users/parth/Desktop/Engine/venv/lib/python3.11/site-packages/airflow/example_dags/example_dynamic_task_mapping.py took 0.105 seconds
[2025-07-20T18:47:27.012+0530] {processor.py:186} INFO - Started process (PID=59835) to work on /Users/parth/Desktop/Engine/venv/lib/python3.11/site-packages/airflow/example_dags/example_dynamic_task_mapping.py
[2025-07-20T18:47:27.013+0530] {processor.py:914} INFO - Processing file /Users/parth/Desktop/Engine/venv/lib/python3.11/site-packages/airflow/example_dags/example_dynamic_task_mapping.py for tasks to queue
[2025-07-20T18:47:27.014+0530] {logging_mixin.py:190} INFO - [2025-07-20T18:47:27.014+0530] {dagbag.py:588} INFO - Filling up the DagBag from /Users/parth/Desktop/Engine/venv/lib/python3.11/site-packages/airflow/example_dags/example_dynamic_task_mapping.py
[2025-07-20T18:47:27.038+0530] {processor.py:925} INFO - DAG(s) 'example_dynamic_task_mapping' retrieved from /Users/parth/Desktop/Engine/venv/lib/python3.11/site-packages/airflow/example_dags/example_dynamic_task_mapping.py
[2025-07-20T18:47:27.096+0530] {logging_mixin.py:190} INFO - [2025-07-20T18:47:27.096+0530] {dag.py:3239} INFO - Sync 1 DAGs
[2025-07-20T18:47:27.102+0530] {logging_mixin.py:190} INFO - [2025-07-20T18:47:27.102+0530] {dag.py:4180} INFO - Setting next_dagrun for example_dynamic_task_mapping to None, run_after=None
[2025-07-20T18:47:27.113+0530] {processor.py:208} INFO - Processing /Users/parth/Desktop/Engine/venv/lib/python3.11/site-packages/airflow/example_dags/example_dynamic_task_mapping.py took 0.103 seconds
[2025-07-20T19:08:56.304+0530] {processor.py:186} INFO - Started process (PID=61208) to work on /Users/parth/Desktop/Engine/venv/lib/python3.11/site-packages/airflow/example_dags/example_dynamic_task_mapping.py
[2025-07-20T19:08:56.305+0530] {processor.py:914} INFO - Processing file /Users/parth/Desktop/Engine/venv/lib/python3.11/site-packages/airflow/example_dags/example_dynamic_task_mapping.py for tasks to queue
[2025-07-20T19:08:56.305+0530] {logging_mixin.py:190} INFO - [2025-07-20T19:08:56.305+0530] {dagbag.py:588} INFO - Filling up the DagBag from /Users/parth/Desktop/Engine/venv/lib/python3.11/site-packages/airflow/example_dags/example_dynamic_task_mapping.py
[2025-07-20T19:08:56.330+0530] {processor.py:925} INFO - DAG(s) 'example_dynamic_task_mapping' retrieved from /Users/parth/Desktop/Engine/venv/lib/python3.11/site-packages/airflow/example_dags/example_dynamic_task_mapping.py
[2025-07-20T19:08:56.389+0530] {logging_mixin.py:190} INFO - [2025-07-20T19:08:56.389+0530] {dag.py:3239} INFO - Sync 1 DAGs
[2025-07-20T19:08:56.395+0530] {logging_mixin.py:190} INFO - [2025-07-20T19:08:56.395+0530] {dag.py:4180} INFO - Setting next_dagrun for example_dynamic_task_mapping to None, run_after=None
[2025-07-20T19:08:56.406+0530] {processor.py:208} INFO - Processing /Users/parth/Desktop/Engine/venv/lib/python3.11/site-packages/airflow/example_dags/example_dynamic_task_mapping.py took 0.104 seconds
