[2025-07-20T16:20:57.068+0530] {processor.py:186} INFO - Started process (PID=34868) to work on /Users/parth/Desktop/Engine/venv/lib/python3.11/site-packages/airflow/example_dags/example_outlet_event_extra.py
[2025-07-20T16:20:57.069+0530] {processor.py:914} INFO - Processing file /Users/parth/Desktop/Engine/venv/lib/python3.11/site-packages/airflow/example_dags/example_outlet_event_extra.py for tasks to queue
[2025-07-20T16:20:57.069+0530] {logging_mixin.py:190} INFO - [2025-07-20T16:20:57.069+0530] {dagbag.py:588} INFO - Filling up the DagBag from /Users/parth/Desktop/Engine/venv/lib/python3.11/site-packages/airflow/example_dags/example_outlet_event_extra.py
[2025-07-20T16:20:57.132+0530] {processor.py:925} INFO - DAG(s) 'dataset_with_extra_by_context', 'dataset_with_extra_by_yield', 'dataset_with_extra_from_classic_operator' retrieved from /Users/parth/Desktop/Engine/venv/lib/python3.11/site-packages/airflow/example_dags/example_outlet_event_extra.py
[2025-07-20T16:20:57.196+0530] {logging_mixin.py:190} INFO - [2025-07-20T16:20:57.195+0530] {dag.py:3239} INFO - Sync 3 DAGs
[2025-07-20T16:20:57.207+0530] {logging_mixin.py:190} INFO - [2025-07-20T16:20:57.207+0530] {dag.py:4180} INFO - Setting next_dagrun for dataset_with_extra_by_context to 2025-07-19 00:00:00+00:00, run_after=2025-07-20 00:00:00+00:00
[2025-07-20T16:20:57.210+0530] {logging_mixin.py:190} INFO - [2025-07-20T16:20:57.210+0530] {dag.py:4180} INFO - Setting next_dagrun for dataset_with_extra_by_yield to 2025-07-19 00:00:00+00:00, run_after=2025-07-20 00:00:00+00:00
[2025-07-20T16:20:57.211+0530] {logging_mixin.py:190} INFO - [2025-07-20T16:20:57.211+0530] {dag.py:4180} INFO - Setting next_dagrun for dataset_with_extra_from_classic_operator to 2025-07-19 00:00:00+00:00, run_after=2025-07-20 00:00:00+00:00
[2025-07-20T16:20:57.225+0530] {processor.py:208} INFO - Processing /Users/parth/Desktop/Engine/venv/lib/python3.11/site-packages/airflow/example_dags/example_outlet_event_extra.py took 0.160 seconds
[2025-07-20T16:23:52.097+0530] {processor.py:186} INFO - Started process (PID=36060) to work on /Users/parth/Desktop/Engine/venv/lib/python3.11/site-packages/airflow/example_dags/example_outlet_event_extra.py
[2025-07-20T16:23:52.098+0530] {processor.py:914} INFO - Processing file /Users/parth/Desktop/Engine/venv/lib/python3.11/site-packages/airflow/example_dags/example_outlet_event_extra.py for tasks to queue
[2025-07-20T16:23:52.099+0530] {logging_mixin.py:190} INFO - [2025-07-20T16:23:52.099+0530] {dagbag.py:588} INFO - Filling up the DagBag from /Users/parth/Desktop/Engine/venv/lib/python3.11/site-packages/airflow/example_dags/example_outlet_event_extra.py
[2025-07-20T16:23:52.158+0530] {processor.py:925} INFO - DAG(s) 'dataset_with_extra_from_classic_operator', 'dataset_with_extra_by_context', 'dataset_with_extra_by_yield' retrieved from /Users/parth/Desktop/Engine/venv/lib/python3.11/site-packages/airflow/example_dags/example_outlet_event_extra.py
[2025-07-20T16:23:52.224+0530] {logging_mixin.py:190} INFO - [2025-07-20T16:23:52.224+0530] {dag.py:3239} INFO - Sync 3 DAGs
[2025-07-20T16:23:52.237+0530] {logging_mixin.py:190} INFO - [2025-07-20T16:23:52.236+0530] {dag.py:4180} INFO - Setting next_dagrun for dataset_with_extra_by_context to 2025-07-19 00:00:00+00:00, run_after=2025-07-20 00:00:00+00:00
[2025-07-20T16:23:52.239+0530] {logging_mixin.py:190} INFO - [2025-07-20T16:23:52.239+0530] {dag.py:4180} INFO - Setting next_dagrun for dataset_with_extra_by_yield to 2025-07-19 00:00:00+00:00, run_after=2025-07-20 00:00:00+00:00
[2025-07-20T16:23:52.240+0530] {logging_mixin.py:190} INFO - [2025-07-20T16:23:52.240+0530] {dag.py:4180} INFO - Setting next_dagrun for dataset_with_extra_from_classic_operator to 2025-07-19 00:00:00+00:00, run_after=2025-07-20 00:00:00+00:00
[2025-07-20T16:23:52.256+0530] {processor.py:208} INFO - Processing /Users/parth/Desktop/Engine/venv/lib/python3.11/site-packages/airflow/example_dags/example_outlet_event_extra.py took 0.161 seconds
[2025-07-20T16:26:11.461+0530] {processor.py:186} INFO - Started process (PID=37047) to work on /Users/parth/Desktop/Engine/venv/lib/python3.11/site-packages/airflow/example_dags/example_outlet_event_extra.py
[2025-07-20T16:26:11.463+0530] {processor.py:914} INFO - Processing file /Users/parth/Desktop/Engine/venv/lib/python3.11/site-packages/airflow/example_dags/example_outlet_event_extra.py for tasks to queue
[2025-07-20T16:26:11.464+0530] {logging_mixin.py:190} INFO - [2025-07-20T16:26:11.463+0530] {dagbag.py:588} INFO - Filling up the DagBag from /Users/parth/Desktop/Engine/venv/lib/python3.11/site-packages/airflow/example_dags/example_outlet_event_extra.py
[2025-07-20T16:26:11.518+0530] {processor.py:925} INFO - DAG(s) 'dataset_with_extra_by_context', 'dataset_with_extra_by_yield', 'dataset_with_extra_from_classic_operator' retrieved from /Users/parth/Desktop/Engine/venv/lib/python3.11/site-packages/airflow/example_dags/example_outlet_event_extra.py
[2025-07-20T16:26:11.581+0530] {logging_mixin.py:190} INFO - [2025-07-20T16:26:11.581+0530] {dag.py:3239} INFO - Sync 3 DAGs
[2025-07-20T16:26:11.593+0530] {logging_mixin.py:190} INFO - [2025-07-20T16:26:11.593+0530] {dag.py:4180} INFO - Setting next_dagrun for dataset_with_extra_by_context to 2025-07-19 00:00:00+00:00, run_after=2025-07-20 00:00:00+00:00
[2025-07-20T16:26:11.595+0530] {logging_mixin.py:190} INFO - [2025-07-20T16:26:11.595+0530] {dag.py:4180} INFO - Setting next_dagrun for dataset_with_extra_by_yield to 2025-07-19 00:00:00+00:00, run_after=2025-07-20 00:00:00+00:00
[2025-07-20T16:26:11.597+0530] {logging_mixin.py:190} INFO - [2025-07-20T16:26:11.597+0530] {dag.py:4180} INFO - Setting next_dagrun for dataset_with_extra_from_classic_operator to 2025-07-19 00:00:00+00:00, run_after=2025-07-20 00:00:00+00:00
[2025-07-20T16:26:11.610+0530] {processor.py:208} INFO - Processing /Users/parth/Desktop/Engine/venv/lib/python3.11/site-packages/airflow/example_dags/example_outlet_event_extra.py took 0.151 seconds
[2025-07-20T16:30:21.944+0530] {processor.py:186} INFO - Started process (PID=38850) to work on /Users/parth/Desktop/Engine/venv/lib/python3.11/site-packages/airflow/example_dags/example_outlet_event_extra.py
[2025-07-20T16:30:21.945+0530] {processor.py:914} INFO - Processing file /Users/parth/Desktop/Engine/venv/lib/python3.11/site-packages/airflow/example_dags/example_outlet_event_extra.py for tasks to queue
[2025-07-20T16:30:21.945+0530] {logging_mixin.py:190} INFO - [2025-07-20T16:30:21.945+0530] {dagbag.py:588} INFO - Filling up the DagBag from /Users/parth/Desktop/Engine/venv/lib/python3.11/site-packages/airflow/example_dags/example_outlet_event_extra.py
[2025-07-20T16:30:22.002+0530] {processor.py:925} INFO - DAG(s) 'dataset_with_extra_by_yield', 'dataset_with_extra_from_classic_operator', 'dataset_with_extra_by_context' retrieved from /Users/parth/Desktop/Engine/venv/lib/python3.11/site-packages/airflow/example_dags/example_outlet_event_extra.py
[2025-07-20T16:30:22.065+0530] {logging_mixin.py:190} INFO - [2025-07-20T16:30:22.065+0530] {dag.py:3239} INFO - Sync 3 DAGs
[2025-07-20T16:30:22.078+0530] {logging_mixin.py:190} INFO - [2025-07-20T16:30:22.078+0530] {dag.py:4180} INFO - Setting next_dagrun for dataset_with_extra_by_context to 2025-07-19 00:00:00+00:00, run_after=2025-07-20 00:00:00+00:00
[2025-07-20T16:30:22.081+0530] {logging_mixin.py:190} INFO - [2025-07-20T16:30:22.081+0530] {dag.py:4180} INFO - Setting next_dagrun for dataset_with_extra_by_yield to 2025-07-19 00:00:00+00:00, run_after=2025-07-20 00:00:00+00:00
[2025-07-20T16:30:22.082+0530] {logging_mixin.py:190} INFO - [2025-07-20T16:30:22.082+0530] {dag.py:4180} INFO - Setting next_dagrun for dataset_with_extra_from_classic_operator to 2025-07-19 00:00:00+00:00, run_after=2025-07-20 00:00:00+00:00
[2025-07-20T16:30:22.096+0530] {processor.py:208} INFO - Processing /Users/parth/Desktop/Engine/venv/lib/python3.11/site-packages/airflow/example_dags/example_outlet_event_extra.py took 0.154 seconds
