[2025-07-20T16:20:29.043+0530] {processor.py:186} INFO - Started process (PID=34688) to work on /Users/parth/Desktop/Engine/venv/lib/python3.11/site-packages/airflow/example_dags/example_skip_dag.py
[2025-07-20T16:20:29.044+0530] {processor.py:914} INFO - Processing file /Users/parth/Desktop/Engine/venv/lib/python3.11/site-packages/airflow/example_dags/example_skip_dag.py for tasks to queue
[2025-07-20T16:20:29.045+0530] {logging_mixin.py:190} INFO - [2025-07-20T16:20:29.045+0530] {dagbag.py:588} INFO - Filling up the DagBag from /Users/parth/Desktop/Engine/venv/lib/python3.11/site-packages/airflow/example_dags/example_skip_dag.py
[2025-07-20T16:20:29.051+0530] {processor.py:925} INFO - DAG(s) 'example_skip_dag' retrieved from /Users/parth/Desktop/Engine/venv/lib/python3.11/site-packages/airflow/example_dags/example_skip_dag.py
[2025-07-20T16:20:29.112+0530] {logging_mixin.py:190} INFO - [2025-07-20T16:20:29.112+0530] {dag.py:3239} INFO - Sync 1 DAGs
[2025-07-20T16:20:29.123+0530] {logging_mixin.py:190} INFO - [2025-07-20T16:20:29.123+0530] {dag.py:4180} INFO - Setting next_dagrun for example_skip_dag to 2025-07-19 00:00:00+00:00, run_after=2025-07-20 00:00:00+00:00
[2025-07-20T16:20:29.134+0530] {processor.py:208} INFO - Processing /Users/parth/Desktop/Engine/venv/lib/python3.11/site-packages/airflow/example_dags/example_skip_dag.py took 0.093 seconds
[2025-07-20T16:23:18.083+0530] {processor.py:186} INFO - Started process (PID=35832) to work on /Users/parth/Desktop/Engine/venv/lib/python3.11/site-packages/airflow/example_dags/example_skip_dag.py
[2025-07-20T16:23:18.084+0530] {processor.py:914} INFO - Processing file /Users/parth/Desktop/Engine/venv/lib/python3.11/site-packages/airflow/example_dags/example_skip_dag.py for tasks to queue
[2025-07-20T16:23:18.085+0530] {logging_mixin.py:190} INFO - [2025-07-20T16:23:18.084+0530] {dagbag.py:588} INFO - Filling up the DagBag from /Users/parth/Desktop/Engine/venv/lib/python3.11/site-packages/airflow/example_dags/example_skip_dag.py
[2025-07-20T16:23:18.090+0530] {processor.py:925} INFO - DAG(s) 'example_skip_dag' retrieved from /Users/parth/Desktop/Engine/venv/lib/python3.11/site-packages/airflow/example_dags/example_skip_dag.py
[2025-07-20T16:23:18.156+0530] {logging_mixin.py:190} INFO - [2025-07-20T16:23:18.156+0530] {dag.py:3239} INFO - Sync 1 DAGs
[2025-07-20T16:23:18.168+0530] {logging_mixin.py:190} INFO - [2025-07-20T16:23:18.168+0530] {dag.py:4180} INFO - Setting next_dagrun for example_skip_dag to 2025-07-19 00:00:00+00:00, run_after=2025-07-20 00:00:00+00:00
[2025-07-20T16:23:18.181+0530] {processor.py:208} INFO - Processing /Users/parth/Desktop/Engine/venv/lib/python3.11/site-packages/airflow/example_dags/example_skip_dag.py took 0.101 seconds
[2025-07-20T16:25:36.935+0530] {processor.py:186} INFO - Started process (PID=36822) to work on /Users/parth/Desktop/Engine/venv/lib/python3.11/site-packages/airflow/example_dags/example_skip_dag.py
[2025-07-20T16:25:36.937+0530] {processor.py:914} INFO - Processing file /Users/parth/Desktop/Engine/venv/lib/python3.11/site-packages/airflow/example_dags/example_skip_dag.py for tasks to queue
[2025-07-20T16:25:36.937+0530] {logging_mixin.py:190} INFO - [2025-07-20T16:25:36.937+0530] {dagbag.py:588} INFO - Filling up the DagBag from /Users/parth/Desktop/Engine/venv/lib/python3.11/site-packages/airflow/example_dags/example_skip_dag.py
[2025-07-20T16:25:36.943+0530] {processor.py:925} INFO - DAG(s) 'example_skip_dag' retrieved from /Users/parth/Desktop/Engine/venv/lib/python3.11/site-packages/airflow/example_dags/example_skip_dag.py
[2025-07-20T16:25:37.011+0530] {logging_mixin.py:190} INFO - [2025-07-20T16:25:37.011+0530] {dag.py:3239} INFO - Sync 1 DAGs
[2025-07-20T16:25:37.025+0530] {logging_mixin.py:190} INFO - [2025-07-20T16:25:37.025+0530] {dag.py:4180} INFO - Setting next_dagrun for example_skip_dag to 2025-07-19 00:00:00+00:00, run_after=2025-07-20 00:00:00+00:00
[2025-07-20T16:25:37.038+0530] {processor.py:208} INFO - Processing /Users/parth/Desktop/Engine/venv/lib/python3.11/site-packages/airflow/example_dags/example_skip_dag.py took 0.105 seconds
[2025-07-20T16:27:43.639+0530] {processor.py:186} INFO - Started process (PID=37663) to work on /Users/parth/Desktop/Engine/venv/lib/python3.11/site-packages/airflow/example_dags/example_skip_dag.py
[2025-07-20T16:27:43.640+0530] {processor.py:914} INFO - Processing file /Users/parth/Desktop/Engine/venv/lib/python3.11/site-packages/airflow/example_dags/example_skip_dag.py for tasks to queue
[2025-07-20T16:27:43.641+0530] {logging_mixin.py:190} INFO - [2025-07-20T16:27:43.641+0530] {dagbag.py:588} INFO - Filling up the DagBag from /Users/parth/Desktop/Engine/venv/lib/python3.11/site-packages/airflow/example_dags/example_skip_dag.py
[2025-07-20T16:27:43.646+0530] {processor.py:925} INFO - DAG(s) 'example_skip_dag' retrieved from /Users/parth/Desktop/Engine/venv/lib/python3.11/site-packages/airflow/example_dags/example_skip_dag.py
[2025-07-20T16:27:43.710+0530] {logging_mixin.py:190} INFO - [2025-07-20T16:27:43.710+0530] {dag.py:3239} INFO - Sync 1 DAGs
[2025-07-20T16:27:43.723+0530] {logging_mixin.py:190} INFO - [2025-07-20T16:27:43.723+0530] {dag.py:4180} INFO - Setting next_dagrun for example_skip_dag to 2025-07-19 00:00:00+00:00, run_after=2025-07-20 00:00:00+00:00
[2025-07-20T16:27:43.735+0530] {processor.py:208} INFO - Processing /Users/parth/Desktop/Engine/venv/lib/python3.11/site-packages/airflow/example_dags/example_skip_dag.py took 0.098 seconds
[2025-07-20T16:29:51.140+0530] {processor.py:186} INFO - Started process (PID=38566) to work on /Users/parth/Desktop/Engine/venv/lib/python3.11/site-packages/airflow/example_dags/example_skip_dag.py
[2025-07-20T16:29:51.141+0530] {processor.py:914} INFO - Processing file /Users/parth/Desktop/Engine/venv/lib/python3.11/site-packages/airflow/example_dags/example_skip_dag.py for tasks to queue
[2025-07-20T16:29:51.142+0530] {logging_mixin.py:190} INFO - [2025-07-20T16:29:51.142+0530] {dagbag.py:588} INFO - Filling up the DagBag from /Users/parth/Desktop/Engine/venv/lib/python3.11/site-packages/airflow/example_dags/example_skip_dag.py
[2025-07-20T16:29:51.147+0530] {processor.py:925} INFO - DAG(s) 'example_skip_dag' retrieved from /Users/parth/Desktop/Engine/venv/lib/python3.11/site-packages/airflow/example_dags/example_skip_dag.py
[2025-07-20T16:29:51.213+0530] {logging_mixin.py:190} INFO - [2025-07-20T16:29:51.213+0530] {dag.py:3239} INFO - Sync 1 DAGs
[2025-07-20T16:29:51.225+0530] {logging_mixin.py:190} INFO - [2025-07-20T16:29:51.225+0530] {dag.py:4180} INFO - Setting next_dagrun for example_skip_dag to 2025-07-19 00:00:00+00:00, run_after=2025-07-20 00:00:00+00:00
[2025-07-20T16:29:51.236+0530] {processor.py:208} INFO - Processing /Users/parth/Desktop/Engine/venv/lib/python3.11/site-packages/airflow/example_dags/example_skip_dag.py took 0.099 seconds
[2025-07-20T16:31:59.291+0530] {processor.py:186} INFO - Started process (PID=39525) to work on /Users/parth/Desktop/Engine/venv/lib/python3.11/site-packages/airflow/example_dags/example_skip_dag.py
[2025-07-20T16:31:59.292+0530] {processor.py:914} INFO - Processing file /Users/parth/Desktop/Engine/venv/lib/python3.11/site-packages/airflow/example_dags/example_skip_dag.py for tasks to queue
[2025-07-20T16:31:59.293+0530] {logging_mixin.py:190} INFO - [2025-07-20T16:31:59.293+0530] {dagbag.py:588} INFO - Filling up the DagBag from /Users/parth/Desktop/Engine/venv/lib/python3.11/site-packages/airflow/example_dags/example_skip_dag.py
[2025-07-20T16:31:59.299+0530] {processor.py:925} INFO - DAG(s) 'example_skip_dag' retrieved from /Users/parth/Desktop/Engine/venv/lib/python3.11/site-packages/airflow/example_dags/example_skip_dag.py
[2025-07-20T16:31:59.363+0530] {logging_mixin.py:190} INFO - [2025-07-20T16:31:59.362+0530] {dag.py:3239} INFO - Sync 1 DAGs
[2025-07-20T16:31:59.374+0530] {logging_mixin.py:190} INFO - [2025-07-20T16:31:59.374+0530] {dag.py:4180} INFO - Setting next_dagrun for example_skip_dag to 2025-07-19 00:00:00+00:00, run_after=2025-07-20 00:00:00+00:00
[2025-07-20T16:31:59.385+0530] {processor.py:208} INFO - Processing /Users/parth/Desktop/Engine/venv/lib/python3.11/site-packages/airflow/example_dags/example_skip_dag.py took 0.097 seconds
[2025-07-20T16:34:18.703+0530] {processor.py:186} INFO - Started process (PID=40565) to work on /Users/parth/Desktop/Engine/venv/lib/python3.11/site-packages/airflow/example_dags/example_skip_dag.py
[2025-07-20T16:34:18.704+0530] {processor.py:914} INFO - Processing file /Users/parth/Desktop/Engine/venv/lib/python3.11/site-packages/airflow/example_dags/example_skip_dag.py for tasks to queue
[2025-07-20T16:34:18.705+0530] {logging_mixin.py:190} INFO - [2025-07-20T16:34:18.705+0530] {dagbag.py:588} INFO - Filling up the DagBag from /Users/parth/Desktop/Engine/venv/lib/python3.11/site-packages/airflow/example_dags/example_skip_dag.py
[2025-07-20T16:34:18.711+0530] {processor.py:925} INFO - DAG(s) 'example_skip_dag' retrieved from /Users/parth/Desktop/Engine/venv/lib/python3.11/site-packages/airflow/example_dags/example_skip_dag.py
[2025-07-20T16:34:18.780+0530] {logging_mixin.py:190} INFO - [2025-07-20T16:34:18.779+0530] {dag.py:3239} INFO - Sync 1 DAGs
[2025-07-20T16:34:18.797+0530] {logging_mixin.py:190} INFO - [2025-07-20T16:34:18.797+0530] {dag.py:4180} INFO - Setting next_dagrun for example_skip_dag to 2025-07-19 00:00:00+00:00, run_after=2025-07-20 00:00:00+00:00
[2025-07-20T16:34:18.812+0530] {processor.py:208} INFO - Processing /Users/parth/Desktop/Engine/venv/lib/python3.11/site-packages/airflow/example_dags/example_skip_dag.py took 0.112 seconds
[2025-07-20T16:36:30.518+0530] {processor.py:186} INFO - Started process (PID=41412) to work on /Users/parth/Desktop/Engine/venv/lib/python3.11/site-packages/airflow/example_dags/example_skip_dag.py
[2025-07-20T16:36:30.519+0530] {processor.py:914} INFO - Processing file /Users/parth/Desktop/Engine/venv/lib/python3.11/site-packages/airflow/example_dags/example_skip_dag.py for tasks to queue
[2025-07-20T16:36:30.520+0530] {logging_mixin.py:190} INFO - [2025-07-20T16:36:30.520+0530] {dagbag.py:588} INFO - Filling up the DagBag from /Users/parth/Desktop/Engine/venv/lib/python3.11/site-packages/airflow/example_dags/example_skip_dag.py
[2025-07-20T16:36:30.526+0530] {processor.py:925} INFO - DAG(s) 'example_skip_dag' retrieved from /Users/parth/Desktop/Engine/venv/lib/python3.11/site-packages/airflow/example_dags/example_skip_dag.py
[2025-07-20T16:36:30.588+0530] {logging_mixin.py:190} INFO - [2025-07-20T16:36:30.588+0530] {dag.py:3239} INFO - Sync 1 DAGs
[2025-07-20T16:36:30.600+0530] {logging_mixin.py:190} INFO - [2025-07-20T16:36:30.600+0530] {dag.py:4180} INFO - Setting next_dagrun for example_skip_dag to 2025-07-19 00:00:00+00:00, run_after=2025-07-20 00:00:00+00:00
[2025-07-20T16:36:30.611+0530] {processor.py:208} INFO - Processing /Users/parth/Desktop/Engine/venv/lib/python3.11/site-packages/airflow/example_dags/example_skip_dag.py took 0.095 seconds
[2025-07-20T16:38:53.583+0530] {processor.py:186} INFO - Started process (PID=42378) to work on /Users/parth/Desktop/Engine/venv/lib/python3.11/site-packages/airflow/example_dags/example_skip_dag.py
[2025-07-20T16:38:53.584+0530] {processor.py:914} INFO - Processing file /Users/parth/Desktop/Engine/venv/lib/python3.11/site-packages/airflow/example_dags/example_skip_dag.py for tasks to queue
[2025-07-20T16:38:53.584+0530] {logging_mixin.py:190} INFO - [2025-07-20T16:38:53.584+0530] {dagbag.py:588} INFO - Filling up the DagBag from /Users/parth/Desktop/Engine/venv/lib/python3.11/site-packages/airflow/example_dags/example_skip_dag.py
[2025-07-20T16:38:53.590+0530] {processor.py:925} INFO - DAG(s) 'example_skip_dag' retrieved from /Users/parth/Desktop/Engine/venv/lib/python3.11/site-packages/airflow/example_dags/example_skip_dag.py
[2025-07-20T16:38:53.654+0530] {logging_mixin.py:190} INFO - [2025-07-20T16:38:53.653+0530] {dag.py:3239} INFO - Sync 1 DAGs
[2025-07-20T16:38:53.667+0530] {logging_mixin.py:190} INFO - [2025-07-20T16:38:53.666+0530] {dag.py:4180} INFO - Setting next_dagrun for example_skip_dag to 2025-07-19 00:00:00+00:00, run_after=2025-07-20 00:00:00+00:00
[2025-07-20T16:38:53.678+0530] {processor.py:208} INFO - Processing /Users/parth/Desktop/Engine/venv/lib/python3.11/site-packages/airflow/example_dags/example_skip_dag.py took 0.098 seconds
[2025-07-20T16:41:01.754+0530] {processor.py:186} INFO - Started process (PID=43185) to work on /Users/parth/Desktop/Engine/venv/lib/python3.11/site-packages/airflow/example_dags/example_skip_dag.py
[2025-07-20T16:41:01.755+0530] {processor.py:914} INFO - Processing file /Users/parth/Desktop/Engine/venv/lib/python3.11/site-packages/airflow/example_dags/example_skip_dag.py for tasks to queue
[2025-07-20T16:41:01.756+0530] {logging_mixin.py:190} INFO - [2025-07-20T16:41:01.756+0530] {dagbag.py:588} INFO - Filling up the DagBag from /Users/parth/Desktop/Engine/venv/lib/python3.11/site-packages/airflow/example_dags/example_skip_dag.py
[2025-07-20T16:41:01.761+0530] {processor.py:925} INFO - DAG(s) 'example_skip_dag' retrieved from /Users/parth/Desktop/Engine/venv/lib/python3.11/site-packages/airflow/example_dags/example_skip_dag.py
[2025-07-20T16:41:01.823+0530] {logging_mixin.py:190} INFO - [2025-07-20T16:41:01.823+0530] {dag.py:3239} INFO - Sync 1 DAGs
[2025-07-20T16:41:01.835+0530] {logging_mixin.py:190} INFO - [2025-07-20T16:41:01.835+0530] {dag.py:4180} INFO - Setting next_dagrun for example_skip_dag to 2025-07-19 00:00:00+00:00, run_after=2025-07-20 00:00:00+00:00
[2025-07-20T16:41:01.847+0530] {processor.py:208} INFO - Processing /Users/parth/Desktop/Engine/venv/lib/python3.11/site-packages/airflow/example_dags/example_skip_dag.py took 0.095 seconds
[2025-07-20T16:43:10.451+0530] {processor.py:186} INFO - Started process (PID=43994) to work on /Users/parth/Desktop/Engine/venv/lib/python3.11/site-packages/airflow/example_dags/example_skip_dag.py
[2025-07-20T16:43:10.452+0530] {processor.py:914} INFO - Processing file /Users/parth/Desktop/Engine/venv/lib/python3.11/site-packages/airflow/example_dags/example_skip_dag.py for tasks to queue
[2025-07-20T16:43:10.453+0530] {logging_mixin.py:190} INFO - [2025-07-20T16:43:10.453+0530] {dagbag.py:588} INFO - Filling up the DagBag from /Users/parth/Desktop/Engine/venv/lib/python3.11/site-packages/airflow/example_dags/example_skip_dag.py
[2025-07-20T16:43:10.459+0530] {processor.py:925} INFO - DAG(s) 'example_skip_dag' retrieved from /Users/parth/Desktop/Engine/venv/lib/python3.11/site-packages/airflow/example_dags/example_skip_dag.py
[2025-07-20T16:43:10.522+0530] {logging_mixin.py:190} INFO - [2025-07-20T16:43:10.521+0530] {dag.py:3239} INFO - Sync 1 DAGs
[2025-07-20T16:43:10.534+0530] {logging_mixin.py:190} INFO - [2025-07-20T16:43:10.534+0530] {dag.py:4180} INFO - Setting next_dagrun for example_skip_dag to 2025-07-19 00:00:00+00:00, run_after=2025-07-20 00:00:00+00:00
[2025-07-20T16:43:10.545+0530] {processor.py:208} INFO - Processing /Users/parth/Desktop/Engine/venv/lib/python3.11/site-packages/airflow/example_dags/example_skip_dag.py took 0.096 seconds
[2025-07-20T16:45:16.546+0530] {processor.py:186} INFO - Started process (PID=44829) to work on /Users/parth/Desktop/Engine/venv/lib/python3.11/site-packages/airflow/example_dags/example_skip_dag.py
[2025-07-20T16:45:16.547+0530] {processor.py:914} INFO - Processing file /Users/parth/Desktop/Engine/venv/lib/python3.11/site-packages/airflow/example_dags/example_skip_dag.py for tasks to queue
[2025-07-20T16:45:16.548+0530] {logging_mixin.py:190} INFO - [2025-07-20T16:45:16.548+0530] {dagbag.py:588} INFO - Filling up the DagBag from /Users/parth/Desktop/Engine/venv/lib/python3.11/site-packages/airflow/example_dags/example_skip_dag.py
[2025-07-20T16:45:16.553+0530] {processor.py:925} INFO - DAG(s) 'example_skip_dag' retrieved from /Users/parth/Desktop/Engine/venv/lib/python3.11/site-packages/airflow/example_dags/example_skip_dag.py
[2025-07-20T16:45:16.617+0530] {logging_mixin.py:190} INFO - [2025-07-20T16:45:16.616+0530] {dag.py:3239} INFO - Sync 1 DAGs
[2025-07-20T16:45:16.629+0530] {logging_mixin.py:190} INFO - [2025-07-20T16:45:16.629+0530] {dag.py:4180} INFO - Setting next_dagrun for example_skip_dag to 2025-07-19 00:00:00+00:00, run_after=2025-07-20 00:00:00+00:00
[2025-07-20T16:45:16.641+0530] {processor.py:208} INFO - Processing /Users/parth/Desktop/Engine/venv/lib/python3.11/site-packages/airflow/example_dags/example_skip_dag.py took 0.097 seconds
[2025-07-20T16:47:18.385+0530] {processor.py:186} INFO - Started process (PID=45609) to work on /Users/parth/Desktop/Engine/venv/lib/python3.11/site-packages/airflow/example_dags/example_skip_dag.py
[2025-07-20T16:47:18.387+0530] {processor.py:914} INFO - Processing file /Users/parth/Desktop/Engine/venv/lib/python3.11/site-packages/airflow/example_dags/example_skip_dag.py for tasks to queue
[2025-07-20T16:47:18.387+0530] {logging_mixin.py:190} INFO - [2025-07-20T16:47:18.387+0530] {dagbag.py:588} INFO - Filling up the DagBag from /Users/parth/Desktop/Engine/venv/lib/python3.11/site-packages/airflow/example_dags/example_skip_dag.py
[2025-07-20T16:47:18.393+0530] {processor.py:925} INFO - DAG(s) 'example_skip_dag' retrieved from /Users/parth/Desktop/Engine/venv/lib/python3.11/site-packages/airflow/example_dags/example_skip_dag.py
[2025-07-20T16:47:18.455+0530] {logging_mixin.py:190} INFO - [2025-07-20T16:47:18.455+0530] {dag.py:3239} INFO - Sync 1 DAGs
[2025-07-20T16:47:18.467+0530] {logging_mixin.py:190} INFO - [2025-07-20T16:47:18.467+0530] {dag.py:4180} INFO - Setting next_dagrun for example_skip_dag to 2025-07-19 00:00:00+00:00, run_after=2025-07-20 00:00:00+00:00
[2025-07-20T16:47:18.479+0530] {processor.py:208} INFO - Processing /Users/parth/Desktop/Engine/venv/lib/python3.11/site-packages/airflow/example_dags/example_skip_dag.py took 0.096 seconds
[2025-07-20T16:49:15.848+0530] {processor.py:186} INFO - Started process (PID=46380) to work on /Users/parth/Desktop/Engine/venv/lib/python3.11/site-packages/airflow/example_dags/example_skip_dag.py
[2025-07-20T16:49:15.849+0530] {processor.py:914} INFO - Processing file /Users/parth/Desktop/Engine/venv/lib/python3.11/site-packages/airflow/example_dags/example_skip_dag.py for tasks to queue
[2025-07-20T16:49:15.849+0530] {logging_mixin.py:190} INFO - [2025-07-20T16:49:15.849+0530] {dagbag.py:588} INFO - Filling up the DagBag from /Users/parth/Desktop/Engine/venv/lib/python3.11/site-packages/airflow/example_dags/example_skip_dag.py
[2025-07-20T16:49:15.854+0530] {processor.py:925} INFO - DAG(s) 'example_skip_dag' retrieved from /Users/parth/Desktop/Engine/venv/lib/python3.11/site-packages/airflow/example_dags/example_skip_dag.py
[2025-07-20T16:49:15.916+0530] {logging_mixin.py:190} INFO - [2025-07-20T16:49:15.915+0530] {dag.py:3239} INFO - Sync 1 DAGs
[2025-07-20T16:49:15.927+0530] {logging_mixin.py:190} INFO - [2025-07-20T16:49:15.926+0530] {dag.py:4180} INFO - Setting next_dagrun for example_skip_dag to 2025-07-19 00:00:00+00:00, run_after=2025-07-20 00:00:00+00:00
[2025-07-20T16:49:15.937+0530] {processor.py:208} INFO - Processing /Users/parth/Desktop/Engine/venv/lib/python3.11/site-packages/airflow/example_dags/example_skip_dag.py took 0.091 seconds
[2025-07-20T16:51:08.621+0530] {processor.py:186} INFO - Started process (PID=47135) to work on /Users/parth/Desktop/Engine/venv/lib/python3.11/site-packages/airflow/example_dags/example_skip_dag.py
[2025-07-20T16:51:08.623+0530] {processor.py:914} INFO - Processing file /Users/parth/Desktop/Engine/venv/lib/python3.11/site-packages/airflow/example_dags/example_skip_dag.py for tasks to queue
[2025-07-20T16:51:08.623+0530] {logging_mixin.py:190} INFO - [2025-07-20T16:51:08.623+0530] {dagbag.py:588} INFO - Filling up the DagBag from /Users/parth/Desktop/Engine/venv/lib/python3.11/site-packages/airflow/example_dags/example_skip_dag.py
[2025-07-20T16:51:08.629+0530] {processor.py:925} INFO - DAG(s) 'example_skip_dag' retrieved from /Users/parth/Desktop/Engine/venv/lib/python3.11/site-packages/airflow/example_dags/example_skip_dag.py
[2025-07-20T16:51:08.690+0530] {logging_mixin.py:190} INFO - [2025-07-20T16:51:08.690+0530] {dag.py:3239} INFO - Sync 1 DAGs
[2025-07-20T16:51:08.701+0530] {logging_mixin.py:190} INFO - [2025-07-20T16:51:08.701+0530] {dag.py:4180} INFO - Setting next_dagrun for example_skip_dag to 2025-07-19 00:00:00+00:00, run_after=2025-07-20 00:00:00+00:00
[2025-07-20T16:51:08.712+0530] {processor.py:208} INFO - Processing /Users/parth/Desktop/Engine/venv/lib/python3.11/site-packages/airflow/example_dags/example_skip_dag.py took 0.093 seconds
[2025-07-20T17:50:41.850+0530] {processor.py:186} INFO - Started process (PID=47963) to work on /Users/parth/Desktop/Engine/venv/lib/python3.11/site-packages/airflow/example_dags/example_skip_dag.py
[2025-07-20T17:50:41.851+0530] {processor.py:914} INFO - Processing file /Users/parth/Desktop/Engine/venv/lib/python3.11/site-packages/airflow/example_dags/example_skip_dag.py for tasks to queue
[2025-07-20T17:50:41.852+0530] {logging_mixin.py:190} INFO - [2025-07-20T17:50:41.851+0530] {dagbag.py:588} INFO - Filling up the DagBag from /Users/parth/Desktop/Engine/venv/lib/python3.11/site-packages/airflow/example_dags/example_skip_dag.py
[2025-07-20T17:50:41.857+0530] {processor.py:925} INFO - DAG(s) 'example_skip_dag' retrieved from /Users/parth/Desktop/Engine/venv/lib/python3.11/site-packages/airflow/example_dags/example_skip_dag.py
[2025-07-20T17:50:41.919+0530] {logging_mixin.py:190} INFO - [2025-07-20T17:50:41.918+0530] {dag.py:3239} INFO - Sync 1 DAGs
[2025-07-20T17:50:41.930+0530] {logging_mixin.py:190} INFO - [2025-07-20T17:50:41.930+0530] {dag.py:4180} INFO - Setting next_dagrun for example_skip_dag to 2025-07-19 00:00:00+00:00, run_after=2025-07-20 00:00:00+00:00
[2025-07-20T17:50:41.941+0530] {processor.py:208} INFO - Processing /Users/parth/Desktop/Engine/venv/lib/python3.11/site-packages/airflow/example_dags/example_skip_dag.py took 0.093 seconds
[2025-07-20T17:52:31.609+0530] {processor.py:186} INFO - Started process (PID=48684) to work on /Users/parth/Desktop/Engine/venv/lib/python3.11/site-packages/airflow/example_dags/example_skip_dag.py
[2025-07-20T17:52:31.611+0530] {processor.py:914} INFO - Processing file /Users/parth/Desktop/Engine/venv/lib/python3.11/site-packages/airflow/example_dags/example_skip_dag.py for tasks to queue
[2025-07-20T17:52:31.611+0530] {logging_mixin.py:190} INFO - [2025-07-20T17:52:31.611+0530] {dagbag.py:588} INFO - Filling up the DagBag from /Users/parth/Desktop/Engine/venv/lib/python3.11/site-packages/airflow/example_dags/example_skip_dag.py
[2025-07-20T17:52:31.616+0530] {processor.py:925} INFO - DAG(s) 'example_skip_dag' retrieved from /Users/parth/Desktop/Engine/venv/lib/python3.11/site-packages/airflow/example_dags/example_skip_dag.py
[2025-07-20T17:52:31.680+0530] {logging_mixin.py:190} INFO - [2025-07-20T17:52:31.679+0530] {dag.py:3239} INFO - Sync 1 DAGs
[2025-07-20T17:52:31.692+0530] {logging_mixin.py:190} INFO - [2025-07-20T17:52:31.691+0530] {dag.py:4180} INFO - Setting next_dagrun for example_skip_dag to 2025-07-19 00:00:00+00:00, run_after=2025-07-20 00:00:00+00:00
[2025-07-20T17:52:31.704+0530] {processor.py:208} INFO - Processing /Users/parth/Desktop/Engine/venv/lib/python3.11/site-packages/airflow/example_dags/example_skip_dag.py took 0.097 seconds
[2025-07-20T17:54:33.310+0530] {processor.py:186} INFO - Started process (PID=49472) to work on /Users/parth/Desktop/Engine/venv/lib/python3.11/site-packages/airflow/example_dags/example_skip_dag.py
[2025-07-20T17:54:33.311+0530] {processor.py:914} INFO - Processing file /Users/parth/Desktop/Engine/venv/lib/python3.11/site-packages/airflow/example_dags/example_skip_dag.py for tasks to queue
[2025-07-20T17:54:33.312+0530] {logging_mixin.py:190} INFO - [2025-07-20T17:54:33.312+0530] {dagbag.py:588} INFO - Filling up the DagBag from /Users/parth/Desktop/Engine/venv/lib/python3.11/site-packages/airflow/example_dags/example_skip_dag.py
[2025-07-20T17:54:33.317+0530] {processor.py:925} INFO - DAG(s) 'example_skip_dag' retrieved from /Users/parth/Desktop/Engine/venv/lib/python3.11/site-packages/airflow/example_dags/example_skip_dag.py
[2025-07-20T17:54:33.379+0530] {logging_mixin.py:190} INFO - [2025-07-20T17:54:33.379+0530] {dag.py:3239} INFO - Sync 1 DAGs
[2025-07-20T17:54:33.391+0530] {logging_mixin.py:190} INFO - [2025-07-20T17:54:33.391+0530] {dag.py:4180} INFO - Setting next_dagrun for example_skip_dag to 2025-07-19 00:00:00+00:00, run_after=2025-07-20 00:00:00+00:00
[2025-07-20T17:54:33.402+0530] {processor.py:208} INFO - Processing /Users/parth/Desktop/Engine/venv/lib/python3.11/site-packages/airflow/example_dags/example_skip_dag.py took 0.095 seconds
[2025-07-20T17:56:29.099+0530] {processor.py:186} INFO - Started process (PID=50220) to work on /Users/parth/Desktop/Engine/venv/lib/python3.11/site-packages/airflow/example_dags/example_skip_dag.py
[2025-07-20T17:56:29.100+0530] {processor.py:914} INFO - Processing file /Users/parth/Desktop/Engine/venv/lib/python3.11/site-packages/airflow/example_dags/example_skip_dag.py for tasks to queue
[2025-07-20T17:56:29.101+0530] {logging_mixin.py:190} INFO - [2025-07-20T17:56:29.101+0530] {dagbag.py:588} INFO - Filling up the DagBag from /Users/parth/Desktop/Engine/venv/lib/python3.11/site-packages/airflow/example_dags/example_skip_dag.py
[2025-07-20T17:56:29.106+0530] {processor.py:925} INFO - DAG(s) 'example_skip_dag' retrieved from /Users/parth/Desktop/Engine/venv/lib/python3.11/site-packages/airflow/example_dags/example_skip_dag.py
[2025-07-20T17:56:29.167+0530] {logging_mixin.py:190} INFO - [2025-07-20T17:56:29.167+0530] {dag.py:3239} INFO - Sync 1 DAGs
[2025-07-20T17:56:29.179+0530] {logging_mixin.py:190} INFO - [2025-07-20T17:56:29.179+0530] {dag.py:4180} INFO - Setting next_dagrun for example_skip_dag to 2025-07-19 00:00:00+00:00, run_after=2025-07-20 00:00:00+00:00
[2025-07-20T17:56:29.190+0530] {processor.py:208} INFO - Processing /Users/parth/Desktop/Engine/venv/lib/python3.11/site-packages/airflow/example_dags/example_skip_dag.py took 0.093 seconds
[2025-07-20T17:58:19.533+0530] {processor.py:186} INFO - Started process (PID=50923) to work on /Users/parth/Desktop/Engine/venv/lib/python3.11/site-packages/airflow/example_dags/example_skip_dag.py
[2025-07-20T17:58:19.534+0530] {processor.py:914} INFO - Processing file /Users/parth/Desktop/Engine/venv/lib/python3.11/site-packages/airflow/example_dags/example_skip_dag.py for tasks to queue
[2025-07-20T17:58:19.535+0530] {logging_mixin.py:190} INFO - [2025-07-20T17:58:19.535+0530] {dagbag.py:588} INFO - Filling up the DagBag from /Users/parth/Desktop/Engine/venv/lib/python3.11/site-packages/airflow/example_dags/example_skip_dag.py
[2025-07-20T17:58:19.540+0530] {processor.py:925} INFO - DAG(s) 'example_skip_dag' retrieved from /Users/parth/Desktop/Engine/venv/lib/python3.11/site-packages/airflow/example_dags/example_skip_dag.py
[2025-07-20T17:58:19.602+0530] {logging_mixin.py:190} INFO - [2025-07-20T17:58:19.602+0530] {dag.py:3239} INFO - Sync 1 DAGs
[2025-07-20T17:58:19.613+0530] {logging_mixin.py:190} INFO - [2025-07-20T17:58:19.613+0530] {dag.py:4180} INFO - Setting next_dagrun for example_skip_dag to 2025-07-19 00:00:00+00:00, run_after=2025-07-20 00:00:00+00:00
[2025-07-20T17:58:19.624+0530] {processor.py:208} INFO - Processing /Users/parth/Desktop/Engine/venv/lib/python3.11/site-packages/airflow/example_dags/example_skip_dag.py took 0.093 seconds
[2025-07-20T18:00:11.934+0530] {processor.py:186} INFO - Started process (PID=51641) to work on /Users/parth/Desktop/Engine/venv/lib/python3.11/site-packages/airflow/example_dags/example_skip_dag.py
[2025-07-20T18:00:11.935+0530] {processor.py:914} INFO - Processing file /Users/parth/Desktop/Engine/venv/lib/python3.11/site-packages/airflow/example_dags/example_skip_dag.py for tasks to queue
[2025-07-20T18:00:11.936+0530] {logging_mixin.py:190} INFO - [2025-07-20T18:00:11.936+0530] {dagbag.py:588} INFO - Filling up the DagBag from /Users/parth/Desktop/Engine/venv/lib/python3.11/site-packages/airflow/example_dags/example_skip_dag.py
[2025-07-20T18:00:11.941+0530] {processor.py:925} INFO - DAG(s) 'example_skip_dag' retrieved from /Users/parth/Desktop/Engine/venv/lib/python3.11/site-packages/airflow/example_dags/example_skip_dag.py
[2025-07-20T18:00:12.004+0530] {logging_mixin.py:190} INFO - [2025-07-20T18:00:12.004+0530] {dag.py:3239} INFO - Sync 1 DAGs
[2025-07-20T18:00:12.015+0530] {logging_mixin.py:190} INFO - [2025-07-20T18:00:12.015+0530] {dag.py:4180} INFO - Setting next_dagrun for example_skip_dag to 2025-07-19 00:00:00+00:00, run_after=2025-07-20 00:00:00+00:00
[2025-07-20T18:00:12.026+0530] {processor.py:208} INFO - Processing /Users/parth/Desktop/Engine/venv/lib/python3.11/site-packages/airflow/example_dags/example_skip_dag.py took 0.095 seconds
[2025-07-20T18:02:08.862+0530] {processor.py:186} INFO - Started process (PID=52391) to work on /Users/parth/Desktop/Engine/venv/lib/python3.11/site-packages/airflow/example_dags/example_skip_dag.py
[2025-07-20T18:02:08.864+0530] {processor.py:914} INFO - Processing file /Users/parth/Desktop/Engine/venv/lib/python3.11/site-packages/airflow/example_dags/example_skip_dag.py for tasks to queue
[2025-07-20T18:02:08.865+0530] {logging_mixin.py:190} INFO - [2025-07-20T18:02:08.864+0530] {dagbag.py:588} INFO - Filling up the DagBag from /Users/parth/Desktop/Engine/venv/lib/python3.11/site-packages/airflow/example_dags/example_skip_dag.py
[2025-07-20T18:02:08.870+0530] {processor.py:925} INFO - DAG(s) 'example_skip_dag' retrieved from /Users/parth/Desktop/Engine/venv/lib/python3.11/site-packages/airflow/example_dags/example_skip_dag.py
[2025-07-20T18:02:08.934+0530] {logging_mixin.py:190} INFO - [2025-07-20T18:02:08.933+0530] {dag.py:3239} INFO - Sync 1 DAGs
[2025-07-20T18:02:08.945+0530] {logging_mixin.py:190} INFO - [2025-07-20T18:02:08.945+0530] {dag.py:4180} INFO - Setting next_dagrun for example_skip_dag to 2025-07-19 00:00:00+00:00, run_after=2025-07-20 00:00:00+00:00
[2025-07-20T18:02:08.956+0530] {processor.py:208} INFO - Processing /Users/parth/Desktop/Engine/venv/lib/python3.11/site-packages/airflow/example_dags/example_skip_dag.py took 0.097 seconds
[2025-07-20T18:04:07.700+0530] {processor.py:186} INFO - Started process (PID=53151) to work on /Users/parth/Desktop/Engine/venv/lib/python3.11/site-packages/airflow/example_dags/example_skip_dag.py
[2025-07-20T18:04:07.702+0530] {processor.py:914} INFO - Processing file /Users/parth/Desktop/Engine/venv/lib/python3.11/site-packages/airflow/example_dags/example_skip_dag.py for tasks to queue
[2025-07-20T18:04:07.703+0530] {logging_mixin.py:190} INFO - [2025-07-20T18:04:07.702+0530] {dagbag.py:588} INFO - Filling up the DagBag from /Users/parth/Desktop/Engine/venv/lib/python3.11/site-packages/airflow/example_dags/example_skip_dag.py
[2025-07-20T18:04:07.708+0530] {processor.py:925} INFO - DAG(s) 'example_skip_dag' retrieved from /Users/parth/Desktop/Engine/venv/lib/python3.11/site-packages/airflow/example_dags/example_skip_dag.py
[2025-07-20T18:04:07.770+0530] {logging_mixin.py:190} INFO - [2025-07-20T18:04:07.769+0530] {dag.py:3239} INFO - Sync 1 DAGs
[2025-07-20T18:04:07.781+0530] {logging_mixin.py:190} INFO - [2025-07-20T18:04:07.781+0530] {dag.py:4180} INFO - Setting next_dagrun for example_skip_dag to 2025-07-19 00:00:00+00:00, run_after=2025-07-20 00:00:00+00:00
[2025-07-20T18:04:07.792+0530] {processor.py:208} INFO - Processing /Users/parth/Desktop/Engine/venv/lib/python3.11/site-packages/airflow/example_dags/example_skip_dag.py took 0.095 seconds
[2025-07-20T18:06:03.977+0530] {processor.py:186} INFO - Started process (PID=53899) to work on /Users/parth/Desktop/Engine/venv/lib/python3.11/site-packages/airflow/example_dags/example_skip_dag.py
[2025-07-20T18:06:03.978+0530] {processor.py:914} INFO - Processing file /Users/parth/Desktop/Engine/venv/lib/python3.11/site-packages/airflow/example_dags/example_skip_dag.py for tasks to queue
[2025-07-20T18:06:03.979+0530] {logging_mixin.py:190} INFO - [2025-07-20T18:06:03.979+0530] {dagbag.py:588} INFO - Filling up the DagBag from /Users/parth/Desktop/Engine/venv/lib/python3.11/site-packages/airflow/example_dags/example_skip_dag.py
[2025-07-20T18:06:03.984+0530] {processor.py:925} INFO - DAG(s) 'example_skip_dag' retrieved from /Users/parth/Desktop/Engine/venv/lib/python3.11/site-packages/airflow/example_dags/example_skip_dag.py
[2025-07-20T18:06:04.045+0530] {logging_mixin.py:190} INFO - [2025-07-20T18:06:04.045+0530] {dag.py:3239} INFO - Sync 1 DAGs
[2025-07-20T18:06:04.056+0530] {logging_mixin.py:190} INFO - [2025-07-20T18:06:04.056+0530] {dag.py:4180} INFO - Setting next_dagrun for example_skip_dag to 2025-07-19 00:00:00+00:00, run_after=2025-07-20 00:00:00+00:00
[2025-07-20T18:06:04.067+0530] {processor.py:208} INFO - Processing /Users/parth/Desktop/Engine/venv/lib/python3.11/site-packages/airflow/example_dags/example_skip_dag.py took 0.092 seconds
[2025-07-20T18:07:58.443+0530] {processor.py:186} INFO - Started process (PID=54641) to work on /Users/parth/Desktop/Engine/venv/lib/python3.11/site-packages/airflow/example_dags/example_skip_dag.py
[2025-07-20T18:07:58.444+0530] {processor.py:914} INFO - Processing file /Users/parth/Desktop/Engine/venv/lib/python3.11/site-packages/airflow/example_dags/example_skip_dag.py for tasks to queue
[2025-07-20T18:07:58.445+0530] {logging_mixin.py:190} INFO - [2025-07-20T18:07:58.445+0530] {dagbag.py:588} INFO - Filling up the DagBag from /Users/parth/Desktop/Engine/venv/lib/python3.11/site-packages/airflow/example_dags/example_skip_dag.py
[2025-07-20T18:07:58.450+0530] {processor.py:925} INFO - DAG(s) 'example_skip_dag' retrieved from /Users/parth/Desktop/Engine/venv/lib/python3.11/site-packages/airflow/example_dags/example_skip_dag.py
[2025-07-20T18:07:58.511+0530] {logging_mixin.py:190} INFO - [2025-07-20T18:07:58.511+0530] {dag.py:3239} INFO - Sync 1 DAGs
[2025-07-20T18:07:58.523+0530] {logging_mixin.py:190} INFO - [2025-07-20T18:07:58.522+0530] {dag.py:4180} INFO - Setting next_dagrun for example_skip_dag to 2025-07-19 00:00:00+00:00, run_after=2025-07-20 00:00:00+00:00
[2025-07-20T18:07:58.533+0530] {processor.py:208} INFO - Processing /Users/parth/Desktop/Engine/venv/lib/python3.11/site-packages/airflow/example_dags/example_skip_dag.py took 0.093 seconds
[2025-07-20T18:23:11.415+0530] {processor.py:186} INFO - Started process (PID=55369) to work on /Users/parth/Desktop/Engine/venv/lib/python3.11/site-packages/airflow/example_dags/example_skip_dag.py
[2025-07-20T18:23:11.417+0530] {processor.py:914} INFO - Processing file /Users/parth/Desktop/Engine/venv/lib/python3.11/site-packages/airflow/example_dags/example_skip_dag.py for tasks to queue
[2025-07-20T18:23:11.417+0530] {logging_mixin.py:190} INFO - [2025-07-20T18:23:11.417+0530] {dagbag.py:588} INFO - Filling up the DagBag from /Users/parth/Desktop/Engine/venv/lib/python3.11/site-packages/airflow/example_dags/example_skip_dag.py
[2025-07-20T18:23:11.422+0530] {processor.py:925} INFO - DAG(s) 'example_skip_dag' retrieved from /Users/parth/Desktop/Engine/venv/lib/python3.11/site-packages/airflow/example_dags/example_skip_dag.py
[2025-07-20T18:23:11.484+0530] {logging_mixin.py:190} INFO - [2025-07-20T18:23:11.484+0530] {dag.py:3239} INFO - Sync 1 DAGs
[2025-07-20T18:23:11.496+0530] {logging_mixin.py:190} INFO - [2025-07-20T18:23:11.496+0530] {dag.py:4180} INFO - Setting next_dagrun for example_skip_dag to 2025-07-19 00:00:00+00:00, run_after=2025-07-20 00:00:00+00:00
[2025-07-20T18:23:11.506+0530] {processor.py:208} INFO - Processing /Users/parth/Desktop/Engine/venv/lib/python3.11/site-packages/airflow/example_dags/example_skip_dag.py took 0.093 seconds
[2025-07-20T18:25:20.205+0530] {processor.py:186} INFO - Started process (PID=56207) to work on /Users/parth/Desktop/Engine/venv/lib/python3.11/site-packages/airflow/example_dags/example_skip_dag.py
[2025-07-20T18:25:20.207+0530] {processor.py:914} INFO - Processing file /Users/parth/Desktop/Engine/venv/lib/python3.11/site-packages/airflow/example_dags/example_skip_dag.py for tasks to queue
[2025-07-20T18:25:20.207+0530] {logging_mixin.py:190} INFO - [2025-07-20T18:25:20.207+0530] {dagbag.py:588} INFO - Filling up the DagBag from /Users/parth/Desktop/Engine/venv/lib/python3.11/site-packages/airflow/example_dags/example_skip_dag.py
[2025-07-20T18:25:20.212+0530] {processor.py:925} INFO - DAG(s) 'example_skip_dag' retrieved from /Users/parth/Desktop/Engine/venv/lib/python3.11/site-packages/airflow/example_dags/example_skip_dag.py
[2025-07-20T18:25:20.274+0530] {logging_mixin.py:190} INFO - [2025-07-20T18:25:20.274+0530] {dag.py:3239} INFO - Sync 1 DAGs
[2025-07-20T18:25:20.285+0530] {logging_mixin.py:190} INFO - [2025-07-20T18:25:20.285+0530] {dag.py:4180} INFO - Setting next_dagrun for example_skip_dag to 2025-07-19 00:00:00+00:00, run_after=2025-07-20 00:00:00+00:00
[2025-07-20T18:25:20.296+0530] {processor.py:208} INFO - Processing /Users/parth/Desktop/Engine/venv/lib/python3.11/site-packages/airflow/example_dags/example_skip_dag.py took 0.093 seconds
[2025-07-20T18:27:06.134+0530] {processor.py:186} INFO - Started process (PID=56881) to work on /Users/parth/Desktop/Engine/venv/lib/python3.11/site-packages/airflow/example_dags/example_skip_dag.py
[2025-07-20T18:27:06.136+0530] {processor.py:914} INFO - Processing file /Users/parth/Desktop/Engine/venv/lib/python3.11/site-packages/airflow/example_dags/example_skip_dag.py for tasks to queue
[2025-07-20T18:27:06.136+0530] {logging_mixin.py:190} INFO - [2025-07-20T18:27:06.136+0530] {dagbag.py:588} INFO - Filling up the DagBag from /Users/parth/Desktop/Engine/venv/lib/python3.11/site-packages/airflow/example_dags/example_skip_dag.py
[2025-07-20T18:27:06.141+0530] {processor.py:925} INFO - DAG(s) 'example_skip_dag' retrieved from /Users/parth/Desktop/Engine/venv/lib/python3.11/site-packages/airflow/example_dags/example_skip_dag.py
[2025-07-20T18:27:06.203+0530] {logging_mixin.py:190} INFO - [2025-07-20T18:27:06.202+0530] {dag.py:3239} INFO - Sync 1 DAGs
[2025-07-20T18:27:06.214+0530] {logging_mixin.py:190} INFO - [2025-07-20T18:27:06.213+0530] {dag.py:4180} INFO - Setting next_dagrun for example_skip_dag to 2025-07-19 00:00:00+00:00, run_after=2025-07-20 00:00:00+00:00
[2025-07-20T18:27:06.225+0530] {processor.py:208} INFO - Processing /Users/parth/Desktop/Engine/venv/lib/python3.11/site-packages/airflow/example_dags/example_skip_dag.py took 0.093 seconds
[2025-07-20T18:28:56.699+0530] {processor.py:186} INFO - Started process (PID=57589) to work on /Users/parth/Desktop/Engine/venv/lib/python3.11/site-packages/airflow/example_dags/example_skip_dag.py
[2025-07-20T18:28:56.700+0530] {processor.py:914} INFO - Processing file /Users/parth/Desktop/Engine/venv/lib/python3.11/site-packages/airflow/example_dags/example_skip_dag.py for tasks to queue
[2025-07-20T18:28:56.701+0530] {logging_mixin.py:190} INFO - [2025-07-20T18:28:56.700+0530] {dagbag.py:588} INFO - Filling up the DagBag from /Users/parth/Desktop/Engine/venv/lib/python3.11/site-packages/airflow/example_dags/example_skip_dag.py
[2025-07-20T18:28:56.705+0530] {processor.py:925} INFO - DAG(s) 'example_skip_dag' retrieved from /Users/parth/Desktop/Engine/venv/lib/python3.11/site-packages/airflow/example_dags/example_skip_dag.py
[2025-07-20T18:28:56.766+0530] {logging_mixin.py:190} INFO - [2025-07-20T18:28:56.766+0530] {dag.py:3239} INFO - Sync 1 DAGs
[2025-07-20T18:28:56.777+0530] {logging_mixin.py:190} INFO - [2025-07-20T18:28:56.777+0530] {dag.py:4180} INFO - Setting next_dagrun for example_skip_dag to 2025-07-19 00:00:00+00:00, run_after=2025-07-20 00:00:00+00:00
[2025-07-20T18:28:56.788+0530] {processor.py:208} INFO - Processing /Users/parth/Desktop/Engine/venv/lib/python3.11/site-packages/airflow/example_dags/example_skip_dag.py took 0.092 seconds
[2025-07-20T18:30:46.570+0530] {processor.py:186} INFO - Started process (PID=58300) to work on /Users/parth/Desktop/Engine/venv/lib/python3.11/site-packages/airflow/example_dags/example_skip_dag.py
[2025-07-20T18:30:46.571+0530] {processor.py:914} INFO - Processing file /Users/parth/Desktop/Engine/venv/lib/python3.11/site-packages/airflow/example_dags/example_skip_dag.py for tasks to queue
[2025-07-20T18:30:46.572+0530] {logging_mixin.py:190} INFO - [2025-07-20T18:30:46.572+0530] {dagbag.py:588} INFO - Filling up the DagBag from /Users/parth/Desktop/Engine/venv/lib/python3.11/site-packages/airflow/example_dags/example_skip_dag.py
[2025-07-20T18:30:46.577+0530] {processor.py:925} INFO - DAG(s) 'example_skip_dag' retrieved from /Users/parth/Desktop/Engine/venv/lib/python3.11/site-packages/airflow/example_dags/example_skip_dag.py
[2025-07-20T18:30:46.638+0530] {logging_mixin.py:190} INFO - [2025-07-20T18:30:46.637+0530] {dag.py:3239} INFO - Sync 1 DAGs
[2025-07-20T18:30:46.649+0530] {logging_mixin.py:190} INFO - [2025-07-20T18:30:46.648+0530] {dag.py:4180} INFO - Setting next_dagrun for example_skip_dag to 2025-07-19 00:00:00+00:00, run_after=2025-07-20 00:00:00+00:00
[2025-07-20T18:30:46.659+0530] {processor.py:208} INFO - Processing /Users/parth/Desktop/Engine/venv/lib/python3.11/site-packages/airflow/example_dags/example_skip_dag.py took 0.092 seconds
[2025-07-20T18:36:24.598+0530] {processor.py:186} INFO - Started process (PID=59010) to work on /Users/parth/Desktop/Engine/venv/lib/python3.11/site-packages/airflow/example_dags/example_skip_dag.py
[2025-07-20T18:36:24.599+0530] {processor.py:914} INFO - Processing file /Users/parth/Desktop/Engine/venv/lib/python3.11/site-packages/airflow/example_dags/example_skip_dag.py for tasks to queue
[2025-07-20T18:36:24.600+0530] {logging_mixin.py:190} INFO - [2025-07-20T18:36:24.600+0530] {dagbag.py:588} INFO - Filling up the DagBag from /Users/parth/Desktop/Engine/venv/lib/python3.11/site-packages/airflow/example_dags/example_skip_dag.py
[2025-07-20T18:36:24.605+0530] {processor.py:925} INFO - DAG(s) 'example_skip_dag' retrieved from /Users/parth/Desktop/Engine/venv/lib/python3.11/site-packages/airflow/example_dags/example_skip_dag.py
[2025-07-20T18:36:24.668+0530] {logging_mixin.py:190} INFO - [2025-07-20T18:36:24.668+0530] {dag.py:3239} INFO - Sync 1 DAGs
[2025-07-20T18:36:24.680+0530] {logging_mixin.py:190} INFO - [2025-07-20T18:36:24.680+0530] {dag.py:4180} INFO - Setting next_dagrun for example_skip_dag to 2025-07-19 00:00:00+00:00, run_after=2025-07-20 00:00:00+00:00
[2025-07-20T18:36:24.690+0530] {processor.py:208} INFO - Processing /Users/parth/Desktop/Engine/venv/lib/python3.11/site-packages/airflow/example_dags/example_skip_dag.py took 0.094 seconds
[2025-07-20T18:43:53.230+0530] {processor.py:186} INFO - Started process (PID=59681) to work on /Users/parth/Desktop/Engine/venv/lib/python3.11/site-packages/airflow/example_dags/example_skip_dag.py
[2025-07-20T18:43:53.231+0530] {processor.py:914} INFO - Processing file /Users/parth/Desktop/Engine/venv/lib/python3.11/site-packages/airflow/example_dags/example_skip_dag.py for tasks to queue
[2025-07-20T18:43:53.232+0530] {logging_mixin.py:190} INFO - [2025-07-20T18:43:53.232+0530] {dagbag.py:588} INFO - Filling up the DagBag from /Users/parth/Desktop/Engine/venv/lib/python3.11/site-packages/airflow/example_dags/example_skip_dag.py
[2025-07-20T18:43:53.237+0530] {processor.py:925} INFO - DAG(s) 'example_skip_dag' retrieved from /Users/parth/Desktop/Engine/venv/lib/python3.11/site-packages/airflow/example_dags/example_skip_dag.py
[2025-07-20T18:43:53.299+0530] {logging_mixin.py:190} INFO - [2025-07-20T18:43:53.299+0530] {dag.py:3239} INFO - Sync 1 DAGs
[2025-07-20T18:43:53.310+0530] {logging_mixin.py:190} INFO - [2025-07-20T18:43:53.310+0530] {dag.py:4180} INFO - Setting next_dagrun for example_skip_dag to 2025-07-19 00:00:00+00:00, run_after=2025-07-20 00:00:00+00:00
[2025-07-20T18:43:53.320+0530] {processor.py:208} INFO - Processing /Users/parth/Desktop/Engine/venv/lib/python3.11/site-packages/airflow/example_dags/example_skip_dag.py took 0.093 seconds
[2025-07-20T18:53:07.361+0530] {processor.py:186} INFO - Started process (PID=60357) to work on /Users/parth/Desktop/Engine/venv/lib/python3.11/site-packages/airflow/example_dags/example_skip_dag.py
[2025-07-20T18:53:07.363+0530] {processor.py:914} INFO - Processing file /Users/parth/Desktop/Engine/venv/lib/python3.11/site-packages/airflow/example_dags/example_skip_dag.py for tasks to queue
[2025-07-20T18:53:07.363+0530] {logging_mixin.py:190} INFO - [2025-07-20T18:53:07.363+0530] {dagbag.py:588} INFO - Filling up the DagBag from /Users/parth/Desktop/Engine/venv/lib/python3.11/site-packages/airflow/example_dags/example_skip_dag.py
[2025-07-20T18:53:07.368+0530] {processor.py:925} INFO - DAG(s) 'example_skip_dag' retrieved from /Users/parth/Desktop/Engine/venv/lib/python3.11/site-packages/airflow/example_dags/example_skip_dag.py
[2025-07-20T18:53:07.430+0530] {logging_mixin.py:190} INFO - [2025-07-20T18:53:07.430+0530] {dag.py:3239} INFO - Sync 1 DAGs
[2025-07-20T18:53:07.442+0530] {logging_mixin.py:190} INFO - [2025-07-20T18:53:07.442+0530] {dag.py:4180} INFO - Setting next_dagrun for example_skip_dag to 2025-07-19 00:00:00+00:00, run_after=2025-07-20 00:00:00+00:00
[2025-07-20T18:53:07.453+0530] {processor.py:208} INFO - Processing /Users/parth/Desktop/Engine/venv/lib/python3.11/site-packages/airflow/example_dags/example_skip_dag.py took 0.093 seconds
[2025-07-20T19:08:22.521+0530] {processor.py:186} INFO - Started process (PID=61031) to work on /Users/parth/Desktop/Engine/venv/lib/python3.11/site-packages/airflow/example_dags/example_skip_dag.py
[2025-07-20T19:08:22.522+0530] {processor.py:914} INFO - Processing file /Users/parth/Desktop/Engine/venv/lib/python3.11/site-packages/airflow/example_dags/example_skip_dag.py for tasks to queue
[2025-07-20T19:08:22.523+0530] {logging_mixin.py:190} INFO - [2025-07-20T19:08:22.523+0530] {dagbag.py:588} INFO - Filling up the DagBag from /Users/parth/Desktop/Engine/venv/lib/python3.11/site-packages/airflow/example_dags/example_skip_dag.py
[2025-07-20T19:08:22.528+0530] {processor.py:925} INFO - DAG(s) 'example_skip_dag' retrieved from /Users/parth/Desktop/Engine/venv/lib/python3.11/site-packages/airflow/example_dags/example_skip_dag.py
[2025-07-20T19:08:22.589+0530] {logging_mixin.py:190} INFO - [2025-07-20T19:08:22.589+0530] {dag.py:3239} INFO - Sync 1 DAGs
[2025-07-20T19:08:22.601+0530] {logging_mixin.py:190} INFO - [2025-07-20T19:08:22.601+0530] {dag.py:4180} INFO - Setting next_dagrun for example_skip_dag to 2025-07-19 00:00:00+00:00, run_after=2025-07-20 00:00:00+00:00
[2025-07-20T19:08:22.612+0530] {processor.py:208} INFO - Processing /Users/parth/Desktop/Engine/venv/lib/python3.11/site-packages/airflow/example_dags/example_skip_dag.py took 0.094 seconds
[2025-07-20T19:11:26.354+0530] {processor.py:186} INFO - Started process (PID=61730) to work on /Users/parth/Desktop/Engine/venv/lib/python3.11/site-packages/airflow/example_dags/example_skip_dag.py
[2025-07-20T19:11:26.356+0530] {processor.py:914} INFO - Processing file /Users/parth/Desktop/Engine/venv/lib/python3.11/site-packages/airflow/example_dags/example_skip_dag.py for tasks to queue
[2025-07-20T19:11:26.356+0530] {logging_mixin.py:190} INFO - [2025-07-20T19:11:26.356+0530] {dagbag.py:588} INFO - Filling up the DagBag from /Users/parth/Desktop/Engine/venv/lib/python3.11/site-packages/airflow/example_dags/example_skip_dag.py
[2025-07-20T19:11:26.361+0530] {processor.py:925} INFO - DAG(s) 'example_skip_dag' retrieved from /Users/parth/Desktop/Engine/venv/lib/python3.11/site-packages/airflow/example_dags/example_skip_dag.py
[2025-07-20T19:11:26.423+0530] {logging_mixin.py:190} INFO - [2025-07-20T19:11:26.423+0530] {dag.py:3239} INFO - Sync 1 DAGs
[2025-07-20T19:11:26.434+0530] {logging_mixin.py:190} INFO - [2025-07-20T19:11:26.434+0530] {dag.py:4180} INFO - Setting next_dagrun for example_skip_dag to 2025-07-19 00:00:00+00:00, run_after=2025-07-20 00:00:00+00:00
[2025-07-20T19:11:26.445+0530] {processor.py:208} INFO - Processing /Users/parth/Desktop/Engine/venv/lib/python3.11/site-packages/airflow/example_dags/example_skip_dag.py took 0.093 seconds
