[2025-07-20T16:21:29.262+0530] {processor.py:186} INFO - Started process (PID=35087) to work on /Users/parth/Desktop/Engine/venv/lib/python3.11/site-packages/airflow/example_dags/example_datasets.py
[2025-07-20T16:21:29.263+0530] {processor.py:914} INFO - Processing file /Users/parth/Desktop/Engine/venv/lib/python3.11/site-packages/airflow/example_dags/example_datasets.py for tasks to queue
[2025-07-20T16:21:29.264+0530] {logging_mixin.py:190} INFO - [2025-07-20T16:21:29.263+0530] {dagbag.py:588} INFO - Filling up the DagBag from /Users/parth/Desktop/Engine/venv/lib/python3.11/site-packages/airflow/example_dags/example_datasets.py
[2025-07-20T16:21:29.303+0530] {processor.py:925} INFO - DAG(s) 'consume_1_and_2_with_dataset_expressions', 'consume_1_or_both_2_and_3_with_dataset_expressions', 'dataset_produces_1', 'dataset_consumes_unknown_never_scheduled', 'conditional_dataset_and_time_based_timetable', 'dataset_consumes_1_and_2', 'dataset_consumes_1_never_scheduled', 'dataset_produces_2', 'dataset_consumes_1', 'consume_1_or_2_with_dataset_expressions' retrieved from /Users/parth/Desktop/Engine/venv/lib/python3.11/site-packages/airflow/example_dags/example_datasets.py
[2025-07-20T16:21:29.385+0530] {logging_mixin.py:190} INFO - [2025-07-20T16:21:29.385+0530] {dag.py:3239} INFO - Sync 10 DAGs
[2025-07-20T16:21:29.400+0530] {logging_mixin.py:190} INFO - [2025-07-20T16:21:29.400+0530] {dag.py:4180} INFO - Setting next_dagrun for conditional_dataset_and_time_based_timetable to 2025-07-16 01:00:00+00:00, run_after=2025-07-16 01:00:00+00:00
[2025-07-20T16:21:29.402+0530] {logging_mixin.py:190} INFO - [2025-07-20T16:21:29.402+0530] {dag.py:4180} INFO - Setting next_dagrun for consume_1_and_2_with_dataset_expressions to None, run_after=None
[2025-07-20T16:21:29.403+0530] {logging_mixin.py:190} INFO - [2025-07-20T16:21:29.403+0530] {dag.py:4180} INFO - Setting next_dagrun for consume_1_or_2_with_dataset_expressions to None, run_after=None
[2025-07-20T16:21:29.403+0530] {logging_mixin.py:190} INFO - [2025-07-20T16:21:29.403+0530] {dag.py:4180} INFO - Setting next_dagrun for consume_1_or_both_2_and_3_with_dataset_expressions to None, run_after=None
[2025-07-20T16:21:29.404+0530] {logging_mixin.py:190} INFO - [2025-07-20T16:21:29.404+0530] {dag.py:4180} INFO - Setting next_dagrun for dataset_consumes_1 to None, run_after=None
[2025-07-20T16:21:29.404+0530] {logging_mixin.py:190} INFO - [2025-07-20T16:21:29.404+0530] {dag.py:4180} INFO - Setting next_dagrun for dataset_consumes_1_and_2 to None, run_after=None
[2025-07-20T16:21:29.405+0530] {logging_mixin.py:190} INFO - [2025-07-20T16:21:29.405+0530] {dag.py:4180} INFO - Setting next_dagrun for dataset_consumes_1_never_scheduled to None, run_after=None
[2025-07-20T16:21:29.405+0530] {logging_mixin.py:190} INFO - [2025-07-20T16:21:29.405+0530] {dag.py:4180} INFO - Setting next_dagrun for dataset_consumes_unknown_never_scheduled to None, run_after=None
[2025-07-20T16:21:29.407+0530] {logging_mixin.py:190} INFO - [2025-07-20T16:21:29.407+0530] {dag.py:4180} INFO - Setting next_dagrun for dataset_produces_1 to 2025-07-19 00:00:00+00:00, run_after=2025-07-20 00:00:00+00:00
[2025-07-20T16:21:29.407+0530] {logging_mixin.py:190} INFO - [2025-07-20T16:21:29.407+0530] {dag.py:4180} INFO - Setting next_dagrun for dataset_produces_2 to None, run_after=None
[2025-07-20T16:21:29.427+0530] {processor.py:208} INFO - Processing /Users/parth/Desktop/Engine/venv/lib/python3.11/site-packages/airflow/example_dags/example_datasets.py took 0.168 seconds
[2025-07-20T16:24:25.871+0530] {processor.py:186} INFO - Started process (PID=36315) to work on /Users/parth/Desktop/Engine/venv/lib/python3.11/site-packages/airflow/example_dags/example_datasets.py
[2025-07-20T16:24:25.872+0530] {processor.py:914} INFO - Processing file /Users/parth/Desktop/Engine/venv/lib/python3.11/site-packages/airflow/example_dags/example_datasets.py for tasks to queue
[2025-07-20T16:24:25.873+0530] {logging_mixin.py:190} INFO - [2025-07-20T16:24:25.872+0530] {dagbag.py:588} INFO - Filling up the DagBag from /Users/parth/Desktop/Engine/venv/lib/python3.11/site-packages/airflow/example_dags/example_datasets.py
[2025-07-20T16:24:25.916+0530] {processor.py:925} INFO - DAG(s) 'dataset_consumes_1_and_2', 'conditional_dataset_and_time_based_timetable', 'dataset_produces_2', 'dataset_produces_1', 'consume_1_and_2_with_dataset_expressions', 'dataset_consumes_1_never_scheduled', 'consume_1_or_2_with_dataset_expressions', 'dataset_consumes_1', 'dataset_consumes_unknown_never_scheduled', 'consume_1_or_both_2_and_3_with_dataset_expressions' retrieved from /Users/parth/Desktop/Engine/venv/lib/python3.11/site-packages/airflow/example_dags/example_datasets.py
[2025-07-20T16:24:26.003+0530] {logging_mixin.py:190} INFO - [2025-07-20T16:24:26.003+0530] {dag.py:3239} INFO - Sync 10 DAGs
[2025-07-20T16:24:26.020+0530] {logging_mixin.py:190} INFO - [2025-07-20T16:24:26.020+0530] {dag.py:4180} INFO - Setting next_dagrun for conditional_dataset_and_time_based_timetable to 2025-07-16 01:00:00+00:00, run_after=2025-07-16 01:00:00+00:00
[2025-07-20T16:24:26.023+0530] {logging_mixin.py:190} INFO - [2025-07-20T16:24:26.022+0530] {dag.py:4180} INFO - Setting next_dagrun for consume_1_and_2_with_dataset_expressions to None, run_after=None
[2025-07-20T16:24:26.023+0530] {logging_mixin.py:190} INFO - [2025-07-20T16:24:26.023+0530] {dag.py:4180} INFO - Setting next_dagrun for consume_1_or_2_with_dataset_expressions to None, run_after=None
[2025-07-20T16:24:26.024+0530] {logging_mixin.py:190} INFO - [2025-07-20T16:24:26.024+0530] {dag.py:4180} INFO - Setting next_dagrun for consume_1_or_both_2_and_3_with_dataset_expressions to None, run_after=None
[2025-07-20T16:24:26.024+0530] {logging_mixin.py:190} INFO - [2025-07-20T16:24:26.024+0530] {dag.py:4180} INFO - Setting next_dagrun for dataset_consumes_1 to None, run_after=None
[2025-07-20T16:24:26.025+0530] {logging_mixin.py:190} INFO - [2025-07-20T16:24:26.025+0530] {dag.py:4180} INFO - Setting next_dagrun for dataset_consumes_1_and_2 to None, run_after=None
[2025-07-20T16:24:26.026+0530] {logging_mixin.py:190} INFO - [2025-07-20T16:24:26.025+0530] {dag.py:4180} INFO - Setting next_dagrun for dataset_consumes_1_never_scheduled to None, run_after=None
[2025-07-20T16:24:26.026+0530] {logging_mixin.py:190} INFO - [2025-07-20T16:24:26.026+0530] {dag.py:4180} INFO - Setting next_dagrun for dataset_consumes_unknown_never_scheduled to None, run_after=None
[2025-07-20T16:24:26.028+0530] {logging_mixin.py:190} INFO - [2025-07-20T16:24:26.028+0530] {dag.py:4180} INFO - Setting next_dagrun for dataset_produces_1 to 2025-07-19 00:00:00+00:00, run_after=2025-07-20 00:00:00+00:00
[2025-07-20T16:24:26.028+0530] {logging_mixin.py:190} INFO - [2025-07-20T16:24:26.028+0530] {dag.py:4180} INFO - Setting next_dagrun for dataset_produces_2 to None, run_after=None
[2025-07-20T16:24:26.050+0530] {processor.py:208} INFO - Processing /Users/parth/Desktop/Engine/venv/lib/python3.11/site-packages/airflow/example_dags/example_datasets.py took 0.182 seconds
[2025-07-20T16:28:42.270+0530] {processor.py:186} INFO - Started process (PID=38068) to work on /Users/parth/Desktop/Engine/venv/lib/python3.11/site-packages/airflow/example_dags/example_datasets.py
[2025-07-20T16:28:42.271+0530] {processor.py:914} INFO - Processing file /Users/parth/Desktop/Engine/venv/lib/python3.11/site-packages/airflow/example_dags/example_datasets.py for tasks to queue
[2025-07-20T16:28:42.271+0530] {logging_mixin.py:190} INFO - [2025-07-20T16:28:42.271+0530] {dagbag.py:588} INFO - Filling up the DagBag from /Users/parth/Desktop/Engine/venv/lib/python3.11/site-packages/airflow/example_dags/example_datasets.py
[2025-07-20T16:28:42.315+0530] {processor.py:925} INFO - DAG(s) 'dataset_produces_2', 'conditional_dataset_and_time_based_timetable', 'consume_1_or_2_with_dataset_expressions', 'dataset_consumes_1_never_scheduled', 'dataset_consumes_1_and_2', 'consume_1_or_both_2_and_3_with_dataset_expressions', 'consume_1_and_2_with_dataset_expressions', 'dataset_produces_1', 'dataset_consumes_unknown_never_scheduled', 'dataset_consumes_1' retrieved from /Users/parth/Desktop/Engine/venv/lib/python3.11/site-packages/airflow/example_dags/example_datasets.py
[2025-07-20T16:28:42.393+0530] {logging_mixin.py:190} INFO - [2025-07-20T16:28:42.392+0530] {dag.py:3239} INFO - Sync 10 DAGs
[2025-07-20T16:28:42.407+0530] {logging_mixin.py:190} INFO - [2025-07-20T16:28:42.407+0530] {dag.py:4180} INFO - Setting next_dagrun for conditional_dataset_and_time_based_timetable to 2025-07-16 01:00:00+00:00, run_after=2025-07-16 01:00:00+00:00
[2025-07-20T16:28:42.409+0530] {logging_mixin.py:190} INFO - [2025-07-20T16:28:42.409+0530] {dag.py:4180} INFO - Setting next_dagrun for consume_1_and_2_with_dataset_expressions to None, run_after=None
[2025-07-20T16:28:42.409+0530] {logging_mixin.py:190} INFO - [2025-07-20T16:28:42.409+0530] {dag.py:4180} INFO - Setting next_dagrun for consume_1_or_2_with_dataset_expressions to None, run_after=None
[2025-07-20T16:28:42.410+0530] {logging_mixin.py:190} INFO - [2025-07-20T16:28:42.410+0530] {dag.py:4180} INFO - Setting next_dagrun for consume_1_or_both_2_and_3_with_dataset_expressions to None, run_after=None
[2025-07-20T16:28:42.410+0530] {logging_mixin.py:190} INFO - [2025-07-20T16:28:42.410+0530] {dag.py:4180} INFO - Setting next_dagrun for dataset_consumes_1 to None, run_after=None
[2025-07-20T16:28:42.411+0530] {logging_mixin.py:190} INFO - [2025-07-20T16:28:42.411+0530] {dag.py:4180} INFO - Setting next_dagrun for dataset_consumes_1_and_2 to None, run_after=None
[2025-07-20T16:28:42.412+0530] {logging_mixin.py:190} INFO - [2025-07-20T16:28:42.411+0530] {dag.py:4180} INFO - Setting next_dagrun for dataset_consumes_1_never_scheduled to None, run_after=None
[2025-07-20T16:28:42.412+0530] {logging_mixin.py:190} INFO - [2025-07-20T16:28:42.412+0530] {dag.py:4180} INFO - Setting next_dagrun for dataset_consumes_unknown_never_scheduled to None, run_after=None
[2025-07-20T16:28:42.414+0530] {logging_mixin.py:190} INFO - [2025-07-20T16:28:42.414+0530] {dag.py:4180} INFO - Setting next_dagrun for dataset_produces_1 to 2025-07-19 00:00:00+00:00, run_after=2025-07-20 00:00:00+00:00
[2025-07-20T16:28:42.414+0530] {logging_mixin.py:190} INFO - [2025-07-20T16:28:42.414+0530] {dag.py:4180} INFO - Setting next_dagrun for dataset_produces_2 to None, run_after=None
[2025-07-20T16:28:42.435+0530] {processor.py:208} INFO - Processing /Users/parth/Desktop/Engine/venv/lib/python3.11/site-packages/airflow/example_dags/example_datasets.py took 0.168 seconds
[2025-07-20T16:33:04.557+0530] {processor.py:186} INFO - Started process (PID=40003) to work on /Users/parth/Desktop/Engine/venv/lib/python3.11/site-packages/airflow/example_dags/example_datasets.py
[2025-07-20T16:33:04.558+0530] {processor.py:914} INFO - Processing file /Users/parth/Desktop/Engine/venv/lib/python3.11/site-packages/airflow/example_dags/example_datasets.py for tasks to queue
[2025-07-20T16:33:04.558+0530] {logging_mixin.py:190} INFO - [2025-07-20T16:33:04.558+0530] {dagbag.py:588} INFO - Filling up the DagBag from /Users/parth/Desktop/Engine/venv/lib/python3.11/site-packages/airflow/example_dags/example_datasets.py
[2025-07-20T16:33:04.595+0530] {processor.py:925} INFO - DAG(s) 'consume_1_or_both_2_and_3_with_dataset_expressions', 'dataset_consumes_1_never_scheduled', 'conditional_dataset_and_time_based_timetable', 'dataset_consumes_unknown_never_scheduled', 'consume_1_or_2_with_dataset_expressions', 'dataset_produces_2', 'dataset_produces_1', 'dataset_consumes_1', 'consume_1_and_2_with_dataset_expressions', 'dataset_consumes_1_and_2' retrieved from /Users/parth/Desktop/Engine/venv/lib/python3.11/site-packages/airflow/example_dags/example_datasets.py
[2025-07-20T16:33:04.669+0530] {logging_mixin.py:190} INFO - [2025-07-20T16:33:04.669+0530] {dag.py:3239} INFO - Sync 10 DAGs
[2025-07-20T16:33:04.683+0530] {logging_mixin.py:190} INFO - [2025-07-20T16:33:04.683+0530] {dag.py:4180} INFO - Setting next_dagrun for conditional_dataset_and_time_based_timetable to 2025-07-16 01:00:00+00:00, run_after=2025-07-16 01:00:00+00:00
[2025-07-20T16:33:04.685+0530] {logging_mixin.py:190} INFO - [2025-07-20T16:33:04.685+0530] {dag.py:4180} INFO - Setting next_dagrun for consume_1_and_2_with_dataset_expressions to None, run_after=None
[2025-07-20T16:33:04.686+0530] {logging_mixin.py:190} INFO - [2025-07-20T16:33:04.686+0530] {dag.py:4180} INFO - Setting next_dagrun for consume_1_or_2_with_dataset_expressions to None, run_after=None
[2025-07-20T16:33:04.686+0530] {logging_mixin.py:190} INFO - [2025-07-20T16:33:04.686+0530] {dag.py:4180} INFO - Setting next_dagrun for consume_1_or_both_2_and_3_with_dataset_expressions to None, run_after=None
[2025-07-20T16:33:04.687+0530] {logging_mixin.py:190} INFO - [2025-07-20T16:33:04.687+0530] {dag.py:4180} INFO - Setting next_dagrun for dataset_consumes_1 to None, run_after=None
[2025-07-20T16:33:04.687+0530] {logging_mixin.py:190} INFO - [2025-07-20T16:33:04.687+0530] {dag.py:4180} INFO - Setting next_dagrun for dataset_consumes_1_and_2 to None, run_after=None
[2025-07-20T16:33:04.688+0530] {logging_mixin.py:190} INFO - [2025-07-20T16:33:04.688+0530] {dag.py:4180} INFO - Setting next_dagrun for dataset_consumes_1_never_scheduled to None, run_after=None
[2025-07-20T16:33:04.688+0530] {logging_mixin.py:190} INFO - [2025-07-20T16:33:04.688+0530] {dag.py:4180} INFO - Setting next_dagrun for dataset_consumes_unknown_never_scheduled to None, run_after=None
[2025-07-20T16:33:04.690+0530] {logging_mixin.py:190} INFO - [2025-07-20T16:33:04.689+0530] {dag.py:4180} INFO - Setting next_dagrun for dataset_produces_1 to 2025-07-19 00:00:00+00:00, run_after=2025-07-20 00:00:00+00:00
[2025-07-20T16:33:04.690+0530] {logging_mixin.py:190} INFO - [2025-07-20T16:33:04.690+0530] {dag.py:4180} INFO - Setting next_dagrun for dataset_produces_2 to None, run_after=None
[2025-07-20T16:33:04.708+0530] {processor.py:208} INFO - Processing /Users/parth/Desktop/Engine/venv/lib/python3.11/site-packages/airflow/example_dags/example_datasets.py took 0.154 seconds
[2025-07-20T16:37:33.592+0530] {processor.py:186} INFO - Started process (PID=41815) to work on /Users/parth/Desktop/Engine/venv/lib/python3.11/site-packages/airflow/example_dags/example_datasets.py
[2025-07-20T16:37:33.593+0530] {processor.py:914} INFO - Processing file /Users/parth/Desktop/Engine/venv/lib/python3.11/site-packages/airflow/example_dags/example_datasets.py for tasks to queue
[2025-07-20T16:37:33.594+0530] {logging_mixin.py:190} INFO - [2025-07-20T16:37:33.594+0530] {dagbag.py:588} INFO - Filling up the DagBag from /Users/parth/Desktop/Engine/venv/lib/python3.11/site-packages/airflow/example_dags/example_datasets.py
[2025-07-20T16:37:33.634+0530] {processor.py:925} INFO - DAG(s) 'dataset_consumes_unknown_never_scheduled', 'dataset_produces_2', 'dataset_consumes_1', 'conditional_dataset_and_time_based_timetable', 'dataset_consumes_1_never_scheduled', 'consume_1_or_2_with_dataset_expressions', 'consume_1_or_both_2_and_3_with_dataset_expressions', 'dataset_consumes_1_and_2', 'dataset_produces_1', 'consume_1_and_2_with_dataset_expressions' retrieved from /Users/parth/Desktop/Engine/venv/lib/python3.11/site-packages/airflow/example_dags/example_datasets.py
[2025-07-20T16:37:33.707+0530] {logging_mixin.py:190} INFO - [2025-07-20T16:37:33.706+0530] {dag.py:3239} INFO - Sync 10 DAGs
[2025-07-20T16:37:33.720+0530] {logging_mixin.py:190} INFO - [2025-07-20T16:37:33.720+0530] {dag.py:4180} INFO - Setting next_dagrun for conditional_dataset_and_time_based_timetable to 2025-07-16 01:00:00+00:00, run_after=2025-07-16 01:00:00+00:00
[2025-07-20T16:37:33.722+0530] {logging_mixin.py:190} INFO - [2025-07-20T16:37:33.722+0530] {dag.py:4180} INFO - Setting next_dagrun for consume_1_and_2_with_dataset_expressions to None, run_after=None
[2025-07-20T16:37:33.723+0530] {logging_mixin.py:190} INFO - [2025-07-20T16:37:33.723+0530] {dag.py:4180} INFO - Setting next_dagrun for consume_1_or_2_with_dataset_expressions to None, run_after=None
[2025-07-20T16:37:33.723+0530] {logging_mixin.py:190} INFO - [2025-07-20T16:37:33.723+0530] {dag.py:4180} INFO - Setting next_dagrun for consume_1_or_both_2_and_3_with_dataset_expressions to None, run_after=None
[2025-07-20T16:37:33.724+0530] {logging_mixin.py:190} INFO - [2025-07-20T16:37:33.724+0530] {dag.py:4180} INFO - Setting next_dagrun for dataset_consumes_1 to None, run_after=None
[2025-07-20T16:37:33.724+0530] {logging_mixin.py:190} INFO - [2025-07-20T16:37:33.724+0530] {dag.py:4180} INFO - Setting next_dagrun for dataset_consumes_1_and_2 to None, run_after=None
[2025-07-20T16:37:33.725+0530] {logging_mixin.py:190} INFO - [2025-07-20T16:37:33.725+0530] {dag.py:4180} INFO - Setting next_dagrun for dataset_consumes_1_never_scheduled to None, run_after=None
[2025-07-20T16:37:33.725+0530] {logging_mixin.py:190} INFO - [2025-07-20T16:37:33.725+0530] {dag.py:4180} INFO - Setting next_dagrun for dataset_consumes_unknown_never_scheduled to None, run_after=None
[2025-07-20T16:37:33.727+0530] {logging_mixin.py:190} INFO - [2025-07-20T16:37:33.727+0530] {dag.py:4180} INFO - Setting next_dagrun for dataset_produces_1 to 2025-07-19 00:00:00+00:00, run_after=2025-07-20 00:00:00+00:00
[2025-07-20T16:37:33.727+0530] {logging_mixin.py:190} INFO - [2025-07-20T16:37:33.727+0530] {dag.py:4180} INFO - Setting next_dagrun for dataset_produces_2 to None, run_after=None
[2025-07-20T16:37:33.744+0530] {processor.py:208} INFO - Processing /Users/parth/Desktop/Engine/venv/lib/python3.11/site-packages/airflow/example_dags/example_datasets.py took 0.154 seconds
[2025-07-20T16:42:03.015+0530] {processor.py:186} INFO - Started process (PID=43575) to work on /Users/parth/Desktop/Engine/venv/lib/python3.11/site-packages/airflow/example_dags/example_datasets.py
[2025-07-20T16:42:03.016+0530] {processor.py:914} INFO - Processing file /Users/parth/Desktop/Engine/venv/lib/python3.11/site-packages/airflow/example_dags/example_datasets.py for tasks to queue
[2025-07-20T16:42:03.017+0530] {logging_mixin.py:190} INFO - [2025-07-20T16:42:03.016+0530] {dagbag.py:588} INFO - Filling up the DagBag from /Users/parth/Desktop/Engine/venv/lib/python3.11/site-packages/airflow/example_dags/example_datasets.py
[2025-07-20T16:42:03.048+0530] {processor.py:925} INFO - DAG(s) 'dataset_produces_2', 'dataset_consumes_1_and_2', 'consume_1_or_2_with_dataset_expressions', 'dataset_consumes_unknown_never_scheduled', 'dataset_consumes_1', 'conditional_dataset_and_time_based_timetable', 'consume_1_or_both_2_and_3_with_dataset_expressions', 'dataset_consumes_1_never_scheduled', 'consume_1_and_2_with_dataset_expressions', 'dataset_produces_1' retrieved from /Users/parth/Desktop/Engine/venv/lib/python3.11/site-packages/airflow/example_dags/example_datasets.py
[2025-07-20T16:42:03.121+0530] {logging_mixin.py:190} INFO - [2025-07-20T16:42:03.121+0530] {dag.py:3239} INFO - Sync 10 DAGs
[2025-07-20T16:42:03.135+0530] {logging_mixin.py:190} INFO - [2025-07-20T16:42:03.135+0530] {dag.py:4180} INFO - Setting next_dagrun for conditional_dataset_and_time_based_timetable to 2025-07-16 01:00:00+00:00, run_after=2025-07-16 01:00:00+00:00
[2025-07-20T16:42:03.137+0530] {logging_mixin.py:190} INFO - [2025-07-20T16:42:03.137+0530] {dag.py:4180} INFO - Setting next_dagrun for consume_1_and_2_with_dataset_expressions to None, run_after=None
[2025-07-20T16:42:03.138+0530] {logging_mixin.py:190} INFO - [2025-07-20T16:42:03.138+0530] {dag.py:4180} INFO - Setting next_dagrun for consume_1_or_2_with_dataset_expressions to None, run_after=None
[2025-07-20T16:42:03.138+0530] {logging_mixin.py:190} INFO - [2025-07-20T16:42:03.138+0530] {dag.py:4180} INFO - Setting next_dagrun for consume_1_or_both_2_and_3_with_dataset_expressions to None, run_after=None
[2025-07-20T16:42:03.139+0530] {logging_mixin.py:190} INFO - [2025-07-20T16:42:03.139+0530] {dag.py:4180} INFO - Setting next_dagrun for dataset_consumes_1 to None, run_after=None
[2025-07-20T16:42:03.139+0530] {logging_mixin.py:190} INFO - [2025-07-20T16:42:03.139+0530] {dag.py:4180} INFO - Setting next_dagrun for dataset_consumes_1_and_2 to None, run_after=None
[2025-07-20T16:42:03.140+0530] {logging_mixin.py:190} INFO - [2025-07-20T16:42:03.140+0530] {dag.py:4180} INFO - Setting next_dagrun for dataset_consumes_1_never_scheduled to None, run_after=None
[2025-07-20T16:42:03.140+0530] {logging_mixin.py:190} INFO - [2025-07-20T16:42:03.140+0530] {dag.py:4180} INFO - Setting next_dagrun for dataset_consumes_unknown_never_scheduled to None, run_after=None
[2025-07-20T16:42:03.142+0530] {logging_mixin.py:190} INFO - [2025-07-20T16:42:03.141+0530] {dag.py:4180} INFO - Setting next_dagrun for dataset_produces_1 to 2025-07-19 00:00:00+00:00, run_after=2025-07-20 00:00:00+00:00
[2025-07-20T16:42:03.142+0530] {logging_mixin.py:190} INFO - [2025-07-20T16:42:03.142+0530] {dag.py:4180} INFO - Setting next_dagrun for dataset_produces_2 to None, run_after=None
[2025-07-20T16:42:03.158+0530] {processor.py:208} INFO - Processing /Users/parth/Desktop/Engine/venv/lib/python3.11/site-packages/airflow/example_dags/example_datasets.py took 0.146 seconds
[2025-07-20T16:46:14.586+0530] {processor.py:186} INFO - Started process (PID=45205) to work on /Users/parth/Desktop/Engine/venv/lib/python3.11/site-packages/airflow/example_dags/example_datasets.py
[2025-07-20T16:46:14.587+0530] {processor.py:914} INFO - Processing file /Users/parth/Desktop/Engine/venv/lib/python3.11/site-packages/airflow/example_dags/example_datasets.py for tasks to queue
[2025-07-20T16:46:14.588+0530] {logging_mixin.py:190} INFO - [2025-07-20T16:46:14.588+0530] {dagbag.py:588} INFO - Filling up the DagBag from /Users/parth/Desktop/Engine/venv/lib/python3.11/site-packages/airflow/example_dags/example_datasets.py
[2025-07-20T16:46:14.624+0530] {processor.py:925} INFO - DAG(s) 'consume_1_or_2_with_dataset_expressions', 'consume_1_or_both_2_and_3_with_dataset_expressions', 'dataset_consumes_unknown_never_scheduled', 'dataset_consumes_1_and_2', 'dataset_produces_2', 'dataset_consumes_1', 'dataset_produces_1', 'consume_1_and_2_with_dataset_expressions', 'conditional_dataset_and_time_based_timetable', 'dataset_consumes_1_never_scheduled' retrieved from /Users/parth/Desktop/Engine/venv/lib/python3.11/site-packages/airflow/example_dags/example_datasets.py
[2025-07-20T16:46:14.699+0530] {logging_mixin.py:190} INFO - [2025-07-20T16:46:14.699+0530] {dag.py:3239} INFO - Sync 10 DAGs
[2025-07-20T16:46:14.714+0530] {logging_mixin.py:190} INFO - [2025-07-20T16:46:14.714+0530] {dag.py:4180} INFO - Setting next_dagrun for conditional_dataset_and_time_based_timetable to 2025-07-16 01:00:00+00:00, run_after=2025-07-16 01:00:00+00:00
[2025-07-20T16:46:14.717+0530] {logging_mixin.py:190} INFO - [2025-07-20T16:46:14.717+0530] {dag.py:4180} INFO - Setting next_dagrun for consume_1_and_2_with_dataset_expressions to None, run_after=None
[2025-07-20T16:46:14.717+0530] {logging_mixin.py:190} INFO - [2025-07-20T16:46:14.717+0530] {dag.py:4180} INFO - Setting next_dagrun for consume_1_or_2_with_dataset_expressions to None, run_after=None
[2025-07-20T16:46:14.718+0530] {logging_mixin.py:190} INFO - [2025-07-20T16:46:14.718+0530] {dag.py:4180} INFO - Setting next_dagrun for consume_1_or_both_2_and_3_with_dataset_expressions to None, run_after=None
[2025-07-20T16:46:14.718+0530] {logging_mixin.py:190} INFO - [2025-07-20T16:46:14.718+0530] {dag.py:4180} INFO - Setting next_dagrun for dataset_consumes_1 to None, run_after=None
[2025-07-20T16:46:14.719+0530] {logging_mixin.py:190} INFO - [2025-07-20T16:46:14.719+0530] {dag.py:4180} INFO - Setting next_dagrun for dataset_consumes_1_and_2 to None, run_after=None
[2025-07-20T16:46:14.719+0530] {logging_mixin.py:190} INFO - [2025-07-20T16:46:14.719+0530] {dag.py:4180} INFO - Setting next_dagrun for dataset_consumes_1_never_scheduled to None, run_after=None
[2025-07-20T16:46:14.720+0530] {logging_mixin.py:190} INFO - [2025-07-20T16:46:14.720+0530] {dag.py:4180} INFO - Setting next_dagrun for dataset_consumes_unknown_never_scheduled to None, run_after=None
[2025-07-20T16:46:14.721+0530] {logging_mixin.py:190} INFO - [2025-07-20T16:46:14.721+0530] {dag.py:4180} INFO - Setting next_dagrun for dataset_produces_1 to 2025-07-19 00:00:00+00:00, run_after=2025-07-20 00:00:00+00:00
[2025-07-20T16:46:14.722+0530] {logging_mixin.py:190} INFO - [2025-07-20T16:46:14.722+0530] {dag.py:4180} INFO - Setting next_dagrun for dataset_produces_2 to None, run_after=None
[2025-07-20T16:46:14.738+0530] {processor.py:208} INFO - Processing /Users/parth/Desktop/Engine/venv/lib/python3.11/site-packages/airflow/example_dags/example_datasets.py took 0.154 seconds
[2025-07-20T16:50:10.174+0530] {processor.py:186} INFO - Started process (PID=46752) to work on /Users/parth/Desktop/Engine/venv/lib/python3.11/site-packages/airflow/example_dags/example_datasets.py
[2025-07-20T16:50:10.175+0530] {processor.py:914} INFO - Processing file /Users/parth/Desktop/Engine/venv/lib/python3.11/site-packages/airflow/example_dags/example_datasets.py for tasks to queue
[2025-07-20T16:50:10.176+0530] {logging_mixin.py:190} INFO - [2025-07-20T16:50:10.176+0530] {dagbag.py:588} INFO - Filling up the DagBag from /Users/parth/Desktop/Engine/venv/lib/python3.11/site-packages/airflow/example_dags/example_datasets.py
[2025-07-20T16:50:10.213+0530] {processor.py:925} INFO - DAG(s) 'consume_1_or_2_with_dataset_expressions', 'consume_1_or_both_2_and_3_with_dataset_expressions', 'dataset_produces_1', 'dataset_consumes_1_and_2', 'consume_1_and_2_with_dataset_expressions', 'dataset_consumes_1_never_scheduled', 'dataset_produces_2', 'conditional_dataset_and_time_based_timetable', 'dataset_consumes_1', 'dataset_consumes_unknown_never_scheduled' retrieved from /Users/parth/Desktop/Engine/venv/lib/python3.11/site-packages/airflow/example_dags/example_datasets.py
[2025-07-20T16:50:10.285+0530] {logging_mixin.py:190} INFO - [2025-07-20T16:50:10.285+0530] {dag.py:3239} INFO - Sync 10 DAGs
[2025-07-20T16:50:10.298+0530] {logging_mixin.py:190} INFO - [2025-07-20T16:50:10.298+0530] {dag.py:4180} INFO - Setting next_dagrun for conditional_dataset_and_time_based_timetable to 2025-07-16 01:00:00+00:00, run_after=2025-07-16 01:00:00+00:00
[2025-07-20T16:50:10.300+0530] {logging_mixin.py:190} INFO - [2025-07-20T16:50:10.300+0530] {dag.py:4180} INFO - Setting next_dagrun for consume_1_and_2_with_dataset_expressions to None, run_after=None
[2025-07-20T16:50:10.301+0530] {logging_mixin.py:190} INFO - [2025-07-20T16:50:10.300+0530] {dag.py:4180} INFO - Setting next_dagrun for consume_1_or_2_with_dataset_expressions to None, run_after=None
[2025-07-20T16:50:10.301+0530] {logging_mixin.py:190} INFO - [2025-07-20T16:50:10.301+0530] {dag.py:4180} INFO - Setting next_dagrun for consume_1_or_both_2_and_3_with_dataset_expressions to None, run_after=None
[2025-07-20T16:50:10.301+0530] {logging_mixin.py:190} INFO - [2025-07-20T16:50:10.301+0530] {dag.py:4180} INFO - Setting next_dagrun for dataset_consumes_1 to None, run_after=None
[2025-07-20T16:50:10.302+0530] {logging_mixin.py:190} INFO - [2025-07-20T16:50:10.302+0530] {dag.py:4180} INFO - Setting next_dagrun for dataset_consumes_1_and_2 to None, run_after=None
[2025-07-20T16:50:10.302+0530] {logging_mixin.py:190} INFO - [2025-07-20T16:50:10.302+0530] {dag.py:4180} INFO - Setting next_dagrun for dataset_consumes_1_never_scheduled to None, run_after=None
[2025-07-20T16:50:10.303+0530] {logging_mixin.py:190} INFO - [2025-07-20T16:50:10.303+0530] {dag.py:4180} INFO - Setting next_dagrun for dataset_consumes_unknown_never_scheduled to None, run_after=None
[2025-07-20T16:50:10.304+0530] {logging_mixin.py:190} INFO - [2025-07-20T16:50:10.304+0530] {dag.py:4180} INFO - Setting next_dagrun for dataset_produces_1 to 2025-07-19 00:00:00+00:00, run_after=2025-07-20 00:00:00+00:00
[2025-07-20T16:50:10.305+0530] {logging_mixin.py:190} INFO - [2025-07-20T16:50:10.305+0530] {dag.py:4180} INFO - Setting next_dagrun for dataset_produces_2 to None, run_after=None
[2025-07-20T16:50:10.322+0530] {processor.py:208} INFO - Processing /Users/parth/Desktop/Engine/venv/lib/python3.11/site-packages/airflow/example_dags/example_datasets.py took 0.150 seconds
[2025-07-20T17:51:28.879+0530] {processor.py:186} INFO - Started process (PID=48277) to work on /Users/parth/Desktop/Engine/venv/lib/python3.11/site-packages/airflow/example_dags/example_datasets.py
[2025-07-20T17:51:28.880+0530] {processor.py:914} INFO - Processing file /Users/parth/Desktop/Engine/venv/lib/python3.11/site-packages/airflow/example_dags/example_datasets.py for tasks to queue
[2025-07-20T17:51:28.881+0530] {logging_mixin.py:190} INFO - [2025-07-20T17:51:28.880+0530] {dagbag.py:588} INFO - Filling up the DagBag from /Users/parth/Desktop/Engine/venv/lib/python3.11/site-packages/airflow/example_dags/example_datasets.py
[2025-07-20T17:51:28.918+0530] {processor.py:925} INFO - DAG(s) 'dataset_produces_2', 'consume_1_and_2_with_dataset_expressions', 'dataset_consumes_1_and_2', 'conditional_dataset_and_time_based_timetable', 'consume_1_or_both_2_and_3_with_dataset_expressions', 'dataset_consumes_1', 'dataset_consumes_1_never_scheduled', 'dataset_consumes_unknown_never_scheduled', 'dataset_produces_1', 'consume_1_or_2_with_dataset_expressions' retrieved from /Users/parth/Desktop/Engine/venv/lib/python3.11/site-packages/airflow/example_dags/example_datasets.py
[2025-07-20T17:51:28.991+0530] {logging_mixin.py:190} INFO - [2025-07-20T17:51:28.991+0530] {dag.py:3239} INFO - Sync 10 DAGs
[2025-07-20T17:51:29.005+0530] {logging_mixin.py:190} INFO - [2025-07-20T17:51:29.004+0530] {dag.py:4180} INFO - Setting next_dagrun for conditional_dataset_and_time_based_timetable to 2025-07-16 01:00:00+00:00, run_after=2025-07-16 01:00:00+00:00
[2025-07-20T17:51:29.007+0530] {logging_mixin.py:190} INFO - [2025-07-20T17:51:29.007+0530] {dag.py:4180} INFO - Setting next_dagrun for consume_1_and_2_with_dataset_expressions to None, run_after=None
[2025-07-20T17:51:29.008+0530] {logging_mixin.py:190} INFO - [2025-07-20T17:51:29.007+0530] {dag.py:4180} INFO - Setting next_dagrun for consume_1_or_2_with_dataset_expressions to None, run_after=None
[2025-07-20T17:51:29.008+0530] {logging_mixin.py:190} INFO - [2025-07-20T17:51:29.008+0530] {dag.py:4180} INFO - Setting next_dagrun for consume_1_or_both_2_and_3_with_dataset_expressions to None, run_after=None
[2025-07-20T17:51:29.009+0530] {logging_mixin.py:190} INFO - [2025-07-20T17:51:29.008+0530] {dag.py:4180} INFO - Setting next_dagrun for dataset_consumes_1 to None, run_after=None
[2025-07-20T17:51:29.009+0530] {logging_mixin.py:190} INFO - [2025-07-20T17:51:29.009+0530] {dag.py:4180} INFO - Setting next_dagrun for dataset_consumes_1_and_2 to None, run_after=None
[2025-07-20T17:51:29.010+0530] {logging_mixin.py:190} INFO - [2025-07-20T17:51:29.009+0530] {dag.py:4180} INFO - Setting next_dagrun for dataset_consumes_1_never_scheduled to None, run_after=None
[2025-07-20T17:51:29.010+0530] {logging_mixin.py:190} INFO - [2025-07-20T17:51:29.010+0530] {dag.py:4180} INFO - Setting next_dagrun for dataset_consumes_unknown_never_scheduled to None, run_after=None
[2025-07-20T17:51:29.011+0530] {logging_mixin.py:190} INFO - [2025-07-20T17:51:29.011+0530] {dag.py:4180} INFO - Setting next_dagrun for dataset_produces_1 to 2025-07-19 00:00:00+00:00, run_after=2025-07-20 00:00:00+00:00
[2025-07-20T17:51:29.012+0530] {logging_mixin.py:190} INFO - [2025-07-20T17:51:29.012+0530] {dag.py:4180} INFO - Setting next_dagrun for dataset_produces_2 to None, run_after=None
[2025-07-20T17:51:29.029+0530] {processor.py:208} INFO - Processing /Users/parth/Desktop/Engine/venv/lib/python3.11/site-packages/airflow/example_dags/example_datasets.py took 0.152 seconds
[2025-07-20T17:55:30.886+0530] {processor.py:186} INFO - Started process (PID=49838) to work on /Users/parth/Desktop/Engine/venv/lib/python3.11/site-packages/airflow/example_dags/example_datasets.py
[2025-07-20T17:55:30.887+0530] {processor.py:914} INFO - Processing file /Users/parth/Desktop/Engine/venv/lib/python3.11/site-packages/airflow/example_dags/example_datasets.py for tasks to queue
[2025-07-20T17:55:30.888+0530] {logging_mixin.py:190} INFO - [2025-07-20T17:55:30.888+0530] {dagbag.py:588} INFO - Filling up the DagBag from /Users/parth/Desktop/Engine/venv/lib/python3.11/site-packages/airflow/example_dags/example_datasets.py
[2025-07-20T17:55:30.920+0530] {processor.py:925} INFO - DAG(s) 'dataset_consumes_1_never_scheduled', 'consume_1_and_2_with_dataset_expressions', 'dataset_consumes_1', 'consume_1_or_2_with_dataset_expressions', 'conditional_dataset_and_time_based_timetable', 'dataset_produces_2', 'dataset_consumes_1_and_2', 'dataset_consumes_unknown_never_scheduled', 'dataset_produces_1', 'consume_1_or_both_2_and_3_with_dataset_expressions' retrieved from /Users/parth/Desktop/Engine/venv/lib/python3.11/site-packages/airflow/example_dags/example_datasets.py
[2025-07-20T17:55:30.991+0530] {logging_mixin.py:190} INFO - [2025-07-20T17:55:30.991+0530] {dag.py:3239} INFO - Sync 10 DAGs
[2025-07-20T17:55:31.005+0530] {logging_mixin.py:190} INFO - [2025-07-20T17:55:31.004+0530] {dag.py:4180} INFO - Setting next_dagrun for conditional_dataset_and_time_based_timetable to 2025-07-16 01:00:00+00:00, run_after=2025-07-16 01:00:00+00:00
[2025-07-20T17:55:31.006+0530] {logging_mixin.py:190} INFO - [2025-07-20T17:55:31.006+0530] {dag.py:4180} INFO - Setting next_dagrun for consume_1_and_2_with_dataset_expressions to None, run_after=None
[2025-07-20T17:55:31.007+0530] {logging_mixin.py:190} INFO - [2025-07-20T17:55:31.007+0530] {dag.py:4180} INFO - Setting next_dagrun for consume_1_or_2_with_dataset_expressions to None, run_after=None
[2025-07-20T17:55:31.008+0530] {logging_mixin.py:190} INFO - [2025-07-20T17:55:31.008+0530] {dag.py:4180} INFO - Setting next_dagrun for consume_1_or_both_2_and_3_with_dataset_expressions to None, run_after=None
[2025-07-20T17:55:31.008+0530] {logging_mixin.py:190} INFO - [2025-07-20T17:55:31.008+0530] {dag.py:4180} INFO - Setting next_dagrun for dataset_consumes_1 to None, run_after=None
[2025-07-20T17:55:31.009+0530] {logging_mixin.py:190} INFO - [2025-07-20T17:55:31.009+0530] {dag.py:4180} INFO - Setting next_dagrun for dataset_consumes_1_and_2 to None, run_after=None
[2025-07-20T17:55:31.009+0530] {logging_mixin.py:190} INFO - [2025-07-20T17:55:31.009+0530] {dag.py:4180} INFO - Setting next_dagrun for dataset_consumes_1_never_scheduled to None, run_after=None
[2025-07-20T17:55:31.010+0530] {logging_mixin.py:190} INFO - [2025-07-20T17:55:31.010+0530] {dag.py:4180} INFO - Setting next_dagrun for dataset_consumes_unknown_never_scheduled to None, run_after=None
[2025-07-20T17:55:31.011+0530] {logging_mixin.py:190} INFO - [2025-07-20T17:55:31.011+0530] {dag.py:4180} INFO - Setting next_dagrun for dataset_produces_1 to 2025-07-19 00:00:00+00:00, run_after=2025-07-20 00:00:00+00:00
[2025-07-20T17:55:31.011+0530] {logging_mixin.py:190} INFO - [2025-07-20T17:55:31.011+0530] {dag.py:4180} INFO - Setting next_dagrun for dataset_produces_2 to None, run_after=None
[2025-07-20T17:55:31.028+0530] {processor.py:208} INFO - Processing /Users/parth/Desktop/Engine/venv/lib/python3.11/site-packages/airflow/example_dags/example_datasets.py took 0.144 seconds
[2025-07-20T17:59:10.752+0530] {processor.py:186} INFO - Started process (PID=51259) to work on /Users/parth/Desktop/Engine/venv/lib/python3.11/site-packages/airflow/example_dags/example_datasets.py
[2025-07-20T17:59:10.753+0530] {processor.py:914} INFO - Processing file /Users/parth/Desktop/Engine/venv/lib/python3.11/site-packages/airflow/example_dags/example_datasets.py for tasks to queue
[2025-07-20T17:59:10.754+0530] {logging_mixin.py:190} INFO - [2025-07-20T17:59:10.754+0530] {dagbag.py:588} INFO - Filling up the DagBag from /Users/parth/Desktop/Engine/venv/lib/python3.11/site-packages/airflow/example_dags/example_datasets.py
[2025-07-20T17:59:10.784+0530] {processor.py:925} INFO - DAG(s) 'consume_1_and_2_with_dataset_expressions', 'dataset_consumes_1_never_scheduled', 'dataset_produces_2', 'dataset_consumes_1', 'dataset_consumes_unknown_never_scheduled', 'conditional_dataset_and_time_based_timetable', 'consume_1_or_both_2_and_3_with_dataset_expressions', 'dataset_produces_1', 'consume_1_or_2_with_dataset_expressions', 'dataset_consumes_1_and_2' retrieved from /Users/parth/Desktop/Engine/venv/lib/python3.11/site-packages/airflow/example_dags/example_datasets.py
[2025-07-20T17:59:10.856+0530] {logging_mixin.py:190} INFO - [2025-07-20T17:59:10.856+0530] {dag.py:3239} INFO - Sync 10 DAGs
[2025-07-20T17:59:10.869+0530] {logging_mixin.py:190} INFO - [2025-07-20T17:59:10.869+0530] {dag.py:4180} INFO - Setting next_dagrun for conditional_dataset_and_time_based_timetable to 2025-07-16 01:00:00+00:00, run_after=2025-07-16 01:00:00+00:00
[2025-07-20T17:59:10.871+0530] {logging_mixin.py:190} INFO - [2025-07-20T17:59:10.871+0530] {dag.py:4180} INFO - Setting next_dagrun for consume_1_and_2_with_dataset_expressions to None, run_after=None
[2025-07-20T17:59:10.872+0530] {logging_mixin.py:190} INFO - [2025-07-20T17:59:10.872+0530] {dag.py:4180} INFO - Setting next_dagrun for consume_1_or_2_with_dataset_expressions to None, run_after=None
[2025-07-20T17:59:10.872+0530] {logging_mixin.py:190} INFO - [2025-07-20T17:59:10.872+0530] {dag.py:4180} INFO - Setting next_dagrun for consume_1_or_both_2_and_3_with_dataset_expressions to None, run_after=None
[2025-07-20T17:59:10.873+0530] {logging_mixin.py:190} INFO - [2025-07-20T17:59:10.873+0530] {dag.py:4180} INFO - Setting next_dagrun for dataset_consumes_1 to None, run_after=None
[2025-07-20T17:59:10.873+0530] {logging_mixin.py:190} INFO - [2025-07-20T17:59:10.873+0530] {dag.py:4180} INFO - Setting next_dagrun for dataset_consumes_1_and_2 to None, run_after=None
[2025-07-20T17:59:10.874+0530] {logging_mixin.py:190} INFO - [2025-07-20T17:59:10.874+0530] {dag.py:4180} INFO - Setting next_dagrun for dataset_consumes_1_never_scheduled to None, run_after=None
[2025-07-20T17:59:10.874+0530] {logging_mixin.py:190} INFO - [2025-07-20T17:59:10.874+0530] {dag.py:4180} INFO - Setting next_dagrun for dataset_consumes_unknown_never_scheduled to None, run_after=None
[2025-07-20T17:59:10.876+0530] {logging_mixin.py:190} INFO - [2025-07-20T17:59:10.876+0530] {dag.py:4180} INFO - Setting next_dagrun for dataset_produces_1 to 2025-07-19 00:00:00+00:00, run_after=2025-07-20 00:00:00+00:00
[2025-07-20T17:59:10.876+0530] {logging_mixin.py:190} INFO - [2025-07-20T17:59:10.876+0530] {dag.py:4180} INFO - Setting next_dagrun for dataset_produces_2 to None, run_after=None
[2025-07-20T17:59:10.893+0530] {processor.py:208} INFO - Processing /Users/parth/Desktop/Engine/venv/lib/python3.11/site-packages/airflow/example_dags/example_datasets.py took 0.143 seconds
[2025-07-20T18:03:06.842+0530] {processor.py:186} INFO - Started process (PID=52758) to work on /Users/parth/Desktop/Engine/venv/lib/python3.11/site-packages/airflow/example_dags/example_datasets.py
[2025-07-20T18:03:06.843+0530] {processor.py:914} INFO - Processing file /Users/parth/Desktop/Engine/venv/lib/python3.11/site-packages/airflow/example_dags/example_datasets.py for tasks to queue
[2025-07-20T18:03:06.844+0530] {logging_mixin.py:190} INFO - [2025-07-20T18:03:06.844+0530] {dagbag.py:588} INFO - Filling up the DagBag from /Users/parth/Desktop/Engine/venv/lib/python3.11/site-packages/airflow/example_dags/example_datasets.py
[2025-07-20T18:03:06.875+0530] {processor.py:925} INFO - DAG(s) 'dataset_consumes_1', 'dataset_produces_2', 'dataset_consumes_1_and_2', 'dataset_consumes_1_never_scheduled', 'consume_1_or_both_2_and_3_with_dataset_expressions', 'dataset_consumes_unknown_never_scheduled', 'consume_1_or_2_with_dataset_expressions', 'conditional_dataset_and_time_based_timetable', 'dataset_produces_1', 'consume_1_and_2_with_dataset_expressions' retrieved from /Users/parth/Desktop/Engine/venv/lib/python3.11/site-packages/airflow/example_dags/example_datasets.py
[2025-07-20T18:03:06.947+0530] {logging_mixin.py:190} INFO - [2025-07-20T18:03:06.947+0530] {dag.py:3239} INFO - Sync 10 DAGs
[2025-07-20T18:03:06.960+0530] {logging_mixin.py:190} INFO - [2025-07-20T18:03:06.960+0530] {dag.py:4180} INFO - Setting next_dagrun for conditional_dataset_and_time_based_timetable to 2025-07-16 01:00:00+00:00, run_after=2025-07-16 01:00:00+00:00
[2025-07-20T18:03:06.962+0530] {logging_mixin.py:190} INFO - [2025-07-20T18:03:06.962+0530] {dag.py:4180} INFO - Setting next_dagrun for consume_1_and_2_with_dataset_expressions to None, run_after=None
[2025-07-20T18:03:06.963+0530] {logging_mixin.py:190} INFO - [2025-07-20T18:03:06.963+0530] {dag.py:4180} INFO - Setting next_dagrun for consume_1_or_2_with_dataset_expressions to None, run_after=None
[2025-07-20T18:03:06.963+0530] {logging_mixin.py:190} INFO - [2025-07-20T18:03:06.963+0530] {dag.py:4180} INFO - Setting next_dagrun for consume_1_or_both_2_and_3_with_dataset_expressions to None, run_after=None
[2025-07-20T18:03:06.964+0530] {logging_mixin.py:190} INFO - [2025-07-20T18:03:06.964+0530] {dag.py:4180} INFO - Setting next_dagrun for dataset_consumes_1 to None, run_after=None
[2025-07-20T18:03:06.964+0530] {logging_mixin.py:190} INFO - [2025-07-20T18:03:06.964+0530] {dag.py:4180} INFO - Setting next_dagrun for dataset_consumes_1_and_2 to None, run_after=None
[2025-07-20T18:03:06.965+0530] {logging_mixin.py:190} INFO - [2025-07-20T18:03:06.965+0530] {dag.py:4180} INFO - Setting next_dagrun for dataset_consumes_1_never_scheduled to None, run_after=None
[2025-07-20T18:03:06.965+0530] {logging_mixin.py:190} INFO - [2025-07-20T18:03:06.965+0530] {dag.py:4180} INFO - Setting next_dagrun for dataset_consumes_unknown_never_scheduled to None, run_after=None
[2025-07-20T18:03:06.966+0530] {logging_mixin.py:190} INFO - [2025-07-20T18:03:06.966+0530] {dag.py:4180} INFO - Setting next_dagrun for dataset_produces_1 to 2025-07-19 00:00:00+00:00, run_after=2025-07-20 00:00:00+00:00
[2025-07-20T18:03:06.967+0530] {logging_mixin.py:190} INFO - [2025-07-20T18:03:06.967+0530] {dag.py:4180} INFO - Setting next_dagrun for dataset_produces_2 to None, run_after=None
[2025-07-20T18:03:06.983+0530] {processor.py:208} INFO - Processing /Users/parth/Desktop/Engine/venv/lib/python3.11/site-packages/airflow/example_dags/example_datasets.py took 0.143 seconds
[2025-07-20T18:06:55.247+0530] {processor.py:186} INFO - Started process (PID=54237) to work on /Users/parth/Desktop/Engine/venv/lib/python3.11/site-packages/airflow/example_dags/example_datasets.py
[2025-07-20T18:06:55.248+0530] {processor.py:914} INFO - Processing file /Users/parth/Desktop/Engine/venv/lib/python3.11/site-packages/airflow/example_dags/example_datasets.py for tasks to queue
[2025-07-20T18:06:55.248+0530] {logging_mixin.py:190} INFO - [2025-07-20T18:06:55.248+0530] {dagbag.py:588} INFO - Filling up the DagBag from /Users/parth/Desktop/Engine/venv/lib/python3.11/site-packages/airflow/example_dags/example_datasets.py
[2025-07-20T18:06:55.285+0530] {processor.py:925} INFO - DAG(s) 'dataset_produces_2', 'dataset_consumes_1', 'dataset_consumes_1_never_scheduled', 'dataset_produces_1', 'dataset_consumes_1_and_2', 'dataset_consumes_unknown_never_scheduled', 'conditional_dataset_and_time_based_timetable', 'consume_1_or_both_2_and_3_with_dataset_expressions', 'consume_1_and_2_with_dataset_expressions', 'consume_1_or_2_with_dataset_expressions' retrieved from /Users/parth/Desktop/Engine/venv/lib/python3.11/site-packages/airflow/example_dags/example_datasets.py
[2025-07-20T18:06:55.357+0530] {logging_mixin.py:190} INFO - [2025-07-20T18:06:55.357+0530] {dag.py:3239} INFO - Sync 10 DAGs
[2025-07-20T18:06:55.371+0530] {logging_mixin.py:190} INFO - [2025-07-20T18:06:55.370+0530] {dag.py:4180} INFO - Setting next_dagrun for conditional_dataset_and_time_based_timetable to 2025-07-16 01:00:00+00:00, run_after=2025-07-16 01:00:00+00:00
[2025-07-20T18:06:55.372+0530] {logging_mixin.py:190} INFO - [2025-07-20T18:06:55.372+0530] {dag.py:4180} INFO - Setting next_dagrun for consume_1_and_2_with_dataset_expressions to None, run_after=None
[2025-07-20T18:06:55.373+0530] {logging_mixin.py:190} INFO - [2025-07-20T18:06:55.373+0530] {dag.py:4180} INFO - Setting next_dagrun for consume_1_or_2_with_dataset_expressions to None, run_after=None
[2025-07-20T18:06:55.373+0530] {logging_mixin.py:190} INFO - [2025-07-20T18:06:55.373+0530] {dag.py:4180} INFO - Setting next_dagrun for consume_1_or_both_2_and_3_with_dataset_expressions to None, run_after=None
[2025-07-20T18:06:55.374+0530] {logging_mixin.py:190} INFO - [2025-07-20T18:06:55.374+0530] {dag.py:4180} INFO - Setting next_dagrun for dataset_consumes_1 to None, run_after=None
[2025-07-20T18:06:55.374+0530] {logging_mixin.py:190} INFO - [2025-07-20T18:06:55.374+0530] {dag.py:4180} INFO - Setting next_dagrun for dataset_consumes_1_and_2 to None, run_after=None
[2025-07-20T18:06:55.375+0530] {logging_mixin.py:190} INFO - [2025-07-20T18:06:55.375+0530] {dag.py:4180} INFO - Setting next_dagrun for dataset_consumes_1_never_scheduled to None, run_after=None
[2025-07-20T18:06:55.376+0530] {logging_mixin.py:190} INFO - [2025-07-20T18:06:55.376+0530] {dag.py:4180} INFO - Setting next_dagrun for dataset_consumes_unknown_never_scheduled to None, run_after=None
[2025-07-20T18:06:55.377+0530] {logging_mixin.py:190} INFO - [2025-07-20T18:06:55.377+0530] {dag.py:4180} INFO - Setting next_dagrun for dataset_produces_1 to 2025-07-19 00:00:00+00:00, run_after=2025-07-20 00:00:00+00:00
[2025-07-20T18:06:55.378+0530] {logging_mixin.py:190} INFO - [2025-07-20T18:06:55.378+0530] {dag.py:4180} INFO - Setting next_dagrun for dataset_produces_2 to None, run_after=None
[2025-07-20T18:06:55.395+0530] {processor.py:208} INFO - Processing /Users/parth/Desktop/Engine/venv/lib/python3.11/site-packages/airflow/example_dags/example_datasets.py took 0.150 seconds
[2025-07-20T18:24:04.297+0530] {processor.py:186} INFO - Started process (PID=55715) to work on /Users/parth/Desktop/Engine/venv/lib/python3.11/site-packages/airflow/example_dags/example_datasets.py
[2025-07-20T18:24:04.297+0530] {processor.py:914} INFO - Processing file /Users/parth/Desktop/Engine/venv/lib/python3.11/site-packages/airflow/example_dags/example_datasets.py for tasks to queue
[2025-07-20T18:24:04.298+0530] {logging_mixin.py:190} INFO - [2025-07-20T18:24:04.298+0530] {dagbag.py:588} INFO - Filling up the DagBag from /Users/parth/Desktop/Engine/venv/lib/python3.11/site-packages/airflow/example_dags/example_datasets.py
[2025-07-20T18:24:04.328+0530] {processor.py:925} INFO - DAG(s) 'dataset_produces_2', 'consume_1_or_2_with_dataset_expressions', 'consume_1_or_both_2_and_3_with_dataset_expressions', 'consume_1_and_2_with_dataset_expressions', 'conditional_dataset_and_time_based_timetable', 'dataset_produces_1', 'dataset_consumes_1_never_scheduled', 'dataset_consumes_unknown_never_scheduled', 'dataset_consumes_1_and_2', 'dataset_consumes_1' retrieved from /Users/parth/Desktop/Engine/venv/lib/python3.11/site-packages/airflow/example_dags/example_datasets.py
[2025-07-20T18:24:04.400+0530] {logging_mixin.py:190} INFO - [2025-07-20T18:24:04.400+0530] {dag.py:3239} INFO - Sync 10 DAGs
[2025-07-20T18:24:04.413+0530] {logging_mixin.py:190} INFO - [2025-07-20T18:24:04.413+0530] {dag.py:4180} INFO - Setting next_dagrun for conditional_dataset_and_time_based_timetable to 2025-07-16 01:00:00+00:00, run_after=2025-07-16 01:00:00+00:00
[2025-07-20T18:24:04.415+0530] {logging_mixin.py:190} INFO - [2025-07-20T18:24:04.415+0530] {dag.py:4180} INFO - Setting next_dagrun for consume_1_and_2_with_dataset_expressions to None, run_after=None
[2025-07-20T18:24:04.416+0530] {logging_mixin.py:190} INFO - [2025-07-20T18:24:04.416+0530] {dag.py:4180} INFO - Setting next_dagrun for consume_1_or_2_with_dataset_expressions to None, run_after=None
[2025-07-20T18:24:04.416+0530] {logging_mixin.py:190} INFO - [2025-07-20T18:24:04.416+0530] {dag.py:4180} INFO - Setting next_dagrun for consume_1_or_both_2_and_3_with_dataset_expressions to None, run_after=None
[2025-07-20T18:24:04.417+0530] {logging_mixin.py:190} INFO - [2025-07-20T18:24:04.417+0530] {dag.py:4180} INFO - Setting next_dagrun for dataset_consumes_1 to None, run_after=None
[2025-07-20T18:24:04.417+0530] {logging_mixin.py:190} INFO - [2025-07-20T18:24:04.417+0530] {dag.py:4180} INFO - Setting next_dagrun for dataset_consumes_1_and_2 to None, run_after=None
[2025-07-20T18:24:04.418+0530] {logging_mixin.py:190} INFO - [2025-07-20T18:24:04.418+0530] {dag.py:4180} INFO - Setting next_dagrun for dataset_consumes_1_never_scheduled to None, run_after=None
[2025-07-20T18:24:04.418+0530] {logging_mixin.py:190} INFO - [2025-07-20T18:24:04.418+0530] {dag.py:4180} INFO - Setting next_dagrun for dataset_consumes_unknown_never_scheduled to None, run_after=None
[2025-07-20T18:24:04.419+0530] {logging_mixin.py:190} INFO - [2025-07-20T18:24:04.419+0530] {dag.py:4180} INFO - Setting next_dagrun for dataset_produces_1 to 2025-07-19 00:00:00+00:00, run_after=2025-07-20 00:00:00+00:00
[2025-07-20T18:24:04.420+0530] {logging_mixin.py:190} INFO - [2025-07-20T18:24:04.420+0530] {dag.py:4180} INFO - Setting next_dagrun for dataset_produces_2 to None, run_after=None
[2025-07-20T18:24:04.436+0530] {processor.py:208} INFO - Processing /Users/parth/Desktop/Engine/venv/lib/python3.11/site-packages/airflow/example_dags/example_datasets.py took 0.142 seconds
[2025-07-20T18:27:36.035+0530] {processor.py:186} INFO - Started process (PID=57084) to work on /Users/parth/Desktop/Engine/venv/lib/python3.11/site-packages/airflow/example_dags/example_datasets.py
[2025-07-20T18:27:36.036+0530] {processor.py:914} INFO - Processing file /Users/parth/Desktop/Engine/venv/lib/python3.11/site-packages/airflow/example_dags/example_datasets.py for tasks to queue
[2025-07-20T18:27:36.037+0530] {logging_mixin.py:190} INFO - [2025-07-20T18:27:36.037+0530] {dagbag.py:588} INFO - Filling up the DagBag from /Users/parth/Desktop/Engine/venv/lib/python3.11/site-packages/airflow/example_dags/example_datasets.py
[2025-07-20T18:27:36.078+0530] {processor.py:925} INFO - DAG(s) 'dataset_produces_2', 'dataset_produces_1', 'consume_1_or_2_with_dataset_expressions', 'conditional_dataset_and_time_based_timetable', 'dataset_consumes_1', 'dataset_consumes_unknown_never_scheduled', 'consume_1_or_both_2_and_3_with_dataset_expressions', 'dataset_consumes_1_never_scheduled', 'consume_1_and_2_with_dataset_expressions', 'dataset_consumes_1_and_2' retrieved from /Users/parth/Desktop/Engine/venv/lib/python3.11/site-packages/airflow/example_dags/example_datasets.py
[2025-07-20T18:27:36.148+0530] {logging_mixin.py:190} INFO - [2025-07-20T18:27:36.148+0530] {dag.py:3239} INFO - Sync 10 DAGs
[2025-07-20T18:27:36.161+0530] {logging_mixin.py:190} INFO - [2025-07-20T18:27:36.161+0530] {dag.py:4180} INFO - Setting next_dagrun for conditional_dataset_and_time_based_timetable to 2025-07-16 01:00:00+00:00, run_after=2025-07-16 01:00:00+00:00
[2025-07-20T18:27:36.163+0530] {logging_mixin.py:190} INFO - [2025-07-20T18:27:36.163+0530] {dag.py:4180} INFO - Setting next_dagrun for consume_1_and_2_with_dataset_expressions to None, run_after=None
[2025-07-20T18:27:36.163+0530] {logging_mixin.py:190} INFO - [2025-07-20T18:27:36.163+0530] {dag.py:4180} INFO - Setting next_dagrun for consume_1_or_2_with_dataset_expressions to None, run_after=None
[2025-07-20T18:27:36.164+0530] {logging_mixin.py:190} INFO - [2025-07-20T18:27:36.164+0530] {dag.py:4180} INFO - Setting next_dagrun for consume_1_or_both_2_and_3_with_dataset_expressions to None, run_after=None
[2025-07-20T18:27:36.164+0530] {logging_mixin.py:190} INFO - [2025-07-20T18:27:36.164+0530] {dag.py:4180} INFO - Setting next_dagrun for dataset_consumes_1 to None, run_after=None
[2025-07-20T18:27:36.165+0530] {logging_mixin.py:190} INFO - [2025-07-20T18:27:36.165+0530] {dag.py:4180} INFO - Setting next_dagrun for dataset_consumes_1_and_2 to None, run_after=None
[2025-07-20T18:27:36.165+0530] {logging_mixin.py:190} INFO - [2025-07-20T18:27:36.165+0530] {dag.py:4180} INFO - Setting next_dagrun for dataset_consumes_1_never_scheduled to None, run_after=None
[2025-07-20T18:27:36.166+0530] {logging_mixin.py:190} INFO - [2025-07-20T18:27:36.166+0530] {dag.py:4180} INFO - Setting next_dagrun for dataset_consumes_unknown_never_scheduled to None, run_after=None
[2025-07-20T18:27:36.167+0530] {logging_mixin.py:190} INFO - [2025-07-20T18:27:36.167+0530] {dag.py:4180} INFO - Setting next_dagrun for dataset_produces_1 to 2025-07-19 00:00:00+00:00, run_after=2025-07-20 00:00:00+00:00
[2025-07-20T18:27:36.168+0530] {logging_mixin.py:190} INFO - [2025-07-20T18:27:36.167+0530] {dag.py:4180} INFO - Setting next_dagrun for dataset_produces_2 to None, run_after=None
[2025-07-20T18:27:36.183+0530] {processor.py:208} INFO - Processing /Users/parth/Desktop/Engine/venv/lib/python3.11/site-packages/airflow/example_dags/example_datasets.py took 0.150 seconds
[2025-07-20T18:31:18.765+0530] {processor.py:186} INFO - Started process (PID=58510) to work on /Users/parth/Desktop/Engine/venv/lib/python3.11/site-packages/airflow/example_dags/example_datasets.py
[2025-07-20T18:31:18.765+0530] {processor.py:914} INFO - Processing file /Users/parth/Desktop/Engine/venv/lib/python3.11/site-packages/airflow/example_dags/example_datasets.py for tasks to queue
[2025-07-20T18:31:18.766+0530] {logging_mixin.py:190} INFO - [2025-07-20T18:31:18.766+0530] {dagbag.py:588} INFO - Filling up the DagBag from /Users/parth/Desktop/Engine/venv/lib/python3.11/site-packages/airflow/example_dags/example_datasets.py
[2025-07-20T18:31:18.803+0530] {processor.py:925} INFO - DAG(s) 'consume_1_or_both_2_and_3_with_dataset_expressions', 'dataset_consumes_unknown_never_scheduled', 'conditional_dataset_and_time_based_timetable', 'dataset_consumes_1_and_2', 'dataset_consumes_1_never_scheduled', 'consume_1_or_2_with_dataset_expressions', 'consume_1_and_2_with_dataset_expressions', 'dataset_consumes_1', 'dataset_produces_1', 'dataset_produces_2' retrieved from /Users/parth/Desktop/Engine/venv/lib/python3.11/site-packages/airflow/example_dags/example_datasets.py
[2025-07-20T18:31:18.874+0530] {logging_mixin.py:190} INFO - [2025-07-20T18:31:18.874+0530] {dag.py:3239} INFO - Sync 10 DAGs
[2025-07-20T18:31:18.887+0530] {logging_mixin.py:190} INFO - [2025-07-20T18:31:18.887+0530] {dag.py:4180} INFO - Setting next_dagrun for conditional_dataset_and_time_based_timetable to 2025-07-16 01:00:00+00:00, run_after=2025-07-16 01:00:00+00:00
[2025-07-20T18:31:18.889+0530] {logging_mixin.py:190} INFO - [2025-07-20T18:31:18.889+0530] {dag.py:4180} INFO - Setting next_dagrun for consume_1_and_2_with_dataset_expressions to None, run_after=None
[2025-07-20T18:31:18.889+0530] {logging_mixin.py:190} INFO - [2025-07-20T18:31:18.889+0530] {dag.py:4180} INFO - Setting next_dagrun for consume_1_or_2_with_dataset_expressions to None, run_after=None
[2025-07-20T18:31:18.890+0530] {logging_mixin.py:190} INFO - [2025-07-20T18:31:18.890+0530] {dag.py:4180} INFO - Setting next_dagrun for consume_1_or_both_2_and_3_with_dataset_expressions to None, run_after=None
[2025-07-20T18:31:18.890+0530] {logging_mixin.py:190} INFO - [2025-07-20T18:31:18.890+0530] {dag.py:4180} INFO - Setting next_dagrun for dataset_consumes_1 to None, run_after=None
[2025-07-20T18:31:18.891+0530] {logging_mixin.py:190} INFO - [2025-07-20T18:31:18.891+0530] {dag.py:4180} INFO - Setting next_dagrun for dataset_consumes_1_and_2 to None, run_after=None
[2025-07-20T18:31:18.891+0530] {logging_mixin.py:190} INFO - [2025-07-20T18:31:18.891+0530] {dag.py:4180} INFO - Setting next_dagrun for dataset_consumes_1_never_scheduled to None, run_after=None
[2025-07-20T18:31:18.892+0530] {logging_mixin.py:190} INFO - [2025-07-20T18:31:18.892+0530] {dag.py:4180} INFO - Setting next_dagrun for dataset_consumes_unknown_never_scheduled to None, run_after=None
[2025-07-20T18:31:18.893+0530] {logging_mixin.py:190} INFO - [2025-07-20T18:31:18.893+0530] {dag.py:4180} INFO - Setting next_dagrun for dataset_produces_1 to 2025-07-19 00:00:00+00:00, run_after=2025-07-20 00:00:00+00:00
[2025-07-20T18:31:18.894+0530] {logging_mixin.py:190} INFO - [2025-07-20T18:31:18.894+0530] {dag.py:4180} INFO - Setting next_dagrun for dataset_produces_2 to None, run_after=None
[2025-07-20T18:31:18.910+0530] {processor.py:208} INFO - Processing /Users/parth/Desktop/Engine/venv/lib/python3.11/site-packages/airflow/example_dags/example_datasets.py took 0.147 seconds
[2025-07-20T18:47:31.517+0530] {processor.py:186} INFO - Started process (PID=59861) to work on /Users/parth/Desktop/Engine/venv/lib/python3.11/site-packages/airflow/example_dags/example_datasets.py
[2025-07-20T18:47:31.517+0530] {processor.py:914} INFO - Processing file /Users/parth/Desktop/Engine/venv/lib/python3.11/site-packages/airflow/example_dags/example_datasets.py for tasks to queue
[2025-07-20T18:47:31.518+0530] {logging_mixin.py:190} INFO - [2025-07-20T18:47:31.518+0530] {dagbag.py:588} INFO - Filling up the DagBag from /Users/parth/Desktop/Engine/venv/lib/python3.11/site-packages/airflow/example_dags/example_datasets.py
[2025-07-20T18:47:31.563+0530] {processor.py:925} INFO - DAG(s) 'dataset_consumes_1', 'conditional_dataset_and_time_based_timetable', 'dataset_consumes_1_never_scheduled', 'dataset_consumes_unknown_never_scheduled', 'dataset_produces_2', 'consume_1_and_2_with_dataset_expressions', 'dataset_consumes_1_and_2', 'consume_1_or_both_2_and_3_with_dataset_expressions', 'consume_1_or_2_with_dataset_expressions', 'dataset_produces_1' retrieved from /Users/parth/Desktop/Engine/venv/lib/python3.11/site-packages/airflow/example_dags/example_datasets.py
[2025-07-20T18:47:31.634+0530] {logging_mixin.py:190} INFO - [2025-07-20T18:47:31.634+0530] {dag.py:3239} INFO - Sync 10 DAGs
[2025-07-20T18:47:31.647+0530] {logging_mixin.py:190} INFO - [2025-07-20T18:47:31.647+0530] {dag.py:4180} INFO - Setting next_dagrun for conditional_dataset_and_time_based_timetable to 2025-07-16 01:00:00+00:00, run_after=2025-07-16 01:00:00+00:00
[2025-07-20T18:47:31.649+0530] {logging_mixin.py:190} INFO - [2025-07-20T18:47:31.649+0530] {dag.py:4180} INFO - Setting next_dagrun for consume_1_and_2_with_dataset_expressions to None, run_after=None
[2025-07-20T18:47:31.649+0530] {logging_mixin.py:190} INFO - [2025-07-20T18:47:31.649+0530] {dag.py:4180} INFO - Setting next_dagrun for consume_1_or_2_with_dataset_expressions to None, run_after=None
[2025-07-20T18:47:31.650+0530] {logging_mixin.py:190} INFO - [2025-07-20T18:47:31.650+0530] {dag.py:4180} INFO - Setting next_dagrun for consume_1_or_both_2_and_3_with_dataset_expressions to None, run_after=None
[2025-07-20T18:47:31.650+0530] {logging_mixin.py:190} INFO - [2025-07-20T18:47:31.650+0530] {dag.py:4180} INFO - Setting next_dagrun for dataset_consumes_1 to None, run_after=None
[2025-07-20T18:47:31.651+0530] {logging_mixin.py:190} INFO - [2025-07-20T18:47:31.651+0530] {dag.py:4180} INFO - Setting next_dagrun for dataset_consumes_1_and_2 to None, run_after=None
[2025-07-20T18:47:31.651+0530] {logging_mixin.py:190} INFO - [2025-07-20T18:47:31.651+0530] {dag.py:4180} INFO - Setting next_dagrun for dataset_consumes_1_never_scheduled to None, run_after=None
[2025-07-20T18:47:31.652+0530] {logging_mixin.py:190} INFO - [2025-07-20T18:47:31.652+0530] {dag.py:4180} INFO - Setting next_dagrun for dataset_consumes_unknown_never_scheduled to None, run_after=None
[2025-07-20T18:47:31.653+0530] {logging_mixin.py:190} INFO - [2025-07-20T18:47:31.653+0530] {dag.py:4180} INFO - Setting next_dagrun for dataset_produces_1 to 2025-07-19 00:00:00+00:00, run_after=2025-07-20 00:00:00+00:00
[2025-07-20T18:47:31.653+0530] {logging_mixin.py:190} INFO - [2025-07-20T18:47:31.653+0530] {dag.py:4180} INFO - Setting next_dagrun for dataset_produces_2 to None, run_after=None
[2025-07-20T18:47:31.669+0530] {processor.py:208} INFO - Processing /Users/parth/Desktop/Engine/venv/lib/python3.11/site-packages/airflow/example_dags/example_datasets.py took 0.155 seconds
[2025-07-20T19:09:00.270+0530] {processor.py:186} INFO - Started process (PID=61225) to work on /Users/parth/Desktop/Engine/venv/lib/python3.11/site-packages/airflow/example_dags/example_datasets.py
[2025-07-20T19:09:00.271+0530] {processor.py:914} INFO - Processing file /Users/parth/Desktop/Engine/venv/lib/python3.11/site-packages/airflow/example_dags/example_datasets.py for tasks to queue
[2025-07-20T19:09:00.271+0530] {logging_mixin.py:190} INFO - [2025-07-20T19:09:00.271+0530] {dagbag.py:588} INFO - Filling up the DagBag from /Users/parth/Desktop/Engine/venv/lib/python3.11/site-packages/airflow/example_dags/example_datasets.py
[2025-07-20T19:09:00.315+0530] {processor.py:925} INFO - DAG(s) 'consume_1_and_2_with_dataset_expressions', 'conditional_dataset_and_time_based_timetable', 'consume_1_or_both_2_and_3_with_dataset_expressions', 'dataset_consumes_1_never_scheduled', 'dataset_consumes_1_and_2', 'dataset_produces_1', 'dataset_produces_2', 'consume_1_or_2_with_dataset_expressions', 'dataset_consumes_unknown_never_scheduled', 'dataset_consumes_1' retrieved from /Users/parth/Desktop/Engine/venv/lib/python3.11/site-packages/airflow/example_dags/example_datasets.py
[2025-07-20T19:09:00.387+0530] {logging_mixin.py:190} INFO - [2025-07-20T19:09:00.386+0530] {dag.py:3239} INFO - Sync 10 DAGs
[2025-07-20T19:09:00.400+0530] {logging_mixin.py:190} INFO - [2025-07-20T19:09:00.399+0530] {dag.py:4180} INFO - Setting next_dagrun for conditional_dataset_and_time_based_timetable to 2025-07-16 01:00:00+00:00, run_after=2025-07-16 01:00:00+00:00
[2025-07-20T19:09:00.401+0530] {logging_mixin.py:190} INFO - [2025-07-20T19:09:00.401+0530] {dag.py:4180} INFO - Setting next_dagrun for consume_1_and_2_with_dataset_expressions to None, run_after=None
[2025-07-20T19:09:00.402+0530] {logging_mixin.py:190} INFO - [2025-07-20T19:09:00.402+0530] {dag.py:4180} INFO - Setting next_dagrun for consume_1_or_2_with_dataset_expressions to None, run_after=None
[2025-07-20T19:09:00.402+0530] {logging_mixin.py:190} INFO - [2025-07-20T19:09:00.402+0530] {dag.py:4180} INFO - Setting next_dagrun for consume_1_or_both_2_and_3_with_dataset_expressions to None, run_after=None
[2025-07-20T19:09:00.403+0530] {logging_mixin.py:190} INFO - [2025-07-20T19:09:00.403+0530] {dag.py:4180} INFO - Setting next_dagrun for dataset_consumes_1 to None, run_after=None
[2025-07-20T19:09:00.403+0530] {logging_mixin.py:190} INFO - [2025-07-20T19:09:00.403+0530] {dag.py:4180} INFO - Setting next_dagrun for dataset_consumes_1_and_2 to None, run_after=None
[2025-07-20T19:09:00.404+0530] {logging_mixin.py:190} INFO - [2025-07-20T19:09:00.404+0530] {dag.py:4180} INFO - Setting next_dagrun for dataset_consumes_1_never_scheduled to None, run_after=None
[2025-07-20T19:09:00.404+0530] {logging_mixin.py:190} INFO - [2025-07-20T19:09:00.404+0530] {dag.py:4180} INFO - Setting next_dagrun for dataset_consumes_unknown_never_scheduled to None, run_after=None
[2025-07-20T19:09:00.406+0530] {logging_mixin.py:190} INFO - [2025-07-20T19:09:00.406+0530] {dag.py:4180} INFO - Setting next_dagrun for dataset_produces_1 to 2025-07-19 00:00:00+00:00, run_after=2025-07-20 00:00:00+00:00
[2025-07-20T19:09:00.406+0530] {logging_mixin.py:190} INFO - [2025-07-20T19:09:00.406+0530] {dag.py:4180} INFO - Setting next_dagrun for dataset_produces_2 to None, run_after=None
[2025-07-20T19:09:00.422+0530] {processor.py:208} INFO - Processing /Users/parth/Desktop/Engine/venv/lib/python3.11/site-packages/airflow/example_dags/example_datasets.py took 0.155 seconds
