[2025-07-20T16:21:05.322+0530] {processor.py:186} INFO - Started process (PID=34922) to work on /Users/parth/Desktop/Engine/venv/lib/python3.11/site-packages/airflow/example_dags/example_latest_only_with_trigger.py
[2025-07-20T16:21:05.323+0530] {processor.py:914} INFO - Processing file /Users/parth/Desktop/Engine/venv/lib/python3.11/site-packages/airflow/example_dags/example_latest_only_with_trigger.py for tasks to queue
[2025-07-20T16:21:05.324+0530] {logging_mixin.py:190} INFO - [2025-07-20T16:21:05.324+0530] {dagbag.py:588} INFO - Filling up the DagBag from /Users/parth/Desktop/Engine/venv/lib/python3.11/site-packages/airflow/example_dags/example_latest_only_with_trigger.py
[2025-07-20T16:21:05.329+0530] {processor.py:925} INFO - DAG(s) 'latest_only_with_trigger' retrieved from /Users/parth/Desktop/Engine/venv/lib/python3.11/site-packages/airflow/example_dags/example_latest_only_with_trigger.py
[2025-07-20T16:21:05.443+0530] {logging_mixin.py:190} INFO - [2025-07-20T16:21:05.443+0530] {dag.py:3239} INFO - Sync 1 DAGs
[2025-07-20T16:21:05.468+0530] {logging_mixin.py:190} INFO - [2025-07-20T16:21:05.468+0530] {dag.py:4180} INFO - Setting next_dagrun for latest_only_with_trigger to 2025-07-20 04:00:00+00:00, run_after=2025-07-20 08:00:00+00:00
[2025-07-20T16:21:05.488+0530] {processor.py:208} INFO - Processing /Users/parth/Desktop/Engine/venv/lib/python3.11/site-packages/airflow/example_dags/example_latest_only_with_trigger.py took 0.169 seconds
[2025-07-20T16:24:03.786+0530] {processor.py:186} INFO - Started process (PID=36127) to work on /Users/parth/Desktop/Engine/venv/lib/python3.11/site-packages/airflow/example_dags/example_latest_only_with_trigger.py
[2025-07-20T16:24:03.788+0530] {processor.py:914} INFO - Processing file /Users/parth/Desktop/Engine/venv/lib/python3.11/site-packages/airflow/example_dags/example_latest_only_with_trigger.py for tasks to queue
[2025-07-20T16:24:03.789+0530] {logging_mixin.py:190} INFO - [2025-07-20T16:24:03.789+0530] {dagbag.py:588} INFO - Filling up the DagBag from /Users/parth/Desktop/Engine/venv/lib/python3.11/site-packages/airflow/example_dags/example_latest_only_with_trigger.py
[2025-07-20T16:24:03.796+0530] {processor.py:925} INFO - DAG(s) 'latest_only_with_trigger' retrieved from /Users/parth/Desktop/Engine/venv/lib/python3.11/site-packages/airflow/example_dags/example_latest_only_with_trigger.py
[2025-07-20T16:24:03.882+0530] {logging_mixin.py:190} INFO - [2025-07-20T16:24:03.882+0530] {dag.py:3239} INFO - Sync 1 DAGs
[2025-07-20T16:24:03.899+0530] {logging_mixin.py:190} INFO - [2025-07-20T16:24:03.898+0530] {dag.py:4180} INFO - Setting next_dagrun for latest_only_with_trigger to 2025-07-20 04:00:00+00:00, run_after=2025-07-20 08:00:00+00:00
[2025-07-20T16:24:03.917+0530] {processor.py:208} INFO - Processing /Users/parth/Desktop/Engine/venv/lib/python3.11/site-packages/airflow/example_dags/example_latest_only_with_trigger.py took 0.135 seconds
[2025-07-20T16:28:19.485+0530] {processor.py:186} INFO - Started process (PID=37903) to work on /Users/parth/Desktop/Engine/venv/lib/python3.11/site-packages/airflow/example_dags/example_latest_only_with_trigger.py
[2025-07-20T16:28:19.486+0530] {processor.py:914} INFO - Processing file /Users/parth/Desktop/Engine/venv/lib/python3.11/site-packages/airflow/example_dags/example_latest_only_with_trigger.py for tasks to queue
[2025-07-20T16:28:19.487+0530] {logging_mixin.py:190} INFO - [2025-07-20T16:28:19.486+0530] {dagbag.py:588} INFO - Filling up the DagBag from /Users/parth/Desktop/Engine/venv/lib/python3.11/site-packages/airflow/example_dags/example_latest_only_with_trigger.py
[2025-07-20T16:28:19.492+0530] {processor.py:925} INFO - DAG(s) 'latest_only_with_trigger' retrieved from /Users/parth/Desktop/Engine/venv/lib/python3.11/site-packages/airflow/example_dags/example_latest_only_with_trigger.py
[2025-07-20T16:28:19.556+0530] {logging_mixin.py:190} INFO - [2025-07-20T16:28:19.556+0530] {dag.py:3239} INFO - Sync 1 DAGs
[2025-07-20T16:28:19.569+0530] {logging_mixin.py:190} INFO - [2025-07-20T16:28:19.569+0530] {dag.py:4180} INFO - Setting next_dagrun for latest_only_with_trigger to 2025-07-20 04:00:00+00:00, run_after=2025-07-20 08:00:00+00:00
[2025-07-20T16:28:19.580+0530] {processor.py:208} INFO - Processing /Users/parth/Desktop/Engine/venv/lib/python3.11/site-packages/airflow/example_dags/example_latest_only_with_trigger.py took 0.097 seconds
[2025-07-20T16:32:40.498+0530] {processor.py:186} INFO - Started process (PID=39820) to work on /Users/parth/Desktop/Engine/venv/lib/python3.11/site-packages/airflow/example_dags/example_latest_only_with_trigger.py
[2025-07-20T16:32:40.499+0530] {processor.py:914} INFO - Processing file /Users/parth/Desktop/Engine/venv/lib/python3.11/site-packages/airflow/example_dags/example_latest_only_with_trigger.py for tasks to queue
[2025-07-20T16:32:40.500+0530] {logging_mixin.py:190} INFO - [2025-07-20T16:32:40.500+0530] {dagbag.py:588} INFO - Filling up the DagBag from /Users/parth/Desktop/Engine/venv/lib/python3.11/site-packages/airflow/example_dags/example_latest_only_with_trigger.py
[2025-07-20T16:32:40.505+0530] {processor.py:925} INFO - DAG(s) 'latest_only_with_trigger' retrieved from /Users/parth/Desktop/Engine/venv/lib/python3.11/site-packages/airflow/example_dags/example_latest_only_with_trigger.py
[2025-07-20T16:32:40.569+0530] {logging_mixin.py:190} INFO - [2025-07-20T16:32:40.569+0530] {dag.py:3239} INFO - Sync 1 DAGs
[2025-07-20T16:32:40.584+0530] {logging_mixin.py:190} INFO - [2025-07-20T16:32:40.583+0530] {dag.py:4180} INFO - Setting next_dagrun for latest_only_with_trigger to 2025-07-20 04:00:00+00:00, run_after=2025-07-20 08:00:00+00:00
[2025-07-20T16:32:40.595+0530] {processor.py:208} INFO - Processing /Users/parth/Desktop/Engine/venv/lib/python3.11/site-packages/airflow/example_dags/example_latest_only_with_trigger.py took 0.099 seconds
[2025-07-20T16:37:11.463+0530] {processor.py:186} INFO - Started process (PID=41668) to work on /Users/parth/Desktop/Engine/venv/lib/python3.11/site-packages/airflow/example_dags/example_latest_only_with_trigger.py
[2025-07-20T16:37:11.465+0530] {processor.py:914} INFO - Processing file /Users/parth/Desktop/Engine/venv/lib/python3.11/site-packages/airflow/example_dags/example_latest_only_with_trigger.py for tasks to queue
[2025-07-20T16:37:11.465+0530] {logging_mixin.py:190} INFO - [2025-07-20T16:37:11.465+0530] {dagbag.py:588} INFO - Filling up the DagBag from /Users/parth/Desktop/Engine/venv/lib/python3.11/site-packages/airflow/example_dags/example_latest_only_with_trigger.py
[2025-07-20T16:37:11.471+0530] {processor.py:925} INFO - DAG(s) 'latest_only_with_trigger' retrieved from /Users/parth/Desktop/Engine/venv/lib/python3.11/site-packages/airflow/example_dags/example_latest_only_with_trigger.py
[2025-07-20T16:37:11.535+0530] {logging_mixin.py:190} INFO - [2025-07-20T16:37:11.534+0530] {dag.py:3239} INFO - Sync 1 DAGs
[2025-07-20T16:37:11.547+0530] {logging_mixin.py:190} INFO - [2025-07-20T16:37:11.547+0530] {dag.py:4180} INFO - Setting next_dagrun for latest_only_with_trigger to 2025-07-20 04:00:00+00:00, run_after=2025-07-20 08:00:00+00:00
[2025-07-20T16:37:11.559+0530] {processor.py:208} INFO - Processing /Users/parth/Desktop/Engine/venv/lib/python3.11/site-packages/airflow/example_dags/example_latest_only_with_trigger.py took 0.099 seconds
[2025-07-20T16:41:41.489+0530] {processor.py:186} INFO - Started process (PID=43441) to work on /Users/parth/Desktop/Engine/venv/lib/python3.11/site-packages/airflow/example_dags/example_latest_only_with_trigger.py
[2025-07-20T16:41:41.490+0530] {processor.py:914} INFO - Processing file /Users/parth/Desktop/Engine/venv/lib/python3.11/site-packages/airflow/example_dags/example_latest_only_with_trigger.py for tasks to queue
[2025-07-20T16:41:41.491+0530] {logging_mixin.py:190} INFO - [2025-07-20T16:41:41.491+0530] {dagbag.py:588} INFO - Filling up the DagBag from /Users/parth/Desktop/Engine/venv/lib/python3.11/site-packages/airflow/example_dags/example_latest_only_with_trigger.py
[2025-07-20T16:41:41.497+0530] {processor.py:925} INFO - DAG(s) 'latest_only_with_trigger' retrieved from /Users/parth/Desktop/Engine/venv/lib/python3.11/site-packages/airflow/example_dags/example_latest_only_with_trigger.py
[2025-07-20T16:41:41.560+0530] {logging_mixin.py:190} INFO - [2025-07-20T16:41:41.560+0530] {dag.py:3239} INFO - Sync 1 DAGs
[2025-07-20T16:41:41.573+0530] {logging_mixin.py:190} INFO - [2025-07-20T16:41:41.573+0530] {dag.py:4180} INFO - Setting next_dagrun for latest_only_with_trigger to 2025-07-20 04:00:00+00:00, run_after=2025-07-20 08:00:00+00:00
[2025-07-20T16:41:41.585+0530] {processor.py:208} INFO - Processing /Users/parth/Desktop/Engine/venv/lib/python3.11/site-packages/airflow/example_dags/example_latest_only_with_trigger.py took 0.098 seconds
[2025-07-20T16:45:53.437+0530] {processor.py:186} INFO - Started process (PID=45063) to work on /Users/parth/Desktop/Engine/venv/lib/python3.11/site-packages/airflow/example_dags/example_latest_only_with_trigger.py
[2025-07-20T16:45:53.438+0530] {processor.py:914} INFO - Processing file /Users/parth/Desktop/Engine/venv/lib/python3.11/site-packages/airflow/example_dags/example_latest_only_with_trigger.py for tasks to queue
[2025-07-20T16:45:53.439+0530] {logging_mixin.py:190} INFO - [2025-07-20T16:45:53.439+0530] {dagbag.py:588} INFO - Filling up the DagBag from /Users/parth/Desktop/Engine/venv/lib/python3.11/site-packages/airflow/example_dags/example_latest_only_with_trigger.py
[2025-07-20T16:45:53.444+0530] {processor.py:925} INFO - DAG(s) 'latest_only_with_trigger' retrieved from /Users/parth/Desktop/Engine/venv/lib/python3.11/site-packages/airflow/example_dags/example_latest_only_with_trigger.py
[2025-07-20T16:45:53.506+0530] {logging_mixin.py:190} INFO - [2025-07-20T16:45:53.506+0530] {dag.py:3239} INFO - Sync 1 DAGs
[2025-07-20T16:45:53.518+0530] {logging_mixin.py:190} INFO - [2025-07-20T16:45:53.518+0530] {dag.py:4180} INFO - Setting next_dagrun for latest_only_with_trigger to 2025-07-20 04:00:00+00:00, run_after=2025-07-20 08:00:00+00:00
[2025-07-20T16:45:53.529+0530] {processor.py:208} INFO - Processing /Users/parth/Desktop/Engine/venv/lib/python3.11/site-packages/airflow/example_dags/example_latest_only_with_trigger.py took 0.094 seconds
[2025-07-20T16:49:48.700+0530] {processor.py:186} INFO - Started process (PID=46604) to work on /Users/parth/Desktop/Engine/venv/lib/python3.11/site-packages/airflow/example_dags/example_latest_only_with_trigger.py
[2025-07-20T16:49:48.701+0530] {processor.py:914} INFO - Processing file /Users/parth/Desktop/Engine/venv/lib/python3.11/site-packages/airflow/example_dags/example_latest_only_with_trigger.py for tasks to queue
[2025-07-20T16:49:48.702+0530] {logging_mixin.py:190} INFO - [2025-07-20T16:49:48.702+0530] {dagbag.py:588} INFO - Filling up the DagBag from /Users/parth/Desktop/Engine/venv/lib/python3.11/site-packages/airflow/example_dags/example_latest_only_with_trigger.py
[2025-07-20T16:49:48.707+0530] {processor.py:925} INFO - DAG(s) 'latest_only_with_trigger' retrieved from /Users/parth/Desktop/Engine/venv/lib/python3.11/site-packages/airflow/example_dags/example_latest_only_with_trigger.py
[2025-07-20T16:49:48.771+0530] {logging_mixin.py:190} INFO - [2025-07-20T16:49:48.770+0530] {dag.py:3239} INFO - Sync 1 DAGs
[2025-07-20T16:49:48.784+0530] {logging_mixin.py:190} INFO - [2025-07-20T16:49:48.783+0530] {dag.py:4180} INFO - Setting next_dagrun for latest_only_with_trigger to 2025-07-20 04:00:00+00:00, run_after=2025-07-20 08:00:00+00:00
[2025-07-20T16:49:48.795+0530] {processor.py:208} INFO - Processing /Users/parth/Desktop/Engine/venv/lib/python3.11/site-packages/airflow/example_dags/example_latest_only_with_trigger.py took 0.098 seconds
[2025-07-20T17:51:09.016+0530] {processor.py:186} INFO - Started process (PID=48144) to work on /Users/parth/Desktop/Engine/venv/lib/python3.11/site-packages/airflow/example_dags/example_latest_only_with_trigger.py
[2025-07-20T17:51:09.017+0530] {processor.py:914} INFO - Processing file /Users/parth/Desktop/Engine/venv/lib/python3.11/site-packages/airflow/example_dags/example_latest_only_with_trigger.py for tasks to queue
[2025-07-20T17:51:09.018+0530] {logging_mixin.py:190} INFO - [2025-07-20T17:51:09.018+0530] {dagbag.py:588} INFO - Filling up the DagBag from /Users/parth/Desktop/Engine/venv/lib/python3.11/site-packages/airflow/example_dags/example_latest_only_with_trigger.py
[2025-07-20T17:51:09.023+0530] {processor.py:925} INFO - DAG(s) 'latest_only_with_trigger' retrieved from /Users/parth/Desktop/Engine/venv/lib/python3.11/site-packages/airflow/example_dags/example_latest_only_with_trigger.py
[2025-07-20T17:51:09.084+0530] {logging_mixin.py:190} INFO - [2025-07-20T17:51:09.084+0530] {dag.py:3239} INFO - Sync 1 DAGs
[2025-07-20T17:51:09.096+0530] {logging_mixin.py:190} INFO - [2025-07-20T17:51:09.096+0530] {dag.py:4180} INFO - Setting next_dagrun for latest_only_with_trigger to 2025-07-20 08:00:00+00:00, run_after=2025-07-20 12:00:00+00:00
[2025-07-20T17:51:09.107+0530] {processor.py:208} INFO - Processing /Users/parth/Desktop/Engine/venv/lib/python3.11/site-packages/airflow/example_dags/example_latest_only_with_trigger.py took 0.093 seconds
[2025-07-20T17:55:10.010+0530] {processor.py:186} INFO - Started process (PID=49704) to work on /Users/parth/Desktop/Engine/venv/lib/python3.11/site-packages/airflow/example_dags/example_latest_only_with_trigger.py
[2025-07-20T17:55:10.011+0530] {processor.py:914} INFO - Processing file /Users/parth/Desktop/Engine/venv/lib/python3.11/site-packages/airflow/example_dags/example_latest_only_with_trigger.py for tasks to queue
[2025-07-20T17:55:10.012+0530] {logging_mixin.py:190} INFO - [2025-07-20T17:55:10.012+0530] {dagbag.py:588} INFO - Filling up the DagBag from /Users/parth/Desktop/Engine/venv/lib/python3.11/site-packages/airflow/example_dags/example_latest_only_with_trigger.py
[2025-07-20T17:55:10.017+0530] {processor.py:925} INFO - DAG(s) 'latest_only_with_trigger' retrieved from /Users/parth/Desktop/Engine/venv/lib/python3.11/site-packages/airflow/example_dags/example_latest_only_with_trigger.py
[2025-07-20T17:55:10.079+0530] {logging_mixin.py:190} INFO - [2025-07-20T17:55:10.078+0530] {dag.py:3239} INFO - Sync 1 DAGs
[2025-07-20T17:55:10.090+0530] {logging_mixin.py:190} INFO - [2025-07-20T17:55:10.089+0530] {dag.py:4180} INFO - Setting next_dagrun for latest_only_with_trigger to 2025-07-20 08:00:00+00:00, run_after=2025-07-20 12:00:00+00:00
[2025-07-20T17:55:10.101+0530] {processor.py:208} INFO - Processing /Users/parth/Desktop/Engine/venv/lib/python3.11/site-packages/airflow/example_dags/example_latest_only_with_trigger.py took 0.094 seconds
[2025-07-20T17:58:50.730+0530] {processor.py:186} INFO - Started process (PID=51125) to work on /Users/parth/Desktop/Engine/venv/lib/python3.11/site-packages/airflow/example_dags/example_latest_only_with_trigger.py
[2025-07-20T17:58:50.732+0530] {processor.py:914} INFO - Processing file /Users/parth/Desktop/Engine/venv/lib/python3.11/site-packages/airflow/example_dags/example_latest_only_with_trigger.py for tasks to queue
[2025-07-20T17:58:50.732+0530] {logging_mixin.py:190} INFO - [2025-07-20T17:58:50.732+0530] {dagbag.py:588} INFO - Filling up the DagBag from /Users/parth/Desktop/Engine/venv/lib/python3.11/site-packages/airflow/example_dags/example_latest_only_with_trigger.py
[2025-07-20T17:58:50.737+0530] {processor.py:925} INFO - DAG(s) 'latest_only_with_trigger' retrieved from /Users/parth/Desktop/Engine/venv/lib/python3.11/site-packages/airflow/example_dags/example_latest_only_with_trigger.py
[2025-07-20T17:58:50.798+0530] {logging_mixin.py:190} INFO - [2025-07-20T17:58:50.798+0530] {dag.py:3239} INFO - Sync 1 DAGs
[2025-07-20T17:58:50.809+0530] {logging_mixin.py:190} INFO - [2025-07-20T17:58:50.809+0530] {dag.py:4180} INFO - Setting next_dagrun for latest_only_with_trigger to 2025-07-20 08:00:00+00:00, run_after=2025-07-20 12:00:00+00:00
[2025-07-20T17:58:50.820+0530] {processor.py:208} INFO - Processing /Users/parth/Desktop/Engine/venv/lib/python3.11/site-packages/airflow/example_dags/example_latest_only_with_trigger.py took 0.092 seconds
[2025-07-20T18:02:45.823+0530] {processor.py:186} INFO - Started process (PID=52635) to work on /Users/parth/Desktop/Engine/venv/lib/python3.11/site-packages/airflow/example_dags/example_latest_only_with_trigger.py
[2025-07-20T18:02:45.824+0530] {processor.py:914} INFO - Processing file /Users/parth/Desktop/Engine/venv/lib/python3.11/site-packages/airflow/example_dags/example_latest_only_with_trigger.py for tasks to queue
[2025-07-20T18:02:45.825+0530] {logging_mixin.py:190} INFO - [2025-07-20T18:02:45.825+0530] {dagbag.py:588} INFO - Filling up the DagBag from /Users/parth/Desktop/Engine/venv/lib/python3.11/site-packages/airflow/example_dags/example_latest_only_with_trigger.py
[2025-07-20T18:02:45.830+0530] {processor.py:925} INFO - DAG(s) 'latest_only_with_trigger' retrieved from /Users/parth/Desktop/Engine/venv/lib/python3.11/site-packages/airflow/example_dags/example_latest_only_with_trigger.py
[2025-07-20T18:02:45.892+0530] {logging_mixin.py:190} INFO - [2025-07-20T18:02:45.891+0530] {dag.py:3239} INFO - Sync 1 DAGs
[2025-07-20T18:02:45.903+0530] {logging_mixin.py:190} INFO - [2025-07-20T18:02:45.902+0530] {dag.py:4180} INFO - Setting next_dagrun for latest_only_with_trigger to 2025-07-20 08:00:00+00:00, run_after=2025-07-20 12:00:00+00:00
[2025-07-20T18:02:45.913+0530] {processor.py:208} INFO - Processing /Users/parth/Desktop/Engine/venv/lib/python3.11/site-packages/airflow/example_dags/example_latest_only_with_trigger.py took 0.093 seconds
[2025-07-20T18:06:36.937+0530] {processor.py:186} INFO - Started process (PID=54113) to work on /Users/parth/Desktop/Engine/venv/lib/python3.11/site-packages/airflow/example_dags/example_latest_only_with_trigger.py
[2025-07-20T18:06:36.938+0530] {processor.py:914} INFO - Processing file /Users/parth/Desktop/Engine/venv/lib/python3.11/site-packages/airflow/example_dags/example_latest_only_with_trigger.py for tasks to queue
[2025-07-20T18:06:36.939+0530] {logging_mixin.py:190} INFO - [2025-07-20T18:06:36.938+0530] {dagbag.py:588} INFO - Filling up the DagBag from /Users/parth/Desktop/Engine/venv/lib/python3.11/site-packages/airflow/example_dags/example_latest_only_with_trigger.py
[2025-07-20T18:06:36.943+0530] {processor.py:925} INFO - DAG(s) 'latest_only_with_trigger' retrieved from /Users/parth/Desktop/Engine/venv/lib/python3.11/site-packages/airflow/example_dags/example_latest_only_with_trigger.py
[2025-07-20T18:06:37.004+0530] {logging_mixin.py:190} INFO - [2025-07-20T18:06:37.004+0530] {dag.py:3239} INFO - Sync 1 DAGs
[2025-07-20T18:06:37.016+0530] {logging_mixin.py:190} INFO - [2025-07-20T18:06:37.016+0530] {dag.py:4180} INFO - Setting next_dagrun for latest_only_with_trigger to 2025-07-20 08:00:00+00:00, run_after=2025-07-20 12:00:00+00:00
[2025-07-20T18:06:37.026+0530] {processor.py:208} INFO - Processing /Users/parth/Desktop/Engine/venv/lib/python3.11/site-packages/airflow/example_dags/example_latest_only_with_trigger.py took 0.092 seconds
[2025-07-20T18:23:46.208+0530] {processor.py:186} INFO - Started process (PID=55601) to work on /Users/parth/Desktop/Engine/venv/lib/python3.11/site-packages/airflow/example_dags/example_latest_only_with_trigger.py
[2025-07-20T18:23:46.209+0530] {processor.py:914} INFO - Processing file /Users/parth/Desktop/Engine/venv/lib/python3.11/site-packages/airflow/example_dags/example_latest_only_with_trigger.py for tasks to queue
[2025-07-20T18:23:46.210+0530] {logging_mixin.py:190} INFO - [2025-07-20T18:23:46.210+0530] {dagbag.py:588} INFO - Filling up the DagBag from /Users/parth/Desktop/Engine/venv/lib/python3.11/site-packages/airflow/example_dags/example_latest_only_with_trigger.py
[2025-07-20T18:23:46.215+0530] {processor.py:925} INFO - DAG(s) 'latest_only_with_trigger' retrieved from /Users/parth/Desktop/Engine/venv/lib/python3.11/site-packages/airflow/example_dags/example_latest_only_with_trigger.py
[2025-07-20T18:23:46.276+0530] {logging_mixin.py:190} INFO - [2025-07-20T18:23:46.276+0530] {dag.py:3239} INFO - Sync 1 DAGs
[2025-07-20T18:23:46.288+0530] {logging_mixin.py:190} INFO - [2025-07-20T18:23:46.288+0530] {dag.py:4180} INFO - Setting next_dagrun for latest_only_with_trigger to 2025-07-20 08:00:00+00:00, run_after=2025-07-20 12:00:00+00:00
[2025-07-20T18:23:46.298+0530] {processor.py:208} INFO - Processing /Users/parth/Desktop/Engine/venv/lib/python3.11/site-packages/airflow/example_dags/example_latest_only_with_trigger.py took 0.093 seconds
[2025-07-20T18:25:54.589+0530] {processor.py:186} INFO - Started process (PID=56430) to work on /Users/parth/Desktop/Engine/venv/lib/python3.11/site-packages/airflow/example_dags/example_latest_only_with_trigger.py
[2025-07-20T18:25:54.591+0530] {processor.py:914} INFO - Processing file /Users/parth/Desktop/Engine/venv/lib/python3.11/site-packages/airflow/example_dags/example_latest_only_with_trigger.py for tasks to queue
[2025-07-20T18:25:54.591+0530] {logging_mixin.py:190} INFO - [2025-07-20T18:25:54.591+0530] {dagbag.py:588} INFO - Filling up the DagBag from /Users/parth/Desktop/Engine/venv/lib/python3.11/site-packages/airflow/example_dags/example_latest_only_with_trigger.py
[2025-07-20T18:25:54.597+0530] {processor.py:925} INFO - DAG(s) 'latest_only_with_trigger' retrieved from /Users/parth/Desktop/Engine/venv/lib/python3.11/site-packages/airflow/example_dags/example_latest_only_with_trigger.py
[2025-07-20T18:25:54.657+0530] {logging_mixin.py:190} INFO - [2025-07-20T18:25:54.657+0530] {dag.py:3239} INFO - Sync 1 DAGs
[2025-07-20T18:25:54.669+0530] {logging_mixin.py:190} INFO - [2025-07-20T18:25:54.669+0530] {dag.py:4180} INFO - Setting next_dagrun for latest_only_with_trigger to 2025-07-20 08:00:00+00:00, run_after=2025-07-20 12:00:00+00:00
[2025-07-20T18:25:54.680+0530] {processor.py:208} INFO - Processing /Users/parth/Desktop/Engine/venv/lib/python3.11/site-packages/airflow/example_dags/example_latest_only_with_trigger.py took 0.093 seconds
[2025-07-20T18:29:34.642+0530] {processor.py:186} INFO - Started process (PID=57834) to work on /Users/parth/Desktop/Engine/venv/lib/python3.11/site-packages/airflow/example_dags/example_latest_only_with_trigger.py
[2025-07-20T18:29:34.643+0530] {processor.py:914} INFO - Processing file /Users/parth/Desktop/Engine/venv/lib/python3.11/site-packages/airflow/example_dags/example_latest_only_with_trigger.py for tasks to queue
[2025-07-20T18:29:34.644+0530] {logging_mixin.py:190} INFO - [2025-07-20T18:29:34.644+0530] {dagbag.py:588} INFO - Filling up the DagBag from /Users/parth/Desktop/Engine/venv/lib/python3.11/site-packages/airflow/example_dags/example_latest_only_with_trigger.py
[2025-07-20T18:29:34.649+0530] {processor.py:925} INFO - DAG(s) 'latest_only_with_trigger' retrieved from /Users/parth/Desktop/Engine/venv/lib/python3.11/site-packages/airflow/example_dags/example_latest_only_with_trigger.py
[2025-07-20T18:29:34.711+0530] {logging_mixin.py:190} INFO - [2025-07-20T18:29:34.711+0530] {dag.py:3239} INFO - Sync 1 DAGs
[2025-07-20T18:29:34.723+0530] {logging_mixin.py:190} INFO - [2025-07-20T18:29:34.722+0530] {dag.py:4180} INFO - Setting next_dagrun for latest_only_with_trigger to 2025-07-20 08:00:00+00:00, run_after=2025-07-20 12:00:00+00:00
[2025-07-20T18:29:34.733+0530] {processor.py:208} INFO - Processing /Users/parth/Desktop/Engine/venv/lib/python3.11/site-packages/airflow/example_dags/example_latest_only_with_trigger.py took 0.093 seconds
[2025-07-20T18:39:52.250+0530] {processor.py:186} INFO - Started process (PID=59218) to work on /Users/parth/Desktop/Engine/venv/lib/python3.11/site-packages/airflow/example_dags/example_latest_only_with_trigger.py
[2025-07-20T18:39:52.251+0530] {processor.py:914} INFO - Processing file /Users/parth/Desktop/Engine/venv/lib/python3.11/site-packages/airflow/example_dags/example_latest_only_with_trigger.py for tasks to queue
[2025-07-20T18:39:52.252+0530] {logging_mixin.py:190} INFO - [2025-07-20T18:39:52.252+0530] {dagbag.py:588} INFO - Filling up the DagBag from /Users/parth/Desktop/Engine/venv/lib/python3.11/site-packages/airflow/example_dags/example_latest_only_with_trigger.py
[2025-07-20T18:39:52.257+0530] {processor.py:925} INFO - DAG(s) 'latest_only_with_trigger' retrieved from /Users/parth/Desktop/Engine/venv/lib/python3.11/site-packages/airflow/example_dags/example_latest_only_with_trigger.py
[2025-07-20T18:39:52.318+0530] {logging_mixin.py:190} INFO - [2025-07-20T18:39:52.318+0530] {dag.py:3239} INFO - Sync 1 DAGs
[2025-07-20T18:39:52.330+0530] {logging_mixin.py:190} INFO - [2025-07-20T18:39:52.330+0530] {dag.py:4180} INFO - Setting next_dagrun for latest_only_with_trigger to 2025-07-20 08:00:00+00:00, run_after=2025-07-20 12:00:00+00:00
[2025-07-20T18:39:52.341+0530] {processor.py:208} INFO - Processing /Users/parth/Desktop/Engine/venv/lib/python3.11/site-packages/airflow/example_dags/example_latest_only_with_trigger.py took 0.093 seconds
[2025-07-20T18:53:40.282+0530] {processor.py:186} INFO - Started process (PID=60576) to work on /Users/parth/Desktop/Engine/venv/lib/python3.11/site-packages/airflow/example_dags/example_latest_only_with_trigger.py
[2025-07-20T18:53:40.283+0530] {processor.py:914} INFO - Processing file /Users/parth/Desktop/Engine/venv/lib/python3.11/site-packages/airflow/example_dags/example_latest_only_with_trigger.py for tasks to queue
[2025-07-20T18:53:40.284+0530] {logging_mixin.py:190} INFO - [2025-07-20T18:53:40.284+0530] {dagbag.py:588} INFO - Filling up the DagBag from /Users/parth/Desktop/Engine/venv/lib/python3.11/site-packages/airflow/example_dags/example_latest_only_with_trigger.py
[2025-07-20T18:53:40.289+0530] {processor.py:925} INFO - DAG(s) 'latest_only_with_trigger' retrieved from /Users/parth/Desktop/Engine/venv/lib/python3.11/site-packages/airflow/example_dags/example_latest_only_with_trigger.py
[2025-07-20T18:53:40.350+0530] {logging_mixin.py:190} INFO - [2025-07-20T18:53:40.350+0530] {dag.py:3239} INFO - Sync 1 DAGs
[2025-07-20T18:53:40.362+0530] {logging_mixin.py:190} INFO - [2025-07-20T18:53:40.362+0530] {dag.py:4180} INFO - Setting next_dagrun for latest_only_with_trigger to 2025-07-20 08:00:00+00:00, run_after=2025-07-20 12:00:00+00:00
[2025-07-20T18:53:40.373+0530] {processor.py:208} INFO - Processing /Users/parth/Desktop/Engine/venv/lib/python3.11/site-packages/airflow/example_dags/example_latest_only_with_trigger.py took 0.093 seconds
[2025-07-20T19:13:44.574+0530] {processor.py:186} INFO - Started process (PID=61953) to work on /Users/parth/Desktop/Engine/venv/lib/python3.11/site-packages/airflow/example_dags/example_latest_only_with_trigger.py
[2025-07-20T19:13:44.575+0530] {processor.py:914} INFO - Processing file /Users/parth/Desktop/Engine/venv/lib/python3.11/site-packages/airflow/example_dags/example_latest_only_with_trigger.py for tasks to queue
[2025-07-20T19:13:44.576+0530] {logging_mixin.py:190} INFO - [2025-07-20T19:13:44.576+0530] {dagbag.py:588} INFO - Filling up the DagBag from /Users/parth/Desktop/Engine/venv/lib/python3.11/site-packages/airflow/example_dags/example_latest_only_with_trigger.py
[2025-07-20T19:13:44.581+0530] {processor.py:925} INFO - DAG(s) 'latest_only_with_trigger' retrieved from /Users/parth/Desktop/Engine/venv/lib/python3.11/site-packages/airflow/example_dags/example_latest_only_with_trigger.py
[2025-07-20T19:13:44.642+0530] {logging_mixin.py:190} INFO - [2025-07-20T19:13:44.642+0530] {dag.py:3239} INFO - Sync 1 DAGs
[2025-07-20T19:13:44.653+0530] {logging_mixin.py:190} INFO - [2025-07-20T19:13:44.653+0530] {dag.py:4180} INFO - Setting next_dagrun for latest_only_with_trigger to 2025-07-20 08:00:00+00:00, run_after=2025-07-20 12:00:00+00:00
[2025-07-20T19:13:44.664+0530] {processor.py:208} INFO - Processing /Users/parth/Desktop/Engine/venv/lib/python3.11/site-packages/airflow/example_dags/example_latest_only_with_trigger.py took 0.092 seconds
