[2025-07-20T16:21:42.324+0530] {processor.py:186} INFO - Started process (PID=35172) to work on /Users/parth/Desktop/Engine/venv/lib/python3.11/site-packages/airflow/example_dags/example_branch_python_dop_operator_3.py
[2025-07-20T16:21:42.325+0530] {processor.py:914} INFO - Processing file /Users/parth/Desktop/Engine/venv/lib/python3.11/site-packages/airflow/example_dags/example_branch_python_dop_operator_3.py for tasks to queue
[2025-07-20T16:21:42.326+0530] {logging_mixin.py:190} INFO - [2025-07-20T16:21:42.325+0530] {dagbag.py:588} INFO - Filling up the DagBag from /Users/parth/Desktop/Engine/venv/lib/python3.11/site-packages/airflow/example_dags/example_branch_python_dop_operator_3.py
[2025-07-20T16:21:42.356+0530] {processor.py:925} INFO - DAG(s) 'example_branch_dop_operator_v3' retrieved from /Users/parth/Desktop/Engine/venv/lib/python3.11/site-packages/airflow/example_dags/example_branch_python_dop_operator_3.py
[2025-07-20T16:21:42.428+0530] {logging_mixin.py:190} INFO - [2025-07-20T16:21:42.427+0530] {dag.py:3239} INFO - Sync 1 DAGs
[2025-07-20T16:21:42.444+0530] {logging_mixin.py:190} INFO - [2025-07-20T16:21:42.443+0530] {dag.py:4180} INFO - Setting next_dagrun for example_branch_dop_operator_v3 to 2025-07-20 10:50:00+00:00, run_after=2025-07-20 10:51:00+00:00
[2025-07-20T16:21:42.460+0530] {processor.py:208} INFO - Processing /Users/parth/Desktop/Engine/venv/lib/python3.11/site-packages/airflow/example_dags/example_branch_python_dop_operator_3.py took 0.139 seconds
[2025-07-20T16:26:24.398+0530] {processor.py:186} INFO - Started process (PID=37129) to work on /Users/parth/Desktop/Engine/venv/lib/python3.11/site-packages/airflow/example_dags/example_branch_python_dop_operator_3.py
[2025-07-20T16:26:24.399+0530] {processor.py:914} INFO - Processing file /Users/parth/Desktop/Engine/venv/lib/python3.11/site-packages/airflow/example_dags/example_branch_python_dop_operator_3.py for tasks to queue
[2025-07-20T16:26:24.400+0530] {logging_mixin.py:190} INFO - [2025-07-20T16:26:24.400+0530] {dagbag.py:588} INFO - Filling up the DagBag from /Users/parth/Desktop/Engine/venv/lib/python3.11/site-packages/airflow/example_dags/example_branch_python_dop_operator_3.py
[2025-07-20T16:26:24.427+0530] {processor.py:925} INFO - DAG(s) 'example_branch_dop_operator_v3' retrieved from /Users/parth/Desktop/Engine/venv/lib/python3.11/site-packages/airflow/example_dags/example_branch_python_dop_operator_3.py
[2025-07-20T16:26:24.487+0530] {logging_mixin.py:190} INFO - [2025-07-20T16:26:24.487+0530] {dag.py:3239} INFO - Sync 1 DAGs
[2025-07-20T16:26:24.501+0530] {logging_mixin.py:190} INFO - [2025-07-20T16:26:24.501+0530] {dag.py:4180} INFO - Setting next_dagrun for example_branch_dop_operator_v3 to 2025-07-20 10:55:00+00:00, run_after=2025-07-20 10:56:00+00:00
[2025-07-20T16:26:24.512+0530] {processor.py:208} INFO - Processing /Users/parth/Desktop/Engine/venv/lib/python3.11/site-packages/airflow/example_dags/example_branch_python_dop_operator_3.py took 0.116 seconds
[2025-07-20T16:30:35.595+0530] {processor.py:186} INFO - Started process (PID=38948) to work on /Users/parth/Desktop/Engine/venv/lib/python3.11/site-packages/airflow/example_dags/example_branch_python_dop_operator_3.py
[2025-07-20T16:30:35.596+0530] {processor.py:914} INFO - Processing file /Users/parth/Desktop/Engine/venv/lib/python3.11/site-packages/airflow/example_dags/example_branch_python_dop_operator_3.py for tasks to queue
[2025-07-20T16:30:35.597+0530] {logging_mixin.py:190} INFO - [2025-07-20T16:30:35.597+0530] {dagbag.py:588} INFO - Filling up the DagBag from /Users/parth/Desktop/Engine/venv/lib/python3.11/site-packages/airflow/example_dags/example_branch_python_dop_operator_3.py
[2025-07-20T16:30:35.625+0530] {processor.py:925} INFO - DAG(s) 'example_branch_dop_operator_v3' retrieved from /Users/parth/Desktop/Engine/venv/lib/python3.11/site-packages/airflow/example_dags/example_branch_python_dop_operator_3.py
[2025-07-20T16:30:35.690+0530] {logging_mixin.py:190} INFO - [2025-07-20T16:30:35.689+0530] {dag.py:3239} INFO - Sync 1 DAGs
[2025-07-20T16:30:35.705+0530] {logging_mixin.py:190} INFO - [2025-07-20T16:30:35.705+0530] {dag.py:4180} INFO - Setting next_dagrun for example_branch_dop_operator_v3 to 2025-07-20 10:59:00+00:00, run_after=2025-07-20 11:00:00+00:00
[2025-07-20T16:30:35.717+0530] {processor.py:208} INFO - Processing /Users/parth/Desktop/Engine/venv/lib/python3.11/site-packages/airflow/example_dags/example_branch_python_dop_operator_3.py took 0.126 seconds
