[2025-07-23T09:48:51.019+0000] {local_task_job_runner.py:123} INFO - ::group::Pre task execution logs
[2025-07-23T09:48:51.041+0000] {taskinstance.py:2631} INFO - Dependencies all met for dep_context=non-requeueable deps ti=<TaskInstance: startup_health_score_full_pipeline.calculate_startup_health_scores streamlit_trigger_ConnectIn_-_Monthly_Investor_Update__June_2025.pdf_20250723094836 [queued]>
[2025-07-23T09:48:51.047+0000] {taskinstance.py:2631} INFO - Dependencies all met for dep_context=requeueable deps ti=<TaskInstance: startup_health_score_full_pipeline.calculate_startup_health_scores streamlit_trigger_ConnectIn_-_Monthly_Investor_Update__June_2025.pdf_20250723094836 [queued]>
[2025-07-23T09:48:51.048+0000] {taskinstance.py:2884} INFO - Starting attempt 1 of 2
[2025-07-23T09:48:51.056+0000] {taskinstance.py:2907} INFO - Executing <Task(PythonOperator): calculate_startup_health_scores> on 2025-07-23 09:48:37.094516+00:00
[2025-07-23T09:48:51.064+0000] {warnings.py:112} WARNING - /home/***/.local/lib/python3.12/site-packages/***/task/task_runner/standard_task_runner.py:70: DeprecationWarning: This process (pid=98) is multi-threaded, use of fork() may lead to deadlocks in the child.
  pid = os.fork()

[2025-07-23T09:48:51.066+0000] {standard_task_runner.py:72} INFO - Started process 100 to run task
[2025-07-23T09:48:51.066+0000] {standard_task_runner.py:104} INFO - Running: ['***', 'tasks', 'run', 'startup_health_score_full_pipeline', 'calculate_startup_health_scores', 'streamlit_trigger_ConnectIn_-_Monthly_Investor_Update__June_2025.pdf_20250723094836', '--job-id', '13', '--raw', '--subdir', 'DAGS_FOLDER/startup_health_score_dag.py', '--cfg-path', '/tmp/tmpqn7b1u_u']
[2025-07-23T09:48:51.069+0000] {standard_task_runner.py:105} INFO - Job 13: Subtask calculate_startup_health_scores
[2025-07-23T09:48:51.105+0000] {task_command.py:467} INFO - Running <TaskInstance: startup_health_score_full_pipeline.calculate_startup_health_scores streamlit_trigger_ConnectIn_-_Monthly_Investor_Update__June_2025.pdf_20250723094836 [running]> on host 2c1ee8bbb8c2
[2025-07-23T09:48:51.171+0000] {taskinstance.py:3157} INFO - Exporting env vars: AIRFLOW_CTX_DAG_OWNER='***' AIRFLOW_CTX_DAG_ID='startup_health_score_full_pipeline' AIRFLOW_CTX_TASK_ID='calculate_startup_health_scores' AIRFLOW_CTX_EXECUTION_DATE='2025-07-23T09:48:37.094516+00:00' AIRFLOW_CTX_TRY_NUMBER='1' AIRFLOW_CTX_DAG_RUN_ID='streamlit_trigger_ConnectIn_-_Monthly_Investor_Update__June_2025.pdf_20250723094836'
[2025-07-23T09:48:51.172+0000] {taskinstance.py:740} INFO - ::endgroup::
[2025-07-23T09:48:51.183+0000] {log.py:232} WARNING - 2025-07-23 09:48:51,183 - startup_health_score - INFO - Calculating startup health scores...
[2025-07-23T09:48:51.183+0000] {startup_health_score_dag.py:155} INFO - Calculating startup health scores...
[2025-07-23T09:48:51.193+0000] {log.py:232} WARNING - 2025-07-23 09:48:51,193 - startup_health_score - INFO - Successfully loaded configuration from /opt/***/config/kpi_benchmarks.json
[2025-07-23T09:48:51.193+0000] {config_loader.py:43} INFO - Successfully loaded configuration from /opt/***/config/kpi_benchmarks.json
[2025-07-23T09:48:51.194+0000] {log.py:232} WARNING - 2025-07-23 09:48:51,194 - startup_health_score - INFO - Successfully loaded configuration from /opt/***/config/kpi_weights.json
[2025-07-23T09:48:51.194+0000] {config_loader.py:43} INFO - Successfully loaded configuration from /opt/***/config/kpi_weights.json
[2025-07-23T09:48:51.195+0000] {log.py:232} WARNING - 2025-07-23 09:48:51,195 - startup_health_score - INFO - KPINormalizer initialized with KPI formula aliases.
[2025-07-23T09:48:51.195+0000] {kpi_normalizer.py:21} INFO - KPINormalizer initialized with KPI formula aliases.
[2025-07-23T09:48:51.195+0000] {log.py:232} WARNING - 2025-07-23 09:48:51,195 - startup_health_score - INFO - Identified mandatory KPIs: ['Monthly Recurring Revenue (MRR)', 'Burn Rate', 'Runway (in Months)', 'Gross Margin (%)', 'MRR Growth Rate', 'Customer Acquisition Cost (CAC)', 'Net Revenue Retention (NRR)', 'Customer (Logo) Churn Rate', 'Founder Commitment (Full-Time)', 'Onboarding Completion Rate']
[2025-07-23T09:48:51.195+0000] {scoring_engine.py:56} INFO - Identified mandatory KPIs: ['Monthly Recurring Revenue (MRR)', 'Burn Rate', 'Runway (in Months)', 'Gross Margin (%)', 'MRR Growth Rate', 'Customer Acquisition Cost (CAC)', 'Net Revenue Retention (NRR)', 'Customer (Logo) Churn Rate', 'Founder Commitment (Full-Time)', 'Onboarding Completion Rate']
[2025-07-23T09:48:51.196+0000] {log.py:232} WARNING - 2025-07-23 09:48:51,195 - startup_health_score - INFO - Collected all expected KPI names: ['Monthly Recurring Revenue (MRR)', 'Annual Recurring Revenue (ARR)', 'Burn Rate', 'Runway (in Months)', 'Gross Margin (%)', 'Operating Margin (or EBITDA)', 'MRR Growth Rate', 'User Growth Rate', 'Lead-to-Customer Conversion Rate', 'Trial-to-Paid Conversion Rate', 'Signup-to-MRR Ratio', 'Expansion Revenue', 'Customer Acquisition Cost (CAC)', 'Customer Lifetime Value (CLV or LTV)', 'CAC-to-CLV Ratio', 'CAC Payback Period', 'Contribution Margin', 'Net Revenue Retention (NRR)', 'Customer (Logo) Churn Rate', 'Revenue Churn Rate', 'Daily Active Users / Monthly Active Users (DAU/MAU)', 'Day-30 Retention Rate', 'Day-90 Retention Rate', 'Founder Commitment (Full-Time)', 'Arr per Fte', 'Team Size', 'KPI Update Frequency', 'Time Since Last Fundraise', 'Net Promoter Score (NPS)', 'Customer Satisfaction Score (CSAT)', 'Onboarding Completion Rate', 'Average Time to Resolution (Support)', 'Support Ticket Volume']
[2025-07-23T09:48:51.195+0000] {scoring_engine.py:64} INFO - Collected all expected KPI names: ['Monthly Recurring Revenue (MRR)', 'Annual Recurring Revenue (ARR)', 'Burn Rate', 'Runway (in Months)', 'Gross Margin (%)', 'Operating Margin (or EBITDA)', 'MRR Growth Rate', 'User Growth Rate', 'Lead-to-Customer Conversion Rate', 'Trial-to-Paid Conversion Rate', 'Signup-to-MRR Ratio', 'Expansion Revenue', 'Customer Acquisition Cost (CAC)', 'Customer Lifetime Value (CLV or LTV)', 'CAC-to-CLV Ratio', 'CAC Payback Period', 'Contribution Margin', 'Net Revenue Retention (NRR)', 'Customer (Logo) Churn Rate', 'Revenue Churn Rate', 'Daily Active Users / Monthly Active Users (DAU/MAU)', 'Day-30 Retention Rate', 'Day-90 Retention Rate', 'Founder Commitment (Full-Time)', 'Arr per Fte', 'Team Size', 'KPI Update Frequency', 'Time Since Last Fundraise', 'Net Promoter Score (NPS)', 'Customer Satisfaction Score (CSAT)', 'Onboarding Completion Rate', 'Average Time to Resolution (Support)', 'Support Ticket Volume']
[2025-07-23T09:48:51.196+0000] {log.py:232} WARNING - 2025-07-23 09:48:51,196 - startup_health_score - INFO - ScoringEngine initialized successfully.
[2025-07-23T09:48:51.196+0000] {scoring_engine.py:31} INFO - ScoringEngine initialized successfully.
[2025-07-23T09:48:51.197+0000] {log.py:232} WARNING - 2025-07-23 09:48:51,197 - startup_health_score - WARNING - KPI 'CAC-to-CLV Ratio' has unparseable numeric string value '1:9.1'. Returning 0.0.
[2025-07-23T09:48:51.197+0000] {kpi_normalizer.py:147} WARNING - KPI 'CAC-to-CLV Ratio' has unparseable numeric string value '1:9.1'. Returning 0.0.
[2025-07-23T09:48:51.197+0000] {log.py:232} WARNING - 2025-07-23 09:48:51,197 - startup_health_score - WARNING - KPI 'Customer (Logo) Churn Rate' has unparseable numeric string value '2.0% (Monthly)'. Returning 0.0.
[2025-07-23T09:48:51.197+0000] {kpi_normalizer.py:147} WARNING - KPI 'Customer (Logo) Churn Rate' has unparseable numeric string value '2.0% (Monthly)'. Returning 0.0.
[2025-07-23T09:48:51.197+0000] {log.py:232} WARNING - 2025-07-23 09:48:51,197 - startup_health_score - WARNING - KPI 'Revenue Churn Rate' has unparseable numeric string value '1.6% (Monthly)'. Returning 0.0.
[2025-07-23T09:48:51.197+0000] {kpi_normalizer.py:147} WARNING - KPI 'Revenue Churn Rate' has unparseable numeric string value '1.6% (Monthly)'. Returning 0.0.
[2025-07-23T09:48:51.198+0000] {log.py:232} WARNING - 2025-07-23 09:48:51,198 - startup_health_score - WARNING - KPI 'Net Revenue Retention (NRR)' has unparseable numeric string value '100.4% (Monthly)'. Returning 0.0.
[2025-07-23T09:48:51.198+0000] {kpi_normalizer.py:147} WARNING - KPI 'Net Revenue Retention (NRR)' has unparseable numeric string value '100.4% (Monthly)'. Returning 0.0.
[2025-07-23T09:48:51.198+0000] {log.py:232} WARNING - 2025-07-23 09:48:51,198 - startup_health_score - WARNING - KPI 'Time Since Last Fundraise' has unparseable numeric string value '9 Months'. Returning 0.0.
[2025-07-23T09:48:51.198+0000] {kpi_normalizer.py:147} WARNING - KPI 'Time Since Last Fundraise' has unparseable numeric string value '9 Months'. Returning 0.0.
[2025-07-23T09:48:51.199+0000] {log.py:232} WARNING - 2025-07-23 09:48:51,199 - startup_health_score - INFO - Calculated total score: 53.57
[2025-07-23T09:48:51.199+0000] {scoring_engine.py:180} INFO - Calculated total score: 53.57
[2025-07-23T09:48:51.212+0000] {log.py:232} WARNING - 2025-07-23 09:48:51,212 - startup_health_score - INFO - Scoring results saved to /opt/***/processed_data/ConnectIn - Monthly Investor Update_ June 2025_pdf_startup_score_output.json
[2025-07-23T09:48:51.212+0000] {startup_health_score_dag.py:192} INFO - Scoring results saved to /opt/***/processed_data/ConnectIn - Monthly Investor Update_ June 2025_pdf_startup_score_output.json
[2025-07-23T09:48:51.216+0000] {log.py:232} WARNING - 2025-07-23 09:48:51,216 - startup_health_score - INFO - Total Score: 53.57
[2025-07-23T09:48:51.216+0000] {startup_health_score_dag.py:198} INFO - Total Score: 53.57
[2025-07-23T09:48:51.218+0000] {python.py:240} INFO - Done. Returned value was: None
[2025-07-23T09:48:51.236+0000] {taskinstance.py:349} INFO - ::group::Post task execution logs
[2025-07-23T09:48:51.237+0000] {taskinstance.py:361} INFO - Marking task as SUCCESS. dag_id=startup_health_score_full_pipeline, task_id=calculate_startup_health_scores, run_id=streamlit_trigger_ConnectIn_-_Monthly_Investor_Update__June_2025.pdf_20250723094836, execution_date=20250723T094837, start_date=20250723T094851, end_date=20250723T094851
[2025-07-23T09:48:51.295+0000] {local_task_job_runner.py:266} INFO - Task exited with return code 0
[2025-07-23T09:48:51.310+0000] {taskinstance.py:3924} INFO - 0 downstream tasks scheduled from follow-on schedule check
[2025-07-23T09:48:51.311+0000] {local_task_job_runner.py:245} INFO - ::endgroup::
