[2025-07-19T15:39:53.798+0530] {processor.py:186} INFO - Started process (PID=1461) to work on /Users/parth/Desktop/Engine/venv/lib/python3.11/site-packages/airflow/example_dags/plugins/workday.py
[2025-07-19T15:39:53.799+0530] {processor.py:914} INFO - Processing file /Users/parth/Desktop/Engine/venv/lib/python3.11/site-packages/airflow/example_dags/plugins/workday.py for tasks to queue
[2025-07-19T15:39:53.799+0530] {logging_mixin.py:190} INFO - [2025-07-19T15:39:53.799+0530] {dagbag.py:588} INFO - Filling up the DagBag from /Users/parth/Desktop/Engine/venv/lib/python3.11/site-packages/airflow/example_dags/plugins/workday.py
[2025-07-19T15:39:54.184+0530] {processor.py:927} WARNING - No viable dags retrieved from /Users/parth/Desktop/Engine/venv/lib/python3.11/site-packages/airflow/example_dags/plugins/workday.py
[2025-07-19T15:39:54.230+0530] {processor.py:208} INFO - Processing /Users/parth/Desktop/Engine/venv/lib/python3.11/site-packages/airflow/example_dags/plugins/workday.py took 0.434 seconds
[2025-07-19T15:41:58.715+0530] {processor.py:186} INFO - Started process (PID=2379) to work on /Users/parth/Desktop/Engine/venv/lib/python3.11/site-packages/airflow/example_dags/plugins/workday.py
[2025-07-19T15:41:58.716+0530] {processor.py:914} INFO - Processing file /Users/parth/Desktop/Engine/venv/lib/python3.11/site-packages/airflow/example_dags/plugins/workday.py for tasks to queue
[2025-07-19T15:41:58.717+0530] {logging_mixin.py:190} INFO - [2025-07-19T15:41:58.717+0530] {dagbag.py:588} INFO - Filling up the DagBag from /Users/parth/Desktop/Engine/venv/lib/python3.11/site-packages/airflow/example_dags/plugins/workday.py
[2025-07-19T15:41:59.115+0530] {processor.py:927} WARNING - No viable dags retrieved from /Users/parth/Desktop/Engine/venv/lib/python3.11/site-packages/airflow/example_dags/plugins/workday.py
[2025-07-19T15:41:59.156+0530] {processor.py:208} INFO - Processing /Users/parth/Desktop/Engine/venv/lib/python3.11/site-packages/airflow/example_dags/plugins/workday.py took 0.442 seconds
[2025-07-19T15:43:35.972+0530] {processor.py:186} INFO - Started process (PID=3045) to work on /Users/parth/Desktop/Engine/venv/lib/python3.11/site-packages/airflow/example_dags/plugins/workday.py
[2025-07-19T15:43:35.973+0530] {processor.py:914} INFO - Processing file /Users/parth/Desktop/Engine/venv/lib/python3.11/site-packages/airflow/example_dags/plugins/workday.py for tasks to queue
[2025-07-19T15:43:35.974+0530] {logging_mixin.py:190} INFO - [2025-07-19T15:43:35.974+0530] {dagbag.py:588} INFO - Filling up the DagBag from /Users/parth/Desktop/Engine/venv/lib/python3.11/site-packages/airflow/example_dags/plugins/workday.py
[2025-07-19T15:43:36.473+0530] {processor.py:927} WARNING - No viable dags retrieved from /Users/parth/Desktop/Engine/venv/lib/python3.11/site-packages/airflow/example_dags/plugins/workday.py
[2025-07-19T15:43:36.566+0530] {processor.py:208} INFO - Processing /Users/parth/Desktop/Engine/venv/lib/python3.11/site-packages/airflow/example_dags/plugins/workday.py took 0.599 seconds
[2025-07-19T15:45:14.456+0530] {processor.py:186} INFO - Started process (PID=3702) to work on /Users/parth/Desktop/Engine/venv/lib/python3.11/site-packages/airflow/example_dags/plugins/workday.py
[2025-07-19T15:45:14.457+0530] {processor.py:914} INFO - Processing file /Users/parth/Desktop/Engine/venv/lib/python3.11/site-packages/airflow/example_dags/plugins/workday.py for tasks to queue
[2025-07-19T15:45:14.458+0530] {logging_mixin.py:190} INFO - [2025-07-19T15:45:14.458+0530] {dagbag.py:588} INFO - Filling up the DagBag from /Users/parth/Desktop/Engine/venv/lib/python3.11/site-packages/airflow/example_dags/plugins/workday.py
[2025-07-19T15:45:14.950+0530] {processor.py:927} WARNING - No viable dags retrieved from /Users/parth/Desktop/Engine/venv/lib/python3.11/site-packages/airflow/example_dags/plugins/workday.py
[2025-07-19T15:45:15.011+0530] {processor.py:208} INFO - Processing /Users/parth/Desktop/Engine/venv/lib/python3.11/site-packages/airflow/example_dags/plugins/workday.py took 0.560 seconds
[2025-07-19T15:46:55.029+0530] {processor.py:186} INFO - Started process (PID=4356) to work on /Users/parth/Desktop/Engine/venv/lib/python3.11/site-packages/airflow/example_dags/plugins/workday.py
[2025-07-19T15:46:55.029+0530] {processor.py:914} INFO - Processing file /Users/parth/Desktop/Engine/venv/lib/python3.11/site-packages/airflow/example_dags/plugins/workday.py for tasks to queue
[2025-07-19T15:46:55.030+0530] {logging_mixin.py:190} INFO - [2025-07-19T15:46:55.030+0530] {dagbag.py:588} INFO - Filling up the DagBag from /Users/parth/Desktop/Engine/venv/lib/python3.11/site-packages/airflow/example_dags/plugins/workday.py
[2025-07-19T15:46:55.361+0530] {processor.py:927} WARNING - No viable dags retrieved from /Users/parth/Desktop/Engine/venv/lib/python3.11/site-packages/airflow/example_dags/plugins/workday.py
[2025-07-19T15:46:55.405+0530] {processor.py:208} INFO - Processing /Users/parth/Desktop/Engine/venv/lib/python3.11/site-packages/airflow/example_dags/plugins/workday.py took 0.379 seconds
[2025-07-19T15:48:22.402+0530] {processor.py:186} INFO - Started process (PID=4929) to work on /Users/parth/Desktop/Engine/venv/lib/python3.11/site-packages/airflow/example_dags/plugins/workday.py
[2025-07-19T15:48:22.403+0530] {processor.py:914} INFO - Processing file /Users/parth/Desktop/Engine/venv/lib/python3.11/site-packages/airflow/example_dags/plugins/workday.py for tasks to queue
[2025-07-19T15:48:22.403+0530] {logging_mixin.py:190} INFO - [2025-07-19T15:48:22.403+0530] {dagbag.py:588} INFO - Filling up the DagBag from /Users/parth/Desktop/Engine/venv/lib/python3.11/site-packages/airflow/example_dags/plugins/workday.py
[2025-07-19T15:48:22.709+0530] {processor.py:927} WARNING - No viable dags retrieved from /Users/parth/Desktop/Engine/venv/lib/python3.11/site-packages/airflow/example_dags/plugins/workday.py
[2025-07-19T15:48:22.749+0530] {processor.py:208} INFO - Processing /Users/parth/Desktop/Engine/venv/lib/python3.11/site-packages/airflow/example_dags/plugins/workday.py took 0.348 seconds
[2025-07-19T15:49:51.646+0530] {processor.py:186} INFO - Started process (PID=5516) to work on /Users/parth/Desktop/Engine/venv/lib/python3.11/site-packages/airflow/example_dags/plugins/workday.py
[2025-07-19T15:49:51.647+0530] {processor.py:914} INFO - Processing file /Users/parth/Desktop/Engine/venv/lib/python3.11/site-packages/airflow/example_dags/plugins/workday.py for tasks to queue
[2025-07-19T15:49:51.647+0530] {logging_mixin.py:190} INFO - [2025-07-19T15:49:51.647+0530] {dagbag.py:588} INFO - Filling up the DagBag from /Users/parth/Desktop/Engine/venv/lib/python3.11/site-packages/airflow/example_dags/plugins/workday.py
[2025-07-19T15:49:52.060+0530] {processor.py:927} WARNING - No viable dags retrieved from /Users/parth/Desktop/Engine/venv/lib/python3.11/site-packages/airflow/example_dags/plugins/workday.py
[2025-07-19T15:49:52.113+0530] {processor.py:208} INFO - Processing /Users/parth/Desktop/Engine/venv/lib/python3.11/site-packages/airflow/example_dags/plugins/workday.py took 0.469 seconds
[2025-07-19T15:51:27.660+0530] {processor.py:186} INFO - Started process (PID=6179) to work on /Users/parth/Desktop/Engine/venv/lib/python3.11/site-packages/airflow/example_dags/plugins/workday.py
[2025-07-19T15:51:27.661+0530] {processor.py:914} INFO - Processing file /Users/parth/Desktop/Engine/venv/lib/python3.11/site-packages/airflow/example_dags/plugins/workday.py for tasks to queue
[2025-07-19T15:51:27.661+0530] {logging_mixin.py:190} INFO - [2025-07-19T15:51:27.661+0530] {dagbag.py:588} INFO - Filling up the DagBag from /Users/parth/Desktop/Engine/venv/lib/python3.11/site-packages/airflow/example_dags/plugins/workday.py
[2025-07-19T15:51:28.170+0530] {processor.py:927} WARNING - No viable dags retrieved from /Users/parth/Desktop/Engine/venv/lib/python3.11/site-packages/airflow/example_dags/plugins/workday.py
[2025-07-19T15:51:28.231+0530] {processor.py:208} INFO - Processing /Users/parth/Desktop/Engine/venv/lib/python3.11/site-packages/airflow/example_dags/plugins/workday.py took 0.573 seconds
[2025-07-19T15:53:11.245+0530] {processor.py:186} INFO - Started process (PID=6883) to work on /Users/parth/Desktop/Engine/venv/lib/python3.11/site-packages/airflow/example_dags/plugins/workday.py
[2025-07-19T15:53:11.246+0530] {processor.py:914} INFO - Processing file /Users/parth/Desktop/Engine/venv/lib/python3.11/site-packages/airflow/example_dags/plugins/workday.py for tasks to queue
[2025-07-19T15:53:11.247+0530] {logging_mixin.py:190} INFO - [2025-07-19T15:53:11.247+0530] {dagbag.py:588} INFO - Filling up the DagBag from /Users/parth/Desktop/Engine/venv/lib/python3.11/site-packages/airflow/example_dags/plugins/workday.py
[2025-07-19T15:53:11.690+0530] {processor.py:927} WARNING - No viable dags retrieved from /Users/parth/Desktop/Engine/venv/lib/python3.11/site-packages/airflow/example_dags/plugins/workday.py
[2025-07-19T15:53:11.746+0530] {processor.py:208} INFO - Processing /Users/parth/Desktop/Engine/venv/lib/python3.11/site-packages/airflow/example_dags/plugins/workday.py took 0.503 seconds
[2025-07-19T15:55:09.634+0530] {processor.py:186} INFO - Started process (PID=7711) to work on /Users/parth/Desktop/Engine/venv/lib/python3.11/site-packages/airflow/example_dags/plugins/workday.py
[2025-07-19T15:55:09.635+0530] {processor.py:914} INFO - Processing file /Users/parth/Desktop/Engine/venv/lib/python3.11/site-packages/airflow/example_dags/plugins/workday.py for tasks to queue
[2025-07-19T15:55:09.636+0530] {logging_mixin.py:190} INFO - [2025-07-19T15:55:09.636+0530] {dagbag.py:588} INFO - Filling up the DagBag from /Users/parth/Desktop/Engine/venv/lib/python3.11/site-packages/airflow/example_dags/plugins/workday.py
[2025-07-19T15:55:10.199+0530] {processor.py:927} WARNING - No viable dags retrieved from /Users/parth/Desktop/Engine/venv/lib/python3.11/site-packages/airflow/example_dags/plugins/workday.py
[2025-07-19T15:55:10.264+0530] {processor.py:208} INFO - Processing /Users/parth/Desktop/Engine/venv/lib/python3.11/site-packages/airflow/example_dags/plugins/workday.py took 0.632 seconds
[2025-07-19T15:56:08.827+0530] {processor.py:186} INFO - Started process (PID=8293) to work on /Users/parth/Desktop/Engine/venv/lib/python3.11/site-packages/airflow/example_dags/plugins/workday.py
[2025-07-19T15:56:08.828+0530] {processor.py:914} INFO - Processing file /Users/parth/Desktop/Engine/venv/lib/python3.11/site-packages/airflow/example_dags/plugins/workday.py for tasks to queue
[2025-07-19T15:56:08.829+0530] {logging_mixin.py:190} INFO - [2025-07-19T15:56:08.829+0530] {dagbag.py:588} INFO - Filling up the DagBag from /Users/parth/Desktop/Engine/venv/lib/python3.11/site-packages/airflow/example_dags/plugins/workday.py
[2025-07-19T15:56:09.484+0530] {processor.py:927} WARNING - No viable dags retrieved from /Users/parth/Desktop/Engine/venv/lib/python3.11/site-packages/airflow/example_dags/plugins/workday.py
[2025-07-19T15:56:09.551+0530] {processor.py:208} INFO - Processing /Users/parth/Desktop/Engine/venv/lib/python3.11/site-packages/airflow/example_dags/plugins/workday.py took 0.728 seconds
[2025-07-19T15:58:22.107+0530] {processor.py:186} INFO - Started process (PID=9185) to work on /Users/parth/Desktop/Engine/venv/lib/python3.11/site-packages/airflow/example_dags/plugins/workday.py
[2025-07-19T15:58:22.108+0530] {processor.py:914} INFO - Processing file /Users/parth/Desktop/Engine/venv/lib/python3.11/site-packages/airflow/example_dags/plugins/workday.py for tasks to queue
[2025-07-19T15:58:22.108+0530] {logging_mixin.py:190} INFO - [2025-07-19T15:58:22.108+0530] {dagbag.py:588} INFO - Filling up the DagBag from /Users/parth/Desktop/Engine/venv/lib/python3.11/site-packages/airflow/example_dags/plugins/workday.py
[2025-07-19T15:58:22.582+0530] {processor.py:927} WARNING - No viable dags retrieved from /Users/parth/Desktop/Engine/venv/lib/python3.11/site-packages/airflow/example_dags/plugins/workday.py
[2025-07-19T15:58:22.644+0530] {processor.py:208} INFO - Processing /Users/parth/Desktop/Engine/venv/lib/python3.11/site-packages/airflow/example_dags/plugins/workday.py took 0.540 seconds
[2025-07-19T16:00:06.083+0530] {processor.py:186} INFO - Started process (PID=9866) to work on /Users/parth/Desktop/Engine/venv/lib/python3.11/site-packages/airflow/example_dags/plugins/workday.py
[2025-07-19T16:00:06.084+0530] {processor.py:914} INFO - Processing file /Users/parth/Desktop/Engine/venv/lib/python3.11/site-packages/airflow/example_dags/plugins/workday.py for tasks to queue
[2025-07-19T16:00:06.085+0530] {logging_mixin.py:190} INFO - [2025-07-19T16:00:06.084+0530] {dagbag.py:588} INFO - Filling up the DagBag from /Users/parth/Desktop/Engine/venv/lib/python3.11/site-packages/airflow/example_dags/plugins/workday.py
[2025-07-19T16:00:06.557+0530] {processor.py:927} WARNING - No viable dags retrieved from /Users/parth/Desktop/Engine/venv/lib/python3.11/site-packages/airflow/example_dags/plugins/workday.py
[2025-07-19T16:00:06.618+0530] {processor.py:208} INFO - Processing /Users/parth/Desktop/Engine/venv/lib/python3.11/site-packages/airflow/example_dags/plugins/workday.py took 0.537 seconds
[2025-07-19T16:01:54.235+0530] {processor.py:186} INFO - Started process (PID=10591) to work on /Users/parth/Desktop/Engine/venv/lib/python3.11/site-packages/airflow/example_dags/plugins/workday.py
[2025-07-19T16:01:54.236+0530] {processor.py:914} INFO - Processing file /Users/parth/Desktop/Engine/venv/lib/python3.11/site-packages/airflow/example_dags/plugins/workday.py for tasks to queue
[2025-07-19T16:01:54.237+0530] {logging_mixin.py:190} INFO - [2025-07-19T16:01:54.236+0530] {dagbag.py:588} INFO - Filling up the DagBag from /Users/parth/Desktop/Engine/venv/lib/python3.11/site-packages/airflow/example_dags/plugins/workday.py
[2025-07-19T16:01:54.754+0530] {processor.py:927} WARNING - No viable dags retrieved from /Users/parth/Desktop/Engine/venv/lib/python3.11/site-packages/airflow/example_dags/plugins/workday.py
[2025-07-19T16:01:54.821+0530] {processor.py:208} INFO - Processing /Users/parth/Desktop/Engine/venv/lib/python3.11/site-packages/airflow/example_dags/plugins/workday.py took 0.588 seconds
[2025-07-19T16:05:42.054+0530] {processor.py:186} INFO - Started process (PID=12147) to work on /Users/parth/Desktop/Engine/venv/lib/python3.11/site-packages/airflow/example_dags/plugins/workday.py
[2025-07-19T16:05:42.054+0530] {processor.py:914} INFO - Processing file /Users/parth/Desktop/Engine/venv/lib/python3.11/site-packages/airflow/example_dags/plugins/workday.py for tasks to queue
[2025-07-19T16:05:42.055+0530] {logging_mixin.py:190} INFO - [2025-07-19T16:05:42.055+0530] {dagbag.py:588} INFO - Filling up the DagBag from /Users/parth/Desktop/Engine/venv/lib/python3.11/site-packages/airflow/example_dags/plugins/workday.py
[2025-07-19T16:05:42.530+0530] {processor.py:927} WARNING - No viable dags retrieved from /Users/parth/Desktop/Engine/venv/lib/python3.11/site-packages/airflow/example_dags/plugins/workday.py
[2025-07-19T16:05:42.592+0530] {processor.py:208} INFO - Processing /Users/parth/Desktop/Engine/venv/lib/python3.11/site-packages/airflow/example_dags/plugins/workday.py took 0.541 seconds
[2025-07-19T16:07:58.179+0530] {processor.py:186} INFO - Started process (PID=13090) to work on /Users/parth/Desktop/Engine/venv/lib/python3.11/site-packages/airflow/example_dags/plugins/workday.py
[2025-07-19T16:07:58.180+0530] {processor.py:914} INFO - Processing file /Users/parth/Desktop/Engine/venv/lib/python3.11/site-packages/airflow/example_dags/plugins/workday.py for tasks to queue
[2025-07-19T16:07:58.180+0530] {logging_mixin.py:190} INFO - [2025-07-19T16:07:58.180+0530] {dagbag.py:588} INFO - Filling up the DagBag from /Users/parth/Desktop/Engine/venv/lib/python3.11/site-packages/airflow/example_dags/plugins/workday.py
[2025-07-19T16:07:58.662+0530] {processor.py:927} WARNING - No viable dags retrieved from /Users/parth/Desktop/Engine/venv/lib/python3.11/site-packages/airflow/example_dags/plugins/workday.py
[2025-07-19T16:07:58.725+0530] {processor.py:208} INFO - Processing /Users/parth/Desktop/Engine/venv/lib/python3.11/site-packages/airflow/example_dags/plugins/workday.py took 0.549 seconds
[2025-07-19T16:09:39.819+0530] {processor.py:186} INFO - Started process (PID=13781) to work on /Users/parth/Desktop/Engine/venv/lib/python3.11/site-packages/airflow/example_dags/plugins/workday.py
[2025-07-19T16:09:39.820+0530] {processor.py:914} INFO - Processing file /Users/parth/Desktop/Engine/venv/lib/python3.11/site-packages/airflow/example_dags/plugins/workday.py for tasks to queue
[2025-07-19T16:09:39.821+0530] {logging_mixin.py:190} INFO - [2025-07-19T16:09:39.821+0530] {dagbag.py:588} INFO - Filling up the DagBag from /Users/parth/Desktop/Engine/venv/lib/python3.11/site-packages/airflow/example_dags/plugins/workday.py
[2025-07-19T16:09:40.405+0530] {processor.py:927} WARNING - No viable dags retrieved from /Users/parth/Desktop/Engine/venv/lib/python3.11/site-packages/airflow/example_dags/plugins/workday.py
[2025-07-19T16:09:40.475+0530] {processor.py:208} INFO - Processing /Users/parth/Desktop/Engine/venv/lib/python3.11/site-packages/airflow/example_dags/plugins/workday.py took 0.659 seconds
[2025-07-19T16:11:36.665+0530] {processor.py:186} INFO - Started process (PID=14554) to work on /Users/parth/Desktop/Engine/venv/lib/python3.11/site-packages/airflow/example_dags/plugins/workday.py
[2025-07-19T16:11:36.666+0530] {processor.py:914} INFO - Processing file /Users/parth/Desktop/Engine/venv/lib/python3.11/site-packages/airflow/example_dags/plugins/workday.py for tasks to queue
[2025-07-19T16:11:36.667+0530] {logging_mixin.py:190} INFO - [2025-07-19T16:11:36.667+0530] {dagbag.py:588} INFO - Filling up the DagBag from /Users/parth/Desktop/Engine/venv/lib/python3.11/site-packages/airflow/example_dags/plugins/workday.py
[2025-07-19T16:11:37.140+0530] {processor.py:927} WARNING - No viable dags retrieved from /Users/parth/Desktop/Engine/venv/lib/python3.11/site-packages/airflow/example_dags/plugins/workday.py
[2025-07-19T16:11:37.208+0530] {processor.py:208} INFO - Processing /Users/parth/Desktop/Engine/venv/lib/python3.11/site-packages/airflow/example_dags/plugins/workday.py took 0.545 seconds
