[2025-07-23T13:46:01.858+0000] {local_task_job_runner.py:123} INFO - ::group::Pre task execution logs
[2025-07-23T13:46:01.876+0000] {taskinstance.py:2631} INFO - Dependencies all met for dep_context=non-requeueable deps ti=<TaskInstance: startup_health_score_full_pipeline.check_for_documents streamlit_trigger_sample.txt_20250723134558 [queued]>
[2025-07-23T13:46:01.882+0000] {taskinstance.py:2631} INFO - Dependencies all met for dep_context=requeueable deps ti=<TaskInstance: startup_health_score_full_pipeline.check_for_documents streamlit_trigger_sample.txt_20250723134558 [queued]>
[2025-07-23T13:46:01.882+0000] {taskinstance.py:2884} INFO - Starting attempt 1 of 2
[2025-07-23T13:46:01.896+0000] {taskinstance.py:2907} INFO - Executing <Task(PythonOperator): check_for_documents> on 2025-07-23 13:45:58.837655+00:00
[2025-07-23T13:46:01.911+0000] {warnings.py:112} WARNING - /home/***/.local/lib/python3.12/site-packages/***/task/task_runner/standard_task_runner.py:70: DeprecationWarning: This process (pid=103) is multi-threaded, use of fork() may lead to deadlocks in the child.
  pid = os.fork()

[2025-07-23T13:46:01.914+0000] {standard_task_runner.py:72} INFO - Started process 105 to run task
[2025-07-23T13:46:01.915+0000] {standard_task_runner.py:104} INFO - Running: ['***', 'tasks', 'run', 'startup_health_score_full_pipeline', 'check_for_documents', 'streamlit_trigger_sample.txt_20250723134558', '--job-id', '14', '--raw', '--subdir', 'DAGS_FOLDER/startup_health_score_dag.py', '--cfg-path', '/tmp/tmpdtydjtvi']
[2025-07-23T13:46:01.919+0000] {standard_task_runner.py:105} INFO - Job 14: Subtask check_for_documents
[2025-07-23T13:46:01.968+0000] {task_command.py:467} INFO - Running <TaskInstance: startup_health_score_full_pipeline.check_for_documents streamlit_trigger_sample.txt_20250723134558 [running]> on host f228824c2da2
[2025-07-23T13:46:02.077+0000] {taskinstance.py:3157} INFO - Exporting env vars: AIRFLOW_CTX_DAG_OWNER='***' AIRFLOW_CTX_DAG_ID='startup_health_score_full_pipeline' AIRFLOW_CTX_TASK_ID='check_for_documents' AIRFLOW_CTX_EXECUTION_DATE='2025-07-23T13:45:58.837655+00:00' AIRFLOW_CTX_TRY_NUMBER='1' AIRFLOW_CTX_DAG_RUN_ID='streamlit_trigger_sample.txt_20250723134558'
[2025-07-23T13:46:02.079+0000] {taskinstance.py:740} INFO - ::endgroup::
[2025-07-23T13:46:02.100+0000] {log.py:232} WARNING - 2025-07-23 13:46:02,100 - startup_health_score - INFO - Received file_name from DAG run config: sample.txt
[2025-07-23T13:46:02.100+0000] {startup_health_score_dag.py:55} INFO - Received file_name from DAG run config: sample.txt
[2025-07-23T13:46:02.101+0000] {log.py:232} WARNING - 2025-07-23 13:46:02,101 - startup_health_score - INFO - Selected document from DAG conf: sample.txt at /opt/***/uploads/sample.txt. Pushing to XCom.
[2025-07-23T13:46:02.101+0000] {startup_health_score_dag.py:62} INFO - Selected document from DAG conf: sample.txt at /opt/***/uploads/sample.txt. Pushing to XCom.
[2025-07-23T13:46:02.118+0000] {python.py:240} INFO - Done. Returned value was: None
[2025-07-23T13:46:02.150+0000] {taskinstance.py:349} INFO - ::group::Post task execution logs
[2025-07-23T13:46:02.151+0000] {taskinstance.py:361} INFO - Marking task as SUCCESS. dag_id=startup_health_score_full_pipeline, task_id=check_for_documents, run_id=streamlit_trigger_sample.txt_20250723134558, execution_date=20250723T134558, start_date=20250723T134601, end_date=20250723T134602
[2025-07-23T13:46:02.226+0000] {local_task_job_runner.py:266} INFO - Task exited with return code 0
[2025-07-23T13:46:02.256+0000] {taskinstance.py:3924} INFO - 1 downstream tasks scheduled from follow-on schedule check
[2025-07-23T13:46:02.257+0000] {local_task_job_runner.py:245} INFO - ::endgroup::
