[2025-07-23T15:15:57.824+0000] {local_task_job_runner.py:123} INFO - ::group::Pre task execution logs
[2025-07-23T15:15:57.840+0000] {taskinstance.py:2631} INFO - Dependencies all met for dep_context=non-requeueable deps ti=<TaskInstance: startup_health_score_full_pipeline.check_for_documents streamlit_trigger_sample_document.txt_20250723151555 [queued]>
[2025-07-23T15:15:57.853+0000] {taskinstance.py:2631} INFO - Dependencies all met for dep_context=requeueable deps ti=<TaskInstance: startup_health_score_full_pipeline.check_for_documents streamlit_trigger_sample_document.txt_20250723151555 [queued]>
[2025-07-23T15:15:57.853+0000] {taskinstance.py:2884} INFO - Starting attempt 1 of 2
[2025-07-23T15:15:57.873+0000] {taskinstance.py:2907} INFO - Executing <Task(PythonOperator): check_for_documents> on 2025-07-23 15:15:55.802017+00:00
[2025-07-23T15:15:57.889+0000] {warnings.py:112} WARNING - /home/***/.local/lib/python3.12/site-packages/***/task/task_runner/standard_task_runner.py:70: DeprecationWarning: This process (pid=69) is multi-threaded, use of fork() may lead to deadlocks in the child.
  pid = os.fork()

[2025-07-23T15:15:57.893+0000] {standard_task_runner.py:72} INFO - Started process 71 to run task
[2025-07-23T15:15:57.895+0000] {standard_task_runner.py:104} INFO - Running: ['***', 'tasks', 'run', 'startup_health_score_full_pipeline', 'check_for_documents', 'streamlit_trigger_sample_document.txt_20250723151555', '--job-id', '6', '--raw', '--subdir', 'DAGS_FOLDER/startup_health_score_dag.py', '--cfg-path', '/tmp/tmp1ckcgxdt']
[2025-07-23T15:15:57.899+0000] {standard_task_runner.py:105} INFO - Job 6: Subtask check_for_documents
[2025-07-23T15:15:57.994+0000] {task_command.py:467} INFO - Running <TaskInstance: startup_health_score_full_pipeline.check_for_documents streamlit_trigger_sample_document.txt_20250723151555 [running]> on host 300416b57e37
[2025-07-23T15:15:58.162+0000] {taskinstance.py:3157} INFO - Exporting env vars: AIRFLOW_CTX_DAG_OWNER='***' AIRFLOW_CTX_DAG_ID='startup_health_score_full_pipeline' AIRFLOW_CTX_TASK_ID='check_for_documents' AIRFLOW_CTX_EXECUTION_DATE='2025-07-23T15:15:55.802017+00:00' AIRFLOW_CTX_TRY_NUMBER='1' AIRFLOW_CTX_DAG_RUN_ID='streamlit_trigger_sample_document.txt_20250723151555'
[2025-07-23T15:15:58.164+0000] {taskinstance.py:740} INFO - ::endgroup::
[2025-07-23T15:15:58.181+0000] {log.py:232} WARNING - 2025-07-23 15:15:58,181 - startup_health_score - INFO - Received file_name from DAG run config: sample_document.txt
[2025-07-23T15:15:58.181+0000] {startup_health_score_dag.py:52} INFO - Received file_name from DAG run config: sample_document.txt
[2025-07-23T15:15:58.182+0000] {log.py:232} WARNING - 2025-07-23 15:15:58,182 - startup_health_score - INFO - Selected document from DAG conf: sample_document.txt at /opt/***/uploads/sample_document.txt. Pushing to XCom.
[2025-07-23T15:15:58.182+0000] {startup_health_score_dag.py:59} INFO - Selected document from DAG conf: sample_document.txt at /opt/***/uploads/sample_document.txt. Pushing to XCom.
[2025-07-23T15:15:58.193+0000] {python.py:240} INFO - Done. Returned value was: None
[2025-07-23T15:15:58.204+0000] {taskinstance.py:349} INFO - ::group::Post task execution logs
[2025-07-23T15:15:58.205+0000] {taskinstance.py:361} INFO - Marking task as SUCCESS. dag_id=startup_health_score_full_pipeline, task_id=check_for_documents, run_id=streamlit_trigger_sample_document.txt_20250723151555, execution_date=20250723T151555, start_date=20250723T151557, end_date=20250723T151558
[2025-07-23T15:15:58.251+0000] {local_task_job_runner.py:266} INFO - Task exited with return code 0
[2025-07-23T15:15:58.279+0000] {taskinstance.py:3924} INFO - 1 downstream tasks scheduled from follow-on schedule check
[2025-07-23T15:15:58.280+0000] {local_task_job_runner.py:245} INFO - ::endgroup::
