[2025-07-16T21:04:41.597+0530] {processor.py:186} INFO - Started process (PID=85093) to work on /Users/parth/Desktop/Engine/venv/lib/python3.11/site-packages/airflow/example_dags/subdags/subdag.py
[2025-07-16T21:04:41.598+0530] {processor.py:914} INFO - Processing file /Users/parth/Desktop/Engine/venv/lib/python3.11/site-packages/airflow/example_dags/subdags/subdag.py for tasks to queue
[2025-07-16T21:04:41.598+0530] {logging_mixin.py:190} INFO - [2025-07-16T21:04:41.598+0530] {dagbag.py:588} INFO - Filling up the DagBag from /Users/parth/Desktop/Engine/venv/lib/python3.11/site-packages/airflow/example_dags/subdags/subdag.py
[2025-07-16T21:04:41.599+0530] {processor.py:927} WARNING - No viable dags retrieved from /Users/parth/Desktop/Engine/venv/lib/python3.11/site-packages/airflow/example_dags/subdags/subdag.py
[2025-07-16T21:04:41.634+0530] {processor.py:208} INFO - Processing /Users/parth/Desktop/Engine/venv/lib/python3.11/site-packages/airflow/example_dags/subdags/subdag.py took 0.038 seconds
[2025-07-17T00:11:02.231+0530] {processor.py:186} INFO - Started process (PID=6979) to work on /Users/parth/Desktop/Engine/venv/lib/python3.11/site-packages/airflow/example_dags/subdags/subdag.py
[2025-07-17T00:11:02.232+0530] {processor.py:914} INFO - Processing file /Users/parth/Desktop/Engine/venv/lib/python3.11/site-packages/airflow/example_dags/subdags/subdag.py for tasks to queue
[2025-07-17T00:11:02.232+0530] {logging_mixin.py:190} INFO - [2025-07-17T00:11:02.232+0530] {dagbag.py:588} INFO - Filling up the DagBag from /Users/parth/Desktop/Engine/venv/lib/python3.11/site-packages/airflow/example_dags/subdags/subdag.py
[2025-07-17T00:11:02.233+0530] {processor.py:927} WARNING - No viable dags retrieved from /Users/parth/Desktop/Engine/venv/lib/python3.11/site-packages/airflow/example_dags/subdags/subdag.py
[2025-07-17T00:11:02.289+0530] {processor.py:208} INFO - Processing /Users/parth/Desktop/Engine/venv/lib/python3.11/site-packages/airflow/example_dags/subdags/subdag.py took 0.061 seconds
[2025-07-17T00:13:41.274+0530] {processor.py:186} INFO - Started process (PID=8549) to work on /Users/parth/Desktop/Engine/venv/lib/python3.11/site-packages/airflow/example_dags/subdags/subdag.py
[2025-07-17T00:13:41.275+0530] {processor.py:914} INFO - Processing file /Users/parth/Desktop/Engine/venv/lib/python3.11/site-packages/airflow/example_dags/subdags/subdag.py for tasks to queue
[2025-07-17T00:13:41.275+0530] {logging_mixin.py:190} INFO - [2025-07-17T00:13:41.275+0530] {dagbag.py:588} INFO - Filling up the DagBag from /Users/parth/Desktop/Engine/venv/lib/python3.11/site-packages/airflow/example_dags/subdags/subdag.py
[2025-07-17T00:13:41.277+0530] {processor.py:927} WARNING - No viable dags retrieved from /Users/parth/Desktop/Engine/venv/lib/python3.11/site-packages/airflow/example_dags/subdags/subdag.py
[2025-07-17T00:13:41.331+0530] {processor.py:208} INFO - Processing /Users/parth/Desktop/Engine/venv/lib/python3.11/site-packages/airflow/example_dags/subdags/subdag.py took 0.060 seconds
[2025-07-17T00:15:50.972+0530] {processor.py:186} INFO - Started process (PID=9405) to work on /Users/parth/Desktop/Engine/venv/lib/python3.11/site-packages/airflow/example_dags/subdags/subdag.py
[2025-07-17T00:15:50.973+0530] {processor.py:914} INFO - Processing file /Users/parth/Desktop/Engine/venv/lib/python3.11/site-packages/airflow/example_dags/subdags/subdag.py for tasks to queue
[2025-07-17T00:15:50.973+0530] {logging_mixin.py:190} INFO - [2025-07-17T00:15:50.973+0530] {dagbag.py:588} INFO - Filling up the DagBag from /Users/parth/Desktop/Engine/venv/lib/python3.11/site-packages/airflow/example_dags/subdags/subdag.py
[2025-07-17T00:15:50.975+0530] {processor.py:927} WARNING - No viable dags retrieved from /Users/parth/Desktop/Engine/venv/lib/python3.11/site-packages/airflow/example_dags/subdags/subdag.py
[2025-07-17T00:15:51.040+0530] {processor.py:208} INFO - Processing /Users/parth/Desktop/Engine/venv/lib/python3.11/site-packages/airflow/example_dags/subdags/subdag.py took 0.071 seconds
[2025-07-17T00:17:58.885+0530] {processor.py:186} INFO - Started process (PID=10252) to work on /Users/parth/Desktop/Engine/venv/lib/python3.11/site-packages/airflow/example_dags/subdags/subdag.py
[2025-07-17T00:17:58.886+0530] {processor.py:914} INFO - Processing file /Users/parth/Desktop/Engine/venv/lib/python3.11/site-packages/airflow/example_dags/subdags/subdag.py for tasks to queue
[2025-07-17T00:17:58.886+0530] {logging_mixin.py:190} INFO - [2025-07-17T00:17:58.886+0530] {dagbag.py:588} INFO - Filling up the DagBag from /Users/parth/Desktop/Engine/venv/lib/python3.11/site-packages/airflow/example_dags/subdags/subdag.py
[2025-07-17T00:17:58.888+0530] {processor.py:927} WARNING - No viable dags retrieved from /Users/parth/Desktop/Engine/venv/lib/python3.11/site-packages/airflow/example_dags/subdags/subdag.py
[2025-07-17T00:17:58.943+0530] {processor.py:208} INFO - Processing /Users/parth/Desktop/Engine/venv/lib/python3.11/site-packages/airflow/example_dags/subdags/subdag.py took 0.060 seconds
[2025-07-17T00:20:59.000+0530] {processor.py:186} INFO - Started process (PID=11491) to work on /Users/parth/Desktop/Engine/venv/lib/python3.11/site-packages/airflow/example_dags/subdags/subdag.py
[2025-07-17T00:20:59.001+0530] {processor.py:914} INFO - Processing file /Users/parth/Desktop/Engine/venv/lib/python3.11/site-packages/airflow/example_dags/subdags/subdag.py for tasks to queue
[2025-07-17T00:20:59.002+0530] {logging_mixin.py:190} INFO - [2025-07-17T00:20:59.002+0530] {dagbag.py:588} INFO - Filling up the DagBag from /Users/parth/Desktop/Engine/venv/lib/python3.11/site-packages/airflow/example_dags/subdags/subdag.py
[2025-07-17T00:20:59.003+0530] {processor.py:927} WARNING - No viable dags retrieved from /Users/parth/Desktop/Engine/venv/lib/python3.11/site-packages/airflow/example_dags/subdags/subdag.py
[2025-07-17T00:20:59.058+0530] {processor.py:208} INFO - Processing /Users/parth/Desktop/Engine/venv/lib/python3.11/site-packages/airflow/example_dags/subdags/subdag.py took 0.060 seconds
[2025-07-17T00:23:19.855+0530] {processor.py:186} INFO - Started process (PID=12537) to work on /Users/parth/Desktop/Engine/venv/lib/python3.11/site-packages/airflow/example_dags/subdags/subdag.py
[2025-07-17T00:23:19.856+0530] {processor.py:914} INFO - Processing file /Users/parth/Desktop/Engine/venv/lib/python3.11/site-packages/airflow/example_dags/subdags/subdag.py for tasks to queue
[2025-07-17T00:23:19.857+0530] {logging_mixin.py:190} INFO - [2025-07-17T00:23:19.857+0530] {dagbag.py:588} INFO - Filling up the DagBag from /Users/parth/Desktop/Engine/venv/lib/python3.11/site-packages/airflow/example_dags/subdags/subdag.py
[2025-07-17T00:23:19.859+0530] {processor.py:927} WARNING - No viable dags retrieved from /Users/parth/Desktop/Engine/venv/lib/python3.11/site-packages/airflow/example_dags/subdags/subdag.py
[2025-07-17T00:23:19.913+0530] {processor.py:208} INFO - Processing /Users/parth/Desktop/Engine/venv/lib/python3.11/site-packages/airflow/example_dags/subdags/subdag.py took 0.060 seconds
[2025-07-17T00:25:18.386+0530] {processor.py:186} INFO - Started process (PID=13344) to work on /Users/parth/Desktop/Engine/venv/lib/python3.11/site-packages/airflow/example_dags/subdags/subdag.py
[2025-07-17T00:25:18.386+0530] {processor.py:914} INFO - Processing file /Users/parth/Desktop/Engine/venv/lib/python3.11/site-packages/airflow/example_dags/subdags/subdag.py for tasks to queue
[2025-07-17T00:25:18.387+0530] {logging_mixin.py:190} INFO - [2025-07-17T00:25:18.387+0530] {dagbag.py:588} INFO - Filling up the DagBag from /Users/parth/Desktop/Engine/venv/lib/python3.11/site-packages/airflow/example_dags/subdags/subdag.py
[2025-07-17T00:25:18.389+0530] {processor.py:927} WARNING - No viable dags retrieved from /Users/parth/Desktop/Engine/venv/lib/python3.11/site-packages/airflow/example_dags/subdags/subdag.py
[2025-07-17T00:25:18.444+0530] {processor.py:208} INFO - Processing /Users/parth/Desktop/Engine/venv/lib/python3.11/site-packages/airflow/example_dags/subdags/subdag.py took 0.060 seconds
[2025-07-17T00:27:17.710+0530] {processor.py:186} INFO - Started process (PID=14154) to work on /Users/parth/Desktop/Engine/venv/lib/python3.11/site-packages/airflow/example_dags/subdags/subdag.py
[2025-07-17T00:27:17.711+0530] {processor.py:914} INFO - Processing file /Users/parth/Desktop/Engine/venv/lib/python3.11/site-packages/airflow/example_dags/subdags/subdag.py for tasks to queue
[2025-07-17T00:27:17.712+0530] {logging_mixin.py:190} INFO - [2025-07-17T00:27:17.712+0530] {dagbag.py:588} INFO - Filling up the DagBag from /Users/parth/Desktop/Engine/venv/lib/python3.11/site-packages/airflow/example_dags/subdags/subdag.py
[2025-07-17T00:27:17.713+0530] {processor.py:927} WARNING - No viable dags retrieved from /Users/parth/Desktop/Engine/venv/lib/python3.11/site-packages/airflow/example_dags/subdags/subdag.py
[2025-07-17T00:27:17.769+0530] {processor.py:208} INFO - Processing /Users/parth/Desktop/Engine/venv/lib/python3.11/site-packages/airflow/example_dags/subdags/subdag.py took 0.061 seconds
[2025-07-17T00:29:20.005+0530] {processor.py:186} INFO - Started process (PID=14950) to work on /Users/parth/Desktop/Engine/venv/lib/python3.11/site-packages/airflow/example_dags/subdags/subdag.py
[2025-07-17T00:29:20.006+0530] {processor.py:914} INFO - Processing file /Users/parth/Desktop/Engine/venv/lib/python3.11/site-packages/airflow/example_dags/subdags/subdag.py for tasks to queue
[2025-07-17T00:29:20.006+0530] {logging_mixin.py:190} INFO - [2025-07-17T00:29:20.006+0530] {dagbag.py:588} INFO - Filling up the DagBag from /Users/parth/Desktop/Engine/venv/lib/python3.11/site-packages/airflow/example_dags/subdags/subdag.py
[2025-07-17T00:29:20.008+0530] {processor.py:927} WARNING - No viable dags retrieved from /Users/parth/Desktop/Engine/venv/lib/python3.11/site-packages/airflow/example_dags/subdags/subdag.py
[2025-07-17T00:29:20.063+0530] {processor.py:208} INFO - Processing /Users/parth/Desktop/Engine/venv/lib/python3.11/site-packages/airflow/example_dags/subdags/subdag.py took 0.060 seconds
[2025-07-17T00:31:17.773+0530] {processor.py:186} INFO - Started process (PID=15734) to work on /Users/parth/Desktop/Engine/venv/lib/python3.11/site-packages/airflow/example_dags/subdags/subdag.py
[2025-07-17T00:31:17.773+0530] {processor.py:914} INFO - Processing file /Users/parth/Desktop/Engine/venv/lib/python3.11/site-packages/airflow/example_dags/subdags/subdag.py for tasks to queue
[2025-07-17T00:31:17.774+0530] {logging_mixin.py:190} INFO - [2025-07-17T00:31:17.774+0530] {dagbag.py:588} INFO - Filling up the DagBag from /Users/parth/Desktop/Engine/venv/lib/python3.11/site-packages/airflow/example_dags/subdags/subdag.py
[2025-07-17T00:31:17.775+0530] {processor.py:927} WARNING - No viable dags retrieved from /Users/parth/Desktop/Engine/venv/lib/python3.11/site-packages/airflow/example_dags/subdags/subdag.py
[2025-07-17T00:31:17.831+0530] {processor.py:208} INFO - Processing /Users/parth/Desktop/Engine/venv/lib/python3.11/site-packages/airflow/example_dags/subdags/subdag.py took 0.061 seconds
[2025-07-17T00:33:04.291+0530] {processor.py:186} INFO - Started process (PID=16427) to work on /Users/parth/Desktop/Engine/venv/lib/python3.11/site-packages/airflow/example_dags/subdags/subdag.py
[2025-07-17T00:33:04.292+0530] {processor.py:914} INFO - Processing file /Users/parth/Desktop/Engine/venv/lib/python3.11/site-packages/airflow/example_dags/subdags/subdag.py for tasks to queue
[2025-07-17T00:33:04.293+0530] {logging_mixin.py:190} INFO - [2025-07-17T00:33:04.293+0530] {dagbag.py:588} INFO - Filling up the DagBag from /Users/parth/Desktop/Engine/venv/lib/python3.11/site-packages/airflow/example_dags/subdags/subdag.py
[2025-07-17T00:33:04.294+0530] {processor.py:927} WARNING - No viable dags retrieved from /Users/parth/Desktop/Engine/venv/lib/python3.11/site-packages/airflow/example_dags/subdags/subdag.py
[2025-07-17T00:33:04.350+0530] {processor.py:208} INFO - Processing /Users/parth/Desktop/Engine/venv/lib/python3.11/site-packages/airflow/example_dags/subdags/subdag.py took 0.061 seconds
[2025-07-17T00:35:07.622+0530] {processor.py:186} INFO - Started process (PID=17233) to work on /Users/parth/Desktop/Engine/venv/lib/python3.11/site-packages/airflow/example_dags/subdags/subdag.py
[2025-07-17T00:35:07.623+0530] {processor.py:914} INFO - Processing file /Users/parth/Desktop/Engine/venv/lib/python3.11/site-packages/airflow/example_dags/subdags/subdag.py for tasks to queue
[2025-07-17T00:35:07.624+0530] {logging_mixin.py:190} INFO - [2025-07-17T00:35:07.624+0530] {dagbag.py:588} INFO - Filling up the DagBag from /Users/parth/Desktop/Engine/venv/lib/python3.11/site-packages/airflow/example_dags/subdags/subdag.py
[2025-07-17T00:35:07.626+0530] {processor.py:927} WARNING - No viable dags retrieved from /Users/parth/Desktop/Engine/venv/lib/python3.11/site-packages/airflow/example_dags/subdags/subdag.py
[2025-07-17T00:35:07.697+0530] {processor.py:208} INFO - Processing /Users/parth/Desktop/Engine/venv/lib/python3.11/site-packages/airflow/example_dags/subdags/subdag.py took 0.078 seconds
[2025-07-17T00:37:08.435+0530] {processor.py:186} INFO - Started process (PID=18009) to work on /Users/parth/Desktop/Engine/venv/lib/python3.11/site-packages/airflow/example_dags/subdags/subdag.py
[2025-07-17T00:37:08.435+0530] {processor.py:914} INFO - Processing file /Users/parth/Desktop/Engine/venv/lib/python3.11/site-packages/airflow/example_dags/subdags/subdag.py for tasks to queue
[2025-07-17T00:37:08.436+0530] {logging_mixin.py:190} INFO - [2025-07-17T00:37:08.436+0530] {dagbag.py:588} INFO - Filling up the DagBag from /Users/parth/Desktop/Engine/venv/lib/python3.11/site-packages/airflow/example_dags/subdags/subdag.py
[2025-07-17T00:37:08.438+0530] {processor.py:927} WARNING - No viable dags retrieved from /Users/parth/Desktop/Engine/venv/lib/python3.11/site-packages/airflow/example_dags/subdags/subdag.py
[2025-07-17T00:37:08.504+0530] {processor.py:208} INFO - Processing /Users/parth/Desktop/Engine/venv/lib/python3.11/site-packages/airflow/example_dags/subdags/subdag.py took 0.073 seconds
[2025-07-17T00:39:16.332+0530] {processor.py:186} INFO - Started process (PID=18842) to work on /Users/parth/Desktop/Engine/venv/lib/python3.11/site-packages/airflow/example_dags/subdags/subdag.py
[2025-07-17T00:39:16.332+0530] {processor.py:914} INFO - Processing file /Users/parth/Desktop/Engine/venv/lib/python3.11/site-packages/airflow/example_dags/subdags/subdag.py for tasks to queue
[2025-07-17T00:39:16.333+0530] {logging_mixin.py:190} INFO - [2025-07-17T00:39:16.333+0530] {dagbag.py:588} INFO - Filling up the DagBag from /Users/parth/Desktop/Engine/venv/lib/python3.11/site-packages/airflow/example_dags/subdags/subdag.py
[2025-07-17T00:39:16.335+0530] {processor.py:927} WARNING - No viable dags retrieved from /Users/parth/Desktop/Engine/venv/lib/python3.11/site-packages/airflow/example_dags/subdags/subdag.py
[2025-07-17T00:39:16.392+0530] {processor.py:208} INFO - Processing /Users/parth/Desktop/Engine/venv/lib/python3.11/site-packages/airflow/example_dags/subdags/subdag.py took 0.063 seconds
[2025-07-17T00:41:37.207+0530] {processor.py:186} INFO - Started process (PID=19813) to work on /Users/parth/Desktop/Engine/venv/lib/python3.11/site-packages/airflow/example_dags/subdags/subdag.py
[2025-07-17T00:41:37.209+0530] {processor.py:914} INFO - Processing file /Users/parth/Desktop/Engine/venv/lib/python3.11/site-packages/airflow/example_dags/subdags/subdag.py for tasks to queue
[2025-07-17T00:41:37.211+0530] {logging_mixin.py:190} INFO - [2025-07-17T00:41:37.210+0530] {dagbag.py:588} INFO - Filling up the DagBag from /Users/parth/Desktop/Engine/venv/lib/python3.11/site-packages/airflow/example_dags/subdags/subdag.py
[2025-07-17T00:41:37.214+0530] {processor.py:927} WARNING - No viable dags retrieved from /Users/parth/Desktop/Engine/venv/lib/python3.11/site-packages/airflow/example_dags/subdags/subdag.py
[2025-07-17T00:41:37.309+0530] {processor.py:208} INFO - Processing /Users/parth/Desktop/Engine/venv/lib/python3.11/site-packages/airflow/example_dags/subdags/subdag.py took 0.107 seconds
[2025-07-17T00:43:48.134+0530] {processor.py:186} INFO - Started process (PID=20688) to work on /Users/parth/Desktop/Engine/venv/lib/python3.11/site-packages/airflow/example_dags/subdags/subdag.py
[2025-07-17T00:43:48.136+0530] {processor.py:914} INFO - Processing file /Users/parth/Desktop/Engine/venv/lib/python3.11/site-packages/airflow/example_dags/subdags/subdag.py for tasks to queue
[2025-07-17T00:43:48.137+0530] {logging_mixin.py:190} INFO - [2025-07-17T00:43:48.137+0530] {dagbag.py:588} INFO - Filling up the DagBag from /Users/parth/Desktop/Engine/venv/lib/python3.11/site-packages/airflow/example_dags/subdags/subdag.py
[2025-07-17T00:43:48.139+0530] {processor.py:927} WARNING - No viable dags retrieved from /Users/parth/Desktop/Engine/venv/lib/python3.11/site-packages/airflow/example_dags/subdags/subdag.py
[2025-07-17T00:43:48.197+0530] {processor.py:208} INFO - Processing /Users/parth/Desktop/Engine/venv/lib/python3.11/site-packages/airflow/example_dags/subdags/subdag.py took 0.066 seconds
[2025-07-17T00:45:49.199+0530] {processor.py:186} INFO - Started process (PID=21472) to work on /Users/parth/Desktop/Engine/venv/lib/python3.11/site-packages/airflow/example_dags/subdags/subdag.py
[2025-07-17T00:45:49.200+0530] {processor.py:914} INFO - Processing file /Users/parth/Desktop/Engine/venv/lib/python3.11/site-packages/airflow/example_dags/subdags/subdag.py for tasks to queue
[2025-07-17T00:45:49.201+0530] {logging_mixin.py:190} INFO - [2025-07-17T00:45:49.201+0530] {dagbag.py:588} INFO - Filling up the DagBag from /Users/parth/Desktop/Engine/venv/lib/python3.11/site-packages/airflow/example_dags/subdags/subdag.py
[2025-07-17T00:45:49.202+0530] {processor.py:927} WARNING - No viable dags retrieved from /Users/parth/Desktop/Engine/venv/lib/python3.11/site-packages/airflow/example_dags/subdags/subdag.py
[2025-07-17T00:45:49.258+0530] {processor.py:208} INFO - Processing /Users/parth/Desktop/Engine/venv/lib/python3.11/site-packages/airflow/example_dags/subdags/subdag.py took 0.061 seconds
[2025-07-17T00:47:49.177+0530] {processor.py:186} INFO - Started process (PID=22237) to work on /Users/parth/Desktop/Engine/venv/lib/python3.11/site-packages/airflow/example_dags/subdags/subdag.py
[2025-07-17T00:47:49.178+0530] {processor.py:914} INFO - Processing file /Users/parth/Desktop/Engine/venv/lib/python3.11/site-packages/airflow/example_dags/subdags/subdag.py for tasks to queue
[2025-07-17T00:47:49.178+0530] {logging_mixin.py:190} INFO - [2025-07-17T00:47:49.178+0530] {dagbag.py:588} INFO - Filling up the DagBag from /Users/parth/Desktop/Engine/venv/lib/python3.11/site-packages/airflow/example_dags/subdags/subdag.py
[2025-07-17T00:47:49.180+0530] {processor.py:927} WARNING - No viable dags retrieved from /Users/parth/Desktop/Engine/venv/lib/python3.11/site-packages/airflow/example_dags/subdags/subdag.py
[2025-07-17T00:47:49.235+0530] {processor.py:208} INFO - Processing /Users/parth/Desktop/Engine/venv/lib/python3.11/site-packages/airflow/example_dags/subdags/subdag.py took 0.061 seconds
