[2025-07-17T00:12:28.413+0530] {processor.py:186} INFO - Started process (PID=8087) to work on /Users/parth/Desktop/Engine/venv/lib/python3.11/site-packages/airflow/example_dags/example_outlet_event_extra.py
[2025-07-17T00:12:28.414+0530] {processor.py:914} INFO - Processing file /Users/parth/Desktop/Engine/venv/lib/python3.11/site-packages/airflow/example_dags/example_outlet_event_extra.py for tasks to queue
[2025-07-17T00:12:28.414+0530] {logging_mixin.py:190} INFO - [2025-07-17T00:12:28.414+0530] {dagbag.py:588} INFO - Filling up the DagBag from /Users/parth/Desktop/Engine/venv/lib/python3.11/site-packages/airflow/example_dags/example_outlet_event_extra.py
[2025-07-17T00:12:28.474+0530] {processor.py:925} INFO - DAG(s) 'dataset_with_extra_from_classic_operator', 'dataset_with_extra_by_yield', 'dataset_with_extra_by_context' retrieved from /Users/parth/Desktop/Engine/venv/lib/python3.11/site-packages/airflow/example_dags/example_outlet_event_extra.py
[2025-07-17T00:12:28.584+0530] {logging_mixin.py:190} INFO - [2025-07-17T00:12:28.584+0530] {override.py:1930} INFO - Created Permission View: can read on DAG:dataset_with_extra_from_classic_operator
[2025-07-17T00:12:28.640+0530] {logging_mixin.py:190} INFO - [2025-07-17T00:12:28.640+0530] {override.py:1930} INFO - Created Permission View: can edit on DAG:dataset_with_extra_from_classic_operator
[2025-07-17T00:12:28.643+0530] {logging_mixin.py:190} INFO - [2025-07-17T00:12:28.643+0530] {override.py:1930} INFO - Created Permission View: can delete on DAG:dataset_with_extra_from_classic_operator
[2025-07-17T00:12:28.648+0530] {logging_mixin.py:190} INFO - [2025-07-17T00:12:28.647+0530] {override.py:1930} INFO - Created Permission View: can read on DAG Run:dataset_with_extra_from_classic_operator
[2025-07-17T00:12:28.651+0530] {logging_mixin.py:190} INFO - [2025-07-17T00:12:28.651+0530] {override.py:1930} INFO - Created Permission View: can create on DAG Run:dataset_with_extra_from_classic_operator
[2025-07-17T00:12:28.654+0530] {logging_mixin.py:190} INFO - [2025-07-17T00:12:28.654+0530] {override.py:1930} INFO - Created Permission View: menu access on DAG Run:dataset_with_extra_from_classic_operator
[2025-07-17T00:12:28.657+0530] {logging_mixin.py:190} INFO - [2025-07-17T00:12:28.657+0530] {override.py:1930} INFO - Created Permission View: can delete on DAG Run:dataset_with_extra_from_classic_operator
[2025-07-17T00:12:28.664+0530] {logging_mixin.py:190} INFO - [2025-07-17T00:12:28.664+0530] {override.py:1930} INFO - Created Permission View: can read on DAG:dataset_with_extra_by_yield
[2025-07-17T00:12:28.667+0530] {logging_mixin.py:190} INFO - [2025-07-17T00:12:28.667+0530] {override.py:1930} INFO - Created Permission View: can edit on DAG:dataset_with_extra_by_yield
[2025-07-17T00:12:28.670+0530] {logging_mixin.py:190} INFO - [2025-07-17T00:12:28.670+0530] {override.py:1930} INFO - Created Permission View: can delete on DAG:dataset_with_extra_by_yield
[2025-07-17T00:12:28.675+0530] {logging_mixin.py:190} INFO - [2025-07-17T00:12:28.675+0530] {override.py:1930} INFO - Created Permission View: can read on DAG Run:dataset_with_extra_by_yield
[2025-07-17T00:12:28.678+0530] {logging_mixin.py:190} INFO - [2025-07-17T00:12:28.678+0530] {override.py:1930} INFO - Created Permission View: can create on DAG Run:dataset_with_extra_by_yield
[2025-07-17T00:12:28.681+0530] {logging_mixin.py:190} INFO - [2025-07-17T00:12:28.681+0530] {override.py:1930} INFO - Created Permission View: menu access on DAG Run:dataset_with_extra_by_yield
[2025-07-17T00:12:28.684+0530] {logging_mixin.py:190} INFO - [2025-07-17T00:12:28.684+0530] {override.py:1930} INFO - Created Permission View: can delete on DAG Run:dataset_with_extra_by_yield
[2025-07-17T00:12:28.690+0530] {logging_mixin.py:190} INFO - [2025-07-17T00:12:28.690+0530] {override.py:1930} INFO - Created Permission View: can read on DAG:dataset_with_extra_by_context
[2025-07-17T00:12:28.693+0530] {logging_mixin.py:190} INFO - [2025-07-17T00:12:28.693+0530] {override.py:1930} INFO - Created Permission View: can edit on DAG:dataset_with_extra_by_context
[2025-07-17T00:12:28.696+0530] {logging_mixin.py:190} INFO - [2025-07-17T00:12:28.696+0530] {override.py:1930} INFO - Created Permission View: can delete on DAG:dataset_with_extra_by_context
[2025-07-17T00:12:28.700+0530] {logging_mixin.py:190} INFO - [2025-07-17T00:12:28.700+0530] {override.py:1930} INFO - Created Permission View: can read on DAG Run:dataset_with_extra_by_context
[2025-07-17T00:12:28.704+0530] {logging_mixin.py:190} INFO - [2025-07-17T00:12:28.703+0530] {override.py:1930} INFO - Created Permission View: can create on DAG Run:dataset_with_extra_by_context
[2025-07-17T00:12:28.707+0530] {logging_mixin.py:190} INFO - [2025-07-17T00:12:28.706+0530] {override.py:1930} INFO - Created Permission View: menu access on DAG Run:dataset_with_extra_by_context
[2025-07-17T00:12:28.710+0530] {logging_mixin.py:190} INFO - [2025-07-17T00:12:28.709+0530] {override.py:1930} INFO - Created Permission View: can delete on DAG Run:dataset_with_extra_by_context
[2025-07-17T00:12:28.710+0530] {logging_mixin.py:190} INFO - [2025-07-17T00:12:28.710+0530] {dag.py:3239} INFO - Sync 3 DAGs
[2025-07-17T00:12:28.716+0530] {logging_mixin.py:190} INFO - [2025-07-17T00:12:28.716+0530] {dag.py:3262} INFO - Creating ORM DAG for dataset_with_extra_from_classic_operator
[2025-07-17T00:12:28.717+0530] {logging_mixin.py:190} INFO - [2025-07-17T00:12:28.717+0530] {dag.py:3262} INFO - Creating ORM DAG for dataset_with_extra_by_yield
[2025-07-17T00:12:28.717+0530] {logging_mixin.py:190} INFO - [2025-07-17T00:12:28.717+0530] {dag.py:3262} INFO - Creating ORM DAG for dataset_with_extra_by_context
[2025-07-17T00:12:28.722+0530] {logging_mixin.py:190} INFO - [2025-07-17T00:12:28.722+0530] {dag.py:4180} INFO - Setting next_dagrun for dataset_with_extra_by_context to 2025-07-15 00:00:00+00:00, run_after=2025-07-16 00:00:00+00:00
[2025-07-17T00:12:28.723+0530] {logging_mixin.py:190} INFO - [2025-07-17T00:12:28.723+0530] {dag.py:4180} INFO - Setting next_dagrun for dataset_with_extra_by_yield to 2025-07-15 00:00:00+00:00, run_after=2025-07-16 00:00:00+00:00
[2025-07-17T00:12:28.724+0530] {logging_mixin.py:190} INFO - [2025-07-17T00:12:28.724+0530] {dag.py:4180} INFO - Setting next_dagrun for dataset_with_extra_from_classic_operator to 2025-07-15 00:00:00+00:00, run_after=2025-07-16 00:00:00+00:00
[2025-07-17T00:12:29.427+0530] {processor.py:208} INFO - Processing /Users/parth/Desktop/Engine/venv/lib/python3.11/site-packages/airflow/example_dags/example_outlet_event_extra.py took 1.016 seconds
[2025-07-17T00:15:13.068+0530] {processor.py:186} INFO - Started process (PID=9160) to work on /Users/parth/Desktop/Engine/venv/lib/python3.11/site-packages/airflow/example_dags/example_outlet_event_extra.py
[2025-07-17T00:15:13.069+0530] {processor.py:914} INFO - Processing file /Users/parth/Desktop/Engine/venv/lib/python3.11/site-packages/airflow/example_dags/example_outlet_event_extra.py for tasks to queue
[2025-07-17T00:15:13.069+0530] {logging_mixin.py:190} INFO - [2025-07-17T00:15:13.069+0530] {dagbag.py:588} INFO - Filling up the DagBag from /Users/parth/Desktop/Engine/venv/lib/python3.11/site-packages/airflow/example_dags/example_outlet_event_extra.py
[2025-07-17T00:15:13.129+0530] {processor.py:925} INFO - DAG(s) 'dataset_with_extra_from_classic_operator', 'dataset_with_extra_by_yield', 'dataset_with_extra_by_context' retrieved from /Users/parth/Desktop/Engine/venv/lib/python3.11/site-packages/airflow/example_dags/example_outlet_event_extra.py
[2025-07-17T00:15:13.197+0530] {logging_mixin.py:190} INFO - [2025-07-17T00:15:13.197+0530] {dag.py:3239} INFO - Sync 3 DAGs
[2025-07-17T00:15:13.209+0530] {logging_mixin.py:190} INFO - [2025-07-17T00:15:13.209+0530] {dag.py:4180} INFO - Setting next_dagrun for dataset_with_extra_by_context to 2025-07-15 00:00:00+00:00, run_after=2025-07-16 00:00:00+00:00
[2025-07-17T00:15:13.211+0530] {logging_mixin.py:190} INFO - [2025-07-17T00:15:13.211+0530] {dag.py:4180} INFO - Setting next_dagrun for dataset_with_extra_by_yield to 2025-07-15 00:00:00+00:00, run_after=2025-07-16 00:00:00+00:00
[2025-07-17T00:15:13.212+0530] {logging_mixin.py:190} INFO - [2025-07-17T00:15:13.212+0530] {dag.py:4180} INFO - Setting next_dagrun for dataset_with_extra_from_classic_operator to 2025-07-15 00:00:00+00:00, run_after=2025-07-16 00:00:00+00:00
[2025-07-17T00:15:13.225+0530] {processor.py:208} INFO - Processing /Users/parth/Desktop/Engine/venv/lib/python3.11/site-packages/airflow/example_dags/example_outlet_event_extra.py took 0.160 seconds
[2025-07-17T00:17:21.023+0530] {processor.py:186} INFO - Started process (PID=10007) to work on /Users/parth/Desktop/Engine/venv/lib/python3.11/site-packages/airflow/example_dags/example_outlet_event_extra.py
[2025-07-17T00:17:21.024+0530] {processor.py:914} INFO - Processing file /Users/parth/Desktop/Engine/venv/lib/python3.11/site-packages/airflow/example_dags/example_outlet_event_extra.py for tasks to queue
[2025-07-17T00:17:21.025+0530] {logging_mixin.py:190} INFO - [2025-07-17T00:17:21.025+0530] {dagbag.py:588} INFO - Filling up the DagBag from /Users/parth/Desktop/Engine/venv/lib/python3.11/site-packages/airflow/example_dags/example_outlet_event_extra.py
[2025-07-17T00:17:21.079+0530] {processor.py:925} INFO - DAG(s) 'dataset_with_extra_from_classic_operator', 'dataset_with_extra_by_context', 'dataset_with_extra_by_yield' retrieved from /Users/parth/Desktop/Engine/venv/lib/python3.11/site-packages/airflow/example_dags/example_outlet_event_extra.py
[2025-07-17T00:17:21.140+0530] {logging_mixin.py:190} INFO - [2025-07-17T00:17:21.140+0530] {dag.py:3239} INFO - Sync 3 DAGs
[2025-07-17T00:17:21.151+0530] {logging_mixin.py:190} INFO - [2025-07-17T00:17:21.151+0530] {dag.py:4180} INFO - Setting next_dagrun for dataset_with_extra_by_context to 2025-07-15 00:00:00+00:00, run_after=2025-07-16 00:00:00+00:00
[2025-07-17T00:17:21.154+0530] {logging_mixin.py:190} INFO - [2025-07-17T00:17:21.154+0530] {dag.py:4180} INFO - Setting next_dagrun for dataset_with_extra_by_yield to 2025-07-15 00:00:00+00:00, run_after=2025-07-16 00:00:00+00:00
[2025-07-17T00:17:21.155+0530] {logging_mixin.py:190} INFO - [2025-07-17T00:17:21.155+0530] {dag.py:4180} INFO - Setting next_dagrun for dataset_with_extra_from_classic_operator to 2025-07-15 00:00:00+00:00, run_after=2025-07-16 00:00:00+00:00
[2025-07-17T00:17:21.167+0530] {processor.py:208} INFO - Processing /Users/parth/Desktop/Engine/venv/lib/python3.11/site-packages/airflow/example_dags/example_outlet_event_extra.py took 0.147 seconds
[2025-07-17T00:20:02.225+0530] {processor.py:186} INFO - Started process (PID=11102) to work on /Users/parth/Desktop/Engine/venv/lib/python3.11/site-packages/airflow/example_dags/example_outlet_event_extra.py
[2025-07-17T00:20:02.230+0530] {processor.py:914} INFO - Processing file /Users/parth/Desktop/Engine/venv/lib/python3.11/site-packages/airflow/example_dags/example_outlet_event_extra.py for tasks to queue
[2025-07-17T00:20:02.232+0530] {logging_mixin.py:190} INFO - [2025-07-17T00:20:02.231+0530] {dagbag.py:588} INFO - Filling up the DagBag from /Users/parth/Desktop/Engine/venv/lib/python3.11/site-packages/airflow/example_dags/example_outlet_event_extra.py
[2025-07-17T00:20:02.508+0530] {processor.py:925} INFO - DAG(s) 'dataset_with_extra_by_yield', 'dataset_with_extra_from_classic_operator', 'dataset_with_extra_by_context' retrieved from /Users/parth/Desktop/Engine/venv/lib/python3.11/site-packages/airflow/example_dags/example_outlet_event_extra.py
[2025-07-17T00:20:02.669+0530] {logging_mixin.py:190} INFO - [2025-07-17T00:20:02.669+0530] {dag.py:3239} INFO - Sync 3 DAGs
[2025-07-17T00:20:02.697+0530] {logging_mixin.py:190} INFO - [2025-07-17T00:20:02.696+0530] {dag.py:4180} INFO - Setting next_dagrun for dataset_with_extra_by_context to 2025-07-15 00:00:00+00:00, run_after=2025-07-16 00:00:00+00:00
[2025-07-17T00:20:02.702+0530] {logging_mixin.py:190} INFO - [2025-07-17T00:20:02.702+0530] {dag.py:4180} INFO - Setting next_dagrun for dataset_with_extra_by_yield to 2025-07-15 00:00:00+00:00, run_after=2025-07-16 00:00:00+00:00
[2025-07-17T00:20:02.705+0530] {logging_mixin.py:190} INFO - [2025-07-17T00:20:02.705+0530] {dag.py:4180} INFO - Setting next_dagrun for dataset_with_extra_from_classic_operator to 2025-07-15 00:00:00+00:00, run_after=2025-07-16 00:00:00+00:00
[2025-07-17T00:20:02.739+0530] {processor.py:208} INFO - Processing /Users/parth/Desktop/Engine/venv/lib/python3.11/site-packages/airflow/example_dags/example_outlet_event_extra.py took 0.524 seconds
[2025-07-17T00:22:34.780+0530] {processor.py:186} INFO - Started process (PID=12247) to work on /Users/parth/Desktop/Engine/venv/lib/python3.11/site-packages/airflow/example_dags/example_outlet_event_extra.py
[2025-07-17T00:22:34.781+0530] {processor.py:914} INFO - Processing file /Users/parth/Desktop/Engine/venv/lib/python3.11/site-packages/airflow/example_dags/example_outlet_event_extra.py for tasks to queue
[2025-07-17T00:22:34.782+0530] {logging_mixin.py:190} INFO - [2025-07-17T00:22:34.782+0530] {dagbag.py:588} INFO - Filling up the DagBag from /Users/parth/Desktop/Engine/venv/lib/python3.11/site-packages/airflow/example_dags/example_outlet_event_extra.py
[2025-07-17T00:22:34.847+0530] {processor.py:925} INFO - DAG(s) 'dataset_with_extra_by_yield', 'dataset_with_extra_by_context', 'dataset_with_extra_from_classic_operator' retrieved from /Users/parth/Desktop/Engine/venv/lib/python3.11/site-packages/airflow/example_dags/example_outlet_event_extra.py
[2025-07-17T00:22:34.910+0530] {logging_mixin.py:190} INFO - [2025-07-17T00:22:34.910+0530] {dag.py:3239} INFO - Sync 3 DAGs
[2025-07-17T00:22:34.922+0530] {logging_mixin.py:190} INFO - [2025-07-17T00:22:34.922+0530] {dag.py:4180} INFO - Setting next_dagrun for dataset_with_extra_by_context to 2025-07-15 00:00:00+00:00, run_after=2025-07-16 00:00:00+00:00
[2025-07-17T00:22:34.925+0530] {logging_mixin.py:190} INFO - [2025-07-17T00:22:34.925+0530] {dag.py:4180} INFO - Setting next_dagrun for dataset_with_extra_by_yield to 2025-07-15 00:00:00+00:00, run_after=2025-07-16 00:00:00+00:00
[2025-07-17T00:22:34.926+0530] {logging_mixin.py:190} INFO - [2025-07-17T00:22:34.926+0530] {dag.py:4180} INFO - Setting next_dagrun for dataset_with_extra_from_classic_operator to 2025-07-15 00:00:00+00:00, run_after=2025-07-16 00:00:00+00:00
[2025-07-17T00:22:34.941+0530] {processor.py:208} INFO - Processing /Users/parth/Desktop/Engine/venv/lib/python3.11/site-packages/airflow/example_dags/example_outlet_event_extra.py took 0.163 seconds
[2025-07-17T00:24:41.270+0530] {processor.py:186} INFO - Started process (PID=13107) to work on /Users/parth/Desktop/Engine/venv/lib/python3.11/site-packages/airflow/example_dags/example_outlet_event_extra.py
[2025-07-17T00:24:41.271+0530] {processor.py:914} INFO - Processing file /Users/parth/Desktop/Engine/venv/lib/python3.11/site-packages/airflow/example_dags/example_outlet_event_extra.py for tasks to queue
[2025-07-17T00:24:41.272+0530] {logging_mixin.py:190} INFO - [2025-07-17T00:24:41.271+0530] {dagbag.py:588} INFO - Filling up the DagBag from /Users/parth/Desktop/Engine/venv/lib/python3.11/site-packages/airflow/example_dags/example_outlet_event_extra.py
[2025-07-17T00:24:41.328+0530] {processor.py:925} INFO - DAG(s) 'dataset_with_extra_by_context', 'dataset_with_extra_by_yield', 'dataset_with_extra_from_classic_operator' retrieved from /Users/parth/Desktop/Engine/venv/lib/python3.11/site-packages/airflow/example_dags/example_outlet_event_extra.py
[2025-07-17T00:24:41.391+0530] {logging_mixin.py:190} INFO - [2025-07-17T00:24:41.390+0530] {dag.py:3239} INFO - Sync 3 DAGs
[2025-07-17T00:24:41.402+0530] {logging_mixin.py:190} INFO - [2025-07-17T00:24:41.402+0530] {dag.py:4180} INFO - Setting next_dagrun for dataset_with_extra_by_context to 2025-07-15 00:00:00+00:00, run_after=2025-07-16 00:00:00+00:00
[2025-07-17T00:24:41.405+0530] {logging_mixin.py:190} INFO - [2025-07-17T00:24:41.405+0530] {dag.py:4180} INFO - Setting next_dagrun for dataset_with_extra_by_yield to 2025-07-15 00:00:00+00:00, run_after=2025-07-16 00:00:00+00:00
[2025-07-17T00:24:41.406+0530] {logging_mixin.py:190} INFO - [2025-07-17T00:24:41.406+0530] {dag.py:4180} INFO - Setting next_dagrun for dataset_with_extra_from_classic_operator to 2025-07-15 00:00:00+00:00, run_after=2025-07-16 00:00:00+00:00
[2025-07-17T00:24:41.419+0530] {processor.py:208} INFO - Processing /Users/parth/Desktop/Engine/venv/lib/python3.11/site-packages/airflow/example_dags/example_outlet_event_extra.py took 0.151 seconds
[2025-07-17T00:28:42.950+0530] {processor.py:186} INFO - Started process (PID=14710) to work on /Users/parth/Desktop/Engine/venv/lib/python3.11/site-packages/airflow/example_dags/example_outlet_event_extra.py
[2025-07-17T00:28:42.951+0530] {processor.py:914} INFO - Processing file /Users/parth/Desktop/Engine/venv/lib/python3.11/site-packages/airflow/example_dags/example_outlet_event_extra.py for tasks to queue
[2025-07-17T00:28:42.952+0530] {logging_mixin.py:190} INFO - [2025-07-17T00:28:42.952+0530] {dagbag.py:588} INFO - Filling up the DagBag from /Users/parth/Desktop/Engine/venv/lib/python3.11/site-packages/airflow/example_dags/example_outlet_event_extra.py
[2025-07-17T00:28:43.014+0530] {processor.py:925} INFO - DAG(s) 'dataset_with_extra_by_yield', 'dataset_with_extra_from_classic_operator', 'dataset_with_extra_by_context' retrieved from /Users/parth/Desktop/Engine/venv/lib/python3.11/site-packages/airflow/example_dags/example_outlet_event_extra.py
[2025-07-17T00:28:43.076+0530] {logging_mixin.py:190} INFO - [2025-07-17T00:28:43.076+0530] {dag.py:3239} INFO - Sync 3 DAGs
[2025-07-17T00:28:43.088+0530] {logging_mixin.py:190} INFO - [2025-07-17T00:28:43.088+0530] {dag.py:4180} INFO - Setting next_dagrun for dataset_with_extra_by_context to 2025-07-15 00:00:00+00:00, run_after=2025-07-16 00:00:00+00:00
[2025-07-17T00:28:43.091+0530] {logging_mixin.py:190} INFO - [2025-07-17T00:28:43.091+0530] {dag.py:4180} INFO - Setting next_dagrun for dataset_with_extra_by_yield to 2025-07-15 00:00:00+00:00, run_after=2025-07-16 00:00:00+00:00
[2025-07-17T00:28:43.093+0530] {logging_mixin.py:190} INFO - [2025-07-17T00:28:43.093+0530] {dag.py:4180} INFO - Setting next_dagrun for dataset_with_extra_from_classic_operator to 2025-07-15 00:00:00+00:00, run_after=2025-07-16 00:00:00+00:00
[2025-07-17T00:28:43.105+0530] {processor.py:208} INFO - Processing /Users/parth/Desktop/Engine/venv/lib/python3.11/site-packages/airflow/example_dags/example_outlet_event_extra.py took 0.157 seconds
[2025-07-17T00:32:30.998+0530] {processor.py:186} INFO - Started process (PID=16215) to work on /Users/parth/Desktop/Engine/venv/lib/python3.11/site-packages/airflow/example_dags/example_outlet_event_extra.py
[2025-07-17T00:32:30.999+0530] {processor.py:914} INFO - Processing file /Users/parth/Desktop/Engine/venv/lib/python3.11/site-packages/airflow/example_dags/example_outlet_event_extra.py for tasks to queue
[2025-07-17T00:32:31.000+0530] {logging_mixin.py:190} INFO - [2025-07-17T00:32:30.999+0530] {dagbag.py:588} INFO - Filling up the DagBag from /Users/parth/Desktop/Engine/venv/lib/python3.11/site-packages/airflow/example_dags/example_outlet_event_extra.py
[2025-07-17T00:32:31.060+0530] {processor.py:925} INFO - DAG(s) 'dataset_with_extra_by_context', 'dataset_with_extra_from_classic_operator', 'dataset_with_extra_by_yield' retrieved from /Users/parth/Desktop/Engine/venv/lib/python3.11/site-packages/airflow/example_dags/example_outlet_event_extra.py
[2025-07-17T00:32:31.123+0530] {logging_mixin.py:190} INFO - [2025-07-17T00:32:31.123+0530] {dag.py:3239} INFO - Sync 3 DAGs
[2025-07-17T00:32:31.134+0530] {logging_mixin.py:190} INFO - [2025-07-17T00:32:31.134+0530] {dag.py:4180} INFO - Setting next_dagrun for dataset_with_extra_by_context to 2025-07-15 00:00:00+00:00, run_after=2025-07-16 00:00:00+00:00
[2025-07-17T00:32:31.137+0530] {logging_mixin.py:190} INFO - [2025-07-17T00:32:31.137+0530] {dag.py:4180} INFO - Setting next_dagrun for dataset_with_extra_by_yield to 2025-07-15 00:00:00+00:00, run_after=2025-07-16 00:00:00+00:00
[2025-07-17T00:32:31.138+0530] {logging_mixin.py:190} INFO - [2025-07-17T00:32:31.138+0530] {dag.py:4180} INFO - Setting next_dagrun for dataset_with_extra_from_classic_operator to 2025-07-15 00:00:00+00:00, run_after=2025-07-16 00:00:00+00:00
[2025-07-17T00:32:31.151+0530] {processor.py:208} INFO - Processing /Users/parth/Desktop/Engine/venv/lib/python3.11/site-packages/airflow/example_dags/example_outlet_event_extra.py took 0.155 seconds
[2025-07-17T00:36:29.610+0530] {processor.py:186} INFO - Started process (PID=17768) to work on /Users/parth/Desktop/Engine/venv/lib/python3.11/site-packages/airflow/example_dags/example_outlet_event_extra.py
[2025-07-17T00:36:29.612+0530] {processor.py:914} INFO - Processing file /Users/parth/Desktop/Engine/venv/lib/python3.11/site-packages/airflow/example_dags/example_outlet_event_extra.py for tasks to queue
[2025-07-17T00:36:29.612+0530] {logging_mixin.py:190} INFO - [2025-07-17T00:36:29.612+0530] {dagbag.py:588} INFO - Filling up the DagBag from /Users/parth/Desktop/Engine/venv/lib/python3.11/site-packages/airflow/example_dags/example_outlet_event_extra.py
[2025-07-17T00:36:29.674+0530] {processor.py:925} INFO - DAG(s) 'dataset_with_extra_from_classic_operator', 'dataset_with_extra_by_yield', 'dataset_with_extra_by_context' retrieved from /Users/parth/Desktop/Engine/venv/lib/python3.11/site-packages/airflow/example_dags/example_outlet_event_extra.py
[2025-07-17T00:36:29.738+0530] {logging_mixin.py:190} INFO - [2025-07-17T00:36:29.738+0530] {dag.py:3239} INFO - Sync 3 DAGs
[2025-07-17T00:36:29.751+0530] {logging_mixin.py:190} INFO - [2025-07-17T00:36:29.750+0530] {dag.py:4180} INFO - Setting next_dagrun for dataset_with_extra_by_context to 2025-07-15 00:00:00+00:00, run_after=2025-07-16 00:00:00+00:00
[2025-07-17T00:36:29.753+0530] {logging_mixin.py:190} INFO - [2025-07-17T00:36:29.753+0530] {dag.py:4180} INFO - Setting next_dagrun for dataset_with_extra_by_yield to 2025-07-15 00:00:00+00:00, run_after=2025-07-16 00:00:00+00:00
[2025-07-17T00:36:29.755+0530] {logging_mixin.py:190} INFO - [2025-07-17T00:36:29.755+0530] {dag.py:4180} INFO - Setting next_dagrun for dataset_with_extra_from_classic_operator to 2025-07-15 00:00:00+00:00, run_after=2025-07-16 00:00:00+00:00
[2025-07-17T00:36:29.768+0530] {processor.py:208} INFO - Processing /Users/parth/Desktop/Engine/venv/lib/python3.11/site-packages/airflow/example_dags/example_outlet_event_extra.py took 0.161 seconds
[2025-07-17T00:38:36.800+0530] {processor.py:186} INFO - Started process (PID=18584) to work on /Users/parth/Desktop/Engine/venv/lib/python3.11/site-packages/airflow/example_dags/example_outlet_event_extra.py
[2025-07-17T00:38:36.802+0530] {processor.py:914} INFO - Processing file /Users/parth/Desktop/Engine/venv/lib/python3.11/site-packages/airflow/example_dags/example_outlet_event_extra.py for tasks to queue
[2025-07-17T00:38:36.803+0530] {logging_mixin.py:190} INFO - [2025-07-17T00:38:36.803+0530] {dagbag.py:588} INFO - Filling up the DagBag from /Users/parth/Desktop/Engine/venv/lib/python3.11/site-packages/airflow/example_dags/example_outlet_event_extra.py
[2025-07-17T00:38:36.889+0530] {processor.py:925} INFO - DAG(s) 'dataset_with_extra_by_yield', 'dataset_with_extra_by_context', 'dataset_with_extra_from_classic_operator' retrieved from /Users/parth/Desktop/Engine/venv/lib/python3.11/site-packages/airflow/example_dags/example_outlet_event_extra.py
[2025-07-17T00:38:36.962+0530] {logging_mixin.py:190} INFO - [2025-07-17T00:38:36.962+0530] {dag.py:3239} INFO - Sync 3 DAGs
[2025-07-17T00:38:36.976+0530] {logging_mixin.py:190} INFO - [2025-07-17T00:38:36.976+0530] {dag.py:4180} INFO - Setting next_dagrun for dataset_with_extra_by_context to 2025-07-15 00:00:00+00:00, run_after=2025-07-16 00:00:00+00:00
[2025-07-17T00:38:36.980+0530] {logging_mixin.py:190} INFO - [2025-07-17T00:38:36.980+0530] {dag.py:4180} INFO - Setting next_dagrun for dataset_with_extra_by_yield to 2025-07-15 00:00:00+00:00, run_after=2025-07-16 00:00:00+00:00
[2025-07-17T00:38:36.982+0530] {logging_mixin.py:190} INFO - [2025-07-17T00:38:36.982+0530] {dag.py:4180} INFO - Setting next_dagrun for dataset_with_extra_from_classic_operator to 2025-07-15 00:00:00+00:00, run_after=2025-07-16 00:00:00+00:00
[2025-07-17T00:38:36.997+0530] {processor.py:208} INFO - Processing /Users/parth/Desktop/Engine/venv/lib/python3.11/site-packages/airflow/example_dags/example_outlet_event_extra.py took 0.201 seconds
[2025-07-17T00:40:49.458+0530] {processor.py:186} INFO - Started process (PID=19507) to work on /Users/parth/Desktop/Engine/venv/lib/python3.11/site-packages/airflow/example_dags/example_outlet_event_extra.py
[2025-07-17T00:40:49.461+0530] {processor.py:914} INFO - Processing file /Users/parth/Desktop/Engine/venv/lib/python3.11/site-packages/airflow/example_dags/example_outlet_event_extra.py for tasks to queue
[2025-07-17T00:40:49.463+0530] {logging_mixin.py:190} INFO - [2025-07-17T00:40:49.462+0530] {dagbag.py:588} INFO - Filling up the DagBag from /Users/parth/Desktop/Engine/venv/lib/python3.11/site-packages/airflow/example_dags/example_outlet_event_extra.py
[2025-07-17T00:40:49.576+0530] {processor.py:925} INFO - DAG(s) 'dataset_with_extra_by_yield', 'dataset_with_extra_by_context', 'dataset_with_extra_from_classic_operator' retrieved from /Users/parth/Desktop/Engine/venv/lib/python3.11/site-packages/airflow/example_dags/example_outlet_event_extra.py
[2025-07-17T00:40:49.718+0530] {logging_mixin.py:190} INFO - [2025-07-17T00:40:49.717+0530] {dag.py:3239} INFO - Sync 3 DAGs
[2025-07-17T00:40:49.741+0530] {logging_mixin.py:190} INFO - [2025-07-17T00:40:49.741+0530] {dag.py:4180} INFO - Setting next_dagrun for dataset_with_extra_by_context to 2025-07-15 00:00:00+00:00, run_after=2025-07-16 00:00:00+00:00
[2025-07-17T00:40:49.747+0530] {logging_mixin.py:190} INFO - [2025-07-17T00:40:49.746+0530] {dag.py:4180} INFO - Setting next_dagrun for dataset_with_extra_by_yield to 2025-07-15 00:00:00+00:00, run_after=2025-07-16 00:00:00+00:00
[2025-07-17T00:40:49.749+0530] {logging_mixin.py:190} INFO - [2025-07-17T00:40:49.749+0530] {dag.py:4180} INFO - Setting next_dagrun for dataset_with_extra_from_classic_operator to 2025-07-15 00:00:00+00:00, run_after=2025-07-16 00:00:00+00:00
[2025-07-17T00:40:49.775+0530] {processor.py:208} INFO - Processing /Users/parth/Desktop/Engine/venv/lib/python3.11/site-packages/airflow/example_dags/example_outlet_event_extra.py took 0.321 seconds
[2025-07-17T00:43:09.054+0530] {processor.py:186} INFO - Started process (PID=20429) to work on /Users/parth/Desktop/Engine/venv/lib/python3.11/site-packages/airflow/example_dags/example_outlet_event_extra.py
[2025-07-17T00:43:09.055+0530] {processor.py:914} INFO - Processing file /Users/parth/Desktop/Engine/venv/lib/python3.11/site-packages/airflow/example_dags/example_outlet_event_extra.py for tasks to queue
[2025-07-17T00:43:09.055+0530] {logging_mixin.py:190} INFO - [2025-07-17T00:43:09.055+0530] {dagbag.py:588} INFO - Filling up the DagBag from /Users/parth/Desktop/Engine/venv/lib/python3.11/site-packages/airflow/example_dags/example_outlet_event_extra.py
[2025-07-17T00:43:09.120+0530] {processor.py:925} INFO - DAG(s) 'dataset_with_extra_by_yield', 'dataset_with_extra_by_context', 'dataset_with_extra_from_classic_operator' retrieved from /Users/parth/Desktop/Engine/venv/lib/python3.11/site-packages/airflow/example_dags/example_outlet_event_extra.py
[2025-07-17T00:43:09.183+0530] {logging_mixin.py:190} INFO - [2025-07-17T00:43:09.183+0530] {dag.py:3239} INFO - Sync 3 DAGs
[2025-07-17T00:43:09.197+0530] {logging_mixin.py:190} INFO - [2025-07-17T00:43:09.196+0530] {dag.py:4180} INFO - Setting next_dagrun for dataset_with_extra_by_context to 2025-07-15 00:00:00+00:00, run_after=2025-07-16 00:00:00+00:00
[2025-07-17T00:43:09.199+0530] {logging_mixin.py:190} INFO - [2025-07-17T00:43:09.199+0530] {dag.py:4180} INFO - Setting next_dagrun for dataset_with_extra_by_yield to 2025-07-15 00:00:00+00:00, run_after=2025-07-16 00:00:00+00:00
[2025-07-17T00:43:09.201+0530] {logging_mixin.py:190} INFO - [2025-07-17T00:43:09.201+0530] {dag.py:4180} INFO - Setting next_dagrun for dataset_with_extra_from_classic_operator to 2025-07-15 00:00:00+00:00, run_after=2025-07-16 00:00:00+00:00
[2025-07-17T00:43:09.215+0530] {processor.py:208} INFO - Processing /Users/parth/Desktop/Engine/venv/lib/python3.11/site-packages/airflow/example_dags/example_outlet_event_extra.py took 0.164 seconds
[2025-07-17T00:45:14.393+0530] {processor.py:186} INFO - Started process (PID=21253) to work on /Users/parth/Desktop/Engine/venv/lib/python3.11/site-packages/airflow/example_dags/example_outlet_event_extra.py
[2025-07-17T00:45:14.394+0530] {processor.py:914} INFO - Processing file /Users/parth/Desktop/Engine/venv/lib/python3.11/site-packages/airflow/example_dags/example_outlet_event_extra.py for tasks to queue
[2025-07-17T00:45:14.395+0530] {logging_mixin.py:190} INFO - [2025-07-17T00:45:14.395+0530] {dagbag.py:588} INFO - Filling up the DagBag from /Users/parth/Desktop/Engine/venv/lib/python3.11/site-packages/airflow/example_dags/example_outlet_event_extra.py
[2025-07-17T00:45:14.457+0530] {processor.py:925} INFO - DAG(s) 'dataset_with_extra_from_classic_operator', 'dataset_with_extra_by_yield', 'dataset_with_extra_by_context' retrieved from /Users/parth/Desktop/Engine/venv/lib/python3.11/site-packages/airflow/example_dags/example_outlet_event_extra.py
[2025-07-17T00:45:14.520+0530] {logging_mixin.py:190} INFO - [2025-07-17T00:45:14.520+0530] {dag.py:3239} INFO - Sync 3 DAGs
[2025-07-17T00:45:14.532+0530] {logging_mixin.py:190} INFO - [2025-07-17T00:45:14.531+0530] {dag.py:4180} INFO - Setting next_dagrun for dataset_with_extra_by_context to 2025-07-15 00:00:00+00:00, run_after=2025-07-16 00:00:00+00:00
[2025-07-17T00:45:14.534+0530] {logging_mixin.py:190} INFO - [2025-07-17T00:45:14.534+0530] {dag.py:4180} INFO - Setting next_dagrun for dataset_with_extra_by_yield to 2025-07-15 00:00:00+00:00, run_after=2025-07-16 00:00:00+00:00
[2025-07-17T00:45:14.535+0530] {logging_mixin.py:190} INFO - [2025-07-17T00:45:14.535+0530] {dag.py:4180} INFO - Setting next_dagrun for dataset_with_extra_from_classic_operator to 2025-07-15 00:00:00+00:00, run_after=2025-07-16 00:00:00+00:00
[2025-07-17T00:45:14.549+0530] {processor.py:208} INFO - Processing /Users/parth/Desktop/Engine/venv/lib/python3.11/site-packages/airflow/example_dags/example_outlet_event_extra.py took 0.158 seconds
[2025-07-17T04:19:10.459+0530] {processor.py:186} INFO - Started process (PID=22924) to work on /Users/parth/Desktop/Engine/venv/lib/python3.11/site-packages/airflow/example_dags/example_outlet_event_extra.py
[2025-07-17T04:19:10.460+0530] {processor.py:914} INFO - Processing file /Users/parth/Desktop/Engine/venv/lib/python3.11/site-packages/airflow/example_dags/example_outlet_event_extra.py for tasks to queue
[2025-07-17T04:19:10.460+0530] {logging_mixin.py:190} INFO - [2025-07-17T04:19:10.460+0530] {dagbag.py:588} INFO - Filling up the DagBag from /Users/parth/Desktop/Engine/venv/lib/python3.11/site-packages/airflow/example_dags/example_outlet_event_extra.py
[2025-07-17T04:19:10.522+0530] {processor.py:925} INFO - DAG(s) 'dataset_with_extra_from_classic_operator', 'dataset_with_extra_by_context', 'dataset_with_extra_by_yield' retrieved from /Users/parth/Desktop/Engine/venv/lib/python3.11/site-packages/airflow/example_dags/example_outlet_event_extra.py
[2025-07-17T04:19:10.586+0530] {logging_mixin.py:190} INFO - [2025-07-17T04:19:10.585+0530] {dag.py:3239} INFO - Sync 3 DAGs
[2025-07-17T04:19:10.597+0530] {logging_mixin.py:190} INFO - [2025-07-17T04:19:10.597+0530] {dag.py:4180} INFO - Setting next_dagrun for dataset_with_extra_by_context to 2025-07-15 00:00:00+00:00, run_after=2025-07-16 00:00:00+00:00
[2025-07-17T04:19:10.600+0530] {logging_mixin.py:190} INFO - [2025-07-17T04:19:10.600+0530] {dag.py:4180} INFO - Setting next_dagrun for dataset_with_extra_by_yield to 2025-07-15 00:00:00+00:00, run_after=2025-07-16 00:00:00+00:00
[2025-07-17T04:19:10.601+0530] {logging_mixin.py:190} INFO - [2025-07-17T04:19:10.601+0530] {dag.py:4180} INFO - Setting next_dagrun for dataset_with_extra_from_classic_operator to 2025-07-15 00:00:00+00:00, run_after=2025-07-16 00:00:00+00:00
[2025-07-17T04:19:10.614+0530] {processor.py:208} INFO - Processing /Users/parth/Desktop/Engine/venv/lib/python3.11/site-packages/airflow/example_dags/example_outlet_event_extra.py took 0.157 seconds
