[2025-07-17T00:13:09.603+0530] {processor.py:186} INFO - Started process (PID=8344) to work on /Users/parth/Desktop/Engine/venv/lib/python3.11/site-packages/airflow/example_dags/example_dag_decorator.py
[2025-07-17T00:13:09.603+0530] {processor.py:914} INFO - Processing file /Users/parth/Desktop/Engine/venv/lib/python3.11/site-packages/airflow/example_dags/example_dag_decorator.py for tasks to queue
[2025-07-17T00:13:09.604+0530] {logging_mixin.py:190} INFO - [2025-07-17T00:13:09.604+0530] {dagbag.py:588} INFO - Filling up the DagBag from /Users/parth/Desktop/Engine/venv/lib/python3.11/site-packages/airflow/example_dags/example_dag_decorator.py
[2025-07-17T00:13:09.670+0530] {processor.py:925} INFO - DAG(s) 'example_dag_decorator' retrieved from /Users/parth/Desktop/Engine/venv/lib/python3.11/site-packages/airflow/example_dags/example_dag_decorator.py
[2025-07-17T00:13:09.865+0530] {logging_mixin.py:190} INFO - [2025-07-17T00:13:09.864+0530] {override.py:1930} INFO - Created Permission View: can edit on DAG:example_dag_decorator
[2025-07-17T00:13:09.871+0530] {logging_mixin.py:190} INFO - [2025-07-17T00:13:09.871+0530] {override.py:1930} INFO - Created Permission View: can delete on DAG:example_dag_decorator
[2025-07-17T00:13:09.876+0530] {logging_mixin.py:190} INFO - [2025-07-17T00:13:09.876+0530] {override.py:1930} INFO - Created Permission View: can read on DAG:example_dag_decorator
[2025-07-17T00:13:09.881+0530] {logging_mixin.py:190} INFO - [2025-07-17T00:13:09.881+0530] {override.py:1930} INFO - Created Permission View: can create on DAG Run:example_dag_decorator
[2025-07-17T00:13:09.885+0530] {logging_mixin.py:190} INFO - [2025-07-17T00:13:09.884+0530] {override.py:1930} INFO - Created Permission View: can delete on DAG Run:example_dag_decorator
[2025-07-17T00:13:09.889+0530] {logging_mixin.py:190} INFO - [2025-07-17T00:13:09.888+0530] {override.py:1930} INFO - Created Permission View: can read on DAG Run:example_dag_decorator
[2025-07-17T00:13:09.893+0530] {logging_mixin.py:190} INFO - [2025-07-17T00:13:09.893+0530] {override.py:1930} INFO - Created Permission View: menu access on DAG Run:example_dag_decorator
[2025-07-17T00:13:09.894+0530] {logging_mixin.py:190} INFO - [2025-07-17T00:13:09.894+0530] {dag.py:3239} INFO - Sync 1 DAGs
[2025-07-17T00:13:09.903+0530] {logging_mixin.py:190} INFO - [2025-07-17T00:13:09.902+0530] {dag.py:3262} INFO - Creating ORM DAG for example_dag_decorator
[2025-07-17T00:13:09.903+0530] {logging_mixin.py:190} INFO - [2025-07-17T00:13:09.903+0530] {dag.py:4180} INFO - Setting next_dagrun for example_dag_decorator to None, run_after=None
[2025-07-17T00:13:09.917+0530] {processor.py:208} INFO - Processing /Users/parth/Desktop/Engine/venv/lib/python3.11/site-packages/airflow/example_dags/example_dag_decorator.py took 0.316 seconds
[2025-07-17T00:17:29.435+0530] {processor.py:186} INFO - Started process (PID=10050) to work on /Users/parth/Desktop/Engine/venv/lib/python3.11/site-packages/airflow/example_dags/example_dag_decorator.py
[2025-07-17T00:17:29.437+0530] {processor.py:914} INFO - Processing file /Users/parth/Desktop/Engine/venv/lib/python3.11/site-packages/airflow/example_dags/example_dag_decorator.py for tasks to queue
[2025-07-17T00:17:29.437+0530] {logging_mixin.py:190} INFO - [2025-07-17T00:17:29.437+0530] {dagbag.py:588} INFO - Filling up the DagBag from /Users/parth/Desktop/Engine/venv/lib/python3.11/site-packages/airflow/example_dags/example_dag_decorator.py
[2025-07-17T00:17:29.497+0530] {processor.py:925} INFO - DAG(s) 'example_dag_decorator' retrieved from /Users/parth/Desktop/Engine/venv/lib/python3.11/site-packages/airflow/example_dags/example_dag_decorator.py
[2025-07-17T00:17:29.669+0530] {logging_mixin.py:190} INFO - [2025-07-17T00:17:29.668+0530] {dag.py:3239} INFO - Sync 1 DAGs
[2025-07-17T00:17:29.675+0530] {logging_mixin.py:190} INFO - [2025-07-17T00:17:29.674+0530] {dag.py:4180} INFO - Setting next_dagrun for example_dag_decorator to None, run_after=None
[2025-07-17T00:17:29.686+0530] {processor.py:208} INFO - Processing /Users/parth/Desktop/Engine/venv/lib/python3.11/site-packages/airflow/example_dags/example_dag_decorator.py took 0.253 seconds
[2025-07-17T00:22:49.187+0530] {processor.py:186} INFO - Started process (PID=12337) to work on /Users/parth/Desktop/Engine/venv/lib/python3.11/site-packages/airflow/example_dags/example_dag_decorator.py
[2025-07-17T00:22:49.189+0530] {processor.py:914} INFO - Processing file /Users/parth/Desktop/Engine/venv/lib/python3.11/site-packages/airflow/example_dags/example_dag_decorator.py for tasks to queue
[2025-07-17T00:22:49.192+0530] {logging_mixin.py:190} INFO - [2025-07-17T00:22:49.191+0530] {dagbag.py:588} INFO - Filling up the DagBag from /Users/parth/Desktop/Engine/venv/lib/python3.11/site-packages/airflow/example_dags/example_dag_decorator.py
[2025-07-17T00:22:49.377+0530] {processor.py:925} INFO - DAG(s) 'example_dag_decorator' retrieved from /Users/parth/Desktop/Engine/venv/lib/python3.11/site-packages/airflow/example_dags/example_dag_decorator.py
[2025-07-17T00:22:49.760+0530] {logging_mixin.py:190} INFO - [2025-07-17T00:22:49.759+0530] {dag.py:3239} INFO - Sync 1 DAGs
[2025-07-17T00:22:49.771+0530] {logging_mixin.py:190} INFO - [2025-07-17T00:22:49.771+0530] {dag.py:4180} INFO - Setting next_dagrun for example_dag_decorator to None, run_after=None
[2025-07-17T00:22:49.794+0530] {processor.py:208} INFO - Processing /Users/parth/Desktop/Engine/venv/lib/python3.11/site-packages/airflow/example_dags/example_dag_decorator.py took 0.615 seconds
[2025-07-17T00:26:46.814+0530] {processor.py:186} INFO - Started process (PID=13959) to work on /Users/parth/Desktop/Engine/venv/lib/python3.11/site-packages/airflow/example_dags/example_dag_decorator.py
[2025-07-17T00:26:46.816+0530] {processor.py:914} INFO - Processing file /Users/parth/Desktop/Engine/venv/lib/python3.11/site-packages/airflow/example_dags/example_dag_decorator.py for tasks to queue
[2025-07-17T00:26:46.817+0530] {logging_mixin.py:190} INFO - [2025-07-17T00:26:46.817+0530] {dagbag.py:588} INFO - Filling up the DagBag from /Users/parth/Desktop/Engine/venv/lib/python3.11/site-packages/airflow/example_dags/example_dag_decorator.py
[2025-07-17T00:26:46.907+0530] {processor.py:925} INFO - DAG(s) 'example_dag_decorator' retrieved from /Users/parth/Desktop/Engine/venv/lib/python3.11/site-packages/airflow/example_dags/example_dag_decorator.py
[2025-07-17T00:26:47.101+0530] {logging_mixin.py:190} INFO - [2025-07-17T00:26:47.101+0530] {dag.py:3239} INFO - Sync 1 DAGs
[2025-07-17T00:26:47.107+0530] {logging_mixin.py:190} INFO - [2025-07-17T00:26:47.107+0530] {dag.py:4180} INFO - Setting next_dagrun for example_dag_decorator to None, run_after=None
[2025-07-17T00:26:47.119+0530] {processor.py:208} INFO - Processing /Users/parth/Desktop/Engine/venv/lib/python3.11/site-packages/airflow/example_dags/example_dag_decorator.py took 0.309 seconds
[2025-07-17T00:30:50.144+0530] {processor.py:186} INFO - Started process (PID=15547) to work on /Users/parth/Desktop/Engine/venv/lib/python3.11/site-packages/airflow/example_dags/example_dag_decorator.py
[2025-07-17T00:30:50.144+0530] {processor.py:914} INFO - Processing file /Users/parth/Desktop/Engine/venv/lib/python3.11/site-packages/airflow/example_dags/example_dag_decorator.py for tasks to queue
[2025-07-17T00:30:50.145+0530] {logging_mixin.py:190} INFO - [2025-07-17T00:30:50.145+0530] {dagbag.py:588} INFO - Filling up the DagBag from /Users/parth/Desktop/Engine/venv/lib/python3.11/site-packages/airflow/example_dags/example_dag_decorator.py
[2025-07-17T00:30:50.207+0530] {processor.py:925} INFO - DAG(s) 'example_dag_decorator' retrieved from /Users/parth/Desktop/Engine/venv/lib/python3.11/site-packages/airflow/example_dags/example_dag_decorator.py
[2025-07-17T00:30:50.380+0530] {logging_mixin.py:190} INFO - [2025-07-17T00:30:50.380+0530] {dag.py:3239} INFO - Sync 1 DAGs
[2025-07-17T00:30:50.386+0530] {logging_mixin.py:190} INFO - [2025-07-17T00:30:50.386+0530] {dag.py:4180} INFO - Setting next_dagrun for example_dag_decorator to None, run_after=None
[2025-07-17T00:30:50.397+0530] {processor.py:208} INFO - Processing /Users/parth/Desktop/Engine/venv/lib/python3.11/site-packages/airflow/example_dags/example_dag_decorator.py took 0.256 seconds
[2025-07-17T00:34:37.292+0530] {processor.py:186} INFO - Started process (PID=17038) to work on /Users/parth/Desktop/Engine/venv/lib/python3.11/site-packages/airflow/example_dags/example_dag_decorator.py
[2025-07-17T00:34:37.293+0530] {processor.py:914} INFO - Processing file /Users/parth/Desktop/Engine/venv/lib/python3.11/site-packages/airflow/example_dags/example_dag_decorator.py for tasks to queue
[2025-07-17T00:34:37.294+0530] {logging_mixin.py:190} INFO - [2025-07-17T00:34:37.294+0530] {dagbag.py:588} INFO - Filling up the DagBag from /Users/parth/Desktop/Engine/venv/lib/python3.11/site-packages/airflow/example_dags/example_dag_decorator.py
[2025-07-17T00:34:37.357+0530] {processor.py:925} INFO - DAG(s) 'example_dag_decorator' retrieved from /Users/parth/Desktop/Engine/venv/lib/python3.11/site-packages/airflow/example_dags/example_dag_decorator.py
[2025-07-17T00:34:37.542+0530] {logging_mixin.py:190} INFO - [2025-07-17T00:34:37.541+0530] {dag.py:3239} INFO - Sync 1 DAGs
[2025-07-17T00:34:37.548+0530] {logging_mixin.py:190} INFO - [2025-07-17T00:34:37.548+0530] {dag.py:4180} INFO - Setting next_dagrun for example_dag_decorator to None, run_after=None
[2025-07-17T00:34:37.559+0530] {processor.py:208} INFO - Processing /Users/parth/Desktop/Engine/venv/lib/python3.11/site-packages/airflow/example_dags/example_dag_decorator.py took 0.270 seconds
[2025-07-17T00:38:44.257+0530] {processor.py:186} INFO - Started process (PID=18641) to work on /Users/parth/Desktop/Engine/venv/lib/python3.11/site-packages/airflow/example_dags/example_dag_decorator.py
[2025-07-17T00:38:44.258+0530] {processor.py:914} INFO - Processing file /Users/parth/Desktop/Engine/venv/lib/python3.11/site-packages/airflow/example_dags/example_dag_decorator.py for tasks to queue
[2025-07-17T00:38:44.259+0530] {logging_mixin.py:190} INFO - [2025-07-17T00:38:44.259+0530] {dagbag.py:588} INFO - Filling up the DagBag from /Users/parth/Desktop/Engine/venv/lib/python3.11/site-packages/airflow/example_dags/example_dag_decorator.py
[2025-07-17T00:38:44.322+0530] {processor.py:925} INFO - DAG(s) 'example_dag_decorator' retrieved from /Users/parth/Desktop/Engine/venv/lib/python3.11/site-packages/airflow/example_dags/example_dag_decorator.py
[2025-07-17T00:38:44.510+0530] {logging_mixin.py:190} INFO - [2025-07-17T00:38:44.510+0530] {dag.py:3239} INFO - Sync 1 DAGs
[2025-07-17T00:38:44.517+0530] {logging_mixin.py:190} INFO - [2025-07-17T00:38:44.517+0530] {dag.py:4180} INFO - Setting next_dagrun for example_dag_decorator to None, run_after=None
[2025-07-17T00:38:44.531+0530] {processor.py:208} INFO - Processing /Users/parth/Desktop/Engine/venv/lib/python3.11/site-packages/airflow/example_dags/example_dag_decorator.py took 0.276 seconds
[2025-07-17T00:43:18.935+0530] {processor.py:186} INFO - Started process (PID=20498) to work on /Users/parth/Desktop/Engine/venv/lib/python3.11/site-packages/airflow/example_dags/example_dag_decorator.py
[2025-07-17T00:43:18.936+0530] {processor.py:914} INFO - Processing file /Users/parth/Desktop/Engine/venv/lib/python3.11/site-packages/airflow/example_dags/example_dag_decorator.py for tasks to queue
[2025-07-17T00:43:18.937+0530] {logging_mixin.py:190} INFO - [2025-07-17T00:43:18.936+0530] {dagbag.py:588} INFO - Filling up the DagBag from /Users/parth/Desktop/Engine/venv/lib/python3.11/site-packages/airflow/example_dags/example_dag_decorator.py
[2025-07-17T00:43:18.997+0530] {processor.py:925} INFO - DAG(s) 'example_dag_decorator' retrieved from /Users/parth/Desktop/Engine/venv/lib/python3.11/site-packages/airflow/example_dags/example_dag_decorator.py
[2025-07-17T00:43:19.168+0530] {logging_mixin.py:190} INFO - [2025-07-17T00:43:19.168+0530] {dag.py:3239} INFO - Sync 1 DAGs
[2025-07-17T00:43:19.174+0530] {logging_mixin.py:190} INFO - [2025-07-17T00:43:19.174+0530] {dag.py:4180} INFO - Setting next_dagrun for example_dag_decorator to None, run_after=None
[2025-07-17T00:43:19.185+0530] {processor.py:208} INFO - Processing /Users/parth/Desktop/Engine/venv/lib/python3.11/site-packages/airflow/example_dags/example_dag_decorator.py took 0.253 seconds
[2025-07-17T00:47:20.249+0530] {processor.py:186} INFO - Started process (PID=22058) to work on /Users/parth/Desktop/Engine/venv/lib/python3.11/site-packages/airflow/example_dags/example_dag_decorator.py
[2025-07-17T00:47:20.250+0530] {processor.py:914} INFO - Processing file /Users/parth/Desktop/Engine/venv/lib/python3.11/site-packages/airflow/example_dags/example_dag_decorator.py for tasks to queue
[2025-07-17T00:47:20.251+0530] {logging_mixin.py:190} INFO - [2025-07-17T00:47:20.251+0530] {dagbag.py:588} INFO - Filling up the DagBag from /Users/parth/Desktop/Engine/venv/lib/python3.11/site-packages/airflow/example_dags/example_dag_decorator.py
[2025-07-17T00:47:20.314+0530] {processor.py:925} INFO - DAG(s) 'example_dag_decorator' retrieved from /Users/parth/Desktop/Engine/venv/lib/python3.11/site-packages/airflow/example_dags/example_dag_decorator.py
[2025-07-17T00:47:20.488+0530] {logging_mixin.py:190} INFO - [2025-07-17T00:47:20.487+0530] {dag.py:3239} INFO - Sync 1 DAGs
[2025-07-17T00:47:20.493+0530] {logging_mixin.py:190} INFO - [2025-07-17T00:47:20.493+0530] {dag.py:4180} INFO - Setting next_dagrun for example_dag_decorator to None, run_after=None
[2025-07-17T00:47:20.505+0530] {processor.py:208} INFO - Processing /Users/parth/Desktop/Engine/venv/lib/python3.11/site-packages/airflow/example_dags/example_dag_decorator.py took 0.259 seconds
