[2025-07-17T00:12:03.227+0530] {processor.py:186} INFO - Started process (PID=7915) to work on /Users/parth/Desktop/Engine/venv/lib/python3.11/site-packages/airflow/example_dags/example_setup_teardown_taskflow.py
[2025-07-17T00:12:03.227+0530] {processor.py:914} INFO - Processing file /Users/parth/Desktop/Engine/venv/lib/python3.11/site-packages/airflow/example_dags/example_setup_teardown_taskflow.py for tasks to queue
[2025-07-17T00:12:03.228+0530] {logging_mixin.py:190} INFO - [2025-07-17T00:12:03.228+0530] {dagbag.py:588} INFO - Filling up the DagBag from /Users/parth/Desktop/Engine/venv/lib/python3.11/site-packages/airflow/example_dags/example_setup_teardown_taskflow.py
[2025-07-17T00:12:03.254+0530] {processor.py:925} INFO - DAG(s) 'example_setup_teardown_taskflow' retrieved from /Users/parth/Desktop/Engine/venv/lib/python3.11/site-packages/airflow/example_dags/example_setup_teardown_taskflow.py
[2025-07-17T00:12:03.368+0530] {logging_mixin.py:190} INFO - [2025-07-17T00:12:03.368+0530] {override.py:1930} INFO - Created Permission View: can read on DAG:example_setup_teardown_taskflow
[2025-07-17T00:12:03.374+0530] {logging_mixin.py:190} INFO - [2025-07-17T00:12:03.373+0530] {override.py:1930} INFO - Created Permission View: can edit on DAG:example_setup_teardown_taskflow
[2025-07-17T00:12:03.377+0530] {logging_mixin.py:190} INFO - [2025-07-17T00:12:03.377+0530] {override.py:1930} INFO - Created Permission View: can delete on DAG:example_setup_teardown_taskflow
[2025-07-17T00:12:03.382+0530] {logging_mixin.py:190} INFO - [2025-07-17T00:12:03.381+0530] {override.py:1930} INFO - Created Permission View: can read on DAG Run:example_setup_teardown_taskflow
[2025-07-17T00:12:03.385+0530] {logging_mixin.py:190} INFO - [2025-07-17T00:12:03.385+0530] {override.py:1930} INFO - Created Permission View: can create on DAG Run:example_setup_teardown_taskflow
[2025-07-17T00:12:03.388+0530] {logging_mixin.py:190} INFO - [2025-07-17T00:12:03.388+0530] {override.py:1930} INFO - Created Permission View: menu access on DAG Run:example_setup_teardown_taskflow
[2025-07-17T00:12:03.391+0530] {logging_mixin.py:190} INFO - [2025-07-17T00:12:03.391+0530] {override.py:1930} INFO - Created Permission View: can delete on DAG Run:example_setup_teardown_taskflow
[2025-07-17T00:12:03.391+0530] {logging_mixin.py:190} INFO - [2025-07-17T00:12:03.391+0530] {dag.py:3239} INFO - Sync 1 DAGs
[2025-07-17T00:12:03.446+0530] {logging_mixin.py:190} INFO - [2025-07-17T00:12:03.445+0530] {dag.py:3262} INFO - Creating ORM DAG for example_setup_teardown_taskflow
[2025-07-17T00:12:03.446+0530] {logging_mixin.py:190} INFO - [2025-07-17T00:12:03.446+0530] {dag.py:4180} INFO - Setting next_dagrun for example_setup_teardown_taskflow to None, run_after=None
[2025-07-17T00:12:03.456+0530] {processor.py:208} INFO - Processing /Users/parth/Desktop/Engine/venv/lib/python3.11/site-packages/airflow/example_dags/example_setup_teardown_taskflow.py took 0.231 seconds
[2025-07-17T00:14:45.906+0530] {processor.py:186} INFO - Started process (PID=8970) to work on /Users/parth/Desktop/Engine/venv/lib/python3.11/site-packages/airflow/example_dags/example_setup_teardown_taskflow.py
[2025-07-17T00:14:45.908+0530] {processor.py:914} INFO - Processing file /Users/parth/Desktop/Engine/venv/lib/python3.11/site-packages/airflow/example_dags/example_setup_teardown_taskflow.py for tasks to queue
[2025-07-17T00:14:45.909+0530] {logging_mixin.py:190} INFO - [2025-07-17T00:14:45.908+0530] {dagbag.py:588} INFO - Filling up the DagBag from /Users/parth/Desktop/Engine/venv/lib/python3.11/site-packages/airflow/example_dags/example_setup_teardown_taskflow.py
[2025-07-17T00:14:45.956+0530] {processor.py:925} INFO - DAG(s) 'example_setup_teardown_taskflow' retrieved from /Users/parth/Desktop/Engine/venv/lib/python3.11/site-packages/airflow/example_dags/example_setup_teardown_taskflow.py
[2025-07-17T00:14:46.101+0530] {logging_mixin.py:190} INFO - [2025-07-17T00:14:46.101+0530] {dag.py:3239} INFO - Sync 1 DAGs
[2025-07-17T00:14:46.115+0530] {logging_mixin.py:190} INFO - [2025-07-17T00:14:46.115+0530] {dag.py:4180} INFO - Setting next_dagrun for example_setup_teardown_taskflow to None, run_after=None
[2025-07-17T00:14:46.137+0530] {processor.py:208} INFO - Processing /Users/parth/Desktop/Engine/venv/lib/python3.11/site-packages/airflow/example_dags/example_setup_teardown_taskflow.py took 0.234 seconds
[2025-07-17T00:16:56.844+0530] {processor.py:186} INFO - Started process (PID=9840) to work on /Users/parth/Desktop/Engine/venv/lib/python3.11/site-packages/airflow/example_dags/example_setup_teardown_taskflow.py
[2025-07-17T00:16:56.845+0530] {processor.py:914} INFO - Processing file /Users/parth/Desktop/Engine/venv/lib/python3.11/site-packages/airflow/example_dags/example_setup_teardown_taskflow.py for tasks to queue
[2025-07-17T00:16:56.846+0530] {logging_mixin.py:190} INFO - [2025-07-17T00:16:56.846+0530] {dagbag.py:588} INFO - Filling up the DagBag from /Users/parth/Desktop/Engine/venv/lib/python3.11/site-packages/airflow/example_dags/example_setup_teardown_taskflow.py
[2025-07-17T00:16:56.889+0530] {processor.py:925} INFO - DAG(s) 'example_setup_teardown_taskflow' retrieved from /Users/parth/Desktop/Engine/venv/lib/python3.11/site-packages/airflow/example_dags/example_setup_teardown_taskflow.py
[2025-07-17T00:16:56.968+0530] {logging_mixin.py:190} INFO - [2025-07-17T00:16:56.968+0530] {dag.py:3239} INFO - Sync 1 DAGs
[2025-07-17T00:16:56.976+0530] {logging_mixin.py:190} INFO - [2025-07-17T00:16:56.976+0530] {dag.py:4180} INFO - Setting next_dagrun for example_setup_teardown_taskflow to None, run_after=None
[2025-07-17T00:16:56.989+0530] {processor.py:208} INFO - Processing /Users/parth/Desktop/Engine/venv/lib/python3.11/site-packages/airflow/example_dags/example_setup_teardown_taskflow.py took 0.149 seconds
[2025-07-17T00:19:13.661+0530] {processor.py:186} INFO - Started process (PID=10787) to work on /Users/parth/Desktop/Engine/venv/lib/python3.11/site-packages/airflow/example_dags/example_setup_teardown_taskflow.py
[2025-07-17T00:19:13.662+0530] {processor.py:914} INFO - Processing file /Users/parth/Desktop/Engine/venv/lib/python3.11/site-packages/airflow/example_dags/example_setup_teardown_taskflow.py for tasks to queue
[2025-07-17T00:19:13.663+0530] {logging_mixin.py:190} INFO - [2025-07-17T00:19:13.663+0530] {dagbag.py:588} INFO - Filling up the DagBag from /Users/parth/Desktop/Engine/venv/lib/python3.11/site-packages/airflow/example_dags/example_setup_teardown_taskflow.py
[2025-07-17T00:19:13.707+0530] {processor.py:925} INFO - DAG(s) 'example_setup_teardown_taskflow' retrieved from /Users/parth/Desktop/Engine/venv/lib/python3.11/site-packages/airflow/example_dags/example_setup_teardown_taskflow.py
[2025-07-17T00:19:13.807+0530] {logging_mixin.py:190} INFO - [2025-07-17T00:19:13.807+0530] {dag.py:3239} INFO - Sync 1 DAGs
[2025-07-17T00:19:13.818+0530] {logging_mixin.py:190} INFO - [2025-07-17T00:19:13.818+0530] {dag.py:4180} INFO - Setting next_dagrun for example_setup_teardown_taskflow to None, run_after=None
[2025-07-17T00:19:13.835+0530] {processor.py:208} INFO - Processing /Users/parth/Desktop/Engine/venv/lib/python3.11/site-packages/airflow/example_dags/example_setup_teardown_taskflow.py took 0.179 seconds
[2025-07-17T00:22:09.735+0530] {processor.py:186} INFO - Started process (PID=12053) to work on /Users/parth/Desktop/Engine/venv/lib/python3.11/site-packages/airflow/example_dags/example_setup_teardown_taskflow.py
[2025-07-17T00:22:09.736+0530] {processor.py:914} INFO - Processing file /Users/parth/Desktop/Engine/venv/lib/python3.11/site-packages/airflow/example_dags/example_setup_teardown_taskflow.py for tasks to queue
[2025-07-17T00:22:09.736+0530] {logging_mixin.py:190} INFO - [2025-07-17T00:22:09.736+0530] {dagbag.py:588} INFO - Filling up the DagBag from /Users/parth/Desktop/Engine/venv/lib/python3.11/site-packages/airflow/example_dags/example_setup_teardown_taskflow.py
[2025-07-17T00:22:09.769+0530] {processor.py:925} INFO - DAG(s) 'example_setup_teardown_taskflow' retrieved from /Users/parth/Desktop/Engine/venv/lib/python3.11/site-packages/airflow/example_dags/example_setup_teardown_taskflow.py
[2025-07-17T00:22:09.838+0530] {logging_mixin.py:190} INFO - [2025-07-17T00:22:09.838+0530] {dag.py:3239} INFO - Sync 1 DAGs
[2025-07-17T00:22:09.846+0530] {logging_mixin.py:190} INFO - [2025-07-17T00:22:09.845+0530] {dag.py:4180} INFO - Setting next_dagrun for example_setup_teardown_taskflow to None, run_after=None
[2025-07-17T00:22:09.858+0530] {processor.py:208} INFO - Processing /Users/parth/Desktop/Engine/venv/lib/python3.11/site-packages/airflow/example_dags/example_setup_teardown_taskflow.py took 0.125 seconds
[2025-07-17T00:24:17.620+0530] {processor.py:186} INFO - Started process (PID=12940) to work on /Users/parth/Desktop/Engine/venv/lib/python3.11/site-packages/airflow/example_dags/example_setup_teardown_taskflow.py
[2025-07-17T00:24:17.621+0530] {processor.py:914} INFO - Processing file /Users/parth/Desktop/Engine/venv/lib/python3.11/site-packages/airflow/example_dags/example_setup_teardown_taskflow.py for tasks to queue
[2025-07-17T00:24:17.622+0530] {logging_mixin.py:190} INFO - [2025-07-17T00:24:17.622+0530] {dagbag.py:588} INFO - Filling up the DagBag from /Users/parth/Desktop/Engine/venv/lib/python3.11/site-packages/airflow/example_dags/example_setup_teardown_taskflow.py
[2025-07-17T00:24:17.648+0530] {processor.py:925} INFO - DAG(s) 'example_setup_teardown_taskflow' retrieved from /Users/parth/Desktop/Engine/venv/lib/python3.11/site-packages/airflow/example_dags/example_setup_teardown_taskflow.py
[2025-07-17T00:24:17.709+0530] {logging_mixin.py:190} INFO - [2025-07-17T00:24:17.709+0530] {dag.py:3239} INFO - Sync 1 DAGs
[2025-07-17T00:24:17.716+0530] {logging_mixin.py:190} INFO - [2025-07-17T00:24:17.716+0530] {dag.py:4180} INFO - Setting next_dagrun for example_setup_teardown_taskflow to None, run_after=None
[2025-07-17T00:24:17.726+0530] {processor.py:208} INFO - Processing /Users/parth/Desktop/Engine/venv/lib/python3.11/site-packages/airflow/example_dags/example_setup_teardown_taskflow.py took 0.109 seconds
[2025-07-17T00:26:16.554+0530] {processor.py:186} INFO - Started process (PID=13742) to work on /Users/parth/Desktop/Engine/venv/lib/python3.11/site-packages/airflow/example_dags/example_setup_teardown_taskflow.py
[2025-07-17T00:26:16.555+0530] {processor.py:914} INFO - Processing file /Users/parth/Desktop/Engine/venv/lib/python3.11/site-packages/airflow/example_dags/example_setup_teardown_taskflow.py for tasks to queue
[2025-07-17T00:26:16.556+0530] {logging_mixin.py:190} INFO - [2025-07-17T00:26:16.556+0530] {dagbag.py:588} INFO - Filling up the DagBag from /Users/parth/Desktop/Engine/venv/lib/python3.11/site-packages/airflow/example_dags/example_setup_teardown_taskflow.py
[2025-07-17T00:26:16.597+0530] {processor.py:925} INFO - DAG(s) 'example_setup_teardown_taskflow' retrieved from /Users/parth/Desktop/Engine/venv/lib/python3.11/site-packages/airflow/example_dags/example_setup_teardown_taskflow.py
[2025-07-17T00:26:16.711+0530] {logging_mixin.py:190} INFO - [2025-07-17T00:26:16.710+0530] {dag.py:3239} INFO - Sync 1 DAGs
[2025-07-17T00:26:16.724+0530] {logging_mixin.py:190} INFO - [2025-07-17T00:26:16.723+0530] {dag.py:4180} INFO - Setting next_dagrun for example_setup_teardown_taskflow to None, run_after=None
[2025-07-17T00:26:16.748+0530] {processor.py:208} INFO - Processing /Users/parth/Desktop/Engine/venv/lib/python3.11/site-packages/airflow/example_dags/example_setup_teardown_taskflow.py took 0.198 seconds
[2025-07-17T00:28:18.720+0530] {processor.py:186} INFO - Started process (PID=14562) to work on /Users/parth/Desktop/Engine/venv/lib/python3.11/site-packages/airflow/example_dags/example_setup_teardown_taskflow.py
[2025-07-17T00:28:18.721+0530] {processor.py:914} INFO - Processing file /Users/parth/Desktop/Engine/venv/lib/python3.11/site-packages/airflow/example_dags/example_setup_teardown_taskflow.py for tasks to queue
[2025-07-17T00:28:18.722+0530] {logging_mixin.py:190} INFO - [2025-07-17T00:28:18.722+0530] {dagbag.py:588} INFO - Filling up the DagBag from /Users/parth/Desktop/Engine/venv/lib/python3.11/site-packages/airflow/example_dags/example_setup_teardown_taskflow.py
[2025-07-17T00:28:18.748+0530] {processor.py:925} INFO - DAG(s) 'example_setup_teardown_taskflow' retrieved from /Users/parth/Desktop/Engine/venv/lib/python3.11/site-packages/airflow/example_dags/example_setup_teardown_taskflow.py
[2025-07-17T00:28:18.811+0530] {logging_mixin.py:190} INFO - [2025-07-17T00:28:18.811+0530] {dag.py:3239} INFO - Sync 1 DAGs
[2025-07-17T00:28:18.817+0530] {logging_mixin.py:190} INFO - [2025-07-17T00:28:18.817+0530] {dag.py:4180} INFO - Setting next_dagrun for example_setup_teardown_taskflow to None, run_after=None
[2025-07-17T00:28:18.828+0530] {processor.py:208} INFO - Processing /Users/parth/Desktop/Engine/venv/lib/python3.11/site-packages/airflow/example_dags/example_setup_teardown_taskflow.py took 0.110 seconds
[2025-07-17T00:30:20.660+0530] {processor.py:186} INFO - Started process (PID=15345) to work on /Users/parth/Desktop/Engine/venv/lib/python3.11/site-packages/airflow/example_dags/example_setup_teardown_taskflow.py
[2025-07-17T00:30:20.661+0530] {processor.py:914} INFO - Processing file /Users/parth/Desktop/Engine/venv/lib/python3.11/site-packages/airflow/example_dags/example_setup_teardown_taskflow.py for tasks to queue
[2025-07-17T00:30:20.662+0530] {logging_mixin.py:190} INFO - [2025-07-17T00:30:20.662+0530] {dagbag.py:588} INFO - Filling up the DagBag from /Users/parth/Desktop/Engine/venv/lib/python3.11/site-packages/airflow/example_dags/example_setup_teardown_taskflow.py
[2025-07-17T00:30:20.688+0530] {processor.py:925} INFO - DAG(s) 'example_setup_teardown_taskflow' retrieved from /Users/parth/Desktop/Engine/venv/lib/python3.11/site-packages/airflow/example_dags/example_setup_teardown_taskflow.py
[2025-07-17T00:30:20.749+0530] {logging_mixin.py:190} INFO - [2025-07-17T00:30:20.749+0530] {dag.py:3239} INFO - Sync 1 DAGs
[2025-07-17T00:30:20.756+0530] {logging_mixin.py:190} INFO - [2025-07-17T00:30:20.756+0530] {dag.py:4180} INFO - Setting next_dagrun for example_setup_teardown_taskflow to None, run_after=None
[2025-07-17T00:30:20.767+0530] {processor.py:208} INFO - Processing /Users/parth/Desktop/Engine/venv/lib/python3.11/site-packages/airflow/example_dags/example_setup_teardown_taskflow.py took 0.109 seconds
[2025-07-17T00:32:12.074+0530] {processor.py:186} INFO - Started process (PID=16092) to work on /Users/parth/Desktop/Engine/venv/lib/python3.11/site-packages/airflow/example_dags/example_setup_teardown_taskflow.py
[2025-07-17T00:32:12.075+0530] {processor.py:914} INFO - Processing file /Users/parth/Desktop/Engine/venv/lib/python3.11/site-packages/airflow/example_dags/example_setup_teardown_taskflow.py for tasks to queue
[2025-07-17T00:32:12.076+0530] {logging_mixin.py:190} INFO - [2025-07-17T00:32:12.076+0530] {dagbag.py:588} INFO - Filling up the DagBag from /Users/parth/Desktop/Engine/venv/lib/python3.11/site-packages/airflow/example_dags/example_setup_teardown_taskflow.py
[2025-07-17T00:32:12.101+0530] {processor.py:925} INFO - DAG(s) 'example_setup_teardown_taskflow' retrieved from /Users/parth/Desktop/Engine/venv/lib/python3.11/site-packages/airflow/example_dags/example_setup_teardown_taskflow.py
[2025-07-17T00:32:12.161+0530] {logging_mixin.py:190} INFO - [2025-07-17T00:32:12.161+0530] {dag.py:3239} INFO - Sync 1 DAGs
[2025-07-17T00:32:12.167+0530] {logging_mixin.py:190} INFO - [2025-07-17T00:32:12.167+0530] {dag.py:4180} INFO - Setting next_dagrun for example_setup_teardown_taskflow to None, run_after=None
[2025-07-17T00:32:12.178+0530] {processor.py:208} INFO - Processing /Users/parth/Desktop/Engine/venv/lib/python3.11/site-packages/airflow/example_dags/example_setup_teardown_taskflow.py took 0.106 seconds
[2025-07-17T00:34:10.810+0530] {processor.py:186} INFO - Started process (PID=16858) to work on /Users/parth/Desktop/Engine/venv/lib/python3.11/site-packages/airflow/example_dags/example_setup_teardown_taskflow.py
[2025-07-17T00:34:10.812+0530] {processor.py:914} INFO - Processing file /Users/parth/Desktop/Engine/venv/lib/python3.11/site-packages/airflow/example_dags/example_setup_teardown_taskflow.py for tasks to queue
[2025-07-17T00:34:10.812+0530] {logging_mixin.py:190} INFO - [2025-07-17T00:34:10.812+0530] {dagbag.py:588} INFO - Filling up the DagBag from /Users/parth/Desktop/Engine/venv/lib/python3.11/site-packages/airflow/example_dags/example_setup_teardown_taskflow.py
[2025-07-17T00:34:10.839+0530] {processor.py:925} INFO - DAG(s) 'example_setup_teardown_taskflow' retrieved from /Users/parth/Desktop/Engine/venv/lib/python3.11/site-packages/airflow/example_dags/example_setup_teardown_taskflow.py
[2025-07-17T00:34:10.900+0530] {logging_mixin.py:190} INFO - [2025-07-17T00:34:10.900+0530] {dag.py:3239} INFO - Sync 1 DAGs
[2025-07-17T00:34:10.907+0530] {logging_mixin.py:190} INFO - [2025-07-17T00:34:10.907+0530] {dag.py:4180} INFO - Setting next_dagrun for example_setup_teardown_taskflow to None, run_after=None
[2025-07-17T00:34:10.918+0530] {processor.py:208} INFO - Processing /Users/parth/Desktop/Engine/venv/lib/python3.11/site-packages/airflow/example_dags/example_setup_teardown_taskflow.py took 0.110 seconds
[2025-07-17T00:36:07.684+0530] {processor.py:186} INFO - Started process (PID=17619) to work on /Users/parth/Desktop/Engine/venv/lib/python3.11/site-packages/airflow/example_dags/example_setup_teardown_taskflow.py
[2025-07-17T00:36:07.685+0530] {processor.py:914} INFO - Processing file /Users/parth/Desktop/Engine/venv/lib/python3.11/site-packages/airflow/example_dags/example_setup_teardown_taskflow.py for tasks to queue
[2025-07-17T00:36:07.686+0530] {logging_mixin.py:190} INFO - [2025-07-17T00:36:07.686+0530] {dagbag.py:588} INFO - Filling up the DagBag from /Users/parth/Desktop/Engine/venv/lib/python3.11/site-packages/airflow/example_dags/example_setup_teardown_taskflow.py
[2025-07-17T00:36:07.715+0530] {processor.py:925} INFO - DAG(s) 'example_setup_teardown_taskflow' retrieved from /Users/parth/Desktop/Engine/venv/lib/python3.11/site-packages/airflow/example_dags/example_setup_teardown_taskflow.py
[2025-07-17T00:36:07.782+0530] {logging_mixin.py:190} INFO - [2025-07-17T00:36:07.782+0530] {dag.py:3239} INFO - Sync 1 DAGs
[2025-07-17T00:36:07.789+0530] {logging_mixin.py:190} INFO - [2025-07-17T00:36:07.789+0530] {dag.py:4180} INFO - Setting next_dagrun for example_setup_teardown_taskflow to None, run_after=None
[2025-07-17T00:36:07.802+0530] {processor.py:208} INFO - Processing /Users/parth/Desktop/Engine/venv/lib/python3.11/site-packages/airflow/example_dags/example_setup_teardown_taskflow.py took 0.121 seconds
[2025-07-17T00:38:14.309+0530] {processor.py:186} INFO - Started process (PID=18448) to work on /Users/parth/Desktop/Engine/venv/lib/python3.11/site-packages/airflow/example_dags/example_setup_teardown_taskflow.py
[2025-07-17T00:38:14.310+0530] {processor.py:914} INFO - Processing file /Users/parth/Desktop/Engine/venv/lib/python3.11/site-packages/airflow/example_dags/example_setup_teardown_taskflow.py for tasks to queue
[2025-07-17T00:38:14.311+0530] {logging_mixin.py:190} INFO - [2025-07-17T00:38:14.311+0530] {dagbag.py:588} INFO - Filling up the DagBag from /Users/parth/Desktop/Engine/venv/lib/python3.11/site-packages/airflow/example_dags/example_setup_teardown_taskflow.py
[2025-07-17T00:38:14.339+0530] {processor.py:925} INFO - DAG(s) 'example_setup_teardown_taskflow' retrieved from /Users/parth/Desktop/Engine/venv/lib/python3.11/site-packages/airflow/example_dags/example_setup_teardown_taskflow.py
[2025-07-17T00:38:14.403+0530] {logging_mixin.py:190} INFO - [2025-07-17T00:38:14.403+0530] {dag.py:3239} INFO - Sync 1 DAGs
[2025-07-17T00:38:14.410+0530] {logging_mixin.py:190} INFO - [2025-07-17T00:38:14.410+0530] {dag.py:4180} INFO - Setting next_dagrun for example_setup_teardown_taskflow to None, run_after=None
[2025-07-17T00:38:14.421+0530] {processor.py:208} INFO - Processing /Users/parth/Desktop/Engine/venv/lib/python3.11/site-packages/airflow/example_dags/example_setup_teardown_taskflow.py took 0.116 seconds
[2025-07-17T00:40:17.750+0530] {processor.py:186} INFO - Started process (PID=19251) to work on /Users/parth/Desktop/Engine/venv/lib/python3.11/site-packages/airflow/example_dags/example_setup_teardown_taskflow.py
[2025-07-17T00:40:17.751+0530] {processor.py:914} INFO - Processing file /Users/parth/Desktop/Engine/venv/lib/python3.11/site-packages/airflow/example_dags/example_setup_teardown_taskflow.py for tasks to queue
[2025-07-17T00:40:17.752+0530] {logging_mixin.py:190} INFO - [2025-07-17T00:40:17.752+0530] {dagbag.py:588} INFO - Filling up the DagBag from /Users/parth/Desktop/Engine/venv/lib/python3.11/site-packages/airflow/example_dags/example_setup_teardown_taskflow.py
[2025-07-17T00:40:17.778+0530] {processor.py:925} INFO - DAG(s) 'example_setup_teardown_taskflow' retrieved from /Users/parth/Desktop/Engine/venv/lib/python3.11/site-packages/airflow/example_dags/example_setup_teardown_taskflow.py
[2025-07-17T00:40:17.840+0530] {logging_mixin.py:190} INFO - [2025-07-17T00:40:17.840+0530] {dag.py:3239} INFO - Sync 1 DAGs
[2025-07-17T00:40:17.847+0530] {logging_mixin.py:190} INFO - [2025-07-17T00:40:17.846+0530] {dag.py:4180} INFO - Setting next_dagrun for example_setup_teardown_taskflow to None, run_after=None
[2025-07-17T00:40:17.859+0530] {processor.py:208} INFO - Processing /Users/parth/Desktop/Engine/venv/lib/python3.11/site-packages/airflow/example_dags/example_setup_teardown_taskflow.py took 0.111 seconds
[2025-07-17T00:42:45.216+0530] {processor.py:186} INFO - Started process (PID=20280) to work on /Users/parth/Desktop/Engine/venv/lib/python3.11/site-packages/airflow/example_dags/example_setup_teardown_taskflow.py
[2025-07-17T00:42:45.216+0530] {processor.py:914} INFO - Processing file /Users/parth/Desktop/Engine/venv/lib/python3.11/site-packages/airflow/example_dags/example_setup_teardown_taskflow.py for tasks to queue
[2025-07-17T00:42:45.217+0530] {logging_mixin.py:190} INFO - [2025-07-17T00:42:45.217+0530] {dagbag.py:588} INFO - Filling up the DagBag from /Users/parth/Desktop/Engine/venv/lib/python3.11/site-packages/airflow/example_dags/example_setup_teardown_taskflow.py
[2025-07-17T00:42:45.244+0530] {processor.py:925} INFO - DAG(s) 'example_setup_teardown_taskflow' retrieved from /Users/parth/Desktop/Engine/venv/lib/python3.11/site-packages/airflow/example_dags/example_setup_teardown_taskflow.py
[2025-07-17T00:42:45.310+0530] {logging_mixin.py:190} INFO - [2025-07-17T00:42:45.310+0530] {dag.py:3239} INFO - Sync 1 DAGs
[2025-07-17T00:42:45.318+0530] {logging_mixin.py:190} INFO - [2025-07-17T00:42:45.318+0530] {dag.py:4180} INFO - Setting next_dagrun for example_setup_teardown_taskflow to None, run_after=None
[2025-07-17T00:42:45.332+0530] {processor.py:208} INFO - Processing /Users/parth/Desktop/Engine/venv/lib/python3.11/site-packages/airflow/example_dags/example_setup_teardown_taskflow.py took 0.119 seconds
[2025-07-17T00:44:50.034+0530] {processor.py:186} INFO - Started process (PID=21093) to work on /Users/parth/Desktop/Engine/venv/lib/python3.11/site-packages/airflow/example_dags/example_setup_teardown_taskflow.py
[2025-07-17T00:44:50.035+0530] {processor.py:914} INFO - Processing file /Users/parth/Desktop/Engine/venv/lib/python3.11/site-packages/airflow/example_dags/example_setup_teardown_taskflow.py for tasks to queue
[2025-07-17T00:44:50.036+0530] {logging_mixin.py:190} INFO - [2025-07-17T00:44:50.036+0530] {dagbag.py:588} INFO - Filling up the DagBag from /Users/parth/Desktop/Engine/venv/lib/python3.11/site-packages/airflow/example_dags/example_setup_teardown_taskflow.py
[2025-07-17T00:44:50.063+0530] {processor.py:925} INFO - DAG(s) 'example_setup_teardown_taskflow' retrieved from /Users/parth/Desktop/Engine/venv/lib/python3.11/site-packages/airflow/example_dags/example_setup_teardown_taskflow.py
[2025-07-17T00:44:50.124+0530] {logging_mixin.py:190} INFO - [2025-07-17T00:44:50.124+0530] {dag.py:3239} INFO - Sync 1 DAGs
[2025-07-17T00:44:50.130+0530] {logging_mixin.py:190} INFO - [2025-07-17T00:44:50.130+0530] {dag.py:4180} INFO - Setting next_dagrun for example_setup_teardown_taskflow to None, run_after=None
[2025-07-17T00:44:50.141+0530] {processor.py:208} INFO - Processing /Users/parth/Desktop/Engine/venv/lib/python3.11/site-packages/airflow/example_dags/example_setup_teardown_taskflow.py took 0.109 seconds
[2025-07-17T00:46:49.656+0530] {processor.py:186} INFO - Started process (PID=21857) to work on /Users/parth/Desktop/Engine/venv/lib/python3.11/site-packages/airflow/example_dags/example_setup_teardown_taskflow.py
[2025-07-17T00:46:49.658+0530] {processor.py:914} INFO - Processing file /Users/parth/Desktop/Engine/venv/lib/python3.11/site-packages/airflow/example_dags/example_setup_teardown_taskflow.py for tasks to queue
[2025-07-17T00:46:49.658+0530] {logging_mixin.py:190} INFO - [2025-07-17T00:46:49.658+0530] {dagbag.py:588} INFO - Filling up the DagBag from /Users/parth/Desktop/Engine/venv/lib/python3.11/site-packages/airflow/example_dags/example_setup_teardown_taskflow.py
[2025-07-17T00:46:49.685+0530] {processor.py:925} INFO - DAG(s) 'example_setup_teardown_taskflow' retrieved from /Users/parth/Desktop/Engine/venv/lib/python3.11/site-packages/airflow/example_dags/example_setup_teardown_taskflow.py
[2025-07-17T00:46:49.746+0530] {logging_mixin.py:190} INFO - [2025-07-17T00:46:49.746+0530] {dag.py:3239} INFO - Sync 1 DAGs
[2025-07-17T00:46:49.753+0530] {logging_mixin.py:190} INFO - [2025-07-17T00:46:49.752+0530] {dag.py:4180} INFO - Setting next_dagrun for example_setup_teardown_taskflow to None, run_after=None
[2025-07-17T00:46:49.763+0530] {processor.py:208} INFO - Processing /Users/parth/Desktop/Engine/venv/lib/python3.11/site-packages/airflow/example_dags/example_setup_teardown_taskflow.py took 0.109 seconds
[2025-07-17T01:18:02.125+0530] {processor.py:186} INFO - Started process (PID=22693) to work on /Users/parth/Desktop/Engine/venv/lib/python3.11/site-packages/airflow/example_dags/example_setup_teardown_taskflow.py
[2025-07-17T01:18:02.126+0530] {processor.py:914} INFO - Processing file /Users/parth/Desktop/Engine/venv/lib/python3.11/site-packages/airflow/example_dags/example_setup_teardown_taskflow.py for tasks to queue
[2025-07-17T01:18:02.127+0530] {logging_mixin.py:190} INFO - [2025-07-17T01:18:02.127+0530] {dagbag.py:588} INFO - Filling up the DagBag from /Users/parth/Desktop/Engine/venv/lib/python3.11/site-packages/airflow/example_dags/example_setup_teardown_taskflow.py
[2025-07-17T01:18:02.153+0530] {processor.py:925} INFO - DAG(s) 'example_setup_teardown_taskflow' retrieved from /Users/parth/Desktop/Engine/venv/lib/python3.11/site-packages/airflow/example_dags/example_setup_teardown_taskflow.py
[2025-07-17T01:18:02.214+0530] {logging_mixin.py:190} INFO - [2025-07-17T01:18:02.213+0530] {dag.py:3239} INFO - Sync 1 DAGs
[2025-07-17T01:18:02.220+0530] {logging_mixin.py:190} INFO - [2025-07-17T01:18:02.220+0530] {dag.py:4180} INFO - Setting next_dagrun for example_setup_teardown_taskflow to None, run_after=None
[2025-07-17T01:18:02.231+0530] {processor.py:208} INFO - Processing /Users/parth/Desktop/Engine/venv/lib/python3.11/site-packages/airflow/example_dags/example_setup_teardown_taskflow.py took 0.108 seconds
