[2025-07-17T00:13:32.156+0530] {processor.py:186} INFO - Started process (PID=8496) to work on /Users/parth/Desktop/Engine/venv/lib/python3.11/site-packages/airflow/example_dags/example_bash_decorator.py
[2025-07-17T00:13:32.157+0530] {processor.py:914} INFO - Processing file /Users/parth/Desktop/Engine/venv/lib/python3.11/site-packages/airflow/example_dags/example_bash_decorator.py for tasks to queue
[2025-07-17T00:13:32.158+0530] {logging_mixin.py:190} INFO - [2025-07-17T00:13:32.158+0530] {dagbag.py:588} INFO - Filling up the DagBag from /Users/parth/Desktop/Engine/venv/lib/python3.11/site-packages/airflow/example_dags/example_bash_decorator.py
[2025-07-17T00:13:32.207+0530] {processor.py:925} INFO - DAG(s) 'example_bash_decorator' retrieved from /Users/parth/Desktop/Engine/venv/lib/python3.11/site-packages/airflow/example_dags/example_bash_decorator.py
[2025-07-17T00:13:32.355+0530] {logging_mixin.py:190} INFO - [2025-07-17T00:13:32.355+0530] {override.py:1930} INFO - Created Permission View: can read on DAG:example_bash_decorator
[2025-07-17T00:13:32.363+0530] {logging_mixin.py:190} INFO - [2025-07-17T00:13:32.363+0530] {override.py:1930} INFO - Created Permission View: can edit on DAG:example_bash_decorator
[2025-07-17T00:13:32.369+0530] {logging_mixin.py:190} INFO - [2025-07-17T00:13:32.368+0530] {override.py:1930} INFO - Created Permission View: can delete on DAG:example_bash_decorator
[2025-07-17T00:13:32.375+0530] {logging_mixin.py:190} INFO - [2025-07-17T00:13:32.375+0530] {override.py:1930} INFO - Created Permission View: can create on DAG Run:example_bash_decorator
[2025-07-17T00:13:32.380+0530] {logging_mixin.py:190} INFO - [2025-07-17T00:13:32.380+0530] {override.py:1930} INFO - Created Permission View: menu access on DAG Run:example_bash_decorator
[2025-07-17T00:13:32.384+0530] {logging_mixin.py:190} INFO - [2025-07-17T00:13:32.384+0530] {override.py:1930} INFO - Created Permission View: can read on DAG Run:example_bash_decorator
[2025-07-17T00:13:32.389+0530] {logging_mixin.py:190} INFO - [2025-07-17T00:13:32.389+0530] {override.py:1930} INFO - Created Permission View: can delete on DAG Run:example_bash_decorator
[2025-07-17T00:13:32.389+0530] {logging_mixin.py:190} INFO - [2025-07-17T00:13:32.389+0530] {dag.py:3239} INFO - Sync 1 DAGs
[2025-07-17T00:13:32.458+0530] {logging_mixin.py:190} INFO - [2025-07-17T00:13:32.458+0530] {dag.py:3262} INFO - Creating ORM DAG for example_bash_decorator
[2025-07-17T00:13:32.458+0530] {logging_mixin.py:190} INFO - [2025-07-17T00:13:32.458+0530] {dag.py:4180} INFO - Setting next_dagrun for example_bash_decorator to None, run_after=None
[2025-07-17T00:13:32.468+0530] {processor.py:208} INFO - Processing /Users/parth/Desktop/Engine/venv/lib/python3.11/site-packages/airflow/example_dags/example_bash_decorator.py took 0.316 seconds
[2025-07-17T00:17:51.251+0530] {processor.py:186} INFO - Started process (PID=10211) to work on /Users/parth/Desktop/Engine/venv/lib/python3.11/site-packages/airflow/example_dags/example_bash_decorator.py
[2025-07-17T00:17:51.252+0530] {processor.py:914} INFO - Processing file /Users/parth/Desktop/Engine/venv/lib/python3.11/site-packages/airflow/example_dags/example_bash_decorator.py for tasks to queue
[2025-07-17T00:17:51.253+0530] {logging_mixin.py:190} INFO - [2025-07-17T00:17:51.253+0530] {dagbag.py:588} INFO - Filling up the DagBag from /Users/parth/Desktop/Engine/venv/lib/python3.11/site-packages/airflow/example_dags/example_bash_decorator.py
[2025-07-17T00:17:51.292+0530] {processor.py:925} INFO - DAG(s) 'example_bash_decorator' retrieved from /Users/parth/Desktop/Engine/venv/lib/python3.11/site-packages/airflow/example_dags/example_bash_decorator.py
[2025-07-17T00:17:51.448+0530] {logging_mixin.py:190} INFO - [2025-07-17T00:17:51.448+0530] {dag.py:3239} INFO - Sync 1 DAGs
[2025-07-17T00:17:51.525+0530] {logging_mixin.py:190} INFO - [2025-07-17T00:17:51.525+0530] {dag.py:4180} INFO - Setting next_dagrun for example_bash_decorator to None, run_after=None
[2025-07-17T00:17:51.544+0530] {processor.py:208} INFO - Processing /Users/parth/Desktop/Engine/venv/lib/python3.11/site-packages/airflow/example_dags/example_bash_decorator.py took 0.295 seconds
[2025-07-17T00:23:11.714+0530] {processor.py:186} INFO - Started process (PID=12484) to work on /Users/parth/Desktop/Engine/venv/lib/python3.11/site-packages/airflow/example_dags/example_bash_decorator.py
[2025-07-17T00:23:11.715+0530] {processor.py:914} INFO - Processing file /Users/parth/Desktop/Engine/venv/lib/python3.11/site-packages/airflow/example_dags/example_bash_decorator.py for tasks to queue
[2025-07-17T00:23:11.716+0530] {logging_mixin.py:190} INFO - [2025-07-17T00:23:11.716+0530] {dagbag.py:588} INFO - Filling up the DagBag from /Users/parth/Desktop/Engine/venv/lib/python3.11/site-packages/airflow/example_dags/example_bash_decorator.py
[2025-07-17T00:23:11.744+0530] {processor.py:925} INFO - DAG(s) 'example_bash_decorator' retrieved from /Users/parth/Desktop/Engine/venv/lib/python3.11/site-packages/airflow/example_dags/example_bash_decorator.py
[2025-07-17T00:23:11.874+0530] {logging_mixin.py:190} INFO - [2025-07-17T00:23:11.874+0530] {dag.py:3239} INFO - Sync 1 DAGs
[2025-07-17T00:23:11.930+0530] {logging_mixin.py:190} INFO - [2025-07-17T00:23:11.930+0530] {dag.py:4180} INFO - Setting next_dagrun for example_bash_decorator to None, run_after=None
[2025-07-17T00:23:11.940+0530] {processor.py:208} INFO - Processing /Users/parth/Desktop/Engine/venv/lib/python3.11/site-packages/airflow/example_dags/example_bash_decorator.py took 0.229 seconds
[2025-07-17T00:27:09.143+0530] {processor.py:186} INFO - Started process (PID=14103) to work on /Users/parth/Desktop/Engine/venv/lib/python3.11/site-packages/airflow/example_dags/example_bash_decorator.py
[2025-07-17T00:27:09.144+0530] {processor.py:914} INFO - Processing file /Users/parth/Desktop/Engine/venv/lib/python3.11/site-packages/airflow/example_dags/example_bash_decorator.py for tasks to queue
[2025-07-17T00:27:09.145+0530] {logging_mixin.py:190} INFO - [2025-07-17T00:27:09.145+0530] {dagbag.py:588} INFO - Filling up the DagBag from /Users/parth/Desktop/Engine/venv/lib/python3.11/site-packages/airflow/example_dags/example_bash_decorator.py
[2025-07-17T00:27:09.174+0530] {processor.py:925} INFO - DAG(s) 'example_bash_decorator' retrieved from /Users/parth/Desktop/Engine/venv/lib/python3.11/site-packages/airflow/example_dags/example_bash_decorator.py
[2025-07-17T00:27:09.306+0530] {logging_mixin.py:190} INFO - [2025-07-17T00:27:09.306+0530] {dag.py:3239} INFO - Sync 1 DAGs
[2025-07-17T00:27:09.363+0530] {logging_mixin.py:190} INFO - [2025-07-17T00:27:09.362+0530] {dag.py:4180} INFO - Setting next_dagrun for example_bash_decorator to None, run_after=None
[2025-07-17T00:27:09.374+0530] {processor.py:208} INFO - Processing /Users/parth/Desktop/Engine/venv/lib/python3.11/site-packages/airflow/example_dags/example_bash_decorator.py took 0.233 seconds
[2025-07-17T00:31:09.678+0530] {processor.py:186} INFO - Started process (PID=15684) to work on /Users/parth/Desktop/Engine/venv/lib/python3.11/site-packages/airflow/example_dags/example_bash_decorator.py
[2025-07-17T00:31:09.679+0530] {processor.py:914} INFO - Processing file /Users/parth/Desktop/Engine/venv/lib/python3.11/site-packages/airflow/example_dags/example_bash_decorator.py for tasks to queue
[2025-07-17T00:31:09.680+0530] {logging_mixin.py:190} INFO - [2025-07-17T00:31:09.680+0530] {dagbag.py:588} INFO - Filling up the DagBag from /Users/parth/Desktop/Engine/venv/lib/python3.11/site-packages/airflow/example_dags/example_bash_decorator.py
[2025-07-17T00:31:09.713+0530] {processor.py:925} INFO - DAG(s) 'example_bash_decorator' retrieved from /Users/parth/Desktop/Engine/venv/lib/python3.11/site-packages/airflow/example_dags/example_bash_decorator.py
[2025-07-17T00:31:09.844+0530] {logging_mixin.py:190} INFO - [2025-07-17T00:31:09.843+0530] {dag.py:3239} INFO - Sync 1 DAGs
[2025-07-17T00:31:09.899+0530] {logging_mixin.py:190} INFO - [2025-07-17T00:31:09.899+0530] {dag.py:4180} INFO - Setting next_dagrun for example_bash_decorator to None, run_after=None
[2025-07-17T00:31:09.910+0530] {processor.py:208} INFO - Processing /Users/parth/Desktop/Engine/venv/lib/python3.11/site-packages/airflow/example_dags/example_bash_decorator.py took 0.234 seconds
[2025-07-17T00:34:58.798+0530] {processor.py:186} INFO - Started process (PID=17180) to work on /Users/parth/Desktop/Engine/venv/lib/python3.11/site-packages/airflow/example_dags/example_bash_decorator.py
[2025-07-17T00:34:58.799+0530] {processor.py:914} INFO - Processing file /Users/parth/Desktop/Engine/venv/lib/python3.11/site-packages/airflow/example_dags/example_bash_decorator.py for tasks to queue
[2025-07-17T00:34:58.800+0530] {logging_mixin.py:190} INFO - [2025-07-17T00:34:58.800+0530] {dagbag.py:588} INFO - Filling up the DagBag from /Users/parth/Desktop/Engine/venv/lib/python3.11/site-packages/airflow/example_dags/example_bash_decorator.py
[2025-07-17T00:34:58.832+0530] {processor.py:925} INFO - DAG(s) 'example_bash_decorator' retrieved from /Users/parth/Desktop/Engine/venv/lib/python3.11/site-packages/airflow/example_dags/example_bash_decorator.py
[2025-07-17T00:34:58.960+0530] {logging_mixin.py:190} INFO - [2025-07-17T00:34:58.959+0530] {dag.py:3239} INFO - Sync 1 DAGs
[2025-07-17T00:34:59.019+0530] {logging_mixin.py:190} INFO - [2025-07-17T00:34:59.018+0530] {dag.py:4180} INFO - Setting next_dagrun for example_bash_decorator to None, run_after=None
[2025-07-17T00:34:59.030+0530] {processor.py:208} INFO - Processing /Users/parth/Desktop/Engine/venv/lib/python3.11/site-packages/airflow/example_dags/example_bash_decorator.py took 0.235 seconds
[2025-07-17T00:39:07.542+0530] {processor.py:186} INFO - Started process (PID=18788) to work on /Users/parth/Desktop/Engine/venv/lib/python3.11/site-packages/airflow/example_dags/example_bash_decorator.py
[2025-07-17T00:39:07.543+0530] {processor.py:914} INFO - Processing file /Users/parth/Desktop/Engine/venv/lib/python3.11/site-packages/airflow/example_dags/example_bash_decorator.py for tasks to queue
[2025-07-17T00:39:07.544+0530] {logging_mixin.py:190} INFO - [2025-07-17T00:39:07.544+0530] {dagbag.py:588} INFO - Filling up the DagBag from /Users/parth/Desktop/Engine/venv/lib/python3.11/site-packages/airflow/example_dags/example_bash_decorator.py
[2025-07-17T00:39:07.586+0530] {processor.py:925} INFO - DAG(s) 'example_bash_decorator' retrieved from /Users/parth/Desktop/Engine/venv/lib/python3.11/site-packages/airflow/example_dags/example_bash_decorator.py
[2025-07-17T00:39:07.728+0530] {logging_mixin.py:190} INFO - [2025-07-17T00:39:07.728+0530] {dag.py:3239} INFO - Sync 1 DAGs
[2025-07-17T00:39:07.794+0530] {logging_mixin.py:190} INFO - [2025-07-17T00:39:07.793+0530] {dag.py:4180} INFO - Setting next_dagrun for example_bash_decorator to None, run_after=None
[2025-07-17T00:39:07.808+0530] {processor.py:208} INFO - Processing /Users/parth/Desktop/Engine/venv/lib/python3.11/site-packages/airflow/example_dags/example_bash_decorator.py took 0.269 seconds
[2025-07-17T00:43:39.141+0530] {processor.py:186} INFO - Started process (PID=20634) to work on /Users/parth/Desktop/Engine/venv/lib/python3.11/site-packages/airflow/example_dags/example_bash_decorator.py
[2025-07-17T00:43:39.142+0530] {processor.py:914} INFO - Processing file /Users/parth/Desktop/Engine/venv/lib/python3.11/site-packages/airflow/example_dags/example_bash_decorator.py for tasks to queue
[2025-07-17T00:43:39.143+0530] {logging_mixin.py:190} INFO - [2025-07-17T00:43:39.143+0530] {dagbag.py:588} INFO - Filling up the DagBag from /Users/parth/Desktop/Engine/venv/lib/python3.11/site-packages/airflow/example_dags/example_bash_decorator.py
[2025-07-17T00:43:39.178+0530] {processor.py:925} INFO - DAG(s) 'example_bash_decorator' retrieved from /Users/parth/Desktop/Engine/venv/lib/python3.11/site-packages/airflow/example_dags/example_bash_decorator.py
[2025-07-17T00:43:39.307+0530] {logging_mixin.py:190} INFO - [2025-07-17T00:43:39.307+0530] {dag.py:3239} INFO - Sync 1 DAGs
[2025-07-17T00:43:39.365+0530] {logging_mixin.py:190} INFO - [2025-07-17T00:43:39.365+0530] {dag.py:4180} INFO - Setting next_dagrun for example_bash_decorator to None, run_after=None
[2025-07-17T00:43:39.375+0530] {processor.py:208} INFO - Processing /Users/parth/Desktop/Engine/venv/lib/python3.11/site-packages/airflow/example_dags/example_bash_decorator.py took 0.237 seconds
[2025-07-17T00:47:41.340+0530] {processor.py:186} INFO - Started process (PID=22196) to work on /Users/parth/Desktop/Engine/venv/lib/python3.11/site-packages/airflow/example_dags/example_bash_decorator.py
[2025-07-17T00:47:41.341+0530] {processor.py:914} INFO - Processing file /Users/parth/Desktop/Engine/venv/lib/python3.11/site-packages/airflow/example_dags/example_bash_decorator.py for tasks to queue
[2025-07-17T00:47:41.342+0530] {logging_mixin.py:190} INFO - [2025-07-17T00:47:41.342+0530] {dagbag.py:588} INFO - Filling up the DagBag from /Users/parth/Desktop/Engine/venv/lib/python3.11/site-packages/airflow/example_dags/example_bash_decorator.py
[2025-07-17T00:47:41.377+0530] {processor.py:925} INFO - DAG(s) 'example_bash_decorator' retrieved from /Users/parth/Desktop/Engine/venv/lib/python3.11/site-packages/airflow/example_dags/example_bash_decorator.py
[2025-07-17T00:47:41.505+0530] {logging_mixin.py:190} INFO - [2025-07-17T00:47:41.505+0530] {dag.py:3239} INFO - Sync 1 DAGs
[2025-07-17T00:47:41.561+0530] {logging_mixin.py:190} INFO - [2025-07-17T00:47:41.561+0530] {dag.py:4180} INFO - Setting next_dagrun for example_bash_decorator to None, run_after=None
[2025-07-17T00:47:41.571+0530] {processor.py:208} INFO - Processing /Users/parth/Desktop/Engine/venv/lib/python3.11/site-packages/airflow/example_dags/example_bash_decorator.py took 0.234 seconds
