[2025-07-16T21:05:07.703+0530] {processor.py:186} INFO - Started process (PID=85288) to work on /Users/parth/Desktop/Engine/venv/lib/python3.11/site-packages/airflow/example_dags/example_xcom.py
[2025-07-16T21:05:07.704+0530] {processor.py:914} INFO - Processing file /Users/parth/Desktop/Engine/venv/lib/python3.11/site-packages/airflow/example_dags/example_xcom.py for tasks to queue
[2025-07-16T21:05:07.704+0530] {logging_mixin.py:190} INFO - [2025-07-16T21:05:07.704+0530] {dagbag.py:588} INFO - Filling up the DagBag from /Users/parth/Desktop/Engine/venv/lib/python3.11/site-packages/airflow/example_dags/example_xcom.py
[2025-07-16T21:05:07.720+0530] {processor.py:925} INFO - DAG(s) 'example_xcom' retrieved from /Users/parth/Desktop/Engine/venv/lib/python3.11/site-packages/airflow/example_dags/example_xcom.py
[2025-07-16T21:05:07.791+0530] {logging_mixin.py:190} INFO - [2025-07-16T21:05:07.790+0530] {override.py:1930} INFO - Created Permission View: can edit on DAG:example_xcom
[2025-07-16T21:05:07.794+0530] {logging_mixin.py:190} INFO - [2025-07-16T21:05:07.794+0530] {override.py:1930} INFO - Created Permission View: can read on DAG:example_xcom
[2025-07-16T21:05:07.796+0530] {logging_mixin.py:190} INFO - [2025-07-16T21:05:07.796+0530] {override.py:1930} INFO - Created Permission View: can delete on DAG:example_xcom
[2025-07-16T21:05:07.799+0530] {logging_mixin.py:190} INFO - [2025-07-16T21:05:07.799+0530] {override.py:1930} INFO - Created Permission View: menu access on DAG Run:example_xcom
[2025-07-16T21:05:07.801+0530] {logging_mixin.py:190} INFO - [2025-07-16T21:05:07.801+0530] {override.py:1930} INFO - Created Permission View: can read on DAG Run:example_xcom
[2025-07-16T21:05:07.803+0530] {logging_mixin.py:190} INFO - [2025-07-16T21:05:07.803+0530] {override.py:1930} INFO - Created Permission View: can delete on DAG Run:example_xcom
[2025-07-16T21:05:07.805+0530] {logging_mixin.py:190} INFO - [2025-07-16T21:05:07.805+0530] {override.py:1930} INFO - Created Permission View: can create on DAG Run:example_xcom
[2025-07-16T21:05:07.805+0530] {logging_mixin.py:190} INFO - [2025-07-16T21:05:07.805+0530] {dag.py:3239} INFO - Sync 1 DAGs
[2025-07-16T21:05:07.848+0530] {logging_mixin.py:190} INFO - [2025-07-16T21:05:07.848+0530] {dag.py:3262} INFO - Creating ORM DAG for example_xcom
[2025-07-16T21:05:07.851+0530] {logging_mixin.py:190} INFO - [2025-07-16T21:05:07.851+0530] {dag.py:4180} INFO - Setting next_dagrun for example_xcom to 2021-01-01 00:00:00+00:00, run_after=2021-01-01 00:00:00+00:00
[2025-07-16T21:05:07.857+0530] {processor.py:208} INFO - Processing /Users/parth/Desktop/Engine/venv/lib/python3.11/site-packages/airflow/example_dags/example_xcom.py took 0.155 seconds
[2025-07-17T00:11:29.186+0530] {processor.py:186} INFO - Started process (PID=7162) to work on /Users/parth/Desktop/Engine/venv/lib/python3.11/site-packages/airflow/example_dags/example_xcom.py
[2025-07-17T00:11:29.187+0530] {processor.py:914} INFO - Processing file /Users/parth/Desktop/Engine/venv/lib/python3.11/site-packages/airflow/example_dags/example_xcom.py for tasks to queue
[2025-07-17T00:11:29.187+0530] {logging_mixin.py:190} INFO - [2025-07-17T00:11:29.187+0530] {dagbag.py:588} INFO - Filling up the DagBag from /Users/parth/Desktop/Engine/venv/lib/python3.11/site-packages/airflow/example_dags/example_xcom.py
[2025-07-17T00:11:29.213+0530] {processor.py:925} INFO - DAG(s) 'example_xcom' retrieved from /Users/parth/Desktop/Engine/venv/lib/python3.11/site-packages/airflow/example_dags/example_xcom.py
[2025-07-17T00:11:29.274+0530] {logging_mixin.py:190} INFO - [2025-07-17T00:11:29.273+0530] {dag.py:3239} INFO - Sync 1 DAGs
[2025-07-17T00:11:29.284+0530] {logging_mixin.py:190} INFO - [2025-07-17T00:11:29.284+0530] {dag.py:4180} INFO - Setting next_dagrun for example_xcom to 2021-01-01 00:00:00+00:00, run_after=2021-01-01 00:00:00+00:00
[2025-07-17T00:11:29.295+0530] {processor.py:208} INFO - Processing /Users/parth/Desktop/Engine/venv/lib/python3.11/site-packages/airflow/example_dags/example_xcom.py took 0.111 seconds
[2025-07-17T00:14:14.707+0530] {processor.py:186} INFO - Started process (PID=8772) to work on /Users/parth/Desktop/Engine/venv/lib/python3.11/site-packages/airflow/example_dags/example_xcom.py
[2025-07-17T00:14:14.707+0530] {processor.py:914} INFO - Processing file /Users/parth/Desktop/Engine/venv/lib/python3.11/site-packages/airflow/example_dags/example_xcom.py for tasks to queue
[2025-07-17T00:14:14.708+0530] {logging_mixin.py:190} INFO - [2025-07-17T00:14:14.708+0530] {dagbag.py:588} INFO - Filling up the DagBag from /Users/parth/Desktop/Engine/venv/lib/python3.11/site-packages/airflow/example_dags/example_xcom.py
[2025-07-17T00:14:14.737+0530] {processor.py:925} INFO - DAG(s) 'example_xcom' retrieved from /Users/parth/Desktop/Engine/venv/lib/python3.11/site-packages/airflow/example_dags/example_xcom.py
[2025-07-17T00:14:14.804+0530] {logging_mixin.py:190} INFO - [2025-07-17T00:14:14.804+0530] {dag.py:3239} INFO - Sync 1 DAGs
[2025-07-17T00:14:14.816+0530] {logging_mixin.py:190} INFO - [2025-07-17T00:14:14.816+0530] {dag.py:4180} INFO - Setting next_dagrun for example_xcom to 2021-01-01 00:00:00+00:00, run_after=2021-01-01 00:00:00+00:00
[2025-07-17T00:14:14.828+0530] {processor.py:208} INFO - Processing /Users/parth/Desktop/Engine/venv/lib/python3.11/site-packages/airflow/example_dags/example_xcom.py took 0.124 seconds
[2025-07-17T00:16:21.695+0530] {processor.py:186} INFO - Started process (PID=9609) to work on /Users/parth/Desktop/Engine/venv/lib/python3.11/site-packages/airflow/example_dags/example_xcom.py
[2025-07-17T00:16:21.697+0530] {processor.py:914} INFO - Processing file /Users/parth/Desktop/Engine/venv/lib/python3.11/site-packages/airflow/example_dags/example_xcom.py for tasks to queue
[2025-07-17T00:16:21.698+0530] {logging_mixin.py:190} INFO - [2025-07-17T00:16:21.698+0530] {dagbag.py:588} INFO - Filling up the DagBag from /Users/parth/Desktop/Engine/venv/lib/python3.11/site-packages/airflow/example_dags/example_xcom.py
[2025-07-17T00:16:21.737+0530] {processor.py:925} INFO - DAG(s) 'example_xcom' retrieved from /Users/parth/Desktop/Engine/venv/lib/python3.11/site-packages/airflow/example_dags/example_xcom.py
[2025-07-17T00:16:21.825+0530] {logging_mixin.py:190} INFO - [2025-07-17T00:16:21.825+0530] {dag.py:3239} INFO - Sync 1 DAGs
[2025-07-17T00:16:21.848+0530] {logging_mixin.py:190} INFO - [2025-07-17T00:16:21.848+0530] {dag.py:4180} INFO - Setting next_dagrun for example_xcom to 2021-01-01 00:00:00+00:00, run_after=2021-01-01 00:00:00+00:00
[2025-07-17T00:16:21.869+0530] {processor.py:208} INFO - Processing /Users/parth/Desktop/Engine/venv/lib/python3.11/site-packages/airflow/example_dags/example_xcom.py took 0.178 seconds
[2025-07-17T00:18:28.776+0530] {processor.py:186} INFO - Started process (PID=10442) to work on /Users/parth/Desktop/Engine/venv/lib/python3.11/site-packages/airflow/example_dags/example_xcom.py
[2025-07-17T00:18:28.777+0530] {processor.py:914} INFO - Processing file /Users/parth/Desktop/Engine/venv/lib/python3.11/site-packages/airflow/example_dags/example_xcom.py for tasks to queue
[2025-07-17T00:18:28.778+0530] {logging_mixin.py:190} INFO - [2025-07-17T00:18:28.778+0530] {dagbag.py:588} INFO - Filling up the DagBag from /Users/parth/Desktop/Engine/venv/lib/python3.11/site-packages/airflow/example_dags/example_xcom.py
[2025-07-17T00:18:28.803+0530] {processor.py:925} INFO - DAG(s) 'example_xcom' retrieved from /Users/parth/Desktop/Engine/venv/lib/python3.11/site-packages/airflow/example_dags/example_xcom.py
[2025-07-17T00:18:28.862+0530] {logging_mixin.py:190} INFO - [2025-07-17T00:18:28.861+0530] {dag.py:3239} INFO - Sync 1 DAGs
[2025-07-17T00:18:28.872+0530] {logging_mixin.py:190} INFO - [2025-07-17T00:18:28.871+0530] {dag.py:4180} INFO - Setting next_dagrun for example_xcom to 2021-01-01 00:00:00+00:00, run_after=2021-01-01 00:00:00+00:00
[2025-07-17T00:18:28.882+0530] {processor.py:208} INFO - Processing /Users/parth/Desktop/Engine/venv/lib/python3.11/site-packages/airflow/example_dags/example_xcom.py took 0.109 seconds
[2025-07-17T00:21:31.071+0530] {processor.py:186} INFO - Started process (PID=11730) to work on /Users/parth/Desktop/Engine/venv/lib/python3.11/site-packages/airflow/example_dags/example_xcom.py
[2025-07-17T00:21:31.072+0530] {processor.py:914} INFO - Processing file /Users/parth/Desktop/Engine/venv/lib/python3.11/site-packages/airflow/example_dags/example_xcom.py for tasks to queue
[2025-07-17T00:21:31.073+0530] {logging_mixin.py:190} INFO - [2025-07-17T00:21:31.073+0530] {dagbag.py:588} INFO - Filling up the DagBag from /Users/parth/Desktop/Engine/venv/lib/python3.11/site-packages/airflow/example_dags/example_xcom.py
[2025-07-17T00:21:31.099+0530] {processor.py:925} INFO - DAG(s) 'example_xcom' retrieved from /Users/parth/Desktop/Engine/venv/lib/python3.11/site-packages/airflow/example_dags/example_xcom.py
[2025-07-17T00:21:31.159+0530] {logging_mixin.py:190} INFO - [2025-07-17T00:21:31.159+0530] {dag.py:3239} INFO - Sync 1 DAGs
[2025-07-17T00:21:31.170+0530] {logging_mixin.py:190} INFO - [2025-07-17T00:21:31.170+0530] {dag.py:4180} INFO - Setting next_dagrun for example_xcom to 2021-01-01 00:00:00+00:00, run_after=2021-01-01 00:00:00+00:00
[2025-07-17T00:21:31.181+0530] {processor.py:208} INFO - Processing /Users/parth/Desktop/Engine/venv/lib/python3.11/site-packages/airflow/example_dags/example_xcom.py took 0.112 seconds
[2025-07-17T00:23:47.071+0530] {processor.py:186} INFO - Started process (PID=12737) to work on /Users/parth/Desktop/Engine/venv/lib/python3.11/site-packages/airflow/example_dags/example_xcom.py
[2025-07-17T00:23:47.072+0530] {processor.py:914} INFO - Processing file /Users/parth/Desktop/Engine/venv/lib/python3.11/site-packages/airflow/example_dags/example_xcom.py for tasks to queue
[2025-07-17T00:23:47.072+0530] {logging_mixin.py:190} INFO - [2025-07-17T00:23:47.072+0530] {dagbag.py:588} INFO - Filling up the DagBag from /Users/parth/Desktop/Engine/venv/lib/python3.11/site-packages/airflow/example_dags/example_xcom.py
[2025-07-17T00:23:47.097+0530] {processor.py:925} INFO - DAG(s) 'example_xcom' retrieved from /Users/parth/Desktop/Engine/venv/lib/python3.11/site-packages/airflow/example_dags/example_xcom.py
[2025-07-17T00:23:47.157+0530] {logging_mixin.py:190} INFO - [2025-07-17T00:23:47.157+0530] {dag.py:3239} INFO - Sync 1 DAGs
[2025-07-17T00:23:47.168+0530] {logging_mixin.py:190} INFO - [2025-07-17T00:23:47.168+0530] {dag.py:4180} INFO - Setting next_dagrun for example_xcom to 2021-01-01 00:00:00+00:00, run_after=2021-01-01 00:00:00+00:00
[2025-07-17T00:23:47.178+0530] {processor.py:208} INFO - Processing /Users/parth/Desktop/Engine/venv/lib/python3.11/site-packages/airflow/example_dags/example_xcom.py took 0.110 seconds
[2025-07-17T00:25:45.849+0530] {processor.py:186} INFO - Started process (PID=13533) to work on /Users/parth/Desktop/Engine/venv/lib/python3.11/site-packages/airflow/example_dags/example_xcom.py
[2025-07-17T00:25:45.850+0530] {processor.py:914} INFO - Processing file /Users/parth/Desktop/Engine/venv/lib/python3.11/site-packages/airflow/example_dags/example_xcom.py for tasks to queue
[2025-07-17T00:25:45.850+0530] {logging_mixin.py:190} INFO - [2025-07-17T00:25:45.850+0530] {dagbag.py:588} INFO - Filling up the DagBag from /Users/parth/Desktop/Engine/venv/lib/python3.11/site-packages/airflow/example_dags/example_xcom.py
[2025-07-17T00:25:45.876+0530] {processor.py:925} INFO - DAG(s) 'example_xcom' retrieved from /Users/parth/Desktop/Engine/venv/lib/python3.11/site-packages/airflow/example_dags/example_xcom.py
[2025-07-17T00:25:45.936+0530] {logging_mixin.py:190} INFO - [2025-07-17T00:25:45.936+0530] {dag.py:3239} INFO - Sync 1 DAGs
[2025-07-17T00:25:45.948+0530] {logging_mixin.py:190} INFO - [2025-07-17T00:25:45.948+0530] {dag.py:4180} INFO - Setting next_dagrun for example_xcom to 2021-01-01 00:00:00+00:00, run_after=2021-01-01 00:00:00+00:00
[2025-07-17T00:25:45.958+0530] {processor.py:208} INFO - Processing /Users/parth/Desktop/Engine/venv/lib/python3.11/site-packages/airflow/example_dags/example_xcom.py took 0.112 seconds
[2025-07-17T00:27:46.778+0530] {processor.py:186} INFO - Started process (PID=14348) to work on /Users/parth/Desktop/Engine/venv/lib/python3.11/site-packages/airflow/example_dags/example_xcom.py
[2025-07-17T00:27:46.779+0530] {processor.py:914} INFO - Processing file /Users/parth/Desktop/Engine/venv/lib/python3.11/site-packages/airflow/example_dags/example_xcom.py for tasks to queue
[2025-07-17T00:27:46.779+0530] {logging_mixin.py:190} INFO - [2025-07-17T00:27:46.779+0530] {dagbag.py:588} INFO - Filling up the DagBag from /Users/parth/Desktop/Engine/venv/lib/python3.11/site-packages/airflow/example_dags/example_xcom.py
[2025-07-17T00:27:46.804+0530] {processor.py:925} INFO - DAG(s) 'example_xcom' retrieved from /Users/parth/Desktop/Engine/venv/lib/python3.11/site-packages/airflow/example_dags/example_xcom.py
[2025-07-17T00:27:46.864+0530] {logging_mixin.py:190} INFO - [2025-07-17T00:27:46.864+0530] {dag.py:3239} INFO - Sync 1 DAGs
[2025-07-17T00:27:46.874+0530] {logging_mixin.py:190} INFO - [2025-07-17T00:27:46.874+0530] {dag.py:4180} INFO - Setting next_dagrun for example_xcom to 2021-01-01 00:00:00+00:00, run_after=2021-01-01 00:00:00+00:00
[2025-07-17T00:27:46.885+0530] {processor.py:208} INFO - Processing /Users/parth/Desktop/Engine/venv/lib/python3.11/site-packages/airflow/example_dags/example_xcom.py took 0.110 seconds
[2025-07-17T00:29:48.640+0530] {processor.py:186} INFO - Started process (PID=15130) to work on /Users/parth/Desktop/Engine/venv/lib/python3.11/site-packages/airflow/example_dags/example_xcom.py
[2025-07-17T00:29:48.640+0530] {processor.py:914} INFO - Processing file /Users/parth/Desktop/Engine/venv/lib/python3.11/site-packages/airflow/example_dags/example_xcom.py for tasks to queue
[2025-07-17T00:29:48.641+0530] {logging_mixin.py:190} INFO - [2025-07-17T00:29:48.641+0530] {dagbag.py:588} INFO - Filling up the DagBag from /Users/parth/Desktop/Engine/venv/lib/python3.11/site-packages/airflow/example_dags/example_xcom.py
[2025-07-17T00:29:48.666+0530] {processor.py:925} INFO - DAG(s) 'example_xcom' retrieved from /Users/parth/Desktop/Engine/venv/lib/python3.11/site-packages/airflow/example_dags/example_xcom.py
[2025-07-17T00:29:48.726+0530] {logging_mixin.py:190} INFO - [2025-07-17T00:29:48.726+0530] {dag.py:3239} INFO - Sync 1 DAGs
[2025-07-17T00:29:48.736+0530] {logging_mixin.py:190} INFO - [2025-07-17T00:29:48.736+0530] {dag.py:4180} INFO - Setting next_dagrun for example_xcom to 2021-01-01 00:00:00+00:00, run_after=2021-01-01 00:00:00+00:00
[2025-07-17T00:29:48.747+0530] {processor.py:208} INFO - Processing /Users/parth/Desktop/Engine/venv/lib/python3.11/site-packages/airflow/example_dags/example_xcom.py took 0.109 seconds
[2025-07-17T00:31:43.734+0530] {processor.py:186} INFO - Started process (PID=15904) to work on /Users/parth/Desktop/Engine/venv/lib/python3.11/site-packages/airflow/example_dags/example_xcom.py
[2025-07-17T00:31:43.735+0530] {processor.py:914} INFO - Processing file /Users/parth/Desktop/Engine/venv/lib/python3.11/site-packages/airflow/example_dags/example_xcom.py for tasks to queue
[2025-07-17T00:31:43.736+0530] {logging_mixin.py:190} INFO - [2025-07-17T00:31:43.736+0530] {dagbag.py:588} INFO - Filling up the DagBag from /Users/parth/Desktop/Engine/venv/lib/python3.11/site-packages/airflow/example_dags/example_xcom.py
[2025-07-17T00:31:43.761+0530] {processor.py:925} INFO - DAG(s) 'example_xcom' retrieved from /Users/parth/Desktop/Engine/venv/lib/python3.11/site-packages/airflow/example_dags/example_xcom.py
[2025-07-17T00:31:43.821+0530] {logging_mixin.py:190} INFO - [2025-07-17T00:31:43.821+0530] {dag.py:3239} INFO - Sync 1 DAGs
[2025-07-17T00:31:43.831+0530] {logging_mixin.py:190} INFO - [2025-07-17T00:31:43.831+0530] {dag.py:4180} INFO - Setting next_dagrun for example_xcom to 2021-01-01 00:00:00+00:00, run_after=2021-01-01 00:00:00+00:00
[2025-07-17T00:31:43.842+0530] {processor.py:208} INFO - Processing /Users/parth/Desktop/Engine/venv/lib/python3.11/site-packages/airflow/example_dags/example_xcom.py took 0.110 seconds
[2025-07-17T00:33:36.724+0530] {processor.py:186} INFO - Started process (PID=16635) to work on /Users/parth/Desktop/Engine/venv/lib/python3.11/site-packages/airflow/example_dags/example_xcom.py
[2025-07-17T00:33:36.725+0530] {processor.py:914} INFO - Processing file /Users/parth/Desktop/Engine/venv/lib/python3.11/site-packages/airflow/example_dags/example_xcom.py for tasks to queue
[2025-07-17T00:33:36.726+0530] {logging_mixin.py:190} INFO - [2025-07-17T00:33:36.726+0530] {dagbag.py:588} INFO - Filling up the DagBag from /Users/parth/Desktop/Engine/venv/lib/python3.11/site-packages/airflow/example_dags/example_xcom.py
[2025-07-17T00:33:36.762+0530] {processor.py:925} INFO - DAG(s) 'example_xcom' retrieved from /Users/parth/Desktop/Engine/venv/lib/python3.11/site-packages/airflow/example_dags/example_xcom.py
[2025-07-17T00:33:36.841+0530] {logging_mixin.py:190} INFO - [2025-07-17T00:33:36.841+0530] {dag.py:3239} INFO - Sync 1 DAGs
[2025-07-17T00:33:36.855+0530] {logging_mixin.py:190} INFO - [2025-07-17T00:33:36.855+0530] {dag.py:4180} INFO - Setting next_dagrun for example_xcom to 2021-01-01 00:00:00+00:00, run_after=2021-01-01 00:00:00+00:00
[2025-07-17T00:33:36.869+0530] {processor.py:208} INFO - Processing /Users/parth/Desktop/Engine/venv/lib/python3.11/site-packages/airflow/example_dags/example_xcom.py took 0.149 seconds
[2025-07-17T00:35:37.704+0530] {processor.py:186} INFO - Started process (PID=17428) to work on /Users/parth/Desktop/Engine/venv/lib/python3.11/site-packages/airflow/example_dags/example_xcom.py
[2025-07-17T00:35:37.705+0530] {processor.py:914} INFO - Processing file /Users/parth/Desktop/Engine/venv/lib/python3.11/site-packages/airflow/example_dags/example_xcom.py for tasks to queue
[2025-07-17T00:35:37.706+0530] {logging_mixin.py:190} INFO - [2025-07-17T00:35:37.706+0530] {dagbag.py:588} INFO - Filling up the DagBag from /Users/parth/Desktop/Engine/venv/lib/python3.11/site-packages/airflow/example_dags/example_xcom.py
[2025-07-17T00:35:37.731+0530] {processor.py:925} INFO - DAG(s) 'example_xcom' retrieved from /Users/parth/Desktop/Engine/venv/lib/python3.11/site-packages/airflow/example_dags/example_xcom.py
[2025-07-17T00:35:37.790+0530] {logging_mixin.py:190} INFO - [2025-07-17T00:35:37.790+0530] {dag.py:3239} INFO - Sync 1 DAGs
[2025-07-17T00:35:37.801+0530] {logging_mixin.py:190} INFO - [2025-07-17T00:35:37.800+0530] {dag.py:4180} INFO - Setting next_dagrun for example_xcom to 2021-01-01 00:00:00+00:00, run_after=2021-01-01 00:00:00+00:00
[2025-07-17T00:35:37.811+0530] {processor.py:208} INFO - Processing /Users/parth/Desktop/Engine/venv/lib/python3.11/site-packages/airflow/example_dags/example_xcom.py took 0.109 seconds
[2025-07-17T00:37:39.200+0530] {processor.py:186} INFO - Started process (PID=18209) to work on /Users/parth/Desktop/Engine/venv/lib/python3.11/site-packages/airflow/example_dags/example_xcom.py
[2025-07-17T00:37:39.202+0530] {processor.py:914} INFO - Processing file /Users/parth/Desktop/Engine/venv/lib/python3.11/site-packages/airflow/example_dags/example_xcom.py for tasks to queue
[2025-07-17T00:37:39.203+0530] {logging_mixin.py:190} INFO - [2025-07-17T00:37:39.203+0530] {dagbag.py:588} INFO - Filling up the DagBag from /Users/parth/Desktop/Engine/venv/lib/python3.11/site-packages/airflow/example_dags/example_xcom.py
[2025-07-17T00:37:39.263+0530] {processor.py:925} INFO - DAG(s) 'example_xcom' retrieved from /Users/parth/Desktop/Engine/venv/lib/python3.11/site-packages/airflow/example_dags/example_xcom.py
[2025-07-17T00:37:39.376+0530] {logging_mixin.py:190} INFO - [2025-07-17T00:37:39.376+0530] {dag.py:3239} INFO - Sync 1 DAGs
[2025-07-17T00:37:39.393+0530] {logging_mixin.py:190} INFO - [2025-07-17T00:37:39.393+0530] {dag.py:4180} INFO - Setting next_dagrun for example_xcom to 2021-01-01 00:00:00+00:00, run_after=2021-01-01 00:00:00+00:00
[2025-07-17T00:37:39.410+0530] {processor.py:208} INFO - Processing /Users/parth/Desktop/Engine/venv/lib/python3.11/site-packages/airflow/example_dags/example_xcom.py took 0.215 seconds
[2025-07-17T00:39:45.269+0530] {processor.py:186} INFO - Started process (PID=19025) to work on /Users/parth/Desktop/Engine/venv/lib/python3.11/site-packages/airflow/example_dags/example_xcom.py
[2025-07-17T00:39:45.269+0530] {processor.py:914} INFO - Processing file /Users/parth/Desktop/Engine/venv/lib/python3.11/site-packages/airflow/example_dags/example_xcom.py for tasks to queue
[2025-07-17T00:39:45.270+0530] {logging_mixin.py:190} INFO - [2025-07-17T00:39:45.270+0530] {dagbag.py:588} INFO - Filling up the DagBag from /Users/parth/Desktop/Engine/venv/lib/python3.11/site-packages/airflow/example_dags/example_xcom.py
[2025-07-17T00:39:45.296+0530] {processor.py:925} INFO - DAG(s) 'example_xcom' retrieved from /Users/parth/Desktop/Engine/venv/lib/python3.11/site-packages/airflow/example_dags/example_xcom.py
[2025-07-17T00:39:45.356+0530] {logging_mixin.py:190} INFO - [2025-07-17T00:39:45.356+0530] {dag.py:3239} INFO - Sync 1 DAGs
[2025-07-17T00:39:45.367+0530] {logging_mixin.py:190} INFO - [2025-07-17T00:39:45.367+0530] {dag.py:4180} INFO - Setting next_dagrun for example_xcom to 2021-01-01 00:00:00+00:00, run_after=2021-01-01 00:00:00+00:00
[2025-07-17T00:39:45.378+0530] {processor.py:208} INFO - Processing /Users/parth/Desktop/Engine/venv/lib/python3.11/site-packages/airflow/example_dags/example_xcom.py took 0.112 seconds
[2025-07-17T00:42:10.211+0530] {processor.py:186} INFO - Started process (PID=20053) to work on /Users/parth/Desktop/Engine/venv/lib/python3.11/site-packages/airflow/example_dags/example_xcom.py
[2025-07-17T00:42:10.212+0530] {processor.py:914} INFO - Processing file /Users/parth/Desktop/Engine/venv/lib/python3.11/site-packages/airflow/example_dags/example_xcom.py for tasks to queue
[2025-07-17T00:42:10.212+0530] {logging_mixin.py:190} INFO - [2025-07-17T00:42:10.212+0530] {dagbag.py:588} INFO - Filling up the DagBag from /Users/parth/Desktop/Engine/venv/lib/python3.11/site-packages/airflow/example_dags/example_xcom.py
[2025-07-17T00:42:10.238+0530] {processor.py:925} INFO - DAG(s) 'example_xcom' retrieved from /Users/parth/Desktop/Engine/venv/lib/python3.11/site-packages/airflow/example_dags/example_xcom.py
[2025-07-17T00:42:10.297+0530] {logging_mixin.py:190} INFO - [2025-07-17T00:42:10.297+0530] {dag.py:3239} INFO - Sync 1 DAGs
[2025-07-17T00:42:10.308+0530] {logging_mixin.py:190} INFO - [2025-07-17T00:42:10.308+0530] {dag.py:4180} INFO - Setting next_dagrun for example_xcom to 2021-01-01 00:00:00+00:00, run_after=2021-01-01 00:00:00+00:00
[2025-07-17T00:42:10.318+0530] {processor.py:208} INFO - Processing /Users/parth/Desktop/Engine/venv/lib/python3.11/site-packages/airflow/example_dags/example_xcom.py took 0.110 seconds
[2025-07-17T00:44:17.677+0530] {processor.py:186} INFO - Started process (PID=20879) to work on /Users/parth/Desktop/Engine/venv/lib/python3.11/site-packages/airflow/example_dags/example_xcom.py
[2025-07-17T00:44:17.678+0530] {processor.py:914} INFO - Processing file /Users/parth/Desktop/Engine/venv/lib/python3.11/site-packages/airflow/example_dags/example_xcom.py for tasks to queue
[2025-07-17T00:44:17.679+0530] {logging_mixin.py:190} INFO - [2025-07-17T00:44:17.678+0530] {dagbag.py:588} INFO - Filling up the DagBag from /Users/parth/Desktop/Engine/venv/lib/python3.11/site-packages/airflow/example_dags/example_xcom.py
[2025-07-17T00:44:17.704+0530] {processor.py:925} INFO - DAG(s) 'example_xcom' retrieved from /Users/parth/Desktop/Engine/venv/lib/python3.11/site-packages/airflow/example_dags/example_xcom.py
[2025-07-17T00:44:17.764+0530] {logging_mixin.py:190} INFO - [2025-07-17T00:44:17.764+0530] {dag.py:3239} INFO - Sync 1 DAGs
[2025-07-17T00:44:17.774+0530] {logging_mixin.py:190} INFO - [2025-07-17T00:44:17.774+0530] {dag.py:4180} INFO - Setting next_dagrun for example_xcom to 2021-01-01 00:00:00+00:00, run_after=2021-01-01 00:00:00+00:00
[2025-07-17T00:44:17.784+0530] {processor.py:208} INFO - Processing /Users/parth/Desktop/Engine/venv/lib/python3.11/site-packages/airflow/example_dags/example_xcom.py took 0.110 seconds
[2025-07-17T00:46:18.048+0530] {processor.py:186} INFO - Started process (PID=21652) to work on /Users/parth/Desktop/Engine/venv/lib/python3.11/site-packages/airflow/example_dags/example_xcom.py
[2025-07-17T00:46:18.048+0530] {processor.py:914} INFO - Processing file /Users/parth/Desktop/Engine/venv/lib/python3.11/site-packages/airflow/example_dags/example_xcom.py for tasks to queue
[2025-07-17T00:46:18.049+0530] {logging_mixin.py:190} INFO - [2025-07-17T00:46:18.049+0530] {dagbag.py:588} INFO - Filling up the DagBag from /Users/parth/Desktop/Engine/venv/lib/python3.11/site-packages/airflow/example_dags/example_xcom.py
[2025-07-17T00:46:18.074+0530] {processor.py:925} INFO - DAG(s) 'example_xcom' retrieved from /Users/parth/Desktop/Engine/venv/lib/python3.11/site-packages/airflow/example_dags/example_xcom.py
[2025-07-17T00:46:18.134+0530] {logging_mixin.py:190} INFO - [2025-07-17T00:46:18.134+0530] {dag.py:3239} INFO - Sync 1 DAGs
[2025-07-17T00:46:18.144+0530] {logging_mixin.py:190} INFO - [2025-07-17T00:46:18.144+0530] {dag.py:4180} INFO - Setting next_dagrun for example_xcom to 2021-01-01 00:00:00+00:00, run_after=2021-01-01 00:00:00+00:00
[2025-07-17T00:46:18.155+0530] {processor.py:208} INFO - Processing /Users/parth/Desktop/Engine/venv/lib/python3.11/site-packages/airflow/example_dags/example_xcom.py took 0.110 seconds
[2025-07-17T00:48:16.541+0530] {processor.py:186} INFO - Started process (PID=22414) to work on /Users/parth/Desktop/Engine/venv/lib/python3.11/site-packages/airflow/example_dags/example_xcom.py
[2025-07-17T00:48:16.542+0530] {processor.py:914} INFO - Processing file /Users/parth/Desktop/Engine/venv/lib/python3.11/site-packages/airflow/example_dags/example_xcom.py for tasks to queue
[2025-07-17T00:48:16.543+0530] {logging_mixin.py:190} INFO - [2025-07-17T00:48:16.543+0530] {dagbag.py:588} INFO - Filling up the DagBag from /Users/parth/Desktop/Engine/venv/lib/python3.11/site-packages/airflow/example_dags/example_xcom.py
[2025-07-17T00:48:16.568+0530] {processor.py:925} INFO - DAG(s) 'example_xcom' retrieved from /Users/parth/Desktop/Engine/venv/lib/python3.11/site-packages/airflow/example_dags/example_xcom.py
[2025-07-17T00:48:16.627+0530] {logging_mixin.py:190} INFO - [2025-07-17T00:48:16.627+0530] {dag.py:3239} INFO - Sync 1 DAGs
[2025-07-17T00:48:16.637+0530] {logging_mixin.py:190} INFO - [2025-07-17T00:48:16.637+0530] {dag.py:4180} INFO - Setting next_dagrun for example_xcom to 2021-01-01 00:00:00+00:00, run_after=2021-01-01 00:00:00+00:00
[2025-07-17T00:48:16.648+0530] {processor.py:208} INFO - Processing /Users/parth/Desktop/Engine/venv/lib/python3.11/site-packages/airflow/example_dags/example_xcom.py took 0.109 seconds
