[2025-07-17T00:13:25.100+0530] {processor.py:186} INFO - Started process (PID=8455) to work on /Users/parth/Desktop/Engine/venv/lib/python3.11/site-packages/airflow/example_dags/example_branch_day_of_week_operator.py
[2025-07-17T00:13:25.101+0530] {processor.py:914} INFO - Processing file /Users/parth/Desktop/Engine/venv/lib/python3.11/site-packages/airflow/example_dags/example_branch_day_of_week_operator.py for tasks to queue
[2025-07-17T00:13:25.102+0530] {logging_mixin.py:190} INFO - [2025-07-17T00:13:25.101+0530] {dagbag.py:588} INFO - Filling up the DagBag from /Users/parth/Desktop/Engine/venv/lib/python3.11/site-packages/airflow/example_dags/example_branch_day_of_week_operator.py
[2025-07-17T00:13:25.111+0530] {processor.py:925} INFO - DAG(s) 'example_weekday_branch_operator' retrieved from /Users/parth/Desktop/Engine/venv/lib/python3.11/site-packages/airflow/example_dags/example_branch_day_of_week_operator.py
[2025-07-17T00:13:25.243+0530] {logging_mixin.py:190} INFO - [2025-07-17T00:13:25.242+0530] {override.py:1930} INFO - Created Permission View: can read on DAG:example_weekday_branch_operator
[2025-07-17T00:13:25.249+0530] {logging_mixin.py:190} INFO - [2025-07-17T00:13:25.249+0530] {override.py:1930} INFO - Created Permission View: can edit on DAG:example_weekday_branch_operator
[2025-07-17T00:13:25.254+0530] {logging_mixin.py:190} INFO - [2025-07-17T00:13:25.253+0530] {override.py:1930} INFO - Created Permission View: can delete on DAG:example_weekday_branch_operator
[2025-07-17T00:13:25.260+0530] {logging_mixin.py:190} INFO - [2025-07-17T00:13:25.260+0530] {override.py:1930} INFO - Created Permission View: can create on DAG Run:example_weekday_branch_operator
[2025-07-17T00:13:25.264+0530] {logging_mixin.py:190} INFO - [2025-07-17T00:13:25.264+0530] {override.py:1930} INFO - Created Permission View: can read on DAG Run:example_weekday_branch_operator
[2025-07-17T00:13:25.268+0530] {logging_mixin.py:190} INFO - [2025-07-17T00:13:25.268+0530] {override.py:1930} INFO - Created Permission View: can delete on DAG Run:example_weekday_branch_operator
[2025-07-17T00:13:25.273+0530] {logging_mixin.py:190} INFO - [2025-07-17T00:13:25.272+0530] {override.py:1930} INFO - Created Permission View: menu access on DAG Run:example_weekday_branch_operator
[2025-07-17T00:13:25.273+0530] {logging_mixin.py:190} INFO - [2025-07-17T00:13:25.273+0530] {dag.py:3239} INFO - Sync 1 DAGs
[2025-07-17T00:13:25.282+0530] {logging_mixin.py:190} INFO - [2025-07-17T00:13:25.281+0530] {dag.py:3262} INFO - Creating ORM DAG for example_weekday_branch_operator
[2025-07-17T00:13:25.288+0530] {logging_mixin.py:190} INFO - [2025-07-17T00:13:25.288+0530] {dag.py:4180} INFO - Setting next_dagrun for example_weekday_branch_operator to 2025-07-15 00:00:00+00:00, run_after=2025-07-16 00:00:00+00:00
[2025-07-17T00:13:25.299+0530] {processor.py:208} INFO - Processing /Users/parth/Desktop/Engine/venv/lib/python3.11/site-packages/airflow/example_dags/example_branch_day_of_week_operator.py took 0.202 seconds
[2025-07-17T00:17:43.803+0530] {processor.py:186} INFO - Started process (PID=10146) to work on /Users/parth/Desktop/Engine/venv/lib/python3.11/site-packages/airflow/example_dags/example_branch_day_of_week_operator.py
[2025-07-17T00:17:43.805+0530] {processor.py:914} INFO - Processing file /Users/parth/Desktop/Engine/venv/lib/python3.11/site-packages/airflow/example_dags/example_branch_day_of_week_operator.py for tasks to queue
[2025-07-17T00:17:43.806+0530] {logging_mixin.py:190} INFO - [2025-07-17T00:17:43.805+0530] {dagbag.py:588} INFO - Filling up the DagBag from /Users/parth/Desktop/Engine/venv/lib/python3.11/site-packages/airflow/example_dags/example_branch_day_of_week_operator.py
[2025-07-17T00:17:43.814+0530] {processor.py:925} INFO - DAG(s) 'example_weekday_branch_operator' retrieved from /Users/parth/Desktop/Engine/venv/lib/python3.11/site-packages/airflow/example_dags/example_branch_day_of_week_operator.py
[2025-07-17T00:17:43.884+0530] {logging_mixin.py:190} INFO - [2025-07-17T00:17:43.884+0530] {dag.py:3239} INFO - Sync 1 DAGs
[2025-07-17T00:17:43.898+0530] {logging_mixin.py:190} INFO - [2025-07-17T00:17:43.898+0530] {dag.py:4180} INFO - Setting next_dagrun for example_weekday_branch_operator to 2025-07-15 00:00:00+00:00, run_after=2025-07-16 00:00:00+00:00
[2025-07-17T00:17:43.910+0530] {processor.py:208} INFO - Processing /Users/parth/Desktop/Engine/venv/lib/python3.11/site-packages/airflow/example_dags/example_branch_day_of_week_operator.py took 0.109 seconds
[2025-07-17T00:23:05.909+0530] {processor.py:186} INFO - Started process (PID=12443) to work on /Users/parth/Desktop/Engine/venv/lib/python3.11/site-packages/airflow/example_dags/example_branch_day_of_week_operator.py
[2025-07-17T00:23:05.910+0530] {processor.py:914} INFO - Processing file /Users/parth/Desktop/Engine/venv/lib/python3.11/site-packages/airflow/example_dags/example_branch_day_of_week_operator.py for tasks to queue
[2025-07-17T00:23:05.910+0530] {logging_mixin.py:190} INFO - [2025-07-17T00:23:05.910+0530] {dagbag.py:588} INFO - Filling up the DagBag from /Users/parth/Desktop/Engine/venv/lib/python3.11/site-packages/airflow/example_dags/example_branch_day_of_week_operator.py
[2025-07-17T00:23:05.917+0530] {processor.py:925} INFO - DAG(s) 'example_weekday_branch_operator' retrieved from /Users/parth/Desktop/Engine/venv/lib/python3.11/site-packages/airflow/example_dags/example_branch_day_of_week_operator.py
[2025-07-17T00:23:05.978+0530] {logging_mixin.py:190} INFO - [2025-07-17T00:23:05.978+0530] {dag.py:3239} INFO - Sync 1 DAGs
[2025-07-17T00:23:05.989+0530] {logging_mixin.py:190} INFO - [2025-07-17T00:23:05.989+0530] {dag.py:4180} INFO - Setting next_dagrun for example_weekday_branch_operator to 2025-07-15 00:00:00+00:00, run_after=2025-07-16 00:00:00+00:00
[2025-07-17T00:23:06.000+0530] {processor.py:208} INFO - Processing /Users/parth/Desktop/Engine/venv/lib/python3.11/site-packages/airflow/example_dags/example_branch_day_of_week_operator.py took 0.094 seconds
[2025-07-17T00:27:02.641+0530] {processor.py:186} INFO - Started process (PID=14060) to work on /Users/parth/Desktop/Engine/venv/lib/python3.11/site-packages/airflow/example_dags/example_branch_day_of_week_operator.py
[2025-07-17T00:27:02.644+0530] {processor.py:914} INFO - Processing file /Users/parth/Desktop/Engine/venv/lib/python3.11/site-packages/airflow/example_dags/example_branch_day_of_week_operator.py for tasks to queue
[2025-07-17T00:27:02.645+0530] {logging_mixin.py:190} INFO - [2025-07-17T00:27:02.645+0530] {dagbag.py:588} INFO - Filling up the DagBag from /Users/parth/Desktop/Engine/venv/lib/python3.11/site-packages/airflow/example_dags/example_branch_day_of_week_operator.py
[2025-07-17T00:27:02.655+0530] {processor.py:925} INFO - DAG(s) 'example_weekday_branch_operator' retrieved from /Users/parth/Desktop/Engine/venv/lib/python3.11/site-packages/airflow/example_dags/example_branch_day_of_week_operator.py
[2025-07-17T00:27:02.716+0530] {logging_mixin.py:190} INFO - [2025-07-17T00:27:02.716+0530] {dag.py:3239} INFO - Sync 1 DAGs
[2025-07-17T00:27:02.728+0530] {logging_mixin.py:190} INFO - [2025-07-17T00:27:02.728+0530] {dag.py:4180} INFO - Setting next_dagrun for example_weekday_branch_operator to 2025-07-15 00:00:00+00:00, run_after=2025-07-16 00:00:00+00:00
[2025-07-17T00:27:02.739+0530] {processor.py:208} INFO - Processing /Users/parth/Desktop/Engine/venv/lib/python3.11/site-packages/airflow/example_dags/example_branch_day_of_week_operator.py took 0.101 seconds
[2025-07-17T00:31:03.222+0530] {processor.py:186} INFO - Started process (PID=15641) to work on /Users/parth/Desktop/Engine/venv/lib/python3.11/site-packages/airflow/example_dags/example_branch_day_of_week_operator.py
[2025-07-17T00:31:03.223+0530] {processor.py:914} INFO - Processing file /Users/parth/Desktop/Engine/venv/lib/python3.11/site-packages/airflow/example_dags/example_branch_day_of_week_operator.py for tasks to queue
[2025-07-17T00:31:03.224+0530] {logging_mixin.py:190} INFO - [2025-07-17T00:31:03.224+0530] {dagbag.py:588} INFO - Filling up the DagBag from /Users/parth/Desktop/Engine/venv/lib/python3.11/site-packages/airflow/example_dags/example_branch_day_of_week_operator.py
[2025-07-17T00:31:03.231+0530] {processor.py:925} INFO - DAG(s) 'example_weekday_branch_operator' retrieved from /Users/parth/Desktop/Engine/venv/lib/python3.11/site-packages/airflow/example_dags/example_branch_day_of_week_operator.py
[2025-07-17T00:31:03.293+0530] {logging_mixin.py:190} INFO - [2025-07-17T00:31:03.293+0530] {dag.py:3239} INFO - Sync 1 DAGs
[2025-07-17T00:31:03.305+0530] {logging_mixin.py:190} INFO - [2025-07-17T00:31:03.305+0530] {dag.py:4180} INFO - Setting next_dagrun for example_weekday_branch_operator to 2025-07-15 00:00:00+00:00, run_after=2025-07-16 00:00:00+00:00
[2025-07-17T00:31:03.316+0530] {processor.py:208} INFO - Processing /Users/parth/Desktop/Engine/venv/lib/python3.11/site-packages/airflow/example_dags/example_branch_day_of_week_operator.py took 0.096 seconds
[2025-07-17T00:34:52.258+0530] {processor.py:186} INFO - Started process (PID=17137) to work on /Users/parth/Desktop/Engine/venv/lib/python3.11/site-packages/airflow/example_dags/example_branch_day_of_week_operator.py
[2025-07-17T00:34:52.260+0530] {processor.py:914} INFO - Processing file /Users/parth/Desktop/Engine/venv/lib/python3.11/site-packages/airflow/example_dags/example_branch_day_of_week_operator.py for tasks to queue
[2025-07-17T00:34:52.260+0530] {logging_mixin.py:190} INFO - [2025-07-17T00:34:52.260+0530] {dagbag.py:588} INFO - Filling up the DagBag from /Users/parth/Desktop/Engine/venv/lib/python3.11/site-packages/airflow/example_dags/example_branch_day_of_week_operator.py
[2025-07-17T00:34:52.269+0530] {processor.py:925} INFO - DAG(s) 'example_weekday_branch_operator' retrieved from /Users/parth/Desktop/Engine/venv/lib/python3.11/site-packages/airflow/example_dags/example_branch_day_of_week_operator.py
[2025-07-17T00:34:52.340+0530] {logging_mixin.py:190} INFO - [2025-07-17T00:34:52.340+0530] {dag.py:3239} INFO - Sync 1 DAGs
[2025-07-17T00:34:52.356+0530] {logging_mixin.py:190} INFO - [2025-07-17T00:34:52.356+0530] {dag.py:4180} INFO - Setting next_dagrun for example_weekday_branch_operator to 2025-07-15 00:00:00+00:00, run_after=2025-07-16 00:00:00+00:00
[2025-07-17T00:34:52.369+0530] {processor.py:208} INFO - Processing /Users/parth/Desktop/Engine/venv/lib/python3.11/site-packages/airflow/example_dags/example_branch_day_of_week_operator.py took 0.114 seconds
[2025-07-17T00:38:59.797+0530] {processor.py:186} INFO - Started process (PID=18736) to work on /Users/parth/Desktop/Engine/venv/lib/python3.11/site-packages/airflow/example_dags/example_branch_day_of_week_operator.py
[2025-07-17T00:38:59.799+0530] {processor.py:914} INFO - Processing file /Users/parth/Desktop/Engine/venv/lib/python3.11/site-packages/airflow/example_dags/example_branch_day_of_week_operator.py for tasks to queue
[2025-07-17T00:38:59.799+0530] {logging_mixin.py:190} INFO - [2025-07-17T00:38:59.799+0530] {dagbag.py:588} INFO - Filling up the DagBag from /Users/parth/Desktop/Engine/venv/lib/python3.11/site-packages/airflow/example_dags/example_branch_day_of_week_operator.py
[2025-07-17T00:38:59.807+0530] {processor.py:925} INFO - DAG(s) 'example_weekday_branch_operator' retrieved from /Users/parth/Desktop/Engine/venv/lib/python3.11/site-packages/airflow/example_dags/example_branch_day_of_week_operator.py
[2025-07-17T00:38:59.868+0530] {logging_mixin.py:190} INFO - [2025-07-17T00:38:59.868+0530] {dag.py:3239} INFO - Sync 1 DAGs
[2025-07-17T00:38:59.880+0530] {logging_mixin.py:190} INFO - [2025-07-17T00:38:59.880+0530] {dag.py:4180} INFO - Setting next_dagrun for example_weekday_branch_operator to 2025-07-15 00:00:00+00:00, run_after=2025-07-16 00:00:00+00:00
[2025-07-17T00:38:59.891+0530] {processor.py:208} INFO - Processing /Users/parth/Desktop/Engine/venv/lib/python3.11/site-packages/airflow/example_dags/example_branch_day_of_week_operator.py took 0.096 seconds
[2025-07-17T00:43:32.333+0530] {processor.py:186} INFO - Started process (PID=20591) to work on /Users/parth/Desktop/Engine/venv/lib/python3.11/site-packages/airflow/example_dags/example_branch_day_of_week_operator.py
[2025-07-17T00:43:32.334+0530] {processor.py:914} INFO - Processing file /Users/parth/Desktop/Engine/venv/lib/python3.11/site-packages/airflow/example_dags/example_branch_day_of_week_operator.py for tasks to queue
[2025-07-17T00:43:32.335+0530] {logging_mixin.py:190} INFO - [2025-07-17T00:43:32.334+0530] {dagbag.py:588} INFO - Filling up the DagBag from /Users/parth/Desktop/Engine/venv/lib/python3.11/site-packages/airflow/example_dags/example_branch_day_of_week_operator.py
[2025-07-17T00:43:32.342+0530] {processor.py:925} INFO - DAG(s) 'example_weekday_branch_operator' retrieved from /Users/parth/Desktop/Engine/venv/lib/python3.11/site-packages/airflow/example_dags/example_branch_day_of_week_operator.py
[2025-07-17T00:43:32.404+0530] {logging_mixin.py:190} INFO - [2025-07-17T00:43:32.403+0530] {dag.py:3239} INFO - Sync 1 DAGs
[2025-07-17T00:43:32.417+0530] {logging_mixin.py:190} INFO - [2025-07-17T00:43:32.416+0530] {dag.py:4180} INFO - Setting next_dagrun for example_weekday_branch_operator to 2025-07-15 00:00:00+00:00, run_after=2025-07-16 00:00:00+00:00
[2025-07-17T00:43:32.427+0530] {processor.py:208} INFO - Processing /Users/parth/Desktop/Engine/venv/lib/python3.11/site-packages/airflow/example_dags/example_branch_day_of_week_operator.py took 0.096 seconds
[2025-07-17T00:47:34.786+0530] {processor.py:186} INFO - Started process (PID=22154) to work on /Users/parth/Desktop/Engine/venv/lib/python3.11/site-packages/airflow/example_dags/example_branch_day_of_week_operator.py
[2025-07-17T00:47:34.787+0530] {processor.py:914} INFO - Processing file /Users/parth/Desktop/Engine/venv/lib/python3.11/site-packages/airflow/example_dags/example_branch_day_of_week_operator.py for tasks to queue
[2025-07-17T00:47:34.787+0530] {logging_mixin.py:190} INFO - [2025-07-17T00:47:34.787+0530] {dagbag.py:588} INFO - Filling up the DagBag from /Users/parth/Desktop/Engine/venv/lib/python3.11/site-packages/airflow/example_dags/example_branch_day_of_week_operator.py
[2025-07-17T00:47:34.796+0530] {processor.py:925} INFO - DAG(s) 'example_weekday_branch_operator' retrieved from /Users/parth/Desktop/Engine/venv/lib/python3.11/site-packages/airflow/example_dags/example_branch_day_of_week_operator.py
[2025-07-17T00:47:34.859+0530] {logging_mixin.py:190} INFO - [2025-07-17T00:47:34.858+0530] {dag.py:3239} INFO - Sync 1 DAGs
[2025-07-17T00:47:34.871+0530] {logging_mixin.py:190} INFO - [2025-07-17T00:47:34.870+0530] {dag.py:4180} INFO - Setting next_dagrun for example_weekday_branch_operator to 2025-07-15 00:00:00+00:00, run_after=2025-07-16 00:00:00+00:00
[2025-07-17T00:47:34.881+0530] {processor.py:208} INFO - Processing /Users/parth/Desktop/Engine/venv/lib/python3.11/site-packages/airflow/example_dags/example_branch_day_of_week_operator.py took 0.098 seconds
