[2025-07-17T00:12:25.783+0530] {processor.py:186} INFO - Started process (PID=8072) to work on /Users/parth/Desktop/Engine/venv/lib/python3.11/site-packages/airflow/example_dags/example_params_trigger_ui.py
[2025-07-17T00:12:25.784+0530] {processor.py:914} INFO - Processing file /Users/parth/Desktop/Engine/venv/lib/python3.11/site-packages/airflow/example_dags/example_params_trigger_ui.py for tasks to queue
[2025-07-17T00:12:25.784+0530] {logging_mixin.py:190} INFO - [2025-07-17T00:12:25.784+0530] {dagbag.py:588} INFO - Filling up the DagBag from /Users/parth/Desktop/Engine/venv/lib/python3.11/site-packages/airflow/example_dags/example_params_trigger_ui.py
[2025-07-17T00:12:25.811+0530] {processor.py:925} INFO - DAG(s) 'example_params_trigger_ui' retrieved from /Users/parth/Desktop/Engine/venv/lib/python3.11/site-packages/airflow/example_dags/example_params_trigger_ui.py
[2025-07-17T00:12:25.935+0530] {logging_mixin.py:190} INFO - [2025-07-17T00:12:25.935+0530] {override.py:1930} INFO - Created Permission View: can edit on DAG:example_params_trigger_ui
[2025-07-17T00:12:25.940+0530] {logging_mixin.py:190} INFO - [2025-07-17T00:12:25.940+0530] {override.py:1930} INFO - Created Permission View: can read on DAG:example_params_trigger_ui
[2025-07-17T00:12:25.944+0530] {logging_mixin.py:190} INFO - [2025-07-17T00:12:25.944+0530] {override.py:1930} INFO - Created Permission View: can delete on DAG:example_params_trigger_ui
[2025-07-17T00:12:25.948+0530] {logging_mixin.py:190} INFO - [2025-07-17T00:12:25.948+0530] {override.py:1930} INFO - Created Permission View: menu access on DAG Run:example_params_trigger_ui
[2025-07-17T00:12:25.951+0530] {logging_mixin.py:190} INFO - [2025-07-17T00:12:25.951+0530] {override.py:1930} INFO - Created Permission View: can read on DAG Run:example_params_trigger_ui
[2025-07-17T00:12:25.955+0530] {logging_mixin.py:190} INFO - [2025-07-17T00:12:25.955+0530] {override.py:1930} INFO - Created Permission View: can delete on DAG Run:example_params_trigger_ui
[2025-07-17T00:12:25.959+0530] {logging_mixin.py:190} INFO - [2025-07-17T00:12:25.959+0530] {override.py:1930} INFO - Created Permission View: can create on DAG Run:example_params_trigger_ui
[2025-07-17T00:12:25.959+0530] {logging_mixin.py:190} INFO - [2025-07-17T00:12:25.959+0530] {dag.py:3239} INFO - Sync 1 DAGs
[2025-07-17T00:12:26.015+0530] {logging_mixin.py:190} INFO - [2025-07-17T00:12:26.014+0530] {dag.py:3262} INFO - Creating ORM DAG for example_params_trigger_ui
[2025-07-17T00:12:26.015+0530] {logging_mixin.py:190} INFO - [2025-07-17T00:12:26.015+0530] {dag.py:4180} INFO - Setting next_dagrun for example_params_trigger_ui to None, run_after=None
[2025-07-17T00:12:26.025+0530] {processor.py:208} INFO - Processing /Users/parth/Desktop/Engine/venv/lib/python3.11/site-packages/airflow/example_dags/example_params_trigger_ui.py took 0.244 seconds
[2025-07-17T00:15:10.439+0530] {processor.py:186} INFO - Started process (PID=9145) to work on /Users/parth/Desktop/Engine/venv/lib/python3.11/site-packages/airflow/example_dags/example_params_trigger_ui.py
[2025-07-17T00:15:10.440+0530] {processor.py:914} INFO - Processing file /Users/parth/Desktop/Engine/venv/lib/python3.11/site-packages/airflow/example_dags/example_params_trigger_ui.py for tasks to queue
[2025-07-17T00:15:10.441+0530] {logging_mixin.py:190} INFO - [2025-07-17T00:15:10.441+0530] {dagbag.py:588} INFO - Filling up the DagBag from /Users/parth/Desktop/Engine/venv/lib/python3.11/site-packages/airflow/example_dags/example_params_trigger_ui.py
[2025-07-17T00:15:10.471+0530] {processor.py:925} INFO - DAG(s) 'example_params_trigger_ui' retrieved from /Users/parth/Desktop/Engine/venv/lib/python3.11/site-packages/airflow/example_dags/example_params_trigger_ui.py
[2025-07-17T00:15:10.553+0530] {logging_mixin.py:190} INFO - [2025-07-17T00:15:10.553+0530] {dag.py:3239} INFO - Sync 1 DAGs
[2025-07-17T00:15:10.561+0530] {logging_mixin.py:190} INFO - [2025-07-17T00:15:10.560+0530] {dag.py:4180} INFO - Setting next_dagrun for example_params_trigger_ui to None, run_after=None
[2025-07-17T00:15:10.574+0530] {processor.py:208} INFO - Processing /Users/parth/Desktop/Engine/venv/lib/python3.11/site-packages/airflow/example_dags/example_params_trigger_ui.py took 0.137 seconds
[2025-07-17T00:17:18.482+0530] {processor.py:186} INFO - Started process (PID=9981) to work on /Users/parth/Desktop/Engine/venv/lib/python3.11/site-packages/airflow/example_dags/example_params_trigger_ui.py
[2025-07-17T00:17:18.483+0530] {processor.py:914} INFO - Processing file /Users/parth/Desktop/Engine/venv/lib/python3.11/site-packages/airflow/example_dags/example_params_trigger_ui.py for tasks to queue
[2025-07-17T00:17:18.484+0530] {logging_mixin.py:190} INFO - [2025-07-17T00:17:18.484+0530] {dagbag.py:588} INFO - Filling up the DagBag from /Users/parth/Desktop/Engine/venv/lib/python3.11/site-packages/airflow/example_dags/example_params_trigger_ui.py
[2025-07-17T00:17:18.510+0530] {processor.py:925} INFO - DAG(s) 'example_params_trigger_ui' retrieved from /Users/parth/Desktop/Engine/venv/lib/python3.11/site-packages/airflow/example_dags/example_params_trigger_ui.py
[2025-07-17T00:17:18.582+0530] {logging_mixin.py:190} INFO - [2025-07-17T00:17:18.581+0530] {dag.py:3239} INFO - Sync 1 DAGs
[2025-07-17T00:17:18.588+0530] {logging_mixin.py:190} INFO - [2025-07-17T00:17:18.588+0530] {dag.py:4180} INFO - Setting next_dagrun for example_params_trigger_ui to None, run_after=None
[2025-07-17T00:17:18.599+0530] {processor.py:208} INFO - Processing /Users/parth/Desktop/Engine/venv/lib/python3.11/site-packages/airflow/example_dags/example_params_trigger_ui.py took 0.120 seconds
[2025-07-17T00:19:57.381+0530] {processor.py:186} INFO - Started process (PID=11076) to work on /Users/parth/Desktop/Engine/venv/lib/python3.11/site-packages/airflow/example_dags/example_params_trigger_ui.py
[2025-07-17T00:19:57.384+0530] {processor.py:914} INFO - Processing file /Users/parth/Desktop/Engine/venv/lib/python3.11/site-packages/airflow/example_dags/example_params_trigger_ui.py for tasks to queue
[2025-07-17T00:19:57.406+0530] {logging_mixin.py:190} INFO - [2025-07-17T00:19:57.403+0530] {dagbag.py:588} INFO - Filling up the DagBag from /Users/parth/Desktop/Engine/venv/lib/python3.11/site-packages/airflow/example_dags/example_params_trigger_ui.py
[2025-07-17T00:19:57.479+0530] {processor.py:925} INFO - DAG(s) 'example_params_trigger_ui' retrieved from /Users/parth/Desktop/Engine/venv/lib/python3.11/site-packages/airflow/example_dags/example_params_trigger_ui.py
[2025-07-17T00:19:57.692+0530] {logging_mixin.py:190} INFO - [2025-07-17T00:19:57.691+0530] {dag.py:3239} INFO - Sync 1 DAGs
[2025-07-17T00:19:57.708+0530] {logging_mixin.py:190} INFO - [2025-07-17T00:19:57.707+0530] {dag.py:4180} INFO - Setting next_dagrun for example_params_trigger_ui to None, run_after=None
[2025-07-17T00:19:57.737+0530] {processor.py:208} INFO - Processing /Users/parth/Desktop/Engine/venv/lib/python3.11/site-packages/airflow/example_dags/example_params_trigger_ui.py took 0.366 seconds
[2025-07-17T00:22:32.140+0530] {processor.py:186} INFO - Started process (PID=12221) to work on /Users/parth/Desktop/Engine/venv/lib/python3.11/site-packages/airflow/example_dags/example_params_trigger_ui.py
[2025-07-17T00:22:32.141+0530] {processor.py:914} INFO - Processing file /Users/parth/Desktop/Engine/venv/lib/python3.11/site-packages/airflow/example_dags/example_params_trigger_ui.py for tasks to queue
[2025-07-17T00:22:32.142+0530] {logging_mixin.py:190} INFO - [2025-07-17T00:22:32.142+0530] {dagbag.py:588} INFO - Filling up the DagBag from /Users/parth/Desktop/Engine/venv/lib/python3.11/site-packages/airflow/example_dags/example_params_trigger_ui.py
[2025-07-17T00:22:32.172+0530] {processor.py:925} INFO - DAG(s) 'example_params_trigger_ui' retrieved from /Users/parth/Desktop/Engine/venv/lib/python3.11/site-packages/airflow/example_dags/example_params_trigger_ui.py
[2025-07-17T00:22:32.258+0530] {logging_mixin.py:190} INFO - [2025-07-17T00:22:32.258+0530] {dag.py:3239} INFO - Sync 1 DAGs
[2025-07-17T00:22:32.265+0530] {logging_mixin.py:190} INFO - [2025-07-17T00:22:32.265+0530] {dag.py:4180} INFO - Setting next_dagrun for example_params_trigger_ui to None, run_after=None
[2025-07-17T00:22:32.279+0530] {processor.py:208} INFO - Processing /Users/parth/Desktop/Engine/venv/lib/python3.11/site-packages/airflow/example_dags/example_params_trigger_ui.py took 0.142 seconds
[2025-07-17T00:24:38.745+0530] {processor.py:186} INFO - Started process (PID=13094) to work on /Users/parth/Desktop/Engine/venv/lib/python3.11/site-packages/airflow/example_dags/example_params_trigger_ui.py
[2025-07-17T00:24:38.746+0530] {processor.py:914} INFO - Processing file /Users/parth/Desktop/Engine/venv/lib/python3.11/site-packages/airflow/example_dags/example_params_trigger_ui.py for tasks to queue
[2025-07-17T00:24:38.746+0530] {logging_mixin.py:190} INFO - [2025-07-17T00:24:38.746+0530] {dagbag.py:588} INFO - Filling up the DagBag from /Users/parth/Desktop/Engine/venv/lib/python3.11/site-packages/airflow/example_dags/example_params_trigger_ui.py
[2025-07-17T00:24:38.772+0530] {processor.py:925} INFO - DAG(s) 'example_params_trigger_ui' retrieved from /Users/parth/Desktop/Engine/venv/lib/python3.11/site-packages/airflow/example_dags/example_params_trigger_ui.py
[2025-07-17T00:24:38.845+0530] {logging_mixin.py:190} INFO - [2025-07-17T00:24:38.845+0530] {dag.py:3239} INFO - Sync 1 DAGs
[2025-07-17T00:24:38.853+0530] {logging_mixin.py:190} INFO - [2025-07-17T00:24:38.853+0530] {dag.py:4180} INFO - Setting next_dagrun for example_params_trigger_ui to None, run_after=None
[2025-07-17T00:24:38.864+0530] {processor.py:208} INFO - Processing /Users/parth/Desktop/Engine/venv/lib/python3.11/site-packages/airflow/example_dags/example_params_trigger_ui.py took 0.122 seconds
[2025-07-17T00:26:38.714+0530] {processor.py:186} INFO - Started process (PID=13906) to work on /Users/parth/Desktop/Engine/venv/lib/python3.11/site-packages/airflow/example_dags/example_params_trigger_ui.py
[2025-07-17T00:26:38.715+0530] {processor.py:914} INFO - Processing file /Users/parth/Desktop/Engine/venv/lib/python3.11/site-packages/airflow/example_dags/example_params_trigger_ui.py for tasks to queue
[2025-07-17T00:26:38.716+0530] {logging_mixin.py:190} INFO - [2025-07-17T00:26:38.716+0530] {dagbag.py:588} INFO - Filling up the DagBag from /Users/parth/Desktop/Engine/venv/lib/python3.11/site-packages/airflow/example_dags/example_params_trigger_ui.py
[2025-07-17T00:26:38.743+0530] {processor.py:925} INFO - DAG(s) 'example_params_trigger_ui' retrieved from /Users/parth/Desktop/Engine/venv/lib/python3.11/site-packages/airflow/example_dags/example_params_trigger_ui.py
[2025-07-17T00:26:38.815+0530] {logging_mixin.py:190} INFO - [2025-07-17T00:26:38.815+0530] {dag.py:3239} INFO - Sync 1 DAGs
[2025-07-17T00:26:38.822+0530] {logging_mixin.py:190} INFO - [2025-07-17T00:26:38.822+0530] {dag.py:4180} INFO - Setting next_dagrun for example_params_trigger_ui to None, run_after=None
[2025-07-17T00:26:38.834+0530] {processor.py:208} INFO - Processing /Users/parth/Desktop/Engine/venv/lib/python3.11/site-packages/airflow/example_dags/example_params_trigger_ui.py took 0.123 seconds
[2025-07-17T00:28:40.453+0530] {processor.py:186} INFO - Started process (PID=14697) to work on /Users/parth/Desktop/Engine/venv/lib/python3.11/site-packages/airflow/example_dags/example_params_trigger_ui.py
[2025-07-17T00:28:40.454+0530] {processor.py:914} INFO - Processing file /Users/parth/Desktop/Engine/venv/lib/python3.11/site-packages/airflow/example_dags/example_params_trigger_ui.py for tasks to queue
[2025-07-17T00:28:40.455+0530] {logging_mixin.py:190} INFO - [2025-07-17T00:28:40.455+0530] {dagbag.py:588} INFO - Filling up the DagBag from /Users/parth/Desktop/Engine/venv/lib/python3.11/site-packages/airflow/example_dags/example_params_trigger_ui.py
[2025-07-17T00:28:40.481+0530] {processor.py:925} INFO - DAG(s) 'example_params_trigger_ui' retrieved from /Users/parth/Desktop/Engine/venv/lib/python3.11/site-packages/airflow/example_dags/example_params_trigger_ui.py
[2025-07-17T00:28:40.554+0530] {logging_mixin.py:190} INFO - [2025-07-17T00:28:40.554+0530] {dag.py:3239} INFO - Sync 1 DAGs
[2025-07-17T00:28:40.560+0530] {logging_mixin.py:190} INFO - [2025-07-17T00:28:40.560+0530] {dag.py:4180} INFO - Setting next_dagrun for example_params_trigger_ui to None, run_after=None
[2025-07-17T00:28:40.572+0530] {processor.py:208} INFO - Processing /Users/parth/Desktop/Engine/venv/lib/python3.11/site-packages/airflow/example_dags/example_params_trigger_ui.py took 0.121 seconds
[2025-07-17T00:30:41.764+0530] {processor.py:186} INFO - Started process (PID=15490) to work on /Users/parth/Desktop/Engine/venv/lib/python3.11/site-packages/airflow/example_dags/example_params_trigger_ui.py
[2025-07-17T00:30:41.765+0530] {processor.py:914} INFO - Processing file /Users/parth/Desktop/Engine/venv/lib/python3.11/site-packages/airflow/example_dags/example_params_trigger_ui.py for tasks to queue
[2025-07-17T00:30:41.766+0530] {logging_mixin.py:190} INFO - [2025-07-17T00:30:41.765+0530] {dagbag.py:588} INFO - Filling up the DagBag from /Users/parth/Desktop/Engine/venv/lib/python3.11/site-packages/airflow/example_dags/example_params_trigger_ui.py
[2025-07-17T00:30:41.792+0530] {processor.py:925} INFO - DAG(s) 'example_params_trigger_ui' retrieved from /Users/parth/Desktop/Engine/venv/lib/python3.11/site-packages/airflow/example_dags/example_params_trigger_ui.py
[2025-07-17T00:30:41.866+0530] {logging_mixin.py:190} INFO - [2025-07-17T00:30:41.866+0530] {dag.py:3239} INFO - Sync 1 DAGs
[2025-07-17T00:30:41.873+0530] {logging_mixin.py:190} INFO - [2025-07-17T00:30:41.873+0530] {dag.py:4180} INFO - Setting next_dagrun for example_params_trigger_ui to None, run_after=None
[2025-07-17T00:30:41.884+0530] {processor.py:208} INFO - Processing /Users/parth/Desktop/Engine/venv/lib/python3.11/site-packages/airflow/example_dags/example_params_trigger_ui.py took 0.123 seconds
[2025-07-17T00:34:29.389+0530] {processor.py:186} INFO - Started process (PID=16983) to work on /Users/parth/Desktop/Engine/venv/lib/python3.11/site-packages/airflow/example_dags/example_params_trigger_ui.py
[2025-07-17T00:34:29.391+0530] {processor.py:914} INFO - Processing file /Users/parth/Desktop/Engine/venv/lib/python3.11/site-packages/airflow/example_dags/example_params_trigger_ui.py for tasks to queue
[2025-07-17T00:34:29.392+0530] {logging_mixin.py:190} INFO - [2025-07-17T00:34:29.392+0530] {dagbag.py:588} INFO - Filling up the DagBag from /Users/parth/Desktop/Engine/venv/lib/python3.11/site-packages/airflow/example_dags/example_params_trigger_ui.py
[2025-07-17T00:34:29.419+0530] {processor.py:925} INFO - DAG(s) 'example_params_trigger_ui' retrieved from /Users/parth/Desktop/Engine/venv/lib/python3.11/site-packages/airflow/example_dags/example_params_trigger_ui.py
[2025-07-17T00:34:29.494+0530] {logging_mixin.py:190} INFO - [2025-07-17T00:34:29.493+0530] {dag.py:3239} INFO - Sync 1 DAGs
[2025-07-17T00:34:29.501+0530] {logging_mixin.py:190} INFO - [2025-07-17T00:34:29.501+0530] {dag.py:4180} INFO - Setting next_dagrun for example_params_trigger_ui to None, run_after=None
[2025-07-17T00:34:29.512+0530] {processor.py:208} INFO - Processing /Users/parth/Desktop/Engine/venv/lib/python3.11/site-packages/airflow/example_dags/example_params_trigger_ui.py took 0.126 seconds
[2025-07-17T00:36:27.118+0530] {processor.py:186} INFO - Started process (PID=17753) to work on /Users/parth/Desktop/Engine/venv/lib/python3.11/site-packages/airflow/example_dags/example_params_trigger_ui.py
[2025-07-17T00:36:27.119+0530] {processor.py:914} INFO - Processing file /Users/parth/Desktop/Engine/venv/lib/python3.11/site-packages/airflow/example_dags/example_params_trigger_ui.py for tasks to queue
[2025-07-17T00:36:27.120+0530] {logging_mixin.py:190} INFO - [2025-07-17T00:36:27.119+0530] {dagbag.py:588} INFO - Filling up the DagBag from /Users/parth/Desktop/Engine/venv/lib/python3.11/site-packages/airflow/example_dags/example_params_trigger_ui.py
[2025-07-17T00:36:27.145+0530] {processor.py:925} INFO - DAG(s) 'example_params_trigger_ui' retrieved from /Users/parth/Desktop/Engine/venv/lib/python3.11/site-packages/airflow/example_dags/example_params_trigger_ui.py
[2025-07-17T00:36:27.216+0530] {logging_mixin.py:190} INFO - [2025-07-17T00:36:27.216+0530] {dag.py:3239} INFO - Sync 1 DAGs
[2025-07-17T00:36:27.222+0530] {logging_mixin.py:190} INFO - [2025-07-17T00:36:27.222+0530] {dag.py:4180} INFO - Setting next_dagrun for example_params_trigger_ui to None, run_after=None
[2025-07-17T00:36:27.233+0530] {processor.py:208} INFO - Processing /Users/parth/Desktop/Engine/venv/lib/python3.11/site-packages/airflow/example_dags/example_params_trigger_ui.py took 0.118 seconds
[2025-07-17T00:38:34.846+0530] {processor.py:186} INFO - Started process (PID=18571) to work on /Users/parth/Desktop/Engine/venv/lib/python3.11/site-packages/airflow/example_dags/example_params_trigger_ui.py
[2025-07-17T00:38:34.848+0530] {processor.py:914} INFO - Processing file /Users/parth/Desktop/Engine/venv/lib/python3.11/site-packages/airflow/example_dags/example_params_trigger_ui.py for tasks to queue
[2025-07-17T00:38:34.848+0530] {logging_mixin.py:190} INFO - [2025-07-17T00:38:34.848+0530] {dagbag.py:588} INFO - Filling up the DagBag from /Users/parth/Desktop/Engine/venv/lib/python3.11/site-packages/airflow/example_dags/example_params_trigger_ui.py
[2025-07-17T00:38:34.874+0530] {processor.py:925} INFO - DAG(s) 'example_params_trigger_ui' retrieved from /Users/parth/Desktop/Engine/venv/lib/python3.11/site-packages/airflow/example_dags/example_params_trigger_ui.py
[2025-07-17T00:38:34.946+0530] {logging_mixin.py:190} INFO - [2025-07-17T00:38:34.946+0530] {dag.py:3239} INFO - Sync 1 DAGs
[2025-07-17T00:38:34.953+0530] {logging_mixin.py:190} INFO - [2025-07-17T00:38:34.953+0530] {dag.py:4180} INFO - Setting next_dagrun for example_params_trigger_ui to None, run_after=None
[2025-07-17T00:38:34.964+0530] {processor.py:208} INFO - Processing /Users/parth/Desktop/Engine/venv/lib/python3.11/site-packages/airflow/example_dags/example_params_trigger_ui.py took 0.120 seconds
[2025-07-17T00:40:45.927+0530] {processor.py:186} INFO - Started process (PID=19432) to work on /Users/parth/Desktop/Engine/venv/lib/python3.11/site-packages/airflow/example_dags/example_params_trigger_ui.py
[2025-07-17T00:40:45.929+0530] {processor.py:914} INFO - Processing file /Users/parth/Desktop/Engine/venv/lib/python3.11/site-packages/airflow/example_dags/example_params_trigger_ui.py for tasks to queue
[2025-07-17T00:40:45.931+0530] {logging_mixin.py:190} INFO - [2025-07-17T00:40:45.930+0530] {dagbag.py:588} INFO - Filling up the DagBag from /Users/parth/Desktop/Engine/venv/lib/python3.11/site-packages/airflow/example_dags/example_params_trigger_ui.py
[2025-07-17T00:40:45.997+0530] {processor.py:925} INFO - DAG(s) 'example_params_trigger_ui' retrieved from /Users/parth/Desktop/Engine/venv/lib/python3.11/site-packages/airflow/example_dags/example_params_trigger_ui.py
[2025-07-17T00:40:46.137+0530] {logging_mixin.py:190} INFO - [2025-07-17T00:40:46.137+0530] {dag.py:3239} INFO - Sync 1 DAGs
[2025-07-17T00:40:46.149+0530] {logging_mixin.py:190} INFO - [2025-07-17T00:40:46.148+0530] {dag.py:4180} INFO - Setting next_dagrun for example_params_trigger_ui to None, run_after=None
[2025-07-17T00:40:46.171+0530] {processor.py:208} INFO - Processing /Users/parth/Desktop/Engine/venv/lib/python3.11/site-packages/airflow/example_dags/example_params_trigger_ui.py took 0.251 seconds
[2025-07-17T00:43:05.996+0530] {processor.py:186} INFO - Started process (PID=20416) to work on /Users/parth/Desktop/Engine/venv/lib/python3.11/site-packages/airflow/example_dags/example_params_trigger_ui.py
[2025-07-17T00:43:05.997+0530] {processor.py:914} INFO - Processing file /Users/parth/Desktop/Engine/venv/lib/python3.11/site-packages/airflow/example_dags/example_params_trigger_ui.py for tasks to queue
[2025-07-17T00:43:05.998+0530] {logging_mixin.py:190} INFO - [2025-07-17T00:43:05.997+0530] {dagbag.py:588} INFO - Filling up the DagBag from /Users/parth/Desktop/Engine/venv/lib/python3.11/site-packages/airflow/example_dags/example_params_trigger_ui.py
[2025-07-17T00:43:06.025+0530] {processor.py:925} INFO - DAG(s) 'example_params_trigger_ui' retrieved from /Users/parth/Desktop/Engine/venv/lib/python3.11/site-packages/airflow/example_dags/example_params_trigger_ui.py
[2025-07-17T00:43:06.100+0530] {logging_mixin.py:190} INFO - [2025-07-17T00:43:06.099+0530] {dag.py:3239} INFO - Sync 1 DAGs
[2025-07-17T00:43:06.106+0530] {logging_mixin.py:190} INFO - [2025-07-17T00:43:06.106+0530] {dag.py:4180} INFO - Setting next_dagrun for example_params_trigger_ui to None, run_after=None
[2025-07-17T00:43:06.117+0530] {processor.py:208} INFO - Processing /Users/parth/Desktop/Engine/venv/lib/python3.11/site-packages/airflow/example_dags/example_params_trigger_ui.py took 0.124 seconds
[2025-07-17T00:45:11.862+0530] {processor.py:186} INFO - Started process (PID=21227) to work on /Users/parth/Desktop/Engine/venv/lib/python3.11/site-packages/airflow/example_dags/example_params_trigger_ui.py
[2025-07-17T00:45:11.863+0530] {processor.py:914} INFO - Processing file /Users/parth/Desktop/Engine/venv/lib/python3.11/site-packages/airflow/example_dags/example_params_trigger_ui.py for tasks to queue
[2025-07-17T00:45:11.863+0530] {logging_mixin.py:190} INFO - [2025-07-17T00:45:11.863+0530] {dagbag.py:588} INFO - Filling up the DagBag from /Users/parth/Desktop/Engine/venv/lib/python3.11/site-packages/airflow/example_dags/example_params_trigger_ui.py
[2025-07-17T00:45:11.890+0530] {processor.py:925} INFO - DAG(s) 'example_params_trigger_ui' retrieved from /Users/parth/Desktop/Engine/venv/lib/python3.11/site-packages/airflow/example_dags/example_params_trigger_ui.py
[2025-07-17T00:45:11.963+0530] {logging_mixin.py:190} INFO - [2025-07-17T00:45:11.962+0530] {dag.py:3239} INFO - Sync 1 DAGs
[2025-07-17T00:45:11.969+0530] {logging_mixin.py:190} INFO - [2025-07-17T00:45:11.969+0530] {dag.py:4180} INFO - Setting next_dagrun for example_params_trigger_ui to None, run_after=None
[2025-07-17T00:45:11.982+0530] {processor.py:208} INFO - Processing /Users/parth/Desktop/Engine/venv/lib/python3.11/site-packages/airflow/example_dags/example_params_trigger_ui.py took 0.123 seconds
[2025-07-17T00:47:09.993+0530] {processor.py:186} INFO - Started process (PID=21991) to work on /Users/parth/Desktop/Engine/venv/lib/python3.11/site-packages/airflow/example_dags/example_params_trigger_ui.py
[2025-07-17T00:47:09.995+0530] {processor.py:914} INFO - Processing file /Users/parth/Desktop/Engine/venv/lib/python3.11/site-packages/airflow/example_dags/example_params_trigger_ui.py for tasks to queue
[2025-07-17T00:47:09.995+0530] {logging_mixin.py:190} INFO - [2025-07-17T00:47:09.995+0530] {dagbag.py:588} INFO - Filling up the DagBag from /Users/parth/Desktop/Engine/venv/lib/python3.11/site-packages/airflow/example_dags/example_params_trigger_ui.py
[2025-07-17T00:47:10.022+0530] {processor.py:925} INFO - DAG(s) 'example_params_trigger_ui' retrieved from /Users/parth/Desktop/Engine/venv/lib/python3.11/site-packages/airflow/example_dags/example_params_trigger_ui.py
[2025-07-17T00:47:10.093+0530] {logging_mixin.py:190} INFO - [2025-07-17T00:47:10.093+0530] {dag.py:3239} INFO - Sync 1 DAGs
[2025-07-17T00:47:10.099+0530] {logging_mixin.py:190} INFO - [2025-07-17T00:47:10.099+0530] {dag.py:4180} INFO - Setting next_dagrun for example_params_trigger_ui to None, run_after=None
[2025-07-17T00:47:10.110+0530] {processor.py:208} INFO - Processing /Users/parth/Desktop/Engine/venv/lib/python3.11/site-packages/airflow/example_dags/example_params_trigger_ui.py took 0.119 seconds
[2025-07-17T04:19:07.933+0530] {processor.py:186} INFO - Started process (PID=22906) to work on /Users/parth/Desktop/Engine/venv/lib/python3.11/site-packages/airflow/example_dags/example_params_trigger_ui.py
[2025-07-17T04:19:07.934+0530] {processor.py:914} INFO - Processing file /Users/parth/Desktop/Engine/venv/lib/python3.11/site-packages/airflow/example_dags/example_params_trigger_ui.py for tasks to queue
[2025-07-17T04:19:07.934+0530] {logging_mixin.py:190} INFO - [2025-07-17T04:19:07.934+0530] {dagbag.py:588} INFO - Filling up the DagBag from /Users/parth/Desktop/Engine/venv/lib/python3.11/site-packages/airflow/example_dags/example_params_trigger_ui.py
[2025-07-17T04:19:07.961+0530] {processor.py:925} INFO - DAG(s) 'example_params_trigger_ui' retrieved from /Users/parth/Desktop/Engine/venv/lib/python3.11/site-packages/airflow/example_dags/example_params_trigger_ui.py
[2025-07-17T04:19:08.034+0530] {logging_mixin.py:190} INFO - [2025-07-17T04:19:08.034+0530] {dag.py:3239} INFO - Sync 1 DAGs
[2025-07-17T04:19:08.041+0530] {logging_mixin.py:190} INFO - [2025-07-17T04:19:08.041+0530] {dag.py:4180} INFO - Setting next_dagrun for example_params_trigger_ui to None, run_after=None
[2025-07-17T04:19:08.053+0530] {processor.py:208} INFO - Processing /Users/parth/Desktop/Engine/venv/lib/python3.11/site-packages/airflow/example_dags/example_params_trigger_ui.py took 0.122 seconds
