[2025-07-17T00:12:14.620+0530] {processor.py:186} INFO - Started process (PID=7995) to work on /Users/parth/Desktop/Engine/venv/lib/python3.11/site-packages/airflow/example_dags/example_python_operator.py
[2025-07-17T00:12:14.621+0530] {processor.py:914} INFO - Processing file /Users/parth/Desktop/Engine/venv/lib/python3.11/site-packages/airflow/example_dags/example_python_operator.py for tasks to queue
[2025-07-17T00:12:14.622+0530] {logging_mixin.py:190} INFO - [2025-07-17T00:12:14.622+0530] {dagbag.py:588} INFO - Filling up the DagBag from /Users/parth/Desktop/Engine/venv/lib/python3.11/site-packages/airflow/example_dags/example_python_operator.py
[2025-07-17T00:12:14.640+0530] {logging_mixin.py:190} INFO - [2025-07-17T00:12:14.640+0530] {example_python_operator.py:93} WARNING - The virtalenv_python example task requires virtualenv, please install it.
[2025-07-17T00:12:14.642+0530] {processor.py:925} INFO - DAG(s) 'example_python_operator' retrieved from /Users/parth/Desktop/Engine/venv/lib/python3.11/site-packages/airflow/example_dags/example_python_operator.py
[2025-07-17T00:12:14.758+0530] {logging_mixin.py:190} INFO - [2025-07-17T00:12:14.757+0530] {override.py:1930} INFO - Created Permission View: can read on DAG:example_python_operator
[2025-07-17T00:12:14.763+0530] {logging_mixin.py:190} INFO - [2025-07-17T00:12:14.763+0530] {override.py:1930} INFO - Created Permission View: can delete on DAG:example_python_operator
[2025-07-17T00:12:14.767+0530] {logging_mixin.py:190} INFO - [2025-07-17T00:12:14.766+0530] {override.py:1930} INFO - Created Permission View: can edit on DAG:example_python_operator
[2025-07-17T00:12:14.771+0530] {logging_mixin.py:190} INFO - [2025-07-17T00:12:14.771+0530] {override.py:1930} INFO - Created Permission View: can read on DAG Run:example_python_operator
[2025-07-17T00:12:14.775+0530] {logging_mixin.py:190} INFO - [2025-07-17T00:12:14.775+0530] {override.py:1930} INFO - Created Permission View: can delete on DAG Run:example_python_operator
[2025-07-17T00:12:14.778+0530] {logging_mixin.py:190} INFO - [2025-07-17T00:12:14.778+0530] {override.py:1930} INFO - Created Permission View: can create on DAG Run:example_python_operator
[2025-07-17T00:12:14.781+0530] {logging_mixin.py:190} INFO - [2025-07-17T00:12:14.781+0530] {override.py:1930} INFO - Created Permission View: menu access on DAG Run:example_python_operator
[2025-07-17T00:12:14.782+0530] {logging_mixin.py:190} INFO - [2025-07-17T00:12:14.782+0530] {dag.py:3239} INFO - Sync 1 DAGs
[2025-07-17T00:12:14.790+0530] {logging_mixin.py:190} INFO - [2025-07-17T00:12:14.790+0530] {dag.py:3262} INFO - Creating ORM DAG for example_python_operator
[2025-07-17T00:12:14.790+0530] {logging_mixin.py:190} INFO - [2025-07-17T00:12:14.790+0530] {dag.py:4180} INFO - Setting next_dagrun for example_python_operator to None, run_after=None
[2025-07-17T00:12:14.855+0530] {processor.py:208} INFO - Processing /Users/parth/Desktop/Engine/venv/lib/python3.11/site-packages/airflow/example_dags/example_python_operator.py took 0.237 seconds
[2025-07-17T00:14:58.257+0530] {processor.py:186} INFO - Started process (PID=9053) to work on /Users/parth/Desktop/Engine/venv/lib/python3.11/site-packages/airflow/example_dags/example_python_operator.py
[2025-07-17T00:14:58.258+0530] {processor.py:914} INFO - Processing file /Users/parth/Desktop/Engine/venv/lib/python3.11/site-packages/airflow/example_dags/example_python_operator.py for tasks to queue
[2025-07-17T00:14:58.259+0530] {logging_mixin.py:190} INFO - [2025-07-17T00:14:58.259+0530] {dagbag.py:588} INFO - Filling up the DagBag from /Users/parth/Desktop/Engine/venv/lib/python3.11/site-packages/airflow/example_dags/example_python_operator.py
[2025-07-17T00:14:58.279+0530] {logging_mixin.py:190} INFO - [2025-07-17T00:14:58.278+0530] {example_python_operator.py:93} WARNING - The virtalenv_python example task requires virtualenv, please install it.
[2025-07-17T00:14:58.281+0530] {processor.py:925} INFO - DAG(s) 'example_python_operator' retrieved from /Users/parth/Desktop/Engine/venv/lib/python3.11/site-packages/airflow/example_dags/example_python_operator.py
[2025-07-17T00:14:58.349+0530] {logging_mixin.py:190} INFO - [2025-07-17T00:14:58.348+0530] {dag.py:3239} INFO - Sync 1 DAGs
[2025-07-17T00:14:58.355+0530] {logging_mixin.py:190} INFO - [2025-07-17T00:14:58.355+0530] {dag.py:4180} INFO - Setting next_dagrun for example_python_operator to None, run_after=None
[2025-07-17T00:14:58.367+0530] {processor.py:208} INFO - Processing /Users/parth/Desktop/Engine/venv/lib/python3.11/site-packages/airflow/example_dags/example_python_operator.py took 0.112 seconds
[2025-07-17T00:17:08.031+0530] {processor.py:186} INFO - Started process (PID=9913) to work on /Users/parth/Desktop/Engine/venv/lib/python3.11/site-packages/airflow/example_dags/example_python_operator.py
[2025-07-17T00:17:08.033+0530] {processor.py:914} INFO - Processing file /Users/parth/Desktop/Engine/venv/lib/python3.11/site-packages/airflow/example_dags/example_python_operator.py for tasks to queue
[2025-07-17T00:17:08.033+0530] {logging_mixin.py:190} INFO - [2025-07-17T00:17:08.033+0530] {dagbag.py:588} INFO - Filling up the DagBag from /Users/parth/Desktop/Engine/venv/lib/python3.11/site-packages/airflow/example_dags/example_python_operator.py
[2025-07-17T00:17:08.050+0530] {logging_mixin.py:190} INFO - [2025-07-17T00:17:08.050+0530] {example_python_operator.py:93} WARNING - The virtalenv_python example task requires virtualenv, please install it.
[2025-07-17T00:17:08.052+0530] {processor.py:925} INFO - DAG(s) 'example_python_operator' retrieved from /Users/parth/Desktop/Engine/venv/lib/python3.11/site-packages/airflow/example_dags/example_python_operator.py
[2025-07-17T00:17:08.111+0530] {logging_mixin.py:190} INFO - [2025-07-17T00:17:08.110+0530] {dag.py:3239} INFO - Sync 1 DAGs
[2025-07-17T00:17:08.117+0530] {logging_mixin.py:190} INFO - [2025-07-17T00:17:08.117+0530] {dag.py:4180} INFO - Setting next_dagrun for example_python_operator to None, run_after=None
[2025-07-17T00:17:08.128+0530] {processor.py:208} INFO - Processing /Users/parth/Desktop/Engine/venv/lib/python3.11/site-packages/airflow/example_dags/example_python_operator.py took 0.099 seconds
[2025-07-17T00:19:36.196+0530] {processor.py:186} INFO - Started process (PID=10927) to work on /Users/parth/Desktop/Engine/venv/lib/python3.11/site-packages/airflow/example_dags/example_python_operator.py
[2025-07-17T00:19:36.198+0530] {processor.py:914} INFO - Processing file /Users/parth/Desktop/Engine/venv/lib/python3.11/site-packages/airflow/example_dags/example_python_operator.py for tasks to queue
[2025-07-17T00:19:36.201+0530] {logging_mixin.py:190} INFO - [2025-07-17T00:19:36.200+0530] {dagbag.py:588} INFO - Filling up the DagBag from /Users/parth/Desktop/Engine/venv/lib/python3.11/site-packages/airflow/example_dags/example_python_operator.py
[2025-07-17T00:19:36.367+0530] {logging_mixin.py:190} INFO - [2025-07-17T00:19:36.366+0530] {example_python_operator.py:93} WARNING - The virtalenv_python example task requires virtualenv, please install it.
[2025-07-17T00:19:36.388+0530] {processor.py:925} INFO - DAG(s) 'example_python_operator' retrieved from /Users/parth/Desktop/Engine/venv/lib/python3.11/site-packages/airflow/example_dags/example_python_operator.py
[2025-07-17T00:19:36.614+0530] {logging_mixin.py:190} INFO - [2025-07-17T00:19:36.614+0530] {dag.py:3239} INFO - Sync 1 DAGs
[2025-07-17T00:19:36.634+0530] {logging_mixin.py:190} INFO - [2025-07-17T00:19:36.634+0530] {dag.py:4180} INFO - Setting next_dagrun for example_python_operator to None, run_after=None
[2025-07-17T00:19:36.670+0530] {processor.py:208} INFO - Processing /Users/parth/Desktop/Engine/venv/lib/python3.11/site-packages/airflow/example_dags/example_python_operator.py took 0.481 seconds
[2025-07-17T00:22:22.451+0530] {processor.py:186} INFO - Started process (PID=12163) to work on /Users/parth/Desktop/Engine/venv/lib/python3.11/site-packages/airflow/example_dags/example_python_operator.py
[2025-07-17T00:22:22.452+0530] {processor.py:914} INFO - Processing file /Users/parth/Desktop/Engine/venv/lib/python3.11/site-packages/airflow/example_dags/example_python_operator.py for tasks to queue
[2025-07-17T00:22:22.452+0530] {logging_mixin.py:190} INFO - [2025-07-17T00:22:22.452+0530] {dagbag.py:588} INFO - Filling up the DagBag from /Users/parth/Desktop/Engine/venv/lib/python3.11/site-packages/airflow/example_dags/example_python_operator.py
[2025-07-17T00:22:22.470+0530] {logging_mixin.py:190} INFO - [2025-07-17T00:22:22.470+0530] {example_python_operator.py:93} WARNING - The virtalenv_python example task requires virtualenv, please install it.
[2025-07-17T00:22:22.474+0530] {processor.py:925} INFO - DAG(s) 'example_python_operator' retrieved from /Users/parth/Desktop/Engine/venv/lib/python3.11/site-packages/airflow/example_dags/example_python_operator.py
[2025-07-17T00:22:22.535+0530] {logging_mixin.py:190} INFO - [2025-07-17T00:22:22.534+0530] {dag.py:3239} INFO - Sync 1 DAGs
[2025-07-17T00:22:22.541+0530] {logging_mixin.py:190} INFO - [2025-07-17T00:22:22.541+0530] {dag.py:4180} INFO - Setting next_dagrun for example_python_operator to None, run_after=None
[2025-07-17T00:22:22.552+0530] {processor.py:208} INFO - Processing /Users/parth/Desktop/Engine/venv/lib/python3.11/site-packages/airflow/example_dags/example_python_operator.py took 0.104 seconds
[2025-07-17T00:24:28.086+0530] {processor.py:186} INFO - Started process (PID=13008) to work on /Users/parth/Desktop/Engine/venv/lib/python3.11/site-packages/airflow/example_dags/example_python_operator.py
[2025-07-17T00:24:28.087+0530] {processor.py:914} INFO - Processing file /Users/parth/Desktop/Engine/venv/lib/python3.11/site-packages/airflow/example_dags/example_python_operator.py for tasks to queue
[2025-07-17T00:24:28.088+0530] {logging_mixin.py:190} INFO - [2025-07-17T00:24:28.087+0530] {dagbag.py:588} INFO - Filling up the DagBag from /Users/parth/Desktop/Engine/venv/lib/python3.11/site-packages/airflow/example_dags/example_python_operator.py
[2025-07-17T00:24:28.106+0530] {logging_mixin.py:190} INFO - [2025-07-17T00:24:28.105+0530] {example_python_operator.py:93} WARNING - The virtalenv_python example task requires virtualenv, please install it.
[2025-07-17T00:24:28.108+0530] {processor.py:925} INFO - DAG(s) 'example_python_operator' retrieved from /Users/parth/Desktop/Engine/venv/lib/python3.11/site-packages/airflow/example_dags/example_python_operator.py
[2025-07-17T00:24:28.170+0530] {logging_mixin.py:190} INFO - [2025-07-17T00:24:28.169+0530] {dag.py:3239} INFO - Sync 1 DAGs
[2025-07-17T00:24:28.177+0530] {logging_mixin.py:190} INFO - [2025-07-17T00:24:28.177+0530] {dag.py:4180} INFO - Setting next_dagrun for example_python_operator to None, run_after=None
[2025-07-17T00:24:28.188+0530] {processor.py:208} INFO - Processing /Users/parth/Desktop/Engine/venv/lib/python3.11/site-packages/airflow/example_dags/example_python_operator.py took 0.105 seconds
[2025-07-17T00:26:28.189+0530] {processor.py:186} INFO - Started process (PID=13828) to work on /Users/parth/Desktop/Engine/venv/lib/python3.11/site-packages/airflow/example_dags/example_python_operator.py
[2025-07-17T00:26:28.189+0530] {processor.py:914} INFO - Processing file /Users/parth/Desktop/Engine/venv/lib/python3.11/site-packages/airflow/example_dags/example_python_operator.py for tasks to queue
[2025-07-17T00:26:28.190+0530] {logging_mixin.py:190} INFO - [2025-07-17T00:26:28.190+0530] {dagbag.py:588} INFO - Filling up the DagBag from /Users/parth/Desktop/Engine/venv/lib/python3.11/site-packages/airflow/example_dags/example_python_operator.py
[2025-07-17T00:26:28.207+0530] {logging_mixin.py:190} INFO - [2025-07-17T00:26:28.207+0530] {example_python_operator.py:93} WARNING - The virtalenv_python example task requires virtualenv, please install it.
[2025-07-17T00:26:28.210+0530] {processor.py:925} INFO - DAG(s) 'example_python_operator' retrieved from /Users/parth/Desktop/Engine/venv/lib/python3.11/site-packages/airflow/example_dags/example_python_operator.py
[2025-07-17T00:26:28.271+0530] {logging_mixin.py:190} INFO - [2025-07-17T00:26:28.270+0530] {dag.py:3239} INFO - Sync 1 DAGs
[2025-07-17T00:26:28.277+0530] {logging_mixin.py:190} INFO - [2025-07-17T00:26:28.277+0530] {dag.py:4180} INFO - Setting next_dagrun for example_python_operator to None, run_after=None
[2025-07-17T00:26:28.288+0530] {processor.py:208} INFO - Processing /Users/parth/Desktop/Engine/venv/lib/python3.11/site-packages/airflow/example_dags/example_python_operator.py took 0.102 seconds
[2025-07-17T00:28:30.098+0530] {processor.py:186} INFO - Started process (PID=14629) to work on /Users/parth/Desktop/Engine/venv/lib/python3.11/site-packages/airflow/example_dags/example_python_operator.py
[2025-07-17T00:28:30.099+0530] {processor.py:914} INFO - Processing file /Users/parth/Desktop/Engine/venv/lib/python3.11/site-packages/airflow/example_dags/example_python_operator.py for tasks to queue
[2025-07-17T00:28:30.100+0530] {logging_mixin.py:190} INFO - [2025-07-17T00:28:30.100+0530] {dagbag.py:588} INFO - Filling up the DagBag from /Users/parth/Desktop/Engine/venv/lib/python3.11/site-packages/airflow/example_dags/example_python_operator.py
[2025-07-17T00:28:30.118+0530] {logging_mixin.py:190} INFO - [2025-07-17T00:28:30.118+0530] {example_python_operator.py:93} WARNING - The virtalenv_python example task requires virtualenv, please install it.
[2025-07-17T00:28:30.120+0530] {processor.py:925} INFO - DAG(s) 'example_python_operator' retrieved from /Users/parth/Desktop/Engine/venv/lib/python3.11/site-packages/airflow/example_dags/example_python_operator.py
[2025-07-17T00:28:30.181+0530] {logging_mixin.py:190} INFO - [2025-07-17T00:28:30.181+0530] {dag.py:3239} INFO - Sync 1 DAGs
[2025-07-17T00:28:30.188+0530] {logging_mixin.py:190} INFO - [2025-07-17T00:28:30.188+0530] {dag.py:4180} INFO - Setting next_dagrun for example_python_operator to None, run_after=None
[2025-07-17T00:28:30.200+0530] {processor.py:208} INFO - Processing /Users/parth/Desktop/Engine/venv/lib/python3.11/site-packages/airflow/example_dags/example_python_operator.py took 0.104 seconds
[2025-07-17T00:30:31.167+0530] {processor.py:186} INFO - Started process (PID=15414) to work on /Users/parth/Desktop/Engine/venv/lib/python3.11/site-packages/airflow/example_dags/example_python_operator.py
[2025-07-17T00:30:31.169+0530] {processor.py:914} INFO - Processing file /Users/parth/Desktop/Engine/venv/lib/python3.11/site-packages/airflow/example_dags/example_python_operator.py for tasks to queue
[2025-07-17T00:30:31.170+0530] {logging_mixin.py:190} INFO - [2025-07-17T00:30:31.170+0530] {dagbag.py:588} INFO - Filling up the DagBag from /Users/parth/Desktop/Engine/venv/lib/python3.11/site-packages/airflow/example_dags/example_python_operator.py
[2025-07-17T00:30:31.192+0530] {logging_mixin.py:190} INFO - [2025-07-17T00:30:31.192+0530] {example_python_operator.py:93} WARNING - The virtalenv_python example task requires virtualenv, please install it.
[2025-07-17T00:30:31.194+0530] {processor.py:925} INFO - DAG(s) 'example_python_operator' retrieved from /Users/parth/Desktop/Engine/venv/lib/python3.11/site-packages/airflow/example_dags/example_python_operator.py
[2025-07-17T00:30:31.300+0530] {logging_mixin.py:190} INFO - [2025-07-17T00:30:31.299+0530] {dag.py:3239} INFO - Sync 1 DAGs
[2025-07-17T00:30:31.315+0530] {logging_mixin.py:190} INFO - [2025-07-17T00:30:31.314+0530] {dag.py:4180} INFO - Setting next_dagrun for example_python_operator to None, run_after=None
[2025-07-17T00:30:31.341+0530] {processor.py:208} INFO - Processing /Users/parth/Desktop/Engine/venv/lib/python3.11/site-packages/airflow/example_dags/example_python_operator.py took 0.176 seconds
[2025-07-17T00:32:21.595+0530] {processor.py:186} INFO - Started process (PID=16148) to work on /Users/parth/Desktop/Engine/venv/lib/python3.11/site-packages/airflow/example_dags/example_python_operator.py
[2025-07-17T00:32:21.596+0530] {processor.py:914} INFO - Processing file /Users/parth/Desktop/Engine/venv/lib/python3.11/site-packages/airflow/example_dags/example_python_operator.py for tasks to queue
[2025-07-17T00:32:21.597+0530] {logging_mixin.py:190} INFO - [2025-07-17T00:32:21.597+0530] {dagbag.py:588} INFO - Filling up the DagBag from /Users/parth/Desktop/Engine/venv/lib/python3.11/site-packages/airflow/example_dags/example_python_operator.py
[2025-07-17T00:32:21.614+0530] {logging_mixin.py:190} INFO - [2025-07-17T00:32:21.614+0530] {example_python_operator.py:93} WARNING - The virtalenv_python example task requires virtualenv, please install it.
[2025-07-17T00:32:21.616+0530] {processor.py:925} INFO - DAG(s) 'example_python_operator' retrieved from /Users/parth/Desktop/Engine/venv/lib/python3.11/site-packages/airflow/example_dags/example_python_operator.py
[2025-07-17T00:32:21.676+0530] {logging_mixin.py:190} INFO - [2025-07-17T00:32:21.675+0530] {dag.py:3239} INFO - Sync 1 DAGs
[2025-07-17T00:32:21.682+0530] {logging_mixin.py:190} INFO - [2025-07-17T00:32:21.682+0530] {dag.py:4180} INFO - Setting next_dagrun for example_python_operator to None, run_after=None
[2025-07-17T00:32:21.692+0530] {processor.py:208} INFO - Processing /Users/parth/Desktop/Engine/venv/lib/python3.11/site-packages/airflow/example_dags/example_python_operator.py took 0.100 seconds
[2025-07-17T00:34:22.429+0530] {processor.py:186} INFO - Started process (PID=16939) to work on /Users/parth/Desktop/Engine/venv/lib/python3.11/site-packages/airflow/example_dags/example_python_operator.py
[2025-07-17T00:34:22.431+0530] {processor.py:914} INFO - Processing file /Users/parth/Desktop/Engine/venv/lib/python3.11/site-packages/airflow/example_dags/example_python_operator.py for tasks to queue
[2025-07-17T00:34:22.431+0530] {logging_mixin.py:190} INFO - [2025-07-17T00:34:22.431+0530] {dagbag.py:588} INFO - Filling up the DagBag from /Users/parth/Desktop/Engine/venv/lib/python3.11/site-packages/airflow/example_dags/example_python_operator.py
[2025-07-17T00:34:22.451+0530] {logging_mixin.py:190} INFO - [2025-07-17T00:34:22.451+0530] {example_python_operator.py:93} WARNING - The virtalenv_python example task requires virtualenv, please install it.
[2025-07-17T00:34:22.453+0530] {processor.py:925} INFO - DAG(s) 'example_python_operator' retrieved from /Users/parth/Desktop/Engine/venv/lib/python3.11/site-packages/airflow/example_dags/example_python_operator.py
[2025-07-17T00:34:22.526+0530] {logging_mixin.py:190} INFO - [2025-07-17T00:34:22.526+0530] {dag.py:3239} INFO - Sync 1 DAGs
[2025-07-17T00:34:22.534+0530] {logging_mixin.py:190} INFO - [2025-07-17T00:34:22.534+0530] {dag.py:4180} INFO - Setting next_dagrun for example_python_operator to None, run_after=None
[2025-07-17T00:34:22.549+0530] {processor.py:208} INFO - Processing /Users/parth/Desktop/Engine/venv/lib/python3.11/site-packages/airflow/example_dags/example_python_operator.py took 0.123 seconds
[2025-07-17T00:36:18.744+0530] {processor.py:186} INFO - Started process (PID=17699) to work on /Users/parth/Desktop/Engine/venv/lib/python3.11/site-packages/airflow/example_dags/example_python_operator.py
[2025-07-17T00:36:18.745+0530] {processor.py:914} INFO - Processing file /Users/parth/Desktop/Engine/venv/lib/python3.11/site-packages/airflow/example_dags/example_python_operator.py for tasks to queue
[2025-07-17T00:36:18.746+0530] {logging_mixin.py:190} INFO - [2025-07-17T00:36:18.746+0530] {dagbag.py:588} INFO - Filling up the DagBag from /Users/parth/Desktop/Engine/venv/lib/python3.11/site-packages/airflow/example_dags/example_python_operator.py
[2025-07-17T00:36:18.762+0530] {logging_mixin.py:190} INFO - [2025-07-17T00:36:18.762+0530] {example_python_operator.py:93} WARNING - The virtalenv_python example task requires virtualenv, please install it.
[2025-07-17T00:36:18.764+0530] {processor.py:925} INFO - DAG(s) 'example_python_operator' retrieved from /Users/parth/Desktop/Engine/venv/lib/python3.11/site-packages/airflow/example_dags/example_python_operator.py
[2025-07-17T00:36:18.823+0530] {logging_mixin.py:190} INFO - [2025-07-17T00:36:18.822+0530] {dag.py:3239} INFO - Sync 1 DAGs
[2025-07-17T00:36:18.829+0530] {logging_mixin.py:190} INFO - [2025-07-17T00:36:18.829+0530] {dag.py:4180} INFO - Setting next_dagrun for example_python_operator to None, run_after=None
[2025-07-17T00:36:18.840+0530] {processor.py:208} INFO - Processing /Users/parth/Desktop/Engine/venv/lib/python3.11/site-packages/airflow/example_dags/example_python_operator.py took 0.099 seconds
[2025-07-17T00:38:25.858+0530] {processor.py:186} INFO - Started process (PID=18515) to work on /Users/parth/Desktop/Engine/venv/lib/python3.11/site-packages/airflow/example_dags/example_python_operator.py
[2025-07-17T00:38:25.860+0530] {processor.py:914} INFO - Processing file /Users/parth/Desktop/Engine/venv/lib/python3.11/site-packages/airflow/example_dags/example_python_operator.py for tasks to queue
[2025-07-17T00:38:25.860+0530] {logging_mixin.py:190} INFO - [2025-07-17T00:38:25.860+0530] {dagbag.py:588} INFO - Filling up the DagBag from /Users/parth/Desktop/Engine/venv/lib/python3.11/site-packages/airflow/example_dags/example_python_operator.py
[2025-07-17T00:38:25.877+0530] {logging_mixin.py:190} INFO - [2025-07-17T00:38:25.877+0530] {example_python_operator.py:93} WARNING - The virtalenv_python example task requires virtualenv, please install it.
[2025-07-17T00:38:25.879+0530] {processor.py:925} INFO - DAG(s) 'example_python_operator' retrieved from /Users/parth/Desktop/Engine/venv/lib/python3.11/site-packages/airflow/example_dags/example_python_operator.py
[2025-07-17T00:38:25.938+0530] {logging_mixin.py:190} INFO - [2025-07-17T00:38:25.937+0530] {dag.py:3239} INFO - Sync 1 DAGs
[2025-07-17T00:38:25.944+0530] {logging_mixin.py:190} INFO - [2025-07-17T00:38:25.944+0530] {dag.py:4180} INFO - Setting next_dagrun for example_python_operator to None, run_after=None
[2025-07-17T00:38:25.955+0530] {processor.py:208} INFO - Processing /Users/parth/Desktop/Engine/venv/lib/python3.11/site-packages/airflow/example_dags/example_python_operator.py took 0.099 seconds
[2025-07-17T00:40:29.340+0530] {processor.py:186} INFO - Started process (PID=19324) to work on /Users/parth/Desktop/Engine/venv/lib/python3.11/site-packages/airflow/example_dags/example_python_operator.py
[2025-07-17T00:40:29.341+0530] {processor.py:914} INFO - Processing file /Users/parth/Desktop/Engine/venv/lib/python3.11/site-packages/airflow/example_dags/example_python_operator.py for tasks to queue
[2025-07-17T00:40:29.342+0530] {logging_mixin.py:190} INFO - [2025-07-17T00:40:29.342+0530] {dagbag.py:588} INFO - Filling up the DagBag from /Users/parth/Desktop/Engine/venv/lib/python3.11/site-packages/airflow/example_dags/example_python_operator.py
[2025-07-17T00:40:29.359+0530] {logging_mixin.py:190} INFO - [2025-07-17T00:40:29.359+0530] {example_python_operator.py:93} WARNING - The virtalenv_python example task requires virtualenv, please install it.
[2025-07-17T00:40:29.362+0530] {processor.py:925} INFO - DAG(s) 'example_python_operator' retrieved from /Users/parth/Desktop/Engine/venv/lib/python3.11/site-packages/airflow/example_dags/example_python_operator.py
[2025-07-17T00:40:29.422+0530] {logging_mixin.py:190} INFO - [2025-07-17T00:40:29.422+0530] {dag.py:3239} INFO - Sync 1 DAGs
[2025-07-17T00:40:29.428+0530] {logging_mixin.py:190} INFO - [2025-07-17T00:40:29.428+0530] {dag.py:4180} INFO - Setting next_dagrun for example_python_operator to None, run_after=None
[2025-07-17T00:40:29.439+0530] {processor.py:208} INFO - Processing /Users/parth/Desktop/Engine/venv/lib/python3.11/site-packages/airflow/example_dags/example_python_operator.py took 0.102 seconds
[2025-07-17T00:42:56.756+0530] {processor.py:186} INFO - Started process (PID=20358) to work on /Users/parth/Desktop/Engine/venv/lib/python3.11/site-packages/airflow/example_dags/example_python_operator.py
[2025-07-17T00:42:56.756+0530] {processor.py:914} INFO - Processing file /Users/parth/Desktop/Engine/venv/lib/python3.11/site-packages/airflow/example_dags/example_python_operator.py for tasks to queue
[2025-07-17T00:42:56.757+0530] {logging_mixin.py:190} INFO - [2025-07-17T00:42:56.757+0530] {dagbag.py:588} INFO - Filling up the DagBag from /Users/parth/Desktop/Engine/venv/lib/python3.11/site-packages/airflow/example_dags/example_python_operator.py
[2025-07-17T00:42:56.774+0530] {logging_mixin.py:190} INFO - [2025-07-17T00:42:56.774+0530] {example_python_operator.py:93} WARNING - The virtalenv_python example task requires virtualenv, please install it.
[2025-07-17T00:42:56.777+0530] {processor.py:925} INFO - DAG(s) 'example_python_operator' retrieved from /Users/parth/Desktop/Engine/venv/lib/python3.11/site-packages/airflow/example_dags/example_python_operator.py
[2025-07-17T00:42:56.836+0530] {logging_mixin.py:190} INFO - [2025-07-17T00:42:56.836+0530] {dag.py:3239} INFO - Sync 1 DAGs
[2025-07-17T00:42:56.843+0530] {logging_mixin.py:190} INFO - [2025-07-17T00:42:56.843+0530] {dag.py:4180} INFO - Setting next_dagrun for example_python_operator to None, run_after=None
[2025-07-17T00:42:56.854+0530] {processor.py:208} INFO - Processing /Users/parth/Desktop/Engine/venv/lib/python3.11/site-packages/airflow/example_dags/example_python_operator.py took 0.101 seconds
[2025-07-17T00:45:01.382+0530] {processor.py:186} INFO - Started process (PID=21160) to work on /Users/parth/Desktop/Engine/venv/lib/python3.11/site-packages/airflow/example_dags/example_python_operator.py
[2025-07-17T00:45:01.383+0530] {processor.py:914} INFO - Processing file /Users/parth/Desktop/Engine/venv/lib/python3.11/site-packages/airflow/example_dags/example_python_operator.py for tasks to queue
[2025-07-17T00:45:01.384+0530] {logging_mixin.py:190} INFO - [2025-07-17T00:45:01.384+0530] {dagbag.py:588} INFO - Filling up the DagBag from /Users/parth/Desktop/Engine/venv/lib/python3.11/site-packages/airflow/example_dags/example_python_operator.py
[2025-07-17T00:45:01.401+0530] {logging_mixin.py:190} INFO - [2025-07-17T00:45:01.400+0530] {example_python_operator.py:93} WARNING - The virtalenv_python example task requires virtualenv, please install it.
[2025-07-17T00:45:01.403+0530] {processor.py:925} INFO - DAG(s) 'example_python_operator' retrieved from /Users/parth/Desktop/Engine/venv/lib/python3.11/site-packages/airflow/example_dags/example_python_operator.py
[2025-07-17T00:45:01.464+0530] {logging_mixin.py:190} INFO - [2025-07-17T00:45:01.463+0530] {dag.py:3239} INFO - Sync 1 DAGs
[2025-07-17T00:45:01.471+0530] {logging_mixin.py:190} INFO - [2025-07-17T00:45:01.471+0530] {dag.py:4180} INFO - Setting next_dagrun for example_python_operator to None, run_after=None
[2025-07-17T00:45:01.482+0530] {processor.py:208} INFO - Processing /Users/parth/Desktop/Engine/venv/lib/python3.11/site-packages/airflow/example_dags/example_python_operator.py took 0.102 seconds
[2025-07-17T00:46:59.905+0530] {processor.py:186} INFO - Started process (PID=21924) to work on /Users/parth/Desktop/Engine/venv/lib/python3.11/site-packages/airflow/example_dags/example_python_operator.py
[2025-07-17T00:46:59.906+0530] {processor.py:914} INFO - Processing file /Users/parth/Desktop/Engine/venv/lib/python3.11/site-packages/airflow/example_dags/example_python_operator.py for tasks to queue
[2025-07-17T00:46:59.907+0530] {logging_mixin.py:190} INFO - [2025-07-17T00:46:59.907+0530] {dagbag.py:588} INFO - Filling up the DagBag from /Users/parth/Desktop/Engine/venv/lib/python3.11/site-packages/airflow/example_dags/example_python_operator.py
[2025-07-17T00:46:59.925+0530] {logging_mixin.py:190} INFO - [2025-07-17T00:46:59.925+0530] {example_python_operator.py:93} WARNING - The virtalenv_python example task requires virtualenv, please install it.
[2025-07-17T00:46:59.927+0530] {processor.py:925} INFO - DAG(s) 'example_python_operator' retrieved from /Users/parth/Desktop/Engine/venv/lib/python3.11/site-packages/airflow/example_dags/example_python_operator.py
[2025-07-17T00:46:59.988+0530] {logging_mixin.py:190} INFO - [2025-07-17T00:46:59.988+0530] {dag.py:3239} INFO - Sync 1 DAGs
[2025-07-17T00:46:59.994+0530] {logging_mixin.py:190} INFO - [2025-07-17T00:46:59.994+0530] {dag.py:4180} INFO - Setting next_dagrun for example_python_operator to None, run_after=None
[2025-07-17T00:47:00.006+0530] {processor.py:208} INFO - Processing /Users/parth/Desktop/Engine/venv/lib/python3.11/site-packages/airflow/example_dags/example_python_operator.py took 0.103 seconds
[2025-07-17T03:18:13.070+0530] {processor.py:186} INFO - Started process (PID=22784) to work on /Users/parth/Desktop/Engine/venv/lib/python3.11/site-packages/airflow/example_dags/example_python_operator.py
[2025-07-17T03:18:13.071+0530] {processor.py:914} INFO - Processing file /Users/parth/Desktop/Engine/venv/lib/python3.11/site-packages/airflow/example_dags/example_python_operator.py for tasks to queue
[2025-07-17T03:18:13.072+0530] {logging_mixin.py:190} INFO - [2025-07-17T03:18:13.072+0530] {dagbag.py:588} INFO - Filling up the DagBag from /Users/parth/Desktop/Engine/venv/lib/python3.11/site-packages/airflow/example_dags/example_python_operator.py
[2025-07-17T03:18:13.089+0530] {logging_mixin.py:190} INFO - [2025-07-17T03:18:13.089+0530] {example_python_operator.py:93} WARNING - The virtalenv_python example task requires virtualenv, please install it.
[2025-07-17T03:18:13.091+0530] {processor.py:925} INFO - DAG(s) 'example_python_operator' retrieved from /Users/parth/Desktop/Engine/venv/lib/python3.11/site-packages/airflow/example_dags/example_python_operator.py
[2025-07-17T03:18:13.152+0530] {logging_mixin.py:190} INFO - [2025-07-17T03:18:13.152+0530] {dag.py:3239} INFO - Sync 1 DAGs
[2025-07-17T03:18:13.159+0530] {logging_mixin.py:190} INFO - [2025-07-17T03:18:13.158+0530] {dag.py:4180} INFO - Setting next_dagrun for example_python_operator to None, run_after=None
[2025-07-17T03:18:13.170+0530] {processor.py:208} INFO - Processing /Users/parth/Desktop/Engine/venv/lib/python3.11/site-packages/airflow/example_dags/example_python_operator.py took 0.103 seconds
