[2025-07-17T00:12:47.835+0530] {processor.py:186} INFO - Started process (PID=8212) to work on /Users/parth/Desktop/Engine/venv/lib/python3.11/site-packages/airflow/example_dags/example_external_task_marker_dag.py
[2025-07-17T00:12:47.836+0530] {processor.py:914} INFO - Processing file /Users/parth/Desktop/Engine/venv/lib/python3.11/site-packages/airflow/example_dags/example_external_task_marker_dag.py for tasks to queue
[2025-07-17T00:12:47.836+0530] {logging_mixin.py:190} INFO - [2025-07-17T00:12:47.836+0530] {dagbag.py:588} INFO - Filling up the DagBag from /Users/parth/Desktop/Engine/venv/lib/python3.11/site-packages/airflow/example_dags/example_external_task_marker_dag.py
[2025-07-17T00:12:47.845+0530] {processor.py:925} INFO - DAG(s) 'example_external_task_marker_child', 'example_external_task_marker_parent' retrieved from /Users/parth/Desktop/Engine/venv/lib/python3.11/site-packages/airflow/example_dags/example_external_task_marker_dag.py
[2025-07-17T00:12:48.576+0530] {logging_mixin.py:190} INFO - [2025-07-17T00:12:48.576+0530] {override.py:1930} INFO - Created Permission View: can edit on DAG:example_external_task_marker_child
[2025-07-17T00:12:48.582+0530] {logging_mixin.py:190} INFO - [2025-07-17T00:12:48.581+0530] {override.py:1930} INFO - Created Permission View: can read on DAG:example_external_task_marker_child
[2025-07-17T00:12:48.585+0530] {logging_mixin.py:190} INFO - [2025-07-17T00:12:48.585+0530] {override.py:1930} INFO - Created Permission View: can delete on DAG:example_external_task_marker_child
[2025-07-17T00:12:48.589+0530] {logging_mixin.py:190} INFO - [2025-07-17T00:12:48.589+0530] {override.py:1930} INFO - Created Permission View: can delete on DAG Run:example_external_task_marker_child
[2025-07-17T00:12:48.592+0530] {logging_mixin.py:190} INFO - [2025-07-17T00:12:48.592+0530] {override.py:1930} INFO - Created Permission View: can read on DAG Run:example_external_task_marker_child
[2025-07-17T00:12:48.596+0530] {logging_mixin.py:190} INFO - [2025-07-17T00:12:48.596+0530] {override.py:1930} INFO - Created Permission View: menu access on DAG Run:example_external_task_marker_child
[2025-07-17T00:12:48.599+0530] {logging_mixin.py:190} INFO - [2025-07-17T00:12:48.599+0530] {override.py:1930} INFO - Created Permission View: can create on DAG Run:example_external_task_marker_child
[2025-07-17T00:12:48.606+0530] {logging_mixin.py:190} INFO - [2025-07-17T00:12:48.605+0530] {override.py:1930} INFO - Created Permission View: can edit on DAG:example_external_task_marker_parent
[2025-07-17T00:12:48.609+0530] {logging_mixin.py:190} INFO - [2025-07-17T00:12:48.609+0530] {override.py:1930} INFO - Created Permission View: can read on DAG:example_external_task_marker_parent
[2025-07-17T00:12:48.612+0530] {logging_mixin.py:190} INFO - [2025-07-17T00:12:48.612+0530] {override.py:1930} INFO - Created Permission View: can delete on DAG:example_external_task_marker_parent
[2025-07-17T00:12:48.616+0530] {logging_mixin.py:190} INFO - [2025-07-17T00:12:48.616+0530] {override.py:1930} INFO - Created Permission View: can delete on DAG Run:example_external_task_marker_parent
[2025-07-17T00:12:48.619+0530] {logging_mixin.py:190} INFO - [2025-07-17T00:12:48.619+0530] {override.py:1930} INFO - Created Permission View: can read on DAG Run:example_external_task_marker_parent
[2025-07-17T00:12:48.622+0530] {logging_mixin.py:190} INFO - [2025-07-17T00:12:48.622+0530] {override.py:1930} INFO - Created Permission View: menu access on DAG Run:example_external_task_marker_parent
[2025-07-17T00:12:48.625+0530] {logging_mixin.py:190} INFO - [2025-07-17T00:12:48.625+0530] {override.py:1930} INFO - Created Permission View: can create on DAG Run:example_external_task_marker_parent
[2025-07-17T00:12:48.626+0530] {logging_mixin.py:190} INFO - [2025-07-17T00:12:48.625+0530] {dag.py:3239} INFO - Sync 2 DAGs
[2025-07-17T00:12:48.632+0530] {logging_mixin.py:190} INFO - [2025-07-17T00:12:48.632+0530] {dag.py:3262} INFO - Creating ORM DAG for example_external_task_marker_child
[2025-07-17T00:12:48.633+0530] {logging_mixin.py:190} INFO - [2025-07-17T00:12:48.633+0530] {dag.py:3262} INFO - Creating ORM DAG for example_external_task_marker_parent
[2025-07-17T00:12:48.633+0530] {logging_mixin.py:190} INFO - [2025-07-17T00:12:48.633+0530] {dag.py:4180} INFO - Setting next_dagrun for example_external_task_marker_child to None, run_after=None
[2025-07-17T00:12:48.633+0530] {logging_mixin.py:190} INFO - [2025-07-17T00:12:48.633+0530] {dag.py:4180} INFO - Setting next_dagrun for example_external_task_marker_parent to None, run_after=None
[2025-07-17T00:12:48.643+0530] {processor.py:208} INFO - Processing /Users/parth/Desktop/Engine/venv/lib/python3.11/site-packages/airflow/example_dags/example_external_task_marker_dag.py took 0.810 seconds
[2025-07-17T00:15:30.096+0530] {processor.py:186} INFO - Started process (PID=9271) to work on /Users/parth/Desktop/Engine/venv/lib/python3.11/site-packages/airflow/example_dags/example_external_task_marker_dag.py
[2025-07-17T00:15:30.097+0530] {processor.py:914} INFO - Processing file /Users/parth/Desktop/Engine/venv/lib/python3.11/site-packages/airflow/example_dags/example_external_task_marker_dag.py for tasks to queue
[2025-07-17T00:15:30.098+0530] {logging_mixin.py:190} INFO - [2025-07-17T00:15:30.098+0530] {dagbag.py:588} INFO - Filling up the DagBag from /Users/parth/Desktop/Engine/venv/lib/python3.11/site-packages/airflow/example_dags/example_external_task_marker_dag.py
[2025-07-17T00:15:30.107+0530] {processor.py:925} INFO - DAG(s) 'example_external_task_marker_parent', 'example_external_task_marker_child' retrieved from /Users/parth/Desktop/Engine/venv/lib/python3.11/site-packages/airflow/example_dags/example_external_task_marker_dag.py
[2025-07-17T00:15:31.054+0530] {logging_mixin.py:190} INFO - [2025-07-17T00:15:31.053+0530] {dag.py:3239} INFO - Sync 2 DAGs
[2025-07-17T00:15:31.063+0530] {logging_mixin.py:190} INFO - [2025-07-17T00:15:31.063+0530] {dag.py:4180} INFO - Setting next_dagrun for example_external_task_marker_child to None, run_after=None
[2025-07-17T00:15:31.066+0530] {logging_mixin.py:190} INFO - [2025-07-17T00:15:31.066+0530] {dag.py:4180} INFO - Setting next_dagrun for example_external_task_marker_parent to None, run_after=None
[2025-07-17T00:15:31.082+0530] {processor.py:208} INFO - Processing /Users/parth/Desktop/Engine/venv/lib/python3.11/site-packages/airflow/example_dags/example_external_task_marker_dag.py took 0.988 seconds
[2025-07-17T00:20:33.897+0530] {processor.py:186} INFO - Started process (PID=11303) to work on /Users/parth/Desktop/Engine/venv/lib/python3.11/site-packages/airflow/example_dags/example_external_task_marker_dag.py
[2025-07-17T00:20:33.899+0530] {processor.py:914} INFO - Processing file /Users/parth/Desktop/Engine/venv/lib/python3.11/site-packages/airflow/example_dags/example_external_task_marker_dag.py for tasks to queue
[2025-07-17T00:20:33.901+0530] {logging_mixin.py:190} INFO - [2025-07-17T00:20:33.900+0530] {dagbag.py:588} INFO - Filling up the DagBag from /Users/parth/Desktop/Engine/venv/lib/python3.11/site-packages/airflow/example_dags/example_external_task_marker_dag.py
[2025-07-17T00:20:33.920+0530] {processor.py:925} INFO - DAG(s) 'example_external_task_marker_parent', 'example_external_task_marker_child' retrieved from /Users/parth/Desktop/Engine/venv/lib/python3.11/site-packages/airflow/example_dags/example_external_task_marker_dag.py
[2025-07-17T00:20:35.307+0530] {logging_mixin.py:190} INFO - [2025-07-17T00:20:35.306+0530] {dag.py:3239} INFO - Sync 2 DAGs
[2025-07-17T00:20:35.324+0530] {logging_mixin.py:190} INFO - [2025-07-17T00:20:35.323+0530] {dag.py:4180} INFO - Setting next_dagrun for example_external_task_marker_child to None, run_after=None
[2025-07-17T00:20:35.329+0530] {logging_mixin.py:190} INFO - [2025-07-17T00:20:35.329+0530] {dag.py:4180} INFO - Setting next_dagrun for example_external_task_marker_parent to None, run_after=None
[2025-07-17T00:20:35.354+0530] {processor.py:208} INFO - Processing /Users/parth/Desktop/Engine/venv/lib/python3.11/site-packages/airflow/example_dags/example_external_task_marker_dag.py took 1.463 seconds
[2025-07-17T00:24:59.154+0530] {processor.py:186} INFO - Started process (PID=13219) to work on /Users/parth/Desktop/Engine/venv/lib/python3.11/site-packages/airflow/example_dags/example_external_task_marker_dag.py
[2025-07-17T00:24:59.157+0530] {processor.py:914} INFO - Processing file /Users/parth/Desktop/Engine/venv/lib/python3.11/site-packages/airflow/example_dags/example_external_task_marker_dag.py for tasks to queue
[2025-07-17T00:24:59.159+0530] {logging_mixin.py:190} INFO - [2025-07-17T00:24:59.159+0530] {dagbag.py:588} INFO - Filling up the DagBag from /Users/parth/Desktop/Engine/venv/lib/python3.11/site-packages/airflow/example_dags/example_external_task_marker_dag.py
[2025-07-17T00:24:59.169+0530] {processor.py:925} INFO - DAG(s) 'example_external_task_marker_parent', 'example_external_task_marker_child' retrieved from /Users/parth/Desktop/Engine/venv/lib/python3.11/site-packages/airflow/example_dags/example_external_task_marker_dag.py
[2025-07-17T00:24:59.751+0530] {logging_mixin.py:190} INFO - [2025-07-17T00:24:59.751+0530] {dag.py:3239} INFO - Sync 2 DAGs
[2025-07-17T00:24:59.758+0530] {logging_mixin.py:190} INFO - [2025-07-17T00:24:59.758+0530] {dag.py:4180} INFO - Setting next_dagrun for example_external_task_marker_child to None, run_after=None
[2025-07-17T00:24:59.760+0530] {logging_mixin.py:190} INFO - [2025-07-17T00:24:59.760+0530] {dag.py:4180} INFO - Setting next_dagrun for example_external_task_marker_parent to None, run_after=None
[2025-07-17T00:24:59.770+0530] {processor.py:208} INFO - Processing /Users/parth/Desktop/Engine/venv/lib/python3.11/site-packages/airflow/example_dags/example_external_task_marker_dag.py took 0.618 seconds
[2025-07-17T00:29:00.824+0530] {processor.py:186} INFO - Started process (PID=14831) to work on /Users/parth/Desktop/Engine/venv/lib/python3.11/site-packages/airflow/example_dags/example_external_task_marker_dag.py
[2025-07-17T00:29:00.825+0530] {processor.py:914} INFO - Processing file /Users/parth/Desktop/Engine/venv/lib/python3.11/site-packages/airflow/example_dags/example_external_task_marker_dag.py for tasks to queue
[2025-07-17T00:29:00.826+0530] {logging_mixin.py:190} INFO - [2025-07-17T00:29:00.826+0530] {dagbag.py:588} INFO - Filling up the DagBag from /Users/parth/Desktop/Engine/venv/lib/python3.11/site-packages/airflow/example_dags/example_external_task_marker_dag.py
[2025-07-17T00:29:00.834+0530] {processor.py:925} INFO - DAG(s) 'example_external_task_marker_parent', 'example_external_task_marker_child' retrieved from /Users/parth/Desktop/Engine/venv/lib/python3.11/site-packages/airflow/example_dags/example_external_task_marker_dag.py
[2025-07-17T00:29:01.416+0530] {logging_mixin.py:190} INFO - [2025-07-17T00:29:01.415+0530] {dag.py:3239} INFO - Sync 2 DAGs
[2025-07-17T00:29:01.423+0530] {logging_mixin.py:190} INFO - [2025-07-17T00:29:01.422+0530] {dag.py:4180} INFO - Setting next_dagrun for example_external_task_marker_child to None, run_after=None
[2025-07-17T00:29:01.425+0530] {logging_mixin.py:190} INFO - [2025-07-17T00:29:01.424+0530] {dag.py:4180} INFO - Setting next_dagrun for example_external_task_marker_parent to None, run_after=None
[2025-07-17T00:29:01.434+0530] {processor.py:208} INFO - Processing /Users/parth/Desktop/Engine/venv/lib/python3.11/site-packages/airflow/example_dags/example_external_task_marker_dag.py took 0.612 seconds
[2025-07-17T00:32:46.476+0530] {processor.py:186} INFO - Started process (PID=16313) to work on /Users/parth/Desktop/Engine/venv/lib/python3.11/site-packages/airflow/example_dags/example_external_task_marker_dag.py
[2025-07-17T00:32:46.477+0530] {processor.py:914} INFO - Processing file /Users/parth/Desktop/Engine/venv/lib/python3.11/site-packages/airflow/example_dags/example_external_task_marker_dag.py for tasks to queue
[2025-07-17T00:32:46.478+0530] {logging_mixin.py:190} INFO - [2025-07-17T00:32:46.478+0530] {dagbag.py:588} INFO - Filling up the DagBag from /Users/parth/Desktop/Engine/venv/lib/python3.11/site-packages/airflow/example_dags/example_external_task_marker_dag.py
[2025-07-17T00:32:46.486+0530] {processor.py:925} INFO - DAG(s) 'example_external_task_marker_child', 'example_external_task_marker_parent' retrieved from /Users/parth/Desktop/Engine/venv/lib/python3.11/site-packages/airflow/example_dags/example_external_task_marker_dag.py
[2025-07-17T00:32:47.001+0530] {logging_mixin.py:190} INFO - [2025-07-17T00:32:47.001+0530] {dag.py:3239} INFO - Sync 2 DAGs
[2025-07-17T00:32:47.008+0530] {logging_mixin.py:190} INFO - [2025-07-17T00:32:47.007+0530] {dag.py:4180} INFO - Setting next_dagrun for example_external_task_marker_child to None, run_after=None
[2025-07-17T00:32:47.009+0530] {logging_mixin.py:190} INFO - [2025-07-17T00:32:47.009+0530] {dag.py:4180} INFO - Setting next_dagrun for example_external_task_marker_parent to None, run_after=None
[2025-07-17T00:32:47.020+0530] {processor.py:208} INFO - Processing /Users/parth/Desktop/Engine/venv/lib/python3.11/site-packages/airflow/example_dags/example_external_task_marker_dag.py took 0.546 seconds
[2025-07-17T00:36:48.473+0530] {processor.py:186} INFO - Started process (PID=17877) to work on /Users/parth/Desktop/Engine/venv/lib/python3.11/site-packages/airflow/example_dags/example_external_task_marker_dag.py
[2025-07-17T00:36:48.474+0530] {processor.py:914} INFO - Processing file /Users/parth/Desktop/Engine/venv/lib/python3.11/site-packages/airflow/example_dags/example_external_task_marker_dag.py for tasks to queue
[2025-07-17T00:36:48.475+0530] {logging_mixin.py:190} INFO - [2025-07-17T00:36:48.475+0530] {dagbag.py:588} INFO - Filling up the DagBag from /Users/parth/Desktop/Engine/venv/lib/python3.11/site-packages/airflow/example_dags/example_external_task_marker_dag.py
[2025-07-17T00:36:48.485+0530] {processor.py:925} INFO - DAG(s) 'example_external_task_marker_child', 'example_external_task_marker_parent' retrieved from /Users/parth/Desktop/Engine/venv/lib/python3.11/site-packages/airflow/example_dags/example_external_task_marker_dag.py
[2025-07-17T00:36:49.351+0530] {logging_mixin.py:190} INFO - [2025-07-17T00:36:49.351+0530] {dag.py:3239} INFO - Sync 2 DAGs
[2025-07-17T00:36:49.358+0530] {logging_mixin.py:190} INFO - [2025-07-17T00:36:49.358+0530] {dag.py:4180} INFO - Setting next_dagrun for example_external_task_marker_child to None, run_after=None
[2025-07-17T00:36:49.360+0530] {logging_mixin.py:190} INFO - [2025-07-17T00:36:49.360+0530] {dag.py:4180} INFO - Setting next_dagrun for example_external_task_marker_parent to None, run_after=None
[2025-07-17T00:36:49.371+0530] {processor.py:208} INFO - Processing /Users/parth/Desktop/Engine/venv/lib/python3.11/site-packages/airflow/example_dags/example_external_task_marker_dag.py took 0.901 seconds
[2025-07-17T00:41:09.291+0530] {processor.py:186} INFO - Started process (PID=19632) to work on /Users/parth/Desktop/Engine/venv/lib/python3.11/site-packages/airflow/example_dags/example_external_task_marker_dag.py
[2025-07-17T00:41:09.292+0530] {processor.py:914} INFO - Processing file /Users/parth/Desktop/Engine/venv/lib/python3.11/site-packages/airflow/example_dags/example_external_task_marker_dag.py for tasks to queue
[2025-07-17T00:41:09.293+0530] {logging_mixin.py:190} INFO - [2025-07-17T00:41:09.293+0530] {dagbag.py:588} INFO - Filling up the DagBag from /Users/parth/Desktop/Engine/venv/lib/python3.11/site-packages/airflow/example_dags/example_external_task_marker_dag.py
[2025-07-17T00:41:09.303+0530] {processor.py:925} INFO - DAG(s) 'example_external_task_marker_child', 'example_external_task_marker_parent' retrieved from /Users/parth/Desktop/Engine/venv/lib/python3.11/site-packages/airflow/example_dags/example_external_task_marker_dag.py
[2025-07-17T00:41:10.363+0530] {logging_mixin.py:190} INFO - [2025-07-17T00:41:10.362+0530] {dag.py:3239} INFO - Sync 2 DAGs
[2025-07-17T00:41:10.372+0530] {logging_mixin.py:190} INFO - [2025-07-17T00:41:10.372+0530] {dag.py:4180} INFO - Setting next_dagrun for example_external_task_marker_child to None, run_after=None
[2025-07-17T00:41:10.376+0530] {logging_mixin.py:190} INFO - [2025-07-17T00:41:10.375+0530] {dag.py:4180} INFO - Setting next_dagrun for example_external_task_marker_parent to None, run_after=None
[2025-07-17T00:41:10.392+0530] {processor.py:208} INFO - Processing /Users/parth/Desktop/Engine/venv/lib/python3.11/site-packages/airflow/example_dags/example_external_task_marker_dag.py took 1.104 seconds
[2025-07-17T00:45:29.685+0530] {processor.py:186} INFO - Started process (PID=21348) to work on /Users/parth/Desktop/Engine/venv/lib/python3.11/site-packages/airflow/example_dags/example_external_task_marker_dag.py
[2025-07-17T00:45:29.686+0530] {processor.py:914} INFO - Processing file /Users/parth/Desktop/Engine/venv/lib/python3.11/site-packages/airflow/example_dags/example_external_task_marker_dag.py for tasks to queue
[2025-07-17T00:45:29.687+0530] {logging_mixin.py:190} INFO - [2025-07-17T00:45:29.687+0530] {dagbag.py:588} INFO - Filling up the DagBag from /Users/parth/Desktop/Engine/venv/lib/python3.11/site-packages/airflow/example_dags/example_external_task_marker_dag.py
[2025-07-17T00:45:29.695+0530] {processor.py:925} INFO - DAG(s) 'example_external_task_marker_parent', 'example_external_task_marker_child' retrieved from /Users/parth/Desktop/Engine/venv/lib/python3.11/site-packages/airflow/example_dags/example_external_task_marker_dag.py
[2025-07-17T00:45:30.435+0530] {logging_mixin.py:190} INFO - [2025-07-17T00:45:30.435+0530] {dag.py:3239} INFO - Sync 2 DAGs
[2025-07-17T00:45:30.443+0530] {logging_mixin.py:190} INFO - [2025-07-17T00:45:30.443+0530] {dag.py:4180} INFO - Setting next_dagrun for example_external_task_marker_child to None, run_after=None
[2025-07-17T00:45:30.448+0530] {logging_mixin.py:190} INFO - [2025-07-17T00:45:30.447+0530] {dag.py:4180} INFO - Setting next_dagrun for example_external_task_marker_parent to None, run_after=None
[2025-07-17T00:45:30.460+0530] {processor.py:208} INFO - Processing /Users/parth/Desktop/Engine/venv/lib/python3.11/site-packages/airflow/example_dags/example_external_task_marker_dag.py took 0.778 seconds
