[2025-07-17T00:12:45.133+0530] {processor.py:186} INFO - Started process (PID=8197) to work on /Users/parth/Desktop/Engine/venv/lib/python3.11/site-packages/airflow/example_dags/example_inlet_event_extra.py
[2025-07-17T00:12:45.134+0530] {processor.py:914} INFO - Processing file /Users/parth/Desktop/Engine/venv/lib/python3.11/site-packages/airflow/example_dags/example_inlet_event_extra.py for tasks to queue
[2025-07-17T00:12:45.134+0530] {logging_mixin.py:190} INFO - [2025-07-17T00:12:45.134+0530] {dagbag.py:588} INFO - Filling up the DagBag from /Users/parth/Desktop/Engine/venv/lib/python3.11/site-packages/airflow/example_dags/example_inlet_event_extra.py
[2025-07-17T00:12:45.186+0530] {processor.py:925} INFO - DAG(s) 'read_dataset_event', 'read_dataset_event_from_classic' retrieved from /Users/parth/Desktop/Engine/venv/lib/python3.11/site-packages/airflow/example_dags/example_inlet_event_extra.py
[2025-07-17T00:12:45.299+0530] {logging_mixin.py:190} INFO - [2025-07-17T00:12:45.299+0530] {override.py:1930} INFO - Created Permission View: can delete on DAG:read_dataset_event
[2025-07-17T00:12:45.359+0530] {logging_mixin.py:190} INFO - [2025-07-17T00:12:45.359+0530] {override.py:1930} INFO - Created Permission View: can read on DAG:read_dataset_event
[2025-07-17T00:12:45.363+0530] {logging_mixin.py:190} INFO - [2025-07-17T00:12:45.363+0530] {override.py:1930} INFO - Created Permission View: can edit on DAG:read_dataset_event
[2025-07-17T00:12:45.367+0530] {logging_mixin.py:190} INFO - [2025-07-17T00:12:45.367+0530] {override.py:1930} INFO - Created Permission View: menu access on DAG Run:read_dataset_event
[2025-07-17T00:12:45.371+0530] {logging_mixin.py:190} INFO - [2025-07-17T00:12:45.371+0530] {override.py:1930} INFO - Created Permission View: can create on DAG Run:read_dataset_event
[2025-07-17T00:12:45.375+0530] {logging_mixin.py:190} INFO - [2025-07-17T00:12:45.375+0530] {override.py:1930} INFO - Created Permission View: can delete on DAG Run:read_dataset_event
[2025-07-17T00:12:45.378+0530] {logging_mixin.py:190} INFO - [2025-07-17T00:12:45.378+0530] {override.py:1930} INFO - Created Permission View: can read on DAG Run:read_dataset_event
[2025-07-17T00:12:45.385+0530] {logging_mixin.py:190} INFO - [2025-07-17T00:12:45.385+0530] {override.py:1930} INFO - Created Permission View: can delete on DAG:read_dataset_event_from_classic
[2025-07-17T00:12:45.389+0530] {logging_mixin.py:190} INFO - [2025-07-17T00:12:45.388+0530] {override.py:1930} INFO - Created Permission View: can read on DAG:read_dataset_event_from_classic
[2025-07-17T00:12:45.392+0530] {logging_mixin.py:190} INFO - [2025-07-17T00:12:45.392+0530] {override.py:1930} INFO - Created Permission View: can edit on DAG:read_dataset_event_from_classic
[2025-07-17T00:12:45.396+0530] {logging_mixin.py:190} INFO - [2025-07-17T00:12:45.396+0530] {override.py:1930} INFO - Created Permission View: menu access on DAG Run:read_dataset_event_from_classic
[2025-07-17T00:12:45.400+0530] {logging_mixin.py:190} INFO - [2025-07-17T00:12:45.399+0530] {override.py:1930} INFO - Created Permission View: can create on DAG Run:read_dataset_event_from_classic
[2025-07-17T00:12:45.403+0530] {logging_mixin.py:190} INFO - [2025-07-17T00:12:45.403+0530] {override.py:1930} INFO - Created Permission View: can delete on DAG Run:read_dataset_event_from_classic
[2025-07-17T00:12:45.407+0530] {logging_mixin.py:190} INFO - [2025-07-17T00:12:45.407+0530] {override.py:1930} INFO - Created Permission View: can read on DAG Run:read_dataset_event_from_classic
[2025-07-17T00:12:45.407+0530] {logging_mixin.py:190} INFO - [2025-07-17T00:12:45.407+0530] {dag.py:3239} INFO - Sync 2 DAGs
[2025-07-17T00:12:45.415+0530] {logging_mixin.py:190} INFO - [2025-07-17T00:12:45.414+0530] {dag.py:3262} INFO - Creating ORM DAG for read_dataset_event
[2025-07-17T00:12:45.415+0530] {logging_mixin.py:190} INFO - [2025-07-17T00:12:45.415+0530] {dag.py:3262} INFO - Creating ORM DAG for read_dataset_event_from_classic
[2025-07-17T00:12:45.420+0530] {logging_mixin.py:190} INFO - [2025-07-17T00:12:45.420+0530] {dag.py:4180} INFO - Setting next_dagrun for read_dataset_event to 2025-07-15 00:00:00+00:00, run_after=2025-07-16 00:00:00+00:00
[2025-07-17T00:12:45.422+0530] {logging_mixin.py:190} INFO - [2025-07-17T00:12:45.421+0530] {dag.py:4180} INFO - Setting next_dagrun for read_dataset_event_from_classic to 2025-07-15 00:00:00+00:00, run_after=2025-07-16 00:00:00+00:00
[2025-07-17T00:12:45.432+0530] {processor.py:208} INFO - Processing /Users/parth/Desktop/Engine/venv/lib/python3.11/site-packages/airflow/example_dags/example_inlet_event_extra.py took 0.301 seconds
[2025-07-17T00:15:27.371+0530] {processor.py:186} INFO - Started process (PID=9258) to work on /Users/parth/Desktop/Engine/venv/lib/python3.11/site-packages/airflow/example_dags/example_inlet_event_extra.py
[2025-07-17T00:15:27.372+0530] {processor.py:914} INFO - Processing file /Users/parth/Desktop/Engine/venv/lib/python3.11/site-packages/airflow/example_dags/example_inlet_event_extra.py for tasks to queue
[2025-07-17T00:15:27.372+0530] {logging_mixin.py:190} INFO - [2025-07-17T00:15:27.372+0530] {dagbag.py:588} INFO - Filling up the DagBag from /Users/parth/Desktop/Engine/venv/lib/python3.11/site-packages/airflow/example_dags/example_inlet_event_extra.py
[2025-07-17T00:15:27.420+0530] {processor.py:925} INFO - DAG(s) 'read_dataset_event_from_classic', 'read_dataset_event' retrieved from /Users/parth/Desktop/Engine/venv/lib/python3.11/site-packages/airflow/example_dags/example_inlet_event_extra.py
[2025-07-17T00:15:27.480+0530] {logging_mixin.py:190} INFO - [2025-07-17T00:15:27.480+0530] {dag.py:3239} INFO - Sync 2 DAGs
[2025-07-17T00:15:27.492+0530] {logging_mixin.py:190} INFO - [2025-07-17T00:15:27.492+0530] {dag.py:4180} INFO - Setting next_dagrun for read_dataset_event to 2025-07-15 00:00:00+00:00, run_after=2025-07-16 00:00:00+00:00
[2025-07-17T00:15:27.495+0530] {logging_mixin.py:190} INFO - [2025-07-17T00:15:27.495+0530] {dag.py:4180} INFO - Setting next_dagrun for read_dataset_event_from_classic to 2025-07-15 00:00:00+00:00, run_after=2025-07-16 00:00:00+00:00
[2025-07-17T00:15:27.506+0530] {processor.py:208} INFO - Processing /Users/parth/Desktop/Engine/venv/lib/python3.11/site-packages/airflow/example_dags/example_inlet_event_extra.py took 0.138 seconds
[2025-07-17T00:20:29.637+0530] {processor.py:186} INFO - Started process (PID=11279) to work on /Users/parth/Desktop/Engine/venv/lib/python3.11/site-packages/airflow/example_dags/example_inlet_event_extra.py
[2025-07-17T00:20:29.638+0530] {processor.py:914} INFO - Processing file /Users/parth/Desktop/Engine/venv/lib/python3.11/site-packages/airflow/example_dags/example_inlet_event_extra.py for tasks to queue
[2025-07-17T00:20:29.640+0530] {logging_mixin.py:190} INFO - [2025-07-17T00:20:29.640+0530] {dagbag.py:588} INFO - Filling up the DagBag from /Users/parth/Desktop/Engine/venv/lib/python3.11/site-packages/airflow/example_dags/example_inlet_event_extra.py
[2025-07-17T00:20:29.764+0530] {processor.py:925} INFO - DAG(s) 'read_dataset_event_from_classic', 'read_dataset_event' retrieved from /Users/parth/Desktop/Engine/venv/lib/python3.11/site-packages/airflow/example_dags/example_inlet_event_extra.py
[2025-07-17T00:20:29.908+0530] {logging_mixin.py:190} INFO - [2025-07-17T00:20:29.908+0530] {dag.py:3239} INFO - Sync 2 DAGs
[2025-07-17T00:20:29.938+0530] {logging_mixin.py:190} INFO - [2025-07-17T00:20:29.937+0530] {dag.py:4180} INFO - Setting next_dagrun for read_dataset_event to 2025-07-15 00:00:00+00:00, run_after=2025-07-16 00:00:00+00:00
[2025-07-17T00:20:29.945+0530] {logging_mixin.py:190} INFO - [2025-07-17T00:20:29.945+0530] {dag.py:4180} INFO - Setting next_dagrun for read_dataset_event_from_classic to 2025-07-15 00:00:00+00:00, run_after=2025-07-16 00:00:00+00:00
[2025-07-17T00:20:29.972+0530] {processor.py:208} INFO - Processing /Users/parth/Desktop/Engine/venv/lib/python3.11/site-packages/airflow/example_dags/example_inlet_event_extra.py took 0.341 seconds
[2025-07-17T00:24:56.539+0530] {processor.py:186} INFO - Started process (PID=13204) to work on /Users/parth/Desktop/Engine/venv/lib/python3.11/site-packages/airflow/example_dags/example_inlet_event_extra.py
[2025-07-17T00:24:56.540+0530] {processor.py:914} INFO - Processing file /Users/parth/Desktop/Engine/venv/lib/python3.11/site-packages/airflow/example_dags/example_inlet_event_extra.py for tasks to queue
[2025-07-17T00:24:56.541+0530] {logging_mixin.py:190} INFO - [2025-07-17T00:24:56.541+0530] {dagbag.py:588} INFO - Filling up the DagBag from /Users/parth/Desktop/Engine/venv/lib/python3.11/site-packages/airflow/example_dags/example_inlet_event_extra.py
[2025-07-17T00:24:56.595+0530] {processor.py:925} INFO - DAG(s) 'read_dataset_event', 'read_dataset_event_from_classic' retrieved from /Users/parth/Desktop/Engine/venv/lib/python3.11/site-packages/airflow/example_dags/example_inlet_event_extra.py
[2025-07-17T00:24:56.654+0530] {logging_mixin.py:190} INFO - [2025-07-17T00:24:56.654+0530] {dag.py:3239} INFO - Sync 2 DAGs
[2025-07-17T00:24:56.665+0530] {logging_mixin.py:190} INFO - [2025-07-17T00:24:56.665+0530] {dag.py:4180} INFO - Setting next_dagrun for read_dataset_event to 2025-07-15 00:00:00+00:00, run_after=2025-07-16 00:00:00+00:00
[2025-07-17T00:24:56.668+0530] {logging_mixin.py:190} INFO - [2025-07-17T00:24:56.668+0530] {dag.py:4180} INFO - Setting next_dagrun for read_dataset_event_from_classic to 2025-07-15 00:00:00+00:00, run_after=2025-07-16 00:00:00+00:00
[2025-07-17T00:24:56.678+0530] {processor.py:208} INFO - Processing /Users/parth/Desktop/Engine/venv/lib/python3.11/site-packages/airflow/example_dags/example_inlet_event_extra.py took 0.141 seconds
[2025-07-17T00:28:58.154+0530] {processor.py:186} INFO - Started process (PID=14816) to work on /Users/parth/Desktop/Engine/venv/lib/python3.11/site-packages/airflow/example_dags/example_inlet_event_extra.py
[2025-07-17T00:28:58.156+0530] {processor.py:914} INFO - Processing file /Users/parth/Desktop/Engine/venv/lib/python3.11/site-packages/airflow/example_dags/example_inlet_event_extra.py for tasks to queue
[2025-07-17T00:28:58.156+0530] {logging_mixin.py:190} INFO - [2025-07-17T00:28:58.156+0530] {dagbag.py:588} INFO - Filling up the DagBag from /Users/parth/Desktop/Engine/venv/lib/python3.11/site-packages/airflow/example_dags/example_inlet_event_extra.py
[2025-07-17T00:28:58.209+0530] {processor.py:925} INFO - DAG(s) 'read_dataset_event_from_classic', 'read_dataset_event' retrieved from /Users/parth/Desktop/Engine/venv/lib/python3.11/site-packages/airflow/example_dags/example_inlet_event_extra.py
[2025-07-17T00:28:58.268+0530] {logging_mixin.py:190} INFO - [2025-07-17T00:28:58.268+0530] {dag.py:3239} INFO - Sync 2 DAGs
[2025-07-17T00:28:58.280+0530] {logging_mixin.py:190} INFO - [2025-07-17T00:28:58.280+0530] {dag.py:4180} INFO - Setting next_dagrun for read_dataset_event to 2025-07-15 00:00:00+00:00, run_after=2025-07-16 00:00:00+00:00
[2025-07-17T00:28:58.283+0530] {logging_mixin.py:190} INFO - [2025-07-17T00:28:58.283+0530] {dag.py:4180} INFO - Setting next_dagrun for read_dataset_event_from_classic to 2025-07-15 00:00:00+00:00, run_after=2025-07-16 00:00:00+00:00
[2025-07-17T00:28:58.294+0530] {processor.py:208} INFO - Processing /Users/parth/Desktop/Engine/venv/lib/python3.11/site-packages/airflow/example_dags/example_inlet_event_extra.py took 0.141 seconds
[2025-07-17T00:32:43.975+0530] {processor.py:186} INFO - Started process (PID=16300) to work on /Users/parth/Desktop/Engine/venv/lib/python3.11/site-packages/airflow/example_dags/example_inlet_event_extra.py
[2025-07-17T00:32:43.976+0530] {processor.py:914} INFO - Processing file /Users/parth/Desktop/Engine/venv/lib/python3.11/site-packages/airflow/example_dags/example_inlet_event_extra.py for tasks to queue
[2025-07-17T00:32:43.977+0530] {logging_mixin.py:190} INFO - [2025-07-17T00:32:43.977+0530] {dagbag.py:588} INFO - Filling up the DagBag from /Users/parth/Desktop/Engine/venv/lib/python3.11/site-packages/airflow/example_dags/example_inlet_event_extra.py
[2025-07-17T00:32:44.024+0530] {processor.py:925} INFO - DAG(s) 'read_dataset_event_from_classic', 'read_dataset_event' retrieved from /Users/parth/Desktop/Engine/venv/lib/python3.11/site-packages/airflow/example_dags/example_inlet_event_extra.py
[2025-07-17T00:32:44.084+0530] {logging_mixin.py:190} INFO - [2025-07-17T00:32:44.084+0530] {dag.py:3239} INFO - Sync 2 DAGs
[2025-07-17T00:32:44.096+0530] {logging_mixin.py:190} INFO - [2025-07-17T00:32:44.096+0530] {dag.py:4180} INFO - Setting next_dagrun for read_dataset_event to 2025-07-15 00:00:00+00:00, run_after=2025-07-16 00:00:00+00:00
[2025-07-17T00:32:44.098+0530] {logging_mixin.py:190} INFO - [2025-07-17T00:32:44.098+0530] {dag.py:4180} INFO - Setting next_dagrun for read_dataset_event_from_classic to 2025-07-15 00:00:00+00:00, run_after=2025-07-16 00:00:00+00:00
[2025-07-17T00:32:44.109+0530] {processor.py:208} INFO - Processing /Users/parth/Desktop/Engine/venv/lib/python3.11/site-packages/airflow/example_dags/example_inlet_event_extra.py took 0.136 seconds
[2025-07-17T00:36:45.687+0530] {processor.py:186} INFO - Started process (PID=17864) to work on /Users/parth/Desktop/Engine/venv/lib/python3.11/site-packages/airflow/example_dags/example_inlet_event_extra.py
[2025-07-17T00:36:45.688+0530] {processor.py:914} INFO - Processing file /Users/parth/Desktop/Engine/venv/lib/python3.11/site-packages/airflow/example_dags/example_inlet_event_extra.py for tasks to queue
[2025-07-17T00:36:45.689+0530] {logging_mixin.py:190} INFO - [2025-07-17T00:36:45.689+0530] {dagbag.py:588} INFO - Filling up the DagBag from /Users/parth/Desktop/Engine/venv/lib/python3.11/site-packages/airflow/example_dags/example_inlet_event_extra.py
[2025-07-17T00:36:45.751+0530] {processor.py:925} INFO - DAG(s) 'read_dataset_event_from_classic', 'read_dataset_event' retrieved from /Users/parth/Desktop/Engine/venv/lib/python3.11/site-packages/airflow/example_dags/example_inlet_event_extra.py
[2025-07-17T00:36:45.822+0530] {logging_mixin.py:190} INFO - [2025-07-17T00:36:45.822+0530] {dag.py:3239} INFO - Sync 2 DAGs
[2025-07-17T00:36:45.836+0530] {logging_mixin.py:190} INFO - [2025-07-17T00:36:45.836+0530] {dag.py:4180} INFO - Setting next_dagrun for read_dataset_event to 2025-07-15 00:00:00+00:00, run_after=2025-07-16 00:00:00+00:00
[2025-07-17T00:36:45.839+0530] {logging_mixin.py:190} INFO - [2025-07-17T00:36:45.839+0530] {dag.py:4180} INFO - Setting next_dagrun for read_dataset_event_from_classic to 2025-07-15 00:00:00+00:00, run_after=2025-07-16 00:00:00+00:00
[2025-07-17T00:36:45.853+0530] {processor.py:208} INFO - Processing /Users/parth/Desktop/Engine/venv/lib/python3.11/site-packages/airflow/example_dags/example_inlet_event_extra.py took 0.168 seconds
[2025-07-17T00:41:05.315+0530] {processor.py:186} INFO - Started process (PID=19606) to work on /Users/parth/Desktop/Engine/venv/lib/python3.11/site-packages/airflow/example_dags/example_inlet_event_extra.py
[2025-07-17T00:41:05.316+0530] {processor.py:914} INFO - Processing file /Users/parth/Desktop/Engine/venv/lib/python3.11/site-packages/airflow/example_dags/example_inlet_event_extra.py for tasks to queue
[2025-07-17T00:41:05.317+0530] {logging_mixin.py:190} INFO - [2025-07-17T00:41:05.316+0530] {dagbag.py:588} INFO - Filling up the DagBag from /Users/parth/Desktop/Engine/venv/lib/python3.11/site-packages/airflow/example_dags/example_inlet_event_extra.py
[2025-07-17T00:41:05.378+0530] {processor.py:925} INFO - DAG(s) 'read_dataset_event_from_classic', 'read_dataset_event' retrieved from /Users/parth/Desktop/Engine/venv/lib/python3.11/site-packages/airflow/example_dags/example_inlet_event_extra.py
[2025-07-17T00:41:05.449+0530] {logging_mixin.py:190} INFO - [2025-07-17T00:41:05.449+0530] {dag.py:3239} INFO - Sync 2 DAGs
[2025-07-17T00:41:05.463+0530] {logging_mixin.py:190} INFO - [2025-07-17T00:41:05.463+0530] {dag.py:4180} INFO - Setting next_dagrun for read_dataset_event to 2025-07-15 00:00:00+00:00, run_after=2025-07-16 00:00:00+00:00
[2025-07-17T00:41:05.466+0530] {logging_mixin.py:190} INFO - [2025-07-17T00:41:05.466+0530] {dag.py:4180} INFO - Setting next_dagrun for read_dataset_event_from_classic to 2025-07-15 00:00:00+00:00, run_after=2025-07-16 00:00:00+00:00
[2025-07-17T00:41:05.479+0530] {processor.py:208} INFO - Processing /Users/parth/Desktop/Engine/venv/lib/python3.11/site-packages/airflow/example_dags/example_inlet_event_extra.py took 0.167 seconds
[2025-07-17T00:45:27.152+0530] {processor.py:186} INFO - Started process (PID=21333) to work on /Users/parth/Desktop/Engine/venv/lib/python3.11/site-packages/airflow/example_dags/example_inlet_event_extra.py
[2025-07-17T00:45:27.153+0530] {processor.py:914} INFO - Processing file /Users/parth/Desktop/Engine/venv/lib/python3.11/site-packages/airflow/example_dags/example_inlet_event_extra.py for tasks to queue
[2025-07-17T00:45:27.154+0530] {logging_mixin.py:190} INFO - [2025-07-17T00:45:27.154+0530] {dagbag.py:588} INFO - Filling up the DagBag from /Users/parth/Desktop/Engine/venv/lib/python3.11/site-packages/airflow/example_dags/example_inlet_event_extra.py
[2025-07-17T00:45:27.206+0530] {processor.py:925} INFO - DAG(s) 'read_dataset_event_from_classic', 'read_dataset_event' retrieved from /Users/parth/Desktop/Engine/venv/lib/python3.11/site-packages/airflow/example_dags/example_inlet_event_extra.py
[2025-07-17T00:45:27.267+0530] {logging_mixin.py:190} INFO - [2025-07-17T00:45:27.267+0530] {dag.py:3239} INFO - Sync 2 DAGs
[2025-07-17T00:45:27.279+0530] {logging_mixin.py:190} INFO - [2025-07-17T00:45:27.279+0530] {dag.py:4180} INFO - Setting next_dagrun for read_dataset_event to 2025-07-15 00:00:00+00:00, run_after=2025-07-16 00:00:00+00:00
[2025-07-17T00:45:27.282+0530] {logging_mixin.py:190} INFO - [2025-07-17T00:45:27.281+0530] {dag.py:4180} INFO - Setting next_dagrun for read_dataset_event_from_classic to 2025-07-15 00:00:00+00:00, run_after=2025-07-16 00:00:00+00:00
[2025-07-17T00:45:27.292+0530] {processor.py:208} INFO - Processing /Users/parth/Desktop/Engine/venv/lib/python3.11/site-packages/airflow/example_dags/example_inlet_event_extra.py took 0.143 seconds
[2025-07-17T05:20:16.029+0530] {processor.py:186} INFO - Started process (PID=23018) to work on /Users/parth/Desktop/Engine/venv/lib/python3.11/site-packages/airflow/example_dags/example_inlet_event_extra.py
[2025-07-17T05:20:16.030+0530] {processor.py:914} INFO - Processing file /Users/parth/Desktop/Engine/venv/lib/python3.11/site-packages/airflow/example_dags/example_inlet_event_extra.py for tasks to queue
[2025-07-17T05:20:16.031+0530] {logging_mixin.py:190} INFO - [2025-07-17T05:20:16.031+0530] {dagbag.py:588} INFO - Filling up the DagBag from /Users/parth/Desktop/Engine/venv/lib/python3.11/site-packages/airflow/example_dags/example_inlet_event_extra.py
[2025-07-17T05:20:16.090+0530] {processor.py:925} INFO - DAG(s) 'read_dataset_event_from_classic', 'read_dataset_event' retrieved from /Users/parth/Desktop/Engine/venv/lib/python3.11/site-packages/airflow/example_dags/example_inlet_event_extra.py
[2025-07-17T05:20:16.149+0530] {logging_mixin.py:190} INFO - [2025-07-17T05:20:16.149+0530] {dag.py:3239} INFO - Sync 2 DAGs
[2025-07-17T05:20:16.161+0530] {logging_mixin.py:190} INFO - [2025-07-17T05:20:16.161+0530] {dag.py:4180} INFO - Setting next_dagrun for read_dataset_event to 2025-07-15 00:00:00+00:00, run_after=2025-07-16 00:00:00+00:00
[2025-07-17T05:20:16.164+0530] {logging_mixin.py:190} INFO - [2025-07-17T05:20:16.164+0530] {dag.py:4180} INFO - Setting next_dagrun for read_dataset_event_from_classic to 2025-07-15 00:00:00+00:00, run_after=2025-07-16 00:00:00+00:00
[2025-07-17T05:20:16.174+0530] {processor.py:208} INFO - Processing /Users/parth/Desktop/Engine/venv/lib/python3.11/site-packages/airflow/example_dags/example_inlet_event_extra.py took 0.148 seconds
