[2025-07-17T00:12:08.469+0530] {processor.py:186} INFO - Started process (PID=7955) to work on /Users/parth/Desktop/Engine/venv/lib/python3.11/site-packages/airflow/example_dags/example_sensors.py
[2025-07-17T00:12:08.470+0530] {processor.py:914} INFO - Processing file /Users/parth/Desktop/Engine/venv/lib/python3.11/site-packages/airflow/example_dags/example_sensors.py for tasks to queue
[2025-07-17T00:12:08.471+0530] {logging_mixin.py:190} INFO - [2025-07-17T00:12:08.471+0530] {dagbag.py:588} INFO - Filling up the DagBag from /Users/parth/Desktop/Engine/venv/lib/python3.11/site-packages/airflow/example_dags/example_sensors.py
[2025-07-17T00:12:08.481+0530] {processor.py:925} INFO - DAG(s) 'example_sensors' retrieved from /Users/parth/Desktop/Engine/venv/lib/python3.11/site-packages/airflow/example_dags/example_sensors.py
[2025-07-17T00:12:09.135+0530] {logging_mixin.py:190} INFO - [2025-07-17T00:12:09.135+0530] {override.py:1930} INFO - Created Permission View: can delete on DAG:example_sensors
[2025-07-17T00:12:09.141+0530] {logging_mixin.py:190} INFO - [2025-07-17T00:12:09.141+0530] {override.py:1930} INFO - Created Permission View: can edit on DAG:example_sensors
[2025-07-17T00:12:09.145+0530] {logging_mixin.py:190} INFO - [2025-07-17T00:12:09.145+0530] {override.py:1930} INFO - Created Permission View: can read on DAG:example_sensors
[2025-07-17T00:12:09.150+0530] {logging_mixin.py:190} INFO - [2025-07-17T00:12:09.150+0530] {override.py:1930} INFO - Created Permission View: can delete on DAG Run:example_sensors
[2025-07-17T00:12:09.154+0530] {logging_mixin.py:190} INFO - [2025-07-17T00:12:09.154+0530] {override.py:1930} INFO - Created Permission View: menu access on DAG Run:example_sensors
[2025-07-17T00:12:09.157+0530] {logging_mixin.py:190} INFO - [2025-07-17T00:12:09.157+0530] {override.py:1930} INFO - Created Permission View: can create on DAG Run:example_sensors
[2025-07-17T00:12:09.161+0530] {logging_mixin.py:190} INFO - [2025-07-17T00:12:09.161+0530] {override.py:1930} INFO - Created Permission View: can read on DAG Run:example_sensors
[2025-07-17T00:12:09.161+0530] {logging_mixin.py:190} INFO - [2025-07-17T00:12:09.161+0530] {dag.py:3239} INFO - Sync 1 DAGs
[2025-07-17T00:12:09.169+0530] {logging_mixin.py:190} INFO - [2025-07-17T00:12:09.168+0530] {dag.py:3262} INFO - Creating ORM DAG for example_sensors
[2025-07-17T00:12:09.169+0530] {logging_mixin.py:190} INFO - [2025-07-17T00:12:09.169+0530] {dag.py:4180} INFO - Setting next_dagrun for example_sensors to None, run_after=None
[2025-07-17T00:12:09.179+0530] {processor.py:208} INFO - Processing /Users/parth/Desktop/Engine/venv/lib/python3.11/site-packages/airflow/example_dags/example_sensors.py took 0.712 seconds
[2025-07-17T00:14:51.319+0530] {processor.py:186} INFO - Started process (PID=9009) to work on /Users/parth/Desktop/Engine/venv/lib/python3.11/site-packages/airflow/example_dags/example_sensors.py
[2025-07-17T00:14:51.320+0530] {processor.py:914} INFO - Processing file /Users/parth/Desktop/Engine/venv/lib/python3.11/site-packages/airflow/example_dags/example_sensors.py for tasks to queue
[2025-07-17T00:14:51.321+0530] {logging_mixin.py:190} INFO - [2025-07-17T00:14:51.321+0530] {dagbag.py:588} INFO - Filling up the DagBag from /Users/parth/Desktop/Engine/venv/lib/python3.11/site-packages/airflow/example_dags/example_sensors.py
[2025-07-17T00:14:51.331+0530] {processor.py:925} INFO - DAG(s) 'example_sensors' retrieved from /Users/parth/Desktop/Engine/venv/lib/python3.11/site-packages/airflow/example_dags/example_sensors.py
[2025-07-17T00:14:52.088+0530] {logging_mixin.py:190} INFO - [2025-07-17T00:14:52.087+0530] {dag.py:3239} INFO - Sync 1 DAGs
[2025-07-17T00:14:52.095+0530] {logging_mixin.py:190} INFO - [2025-07-17T00:14:52.095+0530] {dag.py:4180} INFO - Setting next_dagrun for example_sensors to None, run_after=None
[2025-07-17T00:14:52.110+0530] {processor.py:208} INFO - Processing /Users/parth/Desktop/Engine/venv/lib/python3.11/site-packages/airflow/example_dags/example_sensors.py took 0.793 seconds
[2025-07-17T00:17:01.550+0530] {processor.py:186} INFO - Started process (PID=9870) to work on /Users/parth/Desktop/Engine/venv/lib/python3.11/site-packages/airflow/example_dags/example_sensors.py
[2025-07-17T00:17:01.551+0530] {processor.py:914} INFO - Processing file /Users/parth/Desktop/Engine/venv/lib/python3.11/site-packages/airflow/example_dags/example_sensors.py for tasks to queue
[2025-07-17T00:17:01.552+0530] {logging_mixin.py:190} INFO - [2025-07-17T00:17:01.552+0530] {dagbag.py:588} INFO - Filling up the DagBag from /Users/parth/Desktop/Engine/venv/lib/python3.11/site-packages/airflow/example_dags/example_sensors.py
[2025-07-17T00:17:01.565+0530] {processor.py:925} INFO - DAG(s) 'example_sensors' retrieved from /Users/parth/Desktop/Engine/venv/lib/python3.11/site-packages/airflow/example_dags/example_sensors.py
[2025-07-17T00:17:02.425+0530] {logging_mixin.py:190} INFO - [2025-07-17T00:17:02.424+0530] {dag.py:3239} INFO - Sync 1 DAGs
[2025-07-17T00:17:02.432+0530] {logging_mixin.py:190} INFO - [2025-07-17T00:17:02.432+0530] {dag.py:4180} INFO - Setting next_dagrun for example_sensors to None, run_after=None
[2025-07-17T00:17:02.446+0530] {processor.py:208} INFO - Processing /Users/parth/Desktop/Engine/venv/lib/python3.11/site-packages/airflow/example_dags/example_sensors.py took 0.899 seconds
[2025-07-17T00:19:20.962+0530] {processor.py:186} INFO - Started process (PID=10838) to work on /Users/parth/Desktop/Engine/venv/lib/python3.11/site-packages/airflow/example_dags/example_sensors.py
[2025-07-17T00:19:20.964+0530] {processor.py:914} INFO - Processing file /Users/parth/Desktop/Engine/venv/lib/python3.11/site-packages/airflow/example_dags/example_sensors.py for tasks to queue
[2025-07-17T00:19:20.966+0530] {logging_mixin.py:190} INFO - [2025-07-17T00:19:20.965+0530] {dagbag.py:588} INFO - Filling up the DagBag from /Users/parth/Desktop/Engine/venv/lib/python3.11/site-packages/airflow/example_dags/example_sensors.py
[2025-07-17T00:19:20.993+0530] {processor.py:925} INFO - DAG(s) 'example_sensors' retrieved from /Users/parth/Desktop/Engine/venv/lib/python3.11/site-packages/airflow/example_dags/example_sensors.py
[2025-07-17T00:19:22.875+0530] {logging_mixin.py:190} INFO - [2025-07-17T00:19:22.873+0530] {dag.py:3239} INFO - Sync 1 DAGs
[2025-07-17T00:19:22.914+0530] {logging_mixin.py:190} INFO - [2025-07-17T00:19:22.913+0530] {dag.py:4180} INFO - Setting next_dagrun for example_sensors to None, run_after=None
[2025-07-17T00:19:22.966+0530] {processor.py:208} INFO - Processing /Users/parth/Desktop/Engine/venv/lib/python3.11/site-packages/airflow/example_dags/example_sensors.py took 2.011 seconds
[2025-07-17T00:22:15.737+0530] {processor.py:186} INFO - Started process (PID=12109) to work on /Users/parth/Desktop/Engine/venv/lib/python3.11/site-packages/airflow/example_dags/example_sensors.py
[2025-07-17T00:22:15.738+0530] {processor.py:914} INFO - Processing file /Users/parth/Desktop/Engine/venv/lib/python3.11/site-packages/airflow/example_dags/example_sensors.py for tasks to queue
[2025-07-17T00:22:15.739+0530] {logging_mixin.py:190} INFO - [2025-07-17T00:22:15.739+0530] {dagbag.py:588} INFO - Filling up the DagBag from /Users/parth/Desktop/Engine/venv/lib/python3.11/site-packages/airflow/example_dags/example_sensors.py
[2025-07-17T00:22:15.751+0530] {processor.py:925} INFO - DAG(s) 'example_sensors' retrieved from /Users/parth/Desktop/Engine/venv/lib/python3.11/site-packages/airflow/example_dags/example_sensors.py
[2025-07-17T00:22:16.961+0530] {logging_mixin.py:190} INFO - [2025-07-17T00:22:16.961+0530] {dag.py:3239} INFO - Sync 1 DAGs
[2025-07-17T00:22:16.969+0530] {logging_mixin.py:190} INFO - [2025-07-17T00:22:16.969+0530] {dag.py:4180} INFO - Setting next_dagrun for example_sensors to None, run_after=None
[2025-07-17T00:22:16.984+0530] {processor.py:208} INFO - Processing /Users/parth/Desktop/Engine/venv/lib/python3.11/site-packages/airflow/example_dags/example_sensors.py took 1.248 seconds
[2025-07-17T00:24:21.583+0530] {processor.py:186} INFO - Started process (PID=12968) to work on /Users/parth/Desktop/Engine/venv/lib/python3.11/site-packages/airflow/example_dags/example_sensors.py
[2025-07-17T00:24:21.584+0530] {processor.py:914} INFO - Processing file /Users/parth/Desktop/Engine/venv/lib/python3.11/site-packages/airflow/example_dags/example_sensors.py for tasks to queue
[2025-07-17T00:24:21.585+0530] {logging_mixin.py:190} INFO - [2025-07-17T00:24:21.585+0530] {dagbag.py:588} INFO - Filling up the DagBag from /Users/parth/Desktop/Engine/venv/lib/python3.11/site-packages/airflow/example_dags/example_sensors.py
[2025-07-17T00:24:21.595+0530] {processor.py:925} INFO - DAG(s) 'example_sensors' retrieved from /Users/parth/Desktop/Engine/venv/lib/python3.11/site-packages/airflow/example_dags/example_sensors.py
[2025-07-17T00:24:22.157+0530] {logging_mixin.py:190} INFO - [2025-07-17T00:24:22.156+0530] {dag.py:3239} INFO - Sync 1 DAGs
[2025-07-17T00:24:22.163+0530] {logging_mixin.py:190} INFO - [2025-07-17T00:24:22.163+0530] {dag.py:4180} INFO - Setting next_dagrun for example_sensors to None, run_after=None
[2025-07-17T00:24:22.175+0530] {processor.py:208} INFO - Processing /Users/parth/Desktop/Engine/venv/lib/python3.11/site-packages/airflow/example_dags/example_sensors.py took 0.595 seconds
[2025-07-17T00:26:22.690+0530] {processor.py:186} INFO - Started process (PID=13777) to work on /Users/parth/Desktop/Engine/venv/lib/python3.11/site-packages/airflow/example_dags/example_sensors.py
[2025-07-17T00:26:22.691+0530] {processor.py:914} INFO - Processing file /Users/parth/Desktop/Engine/venv/lib/python3.11/site-packages/airflow/example_dags/example_sensors.py for tasks to queue
[2025-07-17T00:26:22.691+0530] {logging_mixin.py:190} INFO - [2025-07-17T00:26:22.691+0530] {dagbag.py:588} INFO - Filling up the DagBag from /Users/parth/Desktop/Engine/venv/lib/python3.11/site-packages/airflow/example_dags/example_sensors.py
[2025-07-17T00:26:22.702+0530] {processor.py:925} INFO - DAG(s) 'example_sensors' retrieved from /Users/parth/Desktop/Engine/venv/lib/python3.11/site-packages/airflow/example_dags/example_sensors.py
[2025-07-17T00:26:23.297+0530] {logging_mixin.py:190} INFO - [2025-07-17T00:26:23.297+0530] {dag.py:3239} INFO - Sync 1 DAGs
[2025-07-17T00:26:23.304+0530] {logging_mixin.py:190} INFO - [2025-07-17T00:26:23.304+0530] {dag.py:4180} INFO - Setting next_dagrun for example_sensors to None, run_after=None
[2025-07-17T00:26:23.317+0530] {processor.py:208} INFO - Processing /Users/parth/Desktop/Engine/venv/lib/python3.11/site-packages/airflow/example_dags/example_sensors.py took 0.629 seconds
[2025-07-17T00:28:23.854+0530] {processor.py:186} INFO - Started process (PID=14590) to work on /Users/parth/Desktop/Engine/venv/lib/python3.11/site-packages/airflow/example_dags/example_sensors.py
[2025-07-17T00:28:23.855+0530] {processor.py:914} INFO - Processing file /Users/parth/Desktop/Engine/venv/lib/python3.11/site-packages/airflow/example_dags/example_sensors.py for tasks to queue
[2025-07-17T00:28:23.856+0530] {logging_mixin.py:190} INFO - [2025-07-17T00:28:23.856+0530] {dagbag.py:588} INFO - Filling up the DagBag from /Users/parth/Desktop/Engine/venv/lib/python3.11/site-packages/airflow/example_dags/example_sensors.py
[2025-07-17T00:28:23.867+0530] {processor.py:925} INFO - DAG(s) 'example_sensors' retrieved from /Users/parth/Desktop/Engine/venv/lib/python3.11/site-packages/airflow/example_dags/example_sensors.py
[2025-07-17T00:28:24.434+0530] {logging_mixin.py:190} INFO - [2025-07-17T00:28:24.433+0530] {dag.py:3239} INFO - Sync 1 DAGs
[2025-07-17T00:28:24.440+0530] {logging_mixin.py:190} INFO - [2025-07-17T00:28:24.440+0530] {dag.py:4180} INFO - Setting next_dagrun for example_sensors to None, run_after=None
[2025-07-17T00:28:24.452+0530] {processor.py:208} INFO - Processing /Users/parth/Desktop/Engine/venv/lib/python3.11/site-packages/airflow/example_dags/example_sensors.py took 0.600 seconds
[2025-07-17T00:30:25.753+0530] {processor.py:186} INFO - Started process (PID=15384) to work on /Users/parth/Desktop/Engine/venv/lib/python3.11/site-packages/airflow/example_dags/example_sensors.py
[2025-07-17T00:30:25.754+0530] {processor.py:914} INFO - Processing file /Users/parth/Desktop/Engine/venv/lib/python3.11/site-packages/airflow/example_dags/example_sensors.py for tasks to queue
[2025-07-17T00:30:25.755+0530] {logging_mixin.py:190} INFO - [2025-07-17T00:30:25.755+0530] {dagbag.py:588} INFO - Filling up the DagBag from /Users/parth/Desktop/Engine/venv/lib/python3.11/site-packages/airflow/example_dags/example_sensors.py
[2025-07-17T00:30:25.766+0530] {processor.py:925} INFO - DAG(s) 'example_sensors' retrieved from /Users/parth/Desktop/Engine/venv/lib/python3.11/site-packages/airflow/example_dags/example_sensors.py
[2025-07-17T00:30:26.346+0530] {logging_mixin.py:190} INFO - [2025-07-17T00:30:26.346+0530] {dag.py:3239} INFO - Sync 1 DAGs
[2025-07-17T00:30:26.353+0530] {logging_mixin.py:190} INFO - [2025-07-17T00:30:26.353+0530] {dag.py:4180} INFO - Setting next_dagrun for example_sensors to None, run_after=None
[2025-07-17T00:30:26.365+0530] {processor.py:208} INFO - Processing /Users/parth/Desktop/Engine/venv/lib/python3.11/site-packages/airflow/example_dags/example_sensors.py took 0.615 seconds
[2025-07-17T00:32:16.075+0530] {processor.py:186} INFO - Started process (PID=16120) to work on /Users/parth/Desktop/Engine/venv/lib/python3.11/site-packages/airflow/example_dags/example_sensors.py
[2025-07-17T00:32:16.077+0530] {processor.py:914} INFO - Processing file /Users/parth/Desktop/Engine/venv/lib/python3.11/site-packages/airflow/example_dags/example_sensors.py for tasks to queue
[2025-07-17T00:32:16.077+0530] {logging_mixin.py:190} INFO - [2025-07-17T00:32:16.077+0530] {dagbag.py:588} INFO - Filling up the DagBag from /Users/parth/Desktop/Engine/venv/lib/python3.11/site-packages/airflow/example_dags/example_sensors.py
[2025-07-17T00:32:16.088+0530] {processor.py:925} INFO - DAG(s) 'example_sensors' retrieved from /Users/parth/Desktop/Engine/venv/lib/python3.11/site-packages/airflow/example_dags/example_sensors.py
[2025-07-17T00:32:16.595+0530] {logging_mixin.py:190} INFO - [2025-07-17T00:32:16.595+0530] {dag.py:3239} INFO - Sync 1 DAGs
[2025-07-17T00:32:16.602+0530] {logging_mixin.py:190} INFO - [2025-07-17T00:32:16.602+0530] {dag.py:4180} INFO - Setting next_dagrun for example_sensors to None, run_after=None
[2025-07-17T00:32:16.613+0530] {processor.py:208} INFO - Processing /Users/parth/Desktop/Engine/venv/lib/python3.11/site-packages/airflow/example_dags/example_sensors.py took 0.541 seconds
[2025-07-17T00:34:16.106+0530] {processor.py:186} INFO - Started process (PID=16897) to work on /Users/parth/Desktop/Engine/venv/lib/python3.11/site-packages/airflow/example_dags/example_sensors.py
[2025-07-17T00:34:16.107+0530] {processor.py:914} INFO - Processing file /Users/parth/Desktop/Engine/venv/lib/python3.11/site-packages/airflow/example_dags/example_sensors.py for tasks to queue
[2025-07-17T00:34:16.108+0530] {logging_mixin.py:190} INFO - [2025-07-17T00:34:16.108+0530] {dagbag.py:588} INFO - Filling up the DagBag from /Users/parth/Desktop/Engine/venv/lib/python3.11/site-packages/airflow/example_dags/example_sensors.py
[2025-07-17T00:34:16.122+0530] {processor.py:925} INFO - DAG(s) 'example_sensors' retrieved from /Users/parth/Desktop/Engine/venv/lib/python3.11/site-packages/airflow/example_dags/example_sensors.py
[2025-07-17T00:34:17.030+0530] {logging_mixin.py:190} INFO - [2025-07-17T00:34:17.030+0530] {dag.py:3239} INFO - Sync 1 DAGs
[2025-07-17T00:34:17.038+0530] {logging_mixin.py:190} INFO - [2025-07-17T00:34:17.037+0530] {dag.py:4180} INFO - Setting next_dagrun for example_sensors to None, run_after=None
[2025-07-17T00:34:17.052+0530] {processor.py:208} INFO - Processing /Users/parth/Desktop/Engine/venv/lib/python3.11/site-packages/airflow/example_dags/example_sensors.py took 0.949 seconds
[2025-07-17T00:36:12.653+0530] {processor.py:186} INFO - Started process (PID=17658) to work on /Users/parth/Desktop/Engine/venv/lib/python3.11/site-packages/airflow/example_dags/example_sensors.py
[2025-07-17T00:36:12.654+0530] {processor.py:914} INFO - Processing file /Users/parth/Desktop/Engine/venv/lib/python3.11/site-packages/airflow/example_dags/example_sensors.py for tasks to queue
[2025-07-17T00:36:12.655+0530] {logging_mixin.py:190} INFO - [2025-07-17T00:36:12.655+0530] {dagbag.py:588} INFO - Filling up the DagBag from /Users/parth/Desktop/Engine/venv/lib/python3.11/site-packages/airflow/example_dags/example_sensors.py
[2025-07-17T00:36:12.665+0530] {processor.py:925} INFO - DAG(s) 'example_sensors' retrieved from /Users/parth/Desktop/Engine/venv/lib/python3.11/site-packages/airflow/example_dags/example_sensors.py
[2025-07-17T00:36:13.331+0530] {logging_mixin.py:190} INFO - [2025-07-17T00:36:13.331+0530] {dag.py:3239} INFO - Sync 1 DAGs
[2025-07-17T00:36:13.338+0530] {logging_mixin.py:190} INFO - [2025-07-17T00:36:13.338+0530] {dag.py:4180} INFO - Setting next_dagrun for example_sensors to None, run_after=None
[2025-07-17T00:36:13.352+0530] {processor.py:208} INFO - Processing /Users/parth/Desktop/Engine/venv/lib/python3.11/site-packages/airflow/example_dags/example_sensors.py took 0.701 seconds
[2025-07-17T00:38:19.061+0530] {processor.py:186} INFO - Started process (PID=18476) to work on /Users/parth/Desktop/Engine/venv/lib/python3.11/site-packages/airflow/example_dags/example_sensors.py
[2025-07-17T00:38:19.062+0530] {processor.py:914} INFO - Processing file /Users/parth/Desktop/Engine/venv/lib/python3.11/site-packages/airflow/example_dags/example_sensors.py for tasks to queue
[2025-07-17T00:38:19.063+0530] {logging_mixin.py:190} INFO - [2025-07-17T00:38:19.063+0530] {dagbag.py:588} INFO - Filling up the DagBag from /Users/parth/Desktop/Engine/venv/lib/python3.11/site-packages/airflow/example_dags/example_sensors.py
[2025-07-17T00:38:19.073+0530] {processor.py:925} INFO - DAG(s) 'example_sensors' retrieved from /Users/parth/Desktop/Engine/venv/lib/python3.11/site-packages/airflow/example_dags/example_sensors.py
[2025-07-17T00:38:19.671+0530] {logging_mixin.py:190} INFO - [2025-07-17T00:38:19.671+0530] {dag.py:3239} INFO - Sync 1 DAGs
[2025-07-17T00:38:19.679+0530] {logging_mixin.py:190} INFO - [2025-07-17T00:38:19.679+0530] {dag.py:4180} INFO - Setting next_dagrun for example_sensors to None, run_after=None
[2025-07-17T00:38:19.695+0530] {processor.py:208} INFO - Processing /Users/parth/Desktop/Engine/venv/lib/python3.11/site-packages/airflow/example_dags/example_sensors.py took 0.635 seconds
[2025-07-17T00:40:23.029+0530] {processor.py:186} INFO - Started process (PID=19279) to work on /Users/parth/Desktop/Engine/venv/lib/python3.11/site-packages/airflow/example_dags/example_sensors.py
[2025-07-17T00:40:23.030+0530] {processor.py:914} INFO - Processing file /Users/parth/Desktop/Engine/venv/lib/python3.11/site-packages/airflow/example_dags/example_sensors.py for tasks to queue
[2025-07-17T00:40:23.031+0530] {logging_mixin.py:190} INFO - [2025-07-17T00:40:23.031+0530] {dagbag.py:588} INFO - Filling up the DagBag from /Users/parth/Desktop/Engine/venv/lib/python3.11/site-packages/airflow/example_dags/example_sensors.py
[2025-07-17T00:40:23.041+0530] {processor.py:925} INFO - DAG(s) 'example_sensors' retrieved from /Users/parth/Desktop/Engine/venv/lib/python3.11/site-packages/airflow/example_dags/example_sensors.py
[2025-07-17T00:40:23.763+0530] {logging_mixin.py:190} INFO - [2025-07-17T00:40:23.762+0530] {dag.py:3239} INFO - Sync 1 DAGs
[2025-07-17T00:40:23.770+0530] {logging_mixin.py:190} INFO - [2025-07-17T00:40:23.770+0530] {dag.py:4180} INFO - Setting next_dagrun for example_sensors to None, run_after=None
[2025-07-17T00:40:23.785+0530] {processor.py:208} INFO - Processing /Users/parth/Desktop/Engine/venv/lib/python3.11/site-packages/airflow/example_dags/example_sensors.py took 0.758 seconds
[2025-07-17T00:42:50.378+0530] {processor.py:186} INFO - Started process (PID=20319) to work on /Users/parth/Desktop/Engine/venv/lib/python3.11/site-packages/airflow/example_dags/example_sensors.py
[2025-07-17T00:42:50.378+0530] {processor.py:914} INFO - Processing file /Users/parth/Desktop/Engine/venv/lib/python3.11/site-packages/airflow/example_dags/example_sensors.py for tasks to queue
[2025-07-17T00:42:50.379+0530] {logging_mixin.py:190} INFO - [2025-07-17T00:42:50.379+0530] {dagbag.py:588} INFO - Filling up the DagBag from /Users/parth/Desktop/Engine/venv/lib/python3.11/site-packages/airflow/example_dags/example_sensors.py
[2025-07-17T00:42:50.389+0530] {processor.py:925} INFO - DAG(s) 'example_sensors' retrieved from /Users/parth/Desktop/Engine/venv/lib/python3.11/site-packages/airflow/example_dags/example_sensors.py
[2025-07-17T00:42:51.075+0530] {logging_mixin.py:190} INFO - [2025-07-17T00:42:51.075+0530] {dag.py:3239} INFO - Sync 1 DAGs
[2025-07-17T00:42:51.083+0530] {logging_mixin.py:190} INFO - [2025-07-17T00:42:51.083+0530] {dag.py:4180} INFO - Setting next_dagrun for example_sensors to None, run_after=None
[2025-07-17T00:42:51.097+0530] {processor.py:208} INFO - Processing /Users/parth/Desktop/Engine/venv/lib/python3.11/site-packages/airflow/example_dags/example_sensors.py took 0.722 seconds
[2025-07-17T00:44:55.136+0530] {processor.py:186} INFO - Started process (PID=21121) to work on /Users/parth/Desktop/Engine/venv/lib/python3.11/site-packages/airflow/example_dags/example_sensors.py
[2025-07-17T00:44:55.137+0530] {processor.py:914} INFO - Processing file /Users/parth/Desktop/Engine/venv/lib/python3.11/site-packages/airflow/example_dags/example_sensors.py for tasks to queue
[2025-07-17T00:44:55.138+0530] {logging_mixin.py:190} INFO - [2025-07-17T00:44:55.138+0530] {dagbag.py:588} INFO - Filling up the DagBag from /Users/parth/Desktop/Engine/venv/lib/python3.11/site-packages/airflow/example_dags/example_sensors.py
[2025-07-17T00:44:55.148+0530] {processor.py:925} INFO - DAG(s) 'example_sensors' retrieved from /Users/parth/Desktop/Engine/venv/lib/python3.11/site-packages/airflow/example_dags/example_sensors.py
[2025-07-17T00:44:55.764+0530] {logging_mixin.py:190} INFO - [2025-07-17T00:44:55.764+0530] {dag.py:3239} INFO - Sync 1 DAGs
[2025-07-17T00:44:55.771+0530] {logging_mixin.py:190} INFO - [2025-07-17T00:44:55.771+0530] {dag.py:4180} INFO - Setting next_dagrun for example_sensors to None, run_after=None
[2025-07-17T00:44:55.785+0530] {processor.py:208} INFO - Processing /Users/parth/Desktop/Engine/venv/lib/python3.11/site-packages/airflow/example_dags/example_sensors.py took 0.651 seconds
[2025-07-17T00:46:53.640+0530] {processor.py:186} INFO - Started process (PID=21883) to work on /Users/parth/Desktop/Engine/venv/lib/python3.11/site-packages/airflow/example_dags/example_sensors.py
[2025-07-17T00:46:53.641+0530] {processor.py:914} INFO - Processing file /Users/parth/Desktop/Engine/venv/lib/python3.11/site-packages/airflow/example_dags/example_sensors.py for tasks to queue
[2025-07-17T00:46:53.642+0530] {logging_mixin.py:190} INFO - [2025-07-17T00:46:53.641+0530] {dagbag.py:588} INFO - Filling up the DagBag from /Users/parth/Desktop/Engine/venv/lib/python3.11/site-packages/airflow/example_dags/example_sensors.py
[2025-07-17T00:46:53.652+0530] {processor.py:925} INFO - DAG(s) 'example_sensors' retrieved from /Users/parth/Desktop/Engine/venv/lib/python3.11/site-packages/airflow/example_dags/example_sensors.py
[2025-07-17T00:46:54.243+0530] {logging_mixin.py:190} INFO - [2025-07-17T00:46:54.243+0530] {dag.py:3239} INFO - Sync 1 DAGs
[2025-07-17T00:46:54.250+0530] {logging_mixin.py:190} INFO - [2025-07-17T00:46:54.250+0530] {dag.py:4180} INFO - Setting next_dagrun for example_sensors to None, run_after=None
[2025-07-17T00:46:54.262+0530] {processor.py:208} INFO - Processing /Users/parth/Desktop/Engine/venv/lib/python3.11/site-packages/airflow/example_dags/example_sensors.py took 0.624 seconds
[2025-07-17T03:18:05.884+0530] {processor.py:186} INFO - Started process (PID=22722) to work on /Users/parth/Desktop/Engine/venv/lib/python3.11/site-packages/airflow/example_dags/example_sensors.py
[2025-07-17T03:18:05.885+0530] {processor.py:914} INFO - Processing file /Users/parth/Desktop/Engine/venv/lib/python3.11/site-packages/airflow/example_dags/example_sensors.py for tasks to queue
[2025-07-17T03:18:05.886+0530] {logging_mixin.py:190} INFO - [2025-07-17T03:18:05.885+0530] {dagbag.py:588} INFO - Filling up the DagBag from /Users/parth/Desktop/Engine/venv/lib/python3.11/site-packages/airflow/example_dags/example_sensors.py
[2025-07-17T03:18:05.898+0530] {processor.py:925} INFO - DAG(s) 'example_sensors' retrieved from /Users/parth/Desktop/Engine/venv/lib/python3.11/site-packages/airflow/example_dags/example_sensors.py
[2025-07-17T03:18:06.673+0530] {logging_mixin.py:190} INFO - [2025-07-17T03:18:06.673+0530] {dag.py:3239} INFO - Sync 1 DAGs
[2025-07-17T03:18:06.680+0530] {logging_mixin.py:190} INFO - [2025-07-17T03:18:06.679+0530] {dag.py:4180} INFO - Setting next_dagrun for example_sensors to None, run_after=None
[2025-07-17T03:18:06.692+0530] {processor.py:208} INFO - Processing /Users/parth/Desktop/Engine/venv/lib/python3.11/site-packages/airflow/example_dags/example_sensors.py took 0.810 seconds
