[2025-07-17T00:12:00.592+0530] {processor.py:186} INFO - Started process (PID=7894) to work on /Users/parth/Desktop/Engine/venv/lib/python3.11/site-packages/airflow/example_dags/example_short_circuit_decorator.py
[2025-07-17T00:12:00.593+0530] {processor.py:914} INFO - Processing file /Users/parth/Desktop/Engine/venv/lib/python3.11/site-packages/airflow/example_dags/example_short_circuit_decorator.py for tasks to queue
[2025-07-17T00:12:00.594+0530] {logging_mixin.py:190} INFO - [2025-07-17T00:12:00.594+0530] {dagbag.py:588} INFO - Filling up the DagBag from /Users/parth/Desktop/Engine/venv/lib/python3.11/site-packages/airflow/example_dags/example_short_circuit_decorator.py
[2025-07-17T00:12:00.621+0530] {processor.py:925} INFO - DAG(s) 'example_short_circuit_decorator' retrieved from /Users/parth/Desktop/Engine/venv/lib/python3.11/site-packages/airflow/example_dags/example_short_circuit_decorator.py
[2025-07-17T00:12:00.735+0530] {logging_mixin.py:190} INFO - [2025-07-17T00:12:00.734+0530] {override.py:1930} INFO - Created Permission View: can read on DAG:example_short_circuit_decorator
[2025-07-17T00:12:00.740+0530] {logging_mixin.py:190} INFO - [2025-07-17T00:12:00.739+0530] {override.py:1930} INFO - Created Permission View: can delete on DAG:example_short_circuit_decorator
[2025-07-17T00:12:00.743+0530] {logging_mixin.py:190} INFO - [2025-07-17T00:12:00.743+0530] {override.py:1930} INFO - Created Permission View: can edit on DAG:example_short_circuit_decorator
[2025-07-17T00:12:00.748+0530] {logging_mixin.py:190} INFO - [2025-07-17T00:12:00.748+0530] {override.py:1930} INFO - Created Permission View: menu access on DAG Run:example_short_circuit_decorator
[2025-07-17T00:12:00.751+0530] {logging_mixin.py:190} INFO - [2025-07-17T00:12:00.751+0530] {override.py:1930} INFO - Created Permission View: can create on DAG Run:example_short_circuit_decorator
[2025-07-17T00:12:00.754+0530] {logging_mixin.py:190} INFO - [2025-07-17T00:12:00.754+0530] {override.py:1930} INFO - Created Permission View: can read on DAG Run:example_short_circuit_decorator
[2025-07-17T00:12:00.757+0530] {logging_mixin.py:190} INFO - [2025-07-17T00:12:00.757+0530] {override.py:1930} INFO - Created Permission View: can delete on DAG Run:example_short_circuit_decorator
[2025-07-17T00:12:00.758+0530] {logging_mixin.py:190} INFO - [2025-07-17T00:12:00.757+0530] {dag.py:3239} INFO - Sync 1 DAGs
[2025-07-17T00:12:00.812+0530] {logging_mixin.py:190} INFO - [2025-07-17T00:12:00.812+0530] {dag.py:3262} INFO - Creating ORM DAG for example_short_circuit_decorator
[2025-07-17T00:12:00.812+0530] {logging_mixin.py:190} INFO - [2025-07-17T00:12:00.812+0530] {dag.py:4180} INFO - Setting next_dagrun for example_short_circuit_decorator to None, run_after=None
[2025-07-17T00:12:00.822+0530] {processor.py:208} INFO - Processing /Users/parth/Desktop/Engine/venv/lib/python3.11/site-packages/airflow/example_dags/example_short_circuit_decorator.py took 0.232 seconds
[2025-07-17T00:14:43.685+0530] {processor.py:186} INFO - Started process (PID=8965) to work on /Users/parth/Desktop/Engine/venv/lib/python3.11/site-packages/airflow/example_dags/example_short_circuit_decorator.py
[2025-07-17T00:14:43.687+0530] {processor.py:914} INFO - Processing file /Users/parth/Desktop/Engine/venv/lib/python3.11/site-packages/airflow/example_dags/example_short_circuit_decorator.py for tasks to queue
[2025-07-17T00:14:43.688+0530] {logging_mixin.py:190} INFO - [2025-07-17T00:14:43.688+0530] {dagbag.py:588} INFO - Filling up the DagBag from /Users/parth/Desktop/Engine/venv/lib/python3.11/site-packages/airflow/example_dags/example_short_circuit_decorator.py
[2025-07-17T00:14:43.725+0530] {processor.py:925} INFO - DAG(s) 'example_short_circuit_decorator' retrieved from /Users/parth/Desktop/Engine/venv/lib/python3.11/site-packages/airflow/example_dags/example_short_circuit_decorator.py
[2025-07-17T00:14:43.817+0530] {logging_mixin.py:190} INFO - [2025-07-17T00:14:43.816+0530] {dag.py:3239} INFO - Sync 1 DAGs
[2025-07-17T00:14:43.826+0530] {logging_mixin.py:190} INFO - [2025-07-17T00:14:43.826+0530] {dag.py:4180} INFO - Setting next_dagrun for example_short_circuit_decorator to None, run_after=None
[2025-07-17T00:14:43.842+0530] {processor.py:208} INFO - Processing /Users/parth/Desktop/Engine/venv/lib/python3.11/site-packages/airflow/example_dags/example_short_circuit_decorator.py took 0.160 seconds
[2025-07-17T00:16:53.969+0530] {processor.py:186} INFO - Started process (PID=9827) to work on /Users/parth/Desktop/Engine/venv/lib/python3.11/site-packages/airflow/example_dags/example_short_circuit_decorator.py
[2025-07-17T00:16:53.971+0530] {processor.py:914} INFO - Processing file /Users/parth/Desktop/Engine/venv/lib/python3.11/site-packages/airflow/example_dags/example_short_circuit_decorator.py for tasks to queue
[2025-07-17T00:16:53.972+0530] {logging_mixin.py:190} INFO - [2025-07-17T00:16:53.971+0530] {dagbag.py:588} INFO - Filling up the DagBag from /Users/parth/Desktop/Engine/venv/lib/python3.11/site-packages/airflow/example_dags/example_short_circuit_decorator.py
[2025-07-17T00:16:54.004+0530] {processor.py:925} INFO - DAG(s) 'example_short_circuit_decorator' retrieved from /Users/parth/Desktop/Engine/venv/lib/python3.11/site-packages/airflow/example_dags/example_short_circuit_decorator.py
[2025-07-17T00:16:54.079+0530] {logging_mixin.py:190} INFO - [2025-07-17T00:16:54.079+0530] {dag.py:3239} INFO - Sync 1 DAGs
[2025-07-17T00:16:54.087+0530] {logging_mixin.py:190} INFO - [2025-07-17T00:16:54.087+0530] {dag.py:4180} INFO - Setting next_dagrun for example_short_circuit_decorator to None, run_after=None
[2025-07-17T00:16:54.100+0530] {processor.py:208} INFO - Processing /Users/parth/Desktop/Engine/venv/lib/python3.11/site-packages/airflow/example_dags/example_short_circuit_decorator.py took 0.134 seconds
[2025-07-17T00:19:09.514+0530] {processor.py:186} INFO - Started process (PID=10753) to work on /Users/parth/Desktop/Engine/venv/lib/python3.11/site-packages/airflow/example_dags/example_short_circuit_decorator.py
[2025-07-17T00:19:09.515+0530] {processor.py:914} INFO - Processing file /Users/parth/Desktop/Engine/venv/lib/python3.11/site-packages/airflow/example_dags/example_short_circuit_decorator.py for tasks to queue
[2025-07-17T00:19:09.515+0530] {logging_mixin.py:190} INFO - [2025-07-17T00:19:09.515+0530] {dagbag.py:588} INFO - Filling up the DagBag from /Users/parth/Desktop/Engine/venv/lib/python3.11/site-packages/airflow/example_dags/example_short_circuit_decorator.py
[2025-07-17T00:19:09.546+0530] {processor.py:925} INFO - DAG(s) 'example_short_circuit_decorator' retrieved from /Users/parth/Desktop/Engine/venv/lib/python3.11/site-packages/airflow/example_dags/example_short_circuit_decorator.py
[2025-07-17T00:19:09.609+0530] {logging_mixin.py:190} INFO - [2025-07-17T00:19:09.608+0530] {dag.py:3239} INFO - Sync 1 DAGs
[2025-07-17T00:19:09.616+0530] {logging_mixin.py:190} INFO - [2025-07-17T00:19:09.616+0530] {dag.py:4180} INFO - Setting next_dagrun for example_short_circuit_decorator to None, run_after=None
[2025-07-17T00:19:09.627+0530] {processor.py:208} INFO - Processing /Users/parth/Desktop/Engine/venv/lib/python3.11/site-packages/airflow/example_dags/example_short_circuit_decorator.py took 0.116 seconds
[2025-07-17T00:22:06.656+0530] {processor.py:186} INFO - Started process (PID=12019) to work on /Users/parth/Desktop/Engine/venv/lib/python3.11/site-packages/airflow/example_dags/example_short_circuit_decorator.py
[2025-07-17T00:22:06.657+0530] {processor.py:914} INFO - Processing file /Users/parth/Desktop/Engine/venv/lib/python3.11/site-packages/airflow/example_dags/example_short_circuit_decorator.py for tasks to queue
[2025-07-17T00:22:06.658+0530] {logging_mixin.py:190} INFO - [2025-07-17T00:22:06.658+0530] {dagbag.py:588} INFO - Filling up the DagBag from /Users/parth/Desktop/Engine/venv/lib/python3.11/site-packages/airflow/example_dags/example_short_circuit_decorator.py
[2025-07-17T00:22:06.705+0530] {processor.py:925} INFO - DAG(s) 'example_short_circuit_decorator' retrieved from /Users/parth/Desktop/Engine/venv/lib/python3.11/site-packages/airflow/example_dags/example_short_circuit_decorator.py
[2025-07-17T00:22:06.792+0530] {logging_mixin.py:190} INFO - [2025-07-17T00:22:06.792+0530] {dag.py:3239} INFO - Sync 1 DAGs
[2025-07-17T00:22:06.801+0530] {logging_mixin.py:190} INFO - [2025-07-17T00:22:06.801+0530] {dag.py:4180} INFO - Setting next_dagrun for example_short_circuit_decorator to None, run_after=None
[2025-07-17T00:22:06.816+0530] {processor.py:208} INFO - Processing /Users/parth/Desktop/Engine/venv/lib/python3.11/site-packages/airflow/example_dags/example_short_circuit_decorator.py took 0.164 seconds
[2025-07-17T00:24:15.110+0530] {processor.py:186} INFO - Started process (PID=12926) to work on /Users/parth/Desktop/Engine/venv/lib/python3.11/site-packages/airflow/example_dags/example_short_circuit_decorator.py
[2025-07-17T00:24:15.111+0530] {processor.py:914} INFO - Processing file /Users/parth/Desktop/Engine/venv/lib/python3.11/site-packages/airflow/example_dags/example_short_circuit_decorator.py for tasks to queue
[2025-07-17T00:24:15.112+0530] {logging_mixin.py:190} INFO - [2025-07-17T00:24:15.111+0530] {dagbag.py:588} INFO - Filling up the DagBag from /Users/parth/Desktop/Engine/venv/lib/python3.11/site-packages/airflow/example_dags/example_short_circuit_decorator.py
[2025-07-17T00:24:15.138+0530] {processor.py:925} INFO - DAG(s) 'example_short_circuit_decorator' retrieved from /Users/parth/Desktop/Engine/venv/lib/python3.11/site-packages/airflow/example_dags/example_short_circuit_decorator.py
[2025-07-17T00:24:15.199+0530] {logging_mixin.py:190} INFO - [2025-07-17T00:24:15.199+0530] {dag.py:3239} INFO - Sync 1 DAGs
[2025-07-17T00:24:15.205+0530] {logging_mixin.py:190} INFO - [2025-07-17T00:24:15.205+0530] {dag.py:4180} INFO - Setting next_dagrun for example_short_circuit_decorator to None, run_after=None
[2025-07-17T00:24:15.216+0530] {processor.py:208} INFO - Processing /Users/parth/Desktop/Engine/venv/lib/python3.11/site-packages/airflow/example_dags/example_short_circuit_decorator.py took 0.109 seconds
[2025-07-17T00:26:13.723+0530] {processor.py:186} INFO - Started process (PID=13717) to work on /Users/parth/Desktop/Engine/venv/lib/python3.11/site-packages/airflow/example_dags/example_short_circuit_decorator.py
[2025-07-17T00:26:13.723+0530] {processor.py:914} INFO - Processing file /Users/parth/Desktop/Engine/venv/lib/python3.11/site-packages/airflow/example_dags/example_short_circuit_decorator.py for tasks to queue
[2025-07-17T00:26:13.724+0530] {logging_mixin.py:190} INFO - [2025-07-17T00:26:13.724+0530] {dagbag.py:588} INFO - Filling up the DagBag from /Users/parth/Desktop/Engine/venv/lib/python3.11/site-packages/airflow/example_dags/example_short_circuit_decorator.py
[2025-07-17T00:26:13.751+0530] {processor.py:925} INFO - DAG(s) 'example_short_circuit_decorator' retrieved from /Users/parth/Desktop/Engine/venv/lib/python3.11/site-packages/airflow/example_dags/example_short_circuit_decorator.py
[2025-07-17T00:26:13.823+0530] {logging_mixin.py:190} INFO - [2025-07-17T00:26:13.823+0530] {dag.py:3239} INFO - Sync 1 DAGs
[2025-07-17T00:26:13.830+0530] {logging_mixin.py:190} INFO - [2025-07-17T00:26:13.830+0530] {dag.py:4180} INFO - Setting next_dagrun for example_short_circuit_decorator to None, run_after=None
[2025-07-17T00:26:13.842+0530] {processor.py:208} INFO - Processing /Users/parth/Desktop/Engine/venv/lib/python3.11/site-packages/airflow/example_dags/example_short_circuit_decorator.py took 0.122 seconds
[2025-07-17T00:28:16.233+0530] {processor.py:186} INFO - Started process (PID=14547) to work on /Users/parth/Desktop/Engine/venv/lib/python3.11/site-packages/airflow/example_dags/example_short_circuit_decorator.py
[2025-07-17T00:28:16.234+0530] {processor.py:914} INFO - Processing file /Users/parth/Desktop/Engine/venv/lib/python3.11/site-packages/airflow/example_dags/example_short_circuit_decorator.py for tasks to queue
[2025-07-17T00:28:16.234+0530] {logging_mixin.py:190} INFO - [2025-07-17T00:28:16.234+0530] {dagbag.py:588} INFO - Filling up the DagBag from /Users/parth/Desktop/Engine/venv/lib/python3.11/site-packages/airflow/example_dags/example_short_circuit_decorator.py
[2025-07-17T00:28:16.260+0530] {processor.py:925} INFO - DAG(s) 'example_short_circuit_decorator' retrieved from /Users/parth/Desktop/Engine/venv/lib/python3.11/site-packages/airflow/example_dags/example_short_circuit_decorator.py
[2025-07-17T00:28:16.323+0530] {logging_mixin.py:190} INFO - [2025-07-17T00:28:16.323+0530] {dag.py:3239} INFO - Sync 1 DAGs
[2025-07-17T00:28:16.330+0530] {logging_mixin.py:190} INFO - [2025-07-17T00:28:16.330+0530] {dag.py:4180} INFO - Setting next_dagrun for example_short_circuit_decorator to None, run_after=None
[2025-07-17T00:28:16.341+0530] {processor.py:208} INFO - Processing /Users/parth/Desktop/Engine/venv/lib/python3.11/site-packages/airflow/example_dags/example_short_circuit_decorator.py took 0.110 seconds
[2025-07-17T00:30:18.158+0530] {processor.py:186} INFO - Started process (PID=15330) to work on /Users/parth/Desktop/Engine/venv/lib/python3.11/site-packages/airflow/example_dags/example_short_circuit_decorator.py
[2025-07-17T00:30:18.158+0530] {processor.py:914} INFO - Processing file /Users/parth/Desktop/Engine/venv/lib/python3.11/site-packages/airflow/example_dags/example_short_circuit_decorator.py for tasks to queue
[2025-07-17T00:30:18.159+0530] {logging_mixin.py:190} INFO - [2025-07-17T00:30:18.159+0530] {dagbag.py:588} INFO - Filling up the DagBag from /Users/parth/Desktop/Engine/venv/lib/python3.11/site-packages/airflow/example_dags/example_short_circuit_decorator.py
[2025-07-17T00:30:18.188+0530] {processor.py:925} INFO - DAG(s) 'example_short_circuit_decorator' retrieved from /Users/parth/Desktop/Engine/venv/lib/python3.11/site-packages/airflow/example_dags/example_short_circuit_decorator.py
[2025-07-17T00:30:18.250+0530] {logging_mixin.py:190} INFO - [2025-07-17T00:30:18.250+0530] {dag.py:3239} INFO - Sync 1 DAGs
[2025-07-17T00:30:18.257+0530] {logging_mixin.py:190} INFO - [2025-07-17T00:30:18.256+0530] {dag.py:4180} INFO - Setting next_dagrun for example_short_circuit_decorator to None, run_after=None
[2025-07-17T00:30:18.268+0530] {processor.py:208} INFO - Processing /Users/parth/Desktop/Engine/venv/lib/python3.11/site-packages/airflow/example_dags/example_short_circuit_decorator.py took 0.113 seconds
[2025-07-17T00:32:09.633+0530] {processor.py:186} INFO - Started process (PID=16079) to work on /Users/parth/Desktop/Engine/venv/lib/python3.11/site-packages/airflow/example_dags/example_short_circuit_decorator.py
[2025-07-17T00:32:09.634+0530] {processor.py:914} INFO - Processing file /Users/parth/Desktop/Engine/venv/lib/python3.11/site-packages/airflow/example_dags/example_short_circuit_decorator.py for tasks to queue
[2025-07-17T00:32:09.635+0530] {logging_mixin.py:190} INFO - [2025-07-17T00:32:09.635+0530] {dagbag.py:588} INFO - Filling up the DagBag from /Users/parth/Desktop/Engine/venv/lib/python3.11/site-packages/airflow/example_dags/example_short_circuit_decorator.py
[2025-07-17T00:32:09.660+0530] {processor.py:925} INFO - DAG(s) 'example_short_circuit_decorator' retrieved from /Users/parth/Desktop/Engine/venv/lib/python3.11/site-packages/airflow/example_dags/example_short_circuit_decorator.py
[2025-07-17T00:32:09.722+0530] {logging_mixin.py:190} INFO - [2025-07-17T00:32:09.722+0530] {dag.py:3239} INFO - Sync 1 DAGs
[2025-07-17T00:32:09.728+0530] {logging_mixin.py:190} INFO - [2025-07-17T00:32:09.728+0530] {dag.py:4180} INFO - Setting next_dagrun for example_short_circuit_decorator to None, run_after=None
[2025-07-17T00:32:09.739+0530] {processor.py:208} INFO - Processing /Users/parth/Desktop/Engine/venv/lib/python3.11/site-packages/airflow/example_dags/example_short_circuit_decorator.py took 0.108 seconds
[2025-07-17T00:34:08.247+0530] {processor.py:186} INFO - Started process (PID=16843) to work on /Users/parth/Desktop/Engine/venv/lib/python3.11/site-packages/airflow/example_dags/example_short_circuit_decorator.py
[2025-07-17T00:34:08.248+0530] {processor.py:914} INFO - Processing file /Users/parth/Desktop/Engine/venv/lib/python3.11/site-packages/airflow/example_dags/example_short_circuit_decorator.py for tasks to queue
[2025-07-17T00:34:08.249+0530] {logging_mixin.py:190} INFO - [2025-07-17T00:34:08.249+0530] {dagbag.py:588} INFO - Filling up the DagBag from /Users/parth/Desktop/Engine/venv/lib/python3.11/site-packages/airflow/example_dags/example_short_circuit_decorator.py
[2025-07-17T00:34:08.280+0530] {processor.py:925} INFO - DAG(s) 'example_short_circuit_decorator' retrieved from /Users/parth/Desktop/Engine/venv/lib/python3.11/site-packages/airflow/example_dags/example_short_circuit_decorator.py
[2025-07-17T00:34:08.350+0530] {logging_mixin.py:190} INFO - [2025-07-17T00:34:08.350+0530] {dag.py:3239} INFO - Sync 1 DAGs
[2025-07-17T00:34:08.357+0530] {logging_mixin.py:190} INFO - [2025-07-17T00:34:08.357+0530] {dag.py:4180} INFO - Setting next_dagrun for example_short_circuit_decorator to None, run_after=None
[2025-07-17T00:34:08.369+0530] {processor.py:208} INFO - Processing /Users/parth/Desktop/Engine/venv/lib/python3.11/site-packages/airflow/example_dags/example_short_circuit_decorator.py took 0.125 seconds
[2025-07-17T00:36:05.125+0530] {processor.py:186} INFO - Started process (PID=17606) to work on /Users/parth/Desktop/Engine/venv/lib/python3.11/site-packages/airflow/example_dags/example_short_circuit_decorator.py
[2025-07-17T00:36:05.126+0530] {processor.py:914} INFO - Processing file /Users/parth/Desktop/Engine/venv/lib/python3.11/site-packages/airflow/example_dags/example_short_circuit_decorator.py for tasks to queue
[2025-07-17T00:36:05.126+0530] {logging_mixin.py:190} INFO - [2025-07-17T00:36:05.126+0530] {dagbag.py:588} INFO - Filling up the DagBag from /Users/parth/Desktop/Engine/venv/lib/python3.11/site-packages/airflow/example_dags/example_short_circuit_decorator.py
[2025-07-17T00:36:05.153+0530] {processor.py:925} INFO - DAG(s) 'example_short_circuit_decorator' retrieved from /Users/parth/Desktop/Engine/venv/lib/python3.11/site-packages/airflow/example_dags/example_short_circuit_decorator.py
[2025-07-17T00:36:05.214+0530] {logging_mixin.py:190} INFO - [2025-07-17T00:36:05.214+0530] {dag.py:3239} INFO - Sync 1 DAGs
[2025-07-17T00:36:05.220+0530] {logging_mixin.py:190} INFO - [2025-07-17T00:36:05.220+0530] {dag.py:4180} INFO - Setting next_dagrun for example_short_circuit_decorator to None, run_after=None
[2025-07-17T00:36:05.231+0530] {processor.py:208} INFO - Processing /Users/parth/Desktop/Engine/venv/lib/python3.11/site-packages/airflow/example_dags/example_short_circuit_decorator.py took 0.109 seconds
[2025-07-17T00:38:12.706+0530] {processor.py:186} INFO - Started process (PID=18433) to work on /Users/parth/Desktop/Engine/venv/lib/python3.11/site-packages/airflow/example_dags/example_short_circuit_decorator.py
[2025-07-17T00:38:12.707+0530] {processor.py:914} INFO - Processing file /Users/parth/Desktop/Engine/venv/lib/python3.11/site-packages/airflow/example_dags/example_short_circuit_decorator.py for tasks to queue
[2025-07-17T00:38:12.708+0530] {logging_mixin.py:190} INFO - [2025-07-17T00:38:12.708+0530] {dagbag.py:588} INFO - Filling up the DagBag from /Users/parth/Desktop/Engine/venv/lib/python3.11/site-packages/airflow/example_dags/example_short_circuit_decorator.py
[2025-07-17T00:38:12.737+0530] {processor.py:925} INFO - DAG(s) 'example_short_circuit_decorator' retrieved from /Users/parth/Desktop/Engine/venv/lib/python3.11/site-packages/airflow/example_dags/example_short_circuit_decorator.py
[2025-07-17T00:38:12.803+0530] {logging_mixin.py:190} INFO - [2025-07-17T00:38:12.802+0530] {dag.py:3239} INFO - Sync 1 DAGs
[2025-07-17T00:38:12.810+0530] {logging_mixin.py:190} INFO - [2025-07-17T00:38:12.809+0530] {dag.py:4180} INFO - Setting next_dagrun for example_short_circuit_decorator to None, run_after=None
[2025-07-17T00:38:12.821+0530] {processor.py:208} INFO - Processing /Users/parth/Desktop/Engine/venv/lib/python3.11/site-packages/airflow/example_dags/example_short_circuit_decorator.py took 0.117 seconds
[2025-07-17T00:40:15.226+0530] {processor.py:186} INFO - Started process (PID=19238) to work on /Users/parth/Desktop/Engine/venv/lib/python3.11/site-packages/airflow/example_dags/example_short_circuit_decorator.py
[2025-07-17T00:40:15.226+0530] {processor.py:914} INFO - Processing file /Users/parth/Desktop/Engine/venv/lib/python3.11/site-packages/airflow/example_dags/example_short_circuit_decorator.py for tasks to queue
[2025-07-17T00:40:15.227+0530] {logging_mixin.py:190} INFO - [2025-07-17T00:40:15.227+0530] {dagbag.py:588} INFO - Filling up the DagBag from /Users/parth/Desktop/Engine/venv/lib/python3.11/site-packages/airflow/example_dags/example_short_circuit_decorator.py
[2025-07-17T00:40:15.254+0530] {processor.py:925} INFO - DAG(s) 'example_short_circuit_decorator' retrieved from /Users/parth/Desktop/Engine/venv/lib/python3.11/site-packages/airflow/example_dags/example_short_circuit_decorator.py
[2025-07-17T00:40:15.316+0530] {logging_mixin.py:190} INFO - [2025-07-17T00:40:15.316+0530] {dag.py:3239} INFO - Sync 1 DAGs
[2025-07-17T00:40:15.323+0530] {logging_mixin.py:190} INFO - [2025-07-17T00:40:15.323+0530] {dag.py:4180} INFO - Setting next_dagrun for example_short_circuit_decorator to None, run_after=None
[2025-07-17T00:40:15.333+0530] {processor.py:208} INFO - Processing /Users/parth/Desktop/Engine/venv/lib/python3.11/site-packages/airflow/example_dags/example_short_circuit_decorator.py took 0.110 seconds
[2025-07-17T00:42:42.197+0530] {processor.py:186} INFO - Started process (PID=20265) to work on /Users/parth/Desktop/Engine/venv/lib/python3.11/site-packages/airflow/example_dags/example_short_circuit_decorator.py
[2025-07-17T00:42:42.198+0530] {processor.py:914} INFO - Processing file /Users/parth/Desktop/Engine/venv/lib/python3.11/site-packages/airflow/example_dags/example_short_circuit_decorator.py for tasks to queue
[2025-07-17T00:42:42.198+0530] {logging_mixin.py:190} INFO - [2025-07-17T00:42:42.198+0530] {dagbag.py:588} INFO - Filling up the DagBag from /Users/parth/Desktop/Engine/venv/lib/python3.11/site-packages/airflow/example_dags/example_short_circuit_decorator.py
[2025-07-17T00:42:42.227+0530] {processor.py:925} INFO - DAG(s) 'example_short_circuit_decorator' retrieved from /Users/parth/Desktop/Engine/venv/lib/python3.11/site-packages/airflow/example_dags/example_short_circuit_decorator.py
[2025-07-17T00:42:42.290+0530] {logging_mixin.py:190} INFO - [2025-07-17T00:42:42.289+0530] {dag.py:3239} INFO - Sync 1 DAGs
[2025-07-17T00:42:42.298+0530] {logging_mixin.py:190} INFO - [2025-07-17T00:42:42.298+0530] {dag.py:4180} INFO - Setting next_dagrun for example_short_circuit_decorator to None, run_after=None
[2025-07-17T00:42:42.313+0530] {processor.py:208} INFO - Processing /Users/parth/Desktop/Engine/venv/lib/python3.11/site-packages/airflow/example_dags/example_short_circuit_decorator.py took 0.118 seconds
[2025-07-17T00:44:47.509+0530] {processor.py:186} INFO - Started process (PID=21078) to work on /Users/parth/Desktop/Engine/venv/lib/python3.11/site-packages/airflow/example_dags/example_short_circuit_decorator.py
[2025-07-17T00:44:47.510+0530] {processor.py:914} INFO - Processing file /Users/parth/Desktop/Engine/venv/lib/python3.11/site-packages/airflow/example_dags/example_short_circuit_decorator.py for tasks to queue
[2025-07-17T00:44:47.510+0530] {logging_mixin.py:190} INFO - [2025-07-17T00:44:47.510+0530] {dagbag.py:588} INFO - Filling up the DagBag from /Users/parth/Desktop/Engine/venv/lib/python3.11/site-packages/airflow/example_dags/example_short_circuit_decorator.py
[2025-07-17T00:44:47.541+0530] {processor.py:925} INFO - DAG(s) 'example_short_circuit_decorator' retrieved from /Users/parth/Desktop/Engine/venv/lib/python3.11/site-packages/airflow/example_dags/example_short_circuit_decorator.py
[2025-07-17T00:44:47.604+0530] {logging_mixin.py:190} INFO - [2025-07-17T00:44:47.604+0530] {dag.py:3239} INFO - Sync 1 DAGs
[2025-07-17T00:44:47.612+0530] {logging_mixin.py:190} INFO - [2025-07-17T00:44:47.611+0530] {dag.py:4180} INFO - Setting next_dagrun for example_short_circuit_decorator to None, run_after=None
[2025-07-17T00:44:47.623+0530] {processor.py:208} INFO - Processing /Users/parth/Desktop/Engine/venv/lib/python3.11/site-packages/airflow/example_dags/example_short_circuit_decorator.py took 0.116 seconds
[2025-07-17T00:46:47.142+0530] {processor.py:186} INFO - Started process (PID=21842) to work on /Users/parth/Desktop/Engine/venv/lib/python3.11/site-packages/airflow/example_dags/example_short_circuit_decorator.py
[2025-07-17T00:46:47.143+0530] {processor.py:914} INFO - Processing file /Users/parth/Desktop/Engine/venv/lib/python3.11/site-packages/airflow/example_dags/example_short_circuit_decorator.py for tasks to queue
[2025-07-17T00:46:47.144+0530] {logging_mixin.py:190} INFO - [2025-07-17T00:46:47.144+0530] {dagbag.py:588} INFO - Filling up the DagBag from /Users/parth/Desktop/Engine/venv/lib/python3.11/site-packages/airflow/example_dags/example_short_circuit_decorator.py
[2025-07-17T00:46:47.169+0530] {processor.py:925} INFO - DAG(s) 'example_short_circuit_decorator' retrieved from /Users/parth/Desktop/Engine/venv/lib/python3.11/site-packages/airflow/example_dags/example_short_circuit_decorator.py
[2025-07-17T00:46:47.232+0530] {logging_mixin.py:190} INFO - [2025-07-17T00:46:47.232+0530] {dag.py:3239} INFO - Sync 1 DAGs
[2025-07-17T00:46:47.238+0530] {logging_mixin.py:190} INFO - [2025-07-17T00:46:47.238+0530] {dag.py:4180} INFO - Setting next_dagrun for example_short_circuit_decorator to None, run_after=None
[2025-07-17T00:46:47.249+0530] {processor.py:208} INFO - Processing /Users/parth/Desktop/Engine/venv/lib/python3.11/site-packages/airflow/example_dags/example_short_circuit_decorator.py took 0.109 seconds
[2025-07-17T01:18:00.086+0530] {processor.py:186} INFO - Started process (PID=22680) to work on /Users/parth/Desktop/Engine/venv/lib/python3.11/site-packages/airflow/example_dags/example_short_circuit_decorator.py
[2025-07-17T01:18:00.087+0530] {processor.py:914} INFO - Processing file /Users/parth/Desktop/Engine/venv/lib/python3.11/site-packages/airflow/example_dags/example_short_circuit_decorator.py for tasks to queue
[2025-07-17T01:18:00.087+0530] {logging_mixin.py:190} INFO - [2025-07-17T01:18:00.087+0530] {dagbag.py:588} INFO - Filling up the DagBag from /Users/parth/Desktop/Engine/venv/lib/python3.11/site-packages/airflow/example_dags/example_short_circuit_decorator.py
[2025-07-17T01:18:00.116+0530] {processor.py:925} INFO - DAG(s) 'example_short_circuit_decorator' retrieved from /Users/parth/Desktop/Engine/venv/lib/python3.11/site-packages/airflow/example_dags/example_short_circuit_decorator.py
[2025-07-17T01:18:00.177+0530] {logging_mixin.py:190} INFO - [2025-07-17T01:18:00.177+0530] {dag.py:3239} INFO - Sync 1 DAGs
[2025-07-17T01:18:00.184+0530] {logging_mixin.py:190} INFO - [2025-07-17T01:18:00.184+0530] {dag.py:4180} INFO - Setting next_dagrun for example_short_circuit_decorator to None, run_after=None
[2025-07-17T01:18:00.195+0530] {processor.py:208} INFO - Processing /Users/parth/Desktop/Engine/venv/lib/python3.11/site-packages/airflow/example_dags/example_short_circuit_decorator.py took 0.111 seconds
