[2025-07-17T00:12:42.405+0530] {processor.py:186} INFO - Started process (PID=8184) to work on /Users/parth/Desktop/Engine/venv/lib/python3.11/site-packages/airflow/example_dags/example_kubernetes_executor.py
[2025-07-17T00:12:42.406+0530] {processor.py:914} INFO - Processing file /Users/parth/Desktop/Engine/venv/lib/python3.11/site-packages/airflow/example_dags/example_kubernetes_executor.py for tasks to queue
[2025-07-17T00:12:42.407+0530] {logging_mixin.py:190} INFO - [2025-07-17T00:12:42.407+0530] {dagbag.py:588} INFO - Filling up the DagBag from /Users/parth/Desktop/Engine/venv/lib/python3.11/site-packages/airflow/example_dags/example_kubernetes_executor.py
[2025-07-17T00:12:42.436+0530] {processor.py:925} INFO - DAG(s) 'example_kubernetes_executor' retrieved from /Users/parth/Desktop/Engine/venv/lib/python3.11/site-packages/airflow/example_dags/example_kubernetes_executor.py
[2025-07-17T00:12:42.553+0530] {logging_mixin.py:190} INFO - [2025-07-17T00:12:42.553+0530] {override.py:1930} INFO - Created Permission View: can delete on DAG:example_kubernetes_executor
[2025-07-17T00:12:42.559+0530] {logging_mixin.py:190} INFO - [2025-07-17T00:12:42.559+0530] {override.py:1930} INFO - Created Permission View: can read on DAG:example_kubernetes_executor
[2025-07-17T00:12:42.562+0530] {logging_mixin.py:190} INFO - [2025-07-17T00:12:42.562+0530] {override.py:1930} INFO - Created Permission View: can edit on DAG:example_kubernetes_executor
[2025-07-17T00:12:42.567+0530] {logging_mixin.py:190} INFO - [2025-07-17T00:12:42.567+0530] {override.py:1930} INFO - Created Permission View: can delete on DAG Run:example_kubernetes_executor
[2025-07-17T00:12:42.570+0530] {logging_mixin.py:190} INFO - [2025-07-17T00:12:42.570+0530] {override.py:1930} INFO - Created Permission View: can create on DAG Run:example_kubernetes_executor
[2025-07-17T00:12:42.574+0530] {logging_mixin.py:190} INFO - [2025-07-17T00:12:42.574+0530] {override.py:1930} INFO - Created Permission View: can read on DAG Run:example_kubernetes_executor
[2025-07-17T00:12:42.577+0530] {logging_mixin.py:190} INFO - [2025-07-17T00:12:42.577+0530] {override.py:1930} INFO - Created Permission View: menu access on DAG Run:example_kubernetes_executor
[2025-07-17T00:12:42.578+0530] {logging_mixin.py:190} INFO - [2025-07-17T00:12:42.577+0530] {dag.py:3239} INFO - Sync 1 DAGs
[2025-07-17T00:12:42.639+0530] {logging_mixin.py:190} INFO - [2025-07-17T00:12:42.639+0530] {dag.py:3262} INFO - Creating ORM DAG for example_kubernetes_executor
[2025-07-17T00:12:42.640+0530] {logging_mixin.py:190} INFO - [2025-07-17T00:12:42.639+0530] {dag.py:4180} INFO - Setting next_dagrun for example_kubernetes_executor to None, run_after=None
[2025-07-17T00:12:42.650+0530] {processor.py:208} INFO - Processing /Users/parth/Desktop/Engine/venv/lib/python3.11/site-packages/airflow/example_dags/example_kubernetes_executor.py took 0.247 seconds
[2025-07-17T00:15:24.803+0530] {processor.py:186} INFO - Started process (PID=9243) to work on /Users/parth/Desktop/Engine/venv/lib/python3.11/site-packages/airflow/example_dags/example_kubernetes_executor.py
[2025-07-17T00:15:24.805+0530] {processor.py:914} INFO - Processing file /Users/parth/Desktop/Engine/venv/lib/python3.11/site-packages/airflow/example_dags/example_kubernetes_executor.py for tasks to queue
[2025-07-17T00:15:24.805+0530] {logging_mixin.py:190} INFO - [2025-07-17T00:15:24.805+0530] {dagbag.py:588} INFO - Filling up the DagBag from /Users/parth/Desktop/Engine/venv/lib/python3.11/site-packages/airflow/example_dags/example_kubernetes_executor.py
[2025-07-17T00:15:24.834+0530] {processor.py:925} INFO - DAG(s) 'example_kubernetes_executor' retrieved from /Users/parth/Desktop/Engine/venv/lib/python3.11/site-packages/airflow/example_dags/example_kubernetes_executor.py
[2025-07-17T00:15:24.898+0530] {logging_mixin.py:190} INFO - [2025-07-17T00:15:24.897+0530] {dag.py:3239} INFO - Sync 1 DAGs
[2025-07-17T00:15:24.904+0530] {logging_mixin.py:190} INFO - [2025-07-17T00:15:24.904+0530] {dag.py:4180} INFO - Setting next_dagrun for example_kubernetes_executor to None, run_after=None
[2025-07-17T00:15:24.915+0530] {processor.py:208} INFO - Processing /Users/parth/Desktop/Engine/venv/lib/python3.11/site-packages/airflow/example_dags/example_kubernetes_executor.py took 0.114 seconds
[2025-07-17T00:20:25.150+0530] {processor.py:186} INFO - Started process (PID=11253) to work on /Users/parth/Desktop/Engine/venv/lib/python3.11/site-packages/airflow/example_dags/example_kubernetes_executor.py
[2025-07-17T00:20:25.152+0530] {processor.py:914} INFO - Processing file /Users/parth/Desktop/Engine/venv/lib/python3.11/site-packages/airflow/example_dags/example_kubernetes_executor.py for tasks to queue
[2025-07-17T00:20:25.153+0530] {logging_mixin.py:190} INFO - [2025-07-17T00:20:25.153+0530] {dagbag.py:588} INFO - Filling up the DagBag from /Users/parth/Desktop/Engine/venv/lib/python3.11/site-packages/airflow/example_dags/example_kubernetes_executor.py
[2025-07-17T00:20:25.220+0530] {processor.py:925} INFO - DAG(s) 'example_kubernetes_executor' retrieved from /Users/parth/Desktop/Engine/venv/lib/python3.11/site-packages/airflow/example_dags/example_kubernetes_executor.py
[2025-07-17T00:20:25.373+0530] {logging_mixin.py:190} INFO - [2025-07-17T00:20:25.372+0530] {dag.py:3239} INFO - Sync 1 DAGs
[2025-07-17T00:20:25.389+0530] {logging_mixin.py:190} INFO - [2025-07-17T00:20:25.388+0530] {dag.py:4180} INFO - Setting next_dagrun for example_kubernetes_executor to None, run_after=None
[2025-07-17T00:20:25.416+0530] {processor.py:208} INFO - Processing /Users/parth/Desktop/Engine/venv/lib/python3.11/site-packages/airflow/example_dags/example_kubernetes_executor.py took 0.271 seconds
[2025-07-17T00:24:54.008+0530] {processor.py:186} INFO - Started process (PID=13189) to work on /Users/parth/Desktop/Engine/venv/lib/python3.11/site-packages/airflow/example_dags/example_kubernetes_executor.py
[2025-07-17T00:24:54.009+0530] {processor.py:914} INFO - Processing file /Users/parth/Desktop/Engine/venv/lib/python3.11/site-packages/airflow/example_dags/example_kubernetes_executor.py for tasks to queue
[2025-07-17T00:24:54.009+0530] {logging_mixin.py:190} INFO - [2025-07-17T00:24:54.009+0530] {dagbag.py:588} INFO - Filling up the DagBag from /Users/parth/Desktop/Engine/venv/lib/python3.11/site-packages/airflow/example_dags/example_kubernetes_executor.py
[2025-07-17T00:24:54.037+0530] {processor.py:925} INFO - DAG(s) 'example_kubernetes_executor' retrieved from /Users/parth/Desktop/Engine/venv/lib/python3.11/site-packages/airflow/example_dags/example_kubernetes_executor.py
[2025-07-17T00:24:54.098+0530] {logging_mixin.py:190} INFO - [2025-07-17T00:24:54.098+0530] {dag.py:3239} INFO - Sync 1 DAGs
[2025-07-17T00:24:54.104+0530] {logging_mixin.py:190} INFO - [2025-07-17T00:24:54.104+0530] {dag.py:4180} INFO - Setting next_dagrun for example_kubernetes_executor to None, run_after=None
[2025-07-17T00:24:54.115+0530] {processor.py:208} INFO - Processing /Users/parth/Desktop/Engine/venv/lib/python3.11/site-packages/airflow/example_dags/example_kubernetes_executor.py took 0.110 seconds
[2025-07-17T00:28:55.587+0530] {processor.py:186} INFO - Started process (PID=14792) to work on /Users/parth/Desktop/Engine/venv/lib/python3.11/site-packages/airflow/example_dags/example_kubernetes_executor.py
[2025-07-17T00:28:55.588+0530] {processor.py:914} INFO - Processing file /Users/parth/Desktop/Engine/venv/lib/python3.11/site-packages/airflow/example_dags/example_kubernetes_executor.py for tasks to queue
[2025-07-17T00:28:55.588+0530] {logging_mixin.py:190} INFO - [2025-07-17T00:28:55.588+0530] {dagbag.py:588} INFO - Filling up the DagBag from /Users/parth/Desktop/Engine/venv/lib/python3.11/site-packages/airflow/example_dags/example_kubernetes_executor.py
[2025-07-17T00:28:55.618+0530] {processor.py:925} INFO - DAG(s) 'example_kubernetes_executor' retrieved from /Users/parth/Desktop/Engine/venv/lib/python3.11/site-packages/airflow/example_dags/example_kubernetes_executor.py
[2025-07-17T00:28:55.680+0530] {logging_mixin.py:190} INFO - [2025-07-17T00:28:55.680+0530] {dag.py:3239} INFO - Sync 1 DAGs
[2025-07-17T00:28:55.687+0530] {logging_mixin.py:190} INFO - [2025-07-17T00:28:55.687+0530] {dag.py:4180} INFO - Setting next_dagrun for example_kubernetes_executor to None, run_after=None
[2025-07-17T00:28:55.699+0530] {processor.py:208} INFO - Processing /Users/parth/Desktop/Engine/venv/lib/python3.11/site-packages/airflow/example_dags/example_kubernetes_executor.py took 0.114 seconds
[2025-07-17T00:32:42.441+0530] {processor.py:186} INFO - Started process (PID=16285) to work on /Users/parth/Desktop/Engine/venv/lib/python3.11/site-packages/airflow/example_dags/example_kubernetes_executor.py
[2025-07-17T00:32:42.442+0530] {processor.py:914} INFO - Processing file /Users/parth/Desktop/Engine/venv/lib/python3.11/site-packages/airflow/example_dags/example_kubernetes_executor.py for tasks to queue
[2025-07-17T00:32:42.443+0530] {logging_mixin.py:190} INFO - [2025-07-17T00:32:42.443+0530] {dagbag.py:588} INFO - Filling up the DagBag from /Users/parth/Desktop/Engine/venv/lib/python3.11/site-packages/airflow/example_dags/example_kubernetes_executor.py
[2025-07-17T00:32:42.471+0530] {processor.py:925} INFO - DAG(s) 'example_kubernetes_executor' retrieved from /Users/parth/Desktop/Engine/venv/lib/python3.11/site-packages/airflow/example_dags/example_kubernetes_executor.py
[2025-07-17T00:32:42.533+0530] {logging_mixin.py:190} INFO - [2025-07-17T00:32:42.533+0530] {dag.py:3239} INFO - Sync 1 DAGs
[2025-07-17T00:32:42.540+0530] {logging_mixin.py:190} INFO - [2025-07-17T00:32:42.540+0530] {dag.py:4180} INFO - Setting next_dagrun for example_kubernetes_executor to None, run_after=None
[2025-07-17T00:32:42.551+0530] {processor.py:208} INFO - Processing /Users/parth/Desktop/Engine/venv/lib/python3.11/site-packages/airflow/example_dags/example_kubernetes_executor.py took 0.112 seconds
[2025-07-17T00:36:43.042+0530] {processor.py:186} INFO - Started process (PID=17849) to work on /Users/parth/Desktop/Engine/venv/lib/python3.11/site-packages/airflow/example_dags/example_kubernetes_executor.py
[2025-07-17T00:36:43.043+0530] {processor.py:914} INFO - Processing file /Users/parth/Desktop/Engine/venv/lib/python3.11/site-packages/airflow/example_dags/example_kubernetes_executor.py for tasks to queue
[2025-07-17T00:36:43.043+0530] {logging_mixin.py:190} INFO - [2025-07-17T00:36:43.043+0530] {dagbag.py:588} INFO - Filling up the DagBag from /Users/parth/Desktop/Engine/venv/lib/python3.11/site-packages/airflow/example_dags/example_kubernetes_executor.py
[2025-07-17T00:36:43.078+0530] {processor.py:925} INFO - DAG(s) 'example_kubernetes_executor' retrieved from /Users/parth/Desktop/Engine/venv/lib/python3.11/site-packages/airflow/example_dags/example_kubernetes_executor.py
[2025-07-17T00:36:43.147+0530] {logging_mixin.py:190} INFO - [2025-07-17T00:36:43.147+0530] {dag.py:3239} INFO - Sync 1 DAGs
[2025-07-17T00:36:43.154+0530] {logging_mixin.py:190} INFO - [2025-07-17T00:36:43.154+0530] {dag.py:4180} INFO - Setting next_dagrun for example_kubernetes_executor to None, run_after=None
[2025-07-17T00:36:43.167+0530] {processor.py:208} INFO - Processing /Users/parth/Desktop/Engine/venv/lib/python3.11/site-packages/airflow/example_dags/example_kubernetes_executor.py took 0.128 seconds
[2025-07-17T00:41:02.121+0530] {processor.py:186} INFO - Started process (PID=19591) to work on /Users/parth/Desktop/Engine/venv/lib/python3.11/site-packages/airflow/example_dags/example_kubernetes_executor.py
[2025-07-17T00:41:02.122+0530] {processor.py:914} INFO - Processing file /Users/parth/Desktop/Engine/venv/lib/python3.11/site-packages/airflow/example_dags/example_kubernetes_executor.py for tasks to queue
[2025-07-17T00:41:02.123+0530] {logging_mixin.py:190} INFO - [2025-07-17T00:41:02.123+0530] {dagbag.py:588} INFO - Filling up the DagBag from /Users/parth/Desktop/Engine/venv/lib/python3.11/site-packages/airflow/example_dags/example_kubernetes_executor.py
[2025-07-17T00:41:02.152+0530] {processor.py:925} INFO - DAG(s) 'example_kubernetes_executor' retrieved from /Users/parth/Desktop/Engine/venv/lib/python3.11/site-packages/airflow/example_dags/example_kubernetes_executor.py
[2025-07-17T00:41:02.216+0530] {logging_mixin.py:190} INFO - [2025-07-17T00:41:02.215+0530] {dag.py:3239} INFO - Sync 1 DAGs
[2025-07-17T00:41:02.223+0530] {logging_mixin.py:190} INFO - [2025-07-17T00:41:02.223+0530] {dag.py:4180} INFO - Setting next_dagrun for example_kubernetes_executor to None, run_after=None
[2025-07-17T00:41:02.235+0530] {processor.py:208} INFO - Processing /Users/parth/Desktop/Engine/venv/lib/python3.11/site-packages/airflow/example_dags/example_kubernetes_executor.py took 0.116 seconds
[2025-07-17T00:45:24.586+0530] {processor.py:186} INFO - Started process (PID=21309) to work on /Users/parth/Desktop/Engine/venv/lib/python3.11/site-packages/airflow/example_dags/example_kubernetes_executor.py
[2025-07-17T00:45:24.587+0530] {processor.py:914} INFO - Processing file /Users/parth/Desktop/Engine/venv/lib/python3.11/site-packages/airflow/example_dags/example_kubernetes_executor.py for tasks to queue
[2025-07-17T00:45:24.588+0530] {logging_mixin.py:190} INFO - [2025-07-17T00:45:24.587+0530] {dagbag.py:588} INFO - Filling up the DagBag from /Users/parth/Desktop/Engine/venv/lib/python3.11/site-packages/airflow/example_dags/example_kubernetes_executor.py
[2025-07-17T00:45:24.616+0530] {processor.py:925} INFO - DAG(s) 'example_kubernetes_executor' retrieved from /Users/parth/Desktop/Engine/venv/lib/python3.11/site-packages/airflow/example_dags/example_kubernetes_executor.py
[2025-07-17T00:45:24.679+0530] {logging_mixin.py:190} INFO - [2025-07-17T00:45:24.679+0530] {dag.py:3239} INFO - Sync 1 DAGs
[2025-07-17T00:45:24.686+0530] {logging_mixin.py:190} INFO - [2025-07-17T00:45:24.685+0530] {dag.py:4180} INFO - Setting next_dagrun for example_kubernetes_executor to None, run_after=None
[2025-07-17T00:45:24.697+0530] {processor.py:208} INFO - Processing /Users/parth/Desktop/Engine/venv/lib/python3.11/site-packages/airflow/example_dags/example_kubernetes_executor.py took 0.113 seconds
[2025-07-17T05:20:13.487+0530] {processor.py:186} INFO - Started process (PID=23003) to work on /Users/parth/Desktop/Engine/venv/lib/python3.11/site-packages/airflow/example_dags/example_kubernetes_executor.py
[2025-07-17T05:20:13.487+0530] {processor.py:914} INFO - Processing file /Users/parth/Desktop/Engine/venv/lib/python3.11/site-packages/airflow/example_dags/example_kubernetes_executor.py for tasks to queue
[2025-07-17T05:20:13.488+0530] {logging_mixin.py:190} INFO - [2025-07-17T05:20:13.488+0530] {dagbag.py:588} INFO - Filling up the DagBag from /Users/parth/Desktop/Engine/venv/lib/python3.11/site-packages/airflow/example_dags/example_kubernetes_executor.py
[2025-07-17T05:20:13.517+0530] {processor.py:925} INFO - DAG(s) 'example_kubernetes_executor' retrieved from /Users/parth/Desktop/Engine/venv/lib/python3.11/site-packages/airflow/example_dags/example_kubernetes_executor.py
[2025-07-17T05:20:13.580+0530] {logging_mixin.py:190} INFO - [2025-07-17T05:20:13.580+0530] {dag.py:3239} INFO - Sync 1 DAGs
[2025-07-17T05:20:13.586+0530] {logging_mixin.py:190} INFO - [2025-07-17T05:20:13.586+0530] {dag.py:4180} INFO - Setting next_dagrun for example_kubernetes_executor to None, run_after=None
[2025-07-17T05:20:13.597+0530] {processor.py:208} INFO - Processing /Users/parth/Desktop/Engine/venv/lib/python3.11/site-packages/airflow/example_dags/example_kubernetes_executor.py took 0.113 seconds
