[2025-07-17T00:12:39.765+0530] {processor.py:186} INFO - Started process (PID=8158) to work on /Users/parth/Desktop/Engine/venv/lib/python3.11/site-packages/airflow/example_dags/example_latest_only.py
[2025-07-17T00:12:39.766+0530] {processor.py:914} INFO - Processing file /Users/parth/Desktop/Engine/venv/lib/python3.11/site-packages/airflow/example_dags/example_latest_only.py for tasks to queue
[2025-07-17T00:12:39.767+0530] {logging_mixin.py:190} INFO - [2025-07-17T00:12:39.767+0530] {dagbag.py:588} INFO - Filling up the DagBag from /Users/parth/Desktop/Engine/venv/lib/python3.11/site-packages/airflow/example_dags/example_latest_only.py
[2025-07-17T00:12:39.772+0530] {processor.py:925} INFO - DAG(s) 'latest_only' retrieved from /Users/parth/Desktop/Engine/venv/lib/python3.11/site-packages/airflow/example_dags/example_latest_only.py
[2025-07-17T00:12:39.884+0530] {logging_mixin.py:190} INFO - [2025-07-17T00:12:39.884+0530] {override.py:1930} INFO - Created Permission View: can delete on DAG:latest_only
[2025-07-17T00:12:39.890+0530] {logging_mixin.py:190} INFO - [2025-07-17T00:12:39.889+0530] {override.py:1930} INFO - Created Permission View: can edit on DAG:latest_only
[2025-07-17T00:12:39.893+0530] {logging_mixin.py:190} INFO - [2025-07-17T00:12:39.893+0530] {override.py:1930} INFO - Created Permission View: can read on DAG:latest_only
[2025-07-17T00:12:39.898+0530] {logging_mixin.py:190} INFO - [2025-07-17T00:12:39.898+0530] {override.py:1930} INFO - Created Permission View: can delete on DAG Run:latest_only
[2025-07-17T00:12:39.901+0530] {logging_mixin.py:190} INFO - [2025-07-17T00:12:39.901+0530] {override.py:1930} INFO - Created Permission View: menu access on DAG Run:latest_only
[2025-07-17T00:12:39.904+0530] {logging_mixin.py:190} INFO - [2025-07-17T00:12:39.904+0530] {override.py:1930} INFO - Created Permission View: can create on DAG Run:latest_only
[2025-07-17T00:12:39.907+0530] {logging_mixin.py:190} INFO - [2025-07-17T00:12:39.907+0530] {override.py:1930} INFO - Created Permission View: can read on DAG Run:latest_only
[2025-07-17T00:12:39.908+0530] {logging_mixin.py:190} INFO - [2025-07-17T00:12:39.908+0530] {dag.py:3239} INFO - Sync 1 DAGs
[2025-07-17T00:12:39.914+0530] {logging_mixin.py:190} INFO - [2025-07-17T00:12:39.914+0530] {dag.py:3262} INFO - Creating ORM DAG for latest_only
[2025-07-17T00:12:39.919+0530] {logging_mixin.py:190} INFO - [2025-07-17T00:12:39.919+0530] {dag.py:4180} INFO - Setting next_dagrun for latest_only to 2025-07-16 12:00:00+00:00, run_after=2025-07-16 16:00:00+00:00
[2025-07-17T00:12:39.928+0530] {processor.py:208} INFO - Processing /Users/parth/Desktop/Engine/venv/lib/python3.11/site-packages/airflow/example_dags/example_latest_only.py took 0.165 seconds
[2025-07-17T00:15:22.142+0530] {processor.py:186} INFO - Started process (PID=9228) to work on /Users/parth/Desktop/Engine/venv/lib/python3.11/site-packages/airflow/example_dags/example_latest_only.py
[2025-07-17T00:15:22.143+0530] {processor.py:914} INFO - Processing file /Users/parth/Desktop/Engine/venv/lib/python3.11/site-packages/airflow/example_dags/example_latest_only.py for tasks to queue
[2025-07-17T00:15:22.144+0530] {logging_mixin.py:190} INFO - [2025-07-17T00:15:22.144+0530] {dagbag.py:588} INFO - Filling up the DagBag from /Users/parth/Desktop/Engine/venv/lib/python3.11/site-packages/airflow/example_dags/example_latest_only.py
[2025-07-17T00:15:22.151+0530] {processor.py:925} INFO - DAG(s) 'latest_only' retrieved from /Users/parth/Desktop/Engine/venv/lib/python3.11/site-packages/airflow/example_dags/example_latest_only.py
[2025-07-17T00:15:22.246+0530] {logging_mixin.py:190} INFO - [2025-07-17T00:15:22.246+0530] {dag.py:3239} INFO - Sync 1 DAGs
[2025-07-17T00:15:22.268+0530] {logging_mixin.py:190} INFO - [2025-07-17T00:15:22.268+0530] {dag.py:4180} INFO - Setting next_dagrun for latest_only to 2025-07-16 12:00:00+00:00, run_after=2025-07-16 16:00:00+00:00
[2025-07-17T00:15:22.290+0530] {processor.py:208} INFO - Processing /Users/parth/Desktop/Engine/venv/lib/python3.11/site-packages/airflow/example_dags/example_latest_only.py took 0.151 seconds
[2025-07-17T00:20:21.338+0530] {processor.py:186} INFO - Started process (PID=11227) to work on /Users/parth/Desktop/Engine/venv/lib/python3.11/site-packages/airflow/example_dags/example_latest_only.py
[2025-07-17T00:20:21.342+0530] {processor.py:914} INFO - Processing file /Users/parth/Desktop/Engine/venv/lib/python3.11/site-packages/airflow/example_dags/example_latest_only.py for tasks to queue
[2025-07-17T00:20:21.343+0530] {logging_mixin.py:190} INFO - [2025-07-17T00:20:21.343+0530] {dagbag.py:588} INFO - Filling up the DagBag from /Users/parth/Desktop/Engine/venv/lib/python3.11/site-packages/airflow/example_dags/example_latest_only.py
[2025-07-17T00:20:21.359+0530] {processor.py:925} INFO - DAG(s) 'latest_only' retrieved from /Users/parth/Desktop/Engine/venv/lib/python3.11/site-packages/airflow/example_dags/example_latest_only.py
[2025-07-17T00:20:21.508+0530] {logging_mixin.py:190} INFO - [2025-07-17T00:20:21.507+0530] {dag.py:3239} INFO - Sync 1 DAGs
[2025-07-17T00:20:21.536+0530] {logging_mixin.py:190} INFO - [2025-07-17T00:20:21.536+0530] {dag.py:4180} INFO - Setting next_dagrun for latest_only to 2025-07-16 12:00:00+00:00, run_after=2025-07-16 16:00:00+00:00
[2025-07-17T00:20:21.565+0530] {processor.py:208} INFO - Processing /Users/parth/Desktop/Engine/venv/lib/python3.11/site-packages/airflow/example_dags/example_latest_only.py took 0.233 seconds
[2025-07-17T00:24:51.426+0530] {processor.py:186} INFO - Started process (PID=13174) to work on /Users/parth/Desktop/Engine/venv/lib/python3.11/site-packages/airflow/example_dags/example_latest_only.py
[2025-07-17T00:24:51.428+0530] {processor.py:914} INFO - Processing file /Users/parth/Desktop/Engine/venv/lib/python3.11/site-packages/airflow/example_dags/example_latest_only.py for tasks to queue
[2025-07-17T00:24:51.429+0530] {logging_mixin.py:190} INFO - [2025-07-17T00:24:51.428+0530] {dagbag.py:588} INFO - Filling up the DagBag from /Users/parth/Desktop/Engine/venv/lib/python3.11/site-packages/airflow/example_dags/example_latest_only.py
[2025-07-17T00:24:51.436+0530] {processor.py:925} INFO - DAG(s) 'latest_only' retrieved from /Users/parth/Desktop/Engine/venv/lib/python3.11/site-packages/airflow/example_dags/example_latest_only.py
[2025-07-17T00:24:51.536+0530] {logging_mixin.py:190} INFO - [2025-07-17T00:24:51.536+0530] {dag.py:3239} INFO - Sync 1 DAGs
[2025-07-17T00:24:51.555+0530] {logging_mixin.py:190} INFO - [2025-07-17T00:24:51.555+0530] {dag.py:4180} INFO - Setting next_dagrun for latest_only to 2025-07-16 12:00:00+00:00, run_after=2025-07-16 16:00:00+00:00
[2025-07-17T00:24:51.572+0530] {processor.py:208} INFO - Processing /Users/parth/Desktop/Engine/venv/lib/python3.11/site-packages/airflow/example_dags/example_latest_only.py took 0.149 seconds
[2025-07-17T00:28:53.105+0530] {processor.py:186} INFO - Started process (PID=14777) to work on /Users/parth/Desktop/Engine/venv/lib/python3.11/site-packages/airflow/example_dags/example_latest_only.py
[2025-07-17T00:28:53.106+0530] {processor.py:914} INFO - Processing file /Users/parth/Desktop/Engine/venv/lib/python3.11/site-packages/airflow/example_dags/example_latest_only.py for tasks to queue
[2025-07-17T00:28:53.106+0530] {logging_mixin.py:190} INFO - [2025-07-17T00:28:53.106+0530] {dagbag.py:588} INFO - Filling up the DagBag from /Users/parth/Desktop/Engine/venv/lib/python3.11/site-packages/airflow/example_dags/example_latest_only.py
[2025-07-17T00:28:53.111+0530] {processor.py:925} INFO - DAG(s) 'latest_only' retrieved from /Users/parth/Desktop/Engine/venv/lib/python3.11/site-packages/airflow/example_dags/example_latest_only.py
[2025-07-17T00:28:53.171+0530] {logging_mixin.py:190} INFO - [2025-07-17T00:28:53.170+0530] {dag.py:3239} INFO - Sync 1 DAGs
[2025-07-17T00:28:53.182+0530] {logging_mixin.py:190} INFO - [2025-07-17T00:28:53.182+0530] {dag.py:4180} INFO - Setting next_dagrun for latest_only to 2025-07-16 12:00:00+00:00, run_after=2025-07-16 16:00:00+00:00
[2025-07-17T00:28:53.193+0530] {processor.py:208} INFO - Processing /Users/parth/Desktop/Engine/venv/lib/python3.11/site-packages/airflow/example_dags/example_latest_only.py took 0.090 seconds
[2025-07-17T00:32:39.987+0530] {processor.py:186} INFO - Started process (PID=16272) to work on /Users/parth/Desktop/Engine/venv/lib/python3.11/site-packages/airflow/example_dags/example_latest_only.py
[2025-07-17T00:32:39.988+0530] {processor.py:914} INFO - Processing file /Users/parth/Desktop/Engine/venv/lib/python3.11/site-packages/airflow/example_dags/example_latest_only.py for tasks to queue
[2025-07-17T00:32:39.989+0530] {logging_mixin.py:190} INFO - [2025-07-17T00:32:39.989+0530] {dagbag.py:588} INFO - Filling up the DagBag from /Users/parth/Desktop/Engine/venv/lib/python3.11/site-packages/airflow/example_dags/example_latest_only.py
[2025-07-17T00:32:39.993+0530] {processor.py:925} INFO - DAG(s) 'latest_only' retrieved from /Users/parth/Desktop/Engine/venv/lib/python3.11/site-packages/airflow/example_dags/example_latest_only.py
[2025-07-17T00:32:40.054+0530] {logging_mixin.py:190} INFO - [2025-07-17T00:32:40.054+0530] {dag.py:3239} INFO - Sync 1 DAGs
[2025-07-17T00:32:40.065+0530] {logging_mixin.py:190} INFO - [2025-07-17T00:32:40.065+0530] {dag.py:4180} INFO - Setting next_dagrun for latest_only to 2025-07-16 12:00:00+00:00, run_after=2025-07-16 16:00:00+00:00
[2025-07-17T00:32:40.076+0530] {processor.py:208} INFO - Processing /Users/parth/Desktop/Engine/venv/lib/python3.11/site-packages/airflow/example_dags/example_latest_only.py took 0.092 seconds
[2025-07-17T00:36:40.304+0530] {processor.py:186} INFO - Started process (PID=17836) to work on /Users/parth/Desktop/Engine/venv/lib/python3.11/site-packages/airflow/example_dags/example_latest_only.py
[2025-07-17T00:36:40.307+0530] {processor.py:914} INFO - Processing file /Users/parth/Desktop/Engine/venv/lib/python3.11/site-packages/airflow/example_dags/example_latest_only.py for tasks to queue
[2025-07-17T00:36:40.308+0530] {logging_mixin.py:190} INFO - [2025-07-17T00:36:40.308+0530] {dagbag.py:588} INFO - Filling up the DagBag from /Users/parth/Desktop/Engine/venv/lib/python3.11/site-packages/airflow/example_dags/example_latest_only.py
[2025-07-17T00:36:40.319+0530] {processor.py:925} INFO - DAG(s) 'latest_only' retrieved from /Users/parth/Desktop/Engine/venv/lib/python3.11/site-packages/airflow/example_dags/example_latest_only.py
[2025-07-17T00:36:40.461+0530] {logging_mixin.py:190} INFO - [2025-07-17T00:36:40.460+0530] {dag.py:3239} INFO - Sync 1 DAGs
[2025-07-17T00:36:40.487+0530] {logging_mixin.py:190} INFO - [2025-07-17T00:36:40.486+0530] {dag.py:4180} INFO - Setting next_dagrun for latest_only to 2025-07-16 12:00:00+00:00, run_after=2025-07-16 16:00:00+00:00
[2025-07-17T00:36:40.513+0530] {processor.py:208} INFO - Processing /Users/parth/Desktop/Engine/venv/lib/python3.11/site-packages/airflow/example_dags/example_latest_only.py took 0.213 seconds
[2025-07-17T00:41:00.456+0530] {processor.py:186} INFO - Started process (PID=19578) to work on /Users/parth/Desktop/Engine/venv/lib/python3.11/site-packages/airflow/example_dags/example_latest_only.py
[2025-07-17T00:41:00.457+0530] {processor.py:914} INFO - Processing file /Users/parth/Desktop/Engine/venv/lib/python3.11/site-packages/airflow/example_dags/example_latest_only.py for tasks to queue
[2025-07-17T00:41:00.458+0530] {logging_mixin.py:190} INFO - [2025-07-17T00:41:00.457+0530] {dagbag.py:588} INFO - Filling up the DagBag from /Users/parth/Desktop/Engine/venv/lib/python3.11/site-packages/airflow/example_dags/example_latest_only.py
[2025-07-17T00:41:00.463+0530] {processor.py:925} INFO - DAG(s) 'latest_only' retrieved from /Users/parth/Desktop/Engine/venv/lib/python3.11/site-packages/airflow/example_dags/example_latest_only.py
[2025-07-17T00:41:00.525+0530] {logging_mixin.py:190} INFO - [2025-07-17T00:41:00.525+0530] {dag.py:3239} INFO - Sync 1 DAGs
[2025-07-17T00:41:00.537+0530] {logging_mixin.py:190} INFO - [2025-07-17T00:41:00.537+0530] {dag.py:4180} INFO - Setting next_dagrun for latest_only to 2025-07-16 12:00:00+00:00, run_after=2025-07-16 16:00:00+00:00
[2025-07-17T00:41:00.548+0530] {processor.py:208} INFO - Processing /Users/parth/Desktop/Engine/venv/lib/python3.11/site-packages/airflow/example_dags/example_latest_only.py took 0.095 seconds
[2025-07-17T00:45:22.040+0530] {processor.py:186} INFO - Started process (PID=21294) to work on /Users/parth/Desktop/Engine/venv/lib/python3.11/site-packages/airflow/example_dags/example_latest_only.py
[2025-07-17T00:45:22.042+0530] {processor.py:914} INFO - Processing file /Users/parth/Desktop/Engine/venv/lib/python3.11/site-packages/airflow/example_dags/example_latest_only.py for tasks to queue
[2025-07-17T00:45:22.042+0530] {logging_mixin.py:190} INFO - [2025-07-17T00:45:22.042+0530] {dagbag.py:588} INFO - Filling up the DagBag from /Users/parth/Desktop/Engine/venv/lib/python3.11/site-packages/airflow/example_dags/example_latest_only.py
[2025-07-17T00:45:22.047+0530] {processor.py:925} INFO - DAG(s) 'latest_only' retrieved from /Users/parth/Desktop/Engine/venv/lib/python3.11/site-packages/airflow/example_dags/example_latest_only.py
[2025-07-17T00:45:22.108+0530] {logging_mixin.py:190} INFO - [2025-07-17T00:45:22.108+0530] {dag.py:3239} INFO - Sync 1 DAGs
[2025-07-17T00:45:22.120+0530] {logging_mixin.py:190} INFO - [2025-07-17T00:45:22.119+0530] {dag.py:4180} INFO - Setting next_dagrun for latest_only to 2025-07-16 12:00:00+00:00, run_after=2025-07-16 16:00:00+00:00
[2025-07-17T00:45:22.130+0530] {processor.py:208} INFO - Processing /Users/parth/Desktop/Engine/venv/lib/python3.11/site-packages/airflow/example_dags/example_latest_only.py took 0.093 seconds
[2025-07-17T05:20:11.589+0530] {processor.py:186} INFO - Started process (PID=22989) to work on /Users/parth/Desktop/Engine/venv/lib/python3.11/site-packages/airflow/example_dags/example_latest_only.py
[2025-07-17T05:20:11.590+0530] {processor.py:914} INFO - Processing file /Users/parth/Desktop/Engine/venv/lib/python3.11/site-packages/airflow/example_dags/example_latest_only.py for tasks to queue
[2025-07-17T05:20:11.591+0530] {logging_mixin.py:190} INFO - [2025-07-17T05:20:11.591+0530] {dagbag.py:588} INFO - Filling up the DagBag from /Users/parth/Desktop/Engine/venv/lib/python3.11/site-packages/airflow/example_dags/example_latest_only.py
[2025-07-17T05:20:11.596+0530] {processor.py:925} INFO - DAG(s) 'latest_only' retrieved from /Users/parth/Desktop/Engine/venv/lib/python3.11/site-packages/airflow/example_dags/example_latest_only.py
[2025-07-17T05:20:11.663+0530] {logging_mixin.py:190} INFO - [2025-07-17T05:20:11.663+0530] {dag.py:3239} INFO - Sync 1 DAGs
[2025-07-17T05:20:11.676+0530] {logging_mixin.py:190} INFO - [2025-07-17T05:20:11.676+0530] {dag.py:4180} INFO - Setting next_dagrun for latest_only to 2025-07-16 16:00:00+00:00, run_after=2025-07-16 20:00:00+00:00
[2025-07-17T05:20:11.689+0530] {processor.py:208} INFO - Processing /Users/parth/Desktop/Engine/venv/lib/python3.11/site-packages/airflow/example_dags/example_latest_only.py took 0.103 seconds
