[2025-07-17T00:12:34.317+0530] {processor.py:186} INFO - Started process (PID=8127) to work on /Users/parth/Desktop/Engine/venv/lib/python3.11/site-packages/airflow/example_dags/example_local_kubernetes_executor.py
[2025-07-17T00:12:34.317+0530] {processor.py:914} INFO - Processing file /Users/parth/Desktop/Engine/venv/lib/python3.11/site-packages/airflow/example_dags/example_local_kubernetes_executor.py for tasks to queue
[2025-07-17T00:12:34.318+0530] {logging_mixin.py:190} INFO - [2025-07-17T00:12:34.318+0530] {dagbag.py:588} INFO - Filling up the DagBag from /Users/parth/Desktop/Engine/venv/lib/python3.11/site-packages/airflow/example_dags/example_local_kubernetes_executor.py
[2025-07-17T00:12:34.347+0530] {processor.py:925} INFO - DAG(s) 'example_local_kubernetes_executor' retrieved from /Users/parth/Desktop/Engine/venv/lib/python3.11/site-packages/airflow/example_dags/example_local_kubernetes_executor.py
[2025-07-17T00:12:34.468+0530] {logging_mixin.py:190} INFO - [2025-07-17T00:12:34.468+0530] {override.py:1930} INFO - Created Permission View: can edit on DAG:example_local_kubernetes_executor
[2025-07-17T00:12:34.473+0530] {logging_mixin.py:190} INFO - [2025-07-17T00:12:34.473+0530] {override.py:1930} INFO - Created Permission View: can read on DAG:example_local_kubernetes_executor
[2025-07-17T00:12:34.477+0530] {logging_mixin.py:190} INFO - [2025-07-17T00:12:34.477+0530] {override.py:1930} INFO - Created Permission View: can delete on DAG:example_local_kubernetes_executor
[2025-07-17T00:12:34.481+0530] {logging_mixin.py:190} INFO - [2025-07-17T00:12:34.481+0530] {override.py:1930} INFO - Created Permission View: menu access on DAG Run:example_local_kubernetes_executor
[2025-07-17T00:12:34.485+0530] {logging_mixin.py:190} INFO - [2025-07-17T00:12:34.484+0530] {override.py:1930} INFO - Created Permission View: can create on DAG Run:example_local_kubernetes_executor
[2025-07-17T00:12:34.488+0530] {logging_mixin.py:190} INFO - [2025-07-17T00:12:34.488+0530] {override.py:1930} INFO - Created Permission View: can read on DAG Run:example_local_kubernetes_executor
[2025-07-17T00:12:34.492+0530] {logging_mixin.py:190} INFO - [2025-07-17T00:12:34.491+0530] {override.py:1930} INFO - Created Permission View: can delete on DAG Run:example_local_kubernetes_executor
[2025-07-17T00:12:34.492+0530] {logging_mixin.py:190} INFO - [2025-07-17T00:12:34.492+0530] {dag.py:3239} INFO - Sync 1 DAGs
[2025-07-17T00:12:34.554+0530] {logging_mixin.py:190} INFO - [2025-07-17T00:12:34.553+0530] {dag.py:3262} INFO - Creating ORM DAG for example_local_kubernetes_executor
[2025-07-17T00:12:34.554+0530] {logging_mixin.py:190} INFO - [2025-07-17T00:12:34.554+0530] {dag.py:4180} INFO - Setting next_dagrun for example_local_kubernetes_executor to None, run_after=None
[2025-07-17T00:12:34.565+0530] {processor.py:208} INFO - Processing /Users/parth/Desktop/Engine/venv/lib/python3.11/site-packages/airflow/example_dags/example_local_kubernetes_executor.py took 0.251 seconds
[2025-07-17T00:15:18.270+0530] {processor.py:186} INFO - Started process (PID=9199) to work on /Users/parth/Desktop/Engine/venv/lib/python3.11/site-packages/airflow/example_dags/example_local_kubernetes_executor.py
[2025-07-17T00:15:18.271+0530] {processor.py:914} INFO - Processing file /Users/parth/Desktop/Engine/venv/lib/python3.11/site-packages/airflow/example_dags/example_local_kubernetes_executor.py for tasks to queue
[2025-07-17T00:15:18.272+0530] {logging_mixin.py:190} INFO - [2025-07-17T00:15:18.272+0530] {dagbag.py:588} INFO - Filling up the DagBag from /Users/parth/Desktop/Engine/venv/lib/python3.11/site-packages/airflow/example_dags/example_local_kubernetes_executor.py
[2025-07-17T00:15:18.297+0530] {processor.py:925} INFO - DAG(s) 'example_local_kubernetes_executor' retrieved from /Users/parth/Desktop/Engine/venv/lib/python3.11/site-packages/airflow/example_dags/example_local_kubernetes_executor.py
[2025-07-17T00:15:18.356+0530] {logging_mixin.py:190} INFO - [2025-07-17T00:15:18.356+0530] {dag.py:3239} INFO - Sync 1 DAGs
[2025-07-17T00:15:18.362+0530] {logging_mixin.py:190} INFO - [2025-07-17T00:15:18.362+0530] {dag.py:4180} INFO - Setting next_dagrun for example_local_kubernetes_executor to None, run_after=None
[2025-07-17T00:15:18.372+0530] {processor.py:208} INFO - Processing /Users/parth/Desktop/Engine/venv/lib/python3.11/site-packages/airflow/example_dags/example_local_kubernetes_executor.py took 0.105 seconds
[2025-07-17T00:20:12.915+0530] {processor.py:186} INFO - Started process (PID=11174) to work on /Users/parth/Desktop/Engine/venv/lib/python3.11/site-packages/airflow/example_dags/example_local_kubernetes_executor.py
[2025-07-17T00:20:12.917+0530] {processor.py:914} INFO - Processing file /Users/parth/Desktop/Engine/venv/lib/python3.11/site-packages/airflow/example_dags/example_local_kubernetes_executor.py for tasks to queue
[2025-07-17T00:20:12.918+0530] {logging_mixin.py:190} INFO - [2025-07-17T00:20:12.918+0530] {dagbag.py:588} INFO - Filling up the DagBag from /Users/parth/Desktop/Engine/venv/lib/python3.11/site-packages/airflow/example_dags/example_local_kubernetes_executor.py
[2025-07-17T00:20:12.982+0530] {processor.py:925} INFO - DAG(s) 'example_local_kubernetes_executor' retrieved from /Users/parth/Desktop/Engine/venv/lib/python3.11/site-packages/airflow/example_dags/example_local_kubernetes_executor.py
[2025-07-17T00:20:13.125+0530] {logging_mixin.py:190} INFO - [2025-07-17T00:20:13.125+0530] {dag.py:3239} INFO - Sync 1 DAGs
[2025-07-17T00:20:13.142+0530] {logging_mixin.py:190} INFO - [2025-07-17T00:20:13.141+0530] {dag.py:4180} INFO - Setting next_dagrun for example_local_kubernetes_executor to None, run_after=None
[2025-07-17T00:20:13.168+0530] {processor.py:208} INFO - Processing /Users/parth/Desktop/Engine/venv/lib/python3.11/site-packages/airflow/example_dags/example_local_kubernetes_executor.py took 0.258 seconds
[2025-07-17T00:22:39.016+0530] {processor.py:186} INFO - Started process (PID=12268) to work on /Users/parth/Desktop/Engine/venv/lib/python3.11/site-packages/airflow/example_dags/example_local_kubernetes_executor.py
[2025-07-17T00:22:39.017+0530] {processor.py:914} INFO - Processing file /Users/parth/Desktop/Engine/venv/lib/python3.11/site-packages/airflow/example_dags/example_local_kubernetes_executor.py for tasks to queue
[2025-07-17T00:22:39.018+0530] {logging_mixin.py:190} INFO - [2025-07-17T00:22:39.018+0530] {dagbag.py:588} INFO - Filling up the DagBag from /Users/parth/Desktop/Engine/venv/lib/python3.11/site-packages/airflow/example_dags/example_local_kubernetes_executor.py
[2025-07-17T00:22:39.045+0530] {processor.py:925} INFO - DAG(s) 'example_local_kubernetes_executor' retrieved from /Users/parth/Desktop/Engine/venv/lib/python3.11/site-packages/airflow/example_dags/example_local_kubernetes_executor.py
[2025-07-17T00:22:39.104+0530] {logging_mixin.py:190} INFO - [2025-07-17T00:22:39.104+0530] {dag.py:3239} INFO - Sync 1 DAGs
[2025-07-17T00:22:39.111+0530] {logging_mixin.py:190} INFO - [2025-07-17T00:22:39.110+0530] {dag.py:4180} INFO - Setting next_dagrun for example_local_kubernetes_executor to None, run_after=None
[2025-07-17T00:22:39.121+0530] {processor.py:208} INFO - Processing /Users/parth/Desktop/Engine/venv/lib/python3.11/site-packages/airflow/example_dags/example_local_kubernetes_executor.py took 0.108 seconds
[2025-07-17T00:24:46.367+0530] {processor.py:186} INFO - Started process (PID=13135) to work on /Users/parth/Desktop/Engine/venv/lib/python3.11/site-packages/airflow/example_dags/example_local_kubernetes_executor.py
[2025-07-17T00:24:46.367+0530] {processor.py:914} INFO - Processing file /Users/parth/Desktop/Engine/venv/lib/python3.11/site-packages/airflow/example_dags/example_local_kubernetes_executor.py for tasks to queue
[2025-07-17T00:24:46.368+0530] {logging_mixin.py:190} INFO - [2025-07-17T00:24:46.368+0530] {dagbag.py:588} INFO - Filling up the DagBag from /Users/parth/Desktop/Engine/venv/lib/python3.11/site-packages/airflow/example_dags/example_local_kubernetes_executor.py
[2025-07-17T00:24:46.394+0530] {processor.py:925} INFO - DAG(s) 'example_local_kubernetes_executor' retrieved from /Users/parth/Desktop/Engine/venv/lib/python3.11/site-packages/airflow/example_dags/example_local_kubernetes_executor.py
[2025-07-17T00:24:46.454+0530] {logging_mixin.py:190} INFO - [2025-07-17T00:24:46.454+0530] {dag.py:3239} INFO - Sync 1 DAGs
[2025-07-17T00:24:46.461+0530] {logging_mixin.py:190} INFO - [2025-07-17T00:24:46.461+0530] {dag.py:4180} INFO - Setting next_dagrun for example_local_kubernetes_executor to None, run_after=None
[2025-07-17T00:24:46.472+0530] {processor.py:208} INFO - Processing /Users/parth/Desktop/Engine/venv/lib/python3.11/site-packages/airflow/example_dags/example_local_kubernetes_executor.py took 0.108 seconds
[2025-07-17T00:28:48.051+0530] {processor.py:186} INFO - Started process (PID=14749) to work on /Users/parth/Desktop/Engine/venv/lib/python3.11/site-packages/airflow/example_dags/example_local_kubernetes_executor.py
[2025-07-17T00:28:48.051+0530] {processor.py:914} INFO - Processing file /Users/parth/Desktop/Engine/venv/lib/python3.11/site-packages/airflow/example_dags/example_local_kubernetes_executor.py for tasks to queue
[2025-07-17T00:28:48.052+0530] {logging_mixin.py:190} INFO - [2025-07-17T00:28:48.052+0530] {dagbag.py:588} INFO - Filling up the DagBag from /Users/parth/Desktop/Engine/venv/lib/python3.11/site-packages/airflow/example_dags/example_local_kubernetes_executor.py
[2025-07-17T00:28:48.078+0530] {processor.py:925} INFO - DAG(s) 'example_local_kubernetes_executor' retrieved from /Users/parth/Desktop/Engine/venv/lib/python3.11/site-packages/airflow/example_dags/example_local_kubernetes_executor.py
[2025-07-17T00:28:48.139+0530] {logging_mixin.py:190} INFO - [2025-07-17T00:28:48.139+0530] {dag.py:3239} INFO - Sync 1 DAGs
[2025-07-17T00:28:48.145+0530] {logging_mixin.py:190} INFO - [2025-07-17T00:28:48.145+0530] {dag.py:4180} INFO - Setting next_dagrun for example_local_kubernetes_executor to None, run_after=None
[2025-07-17T00:28:48.156+0530] {processor.py:208} INFO - Processing /Users/parth/Desktop/Engine/venv/lib/python3.11/site-packages/airflow/example_dags/example_local_kubernetes_executor.py took 0.107 seconds
[2025-07-17T00:32:35.532+0530] {processor.py:186} INFO - Started process (PID=16243) to work on /Users/parth/Desktop/Engine/venv/lib/python3.11/site-packages/airflow/example_dags/example_local_kubernetes_executor.py
[2025-07-17T00:32:35.533+0530] {processor.py:914} INFO - Processing file /Users/parth/Desktop/Engine/venv/lib/python3.11/site-packages/airflow/example_dags/example_local_kubernetes_executor.py for tasks to queue
[2025-07-17T00:32:35.534+0530] {logging_mixin.py:190} INFO - [2025-07-17T00:32:35.533+0530] {dagbag.py:588} INFO - Filling up the DagBag from /Users/parth/Desktop/Engine/venv/lib/python3.11/site-packages/airflow/example_dags/example_local_kubernetes_executor.py
[2025-07-17T00:32:35.559+0530] {processor.py:925} INFO - DAG(s) 'example_local_kubernetes_executor' retrieved from /Users/parth/Desktop/Engine/venv/lib/python3.11/site-packages/airflow/example_dags/example_local_kubernetes_executor.py
[2025-07-17T00:32:35.619+0530] {logging_mixin.py:190} INFO - [2025-07-17T00:32:35.619+0530] {dag.py:3239} INFO - Sync 1 DAGs
[2025-07-17T00:32:35.626+0530] {logging_mixin.py:190} INFO - [2025-07-17T00:32:35.625+0530] {dag.py:4180} INFO - Setting next_dagrun for example_local_kubernetes_executor to None, run_after=None
[2025-07-17T00:32:35.636+0530] {processor.py:208} INFO - Processing /Users/parth/Desktop/Engine/venv/lib/python3.11/site-packages/airflow/example_dags/example_local_kubernetes_executor.py took 0.106 seconds
[2025-07-17T00:36:34.925+0530] {processor.py:186} INFO - Started process (PID=17796) to work on /Users/parth/Desktop/Engine/venv/lib/python3.11/site-packages/airflow/example_dags/example_local_kubernetes_executor.py
[2025-07-17T00:36:34.926+0530] {processor.py:914} INFO - Processing file /Users/parth/Desktop/Engine/venv/lib/python3.11/site-packages/airflow/example_dags/example_local_kubernetes_executor.py for tasks to queue
[2025-07-17T00:36:34.927+0530] {logging_mixin.py:190} INFO - [2025-07-17T00:36:34.927+0530] {dagbag.py:588} INFO - Filling up the DagBag from /Users/parth/Desktop/Engine/venv/lib/python3.11/site-packages/airflow/example_dags/example_local_kubernetes_executor.py
[2025-07-17T00:36:34.954+0530] {processor.py:925} INFO - DAG(s) 'example_local_kubernetes_executor' retrieved from /Users/parth/Desktop/Engine/venv/lib/python3.11/site-packages/airflow/example_dags/example_local_kubernetes_executor.py
[2025-07-17T00:36:35.017+0530] {logging_mixin.py:190} INFO - [2025-07-17T00:36:35.017+0530] {dag.py:3239} INFO - Sync 1 DAGs
[2025-07-17T00:36:35.023+0530] {logging_mixin.py:190} INFO - [2025-07-17T00:36:35.023+0530] {dag.py:4180} INFO - Setting next_dagrun for example_local_kubernetes_executor to None, run_after=None
[2025-07-17T00:36:35.035+0530] {processor.py:208} INFO - Processing /Users/parth/Desktop/Engine/venv/lib/python3.11/site-packages/airflow/example_dags/example_local_kubernetes_executor.py took 0.112 seconds
[2025-07-17T00:40:55.953+0530] {processor.py:186} INFO - Started process (PID=19549) to work on /Users/parth/Desktop/Engine/venv/lib/python3.11/site-packages/airflow/example_dags/example_local_kubernetes_executor.py
[2025-07-17T00:40:55.954+0530] {processor.py:914} INFO - Processing file /Users/parth/Desktop/Engine/venv/lib/python3.11/site-packages/airflow/example_dags/example_local_kubernetes_executor.py for tasks to queue
[2025-07-17T00:40:55.955+0530] {logging_mixin.py:190} INFO - [2025-07-17T00:40:55.955+0530] {dagbag.py:588} INFO - Filling up the DagBag from /Users/parth/Desktop/Engine/venv/lib/python3.11/site-packages/airflow/example_dags/example_local_kubernetes_executor.py
[2025-07-17T00:40:55.985+0530] {processor.py:925} INFO - DAG(s) 'example_local_kubernetes_executor' retrieved from /Users/parth/Desktop/Engine/venv/lib/python3.11/site-packages/airflow/example_dags/example_local_kubernetes_executor.py
[2025-07-17T00:40:56.047+0530] {logging_mixin.py:190} INFO - [2025-07-17T00:40:56.047+0530] {dag.py:3239} INFO - Sync 1 DAGs
[2025-07-17T00:40:56.054+0530] {logging_mixin.py:190} INFO - [2025-07-17T00:40:56.054+0530] {dag.py:4180} INFO - Setting next_dagrun for example_local_kubernetes_executor to None, run_after=None
[2025-07-17T00:40:56.067+0530] {processor.py:208} INFO - Processing /Users/parth/Desktop/Engine/venv/lib/python3.11/site-packages/airflow/example_dags/example_local_kubernetes_executor.py took 0.117 seconds
[2025-07-17T00:45:17.013+0530] {processor.py:186} INFO - Started process (PID=21266) to work on /Users/parth/Desktop/Engine/venv/lib/python3.11/site-packages/airflow/example_dags/example_local_kubernetes_executor.py
[2025-07-17T00:45:17.014+0530] {processor.py:914} INFO - Processing file /Users/parth/Desktop/Engine/venv/lib/python3.11/site-packages/airflow/example_dags/example_local_kubernetes_executor.py for tasks to queue
[2025-07-17T00:45:17.014+0530] {logging_mixin.py:190} INFO - [2025-07-17T00:45:17.014+0530] {dagbag.py:588} INFO - Filling up the DagBag from /Users/parth/Desktop/Engine/venv/lib/python3.11/site-packages/airflow/example_dags/example_local_kubernetes_executor.py
[2025-07-17T00:45:17.041+0530] {processor.py:925} INFO - DAG(s) 'example_local_kubernetes_executor' retrieved from /Users/parth/Desktop/Engine/venv/lib/python3.11/site-packages/airflow/example_dags/example_local_kubernetes_executor.py
[2025-07-17T00:45:17.101+0530] {logging_mixin.py:190} INFO - [2025-07-17T00:45:17.101+0530] {dag.py:3239} INFO - Sync 1 DAGs
[2025-07-17T00:45:17.107+0530] {logging_mixin.py:190} INFO - [2025-07-17T00:45:17.107+0530] {dag.py:4180} INFO - Setting next_dagrun for example_local_kubernetes_executor to None, run_after=None
[2025-07-17T00:45:17.119+0530] {processor.py:208} INFO - Processing /Users/parth/Desktop/Engine/venv/lib/python3.11/site-packages/airflow/example_dags/example_local_kubernetes_executor.py took 0.109 seconds
[2025-07-17T05:20:06.931+0530] {processor.py:186} INFO - Started process (PID=22937) to work on /Users/parth/Desktop/Engine/venv/lib/python3.11/site-packages/airflow/example_dags/example_local_kubernetes_executor.py
[2025-07-17T05:20:06.932+0530] {processor.py:914} INFO - Processing file /Users/parth/Desktop/Engine/venv/lib/python3.11/site-packages/airflow/example_dags/example_local_kubernetes_executor.py for tasks to queue
[2025-07-17T05:20:06.932+0530] {logging_mixin.py:190} INFO - [2025-07-17T05:20:06.932+0530] {dagbag.py:588} INFO - Filling up the DagBag from /Users/parth/Desktop/Engine/venv/lib/python3.11/site-packages/airflow/example_dags/example_local_kubernetes_executor.py
[2025-07-17T05:20:06.971+0530] {processor.py:925} INFO - DAG(s) 'example_local_kubernetes_executor' retrieved from /Users/parth/Desktop/Engine/venv/lib/python3.11/site-packages/airflow/example_dags/example_local_kubernetes_executor.py
[2025-07-17T05:20:07.041+0530] {logging_mixin.py:190} INFO - [2025-07-17T05:20:07.041+0530] {dag.py:3239} INFO - Sync 1 DAGs
[2025-07-17T05:20:07.051+0530] {logging_mixin.py:190} INFO - [2025-07-17T05:20:07.050+0530] {dag.py:4180} INFO - Setting next_dagrun for example_local_kubernetes_executor to None, run_after=None
[2025-07-17T05:20:07.062+0530] {processor.py:208} INFO - Processing /Users/parth/Desktop/Engine/venv/lib/python3.11/site-packages/airflow/example_dags/example_local_kubernetes_executor.py took 0.136 seconds
