[2025-07-17T00:13:27.747+0530] {processor.py:186} INFO - Started process (PID=8470) to work on /Users/parth/Desktop/Engine/venv/lib/python3.11/site-packages/airflow/example_dags/example_branch_datetime_operator.py
[2025-07-17T00:13:27.748+0530] {processor.py:914} INFO - Processing file /Users/parth/Desktop/Engine/venv/lib/python3.11/site-packages/airflow/example_dags/example_branch_datetime_operator.py for tasks to queue
[2025-07-17T00:13:27.748+0530] {logging_mixin.py:190} INFO - [2025-07-17T00:13:27.748+0530] {dagbag.py:588} INFO - Filling up the DagBag from /Users/parth/Desktop/Engine/venv/lib/python3.11/site-packages/airflow/example_dags/example_branch_datetime_operator.py
[2025-07-17T00:13:27.756+0530] {processor.py:925} INFO - DAG(s) 'example_branch_datetime_operator', 'example_branch_datetime_operator_3', 'example_branch_datetime_operator_2' retrieved from /Users/parth/Desktop/Engine/venv/lib/python3.11/site-packages/airflow/example_dags/example_branch_datetime_operator.py
[2025-07-17T00:13:27.869+0530] {logging_mixin.py:190} INFO - [2025-07-17T00:13:27.869+0530] {override.py:1930} INFO - Created Permission View: can edit on DAG:example_branch_datetime_operator
[2025-07-17T00:13:27.874+0530] {logging_mixin.py:190} INFO - [2025-07-17T00:13:27.874+0530] {override.py:1930} INFO - Created Permission View: can delete on DAG:example_branch_datetime_operator
[2025-07-17T00:13:27.878+0530] {logging_mixin.py:190} INFO - [2025-07-17T00:13:27.878+0530] {override.py:1930} INFO - Created Permission View: can read on DAG:example_branch_datetime_operator
[2025-07-17T00:13:27.882+0530] {logging_mixin.py:190} INFO - [2025-07-17T00:13:27.882+0530] {override.py:1930} INFO - Created Permission View: can create on DAG Run:example_branch_datetime_operator
[2025-07-17T00:13:27.885+0530] {logging_mixin.py:190} INFO - [2025-07-17T00:13:27.885+0530] {override.py:1930} INFO - Created Permission View: menu access on DAG Run:example_branch_datetime_operator
[2025-07-17T00:13:27.889+0530] {logging_mixin.py:190} INFO - [2025-07-17T00:13:27.889+0530] {override.py:1930} INFO - Created Permission View: can delete on DAG Run:example_branch_datetime_operator
[2025-07-17T00:13:27.893+0530] {logging_mixin.py:190} INFO - [2025-07-17T00:13:27.893+0530] {override.py:1930} INFO - Created Permission View: can read on DAG Run:example_branch_datetime_operator
[2025-07-17T00:13:27.900+0530] {logging_mixin.py:190} INFO - [2025-07-17T00:13:27.900+0530] {override.py:1930} INFO - Created Permission View: can edit on DAG:example_branch_datetime_operator_3
[2025-07-17T00:13:27.903+0530] {logging_mixin.py:190} INFO - [2025-07-17T00:13:27.903+0530] {override.py:1930} INFO - Created Permission View: can delete on DAG:example_branch_datetime_operator_3
[2025-07-17T00:13:27.907+0530] {logging_mixin.py:190} INFO - [2025-07-17T00:13:27.907+0530] {override.py:1930} INFO - Created Permission View: can read on DAG:example_branch_datetime_operator_3
[2025-07-17T00:13:27.912+0530] {logging_mixin.py:190} INFO - [2025-07-17T00:13:27.911+0530] {override.py:1930} INFO - Created Permission View: can create on DAG Run:example_branch_datetime_operator_3
[2025-07-17T00:13:27.915+0530] {logging_mixin.py:190} INFO - [2025-07-17T00:13:27.915+0530] {override.py:1930} INFO - Created Permission View: menu access on DAG Run:example_branch_datetime_operator_3
[2025-07-17T00:13:27.918+0530] {logging_mixin.py:190} INFO - [2025-07-17T00:13:27.918+0530] {override.py:1930} INFO - Created Permission View: can delete on DAG Run:example_branch_datetime_operator_3
[2025-07-17T00:13:27.921+0530] {logging_mixin.py:190} INFO - [2025-07-17T00:13:27.921+0530] {override.py:1930} INFO - Created Permission View: can read on DAG Run:example_branch_datetime_operator_3
[2025-07-17T00:13:27.928+0530] {logging_mixin.py:190} INFO - [2025-07-17T00:13:27.928+0530] {override.py:1930} INFO - Created Permission View: can edit on DAG:example_branch_datetime_operator_2
[2025-07-17T00:13:27.932+0530] {logging_mixin.py:190} INFO - [2025-07-17T00:13:27.931+0530] {override.py:1930} INFO - Created Permission View: can delete on DAG:example_branch_datetime_operator_2
[2025-07-17T00:13:27.935+0530] {logging_mixin.py:190} INFO - [2025-07-17T00:13:27.935+0530] {override.py:1930} INFO - Created Permission View: can read on DAG:example_branch_datetime_operator_2
[2025-07-17T00:13:27.940+0530] {logging_mixin.py:190} INFO - [2025-07-17T00:13:27.940+0530] {override.py:1930} INFO - Created Permission View: can create on DAG Run:example_branch_datetime_operator_2
[2025-07-17T00:13:27.944+0530] {logging_mixin.py:190} INFO - [2025-07-17T00:13:27.944+0530] {override.py:1930} INFO - Created Permission View: menu access on DAG Run:example_branch_datetime_operator_2
[2025-07-17T00:13:27.947+0530] {logging_mixin.py:190} INFO - [2025-07-17T00:13:27.947+0530] {override.py:1930} INFO - Created Permission View: can delete on DAG Run:example_branch_datetime_operator_2
[2025-07-17T00:13:27.950+0530] {logging_mixin.py:190} INFO - [2025-07-17T00:13:27.950+0530] {override.py:1930} INFO - Created Permission View: can read on DAG Run:example_branch_datetime_operator_2
[2025-07-17T00:13:27.950+0530] {logging_mixin.py:190} INFO - [2025-07-17T00:13:27.950+0530] {dag.py:3239} INFO - Sync 3 DAGs
[2025-07-17T00:13:27.957+0530] {logging_mixin.py:190} INFO - [2025-07-17T00:13:27.957+0530] {dag.py:3262} INFO - Creating ORM DAG for example_branch_datetime_operator
[2025-07-17T00:13:27.958+0530] {logging_mixin.py:190} INFO - [2025-07-17T00:13:27.958+0530] {dag.py:3262} INFO - Creating ORM DAG for example_branch_datetime_operator_2
[2025-07-17T00:13:27.958+0530] {logging_mixin.py:190} INFO - [2025-07-17T00:13:27.958+0530] {dag.py:3262} INFO - Creating ORM DAG for example_branch_datetime_operator_3
[2025-07-17T00:13:27.964+0530] {logging_mixin.py:190} INFO - [2025-07-17T00:13:27.964+0530] {dag.py:4180} INFO - Setting next_dagrun for example_branch_datetime_operator to 2025-07-15 00:00:00+00:00, run_after=2025-07-16 00:00:00+00:00
[2025-07-17T00:13:27.965+0530] {logging_mixin.py:190} INFO - [2025-07-17T00:13:27.965+0530] {dag.py:4180} INFO - Setting next_dagrun for example_branch_datetime_operator_2 to 2025-07-15 00:00:00+00:00, run_after=2025-07-16 00:00:00+00:00
[2025-07-17T00:13:27.966+0530] {logging_mixin.py:190} INFO - [2025-07-17T00:13:27.966+0530] {dag.py:4180} INFO - Setting next_dagrun for example_branch_datetime_operator_3 to 2025-07-15 00:00:00+00:00, run_after=2025-07-16 00:00:00+00:00
[2025-07-17T00:13:27.976+0530] {processor.py:208} INFO - Processing /Users/parth/Desktop/Engine/venv/lib/python3.11/site-packages/airflow/example_dags/example_branch_datetime_operator.py took 0.231 seconds
[2025-07-17T00:17:46.489+0530] {processor.py:186} INFO - Started process (PID=10159) to work on /Users/parth/Desktop/Engine/venv/lib/python3.11/site-packages/airflow/example_dags/example_branch_datetime_operator.py
[2025-07-17T00:17:46.490+0530] {processor.py:914} INFO - Processing file /Users/parth/Desktop/Engine/venv/lib/python3.11/site-packages/airflow/example_dags/example_branch_datetime_operator.py for tasks to queue
[2025-07-17T00:17:46.491+0530] {logging_mixin.py:190} INFO - [2025-07-17T00:17:46.491+0530] {dagbag.py:588} INFO - Filling up the DagBag from /Users/parth/Desktop/Engine/venv/lib/python3.11/site-packages/airflow/example_dags/example_branch_datetime_operator.py
[2025-07-17T00:17:46.501+0530] {processor.py:925} INFO - DAG(s) 'example_branch_datetime_operator', 'example_branch_datetime_operator_3', 'example_branch_datetime_operator_2' retrieved from /Users/parth/Desktop/Engine/venv/lib/python3.11/site-packages/airflow/example_dags/example_branch_datetime_operator.py
[2025-07-17T00:17:46.576+0530] {logging_mixin.py:190} INFO - [2025-07-17T00:17:46.575+0530] {dag.py:3239} INFO - Sync 3 DAGs
[2025-07-17T00:17:46.592+0530] {logging_mixin.py:190} INFO - [2025-07-17T00:17:46.592+0530] {dag.py:4180} INFO - Setting next_dagrun for example_branch_datetime_operator to 2025-07-15 00:00:00+00:00, run_after=2025-07-16 00:00:00+00:00
[2025-07-17T00:17:46.595+0530] {logging_mixin.py:190} INFO - [2025-07-17T00:17:46.595+0530] {dag.py:4180} INFO - Setting next_dagrun for example_branch_datetime_operator_2 to 2025-07-15 00:00:00+00:00, run_after=2025-07-16 00:00:00+00:00
[2025-07-17T00:17:46.597+0530] {logging_mixin.py:190} INFO - [2025-07-17T00:17:46.597+0530] {dag.py:4180} INFO - Setting next_dagrun for example_branch_datetime_operator_3 to 2025-07-15 00:00:00+00:00, run_after=2025-07-16 00:00:00+00:00
[2025-07-17T00:17:46.609+0530] {processor.py:208} INFO - Processing /Users/parth/Desktop/Engine/venv/lib/python3.11/site-packages/airflow/example_dags/example_branch_datetime_operator.py took 0.123 seconds
[2025-07-17T00:23:08.311+0530] {processor.py:186} INFO - Started process (PID=12458) to work on /Users/parth/Desktop/Engine/venv/lib/python3.11/site-packages/airflow/example_dags/example_branch_datetime_operator.py
[2025-07-17T00:23:08.313+0530] {processor.py:914} INFO - Processing file /Users/parth/Desktop/Engine/venv/lib/python3.11/site-packages/airflow/example_dags/example_branch_datetime_operator.py for tasks to queue
[2025-07-17T00:23:08.313+0530] {logging_mixin.py:190} INFO - [2025-07-17T00:23:08.313+0530] {dagbag.py:588} INFO - Filling up the DagBag from /Users/parth/Desktop/Engine/venv/lib/python3.11/site-packages/airflow/example_dags/example_branch_datetime_operator.py
[2025-07-17T00:23:08.322+0530] {processor.py:925} INFO - DAG(s) 'example_branch_datetime_operator_2', 'example_branch_datetime_operator', 'example_branch_datetime_operator_3' retrieved from /Users/parth/Desktop/Engine/venv/lib/python3.11/site-packages/airflow/example_dags/example_branch_datetime_operator.py
[2025-07-17T00:23:08.386+0530] {logging_mixin.py:190} INFO - [2025-07-17T00:23:08.386+0530] {dag.py:3239} INFO - Sync 3 DAGs
[2025-07-17T00:23:08.399+0530] {logging_mixin.py:190} INFO - [2025-07-17T00:23:08.398+0530] {dag.py:4180} INFO - Setting next_dagrun for example_branch_datetime_operator to 2025-07-15 00:00:00+00:00, run_after=2025-07-16 00:00:00+00:00
[2025-07-17T00:23:08.401+0530] {logging_mixin.py:190} INFO - [2025-07-17T00:23:08.401+0530] {dag.py:4180} INFO - Setting next_dagrun for example_branch_datetime_operator_2 to 2025-07-15 00:00:00+00:00, run_after=2025-07-16 00:00:00+00:00
[2025-07-17T00:23:08.402+0530] {logging_mixin.py:190} INFO - [2025-07-17T00:23:08.402+0530] {dag.py:4180} INFO - Setting next_dagrun for example_branch_datetime_operator_3 to 2025-07-15 00:00:00+00:00, run_after=2025-07-16 00:00:00+00:00
[2025-07-17T00:23:08.412+0530] {processor.py:208} INFO - Processing /Users/parth/Desktop/Engine/venv/lib/python3.11/site-packages/airflow/example_dags/example_branch_datetime_operator.py took 0.103 seconds
[2025-07-17T00:27:04.105+0530] {processor.py:186} INFO - Started process (PID=14075) to work on /Users/parth/Desktop/Engine/venv/lib/python3.11/site-packages/airflow/example_dags/example_branch_datetime_operator.py
[2025-07-17T00:27:04.107+0530] {processor.py:914} INFO - Processing file /Users/parth/Desktop/Engine/venv/lib/python3.11/site-packages/airflow/example_dags/example_branch_datetime_operator.py for tasks to queue
[2025-07-17T00:27:04.108+0530] {logging_mixin.py:190} INFO - [2025-07-17T00:27:04.108+0530] {dagbag.py:588} INFO - Filling up the DagBag from /Users/parth/Desktop/Engine/venv/lib/python3.11/site-packages/airflow/example_dags/example_branch_datetime_operator.py
[2025-07-17T00:27:04.116+0530] {processor.py:925} INFO - DAG(s) 'example_branch_datetime_operator_2', 'example_branch_datetime_operator_3', 'example_branch_datetime_operator' retrieved from /Users/parth/Desktop/Engine/venv/lib/python3.11/site-packages/airflow/example_dags/example_branch_datetime_operator.py
[2025-07-17T00:27:04.181+0530] {logging_mixin.py:190} INFO - [2025-07-17T00:27:04.181+0530] {dag.py:3239} INFO - Sync 3 DAGs
[2025-07-17T00:27:04.193+0530] {logging_mixin.py:190} INFO - [2025-07-17T00:27:04.193+0530] {dag.py:4180} INFO - Setting next_dagrun for example_branch_datetime_operator to 2025-07-15 00:00:00+00:00, run_after=2025-07-16 00:00:00+00:00
[2025-07-17T00:27:04.196+0530] {logging_mixin.py:190} INFO - [2025-07-17T00:27:04.196+0530] {dag.py:4180} INFO - Setting next_dagrun for example_branch_datetime_operator_2 to 2025-07-15 00:00:00+00:00, run_after=2025-07-16 00:00:00+00:00
[2025-07-17T00:27:04.197+0530] {logging_mixin.py:190} INFO - [2025-07-17T00:27:04.197+0530] {dag.py:4180} INFO - Setting next_dagrun for example_branch_datetime_operator_3 to 2025-07-15 00:00:00+00:00, run_after=2025-07-16 00:00:00+00:00
[2025-07-17T00:27:04.206+0530] {processor.py:208} INFO - Processing /Users/parth/Desktop/Engine/venv/lib/python3.11/site-packages/airflow/example_dags/example_branch_datetime_operator.py took 0.103 seconds
[2025-07-17T00:31:05.698+0530] {processor.py:186} INFO - Started process (PID=15667) to work on /Users/parth/Desktop/Engine/venv/lib/python3.11/site-packages/airflow/example_dags/example_branch_datetime_operator.py
[2025-07-17T00:31:05.699+0530] {processor.py:914} INFO - Processing file /Users/parth/Desktop/Engine/venv/lib/python3.11/site-packages/airflow/example_dags/example_branch_datetime_operator.py for tasks to queue
[2025-07-17T00:31:05.700+0530] {logging_mixin.py:190} INFO - [2025-07-17T00:31:05.699+0530] {dagbag.py:588} INFO - Filling up the DagBag from /Users/parth/Desktop/Engine/venv/lib/python3.11/site-packages/airflow/example_dags/example_branch_datetime_operator.py
[2025-07-17T00:31:05.708+0530] {processor.py:925} INFO - DAG(s) 'example_branch_datetime_operator_3', 'example_branch_datetime_operator_2', 'example_branch_datetime_operator' retrieved from /Users/parth/Desktop/Engine/venv/lib/python3.11/site-packages/airflow/example_dags/example_branch_datetime_operator.py
[2025-07-17T00:31:05.774+0530] {logging_mixin.py:190} INFO - [2025-07-17T00:31:05.774+0530] {dag.py:3239} INFO - Sync 3 DAGs
[2025-07-17T00:31:05.787+0530] {logging_mixin.py:190} INFO - [2025-07-17T00:31:05.786+0530] {dag.py:4180} INFO - Setting next_dagrun for example_branch_datetime_operator to 2025-07-15 00:00:00+00:00, run_after=2025-07-16 00:00:00+00:00
[2025-07-17T00:31:05.789+0530] {logging_mixin.py:190} INFO - [2025-07-17T00:31:05.789+0530] {dag.py:4180} INFO - Setting next_dagrun for example_branch_datetime_operator_2 to 2025-07-15 00:00:00+00:00, run_after=2025-07-16 00:00:00+00:00
[2025-07-17T00:31:05.790+0530] {logging_mixin.py:190} INFO - [2025-07-17T00:31:05.790+0530] {dag.py:4180} INFO - Setting next_dagrun for example_branch_datetime_operator_3 to 2025-07-15 00:00:00+00:00, run_after=2025-07-16 00:00:00+00:00
[2025-07-17T00:31:05.800+0530] {processor.py:208} INFO - Processing /Users/parth/Desktop/Engine/venv/lib/python3.11/site-packages/airflow/example_dags/example_branch_datetime_operator.py took 0.104 seconds
[2025-07-17T00:34:54.800+0530] {processor.py:186} INFO - Started process (PID=17152) to work on /Users/parth/Desktop/Engine/venv/lib/python3.11/site-packages/airflow/example_dags/example_branch_datetime_operator.py
[2025-07-17T00:34:54.801+0530] {processor.py:914} INFO - Processing file /Users/parth/Desktop/Engine/venv/lib/python3.11/site-packages/airflow/example_dags/example_branch_datetime_operator.py for tasks to queue
[2025-07-17T00:34:54.802+0530] {logging_mixin.py:190} INFO - [2025-07-17T00:34:54.802+0530] {dagbag.py:588} INFO - Filling up the DagBag from /Users/parth/Desktop/Engine/venv/lib/python3.11/site-packages/airflow/example_dags/example_branch_datetime_operator.py
[2025-07-17T00:34:54.811+0530] {processor.py:925} INFO - DAG(s) 'example_branch_datetime_operator_3', 'example_branch_datetime_operator', 'example_branch_datetime_operator_2' retrieved from /Users/parth/Desktop/Engine/venv/lib/python3.11/site-packages/airflow/example_dags/example_branch_datetime_operator.py
[2025-07-17T00:34:54.876+0530] {logging_mixin.py:190} INFO - [2025-07-17T00:34:54.876+0530] {dag.py:3239} INFO - Sync 3 DAGs
[2025-07-17T00:34:54.889+0530] {logging_mixin.py:190} INFO - [2025-07-17T00:34:54.889+0530] {dag.py:4180} INFO - Setting next_dagrun for example_branch_datetime_operator to 2025-07-15 00:00:00+00:00, run_after=2025-07-16 00:00:00+00:00
[2025-07-17T00:34:54.892+0530] {logging_mixin.py:190} INFO - [2025-07-17T00:34:54.892+0530] {dag.py:4180} INFO - Setting next_dagrun for example_branch_datetime_operator_2 to 2025-07-15 00:00:00+00:00, run_after=2025-07-16 00:00:00+00:00
[2025-07-17T00:34:54.893+0530] {logging_mixin.py:190} INFO - [2025-07-17T00:34:54.893+0530] {dag.py:4180} INFO - Setting next_dagrun for example_branch_datetime_operator_3 to 2025-07-15 00:00:00+00:00, run_after=2025-07-16 00:00:00+00:00
[2025-07-17T00:34:54.904+0530] {processor.py:208} INFO - Processing /Users/parth/Desktop/Engine/venv/lib/python3.11/site-packages/airflow/example_dags/example_branch_datetime_operator.py took 0.106 seconds
[2025-07-17T00:39:02.360+0530] {processor.py:186} INFO - Started process (PID=18749) to work on /Users/parth/Desktop/Engine/venv/lib/python3.11/site-packages/airflow/example_dags/example_branch_datetime_operator.py
[2025-07-17T00:39:02.361+0530] {processor.py:914} INFO - Processing file /Users/parth/Desktop/Engine/venv/lib/python3.11/site-packages/airflow/example_dags/example_branch_datetime_operator.py for tasks to queue
[2025-07-17T00:39:02.362+0530] {logging_mixin.py:190} INFO - [2025-07-17T00:39:02.362+0530] {dagbag.py:588} INFO - Filling up the DagBag from /Users/parth/Desktop/Engine/venv/lib/python3.11/site-packages/airflow/example_dags/example_branch_datetime_operator.py
[2025-07-17T00:39:02.371+0530] {processor.py:925} INFO - DAG(s) 'example_branch_datetime_operator_3', 'example_branch_datetime_operator', 'example_branch_datetime_operator_2' retrieved from /Users/parth/Desktop/Engine/venv/lib/python3.11/site-packages/airflow/example_dags/example_branch_datetime_operator.py
[2025-07-17T00:39:02.438+0530] {logging_mixin.py:190} INFO - [2025-07-17T00:39:02.438+0530] {dag.py:3239} INFO - Sync 3 DAGs
[2025-07-17T00:39:02.451+0530] {logging_mixin.py:190} INFO - [2025-07-17T00:39:02.451+0530] {dag.py:4180} INFO - Setting next_dagrun for example_branch_datetime_operator to 2025-07-15 00:00:00+00:00, run_after=2025-07-16 00:00:00+00:00
[2025-07-17T00:39:02.455+0530] {logging_mixin.py:190} INFO - [2025-07-17T00:39:02.455+0530] {dag.py:4180} INFO - Setting next_dagrun for example_branch_datetime_operator_2 to 2025-07-15 00:00:00+00:00, run_after=2025-07-16 00:00:00+00:00
[2025-07-17T00:39:02.456+0530] {logging_mixin.py:190} INFO - [2025-07-17T00:39:02.456+0530] {dag.py:4180} INFO - Setting next_dagrun for example_branch_datetime_operator_3 to 2025-07-15 00:00:00+00:00, run_after=2025-07-16 00:00:00+00:00
[2025-07-17T00:39:02.466+0530] {processor.py:208} INFO - Processing /Users/parth/Desktop/Engine/venv/lib/python3.11/site-packages/airflow/example_dags/example_branch_datetime_operator.py took 0.109 seconds
[2025-07-17T00:43:33.883+0530] {processor.py:186} INFO - Started process (PID=20595) to work on /Users/parth/Desktop/Engine/venv/lib/python3.11/site-packages/airflow/example_dags/example_branch_datetime_operator.py
[2025-07-17T00:43:33.884+0530] {processor.py:914} INFO - Processing file /Users/parth/Desktop/Engine/venv/lib/python3.11/site-packages/airflow/example_dags/example_branch_datetime_operator.py for tasks to queue
[2025-07-17T00:43:33.884+0530] {logging_mixin.py:190} INFO - [2025-07-17T00:43:33.884+0530] {dagbag.py:588} INFO - Filling up the DagBag from /Users/parth/Desktop/Engine/venv/lib/python3.11/site-packages/airflow/example_dags/example_branch_datetime_operator.py
[2025-07-17T00:43:33.893+0530] {processor.py:925} INFO - DAG(s) 'example_branch_datetime_operator_3', 'example_branch_datetime_operator', 'example_branch_datetime_operator_2' retrieved from /Users/parth/Desktop/Engine/venv/lib/python3.11/site-packages/airflow/example_dags/example_branch_datetime_operator.py
[2025-07-17T00:43:33.959+0530] {logging_mixin.py:190} INFO - [2025-07-17T00:43:33.959+0530] {dag.py:3239} INFO - Sync 3 DAGs
[2025-07-17T00:43:33.971+0530] {logging_mixin.py:190} INFO - [2025-07-17T00:43:33.971+0530] {dag.py:4180} INFO - Setting next_dagrun for example_branch_datetime_operator to 2025-07-15 00:00:00+00:00, run_after=2025-07-16 00:00:00+00:00
[2025-07-17T00:43:33.974+0530] {logging_mixin.py:190} INFO - [2025-07-17T00:43:33.974+0530] {dag.py:4180} INFO - Setting next_dagrun for example_branch_datetime_operator_2 to 2025-07-15 00:00:00+00:00, run_after=2025-07-16 00:00:00+00:00
[2025-07-17T00:43:33.975+0530] {logging_mixin.py:190} INFO - [2025-07-17T00:43:33.975+0530] {dag.py:4180} INFO - Setting next_dagrun for example_branch_datetime_operator_3 to 2025-07-15 00:00:00+00:00, run_after=2025-07-16 00:00:00+00:00
[2025-07-17T00:43:33.984+0530] {processor.py:208} INFO - Processing /Users/parth/Desktop/Engine/venv/lib/python3.11/site-packages/airflow/example_dags/example_branch_datetime_operator.py took 0.104 seconds
[2025-07-17T00:47:37.281+0530] {processor.py:186} INFO - Started process (PID=22167) to work on /Users/parth/Desktop/Engine/venv/lib/python3.11/site-packages/airflow/example_dags/example_branch_datetime_operator.py
[2025-07-17T00:47:37.283+0530] {processor.py:914} INFO - Processing file /Users/parth/Desktop/Engine/venv/lib/python3.11/site-packages/airflow/example_dags/example_branch_datetime_operator.py for tasks to queue
[2025-07-17T00:47:37.283+0530] {logging_mixin.py:190} INFO - [2025-07-17T00:47:37.283+0530] {dagbag.py:588} INFO - Filling up the DagBag from /Users/parth/Desktop/Engine/venv/lib/python3.11/site-packages/airflow/example_dags/example_branch_datetime_operator.py
[2025-07-17T00:47:37.292+0530] {processor.py:925} INFO - DAG(s) 'example_branch_datetime_operator_3', 'example_branch_datetime_operator', 'example_branch_datetime_operator_2' retrieved from /Users/parth/Desktop/Engine/venv/lib/python3.11/site-packages/airflow/example_dags/example_branch_datetime_operator.py
[2025-07-17T00:47:37.358+0530] {logging_mixin.py:190} INFO - [2025-07-17T00:47:37.358+0530] {dag.py:3239} INFO - Sync 3 DAGs
[2025-07-17T00:47:37.371+0530] {logging_mixin.py:190} INFO - [2025-07-17T00:47:37.371+0530] {dag.py:4180} INFO - Setting next_dagrun for example_branch_datetime_operator to 2025-07-15 00:00:00+00:00, run_after=2025-07-16 00:00:00+00:00
[2025-07-17T00:47:37.373+0530] {logging_mixin.py:190} INFO - [2025-07-17T00:47:37.373+0530] {dag.py:4180} INFO - Setting next_dagrun for example_branch_datetime_operator_2 to 2025-07-15 00:00:00+00:00, run_after=2025-07-16 00:00:00+00:00
[2025-07-17T00:47:37.375+0530] {logging_mixin.py:190} INFO - [2025-07-17T00:47:37.374+0530] {dag.py:4180} INFO - Setting next_dagrun for example_branch_datetime_operator_3 to 2025-07-15 00:00:00+00:00, run_after=2025-07-16 00:00:00+00:00
[2025-07-17T00:47:37.384+0530] {processor.py:208} INFO - Processing /Users/parth/Desktop/Engine/venv/lib/python3.11/site-packages/airflow/example_dags/example_branch_datetime_operator.py took 0.105 seconds
