[2025-07-17T00:11:35.465+0530] {processor.py:186} INFO - Started process (PID=7202) to work on /Users/parth/Desktop/Engine/venv/lib/python3.11/site-packages/airflow/example_dags/example_trigger_target_dag.py
[2025-07-17T00:11:35.466+0530] {processor.py:914} INFO - Processing file /Users/parth/Desktop/Engine/venv/lib/python3.11/site-packages/airflow/example_dags/example_trigger_target_dag.py for tasks to queue
[2025-07-17T00:11:35.467+0530] {logging_mixin.py:190} INFO - [2025-07-17T00:11:35.466+0530] {dagbag.py:588} INFO - Filling up the DagBag from /Users/parth/Desktop/Engine/venv/lib/python3.11/site-packages/airflow/example_dags/example_trigger_target_dag.py
[2025-07-17T00:11:35.496+0530] {processor.py:925} INFO - DAG(s) 'example_trigger_target_dag' retrieved from /Users/parth/Desktop/Engine/venv/lib/python3.11/site-packages/airflow/example_dags/example_trigger_target_dag.py
[2025-07-17T00:11:35.653+0530] {logging_mixin.py:190} INFO - [2025-07-17T00:11:35.653+0530] {override.py:1930} INFO - Created Permission View: can read on DAG:example_trigger_target_dag
[2025-07-17T00:11:35.661+0530] {logging_mixin.py:190} INFO - [2025-07-17T00:11:35.660+0530] {override.py:1930} INFO - Created Permission View: can delete on DAG:example_trigger_target_dag
[2025-07-17T00:11:35.666+0530] {logging_mixin.py:190} INFO - [2025-07-17T00:11:35.665+0530] {override.py:1930} INFO - Created Permission View: can edit on DAG:example_trigger_target_dag
[2025-07-17T00:11:35.673+0530] {logging_mixin.py:190} INFO - [2025-07-17T00:11:35.673+0530] {override.py:1930} INFO - Created Permission View: menu access on DAG Run:example_trigger_target_dag
[2025-07-17T00:11:35.678+0530] {logging_mixin.py:190} INFO - [2025-07-17T00:11:35.678+0530] {override.py:1930} INFO - Created Permission View: can read on DAG Run:example_trigger_target_dag
[2025-07-17T00:11:35.683+0530] {logging_mixin.py:190} INFO - [2025-07-17T00:11:35.683+0530] {override.py:1930} INFO - Created Permission View: can delete on DAG Run:example_trigger_target_dag
[2025-07-17T00:11:35.689+0530] {logging_mixin.py:190} INFO - [2025-07-17T00:11:35.689+0530] {override.py:1930} INFO - Created Permission View: can create on DAG Run:example_trigger_target_dag
[2025-07-17T00:11:35.689+0530] {logging_mixin.py:190} INFO - [2025-07-17T00:11:35.689+0530] {dag.py:3239} INFO - Sync 1 DAGs
[2025-07-17T00:11:35.764+0530] {logging_mixin.py:190} INFO - [2025-07-17T00:11:35.764+0530] {dag.py:3262} INFO - Creating ORM DAG for example_trigger_target_dag
[2025-07-17T00:11:35.765+0530] {logging_mixin.py:190} INFO - [2025-07-17T00:11:35.765+0530] {dag.py:4180} INFO - Setting next_dagrun for example_trigger_target_dag to None, run_after=None
[2025-07-17T00:11:35.779+0530] {processor.py:208} INFO - Processing /Users/parth/Desktop/Engine/venv/lib/python3.11/site-packages/airflow/example_dags/example_trigger_target_dag.py took 0.317 seconds
[2025-07-17T00:14:20.984+0530] {processor.py:186} INFO - Started process (PID=8812) to work on /Users/parth/Desktop/Engine/venv/lib/python3.11/site-packages/airflow/example_dags/example_trigger_target_dag.py
[2025-07-17T00:14:20.985+0530] {processor.py:914} INFO - Processing file /Users/parth/Desktop/Engine/venv/lib/python3.11/site-packages/airflow/example_dags/example_trigger_target_dag.py for tasks to queue
[2025-07-17T00:14:20.986+0530] {logging_mixin.py:190} INFO - [2025-07-17T00:14:20.986+0530] {dagbag.py:588} INFO - Filling up the DagBag from /Users/parth/Desktop/Engine/venv/lib/python3.11/site-packages/airflow/example_dags/example_trigger_target_dag.py
[2025-07-17T00:14:21.014+0530] {processor.py:925} INFO - DAG(s) 'example_trigger_target_dag' retrieved from /Users/parth/Desktop/Engine/venv/lib/python3.11/site-packages/airflow/example_dags/example_trigger_target_dag.py
[2025-07-17T00:14:21.081+0530] {logging_mixin.py:190} INFO - [2025-07-17T00:14:21.081+0530] {dag.py:3239} INFO - Sync 1 DAGs
[2025-07-17T00:14:21.089+0530] {logging_mixin.py:190} INFO - [2025-07-17T00:14:21.089+0530] {dag.py:4180} INFO - Setting next_dagrun for example_trigger_target_dag to None, run_after=None
[2025-07-17T00:14:21.101+0530] {processor.py:208} INFO - Processing /Users/parth/Desktop/Engine/venv/lib/python3.11/site-packages/airflow/example_dags/example_trigger_target_dag.py took 0.120 seconds
[2025-07-17T00:16:27.873+0530] {processor.py:186} INFO - Started process (PID=9655) to work on /Users/parth/Desktop/Engine/venv/lib/python3.11/site-packages/airflow/example_dags/example_trigger_target_dag.py
[2025-07-17T00:16:27.874+0530] {processor.py:914} INFO - Processing file /Users/parth/Desktop/Engine/venv/lib/python3.11/site-packages/airflow/example_dags/example_trigger_target_dag.py for tasks to queue
[2025-07-17T00:16:27.875+0530] {logging_mixin.py:190} INFO - [2025-07-17T00:16:27.875+0530] {dagbag.py:588} INFO - Filling up the DagBag from /Users/parth/Desktop/Engine/venv/lib/python3.11/site-packages/airflow/example_dags/example_trigger_target_dag.py
[2025-07-17T00:16:27.899+0530] {processor.py:925} INFO - DAG(s) 'example_trigger_target_dag' retrieved from /Users/parth/Desktop/Engine/venv/lib/python3.11/site-packages/airflow/example_dags/example_trigger_target_dag.py
[2025-07-17T00:16:27.957+0530] {logging_mixin.py:190} INFO - [2025-07-17T00:16:27.957+0530] {dag.py:3239} INFO - Sync 1 DAGs
[2025-07-17T00:16:27.963+0530] {logging_mixin.py:190} INFO - [2025-07-17T00:16:27.963+0530] {dag.py:4180} INFO - Setting next_dagrun for example_trigger_target_dag to None, run_after=None
[2025-07-17T00:16:27.974+0530] {processor.py:208} INFO - Processing /Users/parth/Desktop/Engine/venv/lib/python3.11/site-packages/airflow/example_dags/example_trigger_target_dag.py took 0.103 seconds
[2025-07-17T00:18:34.486+0530] {processor.py:186} INFO - Started process (PID=10482) to work on /Users/parth/Desktop/Engine/venv/lib/python3.11/site-packages/airflow/example_dags/example_trigger_target_dag.py
[2025-07-17T00:18:34.487+0530] {processor.py:914} INFO - Processing file /Users/parth/Desktop/Engine/venv/lib/python3.11/site-packages/airflow/example_dags/example_trigger_target_dag.py for tasks to queue
[2025-07-17T00:18:34.488+0530] {logging_mixin.py:190} INFO - [2025-07-17T00:18:34.488+0530] {dagbag.py:588} INFO - Filling up the DagBag from /Users/parth/Desktop/Engine/venv/lib/python3.11/site-packages/airflow/example_dags/example_trigger_target_dag.py
[2025-07-17T00:18:34.512+0530] {processor.py:925} INFO - DAG(s) 'example_trigger_target_dag' retrieved from /Users/parth/Desktop/Engine/venv/lib/python3.11/site-packages/airflow/example_dags/example_trigger_target_dag.py
[2025-07-17T00:18:34.570+0530] {logging_mixin.py:190} INFO - [2025-07-17T00:18:34.569+0530] {dag.py:3239} INFO - Sync 1 DAGs
[2025-07-17T00:18:34.576+0530] {logging_mixin.py:190} INFO - [2025-07-17T00:18:34.576+0530] {dag.py:4180} INFO - Setting next_dagrun for example_trigger_target_dag to None, run_after=None
[2025-07-17T00:18:34.586+0530] {processor.py:208} INFO - Processing /Users/parth/Desktop/Engine/venv/lib/python3.11/site-packages/airflow/example_dags/example_trigger_target_dag.py took 0.102 seconds
[2025-07-17T00:21:36.683+0530] {processor.py:186} INFO - Started process (PID=11760) to work on /Users/parth/Desktop/Engine/venv/lib/python3.11/site-packages/airflow/example_dags/example_trigger_target_dag.py
[2025-07-17T00:21:36.684+0530] {processor.py:914} INFO - Processing file /Users/parth/Desktop/Engine/venv/lib/python3.11/site-packages/airflow/example_dags/example_trigger_target_dag.py for tasks to queue
[2025-07-17T00:21:36.685+0530] {logging_mixin.py:190} INFO - [2025-07-17T00:21:36.685+0530] {dagbag.py:588} INFO - Filling up the DagBag from /Users/parth/Desktop/Engine/venv/lib/python3.11/site-packages/airflow/example_dags/example_trigger_target_dag.py
[2025-07-17T00:21:36.712+0530] {processor.py:925} INFO - DAG(s) 'example_trigger_target_dag' retrieved from /Users/parth/Desktop/Engine/venv/lib/python3.11/site-packages/airflow/example_dags/example_trigger_target_dag.py
[2025-07-17T00:21:36.773+0530] {logging_mixin.py:190} INFO - [2025-07-17T00:21:36.773+0530] {dag.py:3239} INFO - Sync 1 DAGs
[2025-07-17T00:21:36.780+0530] {logging_mixin.py:190} INFO - [2025-07-17T00:21:36.780+0530] {dag.py:4180} INFO - Setting next_dagrun for example_trigger_target_dag to None, run_after=None
[2025-07-17T00:21:36.791+0530] {processor.py:208} INFO - Processing /Users/parth/Desktop/Engine/venv/lib/python3.11/site-packages/airflow/example_dags/example_trigger_target_dag.py took 0.111 seconds
[2025-07-17T00:23:52.874+0530] {processor.py:186} INFO - Started process (PID=12768) to work on /Users/parth/Desktop/Engine/venv/lib/python3.11/site-packages/airflow/example_dags/example_trigger_target_dag.py
[2025-07-17T00:23:52.875+0530] {processor.py:914} INFO - Processing file /Users/parth/Desktop/Engine/venv/lib/python3.11/site-packages/airflow/example_dags/example_trigger_target_dag.py for tasks to queue
[2025-07-17T00:23:52.875+0530] {logging_mixin.py:190} INFO - [2025-07-17T00:23:52.875+0530] {dagbag.py:588} INFO - Filling up the DagBag from /Users/parth/Desktop/Engine/venv/lib/python3.11/site-packages/airflow/example_dags/example_trigger_target_dag.py
[2025-07-17T00:23:52.901+0530] {processor.py:925} INFO - DAG(s) 'example_trigger_target_dag' retrieved from /Users/parth/Desktop/Engine/venv/lib/python3.11/site-packages/airflow/example_dags/example_trigger_target_dag.py
[2025-07-17T00:23:52.960+0530] {logging_mixin.py:190} INFO - [2025-07-17T00:23:52.960+0530] {dag.py:3239} INFO - Sync 1 DAGs
[2025-07-17T00:23:52.966+0530] {logging_mixin.py:190} INFO - [2025-07-17T00:23:52.966+0530] {dag.py:4180} INFO - Setting next_dagrun for example_trigger_target_dag to None, run_after=None
[2025-07-17T00:23:52.977+0530] {processor.py:208} INFO - Processing /Users/parth/Desktop/Engine/venv/lib/python3.11/site-packages/airflow/example_dags/example_trigger_target_dag.py took 0.106 seconds
[2025-07-17T00:25:51.380+0530] {processor.py:186} INFO - Started process (PID=13574) to work on /Users/parth/Desktop/Engine/venv/lib/python3.11/site-packages/airflow/example_dags/example_trigger_target_dag.py
[2025-07-17T00:25:51.381+0530] {processor.py:914} INFO - Processing file /Users/parth/Desktop/Engine/venv/lib/python3.11/site-packages/airflow/example_dags/example_trigger_target_dag.py for tasks to queue
[2025-07-17T00:25:51.382+0530] {logging_mixin.py:190} INFO - [2025-07-17T00:25:51.382+0530] {dagbag.py:588} INFO - Filling up the DagBag from /Users/parth/Desktop/Engine/venv/lib/python3.11/site-packages/airflow/example_dags/example_trigger_target_dag.py
[2025-07-17T00:25:51.406+0530] {processor.py:925} INFO - DAG(s) 'example_trigger_target_dag' retrieved from /Users/parth/Desktop/Engine/venv/lib/python3.11/site-packages/airflow/example_dags/example_trigger_target_dag.py
[2025-07-17T00:25:51.466+0530] {logging_mixin.py:190} INFO - [2025-07-17T00:25:51.465+0530] {dag.py:3239} INFO - Sync 1 DAGs
[2025-07-17T00:25:51.472+0530] {logging_mixin.py:190} INFO - [2025-07-17T00:25:51.472+0530] {dag.py:4180} INFO - Setting next_dagrun for example_trigger_target_dag to None, run_after=None
[2025-07-17T00:25:51.483+0530] {processor.py:208} INFO - Processing /Users/parth/Desktop/Engine/venv/lib/python3.11/site-packages/airflow/example_dags/example_trigger_target_dag.py took 0.105 seconds
[2025-07-17T00:27:52.377+0530] {processor.py:186} INFO - Started process (PID=14390) to work on /Users/parth/Desktop/Engine/venv/lib/python3.11/site-packages/airflow/example_dags/example_trigger_target_dag.py
[2025-07-17T00:27:52.378+0530] {processor.py:914} INFO - Processing file /Users/parth/Desktop/Engine/venv/lib/python3.11/site-packages/airflow/example_dags/example_trigger_target_dag.py for tasks to queue
[2025-07-17T00:27:52.378+0530] {logging_mixin.py:190} INFO - [2025-07-17T00:27:52.378+0530] {dagbag.py:588} INFO - Filling up the DagBag from /Users/parth/Desktop/Engine/venv/lib/python3.11/site-packages/airflow/example_dags/example_trigger_target_dag.py
[2025-07-17T00:27:52.402+0530] {processor.py:925} INFO - DAG(s) 'example_trigger_target_dag' retrieved from /Users/parth/Desktop/Engine/venv/lib/python3.11/site-packages/airflow/example_dags/example_trigger_target_dag.py
[2025-07-17T00:27:52.461+0530] {logging_mixin.py:190} INFO - [2025-07-17T00:27:52.461+0530] {dag.py:3239} INFO - Sync 1 DAGs
[2025-07-17T00:27:52.467+0530] {logging_mixin.py:190} INFO - [2025-07-17T00:27:52.467+0530] {dag.py:4180} INFO - Setting next_dagrun for example_trigger_target_dag to None, run_after=None
[2025-07-17T00:27:52.479+0530] {processor.py:208} INFO - Processing /Users/parth/Desktop/Engine/venv/lib/python3.11/site-packages/airflow/example_dags/example_trigger_target_dag.py took 0.104 seconds
[2025-07-17T00:29:54.081+0530] {processor.py:186} INFO - Started process (PID=15169) to work on /Users/parth/Desktop/Engine/venv/lib/python3.11/site-packages/airflow/example_dags/example_trigger_target_dag.py
[2025-07-17T00:29:54.081+0530] {processor.py:914} INFO - Processing file /Users/parth/Desktop/Engine/venv/lib/python3.11/site-packages/airflow/example_dags/example_trigger_target_dag.py for tasks to queue
[2025-07-17T00:29:54.082+0530] {logging_mixin.py:190} INFO - [2025-07-17T00:29:54.082+0530] {dagbag.py:588} INFO - Filling up the DagBag from /Users/parth/Desktop/Engine/venv/lib/python3.11/site-packages/airflow/example_dags/example_trigger_target_dag.py
[2025-07-17T00:29:54.111+0530] {processor.py:925} INFO - DAG(s) 'example_trigger_target_dag' retrieved from /Users/parth/Desktop/Engine/venv/lib/python3.11/site-packages/airflow/example_dags/example_trigger_target_dag.py
[2025-07-17T00:29:54.174+0530] {logging_mixin.py:190} INFO - [2025-07-17T00:29:54.173+0530] {dag.py:3239} INFO - Sync 1 DAGs
[2025-07-17T00:29:54.181+0530] {logging_mixin.py:190} INFO - [2025-07-17T00:29:54.181+0530] {dag.py:4180} INFO - Setting next_dagrun for example_trigger_target_dag to None, run_after=None
[2025-07-17T00:29:54.194+0530] {processor.py:208} INFO - Processing /Users/parth/Desktop/Engine/venv/lib/python3.11/site-packages/airflow/example_dags/example_trigger_target_dag.py took 0.116 seconds
[2025-07-17T00:31:49.234+0530] {processor.py:186} INFO - Started process (PID=15943) to work on /Users/parth/Desktop/Engine/venv/lib/python3.11/site-packages/airflow/example_dags/example_trigger_target_dag.py
[2025-07-17T00:31:49.235+0530] {processor.py:914} INFO - Processing file /Users/parth/Desktop/Engine/venv/lib/python3.11/site-packages/airflow/example_dags/example_trigger_target_dag.py for tasks to queue
[2025-07-17T00:31:49.235+0530] {logging_mixin.py:190} INFO - [2025-07-17T00:31:49.235+0530] {dagbag.py:588} INFO - Filling up the DagBag from /Users/parth/Desktop/Engine/venv/lib/python3.11/site-packages/airflow/example_dags/example_trigger_target_dag.py
[2025-07-17T00:31:49.260+0530] {processor.py:925} INFO - DAG(s) 'example_trigger_target_dag' retrieved from /Users/parth/Desktop/Engine/venv/lib/python3.11/site-packages/airflow/example_dags/example_trigger_target_dag.py
[2025-07-17T00:31:49.318+0530] {logging_mixin.py:190} INFO - [2025-07-17T00:31:49.318+0530] {dag.py:3239} INFO - Sync 1 DAGs
[2025-07-17T00:31:49.324+0530] {logging_mixin.py:190} INFO - [2025-07-17T00:31:49.324+0530] {dag.py:4180} INFO - Setting next_dagrun for example_trigger_target_dag to None, run_after=None
[2025-07-17T00:31:49.335+0530] {processor.py:208} INFO - Processing /Users/parth/Desktop/Engine/venv/lib/python3.11/site-packages/airflow/example_dags/example_trigger_target_dag.py took 0.103 seconds
[2025-07-17T00:33:43.575+0530] {processor.py:186} INFO - Started process (PID=16679) to work on /Users/parth/Desktop/Engine/venv/lib/python3.11/site-packages/airflow/example_dags/example_trigger_target_dag.py
[2025-07-17T00:33:43.576+0530] {processor.py:914} INFO - Processing file /Users/parth/Desktop/Engine/venv/lib/python3.11/site-packages/airflow/example_dags/example_trigger_target_dag.py for tasks to queue
[2025-07-17T00:33:43.577+0530] {logging_mixin.py:190} INFO - [2025-07-17T00:33:43.577+0530] {dagbag.py:588} INFO - Filling up the DagBag from /Users/parth/Desktop/Engine/venv/lib/python3.11/site-packages/airflow/example_dags/example_trigger_target_dag.py
[2025-07-17T00:33:43.605+0530] {processor.py:925} INFO - DAG(s) 'example_trigger_target_dag' retrieved from /Users/parth/Desktop/Engine/venv/lib/python3.11/site-packages/airflow/example_dags/example_trigger_target_dag.py
[2025-07-17T00:33:43.672+0530] {logging_mixin.py:190} INFO - [2025-07-17T00:33:43.672+0530] {dag.py:3239} INFO - Sync 1 DAGs
[2025-07-17T00:33:43.679+0530] {logging_mixin.py:190} INFO - [2025-07-17T00:33:43.679+0530] {dag.py:4180} INFO - Setting next_dagrun for example_trigger_target_dag to None, run_after=None
[2025-07-17T00:33:43.691+0530] {processor.py:208} INFO - Processing /Users/parth/Desktop/Engine/venv/lib/python3.11/site-packages/airflow/example_dags/example_trigger_target_dag.py took 0.119 seconds
[2025-07-17T00:35:43.341+0530] {processor.py:186} INFO - Started process (PID=17468) to work on /Users/parth/Desktop/Engine/venv/lib/python3.11/site-packages/airflow/example_dags/example_trigger_target_dag.py
[2025-07-17T00:35:43.342+0530] {processor.py:914} INFO - Processing file /Users/parth/Desktop/Engine/venv/lib/python3.11/site-packages/airflow/example_dags/example_trigger_target_dag.py for tasks to queue
[2025-07-17T00:35:43.342+0530] {logging_mixin.py:190} INFO - [2025-07-17T00:35:43.342+0530] {dagbag.py:588} INFO - Filling up the DagBag from /Users/parth/Desktop/Engine/venv/lib/python3.11/site-packages/airflow/example_dags/example_trigger_target_dag.py
[2025-07-17T00:35:43.366+0530] {processor.py:925} INFO - DAG(s) 'example_trigger_target_dag' retrieved from /Users/parth/Desktop/Engine/venv/lib/python3.11/site-packages/airflow/example_dags/example_trigger_target_dag.py
[2025-07-17T00:35:43.423+0530] {logging_mixin.py:190} INFO - [2025-07-17T00:35:43.423+0530] {dag.py:3239} INFO - Sync 1 DAGs
[2025-07-17T00:35:43.430+0530] {logging_mixin.py:190} INFO - [2025-07-17T00:35:43.430+0530] {dag.py:4180} INFO - Setting next_dagrun for example_trigger_target_dag to None, run_after=None
[2025-07-17T00:35:43.441+0530] {processor.py:208} INFO - Processing /Users/parth/Desktop/Engine/venv/lib/python3.11/site-packages/airflow/example_dags/example_trigger_target_dag.py took 0.102 seconds
[2025-07-17T00:37:45.983+0530] {processor.py:186} INFO - Started process (PID=18248) to work on /Users/parth/Desktop/Engine/venv/lib/python3.11/site-packages/airflow/example_dags/example_trigger_target_dag.py
[2025-07-17T00:37:45.984+0530] {processor.py:914} INFO - Processing file /Users/parth/Desktop/Engine/venv/lib/python3.11/site-packages/airflow/example_dags/example_trigger_target_dag.py for tasks to queue
[2025-07-17T00:37:45.985+0530] {logging_mixin.py:190} INFO - [2025-07-17T00:37:45.985+0530] {dagbag.py:588} INFO - Filling up the DagBag from /Users/parth/Desktop/Engine/venv/lib/python3.11/site-packages/airflow/example_dags/example_trigger_target_dag.py
[2025-07-17T00:37:46.022+0530] {processor.py:925} INFO - DAG(s) 'example_trigger_target_dag' retrieved from /Users/parth/Desktop/Engine/venv/lib/python3.11/site-packages/airflow/example_dags/example_trigger_target_dag.py
[2025-07-17T00:37:46.102+0530] {logging_mixin.py:190} INFO - [2025-07-17T00:37:46.102+0530] {dag.py:3239} INFO - Sync 1 DAGs
[2025-07-17T00:37:46.110+0530] {logging_mixin.py:190} INFO - [2025-07-17T00:37:46.110+0530] {dag.py:4180} INFO - Setting next_dagrun for example_trigger_target_dag to None, run_after=None
[2025-07-17T00:37:46.126+0530] {processor.py:208} INFO - Processing /Users/parth/Desktop/Engine/venv/lib/python3.11/site-packages/airflow/example_dags/example_trigger_target_dag.py took 0.146 seconds
[2025-07-17T00:39:51.101+0530] {processor.py:186} INFO - Started process (PID=19067) to work on /Users/parth/Desktop/Engine/venv/lib/python3.11/site-packages/airflow/example_dags/example_trigger_target_dag.py
[2025-07-17T00:39:51.102+0530] {processor.py:914} INFO - Processing file /Users/parth/Desktop/Engine/venv/lib/python3.11/site-packages/airflow/example_dags/example_trigger_target_dag.py for tasks to queue
[2025-07-17T00:39:51.103+0530] {logging_mixin.py:190} INFO - [2025-07-17T00:39:51.103+0530] {dagbag.py:588} INFO - Filling up the DagBag from /Users/parth/Desktop/Engine/venv/lib/python3.11/site-packages/airflow/example_dags/example_trigger_target_dag.py
[2025-07-17T00:39:51.128+0530] {processor.py:925} INFO - DAG(s) 'example_trigger_target_dag' retrieved from /Users/parth/Desktop/Engine/venv/lib/python3.11/site-packages/airflow/example_dags/example_trigger_target_dag.py
[2025-07-17T00:39:51.188+0530] {logging_mixin.py:190} INFO - [2025-07-17T00:39:51.187+0530] {dag.py:3239} INFO - Sync 1 DAGs
[2025-07-17T00:39:51.195+0530] {logging_mixin.py:190} INFO - [2025-07-17T00:39:51.195+0530] {dag.py:4180} INFO - Setting next_dagrun for example_trigger_target_dag to None, run_after=None
[2025-07-17T00:39:51.207+0530] {processor.py:208} INFO - Processing /Users/parth/Desktop/Engine/venv/lib/python3.11/site-packages/airflow/example_dags/example_trigger_target_dag.py took 0.108 seconds
[2025-07-17T00:42:15.941+0530] {processor.py:186} INFO - Started process (PID=20092) to work on /Users/parth/Desktop/Engine/venv/lib/python3.11/site-packages/airflow/example_dags/example_trigger_target_dag.py
[2025-07-17T00:42:15.942+0530] {processor.py:914} INFO - Processing file /Users/parth/Desktop/Engine/venv/lib/python3.11/site-packages/airflow/example_dags/example_trigger_target_dag.py for tasks to queue
[2025-07-17T00:42:15.942+0530] {logging_mixin.py:190} INFO - [2025-07-17T00:42:15.942+0530] {dagbag.py:588} INFO - Filling up the DagBag from /Users/parth/Desktop/Engine/venv/lib/python3.11/site-packages/airflow/example_dags/example_trigger_target_dag.py
[2025-07-17T00:42:15.968+0530] {processor.py:925} INFO - DAG(s) 'example_trigger_target_dag' retrieved from /Users/parth/Desktop/Engine/venv/lib/python3.11/site-packages/airflow/example_dags/example_trigger_target_dag.py
[2025-07-17T00:42:16.028+0530] {logging_mixin.py:190} INFO - [2025-07-17T00:42:16.028+0530] {dag.py:3239} INFO - Sync 1 DAGs
[2025-07-17T00:42:16.034+0530] {logging_mixin.py:190} INFO - [2025-07-17T00:42:16.034+0530] {dag.py:4180} INFO - Setting next_dagrun for example_trigger_target_dag to None, run_after=None
[2025-07-17T00:42:16.045+0530] {processor.py:208} INFO - Processing /Users/parth/Desktop/Engine/venv/lib/python3.11/site-packages/airflow/example_dags/example_trigger_target_dag.py took 0.106 seconds
[2025-07-17T00:44:22.378+0530] {processor.py:186} INFO - Started process (PID=20908) to work on /Users/parth/Desktop/Engine/venv/lib/python3.11/site-packages/airflow/example_dags/example_trigger_target_dag.py
[2025-07-17T00:44:22.379+0530] {processor.py:914} INFO - Processing file /Users/parth/Desktop/Engine/venv/lib/python3.11/site-packages/airflow/example_dags/example_trigger_target_dag.py for tasks to queue
[2025-07-17T00:44:22.380+0530] {logging_mixin.py:190} INFO - [2025-07-17T00:44:22.379+0530] {dagbag.py:588} INFO - Filling up the DagBag from /Users/parth/Desktop/Engine/venv/lib/python3.11/site-packages/airflow/example_dags/example_trigger_target_dag.py
[2025-07-17T00:44:22.405+0530] {processor.py:925} INFO - DAG(s) 'example_trigger_target_dag' retrieved from /Users/parth/Desktop/Engine/venv/lib/python3.11/site-packages/airflow/example_dags/example_trigger_target_dag.py
[2025-07-17T00:44:22.465+0530] {logging_mixin.py:190} INFO - [2025-07-17T00:44:22.465+0530] {dag.py:3239} INFO - Sync 1 DAGs
[2025-07-17T00:44:22.472+0530] {logging_mixin.py:190} INFO - [2025-07-17T00:44:22.471+0530] {dag.py:4180} INFO - Setting next_dagrun for example_trigger_target_dag to None, run_after=None
[2025-07-17T00:44:22.483+0530] {processor.py:208} INFO - Processing /Users/parth/Desktop/Engine/venv/lib/python3.11/site-packages/airflow/example_dags/example_trigger_target_dag.py took 0.107 seconds
[2025-07-17T00:46:23.267+0530] {processor.py:186} INFO - Started process (PID=21691) to work on /Users/parth/Desktop/Engine/venv/lib/python3.11/site-packages/airflow/example_dags/example_trigger_target_dag.py
[2025-07-17T00:46:23.268+0530] {processor.py:914} INFO - Processing file /Users/parth/Desktop/Engine/venv/lib/python3.11/site-packages/airflow/example_dags/example_trigger_target_dag.py for tasks to queue
[2025-07-17T00:46:23.268+0530] {logging_mixin.py:190} INFO - [2025-07-17T00:46:23.268+0530] {dagbag.py:588} INFO - Filling up the DagBag from /Users/parth/Desktop/Engine/venv/lib/python3.11/site-packages/airflow/example_dags/example_trigger_target_dag.py
[2025-07-17T00:46:23.294+0530] {processor.py:925} INFO - DAG(s) 'example_trigger_target_dag' retrieved from /Users/parth/Desktop/Engine/venv/lib/python3.11/site-packages/airflow/example_dags/example_trigger_target_dag.py
[2025-07-17T00:46:23.353+0530] {logging_mixin.py:190} INFO - [2025-07-17T00:46:23.353+0530] {dag.py:3239} INFO - Sync 1 DAGs
[2025-07-17T00:46:23.360+0530] {logging_mixin.py:190} INFO - [2025-07-17T00:46:23.359+0530] {dag.py:4180} INFO - Setting next_dagrun for example_trigger_target_dag to None, run_after=None
[2025-07-17T00:46:23.371+0530] {processor.py:208} INFO - Processing /Users/parth/Desktop/Engine/venv/lib/python3.11/site-packages/airflow/example_dags/example_trigger_target_dag.py took 0.107 seconds
[2025-07-17T00:48:22.148+0530] {processor.py:186} INFO - Started process (PID=22453) to work on /Users/parth/Desktop/Engine/venv/lib/python3.11/site-packages/airflow/example_dags/example_trigger_target_dag.py
[2025-07-17T00:48:22.149+0530] {processor.py:914} INFO - Processing file /Users/parth/Desktop/Engine/venv/lib/python3.11/site-packages/airflow/example_dags/example_trigger_target_dag.py for tasks to queue
[2025-07-17T00:48:22.150+0530] {logging_mixin.py:190} INFO - [2025-07-17T00:48:22.149+0530] {dagbag.py:588} INFO - Filling up the DagBag from /Users/parth/Desktop/Engine/venv/lib/python3.11/site-packages/airflow/example_dags/example_trigger_target_dag.py
[2025-07-17T00:48:22.174+0530] {processor.py:925} INFO - DAG(s) 'example_trigger_target_dag' retrieved from /Users/parth/Desktop/Engine/venv/lib/python3.11/site-packages/airflow/example_dags/example_trigger_target_dag.py
[2025-07-17T00:48:22.232+0530] {logging_mixin.py:190} INFO - [2025-07-17T00:48:22.232+0530] {dag.py:3239} INFO - Sync 1 DAGs
[2025-07-17T00:48:22.239+0530] {logging_mixin.py:190} INFO - [2025-07-17T00:48:22.239+0530] {dag.py:4180} INFO - Setting next_dagrun for example_trigger_target_dag to None, run_after=None
[2025-07-17T00:48:22.250+0530] {processor.py:208} INFO - Processing /Users/parth/Desktop/Engine/venv/lib/python3.11/site-packages/airflow/example_dags/example_trigger_target_dag.py took 0.104 seconds
