[2025-07-17T00:11:46.846+0530] {processor.py:186} INFO - Started process (PID=7781) to work on /Users/parth/Desktop/Engine/venv/lib/python3.11/site-packages/airflow/example_dags/example_task_group.py
[2025-07-17T00:11:46.847+0530] {processor.py:914} INFO - Processing file /Users/parth/Desktop/Engine/venv/lib/python3.11/site-packages/airflow/example_dags/example_task_group.py for tasks to queue
[2025-07-17T00:11:46.847+0530] {logging_mixin.py:190} INFO - [2025-07-17T00:11:46.847+0530] {dagbag.py:588} INFO - Filling up the DagBag from /Users/parth/Desktop/Engine/venv/lib/python3.11/site-packages/airflow/example_dags/example_task_group.py
[2025-07-17T00:11:46.853+0530] {processor.py:925} INFO - DAG(s) 'example_task_group' retrieved from /Users/parth/Desktop/Engine/venv/lib/python3.11/site-packages/airflow/example_dags/example_task_group.py
[2025-07-17T00:11:46.967+0530] {logging_mixin.py:190} INFO - [2025-07-17T00:11:46.967+0530] {override.py:1930} INFO - Created Permission View: can read on DAG:example_task_group
[2025-07-17T00:11:46.972+0530] {logging_mixin.py:190} INFO - [2025-07-17T00:11:46.972+0530] {override.py:1930} INFO - Created Permission View: can delete on DAG:example_task_group
[2025-07-17T00:11:46.976+0530] {logging_mixin.py:190} INFO - [2025-07-17T00:11:46.976+0530] {override.py:1930} INFO - Created Permission View: can edit on DAG:example_task_group
[2025-07-17T00:11:46.980+0530] {logging_mixin.py:190} INFO - [2025-07-17T00:11:46.980+0530] {override.py:1930} INFO - Created Permission View: menu access on DAG Run:example_task_group
[2025-07-17T00:11:46.984+0530] {logging_mixin.py:190} INFO - [2025-07-17T00:11:46.983+0530] {override.py:1930} INFO - Created Permission View: can read on DAG Run:example_task_group
[2025-07-17T00:11:46.987+0530] {logging_mixin.py:190} INFO - [2025-07-17T00:11:46.987+0530] {override.py:1930} INFO - Created Permission View: can delete on DAG Run:example_task_group
[2025-07-17T00:11:46.990+0530] {logging_mixin.py:190} INFO - [2025-07-17T00:11:46.990+0530] {override.py:1930} INFO - Created Permission View: can create on DAG Run:example_task_group
[2025-07-17T00:11:46.990+0530] {logging_mixin.py:190} INFO - [2025-07-17T00:11:46.990+0530] {dag.py:3239} INFO - Sync 1 DAGs
[2025-07-17T00:11:46.997+0530] {logging_mixin.py:190} INFO - [2025-07-17T00:11:46.997+0530] {dag.py:3262} INFO - Creating ORM DAG for example_task_group
[2025-07-17T00:11:46.997+0530] {logging_mixin.py:190} INFO - [2025-07-17T00:11:46.997+0530] {dag.py:4180} INFO - Setting next_dagrun for example_task_group to None, run_after=None
[2025-07-17T00:11:47.007+0530] {processor.py:208} INFO - Processing /Users/parth/Desktop/Engine/venv/lib/python3.11/site-packages/airflow/example_dags/example_task_group.py took 0.163 seconds
[2025-07-17T00:14:31.369+0530] {processor.py:186} INFO - Started process (PID=8882) to work on /Users/parth/Desktop/Engine/venv/lib/python3.11/site-packages/airflow/example_dags/example_task_group.py
[2025-07-17T00:14:31.371+0530] {processor.py:914} INFO - Processing file /Users/parth/Desktop/Engine/venv/lib/python3.11/site-packages/airflow/example_dags/example_task_group.py for tasks to queue
[2025-07-17T00:14:31.371+0530] {logging_mixin.py:190} INFO - [2025-07-17T00:14:31.371+0530] {dagbag.py:588} INFO - Filling up the DagBag from /Users/parth/Desktop/Engine/venv/lib/python3.11/site-packages/airflow/example_dags/example_task_group.py
[2025-07-17T00:14:31.377+0530] {processor.py:925} INFO - DAG(s) 'example_task_group' retrieved from /Users/parth/Desktop/Engine/venv/lib/python3.11/site-packages/airflow/example_dags/example_task_group.py
[2025-07-17T00:14:31.439+0530] {logging_mixin.py:190} INFO - [2025-07-17T00:14:31.439+0530] {dag.py:3239} INFO - Sync 1 DAGs
[2025-07-17T00:14:31.446+0530] {logging_mixin.py:190} INFO - [2025-07-17T00:14:31.445+0530] {dag.py:4180} INFO - Setting next_dagrun for example_task_group to None, run_after=None
[2025-07-17T00:14:31.457+0530] {processor.py:208} INFO - Processing /Users/parth/Desktop/Engine/venv/lib/python3.11/site-packages/airflow/example_dags/example_task_group.py took 0.090 seconds
[2025-07-17T00:16:38.384+0530] {processor.py:186} INFO - Started process (PID=9715) to work on /Users/parth/Desktop/Engine/venv/lib/python3.11/site-packages/airflow/example_dags/example_task_group.py
[2025-07-17T00:16:38.385+0530] {processor.py:914} INFO - Processing file /Users/parth/Desktop/Engine/venv/lib/python3.11/site-packages/airflow/example_dags/example_task_group.py for tasks to queue
[2025-07-17T00:16:38.386+0530] {logging_mixin.py:190} INFO - [2025-07-17T00:16:38.386+0530] {dagbag.py:588} INFO - Filling up the DagBag from /Users/parth/Desktop/Engine/venv/lib/python3.11/site-packages/airflow/example_dags/example_task_group.py
[2025-07-17T00:16:38.393+0530] {processor.py:925} INFO - DAG(s) 'example_task_group' retrieved from /Users/parth/Desktop/Engine/venv/lib/python3.11/site-packages/airflow/example_dags/example_task_group.py
[2025-07-17T00:16:38.483+0530] {logging_mixin.py:190} INFO - [2025-07-17T00:16:38.483+0530] {dag.py:3239} INFO - Sync 1 DAGs
[2025-07-17T00:16:38.495+0530] {logging_mixin.py:190} INFO - [2025-07-17T00:16:38.495+0530] {dag.py:4180} INFO - Setting next_dagrun for example_task_group to None, run_after=None
[2025-07-17T00:16:38.518+0530] {processor.py:208} INFO - Processing /Users/parth/Desktop/Engine/venv/lib/python3.11/site-packages/airflow/example_dags/example_task_group.py took 0.136 seconds
[2025-07-17T00:18:51.961+0530] {processor.py:186} INFO - Started process (PID=10594) to work on /Users/parth/Desktop/Engine/venv/lib/python3.11/site-packages/airflow/example_dags/example_task_group.py
[2025-07-17T00:18:51.966+0530] {processor.py:914} INFO - Processing file /Users/parth/Desktop/Engine/venv/lib/python3.11/site-packages/airflow/example_dags/example_task_group.py for tasks to queue
[2025-07-17T00:18:51.969+0530] {logging_mixin.py:190} INFO - [2025-07-17T00:18:51.968+0530] {dagbag.py:588} INFO - Filling up the DagBag from /Users/parth/Desktop/Engine/venv/lib/python3.11/site-packages/airflow/example_dags/example_task_group.py
[2025-07-17T00:18:51.999+0530] {processor.py:925} INFO - DAG(s) 'example_task_group' retrieved from /Users/parth/Desktop/Engine/venv/lib/python3.11/site-packages/airflow/example_dags/example_task_group.py
[2025-07-17T00:18:52.222+0530] {logging_mixin.py:190} INFO - [2025-07-17T00:18:52.221+0530] {dag.py:3239} INFO - Sync 1 DAGs
[2025-07-17T00:18:52.248+0530] {logging_mixin.py:190} INFO - [2025-07-17T00:18:52.248+0530] {dag.py:4180} INFO - Setting next_dagrun for example_task_group to None, run_after=None
[2025-07-17T00:18:52.288+0530] {processor.py:208} INFO - Processing /Users/parth/Desktop/Engine/venv/lib/python3.11/site-packages/airflow/example_dags/example_task_group.py took 0.336 seconds
[2025-07-17T00:21:48.956+0530] {processor.py:186} INFO - Started process (PID=11852) to work on /Users/parth/Desktop/Engine/venv/lib/python3.11/site-packages/airflow/example_dags/example_task_group.py
[2025-07-17T00:21:48.957+0530] {processor.py:914} INFO - Processing file /Users/parth/Desktop/Engine/venv/lib/python3.11/site-packages/airflow/example_dags/example_task_group.py for tasks to queue
[2025-07-17T00:21:48.958+0530] {logging_mixin.py:190} INFO - [2025-07-17T00:21:48.958+0530] {dagbag.py:588} INFO - Filling up the DagBag from /Users/parth/Desktop/Engine/venv/lib/python3.11/site-packages/airflow/example_dags/example_task_group.py
[2025-07-17T00:21:48.970+0530] {processor.py:925} INFO - DAG(s) 'example_task_group' retrieved from /Users/parth/Desktop/Engine/venv/lib/python3.11/site-packages/airflow/example_dags/example_task_group.py
[2025-07-17T00:21:49.066+0530] {logging_mixin.py:190} INFO - [2025-07-17T00:21:49.065+0530] {dag.py:3239} INFO - Sync 1 DAGs
[2025-07-17T00:21:49.074+0530] {logging_mixin.py:190} INFO - [2025-07-17T00:21:49.074+0530] {dag.py:4180} INFO - Setting next_dagrun for example_task_group to None, run_after=None
[2025-07-17T00:21:49.090+0530] {processor.py:208} INFO - Processing /Users/parth/Desktop/Engine/venv/lib/python3.11/site-packages/airflow/example_dags/example_task_group.py took 0.138 seconds
[2025-07-17T00:24:01.732+0530] {processor.py:186} INFO - Started process (PID=12824) to work on /Users/parth/Desktop/Engine/venv/lib/python3.11/site-packages/airflow/example_dags/example_task_group.py
[2025-07-17T00:24:01.733+0530] {processor.py:914} INFO - Processing file /Users/parth/Desktop/Engine/venv/lib/python3.11/site-packages/airflow/example_dags/example_task_group.py for tasks to queue
[2025-07-17T00:24:01.734+0530] {logging_mixin.py:190} INFO - [2025-07-17T00:24:01.733+0530] {dagbag.py:588} INFO - Filling up the DagBag from /Users/parth/Desktop/Engine/venv/lib/python3.11/site-packages/airflow/example_dags/example_task_group.py
[2025-07-17T00:24:01.740+0530] {processor.py:925} INFO - DAG(s) 'example_task_group' retrieved from /Users/parth/Desktop/Engine/venv/lib/python3.11/site-packages/airflow/example_dags/example_task_group.py
[2025-07-17T00:24:01.801+0530] {logging_mixin.py:190} INFO - [2025-07-17T00:24:01.801+0530] {dag.py:3239} INFO - Sync 1 DAGs
[2025-07-17T00:24:01.808+0530] {logging_mixin.py:190} INFO - [2025-07-17T00:24:01.807+0530] {dag.py:4180} INFO - Setting next_dagrun for example_task_group to None, run_after=None
[2025-07-17T00:24:01.819+0530] {processor.py:208} INFO - Processing /Users/parth/Desktop/Engine/venv/lib/python3.11/site-packages/airflow/example_dags/example_task_group.py took 0.089 seconds
[2025-07-17T00:26:00.649+0530] {processor.py:186} INFO - Started process (PID=13630) to work on /Users/parth/Desktop/Engine/venv/lib/python3.11/site-packages/airflow/example_dags/example_task_group.py
[2025-07-17T00:26:00.650+0530] {processor.py:914} INFO - Processing file /Users/parth/Desktop/Engine/venv/lib/python3.11/site-packages/airflow/example_dags/example_task_group.py for tasks to queue
[2025-07-17T00:26:00.651+0530] {logging_mixin.py:190} INFO - [2025-07-17T00:26:00.651+0530] {dagbag.py:588} INFO - Filling up the DagBag from /Users/parth/Desktop/Engine/venv/lib/python3.11/site-packages/airflow/example_dags/example_task_group.py
[2025-07-17T00:26:00.657+0530] {processor.py:925} INFO - DAG(s) 'example_task_group' retrieved from /Users/parth/Desktop/Engine/venv/lib/python3.11/site-packages/airflow/example_dags/example_task_group.py
[2025-07-17T00:26:00.720+0530] {logging_mixin.py:190} INFO - [2025-07-17T00:26:00.720+0530] {dag.py:3239} INFO - Sync 1 DAGs
[2025-07-17T00:26:00.727+0530] {logging_mixin.py:190} INFO - [2025-07-17T00:26:00.727+0530] {dag.py:4180} INFO - Setting next_dagrun for example_task_group to None, run_after=None
[2025-07-17T00:26:00.739+0530] {processor.py:208} INFO - Processing /Users/parth/Desktop/Engine/venv/lib/python3.11/site-packages/airflow/example_dags/example_task_group.py took 0.093 seconds
[2025-07-17T00:28:03.327+0530] {processor.py:186} INFO - Started process (PID=14467) to work on /Users/parth/Desktop/Engine/venv/lib/python3.11/site-packages/airflow/example_dags/example_task_group.py
[2025-07-17T00:28:03.329+0530] {processor.py:914} INFO - Processing file /Users/parth/Desktop/Engine/venv/lib/python3.11/site-packages/airflow/example_dags/example_task_group.py for tasks to queue
[2025-07-17T00:28:03.330+0530] {logging_mixin.py:190} INFO - [2025-07-17T00:28:03.329+0530] {dagbag.py:588} INFO - Filling up the DagBag from /Users/parth/Desktop/Engine/venv/lib/python3.11/site-packages/airflow/example_dags/example_task_group.py
[2025-07-17T00:28:03.336+0530] {processor.py:925} INFO - DAG(s) 'example_task_group' retrieved from /Users/parth/Desktop/Engine/venv/lib/python3.11/site-packages/airflow/example_dags/example_task_group.py
[2025-07-17T00:28:03.400+0530] {logging_mixin.py:190} INFO - [2025-07-17T00:28:03.400+0530] {dag.py:3239} INFO - Sync 1 DAGs
[2025-07-17T00:28:03.407+0530] {logging_mixin.py:190} INFO - [2025-07-17T00:28:03.406+0530] {dag.py:4180} INFO - Setting next_dagrun for example_task_group to None, run_after=None
[2025-07-17T00:28:03.419+0530] {processor.py:208} INFO - Processing /Users/parth/Desktop/Engine/venv/lib/python3.11/site-packages/airflow/example_dags/example_task_group.py took 0.094 seconds
[2025-07-17T00:30:03.036+0530] {processor.py:186} INFO - Started process (PID=15223) to work on /Users/parth/Desktop/Engine/venv/lib/python3.11/site-packages/airflow/example_dags/example_task_group.py
[2025-07-17T00:30:03.037+0530] {processor.py:914} INFO - Processing file /Users/parth/Desktop/Engine/venv/lib/python3.11/site-packages/airflow/example_dags/example_task_group.py for tasks to queue
[2025-07-17T00:30:03.038+0530] {logging_mixin.py:190} INFO - [2025-07-17T00:30:03.037+0530] {dagbag.py:588} INFO - Filling up the DagBag from /Users/parth/Desktop/Engine/venv/lib/python3.11/site-packages/airflow/example_dags/example_task_group.py
[2025-07-17T00:30:03.045+0530] {processor.py:925} INFO - DAG(s) 'example_task_group' retrieved from /Users/parth/Desktop/Engine/venv/lib/python3.11/site-packages/airflow/example_dags/example_task_group.py
[2025-07-17T00:30:03.111+0530] {logging_mixin.py:190} INFO - [2025-07-17T00:30:03.110+0530] {dag.py:3239} INFO - Sync 1 DAGs
[2025-07-17T00:30:03.118+0530] {logging_mixin.py:190} INFO - [2025-07-17T00:30:03.118+0530] {dag.py:4180} INFO - Setting next_dagrun for example_task_group to None, run_after=None
[2025-07-17T00:30:03.132+0530] {processor.py:208} INFO - Processing /Users/parth/Desktop/Engine/venv/lib/python3.11/site-packages/airflow/example_dags/example_task_group.py took 0.098 seconds
[2025-07-17T00:31:58.671+0530] {processor.py:186} INFO - Started process (PID=15999) to work on /Users/parth/Desktop/Engine/venv/lib/python3.11/site-packages/airflow/example_dags/example_task_group.py
[2025-07-17T00:31:58.672+0530] {processor.py:914} INFO - Processing file /Users/parth/Desktop/Engine/venv/lib/python3.11/site-packages/airflow/example_dags/example_task_group.py for tasks to queue
[2025-07-17T00:31:58.673+0530] {logging_mixin.py:190} INFO - [2025-07-17T00:31:58.673+0530] {dagbag.py:588} INFO - Filling up the DagBag from /Users/parth/Desktop/Engine/venv/lib/python3.11/site-packages/airflow/example_dags/example_task_group.py
[2025-07-17T00:31:58.679+0530] {processor.py:925} INFO - DAG(s) 'example_task_group' retrieved from /Users/parth/Desktop/Engine/venv/lib/python3.11/site-packages/airflow/example_dags/example_task_group.py
[2025-07-17T00:31:58.741+0530] {logging_mixin.py:190} INFO - [2025-07-17T00:31:58.741+0530] {dag.py:3239} INFO - Sync 1 DAGs
[2025-07-17T00:31:58.748+0530] {logging_mixin.py:190} INFO - [2025-07-17T00:31:58.747+0530] {dag.py:4180} INFO - Setting next_dagrun for example_task_group to None, run_after=None
[2025-07-17T00:31:58.759+0530] {processor.py:208} INFO - Processing /Users/parth/Desktop/Engine/venv/lib/python3.11/site-packages/airflow/example_dags/example_task_group.py took 0.090 seconds
[2025-07-17T00:33:54.366+0530] {processor.py:186} INFO - Started process (PID=16759) to work on /Users/parth/Desktop/Engine/venv/lib/python3.11/site-packages/airflow/example_dags/example_task_group.py
[2025-07-17T00:33:54.368+0530] {processor.py:914} INFO - Processing file /Users/parth/Desktop/Engine/venv/lib/python3.11/site-packages/airflow/example_dags/example_task_group.py for tasks to queue
[2025-07-17T00:33:54.369+0530] {logging_mixin.py:190} INFO - [2025-07-17T00:33:54.369+0530] {dagbag.py:588} INFO - Filling up the DagBag from /Users/parth/Desktop/Engine/venv/lib/python3.11/site-packages/airflow/example_dags/example_task_group.py
[2025-07-17T00:33:54.376+0530] {processor.py:925} INFO - DAG(s) 'example_task_group' retrieved from /Users/parth/Desktop/Engine/venv/lib/python3.11/site-packages/airflow/example_dags/example_task_group.py
[2025-07-17T00:33:54.455+0530] {logging_mixin.py:190} INFO - [2025-07-17T00:33:54.455+0530] {dag.py:3239} INFO - Sync 1 DAGs
[2025-07-17T00:33:54.465+0530] {logging_mixin.py:190} INFO - [2025-07-17T00:33:54.465+0530] {dag.py:4180} INFO - Setting next_dagrun for example_task_group to None, run_after=None
[2025-07-17T00:33:54.484+0530] {processor.py:208} INFO - Processing /Users/parth/Desktop/Engine/venv/lib/python3.11/site-packages/airflow/example_dags/example_task_group.py took 0.121 seconds
[2025-07-17T00:35:53.703+0530] {processor.py:186} INFO - Started process (PID=17537) to work on /Users/parth/Desktop/Engine/venv/lib/python3.11/site-packages/airflow/example_dags/example_task_group.py
[2025-07-17T00:35:53.705+0530] {processor.py:914} INFO - Processing file /Users/parth/Desktop/Engine/venv/lib/python3.11/site-packages/airflow/example_dags/example_task_group.py for tasks to queue
[2025-07-17T00:35:53.706+0530] {logging_mixin.py:190} INFO - [2025-07-17T00:35:53.706+0530] {dagbag.py:588} INFO - Filling up the DagBag from /Users/parth/Desktop/Engine/venv/lib/python3.11/site-packages/airflow/example_dags/example_task_group.py
[2025-07-17T00:35:53.712+0530] {processor.py:925} INFO - DAG(s) 'example_task_group' retrieved from /Users/parth/Desktop/Engine/venv/lib/python3.11/site-packages/airflow/example_dags/example_task_group.py
[2025-07-17T00:35:53.772+0530] {logging_mixin.py:190} INFO - [2025-07-17T00:35:53.772+0530] {dag.py:3239} INFO - Sync 1 DAGs
[2025-07-17T00:35:53.779+0530] {logging_mixin.py:190} INFO - [2025-07-17T00:35:53.778+0530] {dag.py:4180} INFO - Setting next_dagrun for example_task_group to None, run_after=None
[2025-07-17T00:35:53.790+0530] {processor.py:208} INFO - Processing /Users/parth/Desktop/Engine/venv/lib/python3.11/site-packages/airflow/example_dags/example_task_group.py took 0.089 seconds
[2025-07-17T00:37:59.082+0530] {processor.py:186} INFO - Started process (PID=18346) to work on /Users/parth/Desktop/Engine/venv/lib/python3.11/site-packages/airflow/example_dags/example_task_group.py
[2025-07-17T00:37:59.083+0530] {processor.py:914} INFO - Processing file /Users/parth/Desktop/Engine/venv/lib/python3.11/site-packages/airflow/example_dags/example_task_group.py for tasks to queue
[2025-07-17T00:37:59.084+0530] {logging_mixin.py:190} INFO - [2025-07-17T00:37:59.084+0530] {dagbag.py:588} INFO - Filling up the DagBag from /Users/parth/Desktop/Engine/venv/lib/python3.11/site-packages/airflow/example_dags/example_task_group.py
[2025-07-17T00:37:59.090+0530] {processor.py:925} INFO - DAG(s) 'example_task_group' retrieved from /Users/parth/Desktop/Engine/venv/lib/python3.11/site-packages/airflow/example_dags/example_task_group.py
[2025-07-17T00:37:59.152+0530] {logging_mixin.py:190} INFO - [2025-07-17T00:37:59.152+0530] {dag.py:3239} INFO - Sync 1 DAGs
[2025-07-17T00:37:59.159+0530] {logging_mixin.py:190} INFO - [2025-07-17T00:37:59.159+0530] {dag.py:4180} INFO - Setting next_dagrun for example_task_group to None, run_after=None
[2025-07-17T00:37:59.170+0530] {processor.py:208} INFO - Processing /Users/parth/Desktop/Engine/venv/lib/python3.11/site-packages/airflow/example_dags/example_task_group.py took 0.090 seconds
[2025-07-17T00:40:01.751+0530] {processor.py:186} INFO - Started process (PID=19137) to work on /Users/parth/Desktop/Engine/venv/lib/python3.11/site-packages/airflow/example_dags/example_task_group.py
[2025-07-17T00:40:01.752+0530] {processor.py:914} INFO - Processing file /Users/parth/Desktop/Engine/venv/lib/python3.11/site-packages/airflow/example_dags/example_task_group.py for tasks to queue
[2025-07-17T00:40:01.753+0530] {logging_mixin.py:190} INFO - [2025-07-17T00:40:01.753+0530] {dagbag.py:588} INFO - Filling up the DagBag from /Users/parth/Desktop/Engine/venv/lib/python3.11/site-packages/airflow/example_dags/example_task_group.py
[2025-07-17T00:40:01.759+0530] {processor.py:925} INFO - DAG(s) 'example_task_group' retrieved from /Users/parth/Desktop/Engine/venv/lib/python3.11/site-packages/airflow/example_dags/example_task_group.py
[2025-07-17T00:40:01.820+0530] {logging_mixin.py:190} INFO - [2025-07-17T00:40:01.820+0530] {dag.py:3239} INFO - Sync 1 DAGs
[2025-07-17T00:40:01.827+0530] {logging_mixin.py:190} INFO - [2025-07-17T00:40:01.826+0530] {dag.py:4180} INFO - Setting next_dagrun for example_task_group to None, run_after=None
[2025-07-17T00:40:01.839+0530] {processor.py:208} INFO - Processing /Users/parth/Desktop/Engine/venv/lib/python3.11/site-packages/airflow/example_dags/example_task_group.py took 0.090 seconds
[2025-07-17T00:42:26.786+0530] {processor.py:186} INFO - Started process (PID=20165) to work on /Users/parth/Desktop/Engine/venv/lib/python3.11/site-packages/airflow/example_dags/example_task_group.py
[2025-07-17T00:42:26.786+0530] {processor.py:914} INFO - Processing file /Users/parth/Desktop/Engine/venv/lib/python3.11/site-packages/airflow/example_dags/example_task_group.py for tasks to queue
[2025-07-17T00:42:26.787+0530] {logging_mixin.py:190} INFO - [2025-07-17T00:42:26.787+0530] {dagbag.py:588} INFO - Filling up the DagBag from /Users/parth/Desktop/Engine/venv/lib/python3.11/site-packages/airflow/example_dags/example_task_group.py
[2025-07-17T00:42:26.793+0530] {processor.py:925} INFO - DAG(s) 'example_task_group' retrieved from /Users/parth/Desktop/Engine/venv/lib/python3.11/site-packages/airflow/example_dags/example_task_group.py
[2025-07-17T00:42:26.856+0530] {logging_mixin.py:190} INFO - [2025-07-17T00:42:26.855+0530] {dag.py:3239} INFO - Sync 1 DAGs
[2025-07-17T00:42:26.862+0530] {logging_mixin.py:190} INFO - [2025-07-17T00:42:26.862+0530] {dag.py:4180} INFO - Setting next_dagrun for example_task_group to None, run_after=None
[2025-07-17T00:42:26.874+0530] {processor.py:208} INFO - Processing /Users/parth/Desktop/Engine/venv/lib/python3.11/site-packages/airflow/example_dags/example_task_group.py took 0.091 seconds
[2025-07-17T00:44:33.980+0530] {processor.py:186} INFO - Started process (PID=20995) to work on /Users/parth/Desktop/Engine/venv/lib/python3.11/site-packages/airflow/example_dags/example_task_group.py
[2025-07-17T00:44:33.981+0530] {processor.py:914} INFO - Processing file /Users/parth/Desktop/Engine/venv/lib/python3.11/site-packages/airflow/example_dags/example_task_group.py for tasks to queue
[2025-07-17T00:44:33.981+0530] {logging_mixin.py:190} INFO - [2025-07-17T00:44:33.981+0530] {dagbag.py:588} INFO - Filling up the DagBag from /Users/parth/Desktop/Engine/venv/lib/python3.11/site-packages/airflow/example_dags/example_task_group.py
[2025-07-17T00:44:33.987+0530] {processor.py:925} INFO - DAG(s) 'example_task_group' retrieved from /Users/parth/Desktop/Engine/venv/lib/python3.11/site-packages/airflow/example_dags/example_task_group.py
[2025-07-17T00:44:34.049+0530] {logging_mixin.py:190} INFO - [2025-07-17T00:44:34.049+0530] {dag.py:3239} INFO - Sync 1 DAGs
[2025-07-17T00:44:34.057+0530] {logging_mixin.py:190} INFO - [2025-07-17T00:44:34.057+0530] {dag.py:4180} INFO - Setting next_dagrun for example_task_group to None, run_after=None
[2025-07-17T00:44:34.069+0530] {processor.py:208} INFO - Processing /Users/parth/Desktop/Engine/venv/lib/python3.11/site-packages/airflow/example_dags/example_task_group.py took 0.091 seconds
[2025-07-17T00:46:33.937+0530] {processor.py:186} INFO - Started process (PID=21759) to work on /Users/parth/Desktop/Engine/venv/lib/python3.11/site-packages/airflow/example_dags/example_task_group.py
[2025-07-17T00:46:33.938+0530] {processor.py:914} INFO - Processing file /Users/parth/Desktop/Engine/venv/lib/python3.11/site-packages/airflow/example_dags/example_task_group.py for tasks to queue
[2025-07-17T00:46:33.938+0530] {logging_mixin.py:190} INFO - [2025-07-17T00:46:33.938+0530] {dagbag.py:588} INFO - Filling up the DagBag from /Users/parth/Desktop/Engine/venv/lib/python3.11/site-packages/airflow/example_dags/example_task_group.py
[2025-07-17T00:46:33.945+0530] {processor.py:925} INFO - DAG(s) 'example_task_group' retrieved from /Users/parth/Desktop/Engine/venv/lib/python3.11/site-packages/airflow/example_dags/example_task_group.py
[2025-07-17T00:46:34.011+0530] {logging_mixin.py:190} INFO - [2025-07-17T00:46:34.011+0530] {dag.py:3239} INFO - Sync 1 DAGs
[2025-07-17T00:46:34.018+0530] {logging_mixin.py:190} INFO - [2025-07-17T00:46:34.018+0530] {dag.py:4180} INFO - Setting next_dagrun for example_task_group to None, run_after=None
[2025-07-17T00:46:34.031+0530] {processor.py:208} INFO - Processing /Users/parth/Desktop/Engine/venv/lib/python3.11/site-packages/airflow/example_dags/example_task_group.py took 0.097 seconds
[2025-07-17T01:17:45.580+0530] {processor.py:186} INFO - Started process (PID=22566) to work on /Users/parth/Desktop/Engine/venv/lib/python3.11/site-packages/airflow/example_dags/example_task_group.py
[2025-07-17T01:17:45.583+0530] {processor.py:914} INFO - Processing file /Users/parth/Desktop/Engine/venv/lib/python3.11/site-packages/airflow/example_dags/example_task_group.py for tasks to queue
[2025-07-17T01:17:45.585+0530] {logging_mixin.py:190} INFO - [2025-07-17T01:17:45.585+0530] {dagbag.py:588} INFO - Filling up the DagBag from /Users/parth/Desktop/Engine/venv/lib/python3.11/site-packages/airflow/example_dags/example_task_group.py
[2025-07-17T01:17:45.597+0530] {processor.py:925} INFO - DAG(s) 'example_task_group' retrieved from /Users/parth/Desktop/Engine/venv/lib/python3.11/site-packages/airflow/example_dags/example_task_group.py
[2025-07-17T01:17:45.695+0530] {logging_mixin.py:190} INFO - [2025-07-17T01:17:45.694+0530] {dag.py:3239} INFO - Sync 1 DAGs
[2025-07-17T01:17:45.705+0530] {logging_mixin.py:190} INFO - [2025-07-17T01:17:45.705+0530] {dag.py:4180} INFO - Setting next_dagrun for example_task_group to None, run_after=None
[2025-07-17T01:17:45.719+0530] {processor.py:208} INFO - Processing /Users/parth/Desktop/Engine/venv/lib/python3.11/site-packages/airflow/example_dags/example_task_group.py took 0.147 seconds
