[2025-07-17T00:12:51.125+0530] {processor.py:186} INFO - Started process (PID=8236) to work on /Users/parth/Desktop/Engine/venv/lib/python3.11/site-packages/airflow/example_dags/example_dynamic_task_mapping_with_no_taskflow_operators.py
[2025-07-17T00:12:51.126+0530] {processor.py:914} INFO - Processing file /Users/parth/Desktop/Engine/venv/lib/python3.11/site-packages/airflow/example_dags/example_dynamic_task_mapping_with_no_taskflow_operators.py for tasks to queue
[2025-07-17T00:12:51.127+0530] {logging_mixin.py:190} INFO - [2025-07-17T00:12:51.126+0530] {dagbag.py:588} INFO - Filling up the DagBag from /Users/parth/Desktop/Engine/venv/lib/python3.11/site-packages/airflow/example_dags/example_dynamic_task_mapping_with_no_taskflow_operators.py
[2025-07-17T00:12:51.131+0530] {processor.py:925} INFO - DAG(s) 'example_dynamic_task_mapping_with_no_taskflow_operators' retrieved from /Users/parth/Desktop/Engine/venv/lib/python3.11/site-packages/airflow/example_dags/example_dynamic_task_mapping_with_no_taskflow_operators.py
[2025-07-17T00:12:51.246+0530] {logging_mixin.py:190} INFO - [2025-07-17T00:12:51.245+0530] {override.py:1930} INFO - Created Permission View: can delete on DAG:example_dynamic_task_mapping_with_no_taskflow_operators
[2025-07-17T00:12:51.251+0530] {logging_mixin.py:190} INFO - [2025-07-17T00:12:51.251+0530] {override.py:1930} INFO - Created Permission View: can read on DAG:example_dynamic_task_mapping_with_no_taskflow_operators
[2025-07-17T00:12:51.255+0530] {logging_mixin.py:190} INFO - [2025-07-17T00:12:51.255+0530] {override.py:1930} INFO - Created Permission View: can edit on DAG:example_dynamic_task_mapping_with_no_taskflow_operators
[2025-07-17T00:12:51.260+0530] {logging_mixin.py:190} INFO - [2025-07-17T00:12:51.260+0530] {override.py:1930} INFO - Created Permission View: menu access on DAG Run:example_dynamic_task_mapping_with_no_taskflow_operators
[2025-07-17T00:12:51.264+0530] {logging_mixin.py:190} INFO - [2025-07-17T00:12:51.263+0530] {override.py:1930} INFO - Created Permission View: can read on DAG Run:example_dynamic_task_mapping_with_no_taskflow_operators
[2025-07-17T00:12:51.267+0530] {logging_mixin.py:190} INFO - [2025-07-17T00:12:51.267+0530] {override.py:1930} INFO - Created Permission View: can delete on DAG Run:example_dynamic_task_mapping_with_no_taskflow_operators
[2025-07-17T00:12:51.270+0530] {logging_mixin.py:190} INFO - [2025-07-17T00:12:51.270+0530] {override.py:1930} INFO - Created Permission View: can create on DAG Run:example_dynamic_task_mapping_with_no_taskflow_operators
[2025-07-17T00:12:51.270+0530] {logging_mixin.py:190} INFO - [2025-07-17T00:12:51.270+0530] {dag.py:3239} INFO - Sync 1 DAGs
[2025-07-17T00:12:51.277+0530] {logging_mixin.py:190} INFO - [2025-07-17T00:12:51.277+0530] {dag.py:3262} INFO - Creating ORM DAG for example_dynamic_task_mapping_with_no_taskflow_operators
[2025-07-17T00:12:51.278+0530] {logging_mixin.py:190} INFO - [2025-07-17T00:12:51.277+0530] {dag.py:4180} INFO - Setting next_dagrun for example_dynamic_task_mapping_with_no_taskflow_operators to None, run_after=None
[2025-07-17T00:12:51.286+0530] {processor.py:208} INFO - Processing /Users/parth/Desktop/Engine/venv/lib/python3.11/site-packages/airflow/example_dags/example_dynamic_task_mapping_with_no_taskflow_operators.py took 0.163 seconds
[2025-07-17T00:15:33.973+0530] {processor.py:186} INFO - Started process (PID=9297) to work on /Users/parth/Desktop/Engine/venv/lib/python3.11/site-packages/airflow/example_dags/example_dynamic_task_mapping_with_no_taskflow_operators.py
[2025-07-17T00:15:33.974+0530] {processor.py:914} INFO - Processing file /Users/parth/Desktop/Engine/venv/lib/python3.11/site-packages/airflow/example_dags/example_dynamic_task_mapping_with_no_taskflow_operators.py for tasks to queue
[2025-07-17T00:15:33.975+0530] {logging_mixin.py:190} INFO - [2025-07-17T00:15:33.975+0530] {dagbag.py:588} INFO - Filling up the DagBag from /Users/parth/Desktop/Engine/venv/lib/python3.11/site-packages/airflow/example_dags/example_dynamic_task_mapping_with_no_taskflow_operators.py
[2025-07-17T00:15:33.980+0530] {processor.py:925} INFO - DAG(s) 'example_dynamic_task_mapping_with_no_taskflow_operators' retrieved from /Users/parth/Desktop/Engine/venv/lib/python3.11/site-packages/airflow/example_dags/example_dynamic_task_mapping_with_no_taskflow_operators.py
[2025-07-17T00:15:34.043+0530] {logging_mixin.py:190} INFO - [2025-07-17T00:15:34.043+0530] {dag.py:3239} INFO - Sync 1 DAGs
[2025-07-17T00:15:34.050+0530] {logging_mixin.py:190} INFO - [2025-07-17T00:15:34.049+0530] {dag.py:4180} INFO - Setting next_dagrun for example_dynamic_task_mapping_with_no_taskflow_operators to None, run_after=None
[2025-07-17T00:15:34.062+0530] {processor.py:208} INFO - Processing /Users/parth/Desktop/Engine/venv/lib/python3.11/site-packages/airflow/example_dags/example_dynamic_task_mapping_with_no_taskflow_operators.py took 0.091 seconds
[2025-07-17T00:20:38.865+0530] {processor.py:186} INFO - Started process (PID=11330) to work on /Users/parth/Desktop/Engine/venv/lib/python3.11/site-packages/airflow/example_dags/example_dynamic_task_mapping_with_no_taskflow_operators.py
[2025-07-17T00:20:38.867+0530] {processor.py:914} INFO - Processing file /Users/parth/Desktop/Engine/venv/lib/python3.11/site-packages/airflow/example_dags/example_dynamic_task_mapping_with_no_taskflow_operators.py for tasks to queue
[2025-07-17T00:20:38.868+0530] {logging_mixin.py:190} INFO - [2025-07-17T00:20:38.868+0530] {dagbag.py:588} INFO - Filling up the DagBag from /Users/parth/Desktop/Engine/venv/lib/python3.11/site-packages/airflow/example_dags/example_dynamic_task_mapping_with_no_taskflow_operators.py
[2025-07-17T00:20:38.879+0530] {processor.py:925} INFO - DAG(s) 'example_dynamic_task_mapping_with_no_taskflow_operators' retrieved from /Users/parth/Desktop/Engine/venv/lib/python3.11/site-packages/airflow/example_dags/example_dynamic_task_mapping_with_no_taskflow_operators.py
[2025-07-17T00:20:39.028+0530] {logging_mixin.py:190} INFO - [2025-07-17T00:20:39.027+0530] {dag.py:3239} INFO - Sync 1 DAGs
[2025-07-17T00:20:39.044+0530] {logging_mixin.py:190} INFO - [2025-07-17T00:20:39.044+0530] {dag.py:4180} INFO - Setting next_dagrun for example_dynamic_task_mapping_with_no_taskflow_operators to None, run_after=None
[2025-07-17T00:20:39.073+0530] {processor.py:208} INFO - Processing /Users/parth/Desktop/Engine/venv/lib/python3.11/site-packages/airflow/example_dags/example_dynamic_task_mapping_with_no_taskflow_operators.py took 0.214 seconds
[2025-07-17T00:25:02.359+0530] {processor.py:186} INFO - Started process (PID=13245) to work on /Users/parth/Desktop/Engine/venv/lib/python3.11/site-packages/airflow/example_dags/example_dynamic_task_mapping_with_no_taskflow_operators.py
[2025-07-17T00:25:02.360+0530] {processor.py:914} INFO - Processing file /Users/parth/Desktop/Engine/venv/lib/python3.11/site-packages/airflow/example_dags/example_dynamic_task_mapping_with_no_taskflow_operators.py for tasks to queue
[2025-07-17T00:25:02.361+0530] {logging_mixin.py:190} INFO - [2025-07-17T00:25:02.361+0530] {dagbag.py:588} INFO - Filling up the DagBag from /Users/parth/Desktop/Engine/venv/lib/python3.11/site-packages/airflow/example_dags/example_dynamic_task_mapping_with_no_taskflow_operators.py
[2025-07-17T00:25:02.366+0530] {processor.py:925} INFO - DAG(s) 'example_dynamic_task_mapping_with_no_taskflow_operators' retrieved from /Users/parth/Desktop/Engine/venv/lib/python3.11/site-packages/airflow/example_dags/example_dynamic_task_mapping_with_no_taskflow_operators.py
[2025-07-17T00:25:02.426+0530] {logging_mixin.py:190} INFO - [2025-07-17T00:25:02.426+0530] {dag.py:3239} INFO - Sync 1 DAGs
[2025-07-17T00:25:02.432+0530] {logging_mixin.py:190} INFO - [2025-07-17T00:25:02.432+0530] {dag.py:4180} INFO - Setting next_dagrun for example_dynamic_task_mapping_with_no_taskflow_operators to None, run_after=None
[2025-07-17T00:25:02.444+0530] {processor.py:208} INFO - Processing /Users/parth/Desktop/Engine/venv/lib/python3.11/site-packages/airflow/example_dags/example_dynamic_task_mapping_with_no_taskflow_operators.py took 0.087 seconds
[2025-07-17T00:29:04.210+0530] {processor.py:186} INFO - Started process (PID=14846) to work on /Users/parth/Desktop/Engine/venv/lib/python3.11/site-packages/airflow/example_dags/example_dynamic_task_mapping_with_no_taskflow_operators.py
[2025-07-17T00:29:04.211+0530] {processor.py:914} INFO - Processing file /Users/parth/Desktop/Engine/venv/lib/python3.11/site-packages/airflow/example_dags/example_dynamic_task_mapping_with_no_taskflow_operators.py for tasks to queue
[2025-07-17T00:29:04.212+0530] {logging_mixin.py:190} INFO - [2025-07-17T00:29:04.212+0530] {dagbag.py:588} INFO - Filling up the DagBag from /Users/parth/Desktop/Engine/venv/lib/python3.11/site-packages/airflow/example_dags/example_dynamic_task_mapping_with_no_taskflow_operators.py
[2025-07-17T00:29:04.217+0530] {processor.py:925} INFO - DAG(s) 'example_dynamic_task_mapping_with_no_taskflow_operators' retrieved from /Users/parth/Desktop/Engine/venv/lib/python3.11/site-packages/airflow/example_dags/example_dynamic_task_mapping_with_no_taskflow_operators.py
[2025-07-17T00:29:04.279+0530] {logging_mixin.py:190} INFO - [2025-07-17T00:29:04.279+0530] {dag.py:3239} INFO - Sync 1 DAGs
[2025-07-17T00:29:04.286+0530] {logging_mixin.py:190} INFO - [2025-07-17T00:29:04.285+0530] {dag.py:4180} INFO - Setting next_dagrun for example_dynamic_task_mapping_with_no_taskflow_operators to None, run_after=None
[2025-07-17T00:29:04.299+0530] {processor.py:208} INFO - Processing /Users/parth/Desktop/Engine/venv/lib/python3.11/site-packages/airflow/example_dags/example_dynamic_task_mapping_with_no_taskflow_operators.py took 0.092 seconds
[2025-07-17T00:32:49.561+0530] {processor.py:186} INFO - Started process (PID=16328) to work on /Users/parth/Desktop/Engine/venv/lib/python3.11/site-packages/airflow/example_dags/example_dynamic_task_mapping_with_no_taskflow_operators.py
[2025-07-17T00:32:49.562+0530] {processor.py:914} INFO - Processing file /Users/parth/Desktop/Engine/venv/lib/python3.11/site-packages/airflow/example_dags/example_dynamic_task_mapping_with_no_taskflow_operators.py for tasks to queue
[2025-07-17T00:32:49.563+0530] {logging_mixin.py:190} INFO - [2025-07-17T00:32:49.562+0530] {dagbag.py:588} INFO - Filling up the DagBag from /Users/parth/Desktop/Engine/venv/lib/python3.11/site-packages/airflow/example_dags/example_dynamic_task_mapping_with_no_taskflow_operators.py
[2025-07-17T00:32:49.568+0530] {processor.py:925} INFO - DAG(s) 'example_dynamic_task_mapping_with_no_taskflow_operators' retrieved from /Users/parth/Desktop/Engine/venv/lib/python3.11/site-packages/airflow/example_dags/example_dynamic_task_mapping_with_no_taskflow_operators.py
[2025-07-17T00:32:49.634+0530] {logging_mixin.py:190} INFO - [2025-07-17T00:32:49.634+0530] {dag.py:3239} INFO - Sync 1 DAGs
[2025-07-17T00:32:49.640+0530] {logging_mixin.py:190} INFO - [2025-07-17T00:32:49.640+0530] {dag.py:4180} INFO - Setting next_dagrun for example_dynamic_task_mapping_with_no_taskflow_operators to None, run_after=None
[2025-07-17T00:32:49.653+0530] {processor.py:208} INFO - Processing /Users/parth/Desktop/Engine/venv/lib/python3.11/site-packages/airflow/example_dags/example_dynamic_task_mapping_with_no_taskflow_operators.py took 0.094 seconds
[2025-07-17T00:36:51.933+0530] {processor.py:186} INFO - Started process (PID=17903) to work on /Users/parth/Desktop/Engine/venv/lib/python3.11/site-packages/airflow/example_dags/example_dynamic_task_mapping_with_no_taskflow_operators.py
[2025-07-17T00:36:51.934+0530] {processor.py:914} INFO - Processing file /Users/parth/Desktop/Engine/venv/lib/python3.11/site-packages/airflow/example_dags/example_dynamic_task_mapping_with_no_taskflow_operators.py for tasks to queue
[2025-07-17T00:36:51.935+0530] {logging_mixin.py:190} INFO - [2025-07-17T00:36:51.935+0530] {dagbag.py:588} INFO - Filling up the DagBag from /Users/parth/Desktop/Engine/venv/lib/python3.11/site-packages/airflow/example_dags/example_dynamic_task_mapping_with_no_taskflow_operators.py
[2025-07-17T00:36:51.940+0530] {processor.py:925} INFO - DAG(s) 'example_dynamic_task_mapping_with_no_taskflow_operators' retrieved from /Users/parth/Desktop/Engine/venv/lib/python3.11/site-packages/airflow/example_dags/example_dynamic_task_mapping_with_no_taskflow_operators.py
[2025-07-17T00:36:51.999+0530] {logging_mixin.py:190} INFO - [2025-07-17T00:36:51.999+0530] {dag.py:3239} INFO - Sync 1 DAGs
[2025-07-17T00:36:52.006+0530] {logging_mixin.py:190} INFO - [2025-07-17T00:36:52.005+0530] {dag.py:4180} INFO - Setting next_dagrun for example_dynamic_task_mapping_with_no_taskflow_operators to None, run_after=None
[2025-07-17T00:36:52.018+0530] {processor.py:208} INFO - Processing /Users/parth/Desktop/Engine/venv/lib/python3.11/site-packages/airflow/example_dags/example_dynamic_task_mapping_with_no_taskflow_operators.py took 0.087 seconds
[2025-07-17T00:41:14.315+0530] {processor.py:186} INFO - Started process (PID=19669) to work on /Users/parth/Desktop/Engine/venv/lib/python3.11/site-packages/airflow/example_dags/example_dynamic_task_mapping_with_no_taskflow_operators.py
[2025-07-17T00:41:14.317+0530] {processor.py:914} INFO - Processing file /Users/parth/Desktop/Engine/venv/lib/python3.11/site-packages/airflow/example_dags/example_dynamic_task_mapping_with_no_taskflow_operators.py for tasks to queue
[2025-07-17T00:41:14.319+0530] {logging_mixin.py:190} INFO - [2025-07-17T00:41:14.319+0530] {dagbag.py:588} INFO - Filling up the DagBag from /Users/parth/Desktop/Engine/venv/lib/python3.11/site-packages/airflow/example_dags/example_dynamic_task_mapping_with_no_taskflow_operators.py
[2025-07-17T00:41:14.335+0530] {processor.py:925} INFO - DAG(s) 'example_dynamic_task_mapping_with_no_taskflow_operators' retrieved from /Users/parth/Desktop/Engine/venv/lib/python3.11/site-packages/airflow/example_dags/example_dynamic_task_mapping_with_no_taskflow_operators.py
[2025-07-17T00:41:14.495+0530] {logging_mixin.py:190} INFO - [2025-07-17T00:41:14.494+0530] {dag.py:3239} INFO - Sync 1 DAGs
[2025-07-17T00:41:14.511+0530] {logging_mixin.py:190} INFO - [2025-07-17T00:41:14.510+0530] {dag.py:4180} INFO - Setting next_dagrun for example_dynamic_task_mapping_with_no_taskflow_operators to None, run_after=None
[2025-07-17T00:41:14.540+0530] {processor.py:208} INFO - Processing /Users/parth/Desktop/Engine/venv/lib/python3.11/site-packages/airflow/example_dags/example_dynamic_task_mapping_with_no_taskflow_operators.py took 0.231 seconds
[2025-07-17T00:45:32.959+0530] {processor.py:186} INFO - Started process (PID=21361) to work on /Users/parth/Desktop/Engine/venv/lib/python3.11/site-packages/airflow/example_dags/example_dynamic_task_mapping_with_no_taskflow_operators.py
[2025-07-17T00:45:32.960+0530] {processor.py:914} INFO - Processing file /Users/parth/Desktop/Engine/venv/lib/python3.11/site-packages/airflow/example_dags/example_dynamic_task_mapping_with_no_taskflow_operators.py for tasks to queue
[2025-07-17T00:45:32.961+0530] {logging_mixin.py:190} INFO - [2025-07-17T00:45:32.960+0530] {dagbag.py:588} INFO - Filling up the DagBag from /Users/parth/Desktop/Engine/venv/lib/python3.11/site-packages/airflow/example_dags/example_dynamic_task_mapping_with_no_taskflow_operators.py
[2025-07-17T00:45:32.965+0530] {processor.py:925} INFO - DAG(s) 'example_dynamic_task_mapping_with_no_taskflow_operators' retrieved from /Users/parth/Desktop/Engine/venv/lib/python3.11/site-packages/airflow/example_dags/example_dynamic_task_mapping_with_no_taskflow_operators.py
[2025-07-17T00:45:33.027+0530] {logging_mixin.py:190} INFO - [2025-07-17T00:45:33.026+0530] {dag.py:3239} INFO - Sync 1 DAGs
[2025-07-17T00:45:33.033+0530] {logging_mixin.py:190} INFO - [2025-07-17T00:45:33.033+0530] {dag.py:4180} INFO - Setting next_dagrun for example_dynamic_task_mapping_with_no_taskflow_operators to None, run_after=None
[2025-07-17T00:45:33.045+0530] {processor.py:208} INFO - Processing /Users/parth/Desktop/Engine/venv/lib/python3.11/site-packages/airflow/example_dags/example_dynamic_task_mapping_with_no_taskflow_operators.py took 0.089 seconds
