[2025-07-17T00:13:02.748+0530] {processor.py:186} INFO - Started process (PID=8305) to work on /Users/parth/Desktop/Engine/venv/lib/python3.11/site-packages/airflow/example_dags/example_dataset_alias_with_no_taskflow.py
[2025-07-17T00:13:02.749+0530] {processor.py:914} INFO - Processing file /Users/parth/Desktop/Engine/venv/lib/python3.11/site-packages/airflow/example_dags/example_dataset_alias_with_no_taskflow.py for tasks to queue
[2025-07-17T00:13:02.750+0530] {logging_mixin.py:190} INFO - [2025-07-17T00:13:02.750+0530] {dagbag.py:588} INFO - Filling up the DagBag from /Users/parth/Desktop/Engine/venv/lib/python3.11/site-packages/airflow/example_dags/example_dataset_alias_with_no_taskflow.py
[2025-07-17T00:13:02.844+0530] {processor.py:925} INFO - DAG(s) 'dataset_s3_bucket_consumer_with_no_taskflow', 'dataset_s3_bucket_producer_with_no_taskflow', 'dataset_alias_example_alias_consumer_with_no_taskflow', 'dataset_alias_example_alias_producer_with_no_taskflow' retrieved from /Users/parth/Desktop/Engine/venv/lib/python3.11/site-packages/airflow/example_dags/example_dataset_alias_with_no_taskflow.py
[2025-07-17T00:13:02.906+0530] {logging_mixin.py:190} INFO - [2025-07-17T00:13:02.906+0530] {override.py:1930} INFO - Created Permission View: can delete on DAG:dataset_s3_bucket_consumer_with_no_taskflow
[2025-07-17T00:13:02.913+0530] {logging_mixin.py:190} INFO - [2025-07-17T00:13:02.912+0530] {override.py:1930} INFO - Created Permission View: can edit on DAG:dataset_s3_bucket_consumer_with_no_taskflow
[2025-07-17T00:13:02.916+0530] {logging_mixin.py:190} INFO - [2025-07-17T00:13:02.916+0530] {override.py:1930} INFO - Created Permission View: can read on DAG:dataset_s3_bucket_consumer_with_no_taskflow
[2025-07-17T00:13:02.921+0530] {logging_mixin.py:190} INFO - [2025-07-17T00:13:02.921+0530] {override.py:1930} INFO - Created Permission View: can delete on DAG Run:dataset_s3_bucket_consumer_with_no_taskflow
[2025-07-17T00:13:02.925+0530] {logging_mixin.py:190} INFO - [2025-07-17T00:13:02.925+0530] {override.py:1930} INFO - Created Permission View: can create on DAG Run:dataset_s3_bucket_consumer_with_no_taskflow
[2025-07-17T00:13:02.929+0530] {logging_mixin.py:190} INFO - [2025-07-17T00:13:02.929+0530] {override.py:1930} INFO - Created Permission View: menu access on DAG Run:dataset_s3_bucket_consumer_with_no_taskflow
[2025-07-17T00:13:02.932+0530] {logging_mixin.py:190} INFO - [2025-07-17T00:13:02.932+0530] {override.py:1930} INFO - Created Permission View: can read on DAG Run:dataset_s3_bucket_consumer_with_no_taskflow
[2025-07-17T00:13:02.939+0530] {logging_mixin.py:190} INFO - [2025-07-17T00:13:02.939+0530] {override.py:1930} INFO - Created Permission View: can delete on DAG:dataset_s3_bucket_producer_with_no_taskflow
[2025-07-17T00:13:02.943+0530] {logging_mixin.py:190} INFO - [2025-07-17T00:13:02.943+0530] {override.py:1930} INFO - Created Permission View: can edit on DAG:dataset_s3_bucket_producer_with_no_taskflow
[2025-07-17T00:13:02.946+0530] {logging_mixin.py:190} INFO - [2025-07-17T00:13:02.946+0530] {override.py:1930} INFO - Created Permission View: can read on DAG:dataset_s3_bucket_producer_with_no_taskflow
[2025-07-17T00:13:02.950+0530] {logging_mixin.py:190} INFO - [2025-07-17T00:13:02.950+0530] {override.py:1930} INFO - Created Permission View: can delete on DAG Run:dataset_s3_bucket_producer_with_no_taskflow
[2025-07-17T00:13:02.955+0530] {logging_mixin.py:190} INFO - [2025-07-17T00:13:02.954+0530] {override.py:1930} INFO - Created Permission View: can create on DAG Run:dataset_s3_bucket_producer_with_no_taskflow
[2025-07-17T00:13:02.958+0530] {logging_mixin.py:190} INFO - [2025-07-17T00:13:02.958+0530] {override.py:1930} INFO - Created Permission View: menu access on DAG Run:dataset_s3_bucket_producer_with_no_taskflow
[2025-07-17T00:13:02.961+0530] {logging_mixin.py:190} INFO - [2025-07-17T00:13:02.961+0530] {override.py:1930} INFO - Created Permission View: can read on DAG Run:dataset_s3_bucket_producer_with_no_taskflow
[2025-07-17T00:13:02.968+0530] {logging_mixin.py:190} INFO - [2025-07-17T00:13:02.968+0530] {override.py:1930} INFO - Created Permission View: can delete on DAG:dataset_alias_example_alias_consumer_with_no_taskflow
[2025-07-17T00:13:02.971+0530] {logging_mixin.py:190} INFO - [2025-07-17T00:13:02.971+0530] {override.py:1930} INFO - Created Permission View: can edit on DAG:dataset_alias_example_alias_consumer_with_no_taskflow
[2025-07-17T00:13:02.975+0530] {logging_mixin.py:190} INFO - [2025-07-17T00:13:02.975+0530] {override.py:1930} INFO - Created Permission View: can read on DAG:dataset_alias_example_alias_consumer_with_no_taskflow
[2025-07-17T00:13:02.979+0530] {logging_mixin.py:190} INFO - [2025-07-17T00:13:02.979+0530] {override.py:1930} INFO - Created Permission View: can delete on DAG Run:dataset_alias_example_alias_consumer_with_no_taskflow
[2025-07-17T00:13:02.982+0530] {logging_mixin.py:190} INFO - [2025-07-17T00:13:02.982+0530] {override.py:1930} INFO - Created Permission View: can create on DAG Run:dataset_alias_example_alias_consumer_with_no_taskflow
[2025-07-17T00:13:02.985+0530] {logging_mixin.py:190} INFO - [2025-07-17T00:13:02.985+0530] {override.py:1930} INFO - Created Permission View: menu access on DAG Run:dataset_alias_example_alias_consumer_with_no_taskflow
[2025-07-17T00:13:02.989+0530] {logging_mixin.py:190} INFO - [2025-07-17T00:13:02.988+0530] {override.py:1930} INFO - Created Permission View: can read on DAG Run:dataset_alias_example_alias_consumer_with_no_taskflow
[2025-07-17T00:13:02.996+0530] {logging_mixin.py:190} INFO - [2025-07-17T00:13:02.996+0530] {override.py:1930} INFO - Created Permission View: can delete on DAG:dataset_alias_example_alias_producer_with_no_taskflow
[2025-07-17T00:13:03.000+0530] {logging_mixin.py:190} INFO - [2025-07-17T00:13:03.000+0530] {override.py:1930} INFO - Created Permission View: can edit on DAG:dataset_alias_example_alias_producer_with_no_taskflow
[2025-07-17T00:13:03.003+0530] {logging_mixin.py:190} INFO - [2025-07-17T00:13:03.003+0530] {override.py:1930} INFO - Created Permission View: can read on DAG:dataset_alias_example_alias_producer_with_no_taskflow
[2025-07-17T00:13:03.007+0530] {logging_mixin.py:190} INFO - [2025-07-17T00:13:03.007+0530] {override.py:1930} INFO - Created Permission View: can delete on DAG Run:dataset_alias_example_alias_producer_with_no_taskflow
[2025-07-17T00:13:03.064+0530] {logging_mixin.py:190} INFO - [2025-07-17T00:13:03.064+0530] {override.py:1930} INFO - Created Permission View: can create on DAG Run:dataset_alias_example_alias_producer_with_no_taskflow
[2025-07-17T00:13:03.068+0530] {logging_mixin.py:190} INFO - [2025-07-17T00:13:03.068+0530] {override.py:1930} INFO - Created Permission View: menu access on DAG Run:dataset_alias_example_alias_producer_with_no_taskflow
[2025-07-17T00:13:03.071+0530] {logging_mixin.py:190} INFO - [2025-07-17T00:13:03.071+0530] {override.py:1930} INFO - Created Permission View: can read on DAG Run:dataset_alias_example_alias_producer_with_no_taskflow
[2025-07-17T00:13:03.072+0530] {logging_mixin.py:190} INFO - [2025-07-17T00:13:03.071+0530] {dag.py:3239} INFO - Sync 4 DAGs
[2025-07-17T00:13:03.079+0530] {logging_mixin.py:190} INFO - [2025-07-17T00:13:03.078+0530] {dag.py:3262} INFO - Creating ORM DAG for dataset_alias_example_alias_consumer_with_no_taskflow
[2025-07-17T00:13:03.079+0530] {logging_mixin.py:190} INFO - [2025-07-17T00:13:03.079+0530] {dag.py:3262} INFO - Creating ORM DAG for dataset_alias_example_alias_producer_with_no_taskflow
[2025-07-17T00:13:03.079+0530] {logging_mixin.py:190} INFO - [2025-07-17T00:13:03.079+0530] {dag.py:3262} INFO - Creating ORM DAG for dataset_s3_bucket_consumer_with_no_taskflow
[2025-07-17T00:13:03.079+0530] {logging_mixin.py:190} INFO - [2025-07-17T00:13:03.079+0530] {dag.py:3262} INFO - Creating ORM DAG for dataset_s3_bucket_producer_with_no_taskflow
[2025-07-17T00:13:03.084+0530] {logging_mixin.py:190} INFO - [2025-07-17T00:13:03.084+0530] {dag.py:4180} INFO - Setting next_dagrun for dataset_alias_example_alias_consumer_with_no_taskflow to None, run_after=None
[2025-07-17T00:13:03.084+0530] {logging_mixin.py:190} INFO - [2025-07-17T00:13:03.084+0530] {dag.py:4180} INFO - Setting next_dagrun for dataset_alias_example_alias_producer_with_no_taskflow to None, run_after=None
[2025-07-17T00:13:03.084+0530] {logging_mixin.py:190} INFO - [2025-07-17T00:13:03.084+0530] {dag.py:4180} INFO - Setting next_dagrun for dataset_s3_bucket_consumer_with_no_taskflow to None, run_after=None
[2025-07-17T00:13:03.085+0530] {logging_mixin.py:190} INFO - [2025-07-17T00:13:03.085+0530] {dag.py:4180} INFO - Setting next_dagrun for dataset_s3_bucket_producer_with_no_taskflow to None, run_after=None
[2025-07-17T00:13:03.748+0530] {processor.py:208} INFO - Processing /Users/parth/Desktop/Engine/venv/lib/python3.11/site-packages/airflow/example_dags/example_dataset_alias_with_no_taskflow.py took 1.002 seconds
[2025-07-17T00:17:23.898+0530] {processor.py:186} INFO - Started process (PID=10022) to work on /Users/parth/Desktop/Engine/venv/lib/python3.11/site-packages/airflow/example_dags/example_dataset_alias_with_no_taskflow.py
[2025-07-17T00:17:23.900+0530] {processor.py:914} INFO - Processing file /Users/parth/Desktop/Engine/venv/lib/python3.11/site-packages/airflow/example_dags/example_dataset_alias_with_no_taskflow.py for tasks to queue
[2025-07-17T00:17:23.901+0530] {logging_mixin.py:190} INFO - [2025-07-17T00:17:23.900+0530] {dagbag.py:588} INFO - Filling up the DagBag from /Users/parth/Desktop/Engine/venv/lib/python3.11/site-packages/airflow/example_dags/example_dataset_alias_with_no_taskflow.py
[2025-07-17T00:17:24.036+0530] {processor.py:925} INFO - DAG(s) 'dataset_s3_bucket_producer_with_no_taskflow', 'dataset_s3_bucket_consumer_with_no_taskflow', 'dataset_alias_example_alias_consumer_with_no_taskflow', 'dataset_alias_example_alias_producer_with_no_taskflow' retrieved from /Users/parth/Desktop/Engine/venv/lib/python3.11/site-packages/airflow/example_dags/example_dataset_alias_with_no_taskflow.py
[2025-07-17T00:17:24.054+0530] {logging_mixin.py:190} INFO - [2025-07-17T00:17:24.054+0530] {dag.py:3239} INFO - Sync 4 DAGs
[2025-07-17T00:17:24.068+0530] {logging_mixin.py:190} INFO - [2025-07-17T00:17:24.068+0530] {dag.py:4180} INFO - Setting next_dagrun for dataset_alias_example_alias_consumer_with_no_taskflow to None, run_after=None
[2025-07-17T00:17:24.070+0530] {logging_mixin.py:190} INFO - [2025-07-17T00:17:24.070+0530] {dag.py:4180} INFO - Setting next_dagrun for dataset_alias_example_alias_producer_with_no_taskflow to None, run_after=None
[2025-07-17T00:17:24.071+0530] {logging_mixin.py:190} INFO - [2025-07-17T00:17:24.071+0530] {dag.py:4180} INFO - Setting next_dagrun for dataset_s3_bucket_consumer_with_no_taskflow to None, run_after=None
[2025-07-17T00:17:24.072+0530] {logging_mixin.py:190} INFO - [2025-07-17T00:17:24.072+0530] {dag.py:4180} INFO - Setting next_dagrun for dataset_s3_bucket_producer_with_no_taskflow to None, run_after=None
[2025-07-17T00:17:24.090+0530] {processor.py:208} INFO - Processing /Users/parth/Desktop/Engine/venv/lib/python3.11/site-packages/airflow/example_dags/example_dataset_alias_with_no_taskflow.py took 0.196 seconds
[2025-07-17T00:22:43.863+0530] {processor.py:186} INFO - Started process (PID=12307) to work on /Users/parth/Desktop/Engine/venv/lib/python3.11/site-packages/airflow/example_dags/example_dataset_alias_with_no_taskflow.py
[2025-07-17T00:22:43.864+0530] {processor.py:914} INFO - Processing file /Users/parth/Desktop/Engine/venv/lib/python3.11/site-packages/airflow/example_dags/example_dataset_alias_with_no_taskflow.py for tasks to queue
[2025-07-17T00:22:43.864+0530] {logging_mixin.py:190} INFO - [2025-07-17T00:22:43.864+0530] {dagbag.py:588} INFO - Filling up the DagBag from /Users/parth/Desktop/Engine/venv/lib/python3.11/site-packages/airflow/example_dags/example_dataset_alias_with_no_taskflow.py
[2025-07-17T00:22:43.962+0530] {processor.py:925} INFO - DAG(s) 'dataset_alias_example_alias_consumer_with_no_taskflow', 'dataset_s3_bucket_consumer_with_no_taskflow', 'dataset_alias_example_alias_producer_with_no_taskflow', 'dataset_s3_bucket_producer_with_no_taskflow' retrieved from /Users/parth/Desktop/Engine/venv/lib/python3.11/site-packages/airflow/example_dags/example_dataset_alias_with_no_taskflow.py
[2025-07-17T00:22:43.976+0530] {logging_mixin.py:190} INFO - [2025-07-17T00:22:43.976+0530] {dag.py:3239} INFO - Sync 4 DAGs
[2025-07-17T00:22:43.988+0530] {logging_mixin.py:190} INFO - [2025-07-17T00:22:43.988+0530] {dag.py:4180} INFO - Setting next_dagrun for dataset_alias_example_alias_consumer_with_no_taskflow to None, run_after=None
[2025-07-17T00:22:43.990+0530] {logging_mixin.py:190} INFO - [2025-07-17T00:22:43.990+0530] {dag.py:4180} INFO - Setting next_dagrun for dataset_alias_example_alias_producer_with_no_taskflow to None, run_after=None
[2025-07-17T00:22:43.990+0530] {logging_mixin.py:190} INFO - [2025-07-17T00:22:43.990+0530] {dag.py:4180} INFO - Setting next_dagrun for dataset_s3_bucket_consumer_with_no_taskflow to None, run_after=None
[2025-07-17T00:22:43.991+0530] {logging_mixin.py:190} INFO - [2025-07-17T00:22:43.991+0530] {dag.py:4180} INFO - Setting next_dagrun for dataset_s3_bucket_producer_with_no_taskflow to None, run_after=None
[2025-07-17T00:22:44.003+0530] {processor.py:208} INFO - Processing /Users/parth/Desktop/Engine/venv/lib/python3.11/site-packages/airflow/example_dags/example_dataset_alias_with_no_taskflow.py took 0.142 seconds
[2025-07-17T00:26:41.224+0530] {processor.py:186} INFO - Started process (PID=13919) to work on /Users/parth/Desktop/Engine/venv/lib/python3.11/site-packages/airflow/example_dags/example_dataset_alias_with_no_taskflow.py
[2025-07-17T00:26:41.225+0530] {processor.py:914} INFO - Processing file /Users/parth/Desktop/Engine/venv/lib/python3.11/site-packages/airflow/example_dags/example_dataset_alias_with_no_taskflow.py for tasks to queue
[2025-07-17T00:26:41.226+0530] {logging_mixin.py:190} INFO - [2025-07-17T00:26:41.225+0530] {dagbag.py:588} INFO - Filling up the DagBag from /Users/parth/Desktop/Engine/venv/lib/python3.11/site-packages/airflow/example_dags/example_dataset_alias_with_no_taskflow.py
[2025-07-17T00:26:41.338+0530] {processor.py:925} INFO - DAG(s) 'dataset_alias_example_alias_consumer_with_no_taskflow', 'dataset_s3_bucket_producer_with_no_taskflow', 'dataset_s3_bucket_consumer_with_no_taskflow', 'dataset_alias_example_alias_producer_with_no_taskflow' retrieved from /Users/parth/Desktop/Engine/venv/lib/python3.11/site-packages/airflow/example_dags/example_dataset_alias_with_no_taskflow.py
[2025-07-17T00:26:41.353+0530] {logging_mixin.py:190} INFO - [2025-07-17T00:26:41.353+0530] {dag.py:3239} INFO - Sync 4 DAGs
[2025-07-17T00:26:41.365+0530] {logging_mixin.py:190} INFO - [2025-07-17T00:26:41.364+0530] {dag.py:4180} INFO - Setting next_dagrun for dataset_alias_example_alias_consumer_with_no_taskflow to None, run_after=None
[2025-07-17T00:26:41.366+0530] {logging_mixin.py:190} INFO - [2025-07-17T00:26:41.366+0530] {dag.py:4180} INFO - Setting next_dagrun for dataset_alias_example_alias_producer_with_no_taskflow to None, run_after=None
[2025-07-17T00:26:41.366+0530] {logging_mixin.py:190} INFO - [2025-07-17T00:26:41.366+0530] {dag.py:4180} INFO - Setting next_dagrun for dataset_s3_bucket_consumer_with_no_taskflow to None, run_after=None
[2025-07-17T00:26:41.367+0530] {logging_mixin.py:190} INFO - [2025-07-17T00:26:41.367+0530] {dag.py:4180} INFO - Setting next_dagrun for dataset_s3_bucket_producer_with_no_taskflow to None, run_after=None
[2025-07-17T00:26:41.381+0530] {processor.py:208} INFO - Processing /Users/parth/Desktop/Engine/venv/lib/python3.11/site-packages/airflow/example_dags/example_dataset_alias_with_no_taskflow.py took 0.159 seconds
[2025-07-17T00:30:44.703+0530] {processor.py:186} INFO - Started process (PID=15507) to work on /Users/parth/Desktop/Engine/venv/lib/python3.11/site-packages/airflow/example_dags/example_dataset_alias_with_no_taskflow.py
[2025-07-17T00:30:44.704+0530] {processor.py:914} INFO - Processing file /Users/parth/Desktop/Engine/venv/lib/python3.11/site-packages/airflow/example_dags/example_dataset_alias_with_no_taskflow.py for tasks to queue
[2025-07-17T00:30:44.704+0530] {logging_mixin.py:190} INFO - [2025-07-17T00:30:44.704+0530] {dagbag.py:588} INFO - Filling up the DagBag from /Users/parth/Desktop/Engine/venv/lib/python3.11/site-packages/airflow/example_dags/example_dataset_alias_with_no_taskflow.py
[2025-07-17T00:30:44.814+0530] {processor.py:925} INFO - DAG(s) 'dataset_alias_example_alias_producer_with_no_taskflow', 'dataset_s3_bucket_consumer_with_no_taskflow', 'dataset_s3_bucket_producer_with_no_taskflow', 'dataset_alias_example_alias_consumer_with_no_taskflow' retrieved from /Users/parth/Desktop/Engine/venv/lib/python3.11/site-packages/airflow/example_dags/example_dataset_alias_with_no_taskflow.py
[2025-07-17T00:30:44.828+0530] {logging_mixin.py:190} INFO - [2025-07-17T00:30:44.828+0530] {dag.py:3239} INFO - Sync 4 DAGs
[2025-07-17T00:30:44.839+0530] {logging_mixin.py:190} INFO - [2025-07-17T00:30:44.839+0530] {dag.py:4180} INFO - Setting next_dagrun for dataset_alias_example_alias_consumer_with_no_taskflow to None, run_after=None
[2025-07-17T00:30:44.840+0530] {logging_mixin.py:190} INFO - [2025-07-17T00:30:44.840+0530] {dag.py:4180} INFO - Setting next_dagrun for dataset_alias_example_alias_producer_with_no_taskflow to None, run_after=None
[2025-07-17T00:30:44.841+0530] {logging_mixin.py:190} INFO - [2025-07-17T00:30:44.840+0530] {dag.py:4180} INFO - Setting next_dagrun for dataset_s3_bucket_consumer_with_no_taskflow to None, run_after=None
[2025-07-17T00:30:44.841+0530] {logging_mixin.py:190} INFO - [2025-07-17T00:30:44.841+0530] {dag.py:4180} INFO - Setting next_dagrun for dataset_s3_bucket_producer_with_no_taskflow to None, run_after=None
[2025-07-17T00:30:44.855+0530] {processor.py:208} INFO - Processing /Users/parth/Desktop/Engine/venv/lib/python3.11/site-packages/airflow/example_dags/example_dataset_alias_with_no_taskflow.py took 0.154 seconds
[2025-07-17T00:34:31.992+0530] {processor.py:186} INFO - Started process (PID=16996) to work on /Users/parth/Desktop/Engine/venv/lib/python3.11/site-packages/airflow/example_dags/example_dataset_alias_with_no_taskflow.py
[2025-07-17T00:34:31.993+0530] {processor.py:914} INFO - Processing file /Users/parth/Desktop/Engine/venv/lib/python3.11/site-packages/airflow/example_dags/example_dataset_alias_with_no_taskflow.py for tasks to queue
[2025-07-17T00:34:31.993+0530] {logging_mixin.py:190} INFO - [2025-07-17T00:34:31.993+0530] {dagbag.py:588} INFO - Filling up the DagBag from /Users/parth/Desktop/Engine/venv/lib/python3.11/site-packages/airflow/example_dags/example_dataset_alias_with_no_taskflow.py
[2025-07-17T00:34:32.101+0530] {processor.py:925} INFO - DAG(s) 'dataset_s3_bucket_consumer_with_no_taskflow', 'dataset_alias_example_alias_consumer_with_no_taskflow', 'dataset_s3_bucket_producer_with_no_taskflow', 'dataset_alias_example_alias_producer_with_no_taskflow' retrieved from /Users/parth/Desktop/Engine/venv/lib/python3.11/site-packages/airflow/example_dags/example_dataset_alias_with_no_taskflow.py
[2025-07-17T00:34:32.115+0530] {logging_mixin.py:190} INFO - [2025-07-17T00:34:32.115+0530] {dag.py:3239} INFO - Sync 4 DAGs
[2025-07-17T00:34:32.126+0530] {logging_mixin.py:190} INFO - [2025-07-17T00:34:32.125+0530] {dag.py:4180} INFO - Setting next_dagrun for dataset_alias_example_alias_consumer_with_no_taskflow to None, run_after=None
[2025-07-17T00:34:32.127+0530] {logging_mixin.py:190} INFO - [2025-07-17T00:34:32.127+0530] {dag.py:4180} INFO - Setting next_dagrun for dataset_alias_example_alias_producer_with_no_taskflow to None, run_after=None
[2025-07-17T00:34:32.128+0530] {logging_mixin.py:190} INFO - [2025-07-17T00:34:32.127+0530] {dag.py:4180} INFO - Setting next_dagrun for dataset_s3_bucket_consumer_with_no_taskflow to None, run_after=None
[2025-07-17T00:34:32.128+0530] {logging_mixin.py:190} INFO - [2025-07-17T00:34:32.128+0530] {dag.py:4180} INFO - Setting next_dagrun for dataset_s3_bucket_producer_with_no_taskflow to None, run_after=None
[2025-07-17T00:34:32.141+0530] {processor.py:208} INFO - Processing /Users/parth/Desktop/Engine/venv/lib/python3.11/site-packages/airflow/example_dags/example_dataset_alias_with_no_taskflow.py took 0.152 seconds
[2025-07-17T00:38:39.036+0530] {processor.py:186} INFO - Started process (PID=18602) to work on /Users/parth/Desktop/Engine/venv/lib/python3.11/site-packages/airflow/example_dags/example_dataset_alias_with_no_taskflow.py
[2025-07-17T00:38:39.037+0530] {processor.py:914} INFO - Processing file /Users/parth/Desktop/Engine/venv/lib/python3.11/site-packages/airflow/example_dags/example_dataset_alias_with_no_taskflow.py for tasks to queue
[2025-07-17T00:38:39.038+0530] {logging_mixin.py:190} INFO - [2025-07-17T00:38:39.037+0530] {dagbag.py:588} INFO - Filling up the DagBag from /Users/parth/Desktop/Engine/venv/lib/python3.11/site-packages/airflow/example_dags/example_dataset_alias_with_no_taskflow.py
[2025-07-17T00:38:39.147+0530] {processor.py:925} INFO - DAG(s) 'dataset_alias_example_alias_consumer_with_no_taskflow', 'dataset_alias_example_alias_producer_with_no_taskflow', 'dataset_s3_bucket_consumer_with_no_taskflow', 'dataset_s3_bucket_producer_with_no_taskflow' retrieved from /Users/parth/Desktop/Engine/venv/lib/python3.11/site-packages/airflow/example_dags/example_dataset_alias_with_no_taskflow.py
[2025-07-17T00:38:39.163+0530] {logging_mixin.py:190} INFO - [2025-07-17T00:38:39.163+0530] {dag.py:3239} INFO - Sync 4 DAGs
[2025-07-17T00:38:39.175+0530] {logging_mixin.py:190} INFO - [2025-07-17T00:38:39.175+0530] {dag.py:4180} INFO - Setting next_dagrun for dataset_alias_example_alias_consumer_with_no_taskflow to None, run_after=None
[2025-07-17T00:38:39.176+0530] {logging_mixin.py:190} INFO - [2025-07-17T00:38:39.176+0530] {dag.py:4180} INFO - Setting next_dagrun for dataset_alias_example_alias_producer_with_no_taskflow to None, run_after=None
[2025-07-17T00:38:39.177+0530] {logging_mixin.py:190} INFO - [2025-07-17T00:38:39.177+0530] {dag.py:4180} INFO - Setting next_dagrun for dataset_s3_bucket_consumer_with_no_taskflow to None, run_after=None
[2025-07-17T00:38:39.178+0530] {logging_mixin.py:190} INFO - [2025-07-17T00:38:39.178+0530] {dag.py:4180} INFO - Setting next_dagrun for dataset_s3_bucket_producer_with_no_taskflow to None, run_after=None
[2025-07-17T00:38:39.192+0530] {processor.py:208} INFO - Processing /Users/parth/Desktop/Engine/venv/lib/python3.11/site-packages/airflow/example_dags/example_dataset_alias_with_no_taskflow.py took 0.160 seconds
[2025-07-17T00:43:14.377+0530] {processor.py:186} INFO - Started process (PID=20470) to work on /Users/parth/Desktop/Engine/venv/lib/python3.11/site-packages/airflow/example_dags/example_dataset_alias_with_no_taskflow.py
[2025-07-17T00:43:14.378+0530] {processor.py:914} INFO - Processing file /Users/parth/Desktop/Engine/venv/lib/python3.11/site-packages/airflow/example_dags/example_dataset_alias_with_no_taskflow.py for tasks to queue
[2025-07-17T00:43:14.378+0530] {logging_mixin.py:190} INFO - [2025-07-17T00:43:14.378+0530] {dagbag.py:588} INFO - Filling up the DagBag from /Users/parth/Desktop/Engine/venv/lib/python3.11/site-packages/airflow/example_dags/example_dataset_alias_with_no_taskflow.py
[2025-07-17T00:43:14.478+0530] {processor.py:925} INFO - DAG(s) 'dataset_alias_example_alias_consumer_with_no_taskflow', 'dataset_alias_example_alias_producer_with_no_taskflow', 'dataset_s3_bucket_producer_with_no_taskflow', 'dataset_s3_bucket_consumer_with_no_taskflow' retrieved from /Users/parth/Desktop/Engine/venv/lib/python3.11/site-packages/airflow/example_dags/example_dataset_alias_with_no_taskflow.py
[2025-07-17T00:43:14.493+0530] {logging_mixin.py:190} INFO - [2025-07-17T00:43:14.493+0530] {dag.py:3239} INFO - Sync 4 DAGs
[2025-07-17T00:43:14.505+0530] {logging_mixin.py:190} INFO - [2025-07-17T00:43:14.505+0530] {dag.py:4180} INFO - Setting next_dagrun for dataset_alias_example_alias_consumer_with_no_taskflow to None, run_after=None
[2025-07-17T00:43:14.507+0530] {logging_mixin.py:190} INFO - [2025-07-17T00:43:14.507+0530] {dag.py:4180} INFO - Setting next_dagrun for dataset_alias_example_alias_producer_with_no_taskflow to None, run_after=None
[2025-07-17T00:43:14.507+0530] {logging_mixin.py:190} INFO - [2025-07-17T00:43:14.507+0530] {dag.py:4180} INFO - Setting next_dagrun for dataset_s3_bucket_consumer_with_no_taskflow to None, run_after=None
[2025-07-17T00:43:14.508+0530] {logging_mixin.py:190} INFO - [2025-07-17T00:43:14.508+0530] {dag.py:4180} INFO - Setting next_dagrun for dataset_s3_bucket_producer_with_no_taskflow to None, run_after=None
[2025-07-17T00:43:14.521+0530] {processor.py:208} INFO - Processing /Users/parth/Desktop/Engine/venv/lib/python3.11/site-packages/airflow/example_dags/example_dataset_alias_with_no_taskflow.py took 0.147 seconds
[2025-07-17T00:47:15.018+0530] {processor.py:186} INFO - Started process (PID=22019) to work on /Users/parth/Desktop/Engine/venv/lib/python3.11/site-packages/airflow/example_dags/example_dataset_alias_with_no_taskflow.py
[2025-07-17T00:47:15.018+0530] {processor.py:914} INFO - Processing file /Users/parth/Desktop/Engine/venv/lib/python3.11/site-packages/airflow/example_dags/example_dataset_alias_with_no_taskflow.py for tasks to queue
[2025-07-17T00:47:15.019+0530] {logging_mixin.py:190} INFO - [2025-07-17T00:47:15.019+0530] {dagbag.py:588} INFO - Filling up the DagBag from /Users/parth/Desktop/Engine/venv/lib/python3.11/site-packages/airflow/example_dags/example_dataset_alias_with_no_taskflow.py
[2025-07-17T00:47:15.125+0530] {processor.py:925} INFO - DAG(s) 'dataset_alias_example_alias_producer_with_no_taskflow', 'dataset_alias_example_alias_consumer_with_no_taskflow', 'dataset_s3_bucket_producer_with_no_taskflow', 'dataset_s3_bucket_consumer_with_no_taskflow' retrieved from /Users/parth/Desktop/Engine/venv/lib/python3.11/site-packages/airflow/example_dags/example_dataset_alias_with_no_taskflow.py
[2025-07-17T00:47:15.139+0530] {logging_mixin.py:190} INFO - [2025-07-17T00:47:15.139+0530] {dag.py:3239} INFO - Sync 4 DAGs
[2025-07-17T00:47:15.150+0530] {logging_mixin.py:190} INFO - [2025-07-17T00:47:15.149+0530] {dag.py:4180} INFO - Setting next_dagrun for dataset_alias_example_alias_consumer_with_no_taskflow to None, run_after=None
[2025-07-17T00:47:15.151+0530] {logging_mixin.py:190} INFO - [2025-07-17T00:47:15.151+0530] {dag.py:4180} INFO - Setting next_dagrun for dataset_alias_example_alias_producer_with_no_taskflow to None, run_after=None
[2025-07-17T00:47:15.152+0530] {logging_mixin.py:190} INFO - [2025-07-17T00:47:15.151+0530] {dag.py:4180} INFO - Setting next_dagrun for dataset_s3_bucket_consumer_with_no_taskflow to None, run_after=None
[2025-07-17T00:47:15.152+0530] {logging_mixin.py:190} INFO - [2025-07-17T00:47:15.152+0530] {dag.py:4180} INFO - Setting next_dagrun for dataset_s3_bucket_producer_with_no_taskflow to None, run_after=None
[2025-07-17T00:47:15.165+0530] {processor.py:208} INFO - Processing /Users/parth/Desktop/Engine/venv/lib/python3.11/site-packages/airflow/example_dags/example_dataset_alias_with_no_taskflow.py took 0.149 seconds
