[2025-07-16T21:04:59.104+0530] {processor.py:186} INFO - Started process (PID=85227) to work on /Users/parth/Desktop/Engine/venv/lib/python3.11/site-packages/airflow/example_dags/tutorial_dag.py
[2025-07-16T21:04:59.105+0530] {processor.py:914} INFO - Processing file /Users/parth/Desktop/Engine/venv/lib/python3.11/site-packages/airflow/example_dags/tutorial_dag.py for tasks to queue
[2025-07-16T21:04:59.105+0530] {logging_mixin.py:190} INFO - [2025-07-16T21:04:59.105+0530] {dagbag.py:588} INFO - Filling up the DagBag from /Users/parth/Desktop/Engine/venv/lib/python3.11/site-packages/airflow/example_dags/tutorial_dag.py
[2025-07-16T21:04:59.118+0530] {processor.py:925} INFO - DAG(s) 'tutorial_dag' retrieved from /Users/parth/Desktop/Engine/venv/lib/python3.11/site-packages/airflow/example_dags/tutorial_dag.py
[2025-07-16T21:04:59.187+0530] {logging_mixin.py:190} INFO - [2025-07-16T21:04:59.187+0530] {override.py:1930} INFO - Created Permission View: can edit on DAG:tutorial_dag
[2025-07-16T21:04:59.191+0530] {logging_mixin.py:190} INFO - [2025-07-16T21:04:59.190+0530] {override.py:1930} INFO - Created Permission View: can delete on DAG:tutorial_dag
[2025-07-16T21:04:59.193+0530] {logging_mixin.py:190} INFO - [2025-07-16T21:04:59.193+0530] {override.py:1930} INFO - Created Permission View: can read on DAG:tutorial_dag
[2025-07-16T21:04:59.196+0530] {logging_mixin.py:190} INFO - [2025-07-16T21:04:59.196+0530] {override.py:1930} INFO - Created Permission View: can delete on DAG Run:tutorial_dag
[2025-07-16T21:04:59.198+0530] {logging_mixin.py:190} INFO - [2025-07-16T21:04:59.198+0530] {override.py:1930} INFO - Created Permission View: can create on DAG Run:tutorial_dag
[2025-07-16T21:04:59.201+0530] {logging_mixin.py:190} INFO - [2025-07-16T21:04:59.200+0530] {override.py:1930} INFO - Created Permission View: can read on DAG Run:tutorial_dag
[2025-07-16T21:04:59.202+0530] {logging_mixin.py:190} INFO - [2025-07-16T21:04:59.202+0530] {override.py:1930} INFO - Created Permission View: menu access on DAG Run:tutorial_dag
[2025-07-16T21:04:59.203+0530] {logging_mixin.py:190} INFO - [2025-07-16T21:04:59.203+0530] {dag.py:3239} INFO - Sync 1 DAGs
[2025-07-16T21:04:59.208+0530] {logging_mixin.py:190} INFO - [2025-07-16T21:04:59.207+0530] {dag.py:3262} INFO - Creating ORM DAG for tutorial_dag
[2025-07-16T21:04:59.208+0530] {logging_mixin.py:190} INFO - [2025-07-16T21:04:59.208+0530] {dag.py:4180} INFO - Setting next_dagrun for tutorial_dag to None, run_after=None
[2025-07-16T21:04:59.251+0530] {processor.py:208} INFO - Processing /Users/parth/Desktop/Engine/venv/lib/python3.11/site-packages/airflow/example_dags/tutorial_dag.py took 0.149 seconds
[2025-07-17T00:11:22.742+0530] {processor.py:186} INFO - Started process (PID=7120) to work on /Users/parth/Desktop/Engine/venv/lib/python3.11/site-packages/airflow/example_dags/tutorial_dag.py
[2025-07-17T00:11:22.743+0530] {processor.py:914} INFO - Processing file /Users/parth/Desktop/Engine/venv/lib/python3.11/site-packages/airflow/example_dags/tutorial_dag.py for tasks to queue
[2025-07-17T00:11:22.743+0530] {logging_mixin.py:190} INFO - [2025-07-17T00:11:22.743+0530] {dagbag.py:588} INFO - Filling up the DagBag from /Users/parth/Desktop/Engine/venv/lib/python3.11/site-packages/airflow/example_dags/tutorial_dag.py
[2025-07-17T00:11:22.761+0530] {processor.py:925} INFO - DAG(s) 'tutorial_dag' retrieved from /Users/parth/Desktop/Engine/venv/lib/python3.11/site-packages/airflow/example_dags/tutorial_dag.py
[2025-07-17T00:11:22.821+0530] {logging_mixin.py:190} INFO - [2025-07-17T00:11:22.821+0530] {dag.py:3239} INFO - Sync 1 DAGs
[2025-07-17T00:11:22.828+0530] {logging_mixin.py:190} INFO - [2025-07-17T00:11:22.828+0530] {dag.py:4180} INFO - Setting next_dagrun for tutorial_dag to None, run_after=None
[2025-07-17T00:11:22.844+0530] {processor.py:208} INFO - Processing /Users/parth/Desktop/Engine/venv/lib/python3.11/site-packages/airflow/example_dags/tutorial_dag.py took 0.105 seconds
[2025-07-17T00:14:06.795+0530] {processor.py:186} INFO - Started process (PID=8717) to work on /Users/parth/Desktop/Engine/venv/lib/python3.11/site-packages/airflow/example_dags/tutorial_dag.py
[2025-07-17T00:14:06.796+0530] {processor.py:914} INFO - Processing file /Users/parth/Desktop/Engine/venv/lib/python3.11/site-packages/airflow/example_dags/tutorial_dag.py for tasks to queue
[2025-07-17T00:14:06.798+0530] {logging_mixin.py:190} INFO - [2025-07-17T00:14:06.797+0530] {dagbag.py:588} INFO - Filling up the DagBag from /Users/parth/Desktop/Engine/venv/lib/python3.11/site-packages/airflow/example_dags/tutorial_dag.py
[2025-07-17T00:14:06.835+0530] {processor.py:925} INFO - DAG(s) 'tutorial_dag' retrieved from /Users/parth/Desktop/Engine/venv/lib/python3.11/site-packages/airflow/example_dags/tutorial_dag.py
[2025-07-17T00:14:06.962+0530] {logging_mixin.py:190} INFO - [2025-07-17T00:14:06.962+0530] {dag.py:3239} INFO - Sync 1 DAGs
[2025-07-17T00:14:06.975+0530] {logging_mixin.py:190} INFO - [2025-07-17T00:14:06.975+0530] {dag.py:4180} INFO - Setting next_dagrun for tutorial_dag to None, run_after=None
[2025-07-17T00:14:06.998+0530] {processor.py:208} INFO - Processing /Users/parth/Desktop/Engine/venv/lib/python3.11/site-packages/airflow/example_dags/tutorial_dag.py took 0.207 seconds
[2025-07-17T00:16:13.579+0530] {processor.py:186} INFO - Started process (PID=9554) to work on /Users/parth/Desktop/Engine/venv/lib/python3.11/site-packages/airflow/example_dags/tutorial_dag.py
[2025-07-17T00:16:13.580+0530] {processor.py:914} INFO - Processing file /Users/parth/Desktop/Engine/venv/lib/python3.11/site-packages/airflow/example_dags/tutorial_dag.py for tasks to queue
[2025-07-17T00:16:13.581+0530] {logging_mixin.py:190} INFO - [2025-07-17T00:16:13.580+0530] {dagbag.py:588} INFO - Filling up the DagBag from /Users/parth/Desktop/Engine/venv/lib/python3.11/site-packages/airflow/example_dags/tutorial_dag.py
[2025-07-17T00:16:13.601+0530] {processor.py:925} INFO - DAG(s) 'tutorial_dag' retrieved from /Users/parth/Desktop/Engine/venv/lib/python3.11/site-packages/airflow/example_dags/tutorial_dag.py
[2025-07-17T00:16:13.672+0530] {logging_mixin.py:190} INFO - [2025-07-17T00:16:13.671+0530] {dag.py:3239} INFO - Sync 1 DAGs
[2025-07-17T00:16:13.679+0530] {logging_mixin.py:190} INFO - [2025-07-17T00:16:13.679+0530] {dag.py:4180} INFO - Setting next_dagrun for tutorial_dag to None, run_after=None
[2025-07-17T00:16:13.692+0530] {processor.py:208} INFO - Processing /Users/parth/Desktop/Engine/venv/lib/python3.11/site-packages/airflow/example_dags/tutorial_dag.py took 0.116 seconds
[2025-07-17T00:18:20.245+0530] {processor.py:186} INFO - Started process (PID=10388) to work on /Users/parth/Desktop/Engine/venv/lib/python3.11/site-packages/airflow/example_dags/tutorial_dag.py
[2025-07-17T00:18:20.247+0530] {processor.py:914} INFO - Processing file /Users/parth/Desktop/Engine/venv/lib/python3.11/site-packages/airflow/example_dags/tutorial_dag.py for tasks to queue
[2025-07-17T00:18:20.248+0530] {logging_mixin.py:190} INFO - [2025-07-17T00:18:20.247+0530] {dagbag.py:588} INFO - Filling up the DagBag from /Users/parth/Desktop/Engine/venv/lib/python3.11/site-packages/airflow/example_dags/tutorial_dag.py
[2025-07-17T00:18:20.275+0530] {processor.py:925} INFO - DAG(s) 'tutorial_dag' retrieved from /Users/parth/Desktop/Engine/venv/lib/python3.11/site-packages/airflow/example_dags/tutorial_dag.py
[2025-07-17T00:18:20.369+0530] {logging_mixin.py:190} INFO - [2025-07-17T00:18:20.369+0530] {dag.py:3239} INFO - Sync 1 DAGs
[2025-07-17T00:18:20.381+0530] {logging_mixin.py:190} INFO - [2025-07-17T00:18:20.381+0530] {dag.py:4180} INFO - Setting next_dagrun for tutorial_dag to None, run_after=None
[2025-07-17T00:18:20.404+0530] {processor.py:208} INFO - Processing /Users/parth/Desktop/Engine/venv/lib/python3.11/site-packages/airflow/example_dags/tutorial_dag.py took 0.163 seconds
[2025-07-17T00:21:22.553+0530] {processor.py:186} INFO - Started process (PID=11660) to work on /Users/parth/Desktop/Engine/venv/lib/python3.11/site-packages/airflow/example_dags/tutorial_dag.py
[2025-07-17T00:21:22.554+0530] {processor.py:914} INFO - Processing file /Users/parth/Desktop/Engine/venv/lib/python3.11/site-packages/airflow/example_dags/tutorial_dag.py for tasks to queue
[2025-07-17T00:21:22.555+0530] {logging_mixin.py:190} INFO - [2025-07-17T00:21:22.555+0530] {dagbag.py:588} INFO - Filling up the DagBag from /Users/parth/Desktop/Engine/venv/lib/python3.11/site-packages/airflow/example_dags/tutorial_dag.py
[2025-07-17T00:21:22.574+0530] {processor.py:925} INFO - DAG(s) 'tutorial_dag' retrieved from /Users/parth/Desktop/Engine/venv/lib/python3.11/site-packages/airflow/example_dags/tutorial_dag.py
[2025-07-17T00:21:22.632+0530] {logging_mixin.py:190} INFO - [2025-07-17T00:21:22.632+0530] {dag.py:3239} INFO - Sync 1 DAGs
[2025-07-17T00:21:22.639+0530] {logging_mixin.py:190} INFO - [2025-07-17T00:21:22.639+0530] {dag.py:4180} INFO - Setting next_dagrun for tutorial_dag to None, run_after=None
[2025-07-17T00:21:22.651+0530] {processor.py:208} INFO - Processing /Users/parth/Desktop/Engine/venv/lib/python3.11/site-packages/airflow/example_dags/tutorial_dag.py took 0.100 seconds
[2025-07-17T00:23:40.569+0530] {processor.py:186} INFO - Started process (PID=12672) to work on /Users/parth/Desktop/Engine/venv/lib/python3.11/site-packages/airflow/example_dags/tutorial_dag.py
[2025-07-17T00:23:40.570+0530] {processor.py:914} INFO - Processing file /Users/parth/Desktop/Engine/venv/lib/python3.11/site-packages/airflow/example_dags/tutorial_dag.py for tasks to queue
[2025-07-17T00:23:40.570+0530] {logging_mixin.py:190} INFO - [2025-07-17T00:23:40.570+0530] {dagbag.py:588} INFO - Filling up the DagBag from /Users/parth/Desktop/Engine/venv/lib/python3.11/site-packages/airflow/example_dags/tutorial_dag.py
[2025-07-17T00:23:40.590+0530] {processor.py:925} INFO - DAG(s) 'tutorial_dag' retrieved from /Users/parth/Desktop/Engine/venv/lib/python3.11/site-packages/airflow/example_dags/tutorial_dag.py
[2025-07-17T00:23:40.655+0530] {logging_mixin.py:190} INFO - [2025-07-17T00:23:40.654+0530] {dag.py:3239} INFO - Sync 1 DAGs
[2025-07-17T00:23:40.661+0530] {logging_mixin.py:190} INFO - [2025-07-17T00:23:40.661+0530] {dag.py:4180} INFO - Setting next_dagrun for tutorial_dag to None, run_after=None
[2025-07-17T00:23:40.673+0530] {processor.py:208} INFO - Processing /Users/parth/Desktop/Engine/venv/lib/python3.11/site-packages/airflow/example_dags/tutorial_dag.py took 0.107 seconds
[2025-07-17T00:25:39.338+0530] {processor.py:186} INFO - Started process (PID=13492) to work on /Users/parth/Desktop/Engine/venv/lib/python3.11/site-packages/airflow/example_dags/tutorial_dag.py
[2025-07-17T00:25:39.338+0530] {processor.py:914} INFO - Processing file /Users/parth/Desktop/Engine/venv/lib/python3.11/site-packages/airflow/example_dags/tutorial_dag.py for tasks to queue
[2025-07-17T00:25:39.339+0530] {logging_mixin.py:190} INFO - [2025-07-17T00:25:39.339+0530] {dagbag.py:588} INFO - Filling up the DagBag from /Users/parth/Desktop/Engine/venv/lib/python3.11/site-packages/airflow/example_dags/tutorial_dag.py
[2025-07-17T00:25:39.357+0530] {processor.py:925} INFO - DAG(s) 'tutorial_dag' retrieved from /Users/parth/Desktop/Engine/venv/lib/python3.11/site-packages/airflow/example_dags/tutorial_dag.py
[2025-07-17T00:25:39.420+0530] {logging_mixin.py:190} INFO - [2025-07-17T00:25:39.420+0530] {dag.py:3239} INFO - Sync 1 DAGs
[2025-07-17T00:25:39.428+0530] {logging_mixin.py:190} INFO - [2025-07-17T00:25:39.427+0530] {dag.py:4180} INFO - Setting next_dagrun for tutorial_dag to None, run_after=None
[2025-07-17T00:25:39.441+0530] {processor.py:208} INFO - Processing /Users/parth/Desktop/Engine/venv/lib/python3.11/site-packages/airflow/example_dags/tutorial_dag.py took 0.106 seconds
[2025-07-17T00:27:38.979+0530] {processor.py:186} INFO - Started process (PID=14294) to work on /Users/parth/Desktop/Engine/venv/lib/python3.11/site-packages/airflow/example_dags/tutorial_dag.py
[2025-07-17T00:27:38.981+0530] {processor.py:914} INFO - Processing file /Users/parth/Desktop/Engine/venv/lib/python3.11/site-packages/airflow/example_dags/tutorial_dag.py for tasks to queue
[2025-07-17T00:27:38.981+0530] {logging_mixin.py:190} INFO - [2025-07-17T00:27:38.981+0530] {dagbag.py:588} INFO - Filling up the DagBag from /Users/parth/Desktop/Engine/venv/lib/python3.11/site-packages/airflow/example_dags/tutorial_dag.py
[2025-07-17T00:27:39.000+0530] {processor.py:925} INFO - DAG(s) 'tutorial_dag' retrieved from /Users/parth/Desktop/Engine/venv/lib/python3.11/site-packages/airflow/example_dags/tutorial_dag.py
[2025-07-17T00:27:39.060+0530] {logging_mixin.py:190} INFO - [2025-07-17T00:27:39.060+0530] {dag.py:3239} INFO - Sync 1 DAGs
[2025-07-17T00:27:39.067+0530] {logging_mixin.py:190} INFO - [2025-07-17T00:27:39.067+0530] {dag.py:4180} INFO - Setting next_dagrun for tutorial_dag to None, run_after=None
[2025-07-17T00:27:39.079+0530] {processor.py:208} INFO - Processing /Users/parth/Desktop/Engine/venv/lib/python3.11/site-packages/airflow/example_dags/tutorial_dag.py took 0.102 seconds
[2025-07-17T00:29:41.057+0530] {processor.py:186} INFO - Started process (PID=15087) to work on /Users/parth/Desktop/Engine/venv/lib/python3.11/site-packages/airflow/example_dags/tutorial_dag.py
[2025-07-17T00:29:41.058+0530] {processor.py:914} INFO - Processing file /Users/parth/Desktop/Engine/venv/lib/python3.11/site-packages/airflow/example_dags/tutorial_dag.py for tasks to queue
[2025-07-17T00:29:41.059+0530] {logging_mixin.py:190} INFO - [2025-07-17T00:29:41.059+0530] {dagbag.py:588} INFO - Filling up the DagBag from /Users/parth/Desktop/Engine/venv/lib/python3.11/site-packages/airflow/example_dags/tutorial_dag.py
[2025-07-17T00:29:41.079+0530] {processor.py:925} INFO - DAG(s) 'tutorial_dag' retrieved from /Users/parth/Desktop/Engine/venv/lib/python3.11/site-packages/airflow/example_dags/tutorial_dag.py
[2025-07-17T00:29:41.146+0530] {logging_mixin.py:190} INFO - [2025-07-17T00:29:41.146+0530] {dag.py:3239} INFO - Sync 1 DAGs
[2025-07-17T00:29:41.153+0530] {logging_mixin.py:190} INFO - [2025-07-17T00:29:41.153+0530] {dag.py:4180} INFO - Setting next_dagrun for tutorial_dag to None, run_after=None
[2025-07-17T00:29:41.166+0530] {processor.py:208} INFO - Processing /Users/parth/Desktop/Engine/venv/lib/python3.11/site-packages/airflow/example_dags/tutorial_dag.py took 0.112 seconds
[2025-07-17T00:31:37.278+0530] {processor.py:186} INFO - Started process (PID=15860) to work on /Users/parth/Desktop/Engine/venv/lib/python3.11/site-packages/airflow/example_dags/tutorial_dag.py
[2025-07-17T00:31:37.280+0530] {processor.py:914} INFO - Processing file /Users/parth/Desktop/Engine/venv/lib/python3.11/site-packages/airflow/example_dags/tutorial_dag.py for tasks to queue
[2025-07-17T00:31:37.280+0530] {logging_mixin.py:190} INFO - [2025-07-17T00:31:37.280+0530] {dagbag.py:588} INFO - Filling up the DagBag from /Users/parth/Desktop/Engine/venv/lib/python3.11/site-packages/airflow/example_dags/tutorial_dag.py
[2025-07-17T00:31:37.298+0530] {processor.py:925} INFO - DAG(s) 'tutorial_dag' retrieved from /Users/parth/Desktop/Engine/venv/lib/python3.11/site-packages/airflow/example_dags/tutorial_dag.py
[2025-07-17T00:31:37.359+0530] {logging_mixin.py:190} INFO - [2025-07-17T00:31:37.359+0530] {dag.py:3239} INFO - Sync 1 DAGs
[2025-07-17T00:31:37.365+0530] {logging_mixin.py:190} INFO - [2025-07-17T00:31:37.365+0530] {dag.py:4180} INFO - Setting next_dagrun for tutorial_dag to None, run_after=None
[2025-07-17T00:31:37.376+0530] {processor.py:208} INFO - Processing /Users/parth/Desktop/Engine/venv/lib/python3.11/site-packages/airflow/example_dags/tutorial_dag.py took 0.100 seconds
[2025-07-17T00:33:28.185+0530] {processor.py:186} INFO - Started process (PID=16578) to work on /Users/parth/Desktop/Engine/venv/lib/python3.11/site-packages/airflow/example_dags/tutorial_dag.py
[2025-07-17T00:33:28.186+0530] {processor.py:914} INFO - Processing file /Users/parth/Desktop/Engine/venv/lib/python3.11/site-packages/airflow/example_dags/tutorial_dag.py for tasks to queue
[2025-07-17T00:33:28.187+0530] {logging_mixin.py:190} INFO - [2025-07-17T00:33:28.187+0530] {dagbag.py:588} INFO - Filling up the DagBag from /Users/parth/Desktop/Engine/venv/lib/python3.11/site-packages/airflow/example_dags/tutorial_dag.py
[2025-07-17T00:33:28.211+0530] {processor.py:925} INFO - DAG(s) 'tutorial_dag' retrieved from /Users/parth/Desktop/Engine/venv/lib/python3.11/site-packages/airflow/example_dags/tutorial_dag.py
[2025-07-17T00:33:28.290+0530] {logging_mixin.py:190} INFO - [2025-07-17T00:33:28.290+0530] {dag.py:3239} INFO - Sync 1 DAGs
[2025-07-17T00:33:28.299+0530] {logging_mixin.py:190} INFO - [2025-07-17T00:33:28.298+0530] {dag.py:4180} INFO - Setting next_dagrun for tutorial_dag to None, run_after=None
[2025-07-17T00:33:28.314+0530] {processor.py:208} INFO - Processing /Users/parth/Desktop/Engine/venv/lib/python3.11/site-packages/airflow/example_dags/tutorial_dag.py took 0.132 seconds
[2025-07-17T00:35:31.229+0530] {processor.py:186} INFO - Started process (PID=17387) to work on /Users/parth/Desktop/Engine/venv/lib/python3.11/site-packages/airflow/example_dags/tutorial_dag.py
[2025-07-17T00:35:31.230+0530] {processor.py:914} INFO - Processing file /Users/parth/Desktop/Engine/venv/lib/python3.11/site-packages/airflow/example_dags/tutorial_dag.py for tasks to queue
[2025-07-17T00:35:31.231+0530] {logging_mixin.py:190} INFO - [2025-07-17T00:35:31.231+0530] {dagbag.py:588} INFO - Filling up the DagBag from /Users/parth/Desktop/Engine/venv/lib/python3.11/site-packages/airflow/example_dags/tutorial_dag.py
[2025-07-17T00:35:31.249+0530] {processor.py:925} INFO - DAG(s) 'tutorial_dag' retrieved from /Users/parth/Desktop/Engine/venv/lib/python3.11/site-packages/airflow/example_dags/tutorial_dag.py
[2025-07-17T00:35:31.307+0530] {logging_mixin.py:190} INFO - [2025-07-17T00:35:31.307+0530] {dag.py:3239} INFO - Sync 1 DAGs
[2025-07-17T00:35:31.314+0530] {logging_mixin.py:190} INFO - [2025-07-17T00:35:31.314+0530] {dag.py:4180} INFO - Setting next_dagrun for tutorial_dag to None, run_after=None
[2025-07-17T00:35:31.325+0530] {processor.py:208} INFO - Processing /Users/parth/Desktop/Engine/venv/lib/python3.11/site-packages/airflow/example_dags/tutorial_dag.py took 0.099 seconds
[2025-07-17T00:37:30.262+0530] {processor.py:186} INFO - Started process (PID=18151) to work on /Users/parth/Desktop/Engine/venv/lib/python3.11/site-packages/airflow/example_dags/tutorial_dag.py
[2025-07-17T00:37:30.263+0530] {processor.py:914} INFO - Processing file /Users/parth/Desktop/Engine/venv/lib/python3.11/site-packages/airflow/example_dags/tutorial_dag.py for tasks to queue
[2025-07-17T00:37:30.263+0530] {logging_mixin.py:190} INFO - [2025-07-17T00:37:30.263+0530] {dagbag.py:588} INFO - Filling up the DagBag from /Users/parth/Desktop/Engine/venv/lib/python3.11/site-packages/airflow/example_dags/tutorial_dag.py
[2025-07-17T00:37:30.283+0530] {processor.py:925} INFO - DAG(s) 'tutorial_dag' retrieved from /Users/parth/Desktop/Engine/venv/lib/python3.11/site-packages/airflow/example_dags/tutorial_dag.py
[2025-07-17T00:37:30.342+0530] {logging_mixin.py:190} INFO - [2025-07-17T00:37:30.341+0530] {dag.py:3239} INFO - Sync 1 DAGs
[2025-07-17T00:37:30.348+0530] {logging_mixin.py:190} INFO - [2025-07-17T00:37:30.348+0530] {dag.py:4180} INFO - Setting next_dagrun for tutorial_dag to None, run_after=None
[2025-07-17T00:37:30.359+0530] {processor.py:208} INFO - Processing /Users/parth/Desktop/Engine/venv/lib/python3.11/site-packages/airflow/example_dags/tutorial_dag.py took 0.100 seconds
[2025-07-17T00:39:37.431+0530] {processor.py:186} INFO - Started process (PID=18978) to work on /Users/parth/Desktop/Engine/venv/lib/python3.11/site-packages/airflow/example_dags/tutorial_dag.py
[2025-07-17T00:39:37.432+0530] {processor.py:914} INFO - Processing file /Users/parth/Desktop/Engine/venv/lib/python3.11/site-packages/airflow/example_dags/tutorial_dag.py for tasks to queue
[2025-07-17T00:39:37.433+0530] {logging_mixin.py:190} INFO - [2025-07-17T00:39:37.432+0530] {dagbag.py:588} INFO - Filling up the DagBag from /Users/parth/Desktop/Engine/venv/lib/python3.11/site-packages/airflow/example_dags/tutorial_dag.py
[2025-07-17T00:39:37.450+0530] {processor.py:925} INFO - DAG(s) 'tutorial_dag' retrieved from /Users/parth/Desktop/Engine/venv/lib/python3.11/site-packages/airflow/example_dags/tutorial_dag.py
[2025-07-17T00:39:37.509+0530] {logging_mixin.py:190} INFO - [2025-07-17T00:39:37.508+0530] {dag.py:3239} INFO - Sync 1 DAGs
[2025-07-17T00:39:37.515+0530] {logging_mixin.py:190} INFO - [2025-07-17T00:39:37.515+0530] {dag.py:4180} INFO - Setting next_dagrun for tutorial_dag to None, run_after=None
[2025-07-17T00:39:37.526+0530] {processor.py:208} INFO - Processing /Users/parth/Desktop/Engine/venv/lib/python3.11/site-packages/airflow/example_dags/tutorial_dag.py took 0.097 seconds
[2025-07-17T00:42:02.138+0530] {processor.py:186} INFO - Started process (PID=19992) to work on /Users/parth/Desktop/Engine/venv/lib/python3.11/site-packages/airflow/example_dags/tutorial_dag.py
[2025-07-17T00:42:02.138+0530] {processor.py:914} INFO - Processing file /Users/parth/Desktop/Engine/venv/lib/python3.11/site-packages/airflow/example_dags/tutorial_dag.py for tasks to queue
[2025-07-17T00:42:02.139+0530] {logging_mixin.py:190} INFO - [2025-07-17T00:42:02.139+0530] {dagbag.py:588} INFO - Filling up the DagBag from /Users/parth/Desktop/Engine/venv/lib/python3.11/site-packages/airflow/example_dags/tutorial_dag.py
[2025-07-17T00:42:02.158+0530] {processor.py:925} INFO - DAG(s) 'tutorial_dag' retrieved from /Users/parth/Desktop/Engine/venv/lib/python3.11/site-packages/airflow/example_dags/tutorial_dag.py
[2025-07-17T00:42:02.217+0530] {logging_mixin.py:190} INFO - [2025-07-17T00:42:02.217+0530] {dag.py:3239} INFO - Sync 1 DAGs
[2025-07-17T00:42:02.224+0530] {logging_mixin.py:190} INFO - [2025-07-17T00:42:02.224+0530] {dag.py:4180} INFO - Setting next_dagrun for tutorial_dag to None, run_after=None
[2025-07-17T00:42:02.237+0530] {processor.py:208} INFO - Processing /Users/parth/Desktop/Engine/venv/lib/python3.11/site-packages/airflow/example_dags/tutorial_dag.py took 0.102 seconds
[2025-07-17T00:44:10.367+0530] {processor.py:186} INFO - Started process (PID=20827) to work on /Users/parth/Desktop/Engine/venv/lib/python3.11/site-packages/airflow/example_dags/tutorial_dag.py
[2025-07-17T00:44:10.368+0530] {processor.py:914} INFO - Processing file /Users/parth/Desktop/Engine/venv/lib/python3.11/site-packages/airflow/example_dags/tutorial_dag.py for tasks to queue
[2025-07-17T00:44:10.369+0530] {logging_mixin.py:190} INFO - [2025-07-17T00:44:10.369+0530] {dagbag.py:588} INFO - Filling up the DagBag from /Users/parth/Desktop/Engine/venv/lib/python3.11/site-packages/airflow/example_dags/tutorial_dag.py
[2025-07-17T00:44:10.387+0530] {processor.py:925} INFO - DAG(s) 'tutorial_dag' retrieved from /Users/parth/Desktop/Engine/venv/lib/python3.11/site-packages/airflow/example_dags/tutorial_dag.py
[2025-07-17T00:44:10.447+0530] {logging_mixin.py:190} INFO - [2025-07-17T00:44:10.447+0530] {dag.py:3239} INFO - Sync 1 DAGs
[2025-07-17T00:44:10.454+0530] {logging_mixin.py:190} INFO - [2025-07-17T00:44:10.453+0530] {dag.py:4180} INFO - Setting next_dagrun for tutorial_dag to None, run_after=None
[2025-07-17T00:44:10.464+0530] {processor.py:208} INFO - Processing /Users/parth/Desktop/Engine/venv/lib/python3.11/site-packages/airflow/example_dags/tutorial_dag.py took 0.100 seconds
[2025-07-17T00:46:10.195+0530] {processor.py:186} INFO - Started process (PID=21608) to work on /Users/parth/Desktop/Engine/venv/lib/python3.11/site-packages/airflow/example_dags/tutorial_dag.py
[2025-07-17T00:46:10.196+0530] {processor.py:914} INFO - Processing file /Users/parth/Desktop/Engine/venv/lib/python3.11/site-packages/airflow/example_dags/tutorial_dag.py for tasks to queue
[2025-07-17T00:46:10.197+0530] {logging_mixin.py:190} INFO - [2025-07-17T00:46:10.197+0530] {dagbag.py:588} INFO - Filling up the DagBag from /Users/parth/Desktop/Engine/venv/lib/python3.11/site-packages/airflow/example_dags/tutorial_dag.py
[2025-07-17T00:46:10.215+0530] {processor.py:925} INFO - DAG(s) 'tutorial_dag' retrieved from /Users/parth/Desktop/Engine/venv/lib/python3.11/site-packages/airflow/example_dags/tutorial_dag.py
[2025-07-17T00:46:10.274+0530] {logging_mixin.py:190} INFO - [2025-07-17T00:46:10.274+0530] {dag.py:3239} INFO - Sync 1 DAGs
[2025-07-17T00:46:10.281+0530] {logging_mixin.py:190} INFO - [2025-07-17T00:46:10.280+0530] {dag.py:4180} INFO - Setting next_dagrun for tutorial_dag to None, run_after=None
[2025-07-17T00:46:10.291+0530] {processor.py:208} INFO - Processing /Users/parth/Desktop/Engine/venv/lib/python3.11/site-packages/airflow/example_dags/tutorial_dag.py took 0.099 seconds
[2025-07-17T00:48:10.047+0530] {processor.py:186} INFO - Started process (PID=22373) to work on /Users/parth/Desktop/Engine/venv/lib/python3.11/site-packages/airflow/example_dags/tutorial_dag.py
[2025-07-17T00:48:10.048+0530] {processor.py:914} INFO - Processing file /Users/parth/Desktop/Engine/venv/lib/python3.11/site-packages/airflow/example_dags/tutorial_dag.py for tasks to queue
[2025-07-17T00:48:10.049+0530] {logging_mixin.py:190} INFO - [2025-07-17T00:48:10.049+0530] {dagbag.py:588} INFO - Filling up the DagBag from /Users/parth/Desktop/Engine/venv/lib/python3.11/site-packages/airflow/example_dags/tutorial_dag.py
[2025-07-17T00:48:10.068+0530] {processor.py:925} INFO - DAG(s) 'tutorial_dag' retrieved from /Users/parth/Desktop/Engine/venv/lib/python3.11/site-packages/airflow/example_dags/tutorial_dag.py
[2025-07-17T00:48:10.128+0530] {logging_mixin.py:190} INFO - [2025-07-17T00:48:10.128+0530] {dag.py:3239} INFO - Sync 1 DAGs
[2025-07-17T00:48:10.135+0530] {logging_mixin.py:190} INFO - [2025-07-17T00:48:10.135+0530] {dag.py:4180} INFO - Setting next_dagrun for tutorial_dag to None, run_after=None
[2025-07-17T00:48:10.147+0530] {processor.py:208} INFO - Processing /Users/parth/Desktop/Engine/venv/lib/python3.11/site-packages/airflow/example_dags/tutorial_dag.py took 0.102 seconds
