[2025-07-16T21:04:51.492+0530] {processor.py:186} INFO - Started process (PID=85166) to work on /Users/parth/Desktop/Engine/venv/lib/python3.11/site-packages/airflow/example_dags/tutorial_taskflow_templates.py
[2025-07-16T21:04:51.493+0530] {processor.py:914} INFO - Processing file /Users/parth/Desktop/Engine/venv/lib/python3.11/site-packages/airflow/example_dags/tutorial_taskflow_templates.py for tasks to queue
[2025-07-16T21:04:51.493+0530] {logging_mixin.py:190} INFO - [2025-07-16T21:04:51.493+0530] {dagbag.py:588} INFO - Filling up the DagBag from /Users/parth/Desktop/Engine/venv/lib/python3.11/site-packages/airflow/example_dags/tutorial_taskflow_templates.py
[2025-07-16T21:04:51.513+0530] {processor.py:925} INFO - DAG(s) 'tutorial_taskflow_templates' retrieved from /Users/parth/Desktop/Engine/venv/lib/python3.11/site-packages/airflow/example_dags/tutorial_taskflow_templates.py
[2025-07-16T21:04:51.585+0530] {logging_mixin.py:190} INFO - [2025-07-16T21:04:51.585+0530] {override.py:1930} INFO - Created Permission View: can delete on DAG:tutorial_taskflow_templates
[2025-07-16T21:04:51.588+0530] {logging_mixin.py:190} INFO - [2025-07-16T21:04:51.588+0530] {override.py:1930} INFO - Created Permission View: can edit on DAG:tutorial_taskflow_templates
[2025-07-16T21:04:51.590+0530] {logging_mixin.py:190} INFO - [2025-07-16T21:04:51.590+0530] {override.py:1930} INFO - Created Permission View: can read on DAG:tutorial_taskflow_templates
[2025-07-16T21:04:51.593+0530] {logging_mixin.py:190} INFO - [2025-07-16T21:04:51.593+0530] {override.py:1930} INFO - Created Permission View: can delete on DAG Run:tutorial_taskflow_templates
[2025-07-16T21:04:51.595+0530] {logging_mixin.py:190} INFO - [2025-07-16T21:04:51.595+0530] {override.py:1930} INFO - Created Permission View: can create on DAG Run:tutorial_taskflow_templates
[2025-07-16T21:04:51.597+0530] {logging_mixin.py:190} INFO - [2025-07-16T21:04:51.597+0530] {override.py:1930} INFO - Created Permission View: menu access on DAG Run:tutorial_taskflow_templates
[2025-07-16T21:04:51.599+0530] {logging_mixin.py:190} INFO - [2025-07-16T21:04:51.599+0530] {override.py:1930} INFO - Created Permission View: can read on DAG Run:tutorial_taskflow_templates
[2025-07-16T21:04:51.599+0530] {logging_mixin.py:190} INFO - [2025-07-16T21:04:51.599+0530] {dag.py:3239} INFO - Sync 1 DAGs
[2025-07-16T21:04:51.641+0530] {logging_mixin.py:190} INFO - [2025-07-16T21:04:51.641+0530] {dag.py:3262} INFO - Creating ORM DAG for tutorial_taskflow_templates
[2025-07-16T21:04:51.645+0530] {logging_mixin.py:190} INFO - [2025-07-16T21:04:51.645+0530] {dag.py:4180} INFO - Setting next_dagrun for tutorial_taskflow_templates to 2025-07-15 00:00:00+00:00, run_after=2025-07-16 00:00:00+00:00
[2025-07-16T21:04:51.651+0530] {processor.py:208} INFO - Processing /Users/parth/Desktop/Engine/venv/lib/python3.11/site-packages/airflow/example_dags/tutorial_taskflow_templates.py took 0.160 seconds
[2025-07-17T00:11:12.649+0530] {processor.py:186} INFO - Started process (PID=7053) to work on /Users/parth/Desktop/Engine/venv/lib/python3.11/site-packages/airflow/example_dags/tutorial_taskflow_templates.py
[2025-07-17T00:11:12.650+0530] {processor.py:914} INFO - Processing file /Users/parth/Desktop/Engine/venv/lib/python3.11/site-packages/airflow/example_dags/tutorial_taskflow_templates.py for tasks to queue
[2025-07-17T00:11:12.650+0530] {logging_mixin.py:190} INFO - [2025-07-17T00:11:12.650+0530] {dagbag.py:588} INFO - Filling up the DagBag from /Users/parth/Desktop/Engine/venv/lib/python3.11/site-packages/airflow/example_dags/tutorial_taskflow_templates.py
[2025-07-17T00:11:12.679+0530] {processor.py:925} INFO - DAG(s) 'tutorial_taskflow_templates' retrieved from /Users/parth/Desktop/Engine/venv/lib/python3.11/site-packages/airflow/example_dags/tutorial_taskflow_templates.py
[2025-07-17T00:11:12.738+0530] {logging_mixin.py:190} INFO - [2025-07-17T00:11:12.738+0530] {dag.py:3239} INFO - Sync 1 DAGs
[2025-07-17T00:11:12.749+0530] {logging_mixin.py:190} INFO - [2025-07-17T00:11:12.749+0530] {dag.py:4180} INFO - Setting next_dagrun for tutorial_taskflow_templates to 2025-07-15 00:00:00+00:00, run_after=2025-07-16 00:00:00+00:00
[2025-07-17T00:11:12.760+0530] {processor.py:208} INFO - Processing /Users/parth/Desktop/Engine/venv/lib/python3.11/site-packages/airflow/example_dags/tutorial_taskflow_templates.py took 0.114 seconds
[2025-07-17T00:13:55.392+0530] {processor.py:186} INFO - Started process (PID=8647) to work on /Users/parth/Desktop/Engine/venv/lib/python3.11/site-packages/airflow/example_dags/tutorial_taskflow_templates.py
[2025-07-17T00:13:55.393+0530] {processor.py:914} INFO - Processing file /Users/parth/Desktop/Engine/venv/lib/python3.11/site-packages/airflow/example_dags/tutorial_taskflow_templates.py for tasks to queue
[2025-07-17T00:13:55.393+0530] {logging_mixin.py:190} INFO - [2025-07-17T00:13:55.393+0530] {dagbag.py:588} INFO - Filling up the DagBag from /Users/parth/Desktop/Engine/venv/lib/python3.11/site-packages/airflow/example_dags/tutorial_taskflow_templates.py
[2025-07-17T00:13:55.427+0530] {processor.py:925} INFO - DAG(s) 'tutorial_taskflow_templates' retrieved from /Users/parth/Desktop/Engine/venv/lib/python3.11/site-packages/airflow/example_dags/tutorial_taskflow_templates.py
[2025-07-17T00:13:55.495+0530] {logging_mixin.py:190} INFO - [2025-07-17T00:13:55.495+0530] {dag.py:3239} INFO - Sync 1 DAGs
[2025-07-17T00:13:55.509+0530] {logging_mixin.py:190} INFO - [2025-07-17T00:13:55.509+0530] {dag.py:4180} INFO - Setting next_dagrun for tutorial_taskflow_templates to 2025-07-15 00:00:00+00:00, run_after=2025-07-16 00:00:00+00:00
[2025-07-17T00:13:55.524+0530] {processor.py:208} INFO - Processing /Users/parth/Desktop/Engine/venv/lib/python3.11/site-packages/airflow/example_dags/tutorial_taskflow_templates.py took 0.135 seconds
[2025-07-17T00:16:04.081+0530] {processor.py:186} INFO - Started process (PID=9487) to work on /Users/parth/Desktop/Engine/venv/lib/python3.11/site-packages/airflow/example_dags/tutorial_taskflow_templates.py
[2025-07-17T00:16:04.082+0530] {processor.py:914} INFO - Processing file /Users/parth/Desktop/Engine/venv/lib/python3.11/site-packages/airflow/example_dags/tutorial_taskflow_templates.py for tasks to queue
[2025-07-17T00:16:04.083+0530] {logging_mixin.py:190} INFO - [2025-07-17T00:16:04.083+0530] {dagbag.py:588} INFO - Filling up the DagBag from /Users/parth/Desktop/Engine/venv/lib/python3.11/site-packages/airflow/example_dags/tutorial_taskflow_templates.py
[2025-07-17T00:16:04.119+0530] {processor.py:925} INFO - DAG(s) 'tutorial_taskflow_templates' retrieved from /Users/parth/Desktop/Engine/venv/lib/python3.11/site-packages/airflow/example_dags/tutorial_taskflow_templates.py
[2025-07-17T00:16:04.207+0530] {logging_mixin.py:190} INFO - [2025-07-17T00:16:04.206+0530] {dag.py:3239} INFO - Sync 1 DAGs
[2025-07-17T00:16:04.225+0530] {logging_mixin.py:190} INFO - [2025-07-17T00:16:04.224+0530] {dag.py:4180} INFO - Setting next_dagrun for tutorial_taskflow_templates to 2025-07-15 00:00:00+00:00, run_after=2025-07-16 00:00:00+00:00
[2025-07-17T00:16:04.241+0530] {processor.py:208} INFO - Processing /Users/parth/Desktop/Engine/venv/lib/python3.11/site-packages/airflow/example_dags/tutorial_taskflow_templates.py took 0.163 seconds
[2025-07-17T00:18:10.624+0530] {processor.py:186} INFO - Started process (PID=10332) to work on /Users/parth/Desktop/Engine/venv/lib/python3.11/site-packages/airflow/example_dags/tutorial_taskflow_templates.py
[2025-07-17T00:18:10.625+0530] {processor.py:914} INFO - Processing file /Users/parth/Desktop/Engine/venv/lib/python3.11/site-packages/airflow/example_dags/tutorial_taskflow_templates.py for tasks to queue
[2025-07-17T00:18:10.626+0530] {logging_mixin.py:190} INFO - [2025-07-17T00:18:10.626+0530] {dagbag.py:588} INFO - Filling up the DagBag from /Users/parth/Desktop/Engine/venv/lib/python3.11/site-packages/airflow/example_dags/tutorial_taskflow_templates.py
[2025-07-17T00:18:10.653+0530] {processor.py:925} INFO - DAG(s) 'tutorial_taskflow_templates' retrieved from /Users/parth/Desktop/Engine/venv/lib/python3.11/site-packages/airflow/example_dags/tutorial_taskflow_templates.py
[2025-07-17T00:18:10.712+0530] {logging_mixin.py:190} INFO - [2025-07-17T00:18:10.712+0530] {dag.py:3239} INFO - Sync 1 DAGs
[2025-07-17T00:18:10.724+0530] {logging_mixin.py:190} INFO - [2025-07-17T00:18:10.724+0530] {dag.py:4180} INFO - Setting next_dagrun for tutorial_taskflow_templates to 2025-07-15 00:00:00+00:00, run_after=2025-07-16 00:00:00+00:00
[2025-07-17T00:18:10.734+0530] {processor.py:208} INFO - Processing /Users/parth/Desktop/Engine/venv/lib/python3.11/site-packages/airflow/example_dags/tutorial_taskflow_templates.py took 0.113 seconds
[2025-07-17T00:21:13.162+0530] {processor.py:186} INFO - Started process (PID=11592) to work on /Users/parth/Desktop/Engine/venv/lib/python3.11/site-packages/airflow/example_dags/tutorial_taskflow_templates.py
[2025-07-17T00:21:13.164+0530] {processor.py:914} INFO - Processing file /Users/parth/Desktop/Engine/venv/lib/python3.11/site-packages/airflow/example_dags/tutorial_taskflow_templates.py for tasks to queue
[2025-07-17T00:21:13.166+0530] {logging_mixin.py:190} INFO - [2025-07-17T00:21:13.166+0530] {dagbag.py:588} INFO - Filling up the DagBag from /Users/parth/Desktop/Engine/venv/lib/python3.11/site-packages/airflow/example_dags/tutorial_taskflow_templates.py
[2025-07-17T00:21:13.238+0530] {processor.py:925} INFO - DAG(s) 'tutorial_taskflow_templates' retrieved from /Users/parth/Desktop/Engine/venv/lib/python3.11/site-packages/airflow/example_dags/tutorial_taskflow_templates.py
[2025-07-17T00:21:13.355+0530] {logging_mixin.py:190} INFO - [2025-07-17T00:21:13.355+0530] {dag.py:3239} INFO - Sync 1 DAGs
[2025-07-17T00:21:13.373+0530] {logging_mixin.py:190} INFO - [2025-07-17T00:21:13.373+0530] {dag.py:4180} INFO - Setting next_dagrun for tutorial_taskflow_templates to 2025-07-15 00:00:00+00:00, run_after=2025-07-16 00:00:00+00:00
[2025-07-17T00:21:13.390+0530] {processor.py:208} INFO - Processing /Users/parth/Desktop/Engine/venv/lib/python3.11/site-packages/airflow/example_dags/tutorial_taskflow_templates.py took 0.233 seconds
[2025-07-17T00:23:30.248+0530] {processor.py:186} INFO - Started process (PID=12606) to work on /Users/parth/Desktop/Engine/venv/lib/python3.11/site-packages/airflow/example_dags/tutorial_taskflow_templates.py
[2025-07-17T00:23:30.249+0530] {processor.py:914} INFO - Processing file /Users/parth/Desktop/Engine/venv/lib/python3.11/site-packages/airflow/example_dags/tutorial_taskflow_templates.py for tasks to queue
[2025-07-17T00:23:30.250+0530] {logging_mixin.py:190} INFO - [2025-07-17T00:23:30.250+0530] {dagbag.py:588} INFO - Filling up the DagBag from /Users/parth/Desktop/Engine/venv/lib/python3.11/site-packages/airflow/example_dags/tutorial_taskflow_templates.py
[2025-07-17T00:23:30.277+0530] {processor.py:925} INFO - DAG(s) 'tutorial_taskflow_templates' retrieved from /Users/parth/Desktop/Engine/venv/lib/python3.11/site-packages/airflow/example_dags/tutorial_taskflow_templates.py
[2025-07-17T00:23:30.337+0530] {logging_mixin.py:190} INFO - [2025-07-17T00:23:30.336+0530] {dag.py:3239} INFO - Sync 1 DAGs
[2025-07-17T00:23:30.348+0530] {logging_mixin.py:190} INFO - [2025-07-17T00:23:30.348+0530] {dag.py:4180} INFO - Setting next_dagrun for tutorial_taskflow_templates to 2025-07-15 00:00:00+00:00, run_after=2025-07-16 00:00:00+00:00
[2025-07-17T00:23:30.358+0530] {processor.py:208} INFO - Processing /Users/parth/Desktop/Engine/venv/lib/python3.11/site-packages/airflow/example_dags/tutorial_taskflow_templates.py took 0.113 seconds
[2025-07-17T00:25:29.820+0530] {processor.py:186} INFO - Started process (PID=13427) to work on /Users/parth/Desktop/Engine/venv/lib/python3.11/site-packages/airflow/example_dags/tutorial_taskflow_templates.py
[2025-07-17T00:25:29.821+0530] {processor.py:914} INFO - Processing file /Users/parth/Desktop/Engine/venv/lib/python3.11/site-packages/airflow/example_dags/tutorial_taskflow_templates.py for tasks to queue
[2025-07-17T00:25:29.822+0530] {logging_mixin.py:190} INFO - [2025-07-17T00:25:29.822+0530] {dagbag.py:588} INFO - Filling up the DagBag from /Users/parth/Desktop/Engine/venv/lib/python3.11/site-packages/airflow/example_dags/tutorial_taskflow_templates.py
[2025-07-17T00:25:29.857+0530] {processor.py:925} INFO - DAG(s) 'tutorial_taskflow_templates' retrieved from /Users/parth/Desktop/Engine/venv/lib/python3.11/site-packages/airflow/example_dags/tutorial_taskflow_templates.py
[2025-07-17T00:25:29.921+0530] {logging_mixin.py:190} INFO - [2025-07-17T00:25:29.921+0530] {dag.py:3239} INFO - Sync 1 DAGs
[2025-07-17T00:25:29.933+0530] {logging_mixin.py:190} INFO - [2025-07-17T00:25:29.932+0530] {dag.py:4180} INFO - Setting next_dagrun for tutorial_taskflow_templates to 2025-07-15 00:00:00+00:00, run_after=2025-07-16 00:00:00+00:00
[2025-07-17T00:25:29.944+0530] {processor.py:208} INFO - Processing /Users/parth/Desktop/Engine/venv/lib/python3.11/site-packages/airflow/example_dags/tutorial_taskflow_templates.py took 0.126 seconds
[2025-07-17T00:27:29.514+0530] {processor.py:186} INFO - Started process (PID=14236) to work on /Users/parth/Desktop/Engine/venv/lib/python3.11/site-packages/airflow/example_dags/tutorial_taskflow_templates.py
[2025-07-17T00:27:29.515+0530] {processor.py:914} INFO - Processing file /Users/parth/Desktop/Engine/venv/lib/python3.11/site-packages/airflow/example_dags/tutorial_taskflow_templates.py for tasks to queue
[2025-07-17T00:27:29.516+0530] {logging_mixin.py:190} INFO - [2025-07-17T00:27:29.516+0530] {dagbag.py:588} INFO - Filling up the DagBag from /Users/parth/Desktop/Engine/venv/lib/python3.11/site-packages/airflow/example_dags/tutorial_taskflow_templates.py
[2025-07-17T00:27:29.543+0530] {processor.py:925} INFO - DAG(s) 'tutorial_taskflow_templates' retrieved from /Users/parth/Desktop/Engine/venv/lib/python3.11/site-packages/airflow/example_dags/tutorial_taskflow_templates.py
[2025-07-17T00:27:29.605+0530] {logging_mixin.py:190} INFO - [2025-07-17T00:27:29.604+0530] {dag.py:3239} INFO - Sync 1 DAGs
[2025-07-17T00:27:29.616+0530] {logging_mixin.py:190} INFO - [2025-07-17T00:27:29.616+0530] {dag.py:4180} INFO - Setting next_dagrun for tutorial_taskflow_templates to 2025-07-15 00:00:00+00:00, run_after=2025-07-16 00:00:00+00:00
[2025-07-17T00:27:29.626+0530] {processor.py:208} INFO - Processing /Users/parth/Desktop/Engine/venv/lib/python3.11/site-packages/airflow/example_dags/tutorial_taskflow_templates.py took 0.115 seconds
[2025-07-17T00:29:31.910+0530] {processor.py:186} INFO - Started process (PID=15019) to work on /Users/parth/Desktop/Engine/venv/lib/python3.11/site-packages/airflow/example_dags/tutorial_taskflow_templates.py
[2025-07-17T00:29:31.911+0530] {processor.py:914} INFO - Processing file /Users/parth/Desktop/Engine/venv/lib/python3.11/site-packages/airflow/example_dags/tutorial_taskflow_templates.py for tasks to queue
[2025-07-17T00:29:31.912+0530] {logging_mixin.py:190} INFO - [2025-07-17T00:29:31.912+0530] {dagbag.py:588} INFO - Filling up the DagBag from /Users/parth/Desktop/Engine/venv/lib/python3.11/site-packages/airflow/example_dags/tutorial_taskflow_templates.py
[2025-07-17T00:29:31.942+0530] {processor.py:925} INFO - DAG(s) 'tutorial_taskflow_templates' retrieved from /Users/parth/Desktop/Engine/venv/lib/python3.11/site-packages/airflow/example_dags/tutorial_taskflow_templates.py
[2025-07-17T00:29:32.008+0530] {logging_mixin.py:190} INFO - [2025-07-17T00:29:32.008+0530] {dag.py:3239} INFO - Sync 1 DAGs
[2025-07-17T00:29:32.020+0530] {logging_mixin.py:190} INFO - [2025-07-17T00:29:32.020+0530] {dag.py:4180} INFO - Setting next_dagrun for tutorial_taskflow_templates to 2025-07-15 00:00:00+00:00, run_after=2025-07-16 00:00:00+00:00
[2025-07-17T00:29:32.031+0530] {processor.py:208} INFO - Processing /Users/parth/Desktop/Engine/venv/lib/python3.11/site-packages/airflow/example_dags/tutorial_taskflow_templates.py took 0.123 seconds
[2025-07-17T00:31:28.313+0530] {processor.py:186} INFO - Started process (PID=15805) to work on /Users/parth/Desktop/Engine/venv/lib/python3.11/site-packages/airflow/example_dags/tutorial_taskflow_templates.py
[2025-07-17T00:31:28.314+0530] {processor.py:914} INFO - Processing file /Users/parth/Desktop/Engine/venv/lib/python3.11/site-packages/airflow/example_dags/tutorial_taskflow_templates.py for tasks to queue
[2025-07-17T00:31:28.315+0530] {logging_mixin.py:190} INFO - [2025-07-17T00:31:28.314+0530] {dagbag.py:588} INFO - Filling up the DagBag from /Users/parth/Desktop/Engine/venv/lib/python3.11/site-packages/airflow/example_dags/tutorial_taskflow_templates.py
[2025-07-17T00:31:28.343+0530] {processor.py:925} INFO - DAG(s) 'tutorial_taskflow_templates' retrieved from /Users/parth/Desktop/Engine/venv/lib/python3.11/site-packages/airflow/example_dags/tutorial_taskflow_templates.py
[2025-07-17T00:31:28.402+0530] {logging_mixin.py:190} INFO - [2025-07-17T00:31:28.402+0530] {dag.py:3239} INFO - Sync 1 DAGs
[2025-07-17T00:31:28.414+0530] {logging_mixin.py:190} INFO - [2025-07-17T00:31:28.414+0530] {dag.py:4180} INFO - Setting next_dagrun for tutorial_taskflow_templates to 2025-07-15 00:00:00+00:00, run_after=2025-07-16 00:00:00+00:00
[2025-07-17T00:31:28.425+0530] {processor.py:208} INFO - Processing /Users/parth/Desktop/Engine/venv/lib/python3.11/site-packages/airflow/example_dags/tutorial_taskflow_templates.py took 0.114 seconds
[2025-07-17T00:33:18.268+0530] {processor.py:186} INFO - Started process (PID=16522) to work on /Users/parth/Desktop/Engine/venv/lib/python3.11/site-packages/airflow/example_dags/tutorial_taskflow_templates.py
[2025-07-17T00:33:18.269+0530] {processor.py:914} INFO - Processing file /Users/parth/Desktop/Engine/venv/lib/python3.11/site-packages/airflow/example_dags/tutorial_taskflow_templates.py for tasks to queue
[2025-07-17T00:33:18.270+0530] {logging_mixin.py:190} INFO - [2025-07-17T00:33:18.270+0530] {dagbag.py:588} INFO - Filling up the DagBag from /Users/parth/Desktop/Engine/venv/lib/python3.11/site-packages/airflow/example_dags/tutorial_taskflow_templates.py
[2025-07-17T00:33:18.304+0530] {processor.py:925} INFO - DAG(s) 'tutorial_taskflow_templates' retrieved from /Users/parth/Desktop/Engine/venv/lib/python3.11/site-packages/airflow/example_dags/tutorial_taskflow_templates.py
[2025-07-17T00:33:18.365+0530] {logging_mixin.py:190} INFO - [2025-07-17T00:33:18.365+0530] {dag.py:3239} INFO - Sync 1 DAGs
[2025-07-17T00:33:18.377+0530] {logging_mixin.py:190} INFO - [2025-07-17T00:33:18.376+0530] {dag.py:4180} INFO - Setting next_dagrun for tutorial_taskflow_templates to 2025-07-15 00:00:00+00:00, run_after=2025-07-16 00:00:00+00:00
[2025-07-17T00:33:18.387+0530] {processor.py:208} INFO - Processing /Users/parth/Desktop/Engine/venv/lib/python3.11/site-packages/airflow/example_dags/tutorial_taskflow_templates.py took 0.122 seconds
[2025-07-17T00:35:20.512+0530] {processor.py:186} INFO - Started process (PID=17317) to work on /Users/parth/Desktop/Engine/venv/lib/python3.11/site-packages/airflow/example_dags/tutorial_taskflow_templates.py
[2025-07-17T00:35:20.513+0530] {processor.py:914} INFO - Processing file /Users/parth/Desktop/Engine/venv/lib/python3.11/site-packages/airflow/example_dags/tutorial_taskflow_templates.py for tasks to queue
[2025-07-17T00:35:20.514+0530] {logging_mixin.py:190} INFO - [2025-07-17T00:35:20.514+0530] {dagbag.py:588} INFO - Filling up the DagBag from /Users/parth/Desktop/Engine/venv/lib/python3.11/site-packages/airflow/example_dags/tutorial_taskflow_templates.py
[2025-07-17T00:35:20.549+0530] {processor.py:925} INFO - DAG(s) 'tutorial_taskflow_templates' retrieved from /Users/parth/Desktop/Engine/venv/lib/python3.11/site-packages/airflow/example_dags/tutorial_taskflow_templates.py
[2025-07-17T00:35:20.610+0530] {logging_mixin.py:190} INFO - [2025-07-17T00:35:20.609+0530] {dag.py:3239} INFO - Sync 1 DAGs
[2025-07-17T00:35:20.621+0530] {logging_mixin.py:190} INFO - [2025-07-17T00:35:20.621+0530] {dag.py:4180} INFO - Setting next_dagrun for tutorial_taskflow_templates to 2025-07-15 00:00:00+00:00, run_after=2025-07-16 00:00:00+00:00
[2025-07-17T00:35:20.632+0530] {processor.py:208} INFO - Processing /Users/parth/Desktop/Engine/venv/lib/python3.11/site-packages/airflow/example_dags/tutorial_taskflow_templates.py took 0.122 seconds
[2025-07-17T00:37:20.188+0530] {processor.py:186} INFO - Started process (PID=18082) to work on /Users/parth/Desktop/Engine/venv/lib/python3.11/site-packages/airflow/example_dags/tutorial_taskflow_templates.py
[2025-07-17T00:37:20.189+0530] {processor.py:914} INFO - Processing file /Users/parth/Desktop/Engine/venv/lib/python3.11/site-packages/airflow/example_dags/tutorial_taskflow_templates.py for tasks to queue
[2025-07-17T00:37:20.190+0530] {logging_mixin.py:190} INFO - [2025-07-17T00:37:20.190+0530] {dagbag.py:588} INFO - Filling up the DagBag from /Users/parth/Desktop/Engine/venv/lib/python3.11/site-packages/airflow/example_dags/tutorial_taskflow_templates.py
[2025-07-17T00:37:20.224+0530] {processor.py:925} INFO - DAG(s) 'tutorial_taskflow_templates' retrieved from /Users/parth/Desktop/Engine/venv/lib/python3.11/site-packages/airflow/example_dags/tutorial_taskflow_templates.py
[2025-07-17T00:37:20.285+0530] {logging_mixin.py:190} INFO - [2025-07-17T00:37:20.285+0530] {dag.py:3239} INFO - Sync 1 DAGs
[2025-07-17T00:37:20.296+0530] {logging_mixin.py:190} INFO - [2025-07-17T00:37:20.296+0530] {dag.py:4180} INFO - Setting next_dagrun for tutorial_taskflow_templates to 2025-07-15 00:00:00+00:00, run_after=2025-07-16 00:00:00+00:00
[2025-07-17T00:37:20.306+0530] {processor.py:208} INFO - Processing /Users/parth/Desktop/Engine/venv/lib/python3.11/site-packages/airflow/example_dags/tutorial_taskflow_templates.py took 0.121 seconds
[2025-07-17T00:39:28.319+0530] {processor.py:186} INFO - Started process (PID=18922) to work on /Users/parth/Desktop/Engine/venv/lib/python3.11/site-packages/airflow/example_dags/tutorial_taskflow_templates.py
[2025-07-17T00:39:28.321+0530] {processor.py:914} INFO - Processing file /Users/parth/Desktop/Engine/venv/lib/python3.11/site-packages/airflow/example_dags/tutorial_taskflow_templates.py for tasks to queue
[2025-07-17T00:39:28.321+0530] {logging_mixin.py:190} INFO - [2025-07-17T00:39:28.321+0530] {dagbag.py:588} INFO - Filling up the DagBag from /Users/parth/Desktop/Engine/venv/lib/python3.11/site-packages/airflow/example_dags/tutorial_taskflow_templates.py
[2025-07-17T00:39:28.350+0530] {processor.py:925} INFO - DAG(s) 'tutorial_taskflow_templates' retrieved from /Users/parth/Desktop/Engine/venv/lib/python3.11/site-packages/airflow/example_dags/tutorial_taskflow_templates.py
[2025-07-17T00:39:28.409+0530] {logging_mixin.py:190} INFO - [2025-07-17T00:39:28.408+0530] {dag.py:3239} INFO - Sync 1 DAGs
[2025-07-17T00:39:28.420+0530] {logging_mixin.py:190} INFO - [2025-07-17T00:39:28.420+0530] {dag.py:4180} INFO - Setting next_dagrun for tutorial_taskflow_templates to 2025-07-15 00:00:00+00:00, run_after=2025-07-16 00:00:00+00:00
[2025-07-17T00:39:28.431+0530] {processor.py:208} INFO - Processing /Users/parth/Desktop/Engine/venv/lib/python3.11/site-packages/airflow/example_dags/tutorial_taskflow_templates.py took 0.114 seconds
[2025-07-17T00:41:51.245+0530] {processor.py:186} INFO - Started process (PID=19924) to work on /Users/parth/Desktop/Engine/venv/lib/python3.11/site-packages/airflow/example_dags/tutorial_taskflow_templates.py
[2025-07-17T00:41:51.246+0530] {processor.py:914} INFO - Processing file /Users/parth/Desktop/Engine/venv/lib/python3.11/site-packages/airflow/example_dags/tutorial_taskflow_templates.py for tasks to queue
[2025-07-17T00:41:51.247+0530] {logging_mixin.py:190} INFO - [2025-07-17T00:41:51.247+0530] {dagbag.py:588} INFO - Filling up the DagBag from /Users/parth/Desktop/Engine/venv/lib/python3.11/site-packages/airflow/example_dags/tutorial_taskflow_templates.py
[2025-07-17T00:41:51.281+0530] {processor.py:925} INFO - DAG(s) 'tutorial_taskflow_templates' retrieved from /Users/parth/Desktop/Engine/venv/lib/python3.11/site-packages/airflow/example_dags/tutorial_taskflow_templates.py
[2025-07-17T00:41:51.345+0530] {logging_mixin.py:190} INFO - [2025-07-17T00:41:51.344+0530] {dag.py:3239} INFO - Sync 1 DAGs
[2025-07-17T00:41:51.356+0530] {logging_mixin.py:190} INFO - [2025-07-17T00:41:51.356+0530] {dag.py:4180} INFO - Setting next_dagrun for tutorial_taskflow_templates to 2025-07-15 00:00:00+00:00, run_after=2025-07-16 00:00:00+00:00
[2025-07-17T00:41:51.368+0530] {processor.py:208} INFO - Processing /Users/parth/Desktop/Engine/venv/lib/python3.11/site-packages/airflow/example_dags/tutorial_taskflow_templates.py took 0.125 seconds
[2025-07-17T00:44:01.157+0530] {processor.py:186} INFO - Started process (PID=20770) to work on /Users/parth/Desktop/Engine/venv/lib/python3.11/site-packages/airflow/example_dags/tutorial_taskflow_templates.py
[2025-07-17T00:44:01.158+0530] {processor.py:914} INFO - Processing file /Users/parth/Desktop/Engine/venv/lib/python3.11/site-packages/airflow/example_dags/tutorial_taskflow_templates.py for tasks to queue
[2025-07-17T00:44:01.159+0530] {logging_mixin.py:190} INFO - [2025-07-17T00:44:01.159+0530] {dagbag.py:588} INFO - Filling up the DagBag from /Users/parth/Desktop/Engine/venv/lib/python3.11/site-packages/airflow/example_dags/tutorial_taskflow_templates.py
[2025-07-17T00:44:01.192+0530] {processor.py:925} INFO - DAG(s) 'tutorial_taskflow_templates' retrieved from /Users/parth/Desktop/Engine/venv/lib/python3.11/site-packages/airflow/example_dags/tutorial_taskflow_templates.py
[2025-07-17T00:44:01.253+0530] {logging_mixin.py:190} INFO - [2025-07-17T00:44:01.253+0530] {dag.py:3239} INFO - Sync 1 DAGs
[2025-07-17T00:44:01.265+0530] {logging_mixin.py:190} INFO - [2025-07-17T00:44:01.265+0530] {dag.py:4180} INFO - Setting next_dagrun for tutorial_taskflow_templates to 2025-07-15 00:00:00+00:00, run_after=2025-07-16 00:00:00+00:00
[2025-07-17T00:44:01.276+0530] {processor.py:208} INFO - Processing /Users/parth/Desktop/Engine/venv/lib/python3.11/site-packages/airflow/example_dags/tutorial_taskflow_templates.py took 0.121 seconds
[2025-07-17T00:46:02.052+0530] {processor.py:186} INFO - Started process (PID=21552) to work on /Users/parth/Desktop/Engine/venv/lib/python3.11/site-packages/airflow/example_dags/tutorial_taskflow_templates.py
[2025-07-17T00:46:02.053+0530] {processor.py:914} INFO - Processing file /Users/parth/Desktop/Engine/venv/lib/python3.11/site-packages/airflow/example_dags/tutorial_taskflow_templates.py for tasks to queue
[2025-07-17T00:46:02.054+0530] {logging_mixin.py:190} INFO - [2025-07-17T00:46:02.054+0530] {dagbag.py:588} INFO - Filling up the DagBag from /Users/parth/Desktop/Engine/venv/lib/python3.11/site-packages/airflow/example_dags/tutorial_taskflow_templates.py
[2025-07-17T00:46:02.081+0530] {processor.py:925} INFO - DAG(s) 'tutorial_taskflow_templates' retrieved from /Users/parth/Desktop/Engine/venv/lib/python3.11/site-packages/airflow/example_dags/tutorial_taskflow_templates.py
[2025-07-17T00:46:02.141+0530] {logging_mixin.py:190} INFO - [2025-07-17T00:46:02.140+0530] {dag.py:3239} INFO - Sync 1 DAGs
[2025-07-17T00:46:02.152+0530] {logging_mixin.py:190} INFO - [2025-07-17T00:46:02.152+0530] {dag.py:4180} INFO - Setting next_dagrun for tutorial_taskflow_templates to 2025-07-15 00:00:00+00:00, run_after=2025-07-16 00:00:00+00:00
[2025-07-17T00:46:02.164+0530] {processor.py:208} INFO - Processing /Users/parth/Desktop/Engine/venv/lib/python3.11/site-packages/airflow/example_dags/tutorial_taskflow_templates.py took 0.114 seconds
[2025-07-17T00:48:00.980+0530] {processor.py:186} INFO - Started process (PID=22317) to work on /Users/parth/Desktop/Engine/venv/lib/python3.11/site-packages/airflow/example_dags/tutorial_taskflow_templates.py
[2025-07-17T00:48:00.982+0530] {processor.py:914} INFO - Processing file /Users/parth/Desktop/Engine/venv/lib/python3.11/site-packages/airflow/example_dags/tutorial_taskflow_templates.py for tasks to queue
[2025-07-17T00:48:00.983+0530] {logging_mixin.py:190} INFO - [2025-07-17T00:48:00.983+0530] {dagbag.py:588} INFO - Filling up the DagBag from /Users/parth/Desktop/Engine/venv/lib/python3.11/site-packages/airflow/example_dags/tutorial_taskflow_templates.py
[2025-07-17T00:48:01.011+0530] {processor.py:925} INFO - DAG(s) 'tutorial_taskflow_templates' retrieved from /Users/parth/Desktop/Engine/venv/lib/python3.11/site-packages/airflow/example_dags/tutorial_taskflow_templates.py
[2025-07-17T00:48:01.070+0530] {logging_mixin.py:190} INFO - [2025-07-17T00:48:01.070+0530] {dag.py:3239} INFO - Sync 1 DAGs
[2025-07-17T00:48:01.081+0530] {logging_mixin.py:190} INFO - [2025-07-17T00:48:01.081+0530] {dag.py:4180} INFO - Setting next_dagrun for tutorial_taskflow_templates to 2025-07-15 00:00:00+00:00, run_after=2025-07-16 00:00:00+00:00
[2025-07-17T00:48:01.092+0530] {processor.py:208} INFO - Processing /Users/parth/Desktop/Engine/venv/lib/python3.11/site-packages/airflow/example_dags/tutorial_taskflow_templates.py took 0.115 seconds
