[2025-07-16T21:04:56.963+0530] {processor.py:186} INFO - Started process (PID=85212) to work on /Users/parth/Desktop/Engine/venv/lib/python3.11/site-packages/airflow/example_dags/tutorial_objectstorage.py
[2025-07-16T21:04:56.964+0530] {processor.py:914} INFO - Processing file /Users/parth/Desktop/Engine/venv/lib/python3.11/site-packages/airflow/example_dags/tutorial_objectstorage.py for tasks to queue
[2025-07-16T21:04:56.964+0530] {logging_mixin.py:190} INFO - [2025-07-16T21:04:56.964+0530] {dagbag.py:588} INFO - Filling up the DagBag from /Users/parth/Desktop/Engine/venv/lib/python3.11/site-packages/airflow/example_dags/tutorial_objectstorage.py
[2025-07-16T21:04:56.980+0530] {processor.py:925} INFO - DAG(s) 'tutorial_objectstorage' retrieved from /Users/parth/Desktop/Engine/venv/lib/python3.11/site-packages/airflow/example_dags/tutorial_objectstorage.py
[2025-07-16T21:04:57.051+0530] {logging_mixin.py:190} INFO - [2025-07-16T21:04:57.051+0530] {override.py:1930} INFO - Created Permission View: can edit on DAG:tutorial_objectstorage
[2025-07-16T21:04:57.054+0530] {logging_mixin.py:190} INFO - [2025-07-16T21:04:57.054+0530] {override.py:1930} INFO - Created Permission View: can delete on DAG:tutorial_objectstorage
[2025-07-16T21:04:57.057+0530] {logging_mixin.py:190} INFO - [2025-07-16T21:04:57.056+0530] {override.py:1930} INFO - Created Permission View: can read on DAG:tutorial_objectstorage
[2025-07-16T21:04:57.060+0530] {logging_mixin.py:190} INFO - [2025-07-16T21:04:57.059+0530] {override.py:1930} INFO - Created Permission View: menu access on DAG Run:tutorial_objectstorage
[2025-07-16T21:04:57.062+0530] {logging_mixin.py:190} INFO - [2025-07-16T21:04:57.061+0530] {override.py:1930} INFO - Created Permission View: can delete on DAG Run:tutorial_objectstorage
[2025-07-16T21:04:57.064+0530] {logging_mixin.py:190} INFO - [2025-07-16T21:04:57.063+0530] {override.py:1930} INFO - Created Permission View: can read on DAG Run:tutorial_objectstorage
[2025-07-16T21:04:57.065+0530] {logging_mixin.py:190} INFO - [2025-07-16T21:04:57.065+0530] {override.py:1930} INFO - Created Permission View: can create on DAG Run:tutorial_objectstorage
[2025-07-16T21:04:57.066+0530] {logging_mixin.py:190} INFO - [2025-07-16T21:04:57.066+0530] {dag.py:3239} INFO - Sync 1 DAGs
[2025-07-16T21:04:57.108+0530] {logging_mixin.py:190} INFO - [2025-07-16T21:04:57.108+0530] {dag.py:3262} INFO - Creating ORM DAG for tutorial_objectstorage
[2025-07-16T21:04:57.108+0530] {logging_mixin.py:190} INFO - [2025-07-16T21:04:57.108+0530] {dag.py:4180} INFO - Setting next_dagrun for tutorial_objectstorage to None, run_after=None
[2025-07-16T21:04:57.114+0530] {processor.py:208} INFO - Processing /Users/parth/Desktop/Engine/venv/lib/python3.11/site-packages/airflow/example_dags/tutorial_objectstorage.py took 0.153 seconds
[2025-07-17T00:11:20.266+0530] {processor.py:186} INFO - Started process (PID=7105) to work on /Users/parth/Desktop/Engine/venv/lib/python3.11/site-packages/airflow/example_dags/tutorial_objectstorage.py
[2025-07-17T00:11:20.266+0530] {processor.py:914} INFO - Processing file /Users/parth/Desktop/Engine/venv/lib/python3.11/site-packages/airflow/example_dags/tutorial_objectstorage.py for tasks to queue
[2025-07-17T00:11:20.267+0530] {logging_mixin.py:190} INFO - [2025-07-17T00:11:20.267+0530] {dagbag.py:588} INFO - Filling up the DagBag from /Users/parth/Desktop/Engine/venv/lib/python3.11/site-packages/airflow/example_dags/tutorial_objectstorage.py
[2025-07-17T00:11:20.292+0530] {processor.py:925} INFO - DAG(s) 'tutorial_objectstorage' retrieved from /Users/parth/Desktop/Engine/venv/lib/python3.11/site-packages/airflow/example_dags/tutorial_objectstorage.py
[2025-07-17T00:11:20.350+0530] {logging_mixin.py:190} INFO - [2025-07-17T00:11:20.349+0530] {dag.py:3239} INFO - Sync 1 DAGs
[2025-07-17T00:11:20.356+0530] {logging_mixin.py:190} INFO - [2025-07-17T00:11:20.356+0530] {dag.py:4180} INFO - Setting next_dagrun for tutorial_objectstorage to None, run_after=None
[2025-07-17T00:11:20.367+0530] {processor.py:208} INFO - Processing /Users/parth/Desktop/Engine/venv/lib/python3.11/site-packages/airflow/example_dags/tutorial_objectstorage.py took 0.103 seconds
[2025-07-17T00:14:03.480+0530] {processor.py:186} INFO - Started process (PID=8704) to work on /Users/parth/Desktop/Engine/venv/lib/python3.11/site-packages/airflow/example_dags/tutorial_objectstorage.py
[2025-07-17T00:14:03.481+0530] {processor.py:914} INFO - Processing file /Users/parth/Desktop/Engine/venv/lib/python3.11/site-packages/airflow/example_dags/tutorial_objectstorage.py for tasks to queue
[2025-07-17T00:14:03.482+0530] {logging_mixin.py:190} INFO - [2025-07-17T00:14:03.482+0530] {dagbag.py:588} INFO - Filling up the DagBag from /Users/parth/Desktop/Engine/venv/lib/python3.11/site-packages/airflow/example_dags/tutorial_objectstorage.py
[2025-07-17T00:14:03.517+0530] {processor.py:925} INFO - DAG(s) 'tutorial_objectstorage' retrieved from /Users/parth/Desktop/Engine/venv/lib/python3.11/site-packages/airflow/example_dags/tutorial_objectstorage.py
[2025-07-17T00:14:03.614+0530] {logging_mixin.py:190} INFO - [2025-07-17T00:14:03.614+0530] {dag.py:3239} INFO - Sync 1 DAGs
[2025-07-17T00:14:03.626+0530] {logging_mixin.py:190} INFO - [2025-07-17T00:14:03.626+0530] {dag.py:4180} INFO - Setting next_dagrun for tutorial_objectstorage to None, run_after=None
[2025-07-17T00:14:03.648+0530] {processor.py:208} INFO - Processing /Users/parth/Desktop/Engine/venv/lib/python3.11/site-packages/airflow/example_dags/tutorial_objectstorage.py took 0.171 seconds
[2025-07-17T00:16:11.353+0530] {processor.py:186} INFO - Started process (PID=9539) to work on /Users/parth/Desktop/Engine/venv/lib/python3.11/site-packages/airflow/example_dags/tutorial_objectstorage.py
[2025-07-17T00:16:11.354+0530] {processor.py:914} INFO - Processing file /Users/parth/Desktop/Engine/venv/lib/python3.11/site-packages/airflow/example_dags/tutorial_objectstorage.py for tasks to queue
[2025-07-17T00:16:11.355+0530] {logging_mixin.py:190} INFO - [2025-07-17T00:16:11.355+0530] {dagbag.py:588} INFO - Filling up the DagBag from /Users/parth/Desktop/Engine/venv/lib/python3.11/site-packages/airflow/example_dags/tutorial_objectstorage.py
[2025-07-17T00:16:11.379+0530] {processor.py:925} INFO - DAG(s) 'tutorial_objectstorage' retrieved from /Users/parth/Desktop/Engine/venv/lib/python3.11/site-packages/airflow/example_dags/tutorial_objectstorage.py
[2025-07-17T00:16:11.436+0530] {logging_mixin.py:190} INFO - [2025-07-17T00:16:11.436+0530] {dag.py:3239} INFO - Sync 1 DAGs
[2025-07-17T00:16:11.443+0530] {logging_mixin.py:190} INFO - [2025-07-17T00:16:11.442+0530] {dag.py:4180} INFO - Setting next_dagrun for tutorial_objectstorage to None, run_after=None
[2025-07-17T00:16:11.454+0530] {processor.py:208} INFO - Processing /Users/parth/Desktop/Engine/venv/lib/python3.11/site-packages/airflow/example_dags/tutorial_objectstorage.py took 0.103 seconds
[2025-07-17T00:18:17.317+0530] {processor.py:186} INFO - Started process (PID=10373) to work on /Users/parth/Desktop/Engine/venv/lib/python3.11/site-packages/airflow/example_dags/tutorial_objectstorage.py
[2025-07-17T00:18:17.319+0530] {processor.py:914} INFO - Processing file /Users/parth/Desktop/Engine/venv/lib/python3.11/site-packages/airflow/example_dags/tutorial_objectstorage.py for tasks to queue
[2025-07-17T00:18:17.320+0530] {logging_mixin.py:190} INFO - [2025-07-17T00:18:17.319+0530] {dagbag.py:588} INFO - Filling up the DagBag from /Users/parth/Desktop/Engine/venv/lib/python3.11/site-packages/airflow/example_dags/tutorial_objectstorage.py
[2025-07-17T00:18:17.352+0530] {processor.py:925} INFO - DAG(s) 'tutorial_objectstorage' retrieved from /Users/parth/Desktop/Engine/venv/lib/python3.11/site-packages/airflow/example_dags/tutorial_objectstorage.py
[2025-07-17T00:18:17.422+0530] {logging_mixin.py:190} INFO - [2025-07-17T00:18:17.422+0530] {dag.py:3239} INFO - Sync 1 DAGs
[2025-07-17T00:18:17.430+0530] {logging_mixin.py:190} INFO - [2025-07-17T00:18:17.429+0530] {dag.py:4180} INFO - Setting next_dagrun for tutorial_objectstorage to None, run_after=None
[2025-07-17T00:18:17.442+0530] {processor.py:208} INFO - Processing /Users/parth/Desktop/Engine/venv/lib/python3.11/site-packages/airflow/example_dags/tutorial_objectstorage.py took 0.128 seconds
[2025-07-17T00:21:19.960+0530] {processor.py:186} INFO - Started process (PID=11635) to work on /Users/parth/Desktop/Engine/venv/lib/python3.11/site-packages/airflow/example_dags/tutorial_objectstorage.py
[2025-07-17T00:21:19.961+0530] {processor.py:914} INFO - Processing file /Users/parth/Desktop/Engine/venv/lib/python3.11/site-packages/airflow/example_dags/tutorial_objectstorage.py for tasks to queue
[2025-07-17T00:21:19.962+0530] {logging_mixin.py:190} INFO - [2025-07-17T00:21:19.962+0530] {dagbag.py:588} INFO - Filling up the DagBag from /Users/parth/Desktop/Engine/venv/lib/python3.11/site-packages/airflow/example_dags/tutorial_objectstorage.py
[2025-07-17T00:21:19.991+0530] {processor.py:925} INFO - DAG(s) 'tutorial_objectstorage' retrieved from /Users/parth/Desktop/Engine/venv/lib/python3.11/site-packages/airflow/example_dags/tutorial_objectstorage.py
[2025-07-17T00:21:20.058+0530] {logging_mixin.py:190} INFO - [2025-07-17T00:21:20.058+0530] {dag.py:3239} INFO - Sync 1 DAGs
[2025-07-17T00:21:20.066+0530] {logging_mixin.py:190} INFO - [2025-07-17T00:21:20.065+0530] {dag.py:4180} INFO - Setting next_dagrun for tutorial_objectstorage to None, run_after=None
[2025-07-17T00:21:20.078+0530] {processor.py:208} INFO - Processing /Users/parth/Desktop/Engine/venv/lib/python3.11/site-packages/airflow/example_dags/tutorial_objectstorage.py took 0.120 seconds
[2025-07-17T00:23:38.009+0530] {processor.py:186} INFO - Started process (PID=12650) to work on /Users/parth/Desktop/Engine/venv/lib/python3.11/site-packages/airflow/example_dags/tutorial_objectstorage.py
[2025-07-17T00:23:38.009+0530] {processor.py:914} INFO - Processing file /Users/parth/Desktop/Engine/venv/lib/python3.11/site-packages/airflow/example_dags/tutorial_objectstorage.py for tasks to queue
[2025-07-17T00:23:38.010+0530] {logging_mixin.py:190} INFO - [2025-07-17T00:23:38.010+0530] {dagbag.py:588} INFO - Filling up the DagBag from /Users/parth/Desktop/Engine/venv/lib/python3.11/site-packages/airflow/example_dags/tutorial_objectstorage.py
[2025-07-17T00:23:38.035+0530] {processor.py:925} INFO - DAG(s) 'tutorial_objectstorage' retrieved from /Users/parth/Desktop/Engine/venv/lib/python3.11/site-packages/airflow/example_dags/tutorial_objectstorage.py
[2025-07-17T00:23:38.094+0530] {logging_mixin.py:190} INFO - [2025-07-17T00:23:38.094+0530] {dag.py:3239} INFO - Sync 1 DAGs
[2025-07-17T00:23:38.100+0530] {logging_mixin.py:190} INFO - [2025-07-17T00:23:38.100+0530] {dag.py:4180} INFO - Setting next_dagrun for tutorial_objectstorage to None, run_after=None
[2025-07-17T00:23:38.112+0530] {processor.py:208} INFO - Processing /Users/parth/Desktop/Engine/venv/lib/python3.11/site-packages/airflow/example_dags/tutorial_objectstorage.py took 0.106 seconds
[2025-07-17T00:25:36.826+0530] {processor.py:186} INFO - Started process (PID=13477) to work on /Users/parth/Desktop/Engine/venv/lib/python3.11/site-packages/airflow/example_dags/tutorial_objectstorage.py
[2025-07-17T00:25:36.827+0530] {processor.py:914} INFO - Processing file /Users/parth/Desktop/Engine/venv/lib/python3.11/site-packages/airflow/example_dags/tutorial_objectstorage.py for tasks to queue
[2025-07-17T00:25:36.828+0530] {logging_mixin.py:190} INFO - [2025-07-17T00:25:36.828+0530] {dagbag.py:588} INFO - Filling up the DagBag from /Users/parth/Desktop/Engine/venv/lib/python3.11/site-packages/airflow/example_dags/tutorial_objectstorage.py
[2025-07-17T00:25:36.852+0530] {processor.py:925} INFO - DAG(s) 'tutorial_objectstorage' retrieved from /Users/parth/Desktop/Engine/venv/lib/python3.11/site-packages/airflow/example_dags/tutorial_objectstorage.py
[2025-07-17T00:25:36.910+0530] {logging_mixin.py:190} INFO - [2025-07-17T00:25:36.910+0530] {dag.py:3239} INFO - Sync 1 DAGs
[2025-07-17T00:25:36.916+0530] {logging_mixin.py:190} INFO - [2025-07-17T00:25:36.916+0530] {dag.py:4180} INFO - Setting next_dagrun for tutorial_objectstorage to None, run_after=None
[2025-07-17T00:25:36.928+0530] {processor.py:208} INFO - Processing /Users/parth/Desktop/Engine/venv/lib/python3.11/site-packages/airflow/example_dags/tutorial_objectstorage.py took 0.104 seconds
[2025-07-17T00:27:36.288+0530] {processor.py:186} INFO - Started process (PID=14277) to work on /Users/parth/Desktop/Engine/venv/lib/python3.11/site-packages/airflow/example_dags/tutorial_objectstorage.py
[2025-07-17T00:27:36.289+0530] {processor.py:914} INFO - Processing file /Users/parth/Desktop/Engine/venv/lib/python3.11/site-packages/airflow/example_dags/tutorial_objectstorage.py for tasks to queue
[2025-07-17T00:27:36.290+0530] {logging_mixin.py:190} INFO - [2025-07-17T00:27:36.289+0530] {dagbag.py:588} INFO - Filling up the DagBag from /Users/parth/Desktop/Engine/venv/lib/python3.11/site-packages/airflow/example_dags/tutorial_objectstorage.py
[2025-07-17T00:27:36.316+0530] {processor.py:925} INFO - DAG(s) 'tutorial_objectstorage' retrieved from /Users/parth/Desktop/Engine/venv/lib/python3.11/site-packages/airflow/example_dags/tutorial_objectstorage.py
[2025-07-17T00:27:36.377+0530] {logging_mixin.py:190} INFO - [2025-07-17T00:27:36.377+0530] {dag.py:3239} INFO - Sync 1 DAGs
[2025-07-17T00:27:36.383+0530] {logging_mixin.py:190} INFO - [2025-07-17T00:27:36.383+0530] {dag.py:4180} INFO - Setting next_dagrun for tutorial_objectstorage to None, run_after=None
[2025-07-17T00:27:36.394+0530] {processor.py:208} INFO - Processing /Users/parth/Desktop/Engine/venv/lib/python3.11/site-packages/airflow/example_dags/tutorial_objectstorage.py took 0.109 seconds
[2025-07-17T00:29:39.411+0530] {processor.py:186} INFO - Started process (PID=15074) to work on /Users/parth/Desktop/Engine/venv/lib/python3.11/site-packages/airflow/example_dags/tutorial_objectstorage.py
[2025-07-17T00:29:39.411+0530] {processor.py:914} INFO - Processing file /Users/parth/Desktop/Engine/venv/lib/python3.11/site-packages/airflow/example_dags/tutorial_objectstorage.py for tasks to queue
[2025-07-17T00:29:39.412+0530] {logging_mixin.py:190} INFO - [2025-07-17T00:29:39.412+0530] {dagbag.py:588} INFO - Filling up the DagBag from /Users/parth/Desktop/Engine/venv/lib/python3.11/site-packages/airflow/example_dags/tutorial_objectstorage.py
[2025-07-17T00:29:39.437+0530] {processor.py:925} INFO - DAG(s) 'tutorial_objectstorage' retrieved from /Users/parth/Desktop/Engine/venv/lib/python3.11/site-packages/airflow/example_dags/tutorial_objectstorage.py
[2025-07-17T00:29:39.496+0530] {logging_mixin.py:190} INFO - [2025-07-17T00:29:39.496+0530] {dag.py:3239} INFO - Sync 1 DAGs
[2025-07-17T00:29:39.503+0530] {logging_mixin.py:190} INFO - [2025-07-17T00:29:39.502+0530] {dag.py:4180} INFO - Setting next_dagrun for tutorial_objectstorage to None, run_after=None
[2025-07-17T00:29:39.514+0530] {processor.py:208} INFO - Processing /Users/parth/Desktop/Engine/venv/lib/python3.11/site-packages/airflow/example_dags/tutorial_objectstorage.py took 0.106 seconds
[2025-07-17T00:31:34.790+0530] {processor.py:186} INFO - Started process (PID=15847) to work on /Users/parth/Desktop/Engine/venv/lib/python3.11/site-packages/airflow/example_dags/tutorial_objectstorage.py
[2025-07-17T00:31:34.791+0530] {processor.py:914} INFO - Processing file /Users/parth/Desktop/Engine/venv/lib/python3.11/site-packages/airflow/example_dags/tutorial_objectstorage.py for tasks to queue
[2025-07-17T00:31:34.792+0530] {logging_mixin.py:190} INFO - [2025-07-17T00:31:34.792+0530] {dagbag.py:588} INFO - Filling up the DagBag from /Users/parth/Desktop/Engine/venv/lib/python3.11/site-packages/airflow/example_dags/tutorial_objectstorage.py
[2025-07-17T00:31:34.817+0530] {processor.py:925} INFO - DAG(s) 'tutorial_objectstorage' retrieved from /Users/parth/Desktop/Engine/venv/lib/python3.11/site-packages/airflow/example_dags/tutorial_objectstorage.py
[2025-07-17T00:31:34.876+0530] {logging_mixin.py:190} INFO - [2025-07-17T00:31:34.876+0530] {dag.py:3239} INFO - Sync 1 DAGs
[2025-07-17T00:31:34.882+0530] {logging_mixin.py:190} INFO - [2025-07-17T00:31:34.882+0530] {dag.py:4180} INFO - Setting next_dagrun for tutorial_objectstorage to None, run_after=None
[2025-07-17T00:31:34.893+0530] {processor.py:208} INFO - Processing /Users/parth/Desktop/Engine/venv/lib/python3.11/site-packages/airflow/example_dags/tutorial_objectstorage.py took 0.105 seconds
[2025-07-17T00:33:24.771+0530] {processor.py:186} INFO - Started process (PID=16565) to work on /Users/parth/Desktop/Engine/venv/lib/python3.11/site-packages/airflow/example_dags/tutorial_objectstorage.py
[2025-07-17T00:33:24.772+0530] {processor.py:914} INFO - Processing file /Users/parth/Desktop/Engine/venv/lib/python3.11/site-packages/airflow/example_dags/tutorial_objectstorage.py for tasks to queue
[2025-07-17T00:33:24.773+0530] {logging_mixin.py:190} INFO - [2025-07-17T00:33:24.773+0530] {dagbag.py:588} INFO - Filling up the DagBag from /Users/parth/Desktop/Engine/venv/lib/python3.11/site-packages/airflow/example_dags/tutorial_objectstorage.py
[2025-07-17T00:33:24.801+0530] {processor.py:925} INFO - DAG(s) 'tutorial_objectstorage' retrieved from /Users/parth/Desktop/Engine/venv/lib/python3.11/site-packages/airflow/example_dags/tutorial_objectstorage.py
[2025-07-17T00:33:24.861+0530] {logging_mixin.py:190} INFO - [2025-07-17T00:33:24.861+0530] {dag.py:3239} INFO - Sync 1 DAGs
[2025-07-17T00:33:24.868+0530] {logging_mixin.py:190} INFO - [2025-07-17T00:33:24.867+0530] {dag.py:4180} INFO - Setting next_dagrun for tutorial_objectstorage to None, run_after=None
[2025-07-17T00:33:24.880+0530] {processor.py:208} INFO - Processing /Users/parth/Desktop/Engine/venv/lib/python3.11/site-packages/airflow/example_dags/tutorial_objectstorage.py took 0.112 seconds
[2025-07-17T00:35:28.674+0530] {processor.py:186} INFO - Started process (PID=17372) to work on /Users/parth/Desktop/Engine/venv/lib/python3.11/site-packages/airflow/example_dags/tutorial_objectstorage.py
[2025-07-17T00:35:28.675+0530] {processor.py:914} INFO - Processing file /Users/parth/Desktop/Engine/venv/lib/python3.11/site-packages/airflow/example_dags/tutorial_objectstorage.py for tasks to queue
[2025-07-17T00:35:28.676+0530] {logging_mixin.py:190} INFO - [2025-07-17T00:35:28.676+0530] {dagbag.py:588} INFO - Filling up the DagBag from /Users/parth/Desktop/Engine/venv/lib/python3.11/site-packages/airflow/example_dags/tutorial_objectstorage.py
[2025-07-17T00:35:28.716+0530] {processor.py:925} INFO - DAG(s) 'tutorial_objectstorage' retrieved from /Users/parth/Desktop/Engine/venv/lib/python3.11/site-packages/airflow/example_dags/tutorial_objectstorage.py
[2025-07-17T00:35:28.798+0530] {logging_mixin.py:190} INFO - [2025-07-17T00:35:28.798+0530] {dag.py:3239} INFO - Sync 1 DAGs
[2025-07-17T00:35:28.806+0530] {logging_mixin.py:190} INFO - [2025-07-17T00:35:28.806+0530] {dag.py:4180} INFO - Setting next_dagrun for tutorial_objectstorage to None, run_after=None
[2025-07-17T00:35:28.820+0530] {processor.py:208} INFO - Processing /Users/parth/Desktop/Engine/venv/lib/python3.11/site-packages/airflow/example_dags/tutorial_objectstorage.py took 0.151 seconds
[2025-07-17T00:37:27.682+0530] {processor.py:186} INFO - Started process (PID=18134) to work on /Users/parth/Desktop/Engine/venv/lib/python3.11/site-packages/airflow/example_dags/tutorial_objectstorage.py
[2025-07-17T00:37:27.682+0530] {processor.py:914} INFO - Processing file /Users/parth/Desktop/Engine/venv/lib/python3.11/site-packages/airflow/example_dags/tutorial_objectstorage.py for tasks to queue
[2025-07-17T00:37:27.683+0530] {logging_mixin.py:190} INFO - [2025-07-17T00:37:27.683+0530] {dagbag.py:588} INFO - Filling up the DagBag from /Users/parth/Desktop/Engine/venv/lib/python3.11/site-packages/airflow/example_dags/tutorial_objectstorage.py
[2025-07-17T00:37:27.709+0530] {processor.py:925} INFO - DAG(s) 'tutorial_objectstorage' retrieved from /Users/parth/Desktop/Engine/venv/lib/python3.11/site-packages/airflow/example_dags/tutorial_objectstorage.py
[2025-07-17T00:37:27.768+0530] {logging_mixin.py:190} INFO - [2025-07-17T00:37:27.768+0530] {dag.py:3239} INFO - Sync 1 DAGs
[2025-07-17T00:37:27.775+0530] {logging_mixin.py:190} INFO - [2025-07-17T00:37:27.775+0530] {dag.py:4180} INFO - Setting next_dagrun for tutorial_objectstorage to None, run_after=None
[2025-07-17T00:37:27.786+0530] {processor.py:208} INFO - Processing /Users/parth/Desktop/Engine/venv/lib/python3.11/site-packages/airflow/example_dags/tutorial_objectstorage.py took 0.107 seconds
[2025-07-17T00:39:34.941+0530] {processor.py:186} INFO - Started process (PID=18965) to work on /Users/parth/Desktop/Engine/venv/lib/python3.11/site-packages/airflow/example_dags/tutorial_objectstorage.py
[2025-07-17T00:39:34.941+0530] {processor.py:914} INFO - Processing file /Users/parth/Desktop/Engine/venv/lib/python3.11/site-packages/airflow/example_dags/tutorial_objectstorage.py for tasks to queue
[2025-07-17T00:39:34.942+0530] {logging_mixin.py:190} INFO - [2025-07-17T00:39:34.942+0530] {dagbag.py:588} INFO - Filling up the DagBag from /Users/parth/Desktop/Engine/venv/lib/python3.11/site-packages/airflow/example_dags/tutorial_objectstorage.py
[2025-07-17T00:39:34.967+0530] {processor.py:925} INFO - DAG(s) 'tutorial_objectstorage' retrieved from /Users/parth/Desktop/Engine/venv/lib/python3.11/site-packages/airflow/example_dags/tutorial_objectstorage.py
[2025-07-17T00:39:35.025+0530] {logging_mixin.py:190} INFO - [2025-07-17T00:39:35.025+0530] {dag.py:3239} INFO - Sync 1 DAGs
[2025-07-17T00:39:35.031+0530] {logging_mixin.py:190} INFO - [2025-07-17T00:39:35.031+0530] {dag.py:4180} INFO - Setting next_dagrun for tutorial_objectstorage to None, run_after=None
[2025-07-17T00:39:35.043+0530] {processor.py:208} INFO - Processing /Users/parth/Desktop/Engine/venv/lib/python3.11/site-packages/airflow/example_dags/tutorial_objectstorage.py took 0.105 seconds
[2025-07-17T00:41:59.582+0530] {processor.py:186} INFO - Started process (PID=19978) to work on /Users/parth/Desktop/Engine/venv/lib/python3.11/site-packages/airflow/example_dags/tutorial_objectstorage.py
[2025-07-17T00:41:59.583+0530] {processor.py:914} INFO - Processing file /Users/parth/Desktop/Engine/venv/lib/python3.11/site-packages/airflow/example_dags/tutorial_objectstorage.py for tasks to queue
[2025-07-17T00:41:59.583+0530] {logging_mixin.py:190} INFO - [2025-07-17T00:41:59.583+0530] {dagbag.py:588} INFO - Filling up the DagBag from /Users/parth/Desktop/Engine/venv/lib/python3.11/site-packages/airflow/example_dags/tutorial_objectstorage.py
[2025-07-17T00:41:59.610+0530] {processor.py:925} INFO - DAG(s) 'tutorial_objectstorage' retrieved from /Users/parth/Desktop/Engine/venv/lib/python3.11/site-packages/airflow/example_dags/tutorial_objectstorage.py
[2025-07-17T00:41:59.674+0530] {logging_mixin.py:190} INFO - [2025-07-17T00:41:59.674+0530] {dag.py:3239} INFO - Sync 1 DAGs
[2025-07-17T00:41:59.681+0530] {logging_mixin.py:190} INFO - [2025-07-17T00:41:59.681+0530] {dag.py:4180} INFO - Setting next_dagrun for tutorial_objectstorage to None, run_after=None
[2025-07-17T00:41:59.692+0530] {processor.py:208} INFO - Processing /Users/parth/Desktop/Engine/venv/lib/python3.11/site-packages/airflow/example_dags/tutorial_objectstorage.py took 0.113 seconds
[2025-07-17T00:44:07.709+0530] {processor.py:186} INFO - Started process (PID=20812) to work on /Users/parth/Desktop/Engine/venv/lib/python3.11/site-packages/airflow/example_dags/tutorial_objectstorage.py
[2025-07-17T00:44:07.710+0530] {processor.py:914} INFO - Processing file /Users/parth/Desktop/Engine/venv/lib/python3.11/site-packages/airflow/example_dags/tutorial_objectstorage.py for tasks to queue
[2025-07-17T00:44:07.711+0530] {logging_mixin.py:190} INFO - [2025-07-17T00:44:07.711+0530] {dagbag.py:588} INFO - Filling up the DagBag from /Users/parth/Desktop/Engine/venv/lib/python3.11/site-packages/airflow/example_dags/tutorial_objectstorage.py
[2025-07-17T00:44:07.737+0530] {processor.py:925} INFO - DAG(s) 'tutorial_objectstorage' retrieved from /Users/parth/Desktop/Engine/venv/lib/python3.11/site-packages/airflow/example_dags/tutorial_objectstorage.py
[2025-07-17T00:44:07.797+0530] {logging_mixin.py:190} INFO - [2025-07-17T00:44:07.797+0530] {dag.py:3239} INFO - Sync 1 DAGs
[2025-07-17T00:44:07.803+0530] {logging_mixin.py:190} INFO - [2025-07-17T00:44:07.803+0530] {dag.py:4180} INFO - Setting next_dagrun for tutorial_objectstorage to None, run_after=None
[2025-07-17T00:44:07.815+0530] {processor.py:208} INFO - Processing /Users/parth/Desktop/Engine/venv/lib/python3.11/site-packages/airflow/example_dags/tutorial_objectstorage.py took 0.109 seconds
[2025-07-17T00:46:08.664+0530] {processor.py:186} INFO - Started process (PID=21593) to work on /Users/parth/Desktop/Engine/venv/lib/python3.11/site-packages/airflow/example_dags/tutorial_objectstorage.py
[2025-07-17T00:46:08.665+0530] {processor.py:914} INFO - Processing file /Users/parth/Desktop/Engine/venv/lib/python3.11/site-packages/airflow/example_dags/tutorial_objectstorage.py for tasks to queue
[2025-07-17T00:46:08.666+0530] {logging_mixin.py:190} INFO - [2025-07-17T00:46:08.666+0530] {dagbag.py:588} INFO - Filling up the DagBag from /Users/parth/Desktop/Engine/venv/lib/python3.11/site-packages/airflow/example_dags/tutorial_objectstorage.py
[2025-07-17T00:46:08.691+0530] {processor.py:925} INFO - DAG(s) 'tutorial_objectstorage' retrieved from /Users/parth/Desktop/Engine/venv/lib/python3.11/site-packages/airflow/example_dags/tutorial_objectstorage.py
[2025-07-17T00:46:08.750+0530] {logging_mixin.py:190} INFO - [2025-07-17T00:46:08.750+0530] {dag.py:3239} INFO - Sync 1 DAGs
[2025-07-17T00:46:08.756+0530] {logging_mixin.py:190} INFO - [2025-07-17T00:46:08.756+0530] {dag.py:4180} INFO - Setting next_dagrun for tutorial_objectstorage to None, run_after=None
[2025-07-17T00:46:08.767+0530] {processor.py:208} INFO - Processing /Users/parth/Desktop/Engine/venv/lib/python3.11/site-packages/airflow/example_dags/tutorial_objectstorage.py took 0.105 seconds
[2025-07-17T00:48:07.525+0530] {processor.py:186} INFO - Started process (PID=22358) to work on /Users/parth/Desktop/Engine/venv/lib/python3.11/site-packages/airflow/example_dags/tutorial_objectstorage.py
[2025-07-17T00:48:07.527+0530] {processor.py:914} INFO - Processing file /Users/parth/Desktop/Engine/venv/lib/python3.11/site-packages/airflow/example_dags/tutorial_objectstorage.py for tasks to queue
[2025-07-17T00:48:07.527+0530] {logging_mixin.py:190} INFO - [2025-07-17T00:48:07.527+0530] {dagbag.py:588} INFO - Filling up the DagBag from /Users/parth/Desktop/Engine/venv/lib/python3.11/site-packages/airflow/example_dags/tutorial_objectstorage.py
[2025-07-17T00:48:07.552+0530] {processor.py:925} INFO - DAG(s) 'tutorial_objectstorage' retrieved from /Users/parth/Desktop/Engine/venv/lib/python3.11/site-packages/airflow/example_dags/tutorial_objectstorage.py
[2025-07-17T00:48:07.611+0530] {logging_mixin.py:190} INFO - [2025-07-17T00:48:07.611+0530] {dag.py:3239} INFO - Sync 1 DAGs
[2025-07-17T00:48:07.617+0530] {logging_mixin.py:190} INFO - [2025-07-17T00:48:07.617+0530] {dag.py:4180} INFO - Setting next_dagrun for tutorial_objectstorage to None, run_after=None
[2025-07-17T00:48:07.628+0530] {processor.py:208} INFO - Processing /Users/parth/Desktop/Engine/venv/lib/python3.11/site-packages/airflow/example_dags/tutorial_objectstorage.py took 0.105 seconds
