[2025-07-23T09:27:37.741+0000] {local_task_job_runner.py:123} INFO - ::group::Pre task execution logs
[2025-07-23T09:27:37.789+0000] {taskinstance.py:2631} INFO - Dependencies all met for dep_context=non-requeueable deps ti=<TaskInstance: startup_health_score_full_pipeline.extract_raw_text_from_document streamlit_trigger_ConnectIn_-_Monthly_Investor_Update__June_2025.pdf_20250723092731 [queued]>
[2025-07-23T09:27:37.809+0000] {taskinstance.py:2631} INFO - Dependencies all met for dep_context=requeueable deps ti=<TaskInstance: startup_health_score_full_pipeline.extract_raw_text_from_document streamlit_trigger_ConnectIn_-_Monthly_Investor_Update__June_2025.pdf_20250723092731 [queued]>
[2025-07-23T09:27:37.810+0000] {taskinstance.py:2884} INFO - Starting attempt 1 of 2
[2025-07-23T09:27:37.831+0000] {taskinstance.py:2907} INFO - Executing <Task(PythonOperator): extract_raw_text_from_document> on 2025-07-23 09:27:31.856139+00:00
[2025-07-23T09:27:37.856+0000] {warnings.py:112} WARNING - /home/***/.local/lib/python3.12/site-packages/***/task/task_runner/standard_task_runner.py:70: DeprecationWarning: This process (pid=73) is multi-threaded, use of fork() may lead to deadlocks in the child.
  pid = os.fork()

[2025-07-23T09:27:37.864+0000] {standard_task_runner.py:72} INFO - Started process 75 to run task
[2025-07-23T09:27:37.866+0000] {standard_task_runner.py:104} INFO - Running: ['***', 'tasks', 'run', 'startup_health_score_full_pipeline', 'extract_raw_text_from_document', 'streamlit_trigger_ConnectIn_-_Monthly_Investor_Update__June_2025.pdf_20250723092731', '--job-id', '7', '--raw', '--subdir', 'DAGS_FOLDER/startup_health_score_dag.py', '--cfg-path', '/tmp/tmpj25h1bep']
[2025-07-23T09:27:37.871+0000] {standard_task_runner.py:105} INFO - Job 7: Subtask extract_raw_text_from_document
[2025-07-23T09:27:38.032+0000] {task_command.py:467} INFO - Running <TaskInstance: startup_health_score_full_pipeline.extract_raw_text_from_document streamlit_trigger_ConnectIn_-_Monthly_Investor_Update__June_2025.pdf_20250723092731 [running]> on host 6a22d4b613f1
[2025-07-23T09:27:38.131+0000] {taskinstance.py:3157} INFO - Exporting env vars: AIRFLOW_CTX_DAG_OWNER='***' AIRFLOW_CTX_DAG_ID='startup_health_score_full_pipeline' AIRFLOW_CTX_TASK_ID='extract_raw_text_from_document' AIRFLOW_CTX_EXECUTION_DATE='2025-07-23T09:27:31.856139+00:00' AIRFLOW_CTX_TRY_NUMBER='1' AIRFLOW_CTX_DAG_RUN_ID='streamlit_trigger_ConnectIn_-_Monthly_Investor_Update__June_2025.pdf_20250723092731'
[2025-07-23T09:27:38.133+0000] {taskinstance.py:740} INFO - ::endgroup::
[2025-07-23T09:27:38.170+0000] {log.py:232} WARNING - 2025-07-23 09:27:38,170 - startup_health_score - INFO - Extracting raw text from /opt/***/uploads/ConnectIn - Monthly Investor Update_ June 2025.pdf...
[2025-07-23T09:27:38.170+0000] {startup_health_score_dag.py:93} INFO - Extracting raw text from /opt/***/uploads/ConnectIn - Monthly Investor Update_ June 2025.pdf...
[2025-07-23T09:27:38.225+0000] {log.py:232} WARNING - 2025-07-23 09:27:38,225 - startup_health_score - INFO - Tesseract OCR engine found (version: 5.3.0).
[2025-07-23T09:27:38.225+0000] {kpi_extractor.py:49} INFO - Tesseract OCR engine found (version: 5.3.0).
[2025-07-23T09:27:38.226+0000] {log.py:232} WARNING - 2025-07-23 09:27:38,226 - startup_health_score - INFO - KPIExtractor initialized.
[2025-07-23T09:27:38.226+0000] {kpi_extractor.py:53} INFO - KPIExtractor initialized.
[2025-07-23T09:27:38.226+0000] {log.py:232} WARNING - 2025-07-23 09:27:38,226 - startup_health_score - INFO - Attempting to extract raw text from: /opt/***/uploads/ConnectIn - Monthly Investor Update_ June 2025.pdf (Type: .pdf)
[2025-07-23T09:27:38.226+0000] {kpi_extractor.py:130} INFO - Attempting to extract raw text from: /opt/***/uploads/ConnectIn - Monthly Investor Update_ June 2025.pdf (Type: .pdf)
[2025-07-23T09:27:38.835+0000] {log.py:232} WARNING - 2025-07-23 09:27:38,835 - startup_health_score - INFO - Successfully extracted text directly from PDF: /opt/***/uploads/ConnectIn - Monthly Investor Update_ June 2025.pdf
[2025-07-23T09:27:38.835+0000] {kpi_extractor.py:104} INFO - Successfully extracted text directly from PDF: /opt/***/uploads/ConnectIn - Monthly Investor Update_ June 2025.pdf
[2025-07-23T09:27:38.837+0000] {log.py:232} WARNING - 2025-07-23 09:27:38,837 - startup_health_score - INFO - Successfully extracted raw text from /opt/***/uploads/ConnectIn - Monthly Investor Update_ June 2025.pdf.
[2025-07-23T09:27:38.837+0000] {kpi_extractor.py:155} INFO - Successfully extracted raw text from /opt/***/uploads/ConnectIn - Monthly Investor Update_ June 2025.pdf.
[2025-07-23T09:27:38.838+0000] {log.py:232} WARNING - 2025-07-23 09:27:38,838 - startup_health_score - INFO - Extracted raw text saved to /opt/***/processed_data/ConnectIn - Monthly Investor Update_ June 2025_pdf_extracted_text.txt
[2025-07-23T09:27:38.838+0000] {startup_health_score_dag.py:104} INFO - Extracted raw text saved to /opt/***/processed_data/ConnectIn - Monthly Investor Update_ June 2025_pdf_extracted_text.txt
[2025-07-23T09:27:38.861+0000] {python.py:240} INFO - Done. Returned value was: None
[2025-07-23T09:27:38.874+0000] {taskinstance.py:349} INFO - ::group::Post task execution logs
[2025-07-23T09:27:38.875+0000] {taskinstance.py:361} INFO - Marking task as SUCCESS. dag_id=startup_health_score_full_pipeline, task_id=extract_raw_text_from_document, run_id=streamlit_trigger_ConnectIn_-_Monthly_Investor_Update__June_2025.pdf_20250723092731, execution_date=20250723T092731, start_date=20250723T092737, end_date=20250723T092738
[2025-07-23T09:27:38.933+0000] {local_task_job_runner.py:266} INFO - Task exited with return code 0
[2025-07-23T09:27:38.984+0000] {taskinstance.py:3924} INFO - 1 downstream tasks scheduled from follow-on schedule check
[2025-07-23T09:27:38.986+0000] {local_task_job_runner.py:245} INFO - ::endgroup::
