[2025-07-17T07:17:01.160+0530] {processor.py:186} INFO - Started process (PID=23803) to work on /Users/parth/Desktop/Engine/venv/lib/python3.11/site-packages/airflow/example_dags/example_local_kubernetes_executor.py
[2025-07-17T07:17:01.160+0530] {processor.py:914} INFO - Processing file /Users/parth/Desktop/Engine/venv/lib/python3.11/site-packages/airflow/example_dags/example_local_kubernetes_executor.py for tasks to queue
[2025-07-17T07:17:01.161+0530] {logging_mixin.py:190} INFO - [2025-07-17T07:17:01.161+0530] {dagbag.py:588} INFO - Filling up the DagBag from /Users/parth/Desktop/Engine/venv/lib/python3.11/site-packages/airflow/example_dags/example_local_kubernetes_executor.py
[2025-07-17T07:17:01.188+0530] {processor.py:925} INFO - DAG(s) 'example_local_kubernetes_executor' retrieved from /Users/parth/Desktop/Engine/venv/lib/python3.11/site-packages/airflow/example_dags/example_local_kubernetes_executor.py
[2025-07-17T07:17:01.248+0530] {logging_mixin.py:190} INFO - [2025-07-17T07:17:01.248+0530] {dag.py:3239} INFO - Sync 1 DAGs
[2025-07-17T07:17:01.255+0530] {logging_mixin.py:190} INFO - [2025-07-17T07:17:01.255+0530] {dag.py:4180} INFO - Setting next_dagrun for example_local_kubernetes_executor to None, run_after=None
[2025-07-17T07:17:01.266+0530] {processor.py:208} INFO - Processing /Users/parth/Desktop/Engine/venv/lib/python3.11/site-packages/airflow/example_dags/example_local_kubernetes_executor.py took 0.109 seconds
[2025-07-17T07:25:30.168+0530] {processor.py:186} INFO - Started process (PID=24786) to work on /Users/parth/Desktop/Engine/venv/lib/python3.11/site-packages/airflow/example_dags/example_local_kubernetes_executor.py
[2025-07-17T07:25:30.169+0530] {processor.py:914} INFO - Processing file /Users/parth/Desktop/Engine/venv/lib/python3.11/site-packages/airflow/example_dags/example_local_kubernetes_executor.py for tasks to queue
[2025-07-17T07:25:30.170+0530] {logging_mixin.py:190} INFO - [2025-07-17T07:25:30.170+0530] {dagbag.py:588} INFO - Filling up the DagBag from /Users/parth/Desktop/Engine/venv/lib/python3.11/site-packages/airflow/example_dags/example_local_kubernetes_executor.py
[2025-07-17T07:25:30.196+0530] {processor.py:925} INFO - DAG(s) 'example_local_kubernetes_executor' retrieved from /Users/parth/Desktop/Engine/venv/lib/python3.11/site-packages/airflow/example_dags/example_local_kubernetes_executor.py
[2025-07-17T07:25:30.257+0530] {logging_mixin.py:190} INFO - [2025-07-17T07:25:30.257+0530] {dag.py:3239} INFO - Sync 1 DAGs
[2025-07-17T07:25:30.264+0530] {logging_mixin.py:190} INFO - [2025-07-17T07:25:30.264+0530] {dag.py:4180} INFO - Setting next_dagrun for example_local_kubernetes_executor to None, run_after=None
[2025-07-17T07:25:30.276+0530] {processor.py:208} INFO - Processing /Users/parth/Desktop/Engine/venv/lib/python3.11/site-packages/airflow/example_dags/example_local_kubernetes_executor.py took 0.110 seconds
[2025-07-17T07:29:03.029+0530] {processor.py:186} INFO - Started process (PID=26156) to work on /Users/parth/Desktop/Engine/venv/lib/python3.11/site-packages/airflow/example_dags/example_local_kubernetes_executor.py
[2025-07-17T07:29:03.030+0530] {processor.py:914} INFO - Processing file /Users/parth/Desktop/Engine/venv/lib/python3.11/site-packages/airflow/example_dags/example_local_kubernetes_executor.py for tasks to queue
[2025-07-17T07:29:03.031+0530] {logging_mixin.py:190} INFO - [2025-07-17T07:29:03.031+0530] {dagbag.py:588} INFO - Filling up the DagBag from /Users/parth/Desktop/Engine/venv/lib/python3.11/site-packages/airflow/example_dags/example_local_kubernetes_executor.py
[2025-07-17T07:29:03.056+0530] {processor.py:925} INFO - DAG(s) 'example_local_kubernetes_executor' retrieved from /Users/parth/Desktop/Engine/venv/lib/python3.11/site-packages/airflow/example_dags/example_local_kubernetes_executor.py
[2025-07-17T07:29:03.116+0530] {logging_mixin.py:190} INFO - [2025-07-17T07:29:03.116+0530] {dag.py:3239} INFO - Sync 1 DAGs
[2025-07-17T07:29:03.122+0530] {logging_mixin.py:190} INFO - [2025-07-17T07:29:03.122+0530] {dag.py:4180} INFO - Setting next_dagrun for example_local_kubernetes_executor to None, run_after=None
[2025-07-17T07:29:03.133+0530] {processor.py:208} INFO - Processing /Users/parth/Desktop/Engine/venv/lib/python3.11/site-packages/airflow/example_dags/example_local_kubernetes_executor.py took 0.106 seconds
[2025-07-17T07:32:35.291+0530] {processor.py:186} INFO - Started process (PID=27541) to work on /Users/parth/Desktop/Engine/venv/lib/python3.11/site-packages/airflow/example_dags/example_local_kubernetes_executor.py
[2025-07-17T07:32:35.292+0530] {processor.py:914} INFO - Processing file /Users/parth/Desktop/Engine/venv/lib/python3.11/site-packages/airflow/example_dags/example_local_kubernetes_executor.py for tasks to queue
[2025-07-17T07:32:35.293+0530] {logging_mixin.py:190} INFO - [2025-07-17T07:32:35.292+0530] {dagbag.py:588} INFO - Filling up the DagBag from /Users/parth/Desktop/Engine/venv/lib/python3.11/site-packages/airflow/example_dags/example_local_kubernetes_executor.py
[2025-07-17T07:32:35.318+0530] {processor.py:925} INFO - DAG(s) 'example_local_kubernetes_executor' retrieved from /Users/parth/Desktop/Engine/venv/lib/python3.11/site-packages/airflow/example_dags/example_local_kubernetes_executor.py
[2025-07-17T07:32:35.378+0530] {logging_mixin.py:190} INFO - [2025-07-17T07:32:35.377+0530] {dag.py:3239} INFO - Sync 1 DAGs
[2025-07-17T07:32:35.384+0530] {logging_mixin.py:190} INFO - [2025-07-17T07:32:35.384+0530] {dag.py:4180} INFO - Setting next_dagrun for example_local_kubernetes_executor to None, run_after=None
[2025-07-17T07:32:35.394+0530] {processor.py:208} INFO - Processing /Users/parth/Desktop/Engine/venv/lib/python3.11/site-packages/airflow/example_dags/example_local_kubernetes_executor.py took 0.105 seconds
[2025-07-17T07:36:24.738+0530] {processor.py:186} INFO - Started process (PID=29053) to work on /Users/parth/Desktop/Engine/venv/lib/python3.11/site-packages/airflow/example_dags/example_local_kubernetes_executor.py
[2025-07-17T07:36:24.739+0530] {processor.py:914} INFO - Processing file /Users/parth/Desktop/Engine/venv/lib/python3.11/site-packages/airflow/example_dags/example_local_kubernetes_executor.py for tasks to queue
[2025-07-17T07:36:24.739+0530] {logging_mixin.py:190} INFO - [2025-07-17T07:36:24.739+0530] {dagbag.py:588} INFO - Filling up the DagBag from /Users/parth/Desktop/Engine/venv/lib/python3.11/site-packages/airflow/example_dags/example_local_kubernetes_executor.py
[2025-07-17T07:36:24.765+0530] {processor.py:925} INFO - DAG(s) 'example_local_kubernetes_executor' retrieved from /Users/parth/Desktop/Engine/venv/lib/python3.11/site-packages/airflow/example_dags/example_local_kubernetes_executor.py
[2025-07-17T07:36:24.825+0530] {logging_mixin.py:190} INFO - [2025-07-17T07:36:24.825+0530] {dag.py:3239} INFO - Sync 1 DAGs
[2025-07-17T07:36:24.831+0530] {logging_mixin.py:190} INFO - [2025-07-17T07:36:24.831+0530] {dag.py:4180} INFO - Setting next_dagrun for example_local_kubernetes_executor to None, run_after=None
[2025-07-17T07:36:24.842+0530] {processor.py:208} INFO - Processing /Users/parth/Desktop/Engine/venv/lib/python3.11/site-packages/airflow/example_dags/example_local_kubernetes_executor.py took 0.106 seconds
[2025-07-17T07:40:01.592+0530] {processor.py:186} INFO - Started process (PID=30464) to work on /Users/parth/Desktop/Engine/venv/lib/python3.11/site-packages/airflow/example_dags/example_local_kubernetes_executor.py
[2025-07-17T07:40:01.593+0530] {processor.py:914} INFO - Processing file /Users/parth/Desktop/Engine/venv/lib/python3.11/site-packages/airflow/example_dags/example_local_kubernetes_executor.py for tasks to queue
[2025-07-17T07:40:01.593+0530] {logging_mixin.py:190} INFO - [2025-07-17T07:40:01.593+0530] {dagbag.py:588} INFO - Filling up the DagBag from /Users/parth/Desktop/Engine/venv/lib/python3.11/site-packages/airflow/example_dags/example_local_kubernetes_executor.py
[2025-07-17T07:40:01.619+0530] {processor.py:925} INFO - DAG(s) 'example_local_kubernetes_executor' retrieved from /Users/parth/Desktop/Engine/venv/lib/python3.11/site-packages/airflow/example_dags/example_local_kubernetes_executor.py
[2025-07-17T07:40:01.679+0530] {logging_mixin.py:190} INFO - [2025-07-17T07:40:01.678+0530] {dag.py:3239} INFO - Sync 1 DAGs
[2025-07-17T07:40:01.685+0530] {logging_mixin.py:190} INFO - [2025-07-17T07:40:01.685+0530] {dag.py:4180} INFO - Setting next_dagrun for example_local_kubernetes_executor to None, run_after=None
[2025-07-17T07:40:01.696+0530] {processor.py:208} INFO - Processing /Users/parth/Desktop/Engine/venv/lib/python3.11/site-packages/airflow/example_dags/example_local_kubernetes_executor.py took 0.106 seconds
[2025-07-17T07:44:18.521+0530] {processor.py:186} INFO - Started process (PID=32231) to work on /Users/parth/Desktop/Engine/venv/lib/python3.11/site-packages/airflow/example_dags/example_local_kubernetes_executor.py
[2025-07-17T07:44:18.523+0530] {processor.py:914} INFO - Processing file /Users/parth/Desktop/Engine/venv/lib/python3.11/site-packages/airflow/example_dags/example_local_kubernetes_executor.py for tasks to queue
[2025-07-17T07:44:18.524+0530] {logging_mixin.py:190} INFO - [2025-07-17T07:44:18.524+0530] {dagbag.py:588} INFO - Filling up the DagBag from /Users/parth/Desktop/Engine/venv/lib/python3.11/site-packages/airflow/example_dags/example_local_kubernetes_executor.py
[2025-07-17T07:44:18.594+0530] {processor.py:925} INFO - DAG(s) 'example_local_kubernetes_executor' retrieved from /Users/parth/Desktop/Engine/venv/lib/python3.11/site-packages/airflow/example_dags/example_local_kubernetes_executor.py
[2025-07-17T07:44:18.836+0530] {logging_mixin.py:190} INFO - [2025-07-17T07:44:18.835+0530] {dag.py:3239} INFO - Sync 1 DAGs
[2025-07-17T07:44:18.863+0530] {logging_mixin.py:190} INFO - [2025-07-17T07:44:18.863+0530] {dag.py:4180} INFO - Setting next_dagrun for example_local_kubernetes_executor to None, run_after=None
[2025-07-17T07:44:18.915+0530] {processor.py:208} INFO - Processing /Users/parth/Desktop/Engine/venv/lib/python3.11/site-packages/airflow/example_dags/example_local_kubernetes_executor.py took 0.399 seconds
[2025-07-17T07:47:06.920+0530] {processor.py:186} INFO - Started process (PID=33435) to work on /Users/parth/Desktop/Engine/venv/lib/python3.11/site-packages/airflow/example_dags/example_local_kubernetes_executor.py
[2025-07-17T07:47:06.921+0530] {processor.py:914} INFO - Processing file /Users/parth/Desktop/Engine/venv/lib/python3.11/site-packages/airflow/example_dags/example_local_kubernetes_executor.py for tasks to queue
[2025-07-17T07:47:06.921+0530] {logging_mixin.py:190} INFO - [2025-07-17T07:47:06.921+0530] {dagbag.py:588} INFO - Filling up the DagBag from /Users/parth/Desktop/Engine/venv/lib/python3.11/site-packages/airflow/example_dags/example_local_kubernetes_executor.py
[2025-07-17T07:47:06.947+0530] {processor.py:925} INFO - DAG(s) 'example_local_kubernetes_executor' retrieved from /Users/parth/Desktop/Engine/venv/lib/python3.11/site-packages/airflow/example_dags/example_local_kubernetes_executor.py
[2025-07-17T07:47:07.006+0530] {logging_mixin.py:190} INFO - [2025-07-17T07:47:07.006+0530] {dag.py:3239} INFO - Sync 1 DAGs
[2025-07-17T07:47:07.013+0530] {logging_mixin.py:190} INFO - [2025-07-17T07:47:07.013+0530] {dag.py:4180} INFO - Setting next_dagrun for example_local_kubernetes_executor to None, run_after=None
[2025-07-17T07:47:07.023+0530] {processor.py:208} INFO - Processing /Users/parth/Desktop/Engine/venv/lib/python3.11/site-packages/airflow/example_dags/example_local_kubernetes_executor.py took 0.106 seconds
[2025-07-17T07:49:27.307+0530] {processor.py:186} INFO - Started process (PID=34352) to work on /Users/parth/Desktop/Engine/venv/lib/python3.11/site-packages/airflow/example_dags/example_local_kubernetes_executor.py
[2025-07-17T07:49:27.308+0530] {processor.py:914} INFO - Processing file /Users/parth/Desktop/Engine/venv/lib/python3.11/site-packages/airflow/example_dags/example_local_kubernetes_executor.py for tasks to queue
[2025-07-17T07:49:27.309+0530] {logging_mixin.py:190} INFO - [2025-07-17T07:49:27.309+0530] {dagbag.py:588} INFO - Filling up the DagBag from /Users/parth/Desktop/Engine/venv/lib/python3.11/site-packages/airflow/example_dags/example_local_kubernetes_executor.py
[2025-07-17T07:49:27.359+0530] {processor.py:925} INFO - DAG(s) 'example_local_kubernetes_executor' retrieved from /Users/parth/Desktop/Engine/venv/lib/python3.11/site-packages/airflow/example_dags/example_local_kubernetes_executor.py
[2025-07-17T07:49:27.547+0530] {logging_mixin.py:190} INFO - [2025-07-17T07:49:27.546+0530] {dag.py:3239} INFO - Sync 1 DAGs
[2025-07-17T07:49:27.567+0530] {logging_mixin.py:190} INFO - [2025-07-17T07:49:27.561+0530] {dag.py:4180} INFO - Setting next_dagrun for example_local_kubernetes_executor to None, run_after=None
[2025-07-17T07:49:27.594+0530] {processor.py:208} INFO - Processing /Users/parth/Desktop/Engine/venv/lib/python3.11/site-packages/airflow/example_dags/example_local_kubernetes_executor.py took 0.292 seconds
[2025-07-17T07:54:34.198+0530] {processor.py:186} INFO - Started process (PID=36500) to work on /Users/parth/Desktop/Engine/venv/lib/python3.11/site-packages/airflow/example_dags/example_local_kubernetes_executor.py
[2025-07-17T07:54:34.199+0530] {processor.py:914} INFO - Processing file /Users/parth/Desktop/Engine/venv/lib/python3.11/site-packages/airflow/example_dags/example_local_kubernetes_executor.py for tasks to queue
[2025-07-17T07:54:34.200+0530] {logging_mixin.py:190} INFO - [2025-07-17T07:54:34.200+0530] {dagbag.py:588} INFO - Filling up the DagBag from /Users/parth/Desktop/Engine/venv/lib/python3.11/site-packages/airflow/example_dags/example_local_kubernetes_executor.py
[2025-07-17T07:54:34.226+0530] {processor.py:925} INFO - DAG(s) 'example_local_kubernetes_executor' retrieved from /Users/parth/Desktop/Engine/venv/lib/python3.11/site-packages/airflow/example_dags/example_local_kubernetes_executor.py
[2025-07-17T07:54:34.284+0530] {logging_mixin.py:190} INFO - [2025-07-17T07:54:34.284+0530] {dag.py:3239} INFO - Sync 1 DAGs
[2025-07-17T07:54:34.291+0530] {logging_mixin.py:190} INFO - [2025-07-17T07:54:34.291+0530] {dag.py:4180} INFO - Setting next_dagrun for example_local_kubernetes_executor to None, run_after=None
[2025-07-17T07:54:34.302+0530] {processor.py:208} INFO - Processing /Users/parth/Desktop/Engine/venv/lib/python3.11/site-packages/airflow/example_dags/example_local_kubernetes_executor.py took 0.106 seconds
[2025-07-17T07:56:59.575+0530] {processor.py:186} INFO - Started process (PID=37515) to work on /Users/parth/Desktop/Engine/venv/lib/python3.11/site-packages/airflow/example_dags/example_local_kubernetes_executor.py
[2025-07-17T07:56:59.576+0530] {processor.py:914} INFO - Processing file /Users/parth/Desktop/Engine/venv/lib/python3.11/site-packages/airflow/example_dags/example_local_kubernetes_executor.py for tasks to queue
[2025-07-17T07:56:59.576+0530] {logging_mixin.py:190} INFO - [2025-07-17T07:56:59.576+0530] {dagbag.py:588} INFO - Filling up the DagBag from /Users/parth/Desktop/Engine/venv/lib/python3.11/site-packages/airflow/example_dags/example_local_kubernetes_executor.py
[2025-07-17T07:56:59.602+0530] {processor.py:925} INFO - DAG(s) 'example_local_kubernetes_executor' retrieved from /Users/parth/Desktop/Engine/venv/lib/python3.11/site-packages/airflow/example_dags/example_local_kubernetes_executor.py
[2025-07-17T07:56:59.663+0530] {logging_mixin.py:190} INFO - [2025-07-17T07:56:59.662+0530] {dag.py:3239} INFO - Sync 1 DAGs
[2025-07-17T07:56:59.669+0530] {logging_mixin.py:190} INFO - [2025-07-17T07:56:59.669+0530] {dag.py:4180} INFO - Setting next_dagrun for example_local_kubernetes_executor to None, run_after=None
[2025-07-17T07:56:59.680+0530] {processor.py:208} INFO - Processing /Users/parth/Desktop/Engine/venv/lib/python3.11/site-packages/airflow/example_dags/example_local_kubernetes_executor.py took 0.107 seconds
[2025-07-17T08:01:07.579+0530] {processor.py:186} INFO - Started process (PID=39132) to work on /Users/parth/Desktop/Engine/venv/lib/python3.11/site-packages/airflow/example_dags/example_local_kubernetes_executor.py
[2025-07-17T08:01:07.580+0530] {processor.py:914} INFO - Processing file /Users/parth/Desktop/Engine/venv/lib/python3.11/site-packages/airflow/example_dags/example_local_kubernetes_executor.py for tasks to queue
[2025-07-17T08:01:07.582+0530] {logging_mixin.py:190} INFO - [2025-07-17T08:01:07.582+0530] {dagbag.py:588} INFO - Filling up the DagBag from /Users/parth/Desktop/Engine/venv/lib/python3.11/site-packages/airflow/example_dags/example_local_kubernetes_executor.py
[2025-07-17T08:01:07.638+0530] {processor.py:925} INFO - DAG(s) 'example_local_kubernetes_executor' retrieved from /Users/parth/Desktop/Engine/venv/lib/python3.11/site-packages/airflow/example_dags/example_local_kubernetes_executor.py
[2025-07-17T08:01:07.731+0530] {logging_mixin.py:190} INFO - [2025-07-17T08:01:07.731+0530] {dag.py:3239} INFO - Sync 1 DAGs
[2025-07-17T08:01:07.740+0530] {logging_mixin.py:190} INFO - [2025-07-17T08:01:07.740+0530] {dag.py:4180} INFO - Setting next_dagrun for example_local_kubernetes_executor to None, run_after=None
[2025-07-17T08:01:07.755+0530] {processor.py:208} INFO - Processing /Users/parth/Desktop/Engine/venv/lib/python3.11/site-packages/airflow/example_dags/example_local_kubernetes_executor.py took 0.182 seconds
[2025-07-17T08:05:22.466+0530] {processor.py:186} INFO - Started process (PID=40851) to work on /Users/parth/Desktop/Engine/venv/lib/python3.11/site-packages/airflow/example_dags/example_local_kubernetes_executor.py
[2025-07-17T08:05:22.467+0530] {processor.py:914} INFO - Processing file /Users/parth/Desktop/Engine/venv/lib/python3.11/site-packages/airflow/example_dags/example_local_kubernetes_executor.py for tasks to queue
[2025-07-17T08:05:22.468+0530] {logging_mixin.py:190} INFO - [2025-07-17T08:05:22.468+0530] {dagbag.py:588} INFO - Filling up the DagBag from /Users/parth/Desktop/Engine/venv/lib/python3.11/site-packages/airflow/example_dags/example_local_kubernetes_executor.py
[2025-07-17T08:05:22.510+0530] {processor.py:925} INFO - DAG(s) 'example_local_kubernetes_executor' retrieved from /Users/parth/Desktop/Engine/venv/lib/python3.11/site-packages/airflow/example_dags/example_local_kubernetes_executor.py
[2025-07-17T08:05:22.587+0530] {logging_mixin.py:190} INFO - [2025-07-17T08:05:22.586+0530] {dag.py:3239} INFO - Sync 1 DAGs
[2025-07-17T08:05:22.595+0530] {logging_mixin.py:190} INFO - [2025-07-17T08:05:22.594+0530] {dag.py:4180} INFO - Setting next_dagrun for example_local_kubernetes_executor to None, run_after=None
[2025-07-17T08:05:22.609+0530] {processor.py:208} INFO - Processing /Users/parth/Desktop/Engine/venv/lib/python3.11/site-packages/airflow/example_dags/example_local_kubernetes_executor.py took 0.146 seconds
[2025-07-17T08:09:36.134+0530] {processor.py:186} INFO - Started process (PID=42583) to work on /Users/parth/Desktop/Engine/venv/lib/python3.11/site-packages/airflow/example_dags/example_local_kubernetes_executor.py
[2025-07-17T08:09:36.135+0530] {processor.py:914} INFO - Processing file /Users/parth/Desktop/Engine/venv/lib/python3.11/site-packages/airflow/example_dags/example_local_kubernetes_executor.py for tasks to queue
[2025-07-17T08:09:36.136+0530] {logging_mixin.py:190} INFO - [2025-07-17T08:09:36.136+0530] {dagbag.py:588} INFO - Filling up the DagBag from /Users/parth/Desktop/Engine/venv/lib/python3.11/site-packages/airflow/example_dags/example_local_kubernetes_executor.py
[2025-07-17T08:09:36.170+0530] {processor.py:925} INFO - DAG(s) 'example_local_kubernetes_executor' retrieved from /Users/parth/Desktop/Engine/venv/lib/python3.11/site-packages/airflow/example_dags/example_local_kubernetes_executor.py
[2025-07-17T08:09:36.243+0530] {logging_mixin.py:190} INFO - [2025-07-17T08:09:36.243+0530] {dag.py:3239} INFO - Sync 1 DAGs
[2025-07-17T08:09:36.251+0530] {logging_mixin.py:190} INFO - [2025-07-17T08:09:36.250+0530] {dag.py:4180} INFO - Setting next_dagrun for example_local_kubernetes_executor to None, run_after=None
[2025-07-17T08:09:36.265+0530] {processor.py:208} INFO - Processing /Users/parth/Desktop/Engine/venv/lib/python3.11/site-packages/airflow/example_dags/example_local_kubernetes_executor.py took 0.133 seconds
[2025-07-17T08:17:38.368+0530] {processor.py:186} INFO - Started process (PID=44068) to work on /Users/parth/Desktop/Engine/venv/lib/python3.11/site-packages/airflow/example_dags/example_local_kubernetes_executor.py
[2025-07-17T08:17:38.369+0530] {processor.py:914} INFO - Processing file /Users/parth/Desktop/Engine/venv/lib/python3.11/site-packages/airflow/example_dags/example_local_kubernetes_executor.py for tasks to queue
[2025-07-17T08:17:38.370+0530] {logging_mixin.py:190} INFO - [2025-07-17T08:17:38.370+0530] {dagbag.py:588} INFO - Filling up the DagBag from /Users/parth/Desktop/Engine/venv/lib/python3.11/site-packages/airflow/example_dags/example_local_kubernetes_executor.py
[2025-07-17T08:17:38.395+0530] {processor.py:925} INFO - DAG(s) 'example_local_kubernetes_executor' retrieved from /Users/parth/Desktop/Engine/venv/lib/python3.11/site-packages/airflow/example_dags/example_local_kubernetes_executor.py
[2025-07-17T08:17:38.454+0530] {logging_mixin.py:190} INFO - [2025-07-17T08:17:38.454+0530] {dag.py:3239} INFO - Sync 1 DAGs
[2025-07-17T08:17:38.460+0530] {logging_mixin.py:190} INFO - [2025-07-17T08:17:38.460+0530] {dag.py:4180} INFO - Setting next_dagrun for example_local_kubernetes_executor to None, run_after=None
[2025-07-17T08:17:38.471+0530] {processor.py:208} INFO - Processing /Users/parth/Desktop/Engine/venv/lib/python3.11/site-packages/airflow/example_dags/example_local_kubernetes_executor.py took 0.105 seconds
[2025-07-17T08:21:31.789+0530] {processor.py:186} INFO - Started process (PID=45476) to work on /Users/parth/Desktop/Engine/venv/lib/python3.11/site-packages/airflow/example_dags/example_local_kubernetes_executor.py
[2025-07-17T08:21:31.790+0530] {processor.py:914} INFO - Processing file /Users/parth/Desktop/Engine/venv/lib/python3.11/site-packages/airflow/example_dags/example_local_kubernetes_executor.py for tasks to queue
[2025-07-17T08:21:31.791+0530] {logging_mixin.py:190} INFO - [2025-07-17T08:21:31.791+0530] {dagbag.py:588} INFO - Filling up the DagBag from /Users/parth/Desktop/Engine/venv/lib/python3.11/site-packages/airflow/example_dags/example_local_kubernetes_executor.py
[2025-07-17T08:21:31.816+0530] {processor.py:925} INFO - DAG(s) 'example_local_kubernetes_executor' retrieved from /Users/parth/Desktop/Engine/venv/lib/python3.11/site-packages/airflow/example_dags/example_local_kubernetes_executor.py
[2025-07-17T08:21:31.878+0530] {logging_mixin.py:190} INFO - [2025-07-17T08:21:31.877+0530] {dag.py:3239} INFO - Sync 1 DAGs
[2025-07-17T08:21:31.884+0530] {logging_mixin.py:190} INFO - [2025-07-17T08:21:31.884+0530] {dag.py:4180} INFO - Setting next_dagrun for example_local_kubernetes_executor to None, run_after=None
[2025-07-17T08:21:31.895+0530] {processor.py:208} INFO - Processing /Users/parth/Desktop/Engine/venv/lib/python3.11/site-packages/airflow/example_dags/example_local_kubernetes_executor.py took 0.110 seconds
[2025-07-17T08:25:03.442+0530] {processor.py:186} INFO - Started process (PID=46879) to work on /Users/parth/Desktop/Engine/venv/lib/python3.11/site-packages/airflow/example_dags/example_local_kubernetes_executor.py
[2025-07-17T08:25:03.443+0530] {processor.py:914} INFO - Processing file /Users/parth/Desktop/Engine/venv/lib/python3.11/site-packages/airflow/example_dags/example_local_kubernetes_executor.py for tasks to queue
[2025-07-17T08:25:03.444+0530] {logging_mixin.py:190} INFO - [2025-07-17T08:25:03.443+0530] {dagbag.py:588} INFO - Filling up the DagBag from /Users/parth/Desktop/Engine/venv/lib/python3.11/site-packages/airflow/example_dags/example_local_kubernetes_executor.py
[2025-07-17T08:25:03.469+0530] {processor.py:925} INFO - DAG(s) 'example_local_kubernetes_executor' retrieved from /Users/parth/Desktop/Engine/venv/lib/python3.11/site-packages/airflow/example_dags/example_local_kubernetes_executor.py
[2025-07-17T08:25:03.528+0530] {logging_mixin.py:190} INFO - [2025-07-17T08:25:03.528+0530] {dag.py:3239} INFO - Sync 1 DAGs
[2025-07-17T08:25:03.534+0530] {logging_mixin.py:190} INFO - [2025-07-17T08:25:03.534+0530] {dag.py:4180} INFO - Setting next_dagrun for example_local_kubernetes_executor to None, run_after=None
[2025-07-17T08:25:03.545+0530] {processor.py:208} INFO - Processing /Users/parth/Desktop/Engine/venv/lib/python3.11/site-packages/airflow/example_dags/example_local_kubernetes_executor.py took 0.105 seconds
[2025-07-17T08:28:49.514+0530] {processor.py:186} INFO - Started process (PID=48481) to work on /Users/parth/Desktop/Engine/venv/lib/python3.11/site-packages/airflow/example_dags/example_local_kubernetes_executor.py
[2025-07-17T08:28:49.515+0530] {processor.py:914} INFO - Processing file /Users/parth/Desktop/Engine/venv/lib/python3.11/site-packages/airflow/example_dags/example_local_kubernetes_executor.py for tasks to queue
[2025-07-17T08:28:49.516+0530] {logging_mixin.py:190} INFO - [2025-07-17T08:28:49.516+0530] {dagbag.py:588} INFO - Filling up the DagBag from /Users/parth/Desktop/Engine/venv/lib/python3.11/site-packages/airflow/example_dags/example_local_kubernetes_executor.py
[2025-07-17T08:28:49.542+0530] {processor.py:925} INFO - DAG(s) 'example_local_kubernetes_executor' retrieved from /Users/parth/Desktop/Engine/venv/lib/python3.11/site-packages/airflow/example_dags/example_local_kubernetes_executor.py
[2025-07-17T08:28:49.603+0530] {logging_mixin.py:190} INFO - [2025-07-17T08:28:49.603+0530] {dag.py:3239} INFO - Sync 1 DAGs
[2025-07-17T08:28:49.609+0530] {logging_mixin.py:190} INFO - [2025-07-17T08:28:49.609+0530] {dag.py:4180} INFO - Setting next_dagrun for example_local_kubernetes_executor to None, run_after=None
[2025-07-17T08:28:49.620+0530] {processor.py:208} INFO - Processing /Users/parth/Desktop/Engine/venv/lib/python3.11/site-packages/airflow/example_dags/example_local_kubernetes_executor.py took 0.108 seconds
[2025-07-17T08:36:48.920+0530] {processor.py:186} INFO - Started process (PID=49962) to work on /Users/parth/Desktop/Engine/venv/lib/python3.11/site-packages/airflow/example_dags/example_local_kubernetes_executor.py
[2025-07-17T08:36:48.921+0530] {processor.py:914} INFO - Processing file /Users/parth/Desktop/Engine/venv/lib/python3.11/site-packages/airflow/example_dags/example_local_kubernetes_executor.py for tasks to queue
[2025-07-17T08:36:48.922+0530] {logging_mixin.py:190} INFO - [2025-07-17T08:36:48.922+0530] {dagbag.py:588} INFO - Filling up the DagBag from /Users/parth/Desktop/Engine/venv/lib/python3.11/site-packages/airflow/example_dags/example_local_kubernetes_executor.py
[2025-07-17T08:36:48.946+0530] {processor.py:925} INFO - DAG(s) 'example_local_kubernetes_executor' retrieved from /Users/parth/Desktop/Engine/venv/lib/python3.11/site-packages/airflow/example_dags/example_local_kubernetes_executor.py
[2025-07-17T08:36:49.006+0530] {logging_mixin.py:190} INFO - [2025-07-17T08:36:49.006+0530] {dag.py:3239} INFO - Sync 1 DAGs
[2025-07-17T08:36:49.012+0530] {logging_mixin.py:190} INFO - [2025-07-17T08:36:49.012+0530] {dag.py:4180} INFO - Setting next_dagrun for example_local_kubernetes_executor to None, run_after=None
[2025-07-17T08:36:49.022+0530] {processor.py:208} INFO - Processing /Users/parth/Desktop/Engine/venv/lib/python3.11/site-packages/airflow/example_dags/example_local_kubernetes_executor.py took 0.105 seconds
[2025-07-17T08:40:17.395+0530] {processor.py:186} INFO - Started process (PID=51311) to work on /Users/parth/Desktop/Engine/venv/lib/python3.11/site-packages/airflow/example_dags/example_local_kubernetes_executor.py
[2025-07-17T08:40:17.396+0530] {processor.py:914} INFO - Processing file /Users/parth/Desktop/Engine/venv/lib/python3.11/site-packages/airflow/example_dags/example_local_kubernetes_executor.py for tasks to queue
[2025-07-17T08:40:17.397+0530] {logging_mixin.py:190} INFO - [2025-07-17T08:40:17.397+0530] {dagbag.py:588} INFO - Filling up the DagBag from /Users/parth/Desktop/Engine/venv/lib/python3.11/site-packages/airflow/example_dags/example_local_kubernetes_executor.py
[2025-07-17T08:40:17.423+0530] {processor.py:925} INFO - DAG(s) 'example_local_kubernetes_executor' retrieved from /Users/parth/Desktop/Engine/venv/lib/python3.11/site-packages/airflow/example_dags/example_local_kubernetes_executor.py
[2025-07-17T08:40:17.483+0530] {logging_mixin.py:190} INFO - [2025-07-17T08:40:17.483+0530] {dag.py:3239} INFO - Sync 1 DAGs
[2025-07-17T08:40:17.489+0530] {logging_mixin.py:190} INFO - [2025-07-17T08:40:17.489+0530] {dag.py:4180} INFO - Setting next_dagrun for example_local_kubernetes_executor to None, run_after=None
[2025-07-17T08:40:17.500+0530] {processor.py:208} INFO - Processing /Users/parth/Desktop/Engine/venv/lib/python3.11/site-packages/airflow/example_dags/example_local_kubernetes_executor.py took 0.106 seconds
