[2025-07-17T07:23:47.545+0530] {processor.py:186} INFO - Started process (PID=24114) to work on /Users/parth/Desktop/Engine/venv/lib/python3.11/site-packages/airflow/example_dags/example_branch_day_of_week_operator.py
[2025-07-17T07:23:47.545+0530] {processor.py:914} INFO - Processing file /Users/parth/Desktop/Engine/venv/lib/python3.11/site-packages/airflow/example_dags/example_branch_day_of_week_operator.py for tasks to queue
[2025-07-17T07:23:47.546+0530] {logging_mixin.py:190} INFO - [2025-07-17T07:23:47.546+0530] {dagbag.py:588} INFO - Filling up the DagBag from /Users/parth/Desktop/Engine/venv/lib/python3.11/site-packages/airflow/example_dags/example_branch_day_of_week_operator.py
[2025-07-17T07:23:47.553+0530] {processor.py:925} INFO - DAG(s) 'example_weekday_branch_operator' retrieved from /Users/parth/Desktop/Engine/venv/lib/python3.11/site-packages/airflow/example_dags/example_branch_day_of_week_operator.py
[2025-07-17T07:23:47.615+0530] {logging_mixin.py:190} INFO - [2025-07-17T07:23:47.615+0530] {dag.py:3239} INFO - Sync 1 DAGs
[2025-07-17T07:23:47.627+0530] {logging_mixin.py:190} INFO - [2025-07-17T07:23:47.627+0530] {dag.py:4180} INFO - Setting next_dagrun for example_weekday_branch_operator to 2025-07-16 00:00:00+00:00, run_after=2025-07-17 00:00:00+00:00
[2025-07-17T07:23:47.638+0530] {processor.py:208} INFO - Processing /Users/parth/Desktop/Engine/venv/lib/python3.11/site-packages/airflow/example_dags/example_branch_day_of_week_operator.py took 0.096 seconds
[2025-07-17T07:27:34.157+0530] {processor.py:186} INFO - Started process (PID=25591) to work on /Users/parth/Desktop/Engine/venv/lib/python3.11/site-packages/airflow/example_dags/example_branch_day_of_week_operator.py
[2025-07-17T07:27:34.158+0530] {processor.py:914} INFO - Processing file /Users/parth/Desktop/Engine/venv/lib/python3.11/site-packages/airflow/example_dags/example_branch_day_of_week_operator.py for tasks to queue
[2025-07-17T07:27:34.159+0530] {logging_mixin.py:190} INFO - [2025-07-17T07:27:34.159+0530] {dagbag.py:588} INFO - Filling up the DagBag from /Users/parth/Desktop/Engine/venv/lib/python3.11/site-packages/airflow/example_dags/example_branch_day_of_week_operator.py
[2025-07-17T07:27:34.166+0530] {processor.py:925} INFO - DAG(s) 'example_weekday_branch_operator' retrieved from /Users/parth/Desktop/Engine/venv/lib/python3.11/site-packages/airflow/example_dags/example_branch_day_of_week_operator.py
[2025-07-17T07:27:34.228+0530] {logging_mixin.py:190} INFO - [2025-07-17T07:27:34.227+0530] {dag.py:3239} INFO - Sync 1 DAGs
[2025-07-17T07:27:34.240+0530] {logging_mixin.py:190} INFO - [2025-07-17T07:27:34.239+0530] {dag.py:4180} INFO - Setting next_dagrun for example_weekday_branch_operator to 2025-07-16 00:00:00+00:00, run_after=2025-07-17 00:00:00+00:00
[2025-07-17T07:27:34.250+0530] {processor.py:208} INFO - Processing /Users/parth/Desktop/Engine/venv/lib/python3.11/site-packages/airflow/example_dags/example_branch_day_of_week_operator.py took 0.096 seconds
[2025-07-17T07:31:03.494+0530] {processor.py:186} INFO - Started process (PID=26937) to work on /Users/parth/Desktop/Engine/venv/lib/python3.11/site-packages/airflow/example_dags/example_branch_day_of_week_operator.py
[2025-07-17T07:31:03.495+0530] {processor.py:914} INFO - Processing file /Users/parth/Desktop/Engine/venv/lib/python3.11/site-packages/airflow/example_dags/example_branch_day_of_week_operator.py for tasks to queue
[2025-07-17T07:31:03.496+0530] {logging_mixin.py:190} INFO - [2025-07-17T07:31:03.496+0530] {dagbag.py:588} INFO - Filling up the DagBag from /Users/parth/Desktop/Engine/venv/lib/python3.11/site-packages/airflow/example_dags/example_branch_day_of_week_operator.py
[2025-07-17T07:31:03.503+0530] {processor.py:925} INFO - DAG(s) 'example_weekday_branch_operator' retrieved from /Users/parth/Desktop/Engine/venv/lib/python3.11/site-packages/airflow/example_dags/example_branch_day_of_week_operator.py
[2025-07-17T07:31:03.563+0530] {logging_mixin.py:190} INFO - [2025-07-17T07:31:03.563+0530] {dag.py:3239} INFO - Sync 1 DAGs
[2025-07-17T07:31:03.575+0530] {logging_mixin.py:190} INFO - [2025-07-17T07:31:03.575+0530] {dag.py:4180} INFO - Setting next_dagrun for example_weekday_branch_operator to 2025-07-16 00:00:00+00:00, run_after=2025-07-17 00:00:00+00:00
[2025-07-17T07:31:03.586+0530] {processor.py:208} INFO - Processing /Users/parth/Desktop/Engine/venv/lib/python3.11/site-packages/airflow/example_dags/example_branch_day_of_week_operator.py took 0.095 seconds
[2025-07-17T07:34:36.418+0530] {processor.py:186} INFO - Started process (PID=28313) to work on /Users/parth/Desktop/Engine/venv/lib/python3.11/site-packages/airflow/example_dags/example_branch_day_of_week_operator.py
[2025-07-17T07:34:36.419+0530] {processor.py:914} INFO - Processing file /Users/parth/Desktop/Engine/venv/lib/python3.11/site-packages/airflow/example_dags/example_branch_day_of_week_operator.py for tasks to queue
[2025-07-17T07:34:36.420+0530] {logging_mixin.py:190} INFO - [2025-07-17T07:34:36.420+0530] {dagbag.py:588} INFO - Filling up the DagBag from /Users/parth/Desktop/Engine/venv/lib/python3.11/site-packages/airflow/example_dags/example_branch_day_of_week_operator.py
[2025-07-17T07:34:36.429+0530] {processor.py:925} INFO - DAG(s) 'example_weekday_branch_operator' retrieved from /Users/parth/Desktop/Engine/venv/lib/python3.11/site-packages/airflow/example_dags/example_branch_day_of_week_operator.py
[2025-07-17T07:34:36.500+0530] {logging_mixin.py:190} INFO - [2025-07-17T07:34:36.500+0530] {dag.py:3239} INFO - Sync 1 DAGs
[2025-07-17T07:34:36.514+0530] {logging_mixin.py:190} INFO - [2025-07-17T07:34:36.514+0530] {dag.py:4180} INFO - Setting next_dagrun for example_weekday_branch_operator to 2025-07-16 00:00:00+00:00, run_after=2025-07-17 00:00:00+00:00
[2025-07-17T07:34:36.527+0530] {processor.py:208} INFO - Processing /Users/parth/Desktop/Engine/venv/lib/python3.11/site-packages/airflow/example_dags/example_branch_day_of_week_operator.py took 0.113 seconds
[2025-07-17T07:38:23.603+0530] {processor.py:186} INFO - Started process (PID=29829) to work on /Users/parth/Desktop/Engine/venv/lib/python3.11/site-packages/airflow/example_dags/example_branch_day_of_week_operator.py
[2025-07-17T07:38:23.604+0530] {processor.py:914} INFO - Processing file /Users/parth/Desktop/Engine/venv/lib/python3.11/site-packages/airflow/example_dags/example_branch_day_of_week_operator.py for tasks to queue
[2025-07-17T07:38:23.605+0530] {logging_mixin.py:190} INFO - [2025-07-17T07:38:23.604+0530] {dagbag.py:588} INFO - Filling up the DagBag from /Users/parth/Desktop/Engine/venv/lib/python3.11/site-packages/airflow/example_dags/example_branch_day_of_week_operator.py
[2025-07-17T07:38:23.612+0530] {processor.py:925} INFO - DAG(s) 'example_weekday_branch_operator' retrieved from /Users/parth/Desktop/Engine/venv/lib/python3.11/site-packages/airflow/example_dags/example_branch_day_of_week_operator.py
[2025-07-17T07:38:23.673+0530] {logging_mixin.py:190} INFO - [2025-07-17T07:38:23.673+0530] {dag.py:3239} INFO - Sync 1 DAGs
[2025-07-17T07:38:23.685+0530] {logging_mixin.py:190} INFO - [2025-07-17T07:38:23.685+0530] {dag.py:4180} INFO - Setting next_dagrun for example_weekday_branch_operator to 2025-07-16 00:00:00+00:00, run_after=2025-07-17 00:00:00+00:00
[2025-07-17T07:38:23.696+0530] {processor.py:208} INFO - Processing /Users/parth/Desktop/Engine/venv/lib/python3.11/site-packages/airflow/example_dags/example_branch_day_of_week_operator.py took 0.095 seconds
[2025-07-17T07:42:18.449+0530] {processor.py:186} INFO - Started process (PID=31357) to work on /Users/parth/Desktop/Engine/venv/lib/python3.11/site-packages/airflow/example_dags/example_branch_day_of_week_operator.py
[2025-07-17T07:42:18.449+0530] {processor.py:914} INFO - Processing file /Users/parth/Desktop/Engine/venv/lib/python3.11/site-packages/airflow/example_dags/example_branch_day_of_week_operator.py for tasks to queue
[2025-07-17T07:42:18.450+0530] {logging_mixin.py:190} INFO - [2025-07-17T07:42:18.450+0530] {dagbag.py:588} INFO - Filling up the DagBag from /Users/parth/Desktop/Engine/venv/lib/python3.11/site-packages/airflow/example_dags/example_branch_day_of_week_operator.py
[2025-07-17T07:42:18.458+0530] {processor.py:925} INFO - DAG(s) 'example_weekday_branch_operator' retrieved from /Users/parth/Desktop/Engine/venv/lib/python3.11/site-packages/airflow/example_dags/example_branch_day_of_week_operator.py
[2025-07-17T07:42:18.519+0530] {logging_mixin.py:190} INFO - [2025-07-17T07:42:18.519+0530] {dag.py:3239} INFO - Sync 1 DAGs
[2025-07-17T07:42:18.532+0530] {logging_mixin.py:190} INFO - [2025-07-17T07:42:18.532+0530] {dag.py:4180} INFO - Setting next_dagrun for example_weekday_branch_operator to 2025-07-16 00:00:00+00:00, run_after=2025-07-17 00:00:00+00:00
[2025-07-17T07:42:18.543+0530] {processor.py:208} INFO - Processing /Users/parth/Desktop/Engine/venv/lib/python3.11/site-packages/airflow/example_dags/example_branch_day_of_week_operator.py took 0.096 seconds
[2025-07-17T07:47:41.058+0530] {processor.py:186} INFO - Started process (PID=33657) to work on /Users/parth/Desktop/Engine/venv/lib/python3.11/site-packages/airflow/example_dags/example_branch_day_of_week_operator.py
[2025-07-17T07:47:41.059+0530] {processor.py:914} INFO - Processing file /Users/parth/Desktop/Engine/venv/lib/python3.11/site-packages/airflow/example_dags/example_branch_day_of_week_operator.py for tasks to queue
[2025-07-17T07:47:41.060+0530] {logging_mixin.py:190} INFO - [2025-07-17T07:47:41.060+0530] {dagbag.py:588} INFO - Filling up the DagBag from /Users/parth/Desktop/Engine/venv/lib/python3.11/site-packages/airflow/example_dags/example_branch_day_of_week_operator.py
[2025-07-17T07:47:41.067+0530] {processor.py:925} INFO - DAG(s) 'example_weekday_branch_operator' retrieved from /Users/parth/Desktop/Engine/venv/lib/python3.11/site-packages/airflow/example_dags/example_branch_day_of_week_operator.py
[2025-07-17T07:47:41.129+0530] {logging_mixin.py:190} INFO - [2025-07-17T07:47:41.129+0530] {dag.py:3239} INFO - Sync 1 DAGs
[2025-07-17T07:47:41.141+0530] {logging_mixin.py:190} INFO - [2025-07-17T07:47:41.141+0530] {dag.py:4180} INFO - Setting next_dagrun for example_weekday_branch_operator to 2025-07-16 00:00:00+00:00, run_after=2025-07-17 00:00:00+00:00
[2025-07-17T07:47:41.152+0530] {processor.py:208} INFO - Processing /Users/parth/Desktop/Engine/venv/lib/python3.11/site-packages/airflow/example_dags/example_branch_day_of_week_operator.py took 0.096 seconds
[2025-07-17T07:52:12.510+0530] {processor.py:186} INFO - Started process (PID=35478) to work on /Users/parth/Desktop/Engine/venv/lib/python3.11/site-packages/airflow/example_dags/example_branch_day_of_week_operator.py
[2025-07-17T07:52:12.512+0530] {processor.py:914} INFO - Processing file /Users/parth/Desktop/Engine/venv/lib/python3.11/site-packages/airflow/example_dags/example_branch_day_of_week_operator.py for tasks to queue
[2025-07-17T07:52:12.515+0530] {logging_mixin.py:190} INFO - [2025-07-17T07:52:12.514+0530] {dagbag.py:588} INFO - Filling up the DagBag from /Users/parth/Desktop/Engine/venv/lib/python3.11/site-packages/airflow/example_dags/example_branch_day_of_week_operator.py
[2025-07-17T07:52:12.543+0530] {processor.py:925} INFO - DAG(s) 'example_weekday_branch_operator' retrieved from /Users/parth/Desktop/Engine/venv/lib/python3.11/site-packages/airflow/example_dags/example_branch_day_of_week_operator.py
[2025-07-17T07:52:12.719+0530] {logging_mixin.py:190} INFO - [2025-07-17T07:52:12.718+0530] {dag.py:3239} INFO - Sync 1 DAGs
[2025-07-17T07:52:12.749+0530] {logging_mixin.py:190} INFO - [2025-07-17T07:52:12.748+0530] {dag.py:4180} INFO - Setting next_dagrun for example_weekday_branch_operator to 2025-07-16 00:00:00+00:00, run_after=2025-07-17 00:00:00+00:00
[2025-07-17T07:52:12.782+0530] {processor.py:208} INFO - Processing /Users/parth/Desktop/Engine/venv/lib/python3.11/site-packages/airflow/example_dags/example_branch_day_of_week_operator.py took 0.278 seconds
[2025-07-17T07:57:15.087+0530] {processor.py:186} INFO - Started process (PID=37623) to work on /Users/parth/Desktop/Engine/venv/lib/python3.11/site-packages/airflow/example_dags/example_branch_day_of_week_operator.py
[2025-07-17T07:57:15.087+0530] {processor.py:914} INFO - Processing file /Users/parth/Desktop/Engine/venv/lib/python3.11/site-packages/airflow/example_dags/example_branch_day_of_week_operator.py for tasks to queue
[2025-07-17T07:57:15.088+0530] {logging_mixin.py:190} INFO - [2025-07-17T07:57:15.088+0530] {dagbag.py:588} INFO - Filling up the DagBag from /Users/parth/Desktop/Engine/venv/lib/python3.11/site-packages/airflow/example_dags/example_branch_day_of_week_operator.py
[2025-07-17T07:57:15.095+0530] {processor.py:925} INFO - DAG(s) 'example_weekday_branch_operator' retrieved from /Users/parth/Desktop/Engine/venv/lib/python3.11/site-packages/airflow/example_dags/example_branch_day_of_week_operator.py
[2025-07-17T07:57:15.158+0530] {logging_mixin.py:190} INFO - [2025-07-17T07:57:15.158+0530] {dag.py:3239} INFO - Sync 1 DAGs
[2025-07-17T07:57:15.170+0530] {logging_mixin.py:190} INFO - [2025-07-17T07:57:15.170+0530] {dag.py:4180} INFO - Setting next_dagrun for example_weekday_branch_operator to 2025-07-16 00:00:00+00:00, run_after=2025-07-17 00:00:00+00:00
[2025-07-17T07:57:15.182+0530] {processor.py:208} INFO - Processing /Users/parth/Desktop/Engine/venv/lib/python3.11/site-packages/airflow/example_dags/example_branch_day_of_week_operator.py took 0.097 seconds
[2025-07-17T08:01:24.772+0530] {processor.py:186} INFO - Started process (PID=39247) to work on /Users/parth/Desktop/Engine/venv/lib/python3.11/site-packages/airflow/example_dags/example_branch_day_of_week_operator.py
[2025-07-17T08:01:24.773+0530] {processor.py:914} INFO - Processing file /Users/parth/Desktop/Engine/venv/lib/python3.11/site-packages/airflow/example_dags/example_branch_day_of_week_operator.py for tasks to queue
[2025-07-17T08:01:24.774+0530] {logging_mixin.py:190} INFO - [2025-07-17T08:01:24.774+0530] {dagbag.py:588} INFO - Filling up the DagBag from /Users/parth/Desktop/Engine/venv/lib/python3.11/site-packages/airflow/example_dags/example_branch_day_of_week_operator.py
[2025-07-17T08:01:24.784+0530] {processor.py:925} INFO - DAG(s) 'example_weekday_branch_operator' retrieved from /Users/parth/Desktop/Engine/venv/lib/python3.11/site-packages/airflow/example_dags/example_branch_day_of_week_operator.py
[2025-07-17T08:01:24.867+0530] {logging_mixin.py:190} INFO - [2025-07-17T08:01:24.867+0530] {dag.py:3239} INFO - Sync 1 DAGs
[2025-07-17T08:01:24.884+0530] {logging_mixin.py:190} INFO - [2025-07-17T08:01:24.884+0530] {dag.py:4180} INFO - Setting next_dagrun for example_weekday_branch_operator to 2025-07-16 00:00:00+00:00, run_after=2025-07-17 00:00:00+00:00
[2025-07-17T08:01:24.899+0530] {processor.py:208} INFO - Processing /Users/parth/Desktop/Engine/venv/lib/python3.11/site-packages/airflow/example_dags/example_branch_day_of_week_operator.py took 0.130 seconds
[2025-07-17T08:05:41.920+0530] {processor.py:186} INFO - Started process (PID=41016) to work on /Users/parth/Desktop/Engine/venv/lib/python3.11/site-packages/airflow/example_dags/example_branch_day_of_week_operator.py
[2025-07-17T08:05:41.920+0530] {processor.py:914} INFO - Processing file /Users/parth/Desktop/Engine/venv/lib/python3.11/site-packages/airflow/example_dags/example_branch_day_of_week_operator.py for tasks to queue
[2025-07-17T08:05:41.921+0530] {logging_mixin.py:190} INFO - [2025-07-17T08:05:41.921+0530] {dagbag.py:588} INFO - Filling up the DagBag from /Users/parth/Desktop/Engine/venv/lib/python3.11/site-packages/airflow/example_dags/example_branch_day_of_week_operator.py
[2025-07-17T08:05:41.928+0530] {processor.py:925} INFO - DAG(s) 'example_weekday_branch_operator' retrieved from /Users/parth/Desktop/Engine/venv/lib/python3.11/site-packages/airflow/example_dags/example_branch_day_of_week_operator.py
[2025-07-17T08:05:41.990+0530] {logging_mixin.py:190} INFO - [2025-07-17T08:05:41.989+0530] {dag.py:3239} INFO - Sync 1 DAGs
[2025-07-17T08:05:42.001+0530] {logging_mixin.py:190} INFO - [2025-07-17T08:05:42.001+0530] {dag.py:4180} INFO - Setting next_dagrun for example_weekday_branch_operator to 2025-07-16 00:00:00+00:00, run_after=2025-07-17 00:00:00+00:00
[2025-07-17T08:05:42.012+0530] {processor.py:208} INFO - Processing /Users/parth/Desktop/Engine/venv/lib/python3.11/site-packages/airflow/example_dags/example_branch_day_of_week_operator.py took 0.095 seconds
[2025-07-17T08:09:54.507+0530] {processor.py:186} INFO - Started process (PID=42719) to work on /Users/parth/Desktop/Engine/venv/lib/python3.11/site-packages/airflow/example_dags/example_branch_day_of_week_operator.py
[2025-07-17T08:09:54.508+0530] {processor.py:914} INFO - Processing file /Users/parth/Desktop/Engine/venv/lib/python3.11/site-packages/airflow/example_dags/example_branch_day_of_week_operator.py for tasks to queue
[2025-07-17T08:09:54.508+0530] {logging_mixin.py:190} INFO - [2025-07-17T08:09:54.508+0530] {dagbag.py:588} INFO - Filling up the DagBag from /Users/parth/Desktop/Engine/venv/lib/python3.11/site-packages/airflow/example_dags/example_branch_day_of_week_operator.py
[2025-07-17T08:09:54.516+0530] {processor.py:925} INFO - DAG(s) 'example_weekday_branch_operator' retrieved from /Users/parth/Desktop/Engine/venv/lib/python3.11/site-packages/airflow/example_dags/example_branch_day_of_week_operator.py
[2025-07-17T08:09:54.577+0530] {logging_mixin.py:190} INFO - [2025-07-17T08:09:54.577+0530] {dag.py:3239} INFO - Sync 1 DAGs
[2025-07-17T08:09:54.589+0530] {logging_mixin.py:190} INFO - [2025-07-17T08:09:54.589+0530] {dag.py:4180} INFO - Setting next_dagrun for example_weekday_branch_operator to 2025-07-16 00:00:00+00:00, run_after=2025-07-17 00:00:00+00:00
[2025-07-17T08:09:54.608+0530] {processor.py:208} INFO - Processing /Users/parth/Desktop/Engine/venv/lib/python3.11/site-packages/airflow/example_dags/example_branch_day_of_week_operator.py took 0.103 seconds
[2025-07-17T08:17:53.850+0530] {processor.py:186} INFO - Started process (PID=44169) to work on /Users/parth/Desktop/Engine/venv/lib/python3.11/site-packages/airflow/example_dags/example_branch_day_of_week_operator.py
[2025-07-17T08:17:53.851+0530] {processor.py:914} INFO - Processing file /Users/parth/Desktop/Engine/venv/lib/python3.11/site-packages/airflow/example_dags/example_branch_day_of_week_operator.py for tasks to queue
[2025-07-17T08:17:53.852+0530] {logging_mixin.py:190} INFO - [2025-07-17T08:17:53.851+0530] {dagbag.py:588} INFO - Filling up the DagBag from /Users/parth/Desktop/Engine/venv/lib/python3.11/site-packages/airflow/example_dags/example_branch_day_of_week_operator.py
[2025-07-17T08:17:53.859+0530] {processor.py:925} INFO - DAG(s) 'example_weekday_branch_operator' retrieved from /Users/parth/Desktop/Engine/venv/lib/python3.11/site-packages/airflow/example_dags/example_branch_day_of_week_operator.py
[2025-07-17T08:17:53.921+0530] {logging_mixin.py:190} INFO - [2025-07-17T08:17:53.921+0530] {dag.py:3239} INFO - Sync 1 DAGs
[2025-07-17T08:17:53.933+0530] {logging_mixin.py:190} INFO - [2025-07-17T08:17:53.933+0530] {dag.py:4180} INFO - Setting next_dagrun for example_weekday_branch_operator to 2025-07-16 00:00:00+00:00, run_after=2025-07-17 00:00:00+00:00
[2025-07-17T08:17:53.944+0530] {processor.py:208} INFO - Processing /Users/parth/Desktop/Engine/venv/lib/python3.11/site-packages/airflow/example_dags/example_branch_day_of_week_operator.py took 0.096 seconds
[2025-07-17T08:21:46.669+0530] {processor.py:186} INFO - Started process (PID=45573) to work on /Users/parth/Desktop/Engine/venv/lib/python3.11/site-packages/airflow/example_dags/example_branch_day_of_week_operator.py
[2025-07-17T08:21:46.671+0530] {processor.py:914} INFO - Processing file /Users/parth/Desktop/Engine/venv/lib/python3.11/site-packages/airflow/example_dags/example_branch_day_of_week_operator.py for tasks to queue
[2025-07-17T08:21:46.671+0530] {logging_mixin.py:190} INFO - [2025-07-17T08:21:46.671+0530] {dagbag.py:588} INFO - Filling up the DagBag from /Users/parth/Desktop/Engine/venv/lib/python3.11/site-packages/airflow/example_dags/example_branch_day_of_week_operator.py
[2025-07-17T08:21:46.678+0530] {processor.py:925} INFO - DAG(s) 'example_weekday_branch_operator' retrieved from /Users/parth/Desktop/Engine/venv/lib/python3.11/site-packages/airflow/example_dags/example_branch_day_of_week_operator.py
[2025-07-17T08:21:46.740+0530] {logging_mixin.py:190} INFO - [2025-07-17T08:21:46.739+0530] {dag.py:3239} INFO - Sync 1 DAGs
[2025-07-17T08:21:46.751+0530] {logging_mixin.py:190} INFO - [2025-07-17T08:21:46.751+0530] {dag.py:4180} INFO - Setting next_dagrun for example_weekday_branch_operator to 2025-07-16 00:00:00+00:00, run_after=2025-07-17 00:00:00+00:00
[2025-07-17T08:21:46.762+0530] {processor.py:208} INFO - Processing /Users/parth/Desktop/Engine/venv/lib/python3.11/site-packages/airflow/example_dags/example_branch_day_of_week_operator.py took 0.095 seconds
[2025-07-17T08:25:20.049+0530] {processor.py:186} INFO - Started process (PID=47007) to work on /Users/parth/Desktop/Engine/venv/lib/python3.11/site-packages/airflow/example_dags/example_branch_day_of_week_operator.py
[2025-07-17T08:25:20.050+0530] {processor.py:914} INFO - Processing file /Users/parth/Desktop/Engine/venv/lib/python3.11/site-packages/airflow/example_dags/example_branch_day_of_week_operator.py for tasks to queue
[2025-07-17T08:25:20.051+0530] {logging_mixin.py:190} INFO - [2025-07-17T08:25:20.050+0530] {dagbag.py:588} INFO - Filling up the DagBag from /Users/parth/Desktop/Engine/venv/lib/python3.11/site-packages/airflow/example_dags/example_branch_day_of_week_operator.py
[2025-07-17T08:25:20.058+0530] {processor.py:925} INFO - DAG(s) 'example_weekday_branch_operator' retrieved from /Users/parth/Desktop/Engine/venv/lib/python3.11/site-packages/airflow/example_dags/example_branch_day_of_week_operator.py
[2025-07-17T08:25:20.119+0530] {logging_mixin.py:190} INFO - [2025-07-17T08:25:20.119+0530] {dag.py:3239} INFO - Sync 1 DAGs
[2025-07-17T08:25:20.131+0530] {logging_mixin.py:190} INFO - [2025-07-17T08:25:20.131+0530] {dag.py:4180} INFO - Setting next_dagrun for example_weekday_branch_operator to 2025-07-16 00:00:00+00:00, run_after=2025-07-17 00:00:00+00:00
[2025-07-17T08:25:20.142+0530] {processor.py:208} INFO - Processing /Users/parth/Desktop/Engine/venv/lib/python3.11/site-packages/airflow/example_dags/example_branch_day_of_week_operator.py took 0.096 seconds
[2025-07-17T08:29:05.110+0530] {processor.py:186} INFO - Started process (PID=48585) to work on /Users/parth/Desktop/Engine/venv/lib/python3.11/site-packages/airflow/example_dags/example_branch_day_of_week_operator.py
[2025-07-17T08:29:05.111+0530] {processor.py:914} INFO - Processing file /Users/parth/Desktop/Engine/venv/lib/python3.11/site-packages/airflow/example_dags/example_branch_day_of_week_operator.py for tasks to queue
[2025-07-17T08:29:05.112+0530] {logging_mixin.py:190} INFO - [2025-07-17T08:29:05.112+0530] {dagbag.py:588} INFO - Filling up the DagBag from /Users/parth/Desktop/Engine/venv/lib/python3.11/site-packages/airflow/example_dags/example_branch_day_of_week_operator.py
[2025-07-17T08:29:05.119+0530] {processor.py:925} INFO - DAG(s) 'example_weekday_branch_operator' retrieved from /Users/parth/Desktop/Engine/venv/lib/python3.11/site-packages/airflow/example_dags/example_branch_day_of_week_operator.py
[2025-07-17T08:29:05.182+0530] {logging_mixin.py:190} INFO - [2025-07-17T08:29:05.181+0530] {dag.py:3239} INFO - Sync 1 DAGs
[2025-07-17T08:29:05.194+0530] {logging_mixin.py:190} INFO - [2025-07-17T08:29:05.194+0530] {dag.py:4180} INFO - Setting next_dagrun for example_weekday_branch_operator to 2025-07-16 00:00:00+00:00, run_after=2025-07-17 00:00:00+00:00
[2025-07-17T08:29:05.206+0530] {processor.py:208} INFO - Processing /Users/parth/Desktop/Engine/venv/lib/python3.11/site-packages/airflow/example_dags/example_branch_day_of_week_operator.py took 0.098 seconds
[2025-07-17T08:37:04.255+0530] {processor.py:186} INFO - Started process (PID=50059) to work on /Users/parth/Desktop/Engine/venv/lib/python3.11/site-packages/airflow/example_dags/example_branch_day_of_week_operator.py
[2025-07-17T08:37:04.257+0530] {processor.py:914} INFO - Processing file /Users/parth/Desktop/Engine/venv/lib/python3.11/site-packages/airflow/example_dags/example_branch_day_of_week_operator.py for tasks to queue
[2025-07-17T08:37:04.258+0530] {logging_mixin.py:190} INFO - [2025-07-17T08:37:04.257+0530] {dagbag.py:588} INFO - Filling up the DagBag from /Users/parth/Desktop/Engine/venv/lib/python3.11/site-packages/airflow/example_dags/example_branch_day_of_week_operator.py
[2025-07-17T08:37:04.264+0530] {processor.py:925} INFO - DAG(s) 'example_weekday_branch_operator' retrieved from /Users/parth/Desktop/Engine/venv/lib/python3.11/site-packages/airflow/example_dags/example_branch_day_of_week_operator.py
[2025-07-17T08:37:04.326+0530] {logging_mixin.py:190} INFO - [2025-07-17T08:37:04.325+0530] {dag.py:3239} INFO - Sync 1 DAGs
[2025-07-17T08:37:04.337+0530] {logging_mixin.py:190} INFO - [2025-07-17T08:37:04.337+0530] {dag.py:4180} INFO - Setting next_dagrun for example_weekday_branch_operator to 2025-07-16 00:00:00+00:00, run_after=2025-07-17 00:00:00+00:00
[2025-07-17T08:37:04.348+0530] {processor.py:208} INFO - Processing /Users/parth/Desktop/Engine/venv/lib/python3.11/site-packages/airflow/example_dags/example_branch_day_of_week_operator.py took 0.095 seconds
[2025-07-17T08:40:32.855+0530] {processor.py:186} INFO - Started process (PID=51408) to work on /Users/parth/Desktop/Engine/venv/lib/python3.11/site-packages/airflow/example_dags/example_branch_day_of_week_operator.py
[2025-07-17T08:40:32.856+0530] {processor.py:914} INFO - Processing file /Users/parth/Desktop/Engine/venv/lib/python3.11/site-packages/airflow/example_dags/example_branch_day_of_week_operator.py for tasks to queue
[2025-07-17T08:40:32.857+0530] {logging_mixin.py:190} INFO - [2025-07-17T08:40:32.857+0530] {dagbag.py:588} INFO - Filling up the DagBag from /Users/parth/Desktop/Engine/venv/lib/python3.11/site-packages/airflow/example_dags/example_branch_day_of_week_operator.py
[2025-07-17T08:40:32.864+0530] {processor.py:925} INFO - DAG(s) 'example_weekday_branch_operator' retrieved from /Users/parth/Desktop/Engine/venv/lib/python3.11/site-packages/airflow/example_dags/example_branch_day_of_week_operator.py
[2025-07-17T08:40:32.926+0530] {logging_mixin.py:190} INFO - [2025-07-17T08:40:32.925+0530] {dag.py:3239} INFO - Sync 1 DAGs
[2025-07-17T08:40:32.938+0530] {logging_mixin.py:190} INFO - [2025-07-17T08:40:32.938+0530] {dag.py:4180} INFO - Setting next_dagrun for example_weekday_branch_operator to 2025-07-16 00:00:00+00:00, run_after=2025-07-17 00:00:00+00:00
[2025-07-17T08:40:32.950+0530] {processor.py:208} INFO - Processing /Users/parth/Desktop/Engine/venv/lib/python3.11/site-packages/airflow/example_dags/example_branch_day_of_week_operator.py took 0.097 seconds
