[2025-07-17T06:37:57.114+0530] {processor.py:186} INFO - Started process (PID=23101) to work on /Users/parth/Desktop/Engine/venv/lib/python3.11/site-packages/airflow/example_dags/example_display_name.py
[2025-07-17T06:37:57.115+0530] {processor.py:914} INFO - Processing file /Users/parth/Desktop/Engine/venv/lib/python3.11/site-packages/airflow/example_dags/example_display_name.py for tasks to queue
[2025-07-17T06:37:57.116+0530] {logging_mixin.py:190} INFO - [2025-07-17T06:37:57.115+0530] {dagbag.py:588} INFO - Filling up the DagBag from /Users/parth/Desktop/Engine/venv/lib/python3.11/site-packages/airflow/example_dags/example_display_name.py
[2025-07-17T06:37:57.142+0530] {processor.py:925} INFO - DAG(s) 'example_display_name' retrieved from /Users/parth/Desktop/Engine/venv/lib/python3.11/site-packages/airflow/example_dags/example_display_name.py
[2025-07-17T06:37:57.200+0530] {logging_mixin.py:190} INFO - [2025-07-17T06:37:57.200+0530] {dag.py:3239} INFO - Sync 1 DAGs
[2025-07-17T06:37:57.207+0530] {logging_mixin.py:190} INFO - [2025-07-17T06:37:57.207+0530] {dag.py:4180} INFO - Setting next_dagrun for example_display_name to None, run_after=None
[2025-07-17T06:37:57.220+0530] {processor.py:208} INFO - Processing /Users/parth/Desktop/Engine/venv/lib/python3.11/site-packages/airflow/example_dags/example_display_name.py took 0.108 seconds
[2025-07-17T07:23:24.974+0530] {processor.py:186} INFO - Started process (PID=23957) to work on /Users/parth/Desktop/Engine/venv/lib/python3.11/site-packages/airflow/example_dags/example_display_name.py
[2025-07-17T07:23:24.976+0530] {processor.py:914} INFO - Processing file /Users/parth/Desktop/Engine/venv/lib/python3.11/site-packages/airflow/example_dags/example_display_name.py for tasks to queue
[2025-07-17T07:23:24.977+0530] {logging_mixin.py:190} INFO - [2025-07-17T07:23:24.977+0530] {dagbag.py:588} INFO - Filling up the DagBag from /Users/parth/Desktop/Engine/venv/lib/python3.11/site-packages/airflow/example_dags/example_display_name.py
[2025-07-17T07:23:25.002+0530] {processor.py:925} INFO - DAG(s) 'example_display_name' retrieved from /Users/parth/Desktop/Engine/venv/lib/python3.11/site-packages/airflow/example_dags/example_display_name.py
[2025-07-17T07:23:25.065+0530] {logging_mixin.py:190} INFO - [2025-07-17T07:23:25.064+0530] {dag.py:3239} INFO - Sync 1 DAGs
[2025-07-17T07:23:25.072+0530] {logging_mixin.py:190} INFO - [2025-07-17T07:23:25.072+0530] {dag.py:4180} INFO - Setting next_dagrun for example_display_name to None, run_after=None
[2025-07-17T07:23:25.083+0530] {processor.py:208} INFO - Processing /Users/parth/Desktop/Engine/venv/lib/python3.11/site-packages/airflow/example_dags/example_display_name.py took 0.112 seconds
[2025-07-17T07:25:49.889+0530] {processor.py:186} INFO - Started process (PID=24921) to work on /Users/parth/Desktop/Engine/venv/lib/python3.11/site-packages/airflow/example_dags/example_display_name.py
[2025-07-17T07:25:49.890+0530] {processor.py:914} INFO - Processing file /Users/parth/Desktop/Engine/venv/lib/python3.11/site-packages/airflow/example_dags/example_display_name.py for tasks to queue
[2025-07-17T07:25:49.891+0530] {logging_mixin.py:190} INFO - [2025-07-17T07:25:49.891+0530] {dagbag.py:588} INFO - Filling up the DagBag from /Users/parth/Desktop/Engine/venv/lib/python3.11/site-packages/airflow/example_dags/example_display_name.py
[2025-07-17T07:25:49.916+0530] {processor.py:925} INFO - DAG(s) 'example_display_name' retrieved from /Users/parth/Desktop/Engine/venv/lib/python3.11/site-packages/airflow/example_dags/example_display_name.py
[2025-07-17T07:25:49.975+0530] {logging_mixin.py:190} INFO - [2025-07-17T07:25:49.975+0530] {dag.py:3239} INFO - Sync 1 DAGs
[2025-07-17T07:25:49.981+0530] {logging_mixin.py:190} INFO - [2025-07-17T07:25:49.981+0530] {dag.py:4180} INFO - Setting next_dagrun for example_display_name to None, run_after=None
[2025-07-17T07:25:49.992+0530] {processor.py:208} INFO - Processing /Users/parth/Desktop/Engine/venv/lib/python3.11/site-packages/airflow/example_dags/example_display_name.py took 0.106 seconds
[2025-07-17T07:29:21.504+0530] {processor.py:186} INFO - Started process (PID=26278) to work on /Users/parth/Desktop/Engine/venv/lib/python3.11/site-packages/airflow/example_dags/example_display_name.py
[2025-07-17T07:29:21.505+0530] {processor.py:914} INFO - Processing file /Users/parth/Desktop/Engine/venv/lib/python3.11/site-packages/airflow/example_dags/example_display_name.py for tasks to queue
[2025-07-17T07:29:21.506+0530] {logging_mixin.py:190} INFO - [2025-07-17T07:29:21.506+0530] {dagbag.py:588} INFO - Filling up the DagBag from /Users/parth/Desktop/Engine/venv/lib/python3.11/site-packages/airflow/example_dags/example_display_name.py
[2025-07-17T07:29:21.530+0530] {processor.py:925} INFO - DAG(s) 'example_display_name' retrieved from /Users/parth/Desktop/Engine/venv/lib/python3.11/site-packages/airflow/example_dags/example_display_name.py
[2025-07-17T07:29:21.589+0530] {logging_mixin.py:190} INFO - [2025-07-17T07:29:21.588+0530] {dag.py:3239} INFO - Sync 1 DAGs
[2025-07-17T07:29:21.595+0530] {logging_mixin.py:190} INFO - [2025-07-17T07:29:21.595+0530] {dag.py:4180} INFO - Setting next_dagrun for example_display_name to None, run_after=None
[2025-07-17T07:29:21.606+0530] {processor.py:208} INFO - Processing /Users/parth/Desktop/Engine/venv/lib/python3.11/site-packages/airflow/example_dags/example_display_name.py took 0.104 seconds
[2025-07-17T07:32:54.357+0530] {processor.py:186} INFO - Started process (PID=27664) to work on /Users/parth/Desktop/Engine/venv/lib/python3.11/site-packages/airflow/example_dags/example_display_name.py
[2025-07-17T07:32:54.358+0530] {processor.py:914} INFO - Processing file /Users/parth/Desktop/Engine/venv/lib/python3.11/site-packages/airflow/example_dags/example_display_name.py for tasks to queue
[2025-07-17T07:32:54.359+0530] {logging_mixin.py:190} INFO - [2025-07-17T07:32:54.359+0530] {dagbag.py:588} INFO - Filling up the DagBag from /Users/parth/Desktop/Engine/venv/lib/python3.11/site-packages/airflow/example_dags/example_display_name.py
[2025-07-17T07:32:54.383+0530] {processor.py:925} INFO - DAG(s) 'example_display_name' retrieved from /Users/parth/Desktop/Engine/venv/lib/python3.11/site-packages/airflow/example_dags/example_display_name.py
[2025-07-17T07:32:54.441+0530] {logging_mixin.py:190} INFO - [2025-07-17T07:32:54.441+0530] {dag.py:3239} INFO - Sync 1 DAGs
[2025-07-17T07:32:54.448+0530] {logging_mixin.py:190} INFO - [2025-07-17T07:32:54.448+0530] {dag.py:4180} INFO - Setting next_dagrun for example_display_name to None, run_after=None
[2025-07-17T07:32:54.458+0530] {processor.py:208} INFO - Processing /Users/parth/Desktop/Engine/venv/lib/python3.11/site-packages/airflow/example_dags/example_display_name.py took 0.103 seconds
[2025-07-17T07:36:42.115+0530] {processor.py:186} INFO - Started process (PID=29165) to work on /Users/parth/Desktop/Engine/venv/lib/python3.11/site-packages/airflow/example_dags/example_display_name.py
[2025-07-17T07:36:42.116+0530] {processor.py:914} INFO - Processing file /Users/parth/Desktop/Engine/venv/lib/python3.11/site-packages/airflow/example_dags/example_display_name.py for tasks to queue
[2025-07-17T07:36:42.117+0530] {logging_mixin.py:190} INFO - [2025-07-17T07:36:42.117+0530] {dagbag.py:588} INFO - Filling up the DagBag from /Users/parth/Desktop/Engine/venv/lib/python3.11/site-packages/airflow/example_dags/example_display_name.py
[2025-07-17T07:36:42.141+0530] {processor.py:925} INFO - DAG(s) 'example_display_name' retrieved from /Users/parth/Desktop/Engine/venv/lib/python3.11/site-packages/airflow/example_dags/example_display_name.py
[2025-07-17T07:36:42.200+0530] {logging_mixin.py:190} INFO - [2025-07-17T07:36:42.199+0530] {dag.py:3239} INFO - Sync 1 DAGs
[2025-07-17T07:36:42.206+0530] {logging_mixin.py:190} INFO - [2025-07-17T07:36:42.206+0530] {dag.py:4180} INFO - Setting next_dagrun for example_display_name to None, run_after=None
[2025-07-17T07:36:42.217+0530] {processor.py:208} INFO - Processing /Users/parth/Desktop/Engine/venv/lib/python3.11/site-packages/airflow/example_dags/example_display_name.py took 0.104 seconds
[2025-07-17T07:40:21.271+0530] {processor.py:186} INFO - Started process (PID=30588) to work on /Users/parth/Desktop/Engine/venv/lib/python3.11/site-packages/airflow/example_dags/example_display_name.py
[2025-07-17T07:40:21.272+0530] {processor.py:914} INFO - Processing file /Users/parth/Desktop/Engine/venv/lib/python3.11/site-packages/airflow/example_dags/example_display_name.py for tasks to queue
[2025-07-17T07:40:21.273+0530] {logging_mixin.py:190} INFO - [2025-07-17T07:40:21.272+0530] {dagbag.py:588} INFO - Filling up the DagBag from /Users/parth/Desktop/Engine/venv/lib/python3.11/site-packages/airflow/example_dags/example_display_name.py
[2025-07-17T07:40:21.297+0530] {processor.py:925} INFO - DAG(s) 'example_display_name' retrieved from /Users/parth/Desktop/Engine/venv/lib/python3.11/site-packages/airflow/example_dags/example_display_name.py
[2025-07-17T07:40:21.356+0530] {logging_mixin.py:190} INFO - [2025-07-17T07:40:21.355+0530] {dag.py:3239} INFO - Sync 1 DAGs
[2025-07-17T07:40:21.362+0530] {logging_mixin.py:190} INFO - [2025-07-17T07:40:21.362+0530] {dag.py:4180} INFO - Setting next_dagrun for example_display_name to None, run_after=None
[2025-07-17T07:40:21.374+0530] {processor.py:208} INFO - Processing /Users/parth/Desktop/Engine/venv/lib/python3.11/site-packages/airflow/example_dags/example_display_name.py took 0.105 seconds
[2025-07-17T07:44:56.464+0530] {processor.py:186} INFO - Started process (PID=32491) to work on /Users/parth/Desktop/Engine/venv/lib/python3.11/site-packages/airflow/example_dags/example_display_name.py
[2025-07-17T07:44:56.467+0530] {processor.py:914} INFO - Processing file /Users/parth/Desktop/Engine/venv/lib/python3.11/site-packages/airflow/example_dags/example_display_name.py for tasks to queue
[2025-07-17T07:44:56.476+0530] {logging_mixin.py:190} INFO - [2025-07-17T07:44:56.475+0530] {dagbag.py:588} INFO - Filling up the DagBag from /Users/parth/Desktop/Engine/venv/lib/python3.11/site-packages/airflow/example_dags/example_display_name.py
[2025-07-17T07:44:56.540+0530] {processor.py:925} INFO - DAG(s) 'example_display_name' retrieved from /Users/parth/Desktop/Engine/venv/lib/python3.11/site-packages/airflow/example_dags/example_display_name.py
[2025-07-17T07:44:56.688+0530] {logging_mixin.py:190} INFO - [2025-07-17T07:44:56.687+0530] {dag.py:3239} INFO - Sync 1 DAGs
[2025-07-17T07:44:56.709+0530] {logging_mixin.py:190} INFO - [2025-07-17T07:44:56.709+0530] {dag.py:4180} INFO - Setting next_dagrun for example_display_name to None, run_after=None
[2025-07-17T07:44:56.749+0530] {processor.py:208} INFO - Processing /Users/parth/Desktop/Engine/venv/lib/python3.11/site-packages/airflow/example_dags/example_display_name.py took 0.307 seconds
[2025-07-17T07:49:50.147+0530] {processor.py:186} INFO - Started process (PID=34503) to work on /Users/parth/Desktop/Engine/venv/lib/python3.11/site-packages/airflow/example_dags/example_display_name.py
[2025-07-17T07:49:50.149+0530] {processor.py:914} INFO - Processing file /Users/parth/Desktop/Engine/venv/lib/python3.11/site-packages/airflow/example_dags/example_display_name.py for tasks to queue
[2025-07-17T07:49:50.149+0530] {logging_mixin.py:190} INFO - [2025-07-17T07:49:50.149+0530] {dagbag.py:588} INFO - Filling up the DagBag from /Users/parth/Desktop/Engine/venv/lib/python3.11/site-packages/airflow/example_dags/example_display_name.py
[2025-07-17T07:49:50.175+0530] {processor.py:925} INFO - DAG(s) 'example_display_name' retrieved from /Users/parth/Desktop/Engine/venv/lib/python3.11/site-packages/airflow/example_dags/example_display_name.py
[2025-07-17T07:49:50.234+0530] {logging_mixin.py:190} INFO - [2025-07-17T07:49:50.234+0530] {dag.py:3239} INFO - Sync 1 DAGs
[2025-07-17T07:49:50.241+0530] {logging_mixin.py:190} INFO - [2025-07-17T07:49:50.241+0530] {dag.py:4180} INFO - Setting next_dagrun for example_display_name to None, run_after=None
[2025-07-17T07:49:50.254+0530] {processor.py:208} INFO - Processing /Users/parth/Desktop/Engine/venv/lib/python3.11/site-packages/airflow/example_dags/example_display_name.py took 0.109 seconds
[2025-07-17T07:54:57.946+0530] {processor.py:186} INFO - Started process (PID=36670) to work on /Users/parth/Desktop/Engine/venv/lib/python3.11/site-packages/airflow/example_dags/example_display_name.py
[2025-07-17T07:54:57.947+0530] {processor.py:914} INFO - Processing file /Users/parth/Desktop/Engine/venv/lib/python3.11/site-packages/airflow/example_dags/example_display_name.py for tasks to queue
[2025-07-17T07:54:57.948+0530] {logging_mixin.py:190} INFO - [2025-07-17T07:54:57.947+0530] {dagbag.py:588} INFO - Filling up the DagBag from /Users/parth/Desktop/Engine/venv/lib/python3.11/site-packages/airflow/example_dags/example_display_name.py
[2025-07-17T07:54:57.974+0530] {processor.py:925} INFO - DAG(s) 'example_display_name' retrieved from /Users/parth/Desktop/Engine/venv/lib/python3.11/site-packages/airflow/example_dags/example_display_name.py
[2025-07-17T07:54:58.036+0530] {logging_mixin.py:190} INFO - [2025-07-17T07:54:58.036+0530] {dag.py:3239} INFO - Sync 1 DAGs
[2025-07-17T07:54:58.045+0530] {logging_mixin.py:190} INFO - [2025-07-17T07:54:58.045+0530] {dag.py:4180} INFO - Setting next_dagrun for example_display_name to None, run_after=None
[2025-07-17T07:54:58.061+0530] {processor.py:208} INFO - Processing /Users/parth/Desktop/Engine/venv/lib/python3.11/site-packages/airflow/example_dags/example_display_name.py took 0.118 seconds
[2025-07-17T07:58:56.888+0530] {processor.py:186} INFO - Started process (PID=38295) to work on /Users/parth/Desktop/Engine/venv/lib/python3.11/site-packages/airflow/example_dags/example_display_name.py
[2025-07-17T07:58:56.889+0530] {processor.py:914} INFO - Processing file /Users/parth/Desktop/Engine/venv/lib/python3.11/site-packages/airflow/example_dags/example_display_name.py for tasks to queue
[2025-07-17T07:58:56.890+0530] {logging_mixin.py:190} INFO - [2025-07-17T07:58:56.890+0530] {dagbag.py:588} INFO - Filling up the DagBag from /Users/parth/Desktop/Engine/venv/lib/python3.11/site-packages/airflow/example_dags/example_display_name.py
[2025-07-17T07:58:56.914+0530] {processor.py:925} INFO - DAG(s) 'example_display_name' retrieved from /Users/parth/Desktop/Engine/venv/lib/python3.11/site-packages/airflow/example_dags/example_display_name.py
[2025-07-17T07:58:56.971+0530] {logging_mixin.py:190} INFO - [2025-07-17T07:58:56.971+0530] {dag.py:3239} INFO - Sync 1 DAGs
[2025-07-17T07:58:56.977+0530] {logging_mixin.py:190} INFO - [2025-07-17T07:58:56.977+0530] {dag.py:4180} INFO - Setting next_dagrun for example_display_name to None, run_after=None
[2025-07-17T07:58:56.988+0530] {processor.py:208} INFO - Processing /Users/parth/Desktop/Engine/venv/lib/python3.11/site-packages/airflow/example_dags/example_display_name.py took 0.102 seconds
[2025-07-17T08:03:24.794+0530] {processor.py:186} INFO - Started process (PID=40017) to work on /Users/parth/Desktop/Engine/venv/lib/python3.11/site-packages/airflow/example_dags/example_display_name.py
[2025-07-17T08:03:24.795+0530] {processor.py:914} INFO - Processing file /Users/parth/Desktop/Engine/venv/lib/python3.11/site-packages/airflow/example_dags/example_display_name.py for tasks to queue
[2025-07-17T08:03:24.795+0530] {logging_mixin.py:190} INFO - [2025-07-17T08:03:24.795+0530] {dagbag.py:588} INFO - Filling up the DagBag from /Users/parth/Desktop/Engine/venv/lib/python3.11/site-packages/airflow/example_dags/example_display_name.py
[2025-07-17T08:03:24.821+0530] {processor.py:925} INFO - DAG(s) 'example_display_name' retrieved from /Users/parth/Desktop/Engine/venv/lib/python3.11/site-packages/airflow/example_dags/example_display_name.py
[2025-07-17T08:03:24.884+0530] {logging_mixin.py:190} INFO - [2025-07-17T08:03:24.883+0530] {dag.py:3239} INFO - Sync 1 DAGs
[2025-07-17T08:03:24.891+0530] {logging_mixin.py:190} INFO - [2025-07-17T08:03:24.891+0530] {dag.py:4180} INFO - Setting next_dagrun for example_display_name to None, run_after=None
[2025-07-17T08:03:24.902+0530] {processor.py:208} INFO - Processing /Users/parth/Desktop/Engine/venv/lib/python3.11/site-packages/airflow/example_dags/example_display_name.py took 0.111 seconds
[2025-07-17T08:07:33.991+0530] {processor.py:186} INFO - Started process (PID=41750) to work on /Users/parth/Desktop/Engine/venv/lib/python3.11/site-packages/airflow/example_dags/example_display_name.py
[2025-07-17T08:07:33.992+0530] {processor.py:914} INFO - Processing file /Users/parth/Desktop/Engine/venv/lib/python3.11/site-packages/airflow/example_dags/example_display_name.py for tasks to queue
[2025-07-17T08:07:33.993+0530] {logging_mixin.py:190} INFO - [2025-07-17T08:07:33.993+0530] {dagbag.py:588} INFO - Filling up the DagBag from /Users/parth/Desktop/Engine/venv/lib/python3.11/site-packages/airflow/example_dags/example_display_name.py
[2025-07-17T08:07:34.017+0530] {processor.py:925} INFO - DAG(s) 'example_display_name' retrieved from /Users/parth/Desktop/Engine/venv/lib/python3.11/site-packages/airflow/example_dags/example_display_name.py
[2025-07-17T08:07:34.170+0530] {logging_mixin.py:190} INFO - [2025-07-17T08:07:34.170+0530] {dag.py:3239} INFO - Sync 1 DAGs
[2025-07-17T08:07:34.180+0530] {logging_mixin.py:190} INFO - [2025-07-17T08:07:34.180+0530] {dag.py:4180} INFO - Setting next_dagrun for example_display_name to None, run_after=None
[2025-07-17T08:07:34.200+0530] {processor.py:208} INFO - Processing /Users/parth/Desktop/Engine/venv/lib/python3.11/site-packages/airflow/example_dags/example_display_name.py took 0.210 seconds
[2025-07-17T08:11:37.737+0530] {processor.py:186} INFO - Started process (PID=43397) to work on /Users/parth/Desktop/Engine/venv/lib/python3.11/site-packages/airflow/example_dags/example_display_name.py
[2025-07-17T08:11:37.738+0530] {processor.py:914} INFO - Processing file /Users/parth/Desktop/Engine/venv/lib/python3.11/site-packages/airflow/example_dags/example_display_name.py for tasks to queue
[2025-07-17T08:11:37.739+0530] {logging_mixin.py:190} INFO - [2025-07-17T08:11:37.739+0530] {dagbag.py:588} INFO - Filling up the DagBag from /Users/parth/Desktop/Engine/venv/lib/python3.11/site-packages/airflow/example_dags/example_display_name.py
[2025-07-17T08:11:37.763+0530] {processor.py:925} INFO - DAG(s) 'example_display_name' retrieved from /Users/parth/Desktop/Engine/venv/lib/python3.11/site-packages/airflow/example_dags/example_display_name.py
[2025-07-17T08:11:37.821+0530] {logging_mixin.py:190} INFO - [2025-07-17T08:11:37.821+0530] {dag.py:3239} INFO - Sync 1 DAGs
[2025-07-17T08:11:37.828+0530] {logging_mixin.py:190} INFO - [2025-07-17T08:11:37.827+0530] {dag.py:4180} INFO - Setting next_dagrun for example_display_name to None, run_after=None
[2025-07-17T08:11:37.838+0530] {processor.py:208} INFO - Processing /Users/parth/Desktop/Engine/venv/lib/python3.11/site-packages/airflow/example_dags/example_display_name.py took 0.103 seconds
[2025-07-17T08:19:52.215+0530] {processor.py:186} INFO - Started process (PID=44836) to work on /Users/parth/Desktop/Engine/venv/lib/python3.11/site-packages/airflow/example_dags/example_display_name.py
[2025-07-17T08:19:52.216+0530] {processor.py:914} INFO - Processing file /Users/parth/Desktop/Engine/venv/lib/python3.11/site-packages/airflow/example_dags/example_display_name.py for tasks to queue
[2025-07-17T08:19:52.217+0530] {logging_mixin.py:190} INFO - [2025-07-17T08:19:52.216+0530] {dagbag.py:588} INFO - Filling up the DagBag from /Users/parth/Desktop/Engine/venv/lib/python3.11/site-packages/airflow/example_dags/example_display_name.py
[2025-07-17T08:19:52.241+0530] {processor.py:925} INFO - DAG(s) 'example_display_name' retrieved from /Users/parth/Desktop/Engine/venv/lib/python3.11/site-packages/airflow/example_dags/example_display_name.py
[2025-07-17T08:19:52.299+0530] {logging_mixin.py:190} INFO - [2025-07-17T08:19:52.299+0530] {dag.py:3239} INFO - Sync 1 DAGs
[2025-07-17T08:19:52.305+0530] {logging_mixin.py:190} INFO - [2025-07-17T08:19:52.305+0530] {dag.py:4180} INFO - Setting next_dagrun for example_display_name to None, run_after=None
[2025-07-17T08:19:52.316+0530] {processor.py:208} INFO - Processing /Users/parth/Desktop/Engine/venv/lib/python3.11/site-packages/airflow/example_dags/example_display_name.py took 0.103 seconds
[2025-07-17T08:23:23.113+0530] {processor.py:186} INFO - Started process (PID=46218) to work on /Users/parth/Desktop/Engine/venv/lib/python3.11/site-packages/airflow/example_dags/example_display_name.py
[2025-07-17T08:23:23.114+0530] {processor.py:914} INFO - Processing file /Users/parth/Desktop/Engine/venv/lib/python3.11/site-packages/airflow/example_dags/example_display_name.py for tasks to queue
[2025-07-17T08:23:23.115+0530] {logging_mixin.py:190} INFO - [2025-07-17T08:23:23.115+0530] {dagbag.py:588} INFO - Filling up the DagBag from /Users/parth/Desktop/Engine/venv/lib/python3.11/site-packages/airflow/example_dags/example_display_name.py
[2025-07-17T08:23:23.139+0530] {processor.py:925} INFO - DAG(s) 'example_display_name' retrieved from /Users/parth/Desktop/Engine/venv/lib/python3.11/site-packages/airflow/example_dags/example_display_name.py
[2025-07-17T08:23:23.198+0530] {logging_mixin.py:190} INFO - [2025-07-17T08:23:23.198+0530] {dag.py:3239} INFO - Sync 1 DAGs
[2025-07-17T08:23:23.205+0530] {logging_mixin.py:190} INFO - [2025-07-17T08:23:23.204+0530] {dag.py:4180} INFO - Setting next_dagrun for example_display_name to None, run_after=None
[2025-07-17T08:23:23.215+0530] {processor.py:208} INFO - Processing /Users/parth/Desktop/Engine/venv/lib/python3.11/site-packages/airflow/example_dags/example_display_name.py took 0.104 seconds
[2025-07-17T08:26:54.040+0530] {processor.py:186} INFO - Started process (PID=47649) to work on /Users/parth/Desktop/Engine/venv/lib/python3.11/site-packages/airflow/example_dags/example_display_name.py
[2025-07-17T08:26:54.040+0530] {processor.py:914} INFO - Processing file /Users/parth/Desktop/Engine/venv/lib/python3.11/site-packages/airflow/example_dags/example_display_name.py for tasks to queue
[2025-07-17T08:26:54.041+0530] {logging_mixin.py:190} INFO - [2025-07-17T08:26:54.041+0530] {dagbag.py:588} INFO - Filling up the DagBag from /Users/parth/Desktop/Engine/venv/lib/python3.11/site-packages/airflow/example_dags/example_display_name.py
[2025-07-17T08:26:54.065+0530] {processor.py:925} INFO - DAG(s) 'example_display_name' retrieved from /Users/parth/Desktop/Engine/venv/lib/python3.11/site-packages/airflow/example_dags/example_display_name.py
[2025-07-17T08:26:54.123+0530] {logging_mixin.py:190} INFO - [2025-07-17T08:26:54.123+0530] {dag.py:3239} INFO - Sync 1 DAGs
[2025-07-17T08:26:54.130+0530] {logging_mixin.py:190} INFO - [2025-07-17T08:26:54.130+0530] {dag.py:4180} INFO - Setting next_dagrun for example_display_name to None, run_after=None
[2025-07-17T08:26:54.140+0530] {processor.py:208} INFO - Processing /Users/parth/Desktop/Engine/venv/lib/python3.11/site-packages/airflow/example_dags/example_display_name.py took 0.103 seconds
[2025-07-17T08:35:07.234+0530] {processor.py:186} INFO - Started process (PID=49301) to work on /Users/parth/Desktop/Engine/venv/lib/python3.11/site-packages/airflow/example_dags/example_display_name.py
[2025-07-17T08:35:07.235+0530] {processor.py:914} INFO - Processing file /Users/parth/Desktop/Engine/venv/lib/python3.11/site-packages/airflow/example_dags/example_display_name.py for tasks to queue
[2025-07-17T08:35:07.236+0530] {logging_mixin.py:190} INFO - [2025-07-17T08:35:07.236+0530] {dagbag.py:588} INFO - Filling up the DagBag from /Users/parth/Desktop/Engine/venv/lib/python3.11/site-packages/airflow/example_dags/example_display_name.py
[2025-07-17T08:35:07.263+0530] {processor.py:925} INFO - DAG(s) 'example_display_name' retrieved from /Users/parth/Desktop/Engine/venv/lib/python3.11/site-packages/airflow/example_dags/example_display_name.py
[2025-07-17T08:35:07.321+0530] {logging_mixin.py:190} INFO - [2025-07-17T08:35:07.321+0530] {dag.py:3239} INFO - Sync 1 DAGs
[2025-07-17T08:35:07.327+0530] {logging_mixin.py:190} INFO - [2025-07-17T08:35:07.327+0530] {dag.py:4180} INFO - Setting next_dagrun for example_display_name to None, run_after=None
[2025-07-17T08:35:07.337+0530] {processor.py:208} INFO - Processing /Users/parth/Desktop/Engine/venv/lib/python3.11/site-packages/airflow/example_dags/example_display_name.py took 0.106 seconds
[2025-07-17T08:38:37.854+0530] {processor.py:186} INFO - Started process (PID=50666) to work on /Users/parth/Desktop/Engine/venv/lib/python3.11/site-packages/airflow/example_dags/example_display_name.py
[2025-07-17T08:38:37.856+0530] {processor.py:914} INFO - Processing file /Users/parth/Desktop/Engine/venv/lib/python3.11/site-packages/airflow/example_dags/example_display_name.py for tasks to queue
[2025-07-17T08:38:37.856+0530] {logging_mixin.py:190} INFO - [2025-07-17T08:38:37.856+0530] {dagbag.py:588} INFO - Filling up the DagBag from /Users/parth/Desktop/Engine/venv/lib/python3.11/site-packages/airflow/example_dags/example_display_name.py
[2025-07-17T08:38:37.881+0530] {processor.py:925} INFO - DAG(s) 'example_display_name' retrieved from /Users/parth/Desktop/Engine/venv/lib/python3.11/site-packages/airflow/example_dags/example_display_name.py
[2025-07-17T08:38:37.941+0530] {logging_mixin.py:190} INFO - [2025-07-17T08:38:37.940+0530] {dag.py:3239} INFO - Sync 1 DAGs
[2025-07-17T08:38:37.947+0530] {logging_mixin.py:190} INFO - [2025-07-17T08:38:37.947+0530] {dag.py:4180} INFO - Setting next_dagrun for example_display_name to None, run_after=None
[2025-07-17T08:38:37.958+0530] {processor.py:208} INFO - Processing /Users/parth/Desktop/Engine/venv/lib/python3.11/site-packages/airflow/example_dags/example_display_name.py took 0.106 seconds
[2025-07-17T10:01:03.966+0530] {processor.py:186} INFO - Started process (PID=52283) to work on /Users/parth/Desktop/Engine/venv/lib/python3.11/site-packages/airflow/example_dags/example_display_name.py
[2025-07-17T10:01:03.967+0530] {processor.py:914} INFO - Processing file /Users/parth/Desktop/Engine/venv/lib/python3.11/site-packages/airflow/example_dags/example_display_name.py for tasks to queue
[2025-07-17T10:01:03.968+0530] {logging_mixin.py:190} INFO - [2025-07-17T10:01:03.968+0530] {dagbag.py:588} INFO - Filling up the DagBag from /Users/parth/Desktop/Engine/venv/lib/python3.11/site-packages/airflow/example_dags/example_display_name.py
[2025-07-17T10:01:03.992+0530] {processor.py:925} INFO - DAG(s) 'example_display_name' retrieved from /Users/parth/Desktop/Engine/venv/lib/python3.11/site-packages/airflow/example_dags/example_display_name.py
[2025-07-17T10:01:04.049+0530] {logging_mixin.py:190} INFO - [2025-07-17T10:01:04.049+0530] {dag.py:3239} INFO - Sync 1 DAGs
[2025-07-17T10:01:04.056+0530] {logging_mixin.py:190} INFO - [2025-07-17T10:01:04.056+0530] {dag.py:4180} INFO - Setting next_dagrun for example_display_name to None, run_after=None
[2025-07-17T10:01:04.066+0530] {processor.py:208} INFO - Processing /Users/parth/Desktop/Engine/venv/lib/python3.11/site-packages/airflow/example_dags/example_display_name.py took 0.102 seconds
