[2025-07-17T07:16:08.964+0530] {processor.py:186} INFO - Started process (PID=23450) to work on /Users/parth/Desktop/Engine/venv/lib/python3.11/site-packages/airflow/example_dags/example_trigger_controller_dag.py
[2025-07-17T07:16:08.965+0530] {processor.py:914} INFO - Processing file /Users/parth/Desktop/Engine/venv/lib/python3.11/site-packages/airflow/example_dags/example_trigger_controller_dag.py for tasks to queue
[2025-07-17T07:16:08.965+0530] {logging_mixin.py:190} INFO - [2025-07-17T07:16:08.965+0530] {dagbag.py:588} INFO - Filling up the DagBag from /Users/parth/Desktop/Engine/venv/lib/python3.11/site-packages/airflow/example_dags/example_trigger_controller_dag.py
[2025-07-17T07:16:08.972+0530] {processor.py:925} INFO - DAG(s) 'example_trigger_controller_dag' retrieved from /Users/parth/Desktop/Engine/venv/lib/python3.11/site-packages/airflow/example_dags/example_trigger_controller_dag.py
[2025-07-17T07:16:09.029+0530] {logging_mixin.py:190} INFO - [2025-07-17T07:16:09.029+0530] {dag.py:3239} INFO - Sync 1 DAGs
[2025-07-17T07:16:09.040+0530] {logging_mixin.py:190} INFO - [2025-07-17T07:16:09.040+0530] {dag.py:4180} INFO - Setting next_dagrun for example_trigger_controller_dag to 2021-01-01 00:00:00+00:00, run_after=2021-01-01 00:00:00+00:00
[2025-07-17T07:16:09.050+0530] {processor.py:208} INFO - Processing /Users/parth/Desktop/Engine/venv/lib/python3.11/site-packages/airflow/example_dags/example_trigger_controller_dag.py took 0.089 seconds
[2025-07-17T07:24:40.681+0530] {processor.py:186} INFO - Started process (PID=24465) to work on /Users/parth/Desktop/Engine/venv/lib/python3.11/site-packages/airflow/example_dags/example_trigger_controller_dag.py
[2025-07-17T07:24:40.682+0530] {processor.py:914} INFO - Processing file /Users/parth/Desktop/Engine/venv/lib/python3.11/site-packages/airflow/example_dags/example_trigger_controller_dag.py for tasks to queue
[2025-07-17T07:24:40.682+0530] {logging_mixin.py:190} INFO - [2025-07-17T07:24:40.682+0530] {dagbag.py:588} INFO - Filling up the DagBag from /Users/parth/Desktop/Engine/venv/lib/python3.11/site-packages/airflow/example_dags/example_trigger_controller_dag.py
[2025-07-17T07:24:40.689+0530] {processor.py:925} INFO - DAG(s) 'example_trigger_controller_dag' retrieved from /Users/parth/Desktop/Engine/venv/lib/python3.11/site-packages/airflow/example_dags/example_trigger_controller_dag.py
[2025-07-17T07:24:40.746+0530] {logging_mixin.py:190} INFO - [2025-07-17T07:24:40.746+0530] {dag.py:3239} INFO - Sync 1 DAGs
[2025-07-17T07:24:40.757+0530] {logging_mixin.py:190} INFO - [2025-07-17T07:24:40.757+0530] {dag.py:4180} INFO - Setting next_dagrun for example_trigger_controller_dag to 2021-01-01 00:00:00+00:00, run_after=2021-01-01 00:00:00+00:00
[2025-07-17T07:24:40.767+0530] {processor.py:208} INFO - Processing /Users/parth/Desktop/Engine/venv/lib/python3.11/site-packages/airflow/example_dags/example_trigger_controller_dag.py took 0.089 seconds
[2025-07-17T07:26:35.495+0530] {processor.py:186} INFO - Started process (PID=25208) to work on /Users/parth/Desktop/Engine/venv/lib/python3.11/site-packages/airflow/example_dags/example_trigger_controller_dag.py
[2025-07-17T07:26:35.496+0530] {processor.py:914} INFO - Processing file /Users/parth/Desktop/Engine/venv/lib/python3.11/site-packages/airflow/example_dags/example_trigger_controller_dag.py for tasks to queue
[2025-07-17T07:26:35.497+0530] {logging_mixin.py:190} INFO - [2025-07-17T07:26:35.497+0530] {dagbag.py:588} INFO - Filling up the DagBag from /Users/parth/Desktop/Engine/venv/lib/python3.11/site-packages/airflow/example_dags/example_trigger_controller_dag.py
[2025-07-17T07:26:35.504+0530] {processor.py:925} INFO - DAG(s) 'example_trigger_controller_dag' retrieved from /Users/parth/Desktop/Engine/venv/lib/python3.11/site-packages/airflow/example_dags/example_trigger_controller_dag.py
[2025-07-17T07:26:35.561+0530] {logging_mixin.py:190} INFO - [2025-07-17T07:26:35.561+0530] {dag.py:3239} INFO - Sync 1 DAGs
[2025-07-17T07:26:35.573+0530] {logging_mixin.py:190} INFO - [2025-07-17T07:26:35.572+0530] {dag.py:4180} INFO - Setting next_dagrun for example_trigger_controller_dag to 2021-01-01 00:00:00+00:00, run_after=2021-01-01 00:00:00+00:00
[2025-07-17T07:26:35.584+0530] {processor.py:208} INFO - Processing /Users/parth/Desktop/Engine/venv/lib/python3.11/site-packages/airflow/example_dags/example_trigger_controller_dag.py took 0.091 seconds
[2025-07-17T07:28:22.174+0530] {processor.py:186} INFO - Started process (PID=25893) to work on /Users/parth/Desktop/Engine/venv/lib/python3.11/site-packages/airflow/example_dags/example_trigger_controller_dag.py
[2025-07-17T07:28:22.175+0530] {processor.py:914} INFO - Processing file /Users/parth/Desktop/Engine/venv/lib/python3.11/site-packages/airflow/example_dags/example_trigger_controller_dag.py for tasks to queue
[2025-07-17T07:28:22.175+0530] {logging_mixin.py:190} INFO - [2025-07-17T07:28:22.175+0530] {dagbag.py:588} INFO - Filling up the DagBag from /Users/parth/Desktop/Engine/venv/lib/python3.11/site-packages/airflow/example_dags/example_trigger_controller_dag.py
[2025-07-17T07:28:22.182+0530] {processor.py:925} INFO - DAG(s) 'example_trigger_controller_dag' retrieved from /Users/parth/Desktop/Engine/venv/lib/python3.11/site-packages/airflow/example_dags/example_trigger_controller_dag.py
[2025-07-17T07:28:22.239+0530] {logging_mixin.py:190} INFO - [2025-07-17T07:28:22.239+0530] {dag.py:3239} INFO - Sync 1 DAGs
[2025-07-17T07:28:22.250+0530] {logging_mixin.py:190} INFO - [2025-07-17T07:28:22.250+0530] {dag.py:4180} INFO - Setting next_dagrun for example_trigger_controller_dag to 2021-01-01 00:00:00+00:00, run_after=2021-01-01 00:00:00+00:00
[2025-07-17T07:28:22.260+0530] {processor.py:208} INFO - Processing /Users/parth/Desktop/Engine/venv/lib/python3.11/site-packages/airflow/example_dags/example_trigger_controller_dag.py took 0.089 seconds
[2025-07-17T07:30:05.948+0530] {processor.py:186} INFO - Started process (PID=26565) to work on /Users/parth/Desktop/Engine/venv/lib/python3.11/site-packages/airflow/example_dags/example_trigger_controller_dag.py
[2025-07-17T07:30:05.949+0530] {processor.py:914} INFO - Processing file /Users/parth/Desktop/Engine/venv/lib/python3.11/site-packages/airflow/example_dags/example_trigger_controller_dag.py for tasks to queue
[2025-07-17T07:30:05.950+0530] {logging_mixin.py:190} INFO - [2025-07-17T07:30:05.950+0530] {dagbag.py:588} INFO - Filling up the DagBag from /Users/parth/Desktop/Engine/venv/lib/python3.11/site-packages/airflow/example_dags/example_trigger_controller_dag.py
[2025-07-17T07:30:05.957+0530] {processor.py:925} INFO - DAG(s) 'example_trigger_controller_dag' retrieved from /Users/parth/Desktop/Engine/venv/lib/python3.11/site-packages/airflow/example_dags/example_trigger_controller_dag.py
[2025-07-17T07:30:06.013+0530] {logging_mixin.py:190} INFO - [2025-07-17T07:30:06.013+0530] {dag.py:3239} INFO - Sync 1 DAGs
[2025-07-17T07:30:06.024+0530] {logging_mixin.py:190} INFO - [2025-07-17T07:30:06.024+0530] {dag.py:4180} INFO - Setting next_dagrun for example_trigger_controller_dag to 2021-01-01 00:00:00+00:00, run_after=2021-01-01 00:00:00+00:00
[2025-07-17T07:30:06.034+0530] {processor.py:208} INFO - Processing /Users/parth/Desktop/Engine/venv/lib/python3.11/site-packages/airflow/example_dags/example_trigger_controller_dag.py took 0.089 seconds
[2025-07-17T07:31:51.135+0530] {processor.py:186} INFO - Started process (PID=27238) to work on /Users/parth/Desktop/Engine/venv/lib/python3.11/site-packages/airflow/example_dags/example_trigger_controller_dag.py
[2025-07-17T07:31:51.136+0530] {processor.py:914} INFO - Processing file /Users/parth/Desktop/Engine/venv/lib/python3.11/site-packages/airflow/example_dags/example_trigger_controller_dag.py for tasks to queue
[2025-07-17T07:31:51.137+0530] {logging_mixin.py:190} INFO - [2025-07-17T07:31:51.137+0530] {dagbag.py:588} INFO - Filling up the DagBag from /Users/parth/Desktop/Engine/venv/lib/python3.11/site-packages/airflow/example_dags/example_trigger_controller_dag.py
[2025-07-17T07:31:51.144+0530] {processor.py:925} INFO - DAG(s) 'example_trigger_controller_dag' retrieved from /Users/parth/Desktop/Engine/venv/lib/python3.11/site-packages/airflow/example_dags/example_trigger_controller_dag.py
[2025-07-17T07:31:51.201+0530] {logging_mixin.py:190} INFO - [2025-07-17T07:31:51.200+0530] {dag.py:3239} INFO - Sync 1 DAGs
[2025-07-17T07:31:51.211+0530] {logging_mixin.py:190} INFO - [2025-07-17T07:31:51.211+0530] {dag.py:4180} INFO - Setting next_dagrun for example_trigger_controller_dag to 2021-01-01 00:00:00+00:00, run_after=2021-01-01 00:00:00+00:00
[2025-07-17T07:31:51.222+0530] {processor.py:208} INFO - Processing /Users/parth/Desktop/Engine/venv/lib/python3.11/site-packages/airflow/example_dags/example_trigger_controller_dag.py took 0.090 seconds
[2025-07-17T07:33:37.162+0530] {processor.py:186} INFO - Started process (PID=27943) to work on /Users/parth/Desktop/Engine/venv/lib/python3.11/site-packages/airflow/example_dags/example_trigger_controller_dag.py
[2025-07-17T07:33:37.164+0530] {processor.py:914} INFO - Processing file /Users/parth/Desktop/Engine/venv/lib/python3.11/site-packages/airflow/example_dags/example_trigger_controller_dag.py for tasks to queue
[2025-07-17T07:33:37.164+0530] {logging_mixin.py:190} INFO - [2025-07-17T07:33:37.164+0530] {dagbag.py:588} INFO - Filling up the DagBag from /Users/parth/Desktop/Engine/venv/lib/python3.11/site-packages/airflow/example_dags/example_trigger_controller_dag.py
[2025-07-17T07:33:37.171+0530] {processor.py:925} INFO - DAG(s) 'example_trigger_controller_dag' retrieved from /Users/parth/Desktop/Engine/venv/lib/python3.11/site-packages/airflow/example_dags/example_trigger_controller_dag.py
[2025-07-17T07:33:37.228+0530] {logging_mixin.py:190} INFO - [2025-07-17T07:33:37.228+0530] {dag.py:3239} INFO - Sync 1 DAGs
[2025-07-17T07:33:37.238+0530] {logging_mixin.py:190} INFO - [2025-07-17T07:33:37.238+0530] {dag.py:4180} INFO - Setting next_dagrun for example_trigger_controller_dag to 2021-01-01 00:00:00+00:00, run_after=2021-01-01 00:00:00+00:00
[2025-07-17T07:33:37.249+0530] {processor.py:208} INFO - Processing /Users/parth/Desktop/Engine/venv/lib/python3.11/site-packages/airflow/example_dags/example_trigger_controller_dag.py took 0.089 seconds
[2025-07-17T07:35:27.355+0530] {processor.py:186} INFO - Started process (PID=28678) to work on /Users/parth/Desktop/Engine/venv/lib/python3.11/site-packages/airflow/example_dags/example_trigger_controller_dag.py
[2025-07-17T07:35:27.355+0530] {processor.py:914} INFO - Processing file /Users/parth/Desktop/Engine/venv/lib/python3.11/site-packages/airflow/example_dags/example_trigger_controller_dag.py for tasks to queue
[2025-07-17T07:35:27.356+0530] {logging_mixin.py:190} INFO - [2025-07-17T07:35:27.356+0530] {dagbag.py:588} INFO - Filling up the DagBag from /Users/parth/Desktop/Engine/venv/lib/python3.11/site-packages/airflow/example_dags/example_trigger_controller_dag.py
[2025-07-17T07:35:27.363+0530] {processor.py:925} INFO - DAG(s) 'example_trigger_controller_dag' retrieved from /Users/parth/Desktop/Engine/venv/lib/python3.11/site-packages/airflow/example_dags/example_trigger_controller_dag.py
[2025-07-17T07:35:27.422+0530] {logging_mixin.py:190} INFO - [2025-07-17T07:35:27.422+0530] {dag.py:3239} INFO - Sync 1 DAGs
[2025-07-17T07:35:27.434+0530] {logging_mixin.py:190} INFO - [2025-07-17T07:35:27.433+0530] {dag.py:4180} INFO - Setting next_dagrun for example_trigger_controller_dag to 2021-01-01 00:00:00+00:00, run_after=2021-01-01 00:00:00+00:00
[2025-07-17T07:35:27.445+0530] {processor.py:208} INFO - Processing /Users/parth/Desktop/Engine/venv/lib/python3.11/site-packages/airflow/example_dags/example_trigger_controller_dag.py took 0.093 seconds
[2025-07-17T07:37:25.905+0530] {processor.py:186} INFO - Started process (PID=29438) to work on /Users/parth/Desktop/Engine/venv/lib/python3.11/site-packages/airflow/example_dags/example_trigger_controller_dag.py
[2025-07-17T07:37:25.906+0530] {processor.py:914} INFO - Processing file /Users/parth/Desktop/Engine/venv/lib/python3.11/site-packages/airflow/example_dags/example_trigger_controller_dag.py for tasks to queue
[2025-07-17T07:37:25.907+0530] {logging_mixin.py:190} INFO - [2025-07-17T07:37:25.907+0530] {dagbag.py:588} INFO - Filling up the DagBag from /Users/parth/Desktop/Engine/venv/lib/python3.11/site-packages/airflow/example_dags/example_trigger_controller_dag.py
[2025-07-17T07:37:25.914+0530] {processor.py:925} INFO - DAG(s) 'example_trigger_controller_dag' retrieved from /Users/parth/Desktop/Engine/venv/lib/python3.11/site-packages/airflow/example_dags/example_trigger_controller_dag.py
[2025-07-17T07:37:25.971+0530] {logging_mixin.py:190} INFO - [2025-07-17T07:37:25.971+0530] {dag.py:3239} INFO - Sync 1 DAGs
[2025-07-17T07:37:25.982+0530] {logging_mixin.py:190} INFO - [2025-07-17T07:37:25.981+0530] {dag.py:4180} INFO - Setting next_dagrun for example_trigger_controller_dag to 2021-01-01 00:00:00+00:00, run_after=2021-01-01 00:00:00+00:00
[2025-07-17T07:37:25.992+0530] {processor.py:208} INFO - Processing /Users/parth/Desktop/Engine/venv/lib/python3.11/site-packages/airflow/example_dags/example_trigger_controller_dag.py took 0.090 seconds
[2025-07-17T07:39:17.251+0530] {processor.py:186} INFO - Started process (PID=30178) to work on /Users/parth/Desktop/Engine/venv/lib/python3.11/site-packages/airflow/example_dags/example_trigger_controller_dag.py
[2025-07-17T07:39:17.252+0530] {processor.py:914} INFO - Processing file /Users/parth/Desktop/Engine/venv/lib/python3.11/site-packages/airflow/example_dags/example_trigger_controller_dag.py for tasks to queue
[2025-07-17T07:39:17.253+0530] {logging_mixin.py:190} INFO - [2025-07-17T07:39:17.253+0530] {dagbag.py:588} INFO - Filling up the DagBag from /Users/parth/Desktop/Engine/venv/lib/python3.11/site-packages/airflow/example_dags/example_trigger_controller_dag.py
[2025-07-17T07:39:17.260+0530] {processor.py:925} INFO - DAG(s) 'example_trigger_controller_dag' retrieved from /Users/parth/Desktop/Engine/venv/lib/python3.11/site-packages/airflow/example_dags/example_trigger_controller_dag.py
[2025-07-17T07:39:17.317+0530] {logging_mixin.py:190} INFO - [2025-07-17T07:39:17.317+0530] {dag.py:3239} INFO - Sync 1 DAGs
[2025-07-17T07:39:17.328+0530] {logging_mixin.py:190} INFO - [2025-07-17T07:39:17.328+0530] {dag.py:4180} INFO - Setting next_dagrun for example_trigger_controller_dag to 2021-01-01 00:00:00+00:00, run_after=2021-01-01 00:00:00+00:00
[2025-07-17T07:39:17.338+0530] {processor.py:208} INFO - Processing /Users/parth/Desktop/Engine/venv/lib/python3.11/site-packages/airflow/example_dags/example_trigger_controller_dag.py took 0.089 seconds
[2025-07-17T07:41:11.634+0530] {processor.py:186} INFO - Started process (PID=30909) to work on /Users/parth/Desktop/Engine/venv/lib/python3.11/site-packages/airflow/example_dags/example_trigger_controller_dag.py
[2025-07-17T07:41:11.635+0530] {processor.py:914} INFO - Processing file /Users/parth/Desktop/Engine/venv/lib/python3.11/site-packages/airflow/example_dags/example_trigger_controller_dag.py for tasks to queue
[2025-07-17T07:41:11.636+0530] {logging_mixin.py:190} INFO - [2025-07-17T07:41:11.636+0530] {dagbag.py:588} INFO - Filling up the DagBag from /Users/parth/Desktop/Engine/venv/lib/python3.11/site-packages/airflow/example_dags/example_trigger_controller_dag.py
[2025-07-17T07:41:11.644+0530] {processor.py:925} INFO - DAG(s) 'example_trigger_controller_dag' retrieved from /Users/parth/Desktop/Engine/venv/lib/python3.11/site-packages/airflow/example_dags/example_trigger_controller_dag.py
[2025-07-17T07:41:11.707+0530] {logging_mixin.py:190} INFO - [2025-07-17T07:41:11.707+0530] {dag.py:3239} INFO - Sync 1 DAGs
[2025-07-17T07:41:11.721+0530] {logging_mixin.py:190} INFO - [2025-07-17T07:41:11.721+0530] {dag.py:4180} INFO - Setting next_dagrun for example_trigger_controller_dag to 2021-01-01 00:00:00+00:00, run_after=2021-01-01 00:00:00+00:00
[2025-07-17T07:41:11.733+0530] {processor.py:208} INFO - Processing /Users/parth/Desktop/Engine/venv/lib/python3.11/site-packages/airflow/example_dags/example_trigger_controller_dag.py took 0.101 seconds
[2025-07-17T07:43:17.116+0530] {processor.py:186} INFO - Started process (PID=31740) to work on /Users/parth/Desktop/Engine/venv/lib/python3.11/site-packages/airflow/example_dags/example_trigger_controller_dag.py
[2025-07-17T07:43:17.117+0530] {processor.py:914} INFO - Processing file /Users/parth/Desktop/Engine/venv/lib/python3.11/site-packages/airflow/example_dags/example_trigger_controller_dag.py for tasks to queue
[2025-07-17T07:43:17.118+0530] {logging_mixin.py:190} INFO - [2025-07-17T07:43:17.118+0530] {dagbag.py:588} INFO - Filling up the DagBag from /Users/parth/Desktop/Engine/venv/lib/python3.11/site-packages/airflow/example_dags/example_trigger_controller_dag.py
[2025-07-17T07:43:17.125+0530] {processor.py:925} INFO - DAG(s) 'example_trigger_controller_dag' retrieved from /Users/parth/Desktop/Engine/venv/lib/python3.11/site-packages/airflow/example_dags/example_trigger_controller_dag.py
[2025-07-17T07:43:17.181+0530] {logging_mixin.py:190} INFO - [2025-07-17T07:43:17.181+0530] {dag.py:3239} INFO - Sync 1 DAGs
[2025-07-17T07:43:17.192+0530] {logging_mixin.py:190} INFO - [2025-07-17T07:43:17.192+0530] {dag.py:4180} INFO - Setting next_dagrun for example_trigger_controller_dag to 2021-01-01 00:00:00+00:00, run_after=2021-01-01 00:00:00+00:00
[2025-07-17T07:43:17.203+0530] {processor.py:208} INFO - Processing /Users/parth/Desktop/Engine/venv/lib/python3.11/site-packages/airflow/example_dags/example_trigger_controller_dag.py took 0.089 seconds
[2025-07-17T07:46:12.491+0530] {processor.py:186} INFO - Started process (PID=32976) to work on /Users/parth/Desktop/Engine/venv/lib/python3.11/site-packages/airflow/example_dags/example_trigger_controller_dag.py
[2025-07-17T07:46:12.492+0530] {processor.py:914} INFO - Processing file /Users/parth/Desktop/Engine/venv/lib/python3.11/site-packages/airflow/example_dags/example_trigger_controller_dag.py for tasks to queue
[2025-07-17T07:46:12.493+0530] {logging_mixin.py:190} INFO - [2025-07-17T07:46:12.493+0530] {dagbag.py:588} INFO - Filling up the DagBag from /Users/parth/Desktop/Engine/venv/lib/python3.11/site-packages/airflow/example_dags/example_trigger_controller_dag.py
[2025-07-17T07:46:12.499+0530] {processor.py:925} INFO - DAG(s) 'example_trigger_controller_dag' retrieved from /Users/parth/Desktop/Engine/venv/lib/python3.11/site-packages/airflow/example_dags/example_trigger_controller_dag.py
[2025-07-17T07:46:12.556+0530] {logging_mixin.py:190} INFO - [2025-07-17T07:46:12.556+0530] {dag.py:3239} INFO - Sync 1 DAGs
[2025-07-17T07:46:12.567+0530] {logging_mixin.py:190} INFO - [2025-07-17T07:46:12.567+0530] {dag.py:4180} INFO - Setting next_dagrun for example_trigger_controller_dag to 2021-01-01 00:00:00+00:00, run_after=2021-01-01 00:00:00+00:00
[2025-07-17T07:46:12.577+0530] {processor.py:208} INFO - Processing /Users/parth/Desktop/Engine/venv/lib/python3.11/site-packages/airflow/example_dags/example_trigger_controller_dag.py took 0.088 seconds
[2025-07-17T07:48:35.512+0530] {processor.py:186} INFO - Started process (PID=34016) to work on /Users/parth/Desktop/Engine/venv/lib/python3.11/site-packages/airflow/example_dags/example_trigger_controller_dag.py
[2025-07-17T07:48:35.513+0530] {processor.py:914} INFO - Processing file /Users/parth/Desktop/Engine/venv/lib/python3.11/site-packages/airflow/example_dags/example_trigger_controller_dag.py for tasks to queue
[2025-07-17T07:48:35.513+0530] {logging_mixin.py:190} INFO - [2025-07-17T07:48:35.513+0530] {dagbag.py:588} INFO - Filling up the DagBag from /Users/parth/Desktop/Engine/venv/lib/python3.11/site-packages/airflow/example_dags/example_trigger_controller_dag.py
[2025-07-17T07:48:35.520+0530] {processor.py:925} INFO - DAG(s) 'example_trigger_controller_dag' retrieved from /Users/parth/Desktop/Engine/venv/lib/python3.11/site-packages/airflow/example_dags/example_trigger_controller_dag.py
[2025-07-17T07:48:35.576+0530] {logging_mixin.py:190} INFO - [2025-07-17T07:48:35.576+0530] {dag.py:3239} INFO - Sync 1 DAGs
[2025-07-17T07:48:35.587+0530] {logging_mixin.py:190} INFO - [2025-07-17T07:48:35.587+0530] {dag.py:4180} INFO - Setting next_dagrun for example_trigger_controller_dag to 2021-01-01 00:00:00+00:00, run_after=2021-01-01 00:00:00+00:00
[2025-07-17T07:48:35.598+0530] {processor.py:208} INFO - Processing /Users/parth/Desktop/Engine/venv/lib/python3.11/site-packages/airflow/example_dags/example_trigger_controller_dag.py took 0.088 seconds
[2025-07-17T07:50:39.894+0530] {processor.py:186} INFO - Started process (PID=34831) to work on /Users/parth/Desktop/Engine/venv/lib/python3.11/site-packages/airflow/example_dags/example_trigger_controller_dag.py
[2025-07-17T07:50:39.895+0530] {processor.py:914} INFO - Processing file /Users/parth/Desktop/Engine/venv/lib/python3.11/site-packages/airflow/example_dags/example_trigger_controller_dag.py for tasks to queue
[2025-07-17T07:50:39.896+0530] {logging_mixin.py:190} INFO - [2025-07-17T07:50:39.896+0530] {dagbag.py:588} INFO - Filling up the DagBag from /Users/parth/Desktop/Engine/venv/lib/python3.11/site-packages/airflow/example_dags/example_trigger_controller_dag.py
[2025-07-17T07:50:39.903+0530] {processor.py:925} INFO - DAG(s) 'example_trigger_controller_dag' retrieved from /Users/parth/Desktop/Engine/venv/lib/python3.11/site-packages/airflow/example_dags/example_trigger_controller_dag.py
[2025-07-17T07:50:39.960+0530] {logging_mixin.py:190} INFO - [2025-07-17T07:50:39.959+0530] {dag.py:3239} INFO - Sync 1 DAGs
[2025-07-17T07:50:39.970+0530] {logging_mixin.py:190} INFO - [2025-07-17T07:50:39.970+0530] {dag.py:4180} INFO - Setting next_dagrun for example_trigger_controller_dag to 2021-01-01 00:00:00+00:00, run_after=2021-01-01 00:00:00+00:00
[2025-07-17T07:50:39.981+0530] {processor.py:208} INFO - Processing /Users/parth/Desktop/Engine/venv/lib/python3.11/site-packages/airflow/example_dags/example_trigger_controller_dag.py took 0.090 seconds
[2025-07-17T07:53:36.519+0530] {processor.py:186} INFO - Started process (PID=36028) to work on /Users/parth/Desktop/Engine/venv/lib/python3.11/site-packages/airflow/example_dags/example_trigger_controller_dag.py
[2025-07-17T07:53:36.520+0530] {processor.py:914} INFO - Processing file /Users/parth/Desktop/Engine/venv/lib/python3.11/site-packages/airflow/example_dags/example_trigger_controller_dag.py for tasks to queue
[2025-07-17T07:53:36.521+0530] {logging_mixin.py:190} INFO - [2025-07-17T07:53:36.520+0530] {dagbag.py:588} INFO - Filling up the DagBag from /Users/parth/Desktop/Engine/venv/lib/python3.11/site-packages/airflow/example_dags/example_trigger_controller_dag.py
[2025-07-17T07:53:36.529+0530] {processor.py:925} INFO - DAG(s) 'example_trigger_controller_dag' retrieved from /Users/parth/Desktop/Engine/venv/lib/python3.11/site-packages/airflow/example_dags/example_trigger_controller_dag.py
[2025-07-17T07:53:36.597+0530] {logging_mixin.py:190} INFO - [2025-07-17T07:53:36.597+0530] {dag.py:3239} INFO - Sync 1 DAGs
[2025-07-17T07:53:36.611+0530] {logging_mixin.py:190} INFO - [2025-07-17T07:53:36.611+0530] {dag.py:4180} INFO - Setting next_dagrun for example_trigger_controller_dag to 2021-01-01 00:00:00+00:00, run_after=2021-01-01 00:00:00+00:00
[2025-07-17T07:53:36.624+0530] {processor.py:208} INFO - Processing /Users/parth/Desktop/Engine/venv/lib/python3.11/site-packages/airflow/example_dags/example_trigger_controller_dag.py took 0.108 seconds
[2025-07-17T07:56:07.563+0530] {processor.py:186} INFO - Started process (PID=37186) to work on /Users/parth/Desktop/Engine/venv/lib/python3.11/site-packages/airflow/example_dags/example_trigger_controller_dag.py
[2025-07-17T07:56:07.564+0530] {processor.py:914} INFO - Processing file /Users/parth/Desktop/Engine/venv/lib/python3.11/site-packages/airflow/example_dags/example_trigger_controller_dag.py for tasks to queue
[2025-07-17T07:56:07.564+0530] {logging_mixin.py:190} INFO - [2025-07-17T07:56:07.564+0530] {dagbag.py:588} INFO - Filling up the DagBag from /Users/parth/Desktop/Engine/venv/lib/python3.11/site-packages/airflow/example_dags/example_trigger_controller_dag.py
[2025-07-17T07:56:07.571+0530] {processor.py:925} INFO - DAG(s) 'example_trigger_controller_dag' retrieved from /Users/parth/Desktop/Engine/venv/lib/python3.11/site-packages/airflow/example_dags/example_trigger_controller_dag.py
[2025-07-17T07:56:07.634+0530] {logging_mixin.py:190} INFO - [2025-07-17T07:56:07.633+0530] {dag.py:3239} INFO - Sync 1 DAGs
[2025-07-17T07:56:07.648+0530] {logging_mixin.py:190} INFO - [2025-07-17T07:56:07.648+0530] {dag.py:4180} INFO - Setting next_dagrun for example_trigger_controller_dag to 2021-01-01 00:00:00+00:00, run_after=2021-01-01 00:00:00+00:00
[2025-07-17T07:56:07.660+0530] {processor.py:208} INFO - Processing /Users/parth/Desktop/Engine/venv/lib/python3.11/site-packages/airflow/example_dags/example_trigger_controller_dag.py took 0.099 seconds
[2025-07-17T07:58:04.002+0530] {processor.py:186} INFO - Started process (PID=37949) to work on /Users/parth/Desktop/Engine/venv/lib/python3.11/site-packages/airflow/example_dags/example_trigger_controller_dag.py
[2025-07-17T07:58:04.004+0530] {processor.py:914} INFO - Processing file /Users/parth/Desktop/Engine/venv/lib/python3.11/site-packages/airflow/example_dags/example_trigger_controller_dag.py for tasks to queue
[2025-07-17T07:58:04.004+0530] {logging_mixin.py:190} INFO - [2025-07-17T07:58:04.004+0530] {dagbag.py:588} INFO - Filling up the DagBag from /Users/parth/Desktop/Engine/venv/lib/python3.11/site-packages/airflow/example_dags/example_trigger_controller_dag.py
[2025-07-17T07:58:04.011+0530] {processor.py:925} INFO - DAG(s) 'example_trigger_controller_dag' retrieved from /Users/parth/Desktop/Engine/venv/lib/python3.11/site-packages/airflow/example_dags/example_trigger_controller_dag.py
[2025-07-17T07:58:04.069+0530] {logging_mixin.py:190} INFO - [2025-07-17T07:58:04.069+0530] {dag.py:3239} INFO - Sync 1 DAGs
[2025-07-17T07:58:04.080+0530] {logging_mixin.py:190} INFO - [2025-07-17T07:58:04.079+0530] {dag.py:4180} INFO - Setting next_dagrun for example_trigger_controller_dag to 2021-01-01 00:00:00+00:00, run_after=2021-01-01 00:00:00+00:00
[2025-07-17T07:58:04.090+0530] {processor.py:208} INFO - Processing /Users/parth/Desktop/Engine/venv/lib/python3.11/site-packages/airflow/example_dags/example_trigger_controller_dag.py took 0.090 seconds
[2025-07-17T08:00:07.254+0530] {processor.py:186} INFO - Started process (PID=38732) to work on /Users/parth/Desktop/Engine/venv/lib/python3.11/site-packages/airflow/example_dags/example_trigger_controller_dag.py
[2025-07-17T08:00:07.256+0530] {processor.py:914} INFO - Processing file /Users/parth/Desktop/Engine/venv/lib/python3.11/site-packages/airflow/example_dags/example_trigger_controller_dag.py for tasks to queue
[2025-07-17T08:00:07.258+0530] {logging_mixin.py:190} INFO - [2025-07-17T08:00:07.258+0530] {dagbag.py:588} INFO - Filling up the DagBag from /Users/parth/Desktop/Engine/venv/lib/python3.11/site-packages/airflow/example_dags/example_trigger_controller_dag.py
[2025-07-17T08:00:07.278+0530] {processor.py:925} INFO - DAG(s) 'example_trigger_controller_dag' retrieved from /Users/parth/Desktop/Engine/venv/lib/python3.11/site-packages/airflow/example_dags/example_trigger_controller_dag.py
[2025-07-17T08:00:07.457+0530] {logging_mixin.py:190} INFO - [2025-07-17T08:00:07.456+0530] {dag.py:3239} INFO - Sync 1 DAGs
[2025-07-17T08:00:07.494+0530] {logging_mixin.py:190} INFO - [2025-07-17T08:00:07.493+0530] {dag.py:4180} INFO - Setting next_dagrun for example_trigger_controller_dag to 2021-01-01 00:00:00+00:00, run_after=2021-01-01 00:00:00+00:00
[2025-07-17T08:00:07.526+0530] {processor.py:208} INFO - Processing /Users/parth/Desktop/Engine/venv/lib/python3.11/site-packages/airflow/example_dags/example_trigger_controller_dag.py took 0.278 seconds
[2025-07-17T08:02:22.902+0530] {processor.py:186} INFO - Started process (PID=39610) to work on /Users/parth/Desktop/Engine/venv/lib/python3.11/site-packages/airflow/example_dags/example_trigger_controller_dag.py
[2025-07-17T08:02:22.904+0530] {processor.py:914} INFO - Processing file /Users/parth/Desktop/Engine/venv/lib/python3.11/site-packages/airflow/example_dags/example_trigger_controller_dag.py for tasks to queue
[2025-07-17T08:02:22.904+0530] {logging_mixin.py:190} INFO - [2025-07-17T08:02:22.904+0530] {dagbag.py:588} INFO - Filling up the DagBag from /Users/parth/Desktop/Engine/venv/lib/python3.11/site-packages/airflow/example_dags/example_trigger_controller_dag.py
[2025-07-17T08:02:22.911+0530] {processor.py:925} INFO - DAG(s) 'example_trigger_controller_dag' retrieved from /Users/parth/Desktop/Engine/venv/lib/python3.11/site-packages/airflow/example_dags/example_trigger_controller_dag.py
[2025-07-17T08:02:22.969+0530] {logging_mixin.py:190} INFO - [2025-07-17T08:02:22.969+0530] {dag.py:3239} INFO - Sync 1 DAGs
[2025-07-17T08:02:22.982+0530] {logging_mixin.py:190} INFO - [2025-07-17T08:02:22.981+0530] {dag.py:4180} INFO - Setting next_dagrun for example_trigger_controller_dag to 2021-01-01 00:00:00+00:00, run_after=2021-01-01 00:00:00+00:00
[2025-07-17T08:02:22.993+0530] {processor.py:208} INFO - Processing /Users/parth/Desktop/Engine/venv/lib/python3.11/site-packages/airflow/example_dags/example_trigger_controller_dag.py took 0.093 seconds
[2025-07-17T08:04:26.262+0530] {processor.py:186} INFO - Started process (PID=40434) to work on /Users/parth/Desktop/Engine/venv/lib/python3.11/site-packages/airflow/example_dags/example_trigger_controller_dag.py
[2025-07-17T08:04:26.263+0530] {processor.py:914} INFO - Processing file /Users/parth/Desktop/Engine/venv/lib/python3.11/site-packages/airflow/example_dags/example_trigger_controller_dag.py for tasks to queue
[2025-07-17T08:04:26.264+0530] {logging_mixin.py:190} INFO - [2025-07-17T08:04:26.264+0530] {dagbag.py:588} INFO - Filling up the DagBag from /Users/parth/Desktop/Engine/venv/lib/python3.11/site-packages/airflow/example_dags/example_trigger_controller_dag.py
[2025-07-17T08:04:26.271+0530] {processor.py:925} INFO - DAG(s) 'example_trigger_controller_dag' retrieved from /Users/parth/Desktop/Engine/venv/lib/python3.11/site-packages/airflow/example_dags/example_trigger_controller_dag.py
[2025-07-17T08:04:26.327+0530] {logging_mixin.py:190} INFO - [2025-07-17T08:04:26.327+0530] {dag.py:3239} INFO - Sync 1 DAGs
[2025-07-17T08:04:26.338+0530] {logging_mixin.py:190} INFO - [2025-07-17T08:04:26.338+0530] {dag.py:4180} INFO - Setting next_dagrun for example_trigger_controller_dag to 2021-01-01 00:00:00+00:00, run_after=2021-01-01 00:00:00+00:00
[2025-07-17T08:04:26.348+0530] {processor.py:208} INFO - Processing /Users/parth/Desktop/Engine/venv/lib/python3.11/site-packages/airflow/example_dags/example_trigger_controller_dag.py took 0.089 seconds
[2025-07-17T08:06:38.056+0530] {processor.py:186} INFO - Started process (PID=41377) to work on /Users/parth/Desktop/Engine/venv/lib/python3.11/site-packages/airflow/example_dags/example_trigger_controller_dag.py
[2025-07-17T08:06:38.057+0530] {processor.py:914} INFO - Processing file /Users/parth/Desktop/Engine/venv/lib/python3.11/site-packages/airflow/example_dags/example_trigger_controller_dag.py for tasks to queue
[2025-07-17T08:06:38.058+0530] {logging_mixin.py:190} INFO - [2025-07-17T08:06:38.058+0530] {dagbag.py:588} INFO - Filling up the DagBag from /Users/parth/Desktop/Engine/venv/lib/python3.11/site-packages/airflow/example_dags/example_trigger_controller_dag.py
[2025-07-17T08:06:38.065+0530] {processor.py:925} INFO - DAG(s) 'example_trigger_controller_dag' retrieved from /Users/parth/Desktop/Engine/venv/lib/python3.11/site-packages/airflow/example_dags/example_trigger_controller_dag.py
[2025-07-17T08:06:38.123+0530] {logging_mixin.py:190} INFO - [2025-07-17T08:06:38.122+0530] {dag.py:3239} INFO - Sync 1 DAGs
[2025-07-17T08:06:38.135+0530] {logging_mixin.py:190} INFO - [2025-07-17T08:06:38.134+0530] {dag.py:4180} INFO - Setting next_dagrun for example_trigger_controller_dag to 2021-01-01 00:00:00+00:00, run_after=2021-01-01 00:00:00+00:00
[2025-07-17T08:06:38.145+0530] {processor.py:208} INFO - Processing /Users/parth/Desktop/Engine/venv/lib/python3.11/site-packages/airflow/example_dags/example_trigger_controller_dag.py took 0.092 seconds
[2025-07-17T08:08:35.167+0530] {processor.py:186} INFO - Started process (PID=42134) to work on /Users/parth/Desktop/Engine/venv/lib/python3.11/site-packages/airflow/example_dags/example_trigger_controller_dag.py
[2025-07-17T08:08:35.168+0530] {processor.py:914} INFO - Processing file /Users/parth/Desktop/Engine/venv/lib/python3.11/site-packages/airflow/example_dags/example_trigger_controller_dag.py for tasks to queue
[2025-07-17T08:08:35.170+0530] {logging_mixin.py:190} INFO - [2025-07-17T08:08:35.170+0530] {dagbag.py:588} INFO - Filling up the DagBag from /Users/parth/Desktop/Engine/venv/lib/python3.11/site-packages/airflow/example_dags/example_trigger_controller_dag.py
[2025-07-17T08:08:35.186+0530] {processor.py:925} INFO - DAG(s) 'example_trigger_controller_dag' retrieved from /Users/parth/Desktop/Engine/venv/lib/python3.11/site-packages/airflow/example_dags/example_trigger_controller_dag.py
[2025-07-17T08:08:35.284+0530] {logging_mixin.py:190} INFO - [2025-07-17T08:08:35.284+0530] {dag.py:3239} INFO - Sync 1 DAGs
[2025-07-17T08:08:35.299+0530] {logging_mixin.py:190} INFO - [2025-07-17T08:08:35.299+0530] {dag.py:4180} INFO - Setting next_dagrun for example_trigger_controller_dag to 2021-01-01 00:00:00+00:00, run_after=2021-01-01 00:00:00+00:00
[2025-07-17T08:08:35.313+0530] {processor.py:208} INFO - Processing /Users/parth/Desktop/Engine/venv/lib/python3.11/site-packages/airflow/example_dags/example_trigger_controller_dag.py took 0.152 seconds
[2025-07-17T08:10:44.700+0530] {processor.py:186} INFO - Started process (PID=43047) to work on /Users/parth/Desktop/Engine/venv/lib/python3.11/site-packages/airflow/example_dags/example_trigger_controller_dag.py
[2025-07-17T08:10:44.701+0530] {processor.py:914} INFO - Processing file /Users/parth/Desktop/Engine/venv/lib/python3.11/site-packages/airflow/example_dags/example_trigger_controller_dag.py for tasks to queue
[2025-07-17T08:10:44.701+0530] {logging_mixin.py:190} INFO - [2025-07-17T08:10:44.701+0530] {dagbag.py:588} INFO - Filling up the DagBag from /Users/parth/Desktop/Engine/venv/lib/python3.11/site-packages/airflow/example_dags/example_trigger_controller_dag.py
[2025-07-17T08:10:44.708+0530] {processor.py:925} INFO - DAG(s) 'example_trigger_controller_dag' retrieved from /Users/parth/Desktop/Engine/venv/lib/python3.11/site-packages/airflow/example_dags/example_trigger_controller_dag.py
[2025-07-17T08:10:44.766+0530] {logging_mixin.py:190} INFO - [2025-07-17T08:10:44.766+0530] {dag.py:3239} INFO - Sync 1 DAGs
[2025-07-17T08:10:44.777+0530] {logging_mixin.py:190} INFO - [2025-07-17T08:10:44.777+0530] {dag.py:4180} INFO - Setting next_dagrun for example_trigger_controller_dag to 2021-01-01 00:00:00+00:00, run_after=2021-01-01 00:00:00+00:00
[2025-07-17T08:10:44.787+0530] {processor.py:208} INFO - Processing /Users/parth/Desktop/Engine/venv/lib/python3.11/site-packages/airflow/example_dags/example_trigger_controller_dag.py took 0.090 seconds
[2025-07-17T08:16:56.588+0530] {processor.py:186} INFO - Started process (PID=43796) to work on /Users/parth/Desktop/Engine/venv/lib/python3.11/site-packages/airflow/example_dags/example_trigger_controller_dag.py
[2025-07-17T08:16:56.590+0530] {processor.py:914} INFO - Processing file /Users/parth/Desktop/Engine/venv/lib/python3.11/site-packages/airflow/example_dags/example_trigger_controller_dag.py for tasks to queue
[2025-07-17T08:16:56.590+0530] {logging_mixin.py:190} INFO - [2025-07-17T08:16:56.590+0530] {dagbag.py:588} INFO - Filling up the DagBag from /Users/parth/Desktop/Engine/venv/lib/python3.11/site-packages/airflow/example_dags/example_trigger_controller_dag.py
[2025-07-17T08:16:56.597+0530] {processor.py:925} INFO - DAG(s) 'example_trigger_controller_dag' retrieved from /Users/parth/Desktop/Engine/venv/lib/python3.11/site-packages/airflow/example_dags/example_trigger_controller_dag.py
[2025-07-17T08:16:56.654+0530] {logging_mixin.py:190} INFO - [2025-07-17T08:16:56.654+0530] {dag.py:3239} INFO - Sync 1 DAGs
[2025-07-17T08:16:56.665+0530] {logging_mixin.py:190} INFO - [2025-07-17T08:16:56.665+0530] {dag.py:4180} INFO - Setting next_dagrun for example_trigger_controller_dag to 2021-01-01 00:00:00+00:00, run_after=2021-01-01 00:00:00+00:00
[2025-07-17T08:16:56.676+0530] {processor.py:208} INFO - Processing /Users/parth/Desktop/Engine/venv/lib/python3.11/site-packages/airflow/example_dags/example_trigger_controller_dag.py took 0.090 seconds
[2025-07-17T08:19:05.028+0530] {processor.py:186} INFO - Started process (PID=44495) to work on /Users/parth/Desktop/Engine/venv/lib/python3.11/site-packages/airflow/example_dags/example_trigger_controller_dag.py
[2025-07-17T08:19:05.029+0530] {processor.py:914} INFO - Processing file /Users/parth/Desktop/Engine/venv/lib/python3.11/site-packages/airflow/example_dags/example_trigger_controller_dag.py for tasks to queue
[2025-07-17T08:19:05.030+0530] {logging_mixin.py:190} INFO - [2025-07-17T08:19:05.030+0530] {dagbag.py:588} INFO - Filling up the DagBag from /Users/parth/Desktop/Engine/venv/lib/python3.11/site-packages/airflow/example_dags/example_trigger_controller_dag.py
[2025-07-17T08:19:05.037+0530] {processor.py:925} INFO - DAG(s) 'example_trigger_controller_dag' retrieved from /Users/parth/Desktop/Engine/venv/lib/python3.11/site-packages/airflow/example_dags/example_trigger_controller_dag.py
[2025-07-17T08:19:05.094+0530] {logging_mixin.py:190} INFO - [2025-07-17T08:19:05.094+0530] {dag.py:3239} INFO - Sync 1 DAGs
[2025-07-17T08:19:05.106+0530] {logging_mixin.py:190} INFO - [2025-07-17T08:19:05.105+0530] {dag.py:4180} INFO - Setting next_dagrun for example_trigger_controller_dag to 2021-01-01 00:00:00+00:00, run_after=2021-01-01 00:00:00+00:00
[2025-07-17T08:19:05.116+0530] {processor.py:208} INFO - Processing /Users/parth/Desktop/Engine/venv/lib/python3.11/site-packages/airflow/example_dags/example_trigger_controller_dag.py took 0.090 seconds
[2025-07-17T08:20:48.254+0530] {processor.py:186} INFO - Started process (PID=45199) to work on /Users/parth/Desktop/Engine/venv/lib/python3.11/site-packages/airflow/example_dags/example_trigger_controller_dag.py
[2025-07-17T08:20:48.255+0530] {processor.py:914} INFO - Processing file /Users/parth/Desktop/Engine/venv/lib/python3.11/site-packages/airflow/example_dags/example_trigger_controller_dag.py for tasks to queue
[2025-07-17T08:20:48.256+0530] {logging_mixin.py:190} INFO - [2025-07-17T08:20:48.256+0530] {dagbag.py:588} INFO - Filling up the DagBag from /Users/parth/Desktop/Engine/venv/lib/python3.11/site-packages/airflow/example_dags/example_trigger_controller_dag.py
[2025-07-17T08:20:48.263+0530] {processor.py:925} INFO - DAG(s) 'example_trigger_controller_dag' retrieved from /Users/parth/Desktop/Engine/venv/lib/python3.11/site-packages/airflow/example_dags/example_trigger_controller_dag.py
[2025-07-17T08:20:48.320+0530] {logging_mixin.py:190} INFO - [2025-07-17T08:20:48.320+0530] {dag.py:3239} INFO - Sync 1 DAGs
[2025-07-17T08:20:48.331+0530] {logging_mixin.py:190} INFO - [2025-07-17T08:20:48.330+0530] {dag.py:4180} INFO - Setting next_dagrun for example_trigger_controller_dag to 2021-01-01 00:00:00+00:00, run_after=2021-01-01 00:00:00+00:00
[2025-07-17T08:20:48.341+0530] {processor.py:208} INFO - Processing /Users/parth/Desktop/Engine/venv/lib/python3.11/site-packages/airflow/example_dags/example_trigger_controller_dag.py took 0.090 seconds
[2025-07-17T08:22:35.110+0530] {processor.py:186} INFO - Started process (PID=45890) to work on /Users/parth/Desktop/Engine/venv/lib/python3.11/site-packages/airflow/example_dags/example_trigger_controller_dag.py
[2025-07-17T08:22:35.111+0530] {processor.py:914} INFO - Processing file /Users/parth/Desktop/Engine/venv/lib/python3.11/site-packages/airflow/example_dags/example_trigger_controller_dag.py for tasks to queue
[2025-07-17T08:22:35.112+0530] {logging_mixin.py:190} INFO - [2025-07-17T08:22:35.112+0530] {dagbag.py:588} INFO - Filling up the DagBag from /Users/parth/Desktop/Engine/venv/lib/python3.11/site-packages/airflow/example_dags/example_trigger_controller_dag.py
[2025-07-17T08:22:35.119+0530] {processor.py:925} INFO - DAG(s) 'example_trigger_controller_dag' retrieved from /Users/parth/Desktop/Engine/venv/lib/python3.11/site-packages/airflow/example_dags/example_trigger_controller_dag.py
[2025-07-17T08:22:35.177+0530] {logging_mixin.py:190} INFO - [2025-07-17T08:22:35.176+0530] {dag.py:3239} INFO - Sync 1 DAGs
[2025-07-17T08:22:35.187+0530] {logging_mixin.py:190} INFO - [2025-07-17T08:22:35.187+0530] {dag.py:4180} INFO - Setting next_dagrun for example_trigger_controller_dag to 2021-01-01 00:00:00+00:00, run_after=2021-01-01 00:00:00+00:00
[2025-07-17T08:22:35.198+0530] {processor.py:208} INFO - Processing /Users/parth/Desktop/Engine/venv/lib/python3.11/site-packages/airflow/example_dags/example_trigger_controller_dag.py took 0.091 seconds
[2025-07-17T08:24:22.039+0530] {processor.py:186} INFO - Started process (PID=46591) to work on /Users/parth/Desktop/Engine/venv/lib/python3.11/site-packages/airflow/example_dags/example_trigger_controller_dag.py
[2025-07-17T08:24:22.041+0530] {processor.py:914} INFO - Processing file /Users/parth/Desktop/Engine/venv/lib/python3.11/site-packages/airflow/example_dags/example_trigger_controller_dag.py for tasks to queue
[2025-07-17T08:24:22.041+0530] {logging_mixin.py:190} INFO - [2025-07-17T08:24:22.041+0530] {dagbag.py:588} INFO - Filling up the DagBag from /Users/parth/Desktop/Engine/venv/lib/python3.11/site-packages/airflow/example_dags/example_trigger_controller_dag.py
[2025-07-17T08:24:22.048+0530] {processor.py:925} INFO - DAG(s) 'example_trigger_controller_dag' retrieved from /Users/parth/Desktop/Engine/venv/lib/python3.11/site-packages/airflow/example_dags/example_trigger_controller_dag.py
[2025-07-17T08:24:22.106+0530] {logging_mixin.py:190} INFO - [2025-07-17T08:24:22.106+0530] {dag.py:3239} INFO - Sync 1 DAGs
[2025-07-17T08:24:22.117+0530] {logging_mixin.py:190} INFO - [2025-07-17T08:24:22.117+0530] {dag.py:4180} INFO - Setting next_dagrun for example_trigger_controller_dag to 2021-01-01 00:00:00+00:00, run_after=2021-01-01 00:00:00+00:00
[2025-07-17T08:24:22.128+0530] {processor.py:208} INFO - Processing /Users/parth/Desktop/Engine/venv/lib/python3.11/site-packages/airflow/example_dags/example_trigger_controller_dag.py took 0.091 seconds
[2025-07-17T08:26:07.462+0530] {processor.py:186} INFO - Started process (PID=47333) to work on /Users/parth/Desktop/Engine/venv/lib/python3.11/site-packages/airflow/example_dags/example_trigger_controller_dag.py
[2025-07-17T08:26:07.464+0530] {processor.py:914} INFO - Processing file /Users/parth/Desktop/Engine/venv/lib/python3.11/site-packages/airflow/example_dags/example_trigger_controller_dag.py for tasks to queue
[2025-07-17T08:26:07.464+0530] {logging_mixin.py:190} INFO - [2025-07-17T08:26:07.464+0530] {dagbag.py:588} INFO - Filling up the DagBag from /Users/parth/Desktop/Engine/venv/lib/python3.11/site-packages/airflow/example_dags/example_trigger_controller_dag.py
[2025-07-17T08:26:07.471+0530] {processor.py:925} INFO - DAG(s) 'example_trigger_controller_dag' retrieved from /Users/parth/Desktop/Engine/venv/lib/python3.11/site-packages/airflow/example_dags/example_trigger_controller_dag.py
[2025-07-17T08:26:07.529+0530] {logging_mixin.py:190} INFO - [2025-07-17T08:26:07.529+0530] {dag.py:3239} INFO - Sync 1 DAGs
[2025-07-17T08:26:07.539+0530] {logging_mixin.py:190} INFO - [2025-07-17T08:26:07.539+0530] {dag.py:4180} INFO - Setting next_dagrun for example_trigger_controller_dag to 2021-01-01 00:00:00+00:00, run_after=2021-01-01 00:00:00+00:00
[2025-07-17T08:26:07.550+0530] {processor.py:208} INFO - Processing /Users/parth/Desktop/Engine/venv/lib/python3.11/site-packages/airflow/example_dags/example_trigger_controller_dag.py took 0.090 seconds
[2025-07-17T08:28:01.331+0530] {processor.py:186} INFO - Started process (PID=48099) to work on /Users/parth/Desktop/Engine/venv/lib/python3.11/site-packages/airflow/example_dags/example_trigger_controller_dag.py
[2025-07-17T08:28:01.331+0530] {processor.py:914} INFO - Processing file /Users/parth/Desktop/Engine/venv/lib/python3.11/site-packages/airflow/example_dags/example_trigger_controller_dag.py for tasks to queue
[2025-07-17T08:28:01.332+0530] {logging_mixin.py:190} INFO - [2025-07-17T08:28:01.332+0530] {dagbag.py:588} INFO - Filling up the DagBag from /Users/parth/Desktop/Engine/venv/lib/python3.11/site-packages/airflow/example_dags/example_trigger_controller_dag.py
[2025-07-17T08:28:01.339+0530] {processor.py:925} INFO - DAG(s) 'example_trigger_controller_dag' retrieved from /Users/parth/Desktop/Engine/venv/lib/python3.11/site-packages/airflow/example_dags/example_trigger_controller_dag.py
[2025-07-17T08:28:01.396+0530] {logging_mixin.py:190} INFO - [2025-07-17T08:28:01.396+0530] {dag.py:3239} INFO - Sync 1 DAGs
[2025-07-17T08:28:01.407+0530] {logging_mixin.py:190} INFO - [2025-07-17T08:28:01.406+0530] {dag.py:4180} INFO - Setting next_dagrun for example_trigger_controller_dag to 2021-01-01 00:00:00+00:00, run_after=2021-01-01 00:00:00+00:00
[2025-07-17T08:28:01.417+0530] {processor.py:208} INFO - Processing /Users/parth/Desktop/Engine/venv/lib/python3.11/site-packages/airflow/example_dags/example_trigger_controller_dag.py took 0.089 seconds
[2025-07-17T08:29:53.254+0530] {processor.py:186} INFO - Started process (PID=48924) to work on /Users/parth/Desktop/Engine/venv/lib/python3.11/site-packages/airflow/example_dags/example_trigger_controller_dag.py
[2025-07-17T08:29:53.255+0530] {processor.py:914} INFO - Processing file /Users/parth/Desktop/Engine/venv/lib/python3.11/site-packages/airflow/example_dags/example_trigger_controller_dag.py for tasks to queue
[2025-07-17T08:29:53.256+0530] {logging_mixin.py:190} INFO - [2025-07-17T08:29:53.256+0530] {dagbag.py:588} INFO - Filling up the DagBag from /Users/parth/Desktop/Engine/venv/lib/python3.11/site-packages/airflow/example_dags/example_trigger_controller_dag.py
[2025-07-17T08:29:53.263+0530] {processor.py:925} INFO - DAG(s) 'example_trigger_controller_dag' retrieved from /Users/parth/Desktop/Engine/venv/lib/python3.11/site-packages/airflow/example_dags/example_trigger_controller_dag.py
[2025-07-17T08:29:53.322+0530] {logging_mixin.py:190} INFO - [2025-07-17T08:29:53.322+0530] {dag.py:3239} INFO - Sync 1 DAGs
[2025-07-17T08:29:53.334+0530] {logging_mixin.py:190} INFO - [2025-07-17T08:29:53.334+0530] {dag.py:4180} INFO - Setting next_dagrun for example_trigger_controller_dag to 2021-01-01 00:00:00+00:00, run_after=2021-01-01 00:00:00+00:00
[2025-07-17T08:29:53.345+0530] {processor.py:208} INFO - Processing /Users/parth/Desktop/Engine/venv/lib/python3.11/site-packages/airflow/example_dags/example_trigger_controller_dag.py took 0.093 seconds
[2025-07-17T08:36:05.599+0530] {processor.py:186} INFO - Started process (PID=49685) to work on /Users/parth/Desktop/Engine/venv/lib/python3.11/site-packages/airflow/example_dags/example_trigger_controller_dag.py
[2025-07-17T08:36:05.600+0530] {processor.py:914} INFO - Processing file /Users/parth/Desktop/Engine/venv/lib/python3.11/site-packages/airflow/example_dags/example_trigger_controller_dag.py for tasks to queue
[2025-07-17T08:36:05.601+0530] {logging_mixin.py:190} INFO - [2025-07-17T08:36:05.601+0530] {dagbag.py:588} INFO - Filling up the DagBag from /Users/parth/Desktop/Engine/venv/lib/python3.11/site-packages/airflow/example_dags/example_trigger_controller_dag.py
[2025-07-17T08:36:05.607+0530] {processor.py:925} INFO - DAG(s) 'example_trigger_controller_dag' retrieved from /Users/parth/Desktop/Engine/venv/lib/python3.11/site-packages/airflow/example_dags/example_trigger_controller_dag.py
[2025-07-17T08:36:05.666+0530] {logging_mixin.py:190} INFO - [2025-07-17T08:36:05.665+0530] {dag.py:3239} INFO - Sync 1 DAGs
[2025-07-17T08:36:05.676+0530] {logging_mixin.py:190} INFO - [2025-07-17T08:36:05.676+0530] {dag.py:4180} INFO - Setting next_dagrun for example_trigger_controller_dag to 2021-01-01 00:00:00+00:00, run_after=2021-01-01 00:00:00+00:00
[2025-07-17T08:36:05.687+0530] {processor.py:208} INFO - Processing /Users/parth/Desktop/Engine/venv/lib/python3.11/site-packages/airflow/example_dags/example_trigger_controller_dag.py took 0.091 seconds
[2025-07-17T08:37:51.541+0530] {processor.py:186} INFO - Started process (PID=50371) to work on /Users/parth/Desktop/Engine/venv/lib/python3.11/site-packages/airflow/example_dags/example_trigger_controller_dag.py
[2025-07-17T08:37:51.543+0530] {processor.py:914} INFO - Processing file /Users/parth/Desktop/Engine/venv/lib/python3.11/site-packages/airflow/example_dags/example_trigger_controller_dag.py for tasks to queue
[2025-07-17T08:37:51.543+0530] {logging_mixin.py:190} INFO - [2025-07-17T08:37:51.543+0530] {dagbag.py:588} INFO - Filling up the DagBag from /Users/parth/Desktop/Engine/venv/lib/python3.11/site-packages/airflow/example_dags/example_trigger_controller_dag.py
[2025-07-17T08:37:51.550+0530] {processor.py:925} INFO - DAG(s) 'example_trigger_controller_dag' retrieved from /Users/parth/Desktop/Engine/venv/lib/python3.11/site-packages/airflow/example_dags/example_trigger_controller_dag.py
[2025-07-17T08:37:51.607+0530] {logging_mixin.py:190} INFO - [2025-07-17T08:37:51.607+0530] {dag.py:3239} INFO - Sync 1 DAGs
[2025-07-17T08:37:51.618+0530] {logging_mixin.py:190} INFO - [2025-07-17T08:37:51.618+0530] {dag.py:4180} INFO - Setting next_dagrun for example_trigger_controller_dag to 2021-01-01 00:00:00+00:00, run_after=2021-01-01 00:00:00+00:00
[2025-07-17T08:37:51.629+0530] {processor.py:208} INFO - Processing /Users/parth/Desktop/Engine/venv/lib/python3.11/site-packages/airflow/example_dags/example_trigger_controller_dag.py took 0.090 seconds
[2025-07-17T08:39:36.376+0530] {processor.py:186} INFO - Started process (PID=51051) to work on /Users/parth/Desktop/Engine/venv/lib/python3.11/site-packages/airflow/example_dags/example_trigger_controller_dag.py
[2025-07-17T08:39:36.378+0530] {processor.py:914} INFO - Processing file /Users/parth/Desktop/Engine/venv/lib/python3.11/site-packages/airflow/example_dags/example_trigger_controller_dag.py for tasks to queue
[2025-07-17T08:39:36.378+0530] {logging_mixin.py:190} INFO - [2025-07-17T08:39:36.378+0530] {dagbag.py:588} INFO - Filling up the DagBag from /Users/parth/Desktop/Engine/venv/lib/python3.11/site-packages/airflow/example_dags/example_trigger_controller_dag.py
[2025-07-17T08:39:36.385+0530] {processor.py:925} INFO - DAG(s) 'example_trigger_controller_dag' retrieved from /Users/parth/Desktop/Engine/venv/lib/python3.11/site-packages/airflow/example_dags/example_trigger_controller_dag.py
[2025-07-17T08:39:36.443+0530] {logging_mixin.py:190} INFO - [2025-07-17T08:39:36.442+0530] {dag.py:3239} INFO - Sync 1 DAGs
[2025-07-17T08:39:36.454+0530] {logging_mixin.py:190} INFO - [2025-07-17T08:39:36.453+0530] {dag.py:4180} INFO - Setting next_dagrun for example_trigger_controller_dag to 2021-01-01 00:00:00+00:00, run_after=2021-01-01 00:00:00+00:00
[2025-07-17T08:39:36.464+0530] {processor.py:208} INFO - Processing /Users/parth/Desktop/Engine/venv/lib/python3.11/site-packages/airflow/example_dags/example_trigger_controller_dag.py took 0.090 seconds
[2025-07-17T08:42:33.829+0530] {processor.py:186} INFO - Started process (PID=51777) to work on /Users/parth/Desktop/Engine/venv/lib/python3.11/site-packages/airflow/example_dags/example_trigger_controller_dag.py
[2025-07-17T08:42:33.830+0530] {processor.py:914} INFO - Processing file /Users/parth/Desktop/Engine/venv/lib/python3.11/site-packages/airflow/example_dags/example_trigger_controller_dag.py for tasks to queue
[2025-07-17T08:42:33.831+0530] {logging_mixin.py:190} INFO - [2025-07-17T08:42:33.831+0530] {dagbag.py:588} INFO - Filling up the DagBag from /Users/parth/Desktop/Engine/venv/lib/python3.11/site-packages/airflow/example_dags/example_trigger_controller_dag.py
[2025-07-17T08:42:33.838+0530] {processor.py:925} INFO - DAG(s) 'example_trigger_controller_dag' retrieved from /Users/parth/Desktop/Engine/venv/lib/python3.11/site-packages/airflow/example_dags/example_trigger_controller_dag.py
[2025-07-17T08:42:33.895+0530] {logging_mixin.py:190} INFO - [2025-07-17T08:42:33.895+0530] {dag.py:3239} INFO - Sync 1 DAGs
[2025-07-17T08:42:33.906+0530] {logging_mixin.py:190} INFO - [2025-07-17T08:42:33.906+0530] {dag.py:4180} INFO - Setting next_dagrun for example_trigger_controller_dag to 2021-01-01 00:00:00+00:00, run_after=2021-01-01 00:00:00+00:00
[2025-07-17T08:42:33.917+0530] {processor.py:208} INFO - Processing /Users/parth/Desktop/Engine/venv/lib/python3.11/site-packages/airflow/example_dags/example_trigger_controller_dag.py took 0.090 seconds
