[2025-07-17T07:23:38.701+0530] {processor.py:186} INFO - Started process (PID=24052) to work on /Users/parth/Desktop/Engine/venv/lib/python3.11/site-packages/airflow/example_dags/example_branch_python_dop_operator_3.py
[2025-07-17T07:23:38.701+0530] {processor.py:914} INFO - Processing file /Users/parth/Desktop/Engine/venv/lib/python3.11/site-packages/airflow/example_dags/example_branch_python_dop_operator_3.py for tasks to queue
[2025-07-17T07:23:38.702+0530] {logging_mixin.py:190} INFO - [2025-07-17T07:23:38.702+0530] {dagbag.py:588} INFO - Filling up the DagBag from /Users/parth/Desktop/Engine/venv/lib/python3.11/site-packages/airflow/example_dags/example_branch_python_dop_operator_3.py
[2025-07-17T07:23:38.731+0530] {processor.py:925} INFO - DAG(s) 'example_branch_dop_operator_v3' retrieved from /Users/parth/Desktop/Engine/venv/lib/python3.11/site-packages/airflow/example_dags/example_branch_python_dop_operator_3.py
[2025-07-17T07:23:38.793+0530] {logging_mixin.py:190} INFO - [2025-07-17T07:23:38.793+0530] {dag.py:3239} INFO - Sync 1 DAGs
[2025-07-17T07:23:38.808+0530] {logging_mixin.py:190} INFO - [2025-07-17T07:23:38.808+0530] {dag.py:4180} INFO - Setting next_dagrun for example_branch_dop_operator_v3 to 2025-07-17 01:52:00+00:00, run_after=2025-07-17 01:53:00+00:00
[2025-07-17T07:23:38.819+0530] {processor.py:208} INFO - Processing /Users/parth/Desktop/Engine/venv/lib/python3.11/site-packages/airflow/example_dags/example_branch_python_dop_operator_3.py took 0.121 seconds
[2025-07-17T07:27:25.958+0530] {processor.py:186} INFO - Started process (PID=25535) to work on /Users/parth/Desktop/Engine/venv/lib/python3.11/site-packages/airflow/example_dags/example_branch_python_dop_operator_3.py
[2025-07-17T07:27:25.958+0530] {processor.py:914} INFO - Processing file /Users/parth/Desktop/Engine/venv/lib/python3.11/site-packages/airflow/example_dags/example_branch_python_dop_operator_3.py for tasks to queue
[2025-07-17T07:27:25.959+0530] {logging_mixin.py:190} INFO - [2025-07-17T07:27:25.959+0530] {dagbag.py:588} INFO - Filling up the DagBag from /Users/parth/Desktop/Engine/venv/lib/python3.11/site-packages/airflow/example_dags/example_branch_python_dop_operator_3.py
[2025-07-17T07:27:25.985+0530] {processor.py:925} INFO - DAG(s) 'example_branch_dop_operator_v3' retrieved from /Users/parth/Desktop/Engine/venv/lib/python3.11/site-packages/airflow/example_dags/example_branch_python_dop_operator_3.py
[2025-07-17T07:27:26.043+0530] {logging_mixin.py:190} INFO - [2025-07-17T07:27:26.043+0530] {dag.py:3239} INFO - Sync 1 DAGs
[2025-07-17T07:27:26.057+0530] {logging_mixin.py:190} INFO - [2025-07-17T07:27:26.057+0530] {dag.py:4180} INFO - Setting next_dagrun for example_branch_dop_operator_v3 to 2025-07-17 01:56:00+00:00, run_after=2025-07-17 01:57:00+00:00
[2025-07-17T07:27:26.068+0530] {processor.py:208} INFO - Processing /Users/parth/Desktop/Engine/venv/lib/python3.11/site-packages/airflow/example_dags/example_branch_python_dop_operator_3.py took 0.112 seconds
[2025-07-17T07:30:55.512+0530] {processor.py:186} INFO - Started process (PID=26881) to work on /Users/parth/Desktop/Engine/venv/lib/python3.11/site-packages/airflow/example_dags/example_branch_python_dop_operator_3.py
[2025-07-17T07:30:55.513+0530] {processor.py:914} INFO - Processing file /Users/parth/Desktop/Engine/venv/lib/python3.11/site-packages/airflow/example_dags/example_branch_python_dop_operator_3.py for tasks to queue
[2025-07-17T07:30:55.513+0530] {logging_mixin.py:190} INFO - [2025-07-17T07:30:55.513+0530] {dagbag.py:588} INFO - Filling up the DagBag from /Users/parth/Desktop/Engine/venv/lib/python3.11/site-packages/airflow/example_dags/example_branch_python_dop_operator_3.py
[2025-07-17T07:30:55.540+0530] {processor.py:925} INFO - DAG(s) 'example_branch_dop_operator_v3' retrieved from /Users/parth/Desktop/Engine/venv/lib/python3.11/site-packages/airflow/example_dags/example_branch_python_dop_operator_3.py
[2025-07-17T07:30:55.599+0530] {logging_mixin.py:190} INFO - [2025-07-17T07:30:55.598+0530] {dag.py:3239} INFO - Sync 1 DAGs
[2025-07-17T07:30:55.613+0530] {logging_mixin.py:190} INFO - [2025-07-17T07:30:55.612+0530] {dag.py:4180} INFO - Setting next_dagrun for example_branch_dop_operator_v3 to 2025-07-17 01:59:00+00:00, run_after=2025-07-17 02:00:00+00:00
[2025-07-17T07:30:55.623+0530] {processor.py:208} INFO - Processing /Users/parth/Desktop/Engine/venv/lib/python3.11/site-packages/airflow/example_dags/example_branch_python_dop_operator_3.py took 0.114 seconds
[2025-07-17T07:34:27.147+0530] {processor.py:186} INFO - Started process (PID=28270) to work on /Users/parth/Desktop/Engine/venv/lib/python3.11/site-packages/airflow/example_dags/example_branch_python_dop_operator_3.py
[2025-07-17T07:34:27.148+0530] {processor.py:914} INFO - Processing file /Users/parth/Desktop/Engine/venv/lib/python3.11/site-packages/airflow/example_dags/example_branch_python_dop_operator_3.py for tasks to queue
[2025-07-17T07:34:27.149+0530] {logging_mixin.py:190} INFO - [2025-07-17T07:34:27.149+0530] {dagbag.py:588} INFO - Filling up the DagBag from /Users/parth/Desktop/Engine/venv/lib/python3.11/site-packages/airflow/example_dags/example_branch_python_dop_operator_3.py
[2025-07-17T07:34:27.175+0530] {processor.py:925} INFO - DAG(s) 'example_branch_dop_operator_v3' retrieved from /Users/parth/Desktop/Engine/venv/lib/python3.11/site-packages/airflow/example_dags/example_branch_python_dop_operator_3.py
[2025-07-17T07:34:27.236+0530] {logging_mixin.py:190} INFO - [2025-07-17T07:34:27.236+0530] {dag.py:3239} INFO - Sync 1 DAGs
[2025-07-17T07:34:27.250+0530] {logging_mixin.py:190} INFO - [2025-07-17T07:34:27.250+0530] {dag.py:4180} INFO - Setting next_dagrun for example_branch_dop_operator_v3 to 2025-07-17 02:03:00+00:00, run_after=2025-07-17 02:04:00+00:00
[2025-07-17T07:34:27.262+0530] {processor.py:208} INFO - Processing /Users/parth/Desktop/Engine/venv/lib/python3.11/site-packages/airflow/example_dags/example_branch_python_dop_operator_3.py took 0.117 seconds
[2025-07-17T07:38:15.423+0530] {processor.py:186} INFO - Started process (PID=29770) to work on /Users/parth/Desktop/Engine/venv/lib/python3.11/site-packages/airflow/example_dags/example_branch_python_dop_operator_3.py
[2025-07-17T07:38:15.423+0530] {processor.py:914} INFO - Processing file /Users/parth/Desktop/Engine/venv/lib/python3.11/site-packages/airflow/example_dags/example_branch_python_dop_operator_3.py for tasks to queue
[2025-07-17T07:38:15.424+0530] {logging_mixin.py:190} INFO - [2025-07-17T07:38:15.424+0530] {dagbag.py:588} INFO - Filling up the DagBag from /Users/parth/Desktop/Engine/venv/lib/python3.11/site-packages/airflow/example_dags/example_branch_python_dop_operator_3.py
[2025-07-17T07:38:15.450+0530] {processor.py:925} INFO - DAG(s) 'example_branch_dop_operator_v3' retrieved from /Users/parth/Desktop/Engine/venv/lib/python3.11/site-packages/airflow/example_dags/example_branch_python_dop_operator_3.py
[2025-07-17T07:38:15.510+0530] {logging_mixin.py:190} INFO - [2025-07-17T07:38:15.509+0530] {dag.py:3239} INFO - Sync 1 DAGs
[2025-07-17T07:38:15.523+0530] {logging_mixin.py:190} INFO - [2025-07-17T07:38:15.523+0530] {dag.py:4180} INFO - Setting next_dagrun for example_branch_dop_operator_v3 to 2025-07-17 02:07:00+00:00, run_after=2025-07-17 02:08:00+00:00
[2025-07-17T07:38:15.534+0530] {processor.py:208} INFO - Processing /Users/parth/Desktop/Engine/venv/lib/python3.11/site-packages/airflow/example_dags/example_branch_python_dop_operator_3.py took 0.114 seconds
[2025-07-17T07:42:10.472+0530] {processor.py:186} INFO - Started process (PID=31301) to work on /Users/parth/Desktop/Engine/venv/lib/python3.11/site-packages/airflow/example_dags/example_branch_python_dop_operator_3.py
[2025-07-17T07:42:10.473+0530] {processor.py:914} INFO - Processing file /Users/parth/Desktop/Engine/venv/lib/python3.11/site-packages/airflow/example_dags/example_branch_python_dop_operator_3.py for tasks to queue
[2025-07-17T07:42:10.474+0530] {logging_mixin.py:190} INFO - [2025-07-17T07:42:10.474+0530] {dagbag.py:588} INFO - Filling up the DagBag from /Users/parth/Desktop/Engine/venv/lib/python3.11/site-packages/airflow/example_dags/example_branch_python_dop_operator_3.py
[2025-07-17T07:42:10.500+0530] {processor.py:925} INFO - DAG(s) 'example_branch_dop_operator_v3' retrieved from /Users/parth/Desktop/Engine/venv/lib/python3.11/site-packages/airflow/example_dags/example_branch_python_dop_operator_3.py
[2025-07-17T07:42:10.560+0530] {logging_mixin.py:190} INFO - [2025-07-17T07:42:10.559+0530] {dag.py:3239} INFO - Sync 1 DAGs
[2025-07-17T07:42:10.574+0530] {logging_mixin.py:190} INFO - [2025-07-17T07:42:10.573+0530] {dag.py:4180} INFO - Setting next_dagrun for example_branch_dop_operator_v3 to 2025-07-17 02:11:00+00:00, run_after=2025-07-17 02:12:00+00:00
[2025-07-17T07:42:10.584+0530] {processor.py:208} INFO - Processing /Users/parth/Desktop/Engine/venv/lib/python3.11/site-packages/airflow/example_dags/example_branch_python_dop_operator_3.py took 0.115 seconds
[2025-07-17T07:47:31.980+0530] {processor.py:186} INFO - Started process (PID=33601) to work on /Users/parth/Desktop/Engine/venv/lib/python3.11/site-packages/airflow/example_dags/example_branch_python_dop_operator_3.py
[2025-07-17T07:47:31.981+0530] {processor.py:914} INFO - Processing file /Users/parth/Desktop/Engine/venv/lib/python3.11/site-packages/airflow/example_dags/example_branch_python_dop_operator_3.py for tasks to queue
[2025-07-17T07:47:31.981+0530] {logging_mixin.py:190} INFO - [2025-07-17T07:47:31.981+0530] {dagbag.py:588} INFO - Filling up the DagBag from /Users/parth/Desktop/Engine/venv/lib/python3.11/site-packages/airflow/example_dags/example_branch_python_dop_operator_3.py
[2025-07-17T07:47:32.011+0530] {processor.py:925} INFO - DAG(s) 'example_branch_dop_operator_v3' retrieved from /Users/parth/Desktop/Engine/venv/lib/python3.11/site-packages/airflow/example_dags/example_branch_python_dop_operator_3.py
[2025-07-17T07:47:32.077+0530] {logging_mixin.py:190} INFO - [2025-07-17T07:47:32.077+0530] {dag.py:3239} INFO - Sync 1 DAGs
[2025-07-17T07:47:32.092+0530] {logging_mixin.py:190} INFO - [2025-07-17T07:47:32.092+0530] {dag.py:4180} INFO - Setting next_dagrun for example_branch_dop_operator_v3 to 2025-07-17 02:16:00+00:00, run_after=2025-07-17 02:17:00+00:00
[2025-07-17T07:47:32.104+0530] {processor.py:208} INFO - Processing /Users/parth/Desktop/Engine/venv/lib/python3.11/site-packages/airflow/example_dags/example_branch_python_dop_operator_3.py took 0.127 seconds
[2025-07-17T07:51:51.788+0530] {processor.py:186} INFO - Started process (PID=35345) to work on /Users/parth/Desktop/Engine/venv/lib/python3.11/site-packages/airflow/example_dags/example_branch_python_dop_operator_3.py
[2025-07-17T07:51:51.791+0530] {processor.py:914} INFO - Processing file /Users/parth/Desktop/Engine/venv/lib/python3.11/site-packages/airflow/example_dags/example_branch_python_dop_operator_3.py for tasks to queue
[2025-07-17T07:51:51.792+0530] {logging_mixin.py:190} INFO - [2025-07-17T07:51:51.792+0530] {dagbag.py:588} INFO - Filling up the DagBag from /Users/parth/Desktop/Engine/venv/lib/python3.11/site-packages/airflow/example_dags/example_branch_python_dop_operator_3.py
[2025-07-17T07:51:51.883+0530] {processor.py:925} INFO - DAG(s) 'example_branch_dop_operator_v3' retrieved from /Users/parth/Desktop/Engine/venv/lib/python3.11/site-packages/airflow/example_dags/example_branch_python_dop_operator_3.py
[2025-07-17T07:51:52.074+0530] {logging_mixin.py:190} INFO - [2025-07-17T07:51:52.074+0530] {dag.py:3239} INFO - Sync 1 DAGs
[2025-07-17T07:51:52.114+0530] {logging_mixin.py:190} INFO - [2025-07-17T07:51:52.113+0530] {dag.py:4180} INFO - Setting next_dagrun for example_branch_dop_operator_v3 to 2025-07-17 02:20:00+00:00, run_after=2025-07-17 02:21:00+00:00
[2025-07-17T07:51:52.150+0530] {processor.py:208} INFO - Processing /Users/parth/Desktop/Engine/venv/lib/python3.11/site-packages/airflow/example_dags/example_branch_python_dop_operator_3.py took 0.369 seconds
[2025-07-17T07:55:14.357+0530] {processor.py:186} INFO - Started process (PID=36783) to work on /Users/parth/Desktop/Engine/venv/lib/python3.11/site-packages/airflow/example_dags/example_branch_python_dop_operator_3.py
[2025-07-17T07:55:14.358+0530] {processor.py:914} INFO - Processing file /Users/parth/Desktop/Engine/venv/lib/python3.11/site-packages/airflow/example_dags/example_branch_python_dop_operator_3.py for tasks to queue
[2025-07-17T07:55:14.359+0530] {logging_mixin.py:190} INFO - [2025-07-17T07:55:14.359+0530] {dagbag.py:588} INFO - Filling up the DagBag from /Users/parth/Desktop/Engine/venv/lib/python3.11/site-packages/airflow/example_dags/example_branch_python_dop_operator_3.py
[2025-07-17T07:55:14.385+0530] {processor.py:925} INFO - DAG(s) 'example_branch_dop_operator_v3' retrieved from /Users/parth/Desktop/Engine/venv/lib/python3.11/site-packages/airflow/example_dags/example_branch_python_dop_operator_3.py
[2025-07-17T07:55:14.443+0530] {logging_mixin.py:190} INFO - [2025-07-17T07:55:14.443+0530] {dag.py:3239} INFO - Sync 1 DAGs
[2025-07-17T07:55:14.456+0530] {logging_mixin.py:190} INFO - [2025-07-17T07:55:14.456+0530] {dag.py:4180} INFO - Setting next_dagrun for example_branch_dop_operator_v3 to 2025-07-17 02:24:00+00:00, run_after=2025-07-17 02:25:00+00:00
[2025-07-17T07:55:14.467+0530] {processor.py:208} INFO - Processing /Users/parth/Desktop/Engine/venv/lib/python3.11/site-packages/airflow/example_dags/example_branch_python_dop_operator_3.py took 0.112 seconds
[2025-07-17T07:59:12.955+0530] {processor.py:186} INFO - Started process (PID=38392) to work on /Users/parth/Desktop/Engine/venv/lib/python3.11/site-packages/airflow/example_dags/example_branch_python_dop_operator_3.py
[2025-07-17T07:59:12.956+0530] {processor.py:914} INFO - Processing file /Users/parth/Desktop/Engine/venv/lib/python3.11/site-packages/airflow/example_dags/example_branch_python_dop_operator_3.py for tasks to queue
[2025-07-17T07:59:12.957+0530] {logging_mixin.py:190} INFO - [2025-07-17T07:59:12.956+0530] {dagbag.py:588} INFO - Filling up the DagBag from /Users/parth/Desktop/Engine/venv/lib/python3.11/site-packages/airflow/example_dags/example_branch_python_dop_operator_3.py
[2025-07-17T07:59:12.988+0530] {processor.py:925} INFO - DAG(s) 'example_branch_dop_operator_v3' retrieved from /Users/parth/Desktop/Engine/venv/lib/python3.11/site-packages/airflow/example_dags/example_branch_python_dop_operator_3.py
[2025-07-17T07:59:13.055+0530] {logging_mixin.py:190} INFO - [2025-07-17T07:59:13.054+0530] {dag.py:3239} INFO - Sync 1 DAGs
[2025-07-17T07:59:13.070+0530] {logging_mixin.py:190} INFO - [2025-07-17T07:59:13.070+0530] {dag.py:4180} INFO - Setting next_dagrun for example_branch_dop_operator_v3 to 2025-07-17 02:28:00+00:00, run_after=2025-07-17 02:29:00+00:00
[2025-07-17T07:59:13.083+0530] {processor.py:208} INFO - Processing /Users/parth/Desktop/Engine/venv/lib/python3.11/site-packages/airflow/example_dags/example_branch_python_dop_operator_3.py took 0.131 seconds
[2025-07-17T08:03:38.700+0530] {processor.py:186} INFO - Started process (PID=40113) to work on /Users/parth/Desktop/Engine/venv/lib/python3.11/site-packages/airflow/example_dags/example_branch_python_dop_operator_3.py
[2025-07-17T08:03:38.701+0530] {processor.py:914} INFO - Processing file /Users/parth/Desktop/Engine/venv/lib/python3.11/site-packages/airflow/example_dags/example_branch_python_dop_operator_3.py for tasks to queue
[2025-07-17T08:03:38.701+0530] {logging_mixin.py:190} INFO - [2025-07-17T08:03:38.701+0530] {dagbag.py:588} INFO - Filling up the DagBag from /Users/parth/Desktop/Engine/venv/lib/python3.11/site-packages/airflow/example_dags/example_branch_python_dop_operator_3.py
[2025-07-17T08:03:38.729+0530] {processor.py:925} INFO - DAG(s) 'example_branch_dop_operator_v3' retrieved from /Users/parth/Desktop/Engine/venv/lib/python3.11/site-packages/airflow/example_dags/example_branch_python_dop_operator_3.py
[2025-07-17T08:03:38.789+0530] {logging_mixin.py:190} INFO - [2025-07-17T08:03:38.789+0530] {dag.py:3239} INFO - Sync 1 DAGs
[2025-07-17T08:03:38.803+0530] {logging_mixin.py:190} INFO - [2025-07-17T08:03:38.803+0530] {dag.py:4180} INFO - Setting next_dagrun for example_branch_dop_operator_v3 to 2025-07-17 02:32:00+00:00, run_after=2025-07-17 02:33:00+00:00
[2025-07-17T08:03:38.815+0530] {processor.py:208} INFO - Processing /Users/parth/Desktop/Engine/venv/lib/python3.11/site-packages/airflow/example_dags/example_branch_python_dop_operator_3.py took 0.117 seconds
[2025-07-17T08:07:48.542+0530] {processor.py:186} INFO - Started process (PID=41847) to work on /Users/parth/Desktop/Engine/venv/lib/python3.11/site-packages/airflow/example_dags/example_branch_python_dop_operator_3.py
[2025-07-17T08:07:48.543+0530] {processor.py:914} INFO - Processing file /Users/parth/Desktop/Engine/venv/lib/python3.11/site-packages/airflow/example_dags/example_branch_python_dop_operator_3.py for tasks to queue
[2025-07-17T08:07:48.543+0530] {logging_mixin.py:190} INFO - [2025-07-17T08:07:48.543+0530] {dagbag.py:588} INFO - Filling up the DagBag from /Users/parth/Desktop/Engine/venv/lib/python3.11/site-packages/airflow/example_dags/example_branch_python_dop_operator_3.py
[2025-07-17T08:07:48.570+0530] {processor.py:925} INFO - DAG(s) 'example_branch_dop_operator_v3' retrieved from /Users/parth/Desktop/Engine/venv/lib/python3.11/site-packages/airflow/example_dags/example_branch_python_dop_operator_3.py
[2025-07-17T08:07:48.630+0530] {logging_mixin.py:190} INFO - [2025-07-17T08:07:48.629+0530] {dag.py:3239} INFO - Sync 1 DAGs
[2025-07-17T08:07:48.643+0530] {logging_mixin.py:190} INFO - [2025-07-17T08:07:48.643+0530] {dag.py:4180} INFO - Setting next_dagrun for example_branch_dop_operator_v3 to 2025-07-17 02:36:00+00:00, run_after=2025-07-17 02:37:00+00:00
[2025-07-17T08:07:48.654+0530] {processor.py:208} INFO - Processing /Users/parth/Desktop/Engine/venv/lib/python3.11/site-packages/airflow/example_dags/example_branch_python_dop_operator_3.py took 0.115 seconds
[2025-07-17T08:11:52.924+0530] {processor.py:186} INFO - Started process (PID=43492) to work on /Users/parth/Desktop/Engine/venv/lib/python3.11/site-packages/airflow/example_dags/example_branch_python_dop_operator_3.py
[2025-07-17T08:11:52.925+0530] {processor.py:914} INFO - Processing file /Users/parth/Desktop/Engine/venv/lib/python3.11/site-packages/airflow/example_dags/example_branch_python_dop_operator_3.py for tasks to queue
[2025-07-17T08:11:52.926+0530] {logging_mixin.py:190} INFO - [2025-07-17T08:11:52.925+0530] {dagbag.py:588} INFO - Filling up the DagBag from /Users/parth/Desktop/Engine/venv/lib/python3.11/site-packages/airflow/example_dags/example_branch_python_dop_operator_3.py
[2025-07-17T08:11:52.952+0530] {processor.py:925} INFO - DAG(s) 'example_branch_dop_operator_v3' retrieved from /Users/parth/Desktop/Engine/venv/lib/python3.11/site-packages/airflow/example_dags/example_branch_python_dop_operator_3.py
[2025-07-17T08:11:53.012+0530] {logging_mixin.py:190} INFO - [2025-07-17T08:11:53.012+0530] {dag.py:3239} INFO - Sync 1 DAGs
[2025-07-17T08:11:53.027+0530] {logging_mixin.py:190} INFO - [2025-07-17T08:11:53.026+0530] {dag.py:4180} INFO - Setting next_dagrun for example_branch_dop_operator_v3 to 2025-07-17 02:40:00+00:00, run_after=2025-07-17 02:41:00+00:00
[2025-07-17T08:11:53.037+0530] {processor.py:208} INFO - Processing /Users/parth/Desktop/Engine/venv/lib/python3.11/site-packages/airflow/example_dags/example_branch_python_dop_operator_3.py took 0.115 seconds
[2025-07-17T08:20:06.606+0530] {processor.py:186} INFO - Started process (PID=44926) to work on /Users/parth/Desktop/Engine/venv/lib/python3.11/site-packages/airflow/example_dags/example_branch_python_dop_operator_3.py
[2025-07-17T08:20:06.607+0530] {processor.py:914} INFO - Processing file /Users/parth/Desktop/Engine/venv/lib/python3.11/site-packages/airflow/example_dags/example_branch_python_dop_operator_3.py for tasks to queue
[2025-07-17T08:20:06.607+0530] {logging_mixin.py:190} INFO - [2025-07-17T08:20:06.607+0530] {dagbag.py:588} INFO - Filling up the DagBag from /Users/parth/Desktop/Engine/venv/lib/python3.11/site-packages/airflow/example_dags/example_branch_python_dop_operator_3.py
[2025-07-17T08:20:06.633+0530] {processor.py:925} INFO - DAG(s) 'example_branch_dop_operator_v3' retrieved from /Users/parth/Desktop/Engine/venv/lib/python3.11/site-packages/airflow/example_dags/example_branch_python_dop_operator_3.py
[2025-07-17T08:20:06.693+0530] {logging_mixin.py:190} INFO - [2025-07-17T08:20:06.693+0530] {dag.py:3239} INFO - Sync 1 DAGs
[2025-07-17T08:20:06.707+0530] {logging_mixin.py:190} INFO - [2025-07-17T08:20:06.707+0530] {dag.py:4180} INFO - Setting next_dagrun for example_branch_dop_operator_v3 to 2025-07-17 02:49:00+00:00, run_after=2025-07-17 02:50:00+00:00
[2025-07-17T08:20:06.717+0530] {processor.py:208} INFO - Processing /Users/parth/Desktop/Engine/venv/lib/python3.11/site-packages/airflow/example_dags/example_branch_python_dop_operator_3.py took 0.114 seconds
[2025-07-17T08:23:37.591+0530] {processor.py:186} INFO - Started process (PID=46313) to work on /Users/parth/Desktop/Engine/venv/lib/python3.11/site-packages/airflow/example_dags/example_branch_python_dop_operator_3.py
[2025-07-17T08:23:37.592+0530] {processor.py:914} INFO - Processing file /Users/parth/Desktop/Engine/venv/lib/python3.11/site-packages/airflow/example_dags/example_branch_python_dop_operator_3.py for tasks to queue
[2025-07-17T08:23:37.593+0530] {logging_mixin.py:190} INFO - [2025-07-17T08:23:37.593+0530] {dagbag.py:588} INFO - Filling up the DagBag from /Users/parth/Desktop/Engine/venv/lib/python3.11/site-packages/airflow/example_dags/example_branch_python_dop_operator_3.py
[2025-07-17T08:23:37.618+0530] {processor.py:925} INFO - DAG(s) 'example_branch_dop_operator_v3' retrieved from /Users/parth/Desktop/Engine/venv/lib/python3.11/site-packages/airflow/example_dags/example_branch_python_dop_operator_3.py
[2025-07-17T08:23:37.678+0530] {logging_mixin.py:190} INFO - [2025-07-17T08:23:37.678+0530] {dag.py:3239} INFO - Sync 1 DAGs
[2025-07-17T08:23:37.692+0530] {logging_mixin.py:190} INFO - [2025-07-17T08:23:37.692+0530] {dag.py:4180} INFO - Setting next_dagrun for example_branch_dop_operator_v3 to 2025-07-17 02:52:00+00:00, run_after=2025-07-17 02:53:00+00:00
[2025-07-17T08:23:37.703+0530] {processor.py:208} INFO - Processing /Users/parth/Desktop/Engine/venv/lib/python3.11/site-packages/airflow/example_dags/example_branch_python_dop_operator_3.py took 0.114 seconds
[2025-07-17T08:27:08.955+0530] {processor.py:186} INFO - Started process (PID=47745) to work on /Users/parth/Desktop/Engine/venv/lib/python3.11/site-packages/airflow/example_dags/example_branch_python_dop_operator_3.py
[2025-07-17T08:27:08.956+0530] {processor.py:914} INFO - Processing file /Users/parth/Desktop/Engine/venv/lib/python3.11/site-packages/airflow/example_dags/example_branch_python_dop_operator_3.py for tasks to queue
[2025-07-17T08:27:08.957+0530] {logging_mixin.py:190} INFO - [2025-07-17T08:27:08.957+0530] {dagbag.py:588} INFO - Filling up the DagBag from /Users/parth/Desktop/Engine/venv/lib/python3.11/site-packages/airflow/example_dags/example_branch_python_dop_operator_3.py
[2025-07-17T08:27:08.983+0530] {processor.py:925} INFO - DAG(s) 'example_branch_dop_operator_v3' retrieved from /Users/parth/Desktop/Engine/venv/lib/python3.11/site-packages/airflow/example_dags/example_branch_python_dop_operator_3.py
[2025-07-17T08:27:09.042+0530] {logging_mixin.py:190} INFO - [2025-07-17T08:27:09.042+0530] {dag.py:3239} INFO - Sync 1 DAGs
[2025-07-17T08:27:09.055+0530] {logging_mixin.py:190} INFO - [2025-07-17T08:27:09.055+0530] {dag.py:4180} INFO - Setting next_dagrun for example_branch_dop_operator_v3 to 2025-07-17 02:56:00+00:00, run_after=2025-07-17 02:57:00+00:00
[2025-07-17T08:27:09.066+0530] {processor.py:208} INFO - Processing /Users/parth/Desktop/Engine/venv/lib/python3.11/site-packages/airflow/example_dags/example_branch_python_dop_operator_3.py took 0.113 seconds
[2025-07-17T08:35:22.412+0530] {processor.py:186} INFO - Started process (PID=49408) to work on /Users/parth/Desktop/Engine/venv/lib/python3.11/site-packages/airflow/example_dags/example_branch_python_dop_operator_3.py
[2025-07-17T08:35:22.413+0530] {processor.py:914} INFO - Processing file /Users/parth/Desktop/Engine/venv/lib/python3.11/site-packages/airflow/example_dags/example_branch_python_dop_operator_3.py for tasks to queue
[2025-07-17T08:35:22.414+0530] {logging_mixin.py:190} INFO - [2025-07-17T08:35:22.413+0530] {dagbag.py:588} INFO - Filling up the DagBag from /Users/parth/Desktop/Engine/venv/lib/python3.11/site-packages/airflow/example_dags/example_branch_python_dop_operator_3.py
[2025-07-17T08:35:22.441+0530] {processor.py:925} INFO - DAG(s) 'example_branch_dop_operator_v3' retrieved from /Users/parth/Desktop/Engine/venv/lib/python3.11/site-packages/airflow/example_dags/example_branch_python_dop_operator_3.py
[2025-07-17T08:35:22.500+0530] {logging_mixin.py:190} INFO - [2025-07-17T08:35:22.499+0530] {dag.py:3239} INFO - Sync 1 DAGs
[2025-07-17T08:35:22.513+0530] {logging_mixin.py:190} INFO - [2025-07-17T08:35:22.513+0530] {dag.py:4180} INFO - Setting next_dagrun for example_branch_dop_operator_v3 to 2025-07-17 03:04:00+00:00, run_after=2025-07-17 03:05:00+00:00
[2025-07-17T08:35:22.524+0530] {processor.py:208} INFO - Processing /Users/parth/Desktop/Engine/venv/lib/python3.11/site-packages/airflow/example_dags/example_branch_python_dop_operator_3.py took 0.114 seconds
[2025-07-17T08:38:51.978+0530] {processor.py:186} INFO - Started process (PID=50762) to work on /Users/parth/Desktop/Engine/venv/lib/python3.11/site-packages/airflow/example_dags/example_branch_python_dop_operator_3.py
[2025-07-17T08:38:51.979+0530] {processor.py:914} INFO - Processing file /Users/parth/Desktop/Engine/venv/lib/python3.11/site-packages/airflow/example_dags/example_branch_python_dop_operator_3.py for tasks to queue
[2025-07-17T08:38:51.979+0530] {logging_mixin.py:190} INFO - [2025-07-17T08:38:51.979+0530] {dagbag.py:588} INFO - Filling up the DagBag from /Users/parth/Desktop/Engine/venv/lib/python3.11/site-packages/airflow/example_dags/example_branch_python_dop_operator_3.py
[2025-07-17T08:38:52.005+0530] {processor.py:925} INFO - DAG(s) 'example_branch_dop_operator_v3' retrieved from /Users/parth/Desktop/Engine/venv/lib/python3.11/site-packages/airflow/example_dags/example_branch_python_dop_operator_3.py
[2025-07-17T08:38:52.064+0530] {logging_mixin.py:190} INFO - [2025-07-17T08:38:52.064+0530] {dag.py:3239} INFO - Sync 1 DAGs
[2025-07-17T08:38:52.078+0530] {logging_mixin.py:190} INFO - [2025-07-17T08:38:52.078+0530] {dag.py:4180} INFO - Setting next_dagrun for example_branch_dop_operator_v3 to 2025-07-17 03:07:00+00:00, run_after=2025-07-17 03:08:00+00:00
[2025-07-17T08:38:52.089+0530] {processor.py:208} INFO - Processing /Users/parth/Desktop/Engine/venv/lib/python3.11/site-packages/airflow/example_dags/example_branch_python_dop_operator_3.py took 0.113 seconds
[2025-07-17T10:01:20.319+0530] {processor.py:186} INFO - Started process (PID=52440) to work on /Users/parth/Desktop/Engine/venv/lib/python3.11/site-packages/airflow/example_dags/example_branch_python_dop_operator_3.py
[2025-07-17T10:01:20.320+0530] {processor.py:914} INFO - Processing file /Users/parth/Desktop/Engine/venv/lib/python3.11/site-packages/airflow/example_dags/example_branch_python_dop_operator_3.py for tasks to queue
[2025-07-17T10:01:20.321+0530] {logging_mixin.py:190} INFO - [2025-07-17T10:01:20.321+0530] {dagbag.py:588} INFO - Filling up the DagBag from /Users/parth/Desktop/Engine/venv/lib/python3.11/site-packages/airflow/example_dags/example_branch_python_dop_operator_3.py
[2025-07-17T10:01:20.350+0530] {processor.py:925} INFO - DAG(s) 'example_branch_dop_operator_v3' retrieved from /Users/parth/Desktop/Engine/venv/lib/python3.11/site-packages/airflow/example_dags/example_branch_python_dop_operator_3.py
[2025-07-17T10:01:20.412+0530] {logging_mixin.py:190} INFO - [2025-07-17T10:01:20.412+0530] {dag.py:3239} INFO - Sync 1 DAGs
[2025-07-17T10:01:20.426+0530] {logging_mixin.py:190} INFO - [2025-07-17T10:01:20.426+0530] {dag.py:4180} INFO - Setting next_dagrun for example_branch_dop_operator_v3 to 2025-07-17 04:30:00+00:00, run_after=2025-07-17 04:31:00+00:00
[2025-07-17T10:01:20.438+0530] {processor.py:208} INFO - Processing /Users/parth/Desktop/Engine/venv/lib/python3.11/site-packages/airflow/example_dags/example_branch_python_dop_operator_3.py took 0.122 seconds
