[2025-07-17T07:16:17.578+0530] {processor.py:186} INFO - Started process (PID=23518) to work on /Users/parth/Desktop/Engine/venv/lib/python3.11/site-packages/airflow/example_dags/example_subdag_operator.py
[2025-07-17T07:16:17.579+0530] {processor.py:914} INFO - Processing file /Users/parth/Desktop/Engine/venv/lib/python3.11/site-packages/airflow/example_dags/example_subdag_operator.py for tasks to queue
[2025-07-17T07:16:17.580+0530] {logging_mixin.py:190} INFO - [2025-07-17T07:16:17.580+0530] {dagbag.py:588} INFO - Filling up the DagBag from /Users/parth/Desktop/Engine/venv/lib/python3.11/site-packages/airflow/example_dags/example_subdag_operator.py
[2025-07-17T07:16:17.645+0530] {processor.py:925} INFO - DAG(s) 'example_subdag_operator.section-1', 'example_subdag_operator.section-2', 'example_subdag_operator' retrieved from /Users/parth/Desktop/Engine/venv/lib/python3.11/site-packages/airflow/example_dags/example_subdag_operator.py
[2025-07-17T07:16:18.188+0530] {logging_mixin.py:190} INFO - [2025-07-17T07:16:18.187+0530] {dag.py:3239} INFO - Sync 3 DAGs
[2025-07-17T07:16:18.200+0530] {logging_mixin.py:190} INFO - [2025-07-17T07:16:18.199+0530] {dag.py:4180} INFO - Setting next_dagrun for example_subdag_operator to 2022-01-01 00:00:00+00:00, run_after=2022-01-01 00:00:00+00:00
[2025-07-17T07:16:18.202+0530] {logging_mixin.py:190} INFO - [2025-07-17T07:16:18.202+0530] {dag.py:4180} INFO - Setting next_dagrun for example_subdag_operator.section-1 to None, run_after=None
[2025-07-17T07:16:18.202+0530] {logging_mixin.py:190} INFO - [2025-07-17T07:16:18.202+0530] {dag.py:4180} INFO - Setting next_dagrun for example_subdag_operator.section-2 to None, run_after=None
[2025-07-17T07:16:18.206+0530] {logging_mixin.py:190} INFO - [2025-07-17T07:16:18.205+0530] {dag.py:3239} INFO - Sync 2 DAGs
[2025-07-17T07:16:18.208+0530] {logging_mixin.py:190} INFO - [2025-07-17T07:16:18.208+0530] {dag.py:4180} INFO - Setting next_dagrun for example_subdag_operator.section-1 to None, run_after=None
[2025-07-17T07:16:18.208+0530] {logging_mixin.py:190} INFO - [2025-07-17T07:16:18.208+0530] {dag.py:4180} INFO - Setting next_dagrun for example_subdag_operator.section-2 to None, run_after=None
[2025-07-17T07:16:18.215+0530] {processor.py:208} INFO - Processing /Users/parth/Desktop/Engine/venv/lib/python3.11/site-packages/airflow/example_dags/example_subdag_operator.py took 0.639 seconds
[2025-07-17T07:24:51.432+0530] {processor.py:186} INFO - Started process (PID=24534) to work on /Users/parth/Desktop/Engine/venv/lib/python3.11/site-packages/airflow/example_dags/example_subdag_operator.py
[2025-07-17T07:24:51.433+0530] {processor.py:914} INFO - Processing file /Users/parth/Desktop/Engine/venv/lib/python3.11/site-packages/airflow/example_dags/example_subdag_operator.py for tasks to queue
[2025-07-17T07:24:51.434+0530] {logging_mixin.py:190} INFO - [2025-07-17T07:24:51.434+0530] {dagbag.py:588} INFO - Filling up the DagBag from /Users/parth/Desktop/Engine/venv/lib/python3.11/site-packages/airflow/example_dags/example_subdag_operator.py
[2025-07-17T07:24:51.498+0530] {processor.py:925} INFO - DAG(s) 'example_subdag_operator.section-1', 'example_subdag_operator.section-2', 'example_subdag_operator' retrieved from /Users/parth/Desktop/Engine/venv/lib/python3.11/site-packages/airflow/example_dags/example_subdag_operator.py
[2025-07-17T07:24:52.007+0530] {logging_mixin.py:190} INFO - [2025-07-17T07:24:52.006+0530] {dag.py:3239} INFO - Sync 3 DAGs
[2025-07-17T07:24:52.019+0530] {logging_mixin.py:190} INFO - [2025-07-17T07:24:52.018+0530] {dag.py:4180} INFO - Setting next_dagrun for example_subdag_operator to 2022-01-01 00:00:00+00:00, run_after=2022-01-01 00:00:00+00:00
[2025-07-17T07:24:52.021+0530] {logging_mixin.py:190} INFO - [2025-07-17T07:24:52.021+0530] {dag.py:4180} INFO - Setting next_dagrun for example_subdag_operator.section-1 to None, run_after=None
[2025-07-17T07:24:52.022+0530] {logging_mixin.py:190} INFO - [2025-07-17T07:24:52.021+0530] {dag.py:4180} INFO - Setting next_dagrun for example_subdag_operator.section-2 to None, run_after=None
[2025-07-17T07:24:52.025+0530] {logging_mixin.py:190} INFO - [2025-07-17T07:24:52.025+0530] {dag.py:3239} INFO - Sync 2 DAGs
[2025-07-17T07:24:52.027+0530] {logging_mixin.py:190} INFO - [2025-07-17T07:24:52.027+0530] {dag.py:4180} INFO - Setting next_dagrun for example_subdag_operator.section-1 to None, run_after=None
[2025-07-17T07:24:52.028+0530] {logging_mixin.py:190} INFO - [2025-07-17T07:24:52.028+0530] {dag.py:4180} INFO - Setting next_dagrun for example_subdag_operator.section-2 to None, run_after=None
[2025-07-17T07:24:52.034+0530] {processor.py:208} INFO - Processing /Users/parth/Desktop/Engine/venv/lib/python3.11/site-packages/airflow/example_dags/example_subdag_operator.py took 0.605 seconds
[2025-07-17T07:26:46.128+0530] {processor.py:186} INFO - Started process (PID=25275) to work on /Users/parth/Desktop/Engine/venv/lib/python3.11/site-packages/airflow/example_dags/example_subdag_operator.py
[2025-07-17T07:26:46.128+0530] {processor.py:914} INFO - Processing file /Users/parth/Desktop/Engine/venv/lib/python3.11/site-packages/airflow/example_dags/example_subdag_operator.py for tasks to queue
[2025-07-17T07:26:46.129+0530] {logging_mixin.py:190} INFO - [2025-07-17T07:26:46.129+0530] {dagbag.py:588} INFO - Filling up the DagBag from /Users/parth/Desktop/Engine/venv/lib/python3.11/site-packages/airflow/example_dags/example_subdag_operator.py
[2025-07-17T07:26:46.193+0530] {processor.py:925} INFO - DAG(s) 'example_subdag_operator.section-1', 'example_subdag_operator.section-2', 'example_subdag_operator' retrieved from /Users/parth/Desktop/Engine/venv/lib/python3.11/site-packages/airflow/example_dags/example_subdag_operator.py
[2025-07-17T07:26:46.696+0530] {logging_mixin.py:190} INFO - [2025-07-17T07:26:46.696+0530] {dag.py:3239} INFO - Sync 3 DAGs
[2025-07-17T07:26:46.708+0530] {logging_mixin.py:190} INFO - [2025-07-17T07:26:46.708+0530] {dag.py:4180} INFO - Setting next_dagrun for example_subdag_operator to 2022-01-01 00:00:00+00:00, run_after=2022-01-01 00:00:00+00:00
[2025-07-17T07:26:46.710+0530] {logging_mixin.py:190} INFO - [2025-07-17T07:26:46.710+0530] {dag.py:4180} INFO - Setting next_dagrun for example_subdag_operator.section-1 to None, run_after=None
[2025-07-17T07:26:46.710+0530] {logging_mixin.py:190} INFO - [2025-07-17T07:26:46.710+0530] {dag.py:4180} INFO - Setting next_dagrun for example_subdag_operator.section-2 to None, run_after=None
[2025-07-17T07:26:46.714+0530] {logging_mixin.py:190} INFO - [2025-07-17T07:26:46.714+0530] {dag.py:3239} INFO - Sync 2 DAGs
[2025-07-17T07:26:46.716+0530] {logging_mixin.py:190} INFO - [2025-07-17T07:26:46.716+0530] {dag.py:4180} INFO - Setting next_dagrun for example_subdag_operator.section-1 to None, run_after=None
[2025-07-17T07:26:46.716+0530] {logging_mixin.py:190} INFO - [2025-07-17T07:26:46.716+0530] {dag.py:4180} INFO - Setting next_dagrun for example_subdag_operator.section-2 to None, run_after=None
[2025-07-17T07:26:46.723+0530] {processor.py:208} INFO - Processing /Users/parth/Desktop/Engine/venv/lib/python3.11/site-packages/airflow/example_dags/example_subdag_operator.py took 0.597 seconds
[2025-07-17T07:28:30.684+0530] {processor.py:186} INFO - Started process (PID=25948) to work on /Users/parth/Desktop/Engine/venv/lib/python3.11/site-packages/airflow/example_dags/example_subdag_operator.py
[2025-07-17T07:28:30.685+0530] {processor.py:914} INFO - Processing file /Users/parth/Desktop/Engine/venv/lib/python3.11/site-packages/airflow/example_dags/example_subdag_operator.py for tasks to queue
[2025-07-17T07:28:30.686+0530] {logging_mixin.py:190} INFO - [2025-07-17T07:28:30.686+0530] {dagbag.py:588} INFO - Filling up the DagBag from /Users/parth/Desktop/Engine/venv/lib/python3.11/site-packages/airflow/example_dags/example_subdag_operator.py
[2025-07-17T07:28:30.749+0530] {processor.py:925} INFO - DAG(s) 'example_subdag_operator.section-1', 'example_subdag_operator.section-2', 'example_subdag_operator' retrieved from /Users/parth/Desktop/Engine/venv/lib/python3.11/site-packages/airflow/example_dags/example_subdag_operator.py
[2025-07-17T07:28:31.258+0530] {logging_mixin.py:190} INFO - [2025-07-17T07:28:31.258+0530] {dag.py:3239} INFO - Sync 3 DAGs
[2025-07-17T07:28:31.270+0530] {logging_mixin.py:190} INFO - [2025-07-17T07:28:31.270+0530] {dag.py:4180} INFO - Setting next_dagrun for example_subdag_operator to 2022-01-01 00:00:00+00:00, run_after=2022-01-01 00:00:00+00:00
[2025-07-17T07:28:31.272+0530] {logging_mixin.py:190} INFO - [2025-07-17T07:28:31.272+0530] {dag.py:4180} INFO - Setting next_dagrun for example_subdag_operator.section-1 to None, run_after=None
[2025-07-17T07:28:31.272+0530] {logging_mixin.py:190} INFO - [2025-07-17T07:28:31.272+0530] {dag.py:4180} INFO - Setting next_dagrun for example_subdag_operator.section-2 to None, run_after=None
[2025-07-17T07:28:31.276+0530] {logging_mixin.py:190} INFO - [2025-07-17T07:28:31.276+0530] {dag.py:3239} INFO - Sync 2 DAGs
[2025-07-17T07:28:31.278+0530] {logging_mixin.py:190} INFO - [2025-07-17T07:28:31.278+0530] {dag.py:4180} INFO - Setting next_dagrun for example_subdag_operator.section-1 to None, run_after=None
[2025-07-17T07:28:31.278+0530] {logging_mixin.py:190} INFO - [2025-07-17T07:28:31.278+0530] {dag.py:4180} INFO - Setting next_dagrun for example_subdag_operator.section-2 to None, run_after=None
[2025-07-17T07:28:31.285+0530] {processor.py:208} INFO - Processing /Users/parth/Desktop/Engine/venv/lib/python3.11/site-packages/airflow/example_dags/example_subdag_operator.py took 0.603 seconds
[2025-07-17T07:30:14.429+0530] {processor.py:186} INFO - Started process (PID=26621) to work on /Users/parth/Desktop/Engine/venv/lib/python3.11/site-packages/airflow/example_dags/example_subdag_operator.py
[2025-07-17T07:30:14.430+0530] {processor.py:914} INFO - Processing file /Users/parth/Desktop/Engine/venv/lib/python3.11/site-packages/airflow/example_dags/example_subdag_operator.py for tasks to queue
[2025-07-17T07:30:14.431+0530] {logging_mixin.py:190} INFO - [2025-07-17T07:30:14.431+0530] {dagbag.py:588} INFO - Filling up the DagBag from /Users/parth/Desktop/Engine/venv/lib/python3.11/site-packages/airflow/example_dags/example_subdag_operator.py
[2025-07-17T07:30:14.495+0530] {processor.py:925} INFO - DAG(s) 'example_subdag_operator.section-1', 'example_subdag_operator.section-2', 'example_subdag_operator' retrieved from /Users/parth/Desktop/Engine/venv/lib/python3.11/site-packages/airflow/example_dags/example_subdag_operator.py
[2025-07-17T07:30:15.039+0530] {logging_mixin.py:190} INFO - [2025-07-17T07:30:15.038+0530] {dag.py:3239} INFO - Sync 3 DAGs
[2025-07-17T07:30:15.050+0530] {logging_mixin.py:190} INFO - [2025-07-17T07:30:15.050+0530] {dag.py:4180} INFO - Setting next_dagrun for example_subdag_operator to 2022-01-01 00:00:00+00:00, run_after=2022-01-01 00:00:00+00:00
[2025-07-17T07:30:15.052+0530] {logging_mixin.py:190} INFO - [2025-07-17T07:30:15.052+0530] {dag.py:4180} INFO - Setting next_dagrun for example_subdag_operator.section-1 to None, run_after=None
[2025-07-17T07:30:15.053+0530] {logging_mixin.py:190} INFO - [2025-07-17T07:30:15.053+0530] {dag.py:4180} INFO - Setting next_dagrun for example_subdag_operator.section-2 to None, run_after=None
[2025-07-17T07:30:15.056+0530] {logging_mixin.py:190} INFO - [2025-07-17T07:30:15.056+0530] {dag.py:3239} INFO - Sync 2 DAGs
[2025-07-17T07:30:15.058+0530] {logging_mixin.py:190} INFO - [2025-07-17T07:30:15.058+0530] {dag.py:4180} INFO - Setting next_dagrun for example_subdag_operator.section-1 to None, run_after=None
[2025-07-17T07:30:15.058+0530] {logging_mixin.py:190} INFO - [2025-07-17T07:30:15.058+0530] {dag.py:4180} INFO - Setting next_dagrun for example_subdag_operator.section-2 to None, run_after=None
[2025-07-17T07:30:15.066+0530] {processor.py:208} INFO - Processing /Users/parth/Desktop/Engine/venv/lib/python3.11/site-packages/airflow/example_dags/example_subdag_operator.py took 0.639 seconds
[2025-07-17T07:32:00.136+0530] {processor.py:186} INFO - Started process (PID=27305) to work on /Users/parth/Desktop/Engine/venv/lib/python3.11/site-packages/airflow/example_dags/example_subdag_operator.py
[2025-07-17T07:32:00.137+0530] {processor.py:914} INFO - Processing file /Users/parth/Desktop/Engine/venv/lib/python3.11/site-packages/airflow/example_dags/example_subdag_operator.py for tasks to queue
[2025-07-17T07:32:00.138+0530] {logging_mixin.py:190} INFO - [2025-07-17T07:32:00.137+0530] {dagbag.py:588} INFO - Filling up the DagBag from /Users/parth/Desktop/Engine/venv/lib/python3.11/site-packages/airflow/example_dags/example_subdag_operator.py
[2025-07-17T07:32:00.200+0530] {processor.py:925} INFO - DAG(s) 'example_subdag_operator.section-1', 'example_subdag_operator.section-2', 'example_subdag_operator' retrieved from /Users/parth/Desktop/Engine/venv/lib/python3.11/site-packages/airflow/example_dags/example_subdag_operator.py
[2025-07-17T07:32:00.715+0530] {logging_mixin.py:190} INFO - [2025-07-17T07:32:00.715+0530] {dag.py:3239} INFO - Sync 3 DAGs
[2025-07-17T07:32:00.726+0530] {logging_mixin.py:190} INFO - [2025-07-17T07:32:00.726+0530] {dag.py:4180} INFO - Setting next_dagrun for example_subdag_operator to 2022-01-01 00:00:00+00:00, run_after=2022-01-01 00:00:00+00:00
[2025-07-17T07:32:00.728+0530] {logging_mixin.py:190} INFO - [2025-07-17T07:32:00.728+0530] {dag.py:4180} INFO - Setting next_dagrun for example_subdag_operator.section-1 to None, run_after=None
[2025-07-17T07:32:00.729+0530] {logging_mixin.py:190} INFO - [2025-07-17T07:32:00.729+0530] {dag.py:4180} INFO - Setting next_dagrun for example_subdag_operator.section-2 to None, run_after=None
[2025-07-17T07:32:00.732+0530] {logging_mixin.py:190} INFO - [2025-07-17T07:32:00.732+0530] {dag.py:3239} INFO - Sync 2 DAGs
[2025-07-17T07:32:00.734+0530] {logging_mixin.py:190} INFO - [2025-07-17T07:32:00.734+0530] {dag.py:4180} INFO - Setting next_dagrun for example_subdag_operator.section-1 to None, run_after=None
[2025-07-17T07:32:00.735+0530] {logging_mixin.py:190} INFO - [2025-07-17T07:32:00.734+0530] {dag.py:4180} INFO - Setting next_dagrun for example_subdag_operator.section-2 to None, run_after=None
[2025-07-17T07:32:00.742+0530] {processor.py:208} INFO - Processing /Users/parth/Desktop/Engine/venv/lib/python3.11/site-packages/airflow/example_dags/example_subdag_operator.py took 0.608 seconds
[2025-07-17T07:33:46.873+0530] {processor.py:186} INFO - Started process (PID=28010) to work on /Users/parth/Desktop/Engine/venv/lib/python3.11/site-packages/airflow/example_dags/example_subdag_operator.py
[2025-07-17T07:33:46.874+0530] {processor.py:914} INFO - Processing file /Users/parth/Desktop/Engine/venv/lib/python3.11/site-packages/airflow/example_dags/example_subdag_operator.py for tasks to queue
[2025-07-17T07:33:46.875+0530] {logging_mixin.py:190} INFO - [2025-07-17T07:33:46.874+0530] {dagbag.py:588} INFO - Filling up the DagBag from /Users/parth/Desktop/Engine/venv/lib/python3.11/site-packages/airflow/example_dags/example_subdag_operator.py
[2025-07-17T07:33:46.938+0530] {processor.py:925} INFO - DAG(s) 'example_subdag_operator.section-1', 'example_subdag_operator.section-2', 'example_subdag_operator' retrieved from /Users/parth/Desktop/Engine/venv/lib/python3.11/site-packages/airflow/example_dags/example_subdag_operator.py
[2025-07-17T07:33:47.458+0530] {logging_mixin.py:190} INFO - [2025-07-17T07:33:47.458+0530] {dag.py:3239} INFO - Sync 3 DAGs
[2025-07-17T07:33:47.470+0530] {logging_mixin.py:190} INFO - [2025-07-17T07:33:47.470+0530] {dag.py:4180} INFO - Setting next_dagrun for example_subdag_operator to 2022-01-01 00:00:00+00:00, run_after=2022-01-01 00:00:00+00:00
[2025-07-17T07:33:47.472+0530] {logging_mixin.py:190} INFO - [2025-07-17T07:33:47.472+0530] {dag.py:4180} INFO - Setting next_dagrun for example_subdag_operator.section-1 to None, run_after=None
[2025-07-17T07:33:47.473+0530] {logging_mixin.py:190} INFO - [2025-07-17T07:33:47.473+0530] {dag.py:4180} INFO - Setting next_dagrun for example_subdag_operator.section-2 to None, run_after=None
[2025-07-17T07:33:47.476+0530] {logging_mixin.py:190} INFO - [2025-07-17T07:33:47.476+0530] {dag.py:3239} INFO - Sync 2 DAGs
[2025-07-17T07:33:47.478+0530] {logging_mixin.py:190} INFO - [2025-07-17T07:33:47.478+0530] {dag.py:4180} INFO - Setting next_dagrun for example_subdag_operator.section-1 to None, run_after=None
[2025-07-17T07:33:47.478+0530] {logging_mixin.py:190} INFO - [2025-07-17T07:33:47.478+0530] {dag.py:4180} INFO - Setting next_dagrun for example_subdag_operator.section-2 to None, run_after=None
[2025-07-17T07:33:47.485+0530] {processor.py:208} INFO - Processing /Users/parth/Desktop/Engine/venv/lib/python3.11/site-packages/airflow/example_dags/example_subdag_operator.py took 0.615 seconds
[2025-07-17T07:35:41.051+0530] {processor.py:186} INFO - Started process (PID=28761) to work on /Users/parth/Desktop/Engine/venv/lib/python3.11/site-packages/airflow/example_dags/example_subdag_operator.py
[2025-07-17T07:35:41.052+0530] {processor.py:914} INFO - Processing file /Users/parth/Desktop/Engine/venv/lib/python3.11/site-packages/airflow/example_dags/example_subdag_operator.py for tasks to queue
[2025-07-17T07:35:41.054+0530] {logging_mixin.py:190} INFO - [2025-07-17T07:35:41.053+0530] {dagbag.py:588} INFO - Filling up the DagBag from /Users/parth/Desktop/Engine/venv/lib/python3.11/site-packages/airflow/example_dags/example_subdag_operator.py
[2025-07-17T07:35:41.154+0530] {processor.py:925} INFO - DAG(s) 'example_subdag_operator.section-1', 'example_subdag_operator.section-2', 'example_subdag_operator' retrieved from /Users/parth/Desktop/Engine/venv/lib/python3.11/site-packages/airflow/example_dags/example_subdag_operator.py
[2025-07-17T07:35:42.080+0530] {logging_mixin.py:190} INFO - [2025-07-17T07:35:42.079+0530] {dag.py:3239} INFO - Sync 3 DAGs
[2025-07-17T07:35:42.103+0530] {logging_mixin.py:190} INFO - [2025-07-17T07:35:42.103+0530] {dag.py:4180} INFO - Setting next_dagrun for example_subdag_operator to 2022-01-01 00:00:00+00:00, run_after=2022-01-01 00:00:00+00:00
[2025-07-17T07:35:42.107+0530] {logging_mixin.py:190} INFO - [2025-07-17T07:35:42.107+0530] {dag.py:4180} INFO - Setting next_dagrun for example_subdag_operator.section-1 to None, run_after=None
[2025-07-17T07:35:42.109+0530] {logging_mixin.py:190} INFO - [2025-07-17T07:35:42.108+0530] {dag.py:4180} INFO - Setting next_dagrun for example_subdag_operator.section-2 to None, run_after=None
[2025-07-17T07:35:42.115+0530] {logging_mixin.py:190} INFO - [2025-07-17T07:35:42.115+0530] {dag.py:3239} INFO - Sync 2 DAGs
[2025-07-17T07:35:42.120+0530] {logging_mixin.py:190} INFO - [2025-07-17T07:35:42.120+0530] {dag.py:4180} INFO - Setting next_dagrun for example_subdag_operator.section-1 to None, run_after=None
[2025-07-17T07:35:42.120+0530] {logging_mixin.py:190} INFO - [2025-07-17T07:35:42.120+0530] {dag.py:4180} INFO - Setting next_dagrun for example_subdag_operator.section-2 to None, run_after=None
[2025-07-17T07:35:42.136+0530] {processor.py:208} INFO - Processing /Users/parth/Desktop/Engine/venv/lib/python3.11/site-packages/airflow/example_dags/example_subdag_operator.py took 1.089 seconds
[2025-07-17T07:37:36.171+0530] {processor.py:186} INFO - Started process (PID=29506) to work on /Users/parth/Desktop/Engine/venv/lib/python3.11/site-packages/airflow/example_dags/example_subdag_operator.py
[2025-07-17T07:37:36.172+0530] {processor.py:914} INFO - Processing file /Users/parth/Desktop/Engine/venv/lib/python3.11/site-packages/airflow/example_dags/example_subdag_operator.py for tasks to queue
[2025-07-17T07:37:36.173+0530] {logging_mixin.py:190} INFO - [2025-07-17T07:37:36.173+0530] {dagbag.py:588} INFO - Filling up the DagBag from /Users/parth/Desktop/Engine/venv/lib/python3.11/site-packages/airflow/example_dags/example_subdag_operator.py
[2025-07-17T07:37:36.236+0530] {processor.py:925} INFO - DAG(s) 'example_subdag_operator.section-1', 'example_subdag_operator.section-2', 'example_subdag_operator' retrieved from /Users/parth/Desktop/Engine/venv/lib/python3.11/site-packages/airflow/example_dags/example_subdag_operator.py
[2025-07-17T07:37:36.690+0530] {logging_mixin.py:190} INFO - [2025-07-17T07:37:36.689+0530] {dag.py:3239} INFO - Sync 3 DAGs
[2025-07-17T07:37:36.701+0530] {logging_mixin.py:190} INFO - [2025-07-17T07:37:36.701+0530] {dag.py:4180} INFO - Setting next_dagrun for example_subdag_operator to 2022-01-01 00:00:00+00:00, run_after=2022-01-01 00:00:00+00:00
[2025-07-17T07:37:36.703+0530] {logging_mixin.py:190} INFO - [2025-07-17T07:37:36.703+0530] {dag.py:4180} INFO - Setting next_dagrun for example_subdag_operator.section-1 to None, run_after=None
[2025-07-17T07:37:36.703+0530] {logging_mixin.py:190} INFO - [2025-07-17T07:37:36.703+0530] {dag.py:4180} INFO - Setting next_dagrun for example_subdag_operator.section-2 to None, run_after=None
[2025-07-17T07:37:36.706+0530] {logging_mixin.py:190} INFO - [2025-07-17T07:37:36.706+0530] {dag.py:3239} INFO - Sync 2 DAGs
[2025-07-17T07:37:36.709+0530] {logging_mixin.py:190} INFO - [2025-07-17T07:37:36.708+0530] {dag.py:4180} INFO - Setting next_dagrun for example_subdag_operator.section-1 to None, run_after=None
[2025-07-17T07:37:36.709+0530] {logging_mixin.py:190} INFO - [2025-07-17T07:37:36.709+0530] {dag.py:4180} INFO - Setting next_dagrun for example_subdag_operator.section-2 to None, run_after=None
[2025-07-17T07:37:36.716+0530] {processor.py:208} INFO - Processing /Users/parth/Desktop/Engine/venv/lib/python3.11/site-packages/airflow/example_dags/example_subdag_operator.py took 0.547 seconds
[2025-07-17T07:39:26.752+0530] {processor.py:186} INFO - Started process (PID=30233) to work on /Users/parth/Desktop/Engine/venv/lib/python3.11/site-packages/airflow/example_dags/example_subdag_operator.py
[2025-07-17T07:39:26.753+0530] {processor.py:914} INFO - Processing file /Users/parth/Desktop/Engine/venv/lib/python3.11/site-packages/airflow/example_dags/example_subdag_operator.py for tasks to queue
[2025-07-17T07:39:26.754+0530] {logging_mixin.py:190} INFO - [2025-07-17T07:39:26.754+0530] {dagbag.py:588} INFO - Filling up the DagBag from /Users/parth/Desktop/Engine/venv/lib/python3.11/site-packages/airflow/example_dags/example_subdag_operator.py
[2025-07-17T07:39:26.817+0530] {processor.py:925} INFO - DAG(s) 'example_subdag_operator.section-1', 'example_subdag_operator.section-2', 'example_subdag_operator' retrieved from /Users/parth/Desktop/Engine/venv/lib/python3.11/site-packages/airflow/example_dags/example_subdag_operator.py
[2025-07-17T07:39:27.268+0530] {logging_mixin.py:190} INFO - [2025-07-17T07:39:27.268+0530] {dag.py:3239} INFO - Sync 3 DAGs
[2025-07-17T07:39:27.279+0530] {logging_mixin.py:190} INFO - [2025-07-17T07:39:27.279+0530] {dag.py:4180} INFO - Setting next_dagrun for example_subdag_operator to 2022-01-01 00:00:00+00:00, run_after=2022-01-01 00:00:00+00:00
[2025-07-17T07:39:27.281+0530] {logging_mixin.py:190} INFO - [2025-07-17T07:39:27.281+0530] {dag.py:4180} INFO - Setting next_dagrun for example_subdag_operator.section-1 to None, run_after=None
[2025-07-17T07:39:27.282+0530] {logging_mixin.py:190} INFO - [2025-07-17T07:39:27.282+0530] {dag.py:4180} INFO - Setting next_dagrun for example_subdag_operator.section-2 to None, run_after=None
[2025-07-17T07:39:27.285+0530] {logging_mixin.py:190} INFO - [2025-07-17T07:39:27.285+0530] {dag.py:3239} INFO - Sync 2 DAGs
[2025-07-17T07:39:27.287+0530] {logging_mixin.py:190} INFO - [2025-07-17T07:39:27.287+0530] {dag.py:4180} INFO - Setting next_dagrun for example_subdag_operator.section-1 to None, run_after=None
[2025-07-17T07:39:27.287+0530] {logging_mixin.py:190} INFO - [2025-07-17T07:39:27.287+0530] {dag.py:4180} INFO - Setting next_dagrun for example_subdag_operator.section-2 to None, run_after=None
[2025-07-17T07:39:27.295+0530] {processor.py:208} INFO - Processing /Users/parth/Desktop/Engine/venv/lib/python3.11/site-packages/airflow/example_dags/example_subdag_operator.py took 0.545 seconds
[2025-07-17T07:41:23.216+0530] {processor.py:186} INFO - Started process (PID=30994) to work on /Users/parth/Desktop/Engine/venv/lib/python3.11/site-packages/airflow/example_dags/example_subdag_operator.py
[2025-07-17T07:41:23.217+0530] {processor.py:914} INFO - Processing file /Users/parth/Desktop/Engine/venv/lib/python3.11/site-packages/airflow/example_dags/example_subdag_operator.py for tasks to queue
[2025-07-17T07:41:23.218+0530] {logging_mixin.py:190} INFO - [2025-07-17T07:41:23.218+0530] {dagbag.py:588} INFO - Filling up the DagBag from /Users/parth/Desktop/Engine/venv/lib/python3.11/site-packages/airflow/example_dags/example_subdag_operator.py
[2025-07-17T07:41:23.282+0530] {processor.py:925} INFO - DAG(s) 'example_subdag_operator.section-1', 'example_subdag_operator.section-2', 'example_subdag_operator' retrieved from /Users/parth/Desktop/Engine/venv/lib/python3.11/site-packages/airflow/example_dags/example_subdag_operator.py
[2025-07-17T07:41:24.089+0530] {logging_mixin.py:190} INFO - [2025-07-17T07:41:24.088+0530] {dag.py:3239} INFO - Sync 3 DAGs
[2025-07-17T07:41:24.102+0530] {logging_mixin.py:190} INFO - [2025-07-17T07:41:24.102+0530] {dag.py:4180} INFO - Setting next_dagrun for example_subdag_operator to 2022-01-01 00:00:00+00:00, run_after=2022-01-01 00:00:00+00:00
[2025-07-17T07:41:24.105+0530] {logging_mixin.py:190} INFO - [2025-07-17T07:41:24.105+0530] {dag.py:4180} INFO - Setting next_dagrun for example_subdag_operator.section-1 to None, run_after=None
[2025-07-17T07:41:24.105+0530] {logging_mixin.py:190} INFO - [2025-07-17T07:41:24.105+0530] {dag.py:4180} INFO - Setting next_dagrun for example_subdag_operator.section-2 to None, run_after=None
[2025-07-17T07:41:24.109+0530] {logging_mixin.py:190} INFO - [2025-07-17T07:41:24.109+0530] {dag.py:3239} INFO - Sync 2 DAGs
[2025-07-17T07:41:24.112+0530] {logging_mixin.py:190} INFO - [2025-07-17T07:41:24.112+0530] {dag.py:4180} INFO - Setting next_dagrun for example_subdag_operator.section-1 to None, run_after=None
[2025-07-17T07:41:24.112+0530] {logging_mixin.py:190} INFO - [2025-07-17T07:41:24.112+0530] {dag.py:4180} INFO - Setting next_dagrun for example_subdag_operator.section-2 to None, run_after=None
[2025-07-17T07:41:24.121+0530] {processor.py:208} INFO - Processing /Users/parth/Desktop/Engine/venv/lib/python3.11/site-packages/airflow/example_dags/example_subdag_operator.py took 0.907 seconds
[2025-07-17T07:43:28.859+0530] {processor.py:186} INFO - Started process (PID=31821) to work on /Users/parth/Desktop/Engine/venv/lib/python3.11/site-packages/airflow/example_dags/example_subdag_operator.py
[2025-07-17T07:43:28.861+0530] {processor.py:914} INFO - Processing file /Users/parth/Desktop/Engine/venv/lib/python3.11/site-packages/airflow/example_dags/example_subdag_operator.py for tasks to queue
[2025-07-17T07:43:28.861+0530] {logging_mixin.py:190} INFO - [2025-07-17T07:43:28.861+0530] {dagbag.py:588} INFO - Filling up the DagBag from /Users/parth/Desktop/Engine/venv/lib/python3.11/site-packages/airflow/example_dags/example_subdag_operator.py
[2025-07-17T07:43:28.935+0530] {processor.py:925} INFO - DAG(s) 'example_subdag_operator.section-1', 'example_subdag_operator.section-2', 'example_subdag_operator' retrieved from /Users/parth/Desktop/Engine/venv/lib/python3.11/site-packages/airflow/example_dags/example_subdag_operator.py
[2025-07-17T07:43:29.681+0530] {logging_mixin.py:190} INFO - [2025-07-17T07:43:29.680+0530] {dag.py:3239} INFO - Sync 3 DAGs
[2025-07-17T07:43:29.692+0530] {logging_mixin.py:190} INFO - [2025-07-17T07:43:29.692+0530] {dag.py:4180} INFO - Setting next_dagrun for example_subdag_operator to 2022-01-01 00:00:00+00:00, run_after=2022-01-01 00:00:00+00:00
[2025-07-17T07:43:29.694+0530] {logging_mixin.py:190} INFO - [2025-07-17T07:43:29.694+0530] {dag.py:4180} INFO - Setting next_dagrun for example_subdag_operator.section-1 to None, run_after=None
[2025-07-17T07:43:29.695+0530] {logging_mixin.py:190} INFO - [2025-07-17T07:43:29.694+0530] {dag.py:4180} INFO - Setting next_dagrun for example_subdag_operator.section-2 to None, run_after=None
[2025-07-17T07:43:29.698+0530] {logging_mixin.py:190} INFO - [2025-07-17T07:43:29.698+0530] {dag.py:3239} INFO - Sync 2 DAGs
[2025-07-17T07:43:29.700+0530] {logging_mixin.py:190} INFO - [2025-07-17T07:43:29.700+0530] {dag.py:4180} INFO - Setting next_dagrun for example_subdag_operator.section-1 to None, run_after=None
[2025-07-17T07:43:29.700+0530] {logging_mixin.py:190} INFO - [2025-07-17T07:43:29.700+0530] {dag.py:4180} INFO - Setting next_dagrun for example_subdag_operator.section-2 to None, run_after=None
[2025-07-17T07:43:29.707+0530] {processor.py:208} INFO - Processing /Users/parth/Desktop/Engine/venv/lib/python3.11/site-packages/airflow/example_dags/example_subdag_operator.py took 0.850 seconds
[2025-07-17T07:46:23.852+0530] {processor.py:186} INFO - Started process (PID=33078) to work on /Users/parth/Desktop/Engine/venv/lib/python3.11/site-packages/airflow/example_dags/example_subdag_operator.py
[2025-07-17T07:46:23.853+0530] {processor.py:914} INFO - Processing file /Users/parth/Desktop/Engine/venv/lib/python3.11/site-packages/airflow/example_dags/example_subdag_operator.py for tasks to queue
[2025-07-17T07:46:23.854+0530] {logging_mixin.py:190} INFO - [2025-07-17T07:46:23.853+0530] {dagbag.py:588} INFO - Filling up the DagBag from /Users/parth/Desktop/Engine/venv/lib/python3.11/site-packages/airflow/example_dags/example_subdag_operator.py
[2025-07-17T07:46:23.920+0530] {processor.py:925} INFO - DAG(s) 'example_subdag_operator.section-1', 'example_subdag_operator.section-2', 'example_subdag_operator' retrieved from /Users/parth/Desktop/Engine/venv/lib/python3.11/site-packages/airflow/example_dags/example_subdag_operator.py
[2025-07-17T07:46:24.456+0530] {logging_mixin.py:190} INFO - [2025-07-17T07:46:24.456+0530] {dag.py:3239} INFO - Sync 3 DAGs
[2025-07-17T07:46:24.468+0530] {logging_mixin.py:190} INFO - [2025-07-17T07:46:24.467+0530] {dag.py:4180} INFO - Setting next_dagrun for example_subdag_operator to 2022-01-01 00:00:00+00:00, run_after=2022-01-01 00:00:00+00:00
[2025-07-17T07:46:24.470+0530] {logging_mixin.py:190} INFO - [2025-07-17T07:46:24.470+0530] {dag.py:4180} INFO - Setting next_dagrun for example_subdag_operator.section-1 to None, run_after=None
[2025-07-17T07:46:24.471+0530] {logging_mixin.py:190} INFO - [2025-07-17T07:46:24.471+0530] {dag.py:4180} INFO - Setting next_dagrun for example_subdag_operator.section-2 to None, run_after=None
[2025-07-17T07:46:24.474+0530] {logging_mixin.py:190} INFO - [2025-07-17T07:46:24.474+0530] {dag.py:3239} INFO - Sync 2 DAGs
[2025-07-17T07:46:24.476+0530] {logging_mixin.py:190} INFO - [2025-07-17T07:46:24.476+0530] {dag.py:4180} INFO - Setting next_dagrun for example_subdag_operator.section-1 to None, run_after=None
[2025-07-17T07:46:24.476+0530] {logging_mixin.py:190} INFO - [2025-07-17T07:46:24.476+0530] {dag.py:4180} INFO - Setting next_dagrun for example_subdag_operator.section-2 to None, run_after=None
[2025-07-17T07:46:24.483+0530] {processor.py:208} INFO - Processing /Users/parth/Desktop/Engine/venv/lib/python3.11/site-packages/airflow/example_dags/example_subdag_operator.py took 0.634 seconds
[2025-07-17T07:48:45.912+0530] {processor.py:186} INFO - Started process (PID=34083) to work on /Users/parth/Desktop/Engine/venv/lib/python3.11/site-packages/airflow/example_dags/example_subdag_operator.py
[2025-07-17T07:48:45.914+0530] {processor.py:914} INFO - Processing file /Users/parth/Desktop/Engine/venv/lib/python3.11/site-packages/airflow/example_dags/example_subdag_operator.py for tasks to queue
[2025-07-17T07:48:45.915+0530] {logging_mixin.py:190} INFO - [2025-07-17T07:48:45.914+0530] {dagbag.py:588} INFO - Filling up the DagBag from /Users/parth/Desktop/Engine/venv/lib/python3.11/site-packages/airflow/example_dags/example_subdag_operator.py
[2025-07-17T07:48:45.982+0530] {processor.py:925} INFO - DAG(s) 'example_subdag_operator.section-1', 'example_subdag_operator.section-2', 'example_subdag_operator' retrieved from /Users/parth/Desktop/Engine/venv/lib/python3.11/site-packages/airflow/example_dags/example_subdag_operator.py
[2025-07-17T07:48:46.576+0530] {logging_mixin.py:190} INFO - [2025-07-17T07:48:46.575+0530] {dag.py:3239} INFO - Sync 3 DAGs
[2025-07-17T07:48:46.588+0530] {logging_mixin.py:190} INFO - [2025-07-17T07:48:46.588+0530] {dag.py:4180} INFO - Setting next_dagrun for example_subdag_operator to 2022-01-01 00:00:00+00:00, run_after=2022-01-01 00:00:00+00:00
[2025-07-17T07:48:46.590+0530] {logging_mixin.py:190} INFO - [2025-07-17T07:48:46.590+0530] {dag.py:4180} INFO - Setting next_dagrun for example_subdag_operator.section-1 to None, run_after=None
[2025-07-17T07:48:46.591+0530] {logging_mixin.py:190} INFO - [2025-07-17T07:48:46.591+0530] {dag.py:4180} INFO - Setting next_dagrun for example_subdag_operator.section-2 to None, run_after=None
[2025-07-17T07:48:46.595+0530] {logging_mixin.py:190} INFO - [2025-07-17T07:48:46.594+0530] {dag.py:3239} INFO - Sync 2 DAGs
[2025-07-17T07:48:46.597+0530] {logging_mixin.py:190} INFO - [2025-07-17T07:48:46.597+0530] {dag.py:4180} INFO - Setting next_dagrun for example_subdag_operator.section-1 to None, run_after=None
[2025-07-17T07:48:46.597+0530] {logging_mixin.py:190} INFO - [2025-07-17T07:48:46.597+0530] {dag.py:4180} INFO - Setting next_dagrun for example_subdag_operator.section-2 to None, run_after=None
[2025-07-17T07:48:46.605+0530] {processor.py:208} INFO - Processing /Users/parth/Desktop/Engine/venv/lib/python3.11/site-packages/airflow/example_dags/example_subdag_operator.py took 0.696 seconds
[2025-07-17T07:50:49.998+0530] {processor.py:186} INFO - Started process (PID=34898) to work on /Users/parth/Desktop/Engine/venv/lib/python3.11/site-packages/airflow/example_dags/example_subdag_operator.py
[2025-07-17T07:50:49.999+0530] {processor.py:914} INFO - Processing file /Users/parth/Desktop/Engine/venv/lib/python3.11/site-packages/airflow/example_dags/example_subdag_operator.py for tasks to queue
[2025-07-17T07:50:50.000+0530] {logging_mixin.py:190} INFO - [2025-07-17T07:50:50.000+0530] {dagbag.py:588} INFO - Filling up the DagBag from /Users/parth/Desktop/Engine/venv/lib/python3.11/site-packages/airflow/example_dags/example_subdag_operator.py
[2025-07-17T07:50:50.062+0530] {processor.py:925} INFO - DAG(s) 'example_subdag_operator.section-1', 'example_subdag_operator.section-2', 'example_subdag_operator' retrieved from /Users/parth/Desktop/Engine/venv/lib/python3.11/site-packages/airflow/example_dags/example_subdag_operator.py
[2025-07-17T07:50:50.513+0530] {logging_mixin.py:190} INFO - [2025-07-17T07:50:50.512+0530] {dag.py:3239} INFO - Sync 3 DAGs
[2025-07-17T07:50:50.524+0530] {logging_mixin.py:190} INFO - [2025-07-17T07:50:50.524+0530] {dag.py:4180} INFO - Setting next_dagrun for example_subdag_operator to 2022-01-01 00:00:00+00:00, run_after=2022-01-01 00:00:00+00:00
[2025-07-17T07:50:50.526+0530] {logging_mixin.py:190} INFO - [2025-07-17T07:50:50.526+0530] {dag.py:4180} INFO - Setting next_dagrun for example_subdag_operator.section-1 to None, run_after=None
[2025-07-17T07:50:50.526+0530] {logging_mixin.py:190} INFO - [2025-07-17T07:50:50.526+0530] {dag.py:4180} INFO - Setting next_dagrun for example_subdag_operator.section-2 to None, run_after=None
[2025-07-17T07:50:50.529+0530] {logging_mixin.py:190} INFO - [2025-07-17T07:50:50.529+0530] {dag.py:3239} INFO - Sync 2 DAGs
[2025-07-17T07:50:50.532+0530] {logging_mixin.py:190} INFO - [2025-07-17T07:50:50.532+0530] {dag.py:4180} INFO - Setting next_dagrun for example_subdag_operator.section-1 to None, run_after=None
[2025-07-17T07:50:50.532+0530] {logging_mixin.py:190} INFO - [2025-07-17T07:50:50.532+0530] {dag.py:4180} INFO - Setting next_dagrun for example_subdag_operator.section-2 to None, run_after=None
[2025-07-17T07:50:50.539+0530] {processor.py:208} INFO - Processing /Users/parth/Desktop/Engine/venv/lib/python3.11/site-packages/airflow/example_dags/example_subdag_operator.py took 0.543 seconds
[2025-07-17T07:53:49.544+0530] {processor.py:186} INFO - Started process (PID=36125) to work on /Users/parth/Desktop/Engine/venv/lib/python3.11/site-packages/airflow/example_dags/example_subdag_operator.py
[2025-07-17T07:53:49.545+0530] {processor.py:914} INFO - Processing file /Users/parth/Desktop/Engine/venv/lib/python3.11/site-packages/airflow/example_dags/example_subdag_operator.py for tasks to queue
[2025-07-17T07:53:49.546+0530] {logging_mixin.py:190} INFO - [2025-07-17T07:53:49.546+0530] {dagbag.py:588} INFO - Filling up the DagBag from /Users/parth/Desktop/Engine/venv/lib/python3.11/site-packages/airflow/example_dags/example_subdag_operator.py
[2025-07-17T07:53:49.636+0530] {processor.py:925} INFO - DAG(s) 'example_subdag_operator.section-1', 'example_subdag_operator.section-2', 'example_subdag_operator' retrieved from /Users/parth/Desktop/Engine/venv/lib/python3.11/site-packages/airflow/example_dags/example_subdag_operator.py
[2025-07-17T07:53:50.518+0530] {logging_mixin.py:190} INFO - [2025-07-17T07:53:50.518+0530] {dag.py:3239} INFO - Sync 3 DAGs
[2025-07-17T07:53:50.535+0530] {logging_mixin.py:190} INFO - [2025-07-17T07:53:50.535+0530] {dag.py:4180} INFO - Setting next_dagrun for example_subdag_operator to 2022-01-01 00:00:00+00:00, run_after=2022-01-01 00:00:00+00:00
[2025-07-17T07:53:50.538+0530] {logging_mixin.py:190} INFO - [2025-07-17T07:53:50.538+0530] {dag.py:4180} INFO - Setting next_dagrun for example_subdag_operator.section-1 to None, run_after=None
[2025-07-17T07:53:50.539+0530] {logging_mixin.py:190} INFO - [2025-07-17T07:53:50.539+0530] {dag.py:4180} INFO - Setting next_dagrun for example_subdag_operator.section-2 to None, run_after=None
[2025-07-17T07:53:50.544+0530] {logging_mixin.py:190} INFO - [2025-07-17T07:53:50.543+0530] {dag.py:3239} INFO - Sync 2 DAGs
[2025-07-17T07:53:50.547+0530] {logging_mixin.py:190} INFO - [2025-07-17T07:53:50.546+0530] {dag.py:4180} INFO - Setting next_dagrun for example_subdag_operator.section-1 to None, run_after=None
[2025-07-17T07:53:50.547+0530] {logging_mixin.py:190} INFO - [2025-07-17T07:53:50.547+0530] {dag.py:4180} INFO - Setting next_dagrun for example_subdag_operator.section-2 to None, run_after=None
[2025-07-17T07:53:50.556+0530] {processor.py:208} INFO - Processing /Users/parth/Desktop/Engine/venv/lib/python3.11/site-packages/airflow/example_dags/example_subdag_operator.py took 1.015 seconds
[2025-07-17T07:56:17.065+0530] {processor.py:186} INFO - Started process (PID=37241) to work on /Users/parth/Desktop/Engine/venv/lib/python3.11/site-packages/airflow/example_dags/example_subdag_operator.py
[2025-07-17T07:56:17.066+0530] {processor.py:914} INFO - Processing file /Users/parth/Desktop/Engine/venv/lib/python3.11/site-packages/airflow/example_dags/example_subdag_operator.py for tasks to queue
[2025-07-17T07:56:17.066+0530] {logging_mixin.py:190} INFO - [2025-07-17T07:56:17.066+0530] {dagbag.py:588} INFO - Filling up the DagBag from /Users/parth/Desktop/Engine/venv/lib/python3.11/site-packages/airflow/example_dags/example_subdag_operator.py
[2025-07-17T07:56:17.130+0530] {processor.py:925} INFO - DAG(s) 'example_subdag_operator.section-1', 'example_subdag_operator.section-2', 'example_subdag_operator' retrieved from /Users/parth/Desktop/Engine/venv/lib/python3.11/site-packages/airflow/example_dags/example_subdag_operator.py
[2025-07-17T07:56:17.663+0530] {logging_mixin.py:190} INFO - [2025-07-17T07:56:17.663+0530] {dag.py:3239} INFO - Sync 3 DAGs
[2025-07-17T07:56:17.674+0530] {logging_mixin.py:190} INFO - [2025-07-17T07:56:17.674+0530] {dag.py:4180} INFO - Setting next_dagrun for example_subdag_operator to 2022-01-01 00:00:00+00:00, run_after=2022-01-01 00:00:00+00:00
[2025-07-17T07:56:17.676+0530] {logging_mixin.py:190} INFO - [2025-07-17T07:56:17.676+0530] {dag.py:4180} INFO - Setting next_dagrun for example_subdag_operator.section-1 to None, run_after=None
[2025-07-17T07:56:17.677+0530] {logging_mixin.py:190} INFO - [2025-07-17T07:56:17.677+0530] {dag.py:4180} INFO - Setting next_dagrun for example_subdag_operator.section-2 to None, run_after=None
[2025-07-17T07:56:17.680+0530] {logging_mixin.py:190} INFO - [2025-07-17T07:56:17.680+0530] {dag.py:3239} INFO - Sync 2 DAGs
[2025-07-17T07:56:17.682+0530] {logging_mixin.py:190} INFO - [2025-07-17T07:56:17.682+0530] {dag.py:4180} INFO - Setting next_dagrun for example_subdag_operator.section-1 to None, run_after=None
[2025-07-17T07:56:17.683+0530] {logging_mixin.py:190} INFO - [2025-07-17T07:56:17.683+0530] {dag.py:4180} INFO - Setting next_dagrun for example_subdag_operator.section-2 to None, run_after=None
[2025-07-17T07:56:17.689+0530] {processor.py:208} INFO - Processing /Users/parth/Desktop/Engine/venv/lib/python3.11/site-packages/airflow/example_dags/example_subdag_operator.py took 0.627 seconds
[2025-07-17T07:58:12.483+0530] {processor.py:186} INFO - Started process (PID=38005) to work on /Users/parth/Desktop/Engine/venv/lib/python3.11/site-packages/airflow/example_dags/example_subdag_operator.py
[2025-07-17T07:58:12.486+0530] {processor.py:914} INFO - Processing file /Users/parth/Desktop/Engine/venv/lib/python3.11/site-packages/airflow/example_dags/example_subdag_operator.py for tasks to queue
[2025-07-17T07:58:12.486+0530] {logging_mixin.py:190} INFO - [2025-07-17T07:58:12.486+0530] {dagbag.py:588} INFO - Filling up the DagBag from /Users/parth/Desktop/Engine/venv/lib/python3.11/site-packages/airflow/example_dags/example_subdag_operator.py
[2025-07-17T07:58:12.550+0530] {processor.py:925} INFO - DAG(s) 'example_subdag_operator.section-1', 'example_subdag_operator.section-2', 'example_subdag_operator' retrieved from /Users/parth/Desktop/Engine/venv/lib/python3.11/site-packages/airflow/example_dags/example_subdag_operator.py
[2025-07-17T07:58:13.030+0530] {logging_mixin.py:190} INFO - [2025-07-17T07:58:13.030+0530] {dag.py:3239} INFO - Sync 3 DAGs
[2025-07-17T07:58:13.042+0530] {logging_mixin.py:190} INFO - [2025-07-17T07:58:13.042+0530] {dag.py:4180} INFO - Setting next_dagrun for example_subdag_operator to 2022-01-01 00:00:00+00:00, run_after=2022-01-01 00:00:00+00:00
[2025-07-17T07:58:13.044+0530] {logging_mixin.py:190} INFO - [2025-07-17T07:58:13.044+0530] {dag.py:4180} INFO - Setting next_dagrun for example_subdag_operator.section-1 to None, run_after=None
[2025-07-17T07:58:13.045+0530] {logging_mixin.py:190} INFO - [2025-07-17T07:58:13.045+0530] {dag.py:4180} INFO - Setting next_dagrun for example_subdag_operator.section-2 to None, run_after=None
[2025-07-17T07:58:13.048+0530] {logging_mixin.py:190} INFO - [2025-07-17T07:58:13.048+0530] {dag.py:3239} INFO - Sync 2 DAGs
[2025-07-17T07:58:13.050+0530] {logging_mixin.py:190} INFO - [2025-07-17T07:58:13.050+0530] {dag.py:4180} INFO - Setting next_dagrun for example_subdag_operator.section-1 to None, run_after=None
[2025-07-17T07:58:13.050+0530] {logging_mixin.py:190} INFO - [2025-07-17T07:58:13.050+0530] {dag.py:4180} INFO - Setting next_dagrun for example_subdag_operator.section-2 to None, run_after=None
[2025-07-17T07:58:13.057+0530] {processor.py:208} INFO - Processing /Users/parth/Desktop/Engine/venv/lib/python3.11/site-packages/airflow/example_dags/example_subdag_operator.py took 0.577 seconds
[2025-07-17T08:00:20.187+0530] {processor.py:186} INFO - Started process (PID=38818) to work on /Users/parth/Desktop/Engine/venv/lib/python3.11/site-packages/airflow/example_dags/example_subdag_operator.py
[2025-07-17T08:00:20.188+0530] {processor.py:914} INFO - Processing file /Users/parth/Desktop/Engine/venv/lib/python3.11/site-packages/airflow/example_dags/example_subdag_operator.py for tasks to queue
[2025-07-17T08:00:20.189+0530] {logging_mixin.py:190} INFO - [2025-07-17T08:00:20.189+0530] {dagbag.py:588} INFO - Filling up the DagBag from /Users/parth/Desktop/Engine/venv/lib/python3.11/site-packages/airflow/example_dags/example_subdag_operator.py
[2025-07-17T08:00:20.268+0530] {processor.py:925} INFO - DAG(s) 'example_subdag_operator.section-1', 'example_subdag_operator.section-2', 'example_subdag_operator' retrieved from /Users/parth/Desktop/Engine/venv/lib/python3.11/site-packages/airflow/example_dags/example_subdag_operator.py
[2025-07-17T08:00:21.410+0530] {logging_mixin.py:190} INFO - [2025-07-17T08:00:21.410+0530] {dag.py:3239} INFO - Sync 3 DAGs
[2025-07-17T08:00:21.432+0530] {logging_mixin.py:190} INFO - [2025-07-17T08:00:21.432+0530] {dag.py:4180} INFO - Setting next_dagrun for example_subdag_operator to 2022-01-01 00:00:00+00:00, run_after=2022-01-01 00:00:00+00:00
[2025-07-17T08:00:21.436+0530] {logging_mixin.py:190} INFO - [2025-07-17T08:00:21.436+0530] {dag.py:4180} INFO - Setting next_dagrun for example_subdag_operator.section-1 to None, run_after=None
[2025-07-17T08:00:21.437+0530] {logging_mixin.py:190} INFO - [2025-07-17T08:00:21.437+0530] {dag.py:4180} INFO - Setting next_dagrun for example_subdag_operator.section-2 to None, run_after=None
[2025-07-17T08:00:21.444+0530] {logging_mixin.py:190} INFO - [2025-07-17T08:00:21.444+0530] {dag.py:3239} INFO - Sync 2 DAGs
[2025-07-17T08:00:21.448+0530] {logging_mixin.py:190} INFO - [2025-07-17T08:00:21.448+0530] {dag.py:4180} INFO - Setting next_dagrun for example_subdag_operator.section-1 to None, run_after=None
[2025-07-17T08:00:21.448+0530] {logging_mixin.py:190} INFO - [2025-07-17T08:00:21.448+0530] {dag.py:4180} INFO - Setting next_dagrun for example_subdag_operator.section-2 to None, run_after=None
[2025-07-17T08:00:21.464+0530] {processor.py:208} INFO - Processing /Users/parth/Desktop/Engine/venv/lib/python3.11/site-packages/airflow/example_dags/example_subdag_operator.py took 1.279 seconds
[2025-07-17T08:02:33.980+0530] {processor.py:186} INFO - Started process (PID=39680) to work on /Users/parth/Desktop/Engine/venv/lib/python3.11/site-packages/airflow/example_dags/example_subdag_operator.py
[2025-07-17T08:02:33.982+0530] {processor.py:914} INFO - Processing file /Users/parth/Desktop/Engine/venv/lib/python3.11/site-packages/airflow/example_dags/example_subdag_operator.py for tasks to queue
[2025-07-17T08:02:33.982+0530] {logging_mixin.py:190} INFO - [2025-07-17T08:02:33.982+0530] {dagbag.py:588} INFO - Filling up the DagBag from /Users/parth/Desktop/Engine/venv/lib/python3.11/site-packages/airflow/example_dags/example_subdag_operator.py
[2025-07-17T08:02:34.051+0530] {processor.py:925} INFO - DAG(s) 'example_subdag_operator.section-1', 'example_subdag_operator.section-2', 'example_subdag_operator' retrieved from /Users/parth/Desktop/Engine/venv/lib/python3.11/site-packages/airflow/example_dags/example_subdag_operator.py
[2025-07-17T08:02:34.897+0530] {logging_mixin.py:190} INFO - [2025-07-17T08:02:34.896+0530] {dag.py:3239} INFO - Sync 3 DAGs
[2025-07-17T08:02:34.918+0530] {logging_mixin.py:190} INFO - [2025-07-17T08:02:34.918+0530] {dag.py:4180} INFO - Setting next_dagrun for example_subdag_operator to 2022-01-01 00:00:00+00:00, run_after=2022-01-01 00:00:00+00:00
[2025-07-17T08:02:34.923+0530] {logging_mixin.py:190} INFO - [2025-07-17T08:02:34.923+0530] {dag.py:4180} INFO - Setting next_dagrun for example_subdag_operator.section-1 to None, run_after=None
[2025-07-17T08:02:34.924+0530] {logging_mixin.py:190} INFO - [2025-07-17T08:02:34.924+0530] {dag.py:4180} INFO - Setting next_dagrun for example_subdag_operator.section-2 to None, run_after=None
[2025-07-17T08:02:34.930+0530] {logging_mixin.py:190} INFO - [2025-07-17T08:02:34.930+0530] {dag.py:3239} INFO - Sync 2 DAGs
[2025-07-17T08:02:34.935+0530] {logging_mixin.py:190} INFO - [2025-07-17T08:02:34.934+0530] {dag.py:4180} INFO - Setting next_dagrun for example_subdag_operator.section-1 to None, run_after=None
[2025-07-17T08:02:34.935+0530] {logging_mixin.py:190} INFO - [2025-07-17T08:02:34.935+0530] {dag.py:4180} INFO - Setting next_dagrun for example_subdag_operator.section-2 to None, run_after=None
[2025-07-17T08:02:34.948+0530] {processor.py:208} INFO - Processing /Users/parth/Desktop/Engine/venv/lib/python3.11/site-packages/airflow/example_dags/example_subdag_operator.py took 0.970 seconds
[2025-07-17T08:04:35.775+0530] {processor.py:186} INFO - Started process (PID=40504) to work on /Users/parth/Desktop/Engine/venv/lib/python3.11/site-packages/airflow/example_dags/example_subdag_operator.py
[2025-07-17T08:04:35.776+0530] {processor.py:914} INFO - Processing file /Users/parth/Desktop/Engine/venv/lib/python3.11/site-packages/airflow/example_dags/example_subdag_operator.py for tasks to queue
[2025-07-17T08:04:35.777+0530] {logging_mixin.py:190} INFO - [2025-07-17T08:04:35.777+0530] {dagbag.py:588} INFO - Filling up the DagBag from /Users/parth/Desktop/Engine/venv/lib/python3.11/site-packages/airflow/example_dags/example_subdag_operator.py
[2025-07-17T08:04:35.842+0530] {processor.py:925} INFO - DAG(s) 'example_subdag_operator.section-1', 'example_subdag_operator.section-2', 'example_subdag_operator' retrieved from /Users/parth/Desktop/Engine/venv/lib/python3.11/site-packages/airflow/example_dags/example_subdag_operator.py
[2025-07-17T08:04:36.352+0530] {logging_mixin.py:190} INFO - [2025-07-17T08:04:36.351+0530] {dag.py:3239} INFO - Sync 3 DAGs
[2025-07-17T08:04:36.363+0530] {logging_mixin.py:190} INFO - [2025-07-17T08:04:36.363+0530] {dag.py:4180} INFO - Setting next_dagrun for example_subdag_operator to 2022-01-01 00:00:00+00:00, run_after=2022-01-01 00:00:00+00:00
[2025-07-17T08:04:36.366+0530] {logging_mixin.py:190} INFO - [2025-07-17T08:04:36.365+0530] {dag.py:4180} INFO - Setting next_dagrun for example_subdag_operator.section-1 to None, run_after=None
[2025-07-17T08:04:36.366+0530] {logging_mixin.py:190} INFO - [2025-07-17T08:04:36.366+0530] {dag.py:4180} INFO - Setting next_dagrun for example_subdag_operator.section-2 to None, run_after=None
[2025-07-17T08:04:36.369+0530] {logging_mixin.py:190} INFO - [2025-07-17T08:04:36.369+0530] {dag.py:3239} INFO - Sync 2 DAGs
[2025-07-17T08:04:36.372+0530] {logging_mixin.py:190} INFO - [2025-07-17T08:04:36.371+0530] {dag.py:4180} INFO - Setting next_dagrun for example_subdag_operator.section-1 to None, run_after=None
[2025-07-17T08:04:36.372+0530] {logging_mixin.py:190} INFO - [2025-07-17T08:04:36.372+0530] {dag.py:4180} INFO - Setting next_dagrun for example_subdag_operator.section-2 to None, run_after=None
[2025-07-17T08:04:36.378+0530] {processor.py:208} INFO - Processing /Users/parth/Desktop/Engine/venv/lib/python3.11/site-packages/airflow/example_dags/example_subdag_operator.py took 0.605 seconds
[2025-07-17T08:06:48.094+0530] {processor.py:186} INFO - Started process (PID=41447) to work on /Users/parth/Desktop/Engine/venv/lib/python3.11/site-packages/airflow/example_dags/example_subdag_operator.py
[2025-07-17T08:06:48.096+0530] {processor.py:914} INFO - Processing file /Users/parth/Desktop/Engine/venv/lib/python3.11/site-packages/airflow/example_dags/example_subdag_operator.py for tasks to queue
[2025-07-17T08:06:48.096+0530] {logging_mixin.py:190} INFO - [2025-07-17T08:06:48.096+0530] {dagbag.py:588} INFO - Filling up the DagBag from /Users/parth/Desktop/Engine/venv/lib/python3.11/site-packages/airflow/example_dags/example_subdag_operator.py
[2025-07-17T08:06:48.160+0530] {processor.py:925} INFO - DAG(s) 'example_subdag_operator.section-1', 'example_subdag_operator.section-2', 'example_subdag_operator' retrieved from /Users/parth/Desktop/Engine/venv/lib/python3.11/site-packages/airflow/example_dags/example_subdag_operator.py
[2025-07-17T08:06:48.669+0530] {logging_mixin.py:190} INFO - [2025-07-17T08:06:48.669+0530] {dag.py:3239} INFO - Sync 3 DAGs
[2025-07-17T08:06:48.680+0530] {logging_mixin.py:190} INFO - [2025-07-17T08:06:48.680+0530] {dag.py:4180} INFO - Setting next_dagrun for example_subdag_operator to 2022-01-01 00:00:00+00:00, run_after=2022-01-01 00:00:00+00:00
[2025-07-17T08:06:48.682+0530] {logging_mixin.py:190} INFO - [2025-07-17T08:06:48.682+0530] {dag.py:4180} INFO - Setting next_dagrun for example_subdag_operator.section-1 to None, run_after=None
[2025-07-17T08:06:48.683+0530] {logging_mixin.py:190} INFO - [2025-07-17T08:06:48.682+0530] {dag.py:4180} INFO - Setting next_dagrun for example_subdag_operator.section-2 to None, run_after=None
[2025-07-17T08:06:48.686+0530] {logging_mixin.py:190} INFO - [2025-07-17T08:06:48.686+0530] {dag.py:3239} INFO - Sync 2 DAGs
[2025-07-17T08:06:48.688+0530] {logging_mixin.py:190} INFO - [2025-07-17T08:06:48.688+0530] {dag.py:4180} INFO - Setting next_dagrun for example_subdag_operator.section-1 to None, run_after=None
[2025-07-17T08:06:48.688+0530] {logging_mixin.py:190} INFO - [2025-07-17T08:06:48.688+0530] {dag.py:4180} INFO - Setting next_dagrun for example_subdag_operator.section-2 to None, run_after=None
[2025-07-17T08:06:48.695+0530] {processor.py:208} INFO - Processing /Users/parth/Desktop/Engine/venv/lib/python3.11/site-packages/airflow/example_dags/example_subdag_operator.py took 0.603 seconds
[2025-07-17T08:08:45.514+0530] {processor.py:186} INFO - Started process (PID=42204) to work on /Users/parth/Desktop/Engine/venv/lib/python3.11/site-packages/airflow/example_dags/example_subdag_operator.py
[2025-07-17T08:08:45.515+0530] {processor.py:914} INFO - Processing file /Users/parth/Desktop/Engine/venv/lib/python3.11/site-packages/airflow/example_dags/example_subdag_operator.py for tasks to queue
[2025-07-17T08:08:45.516+0530] {logging_mixin.py:190} INFO - [2025-07-17T08:08:45.516+0530] {dagbag.py:588} INFO - Filling up the DagBag from /Users/parth/Desktop/Engine/venv/lib/python3.11/site-packages/airflow/example_dags/example_subdag_operator.py
[2025-07-17T08:08:45.579+0530] {processor.py:925} INFO - DAG(s) 'example_subdag_operator.section-1', 'example_subdag_operator.section-2', 'example_subdag_operator' retrieved from /Users/parth/Desktop/Engine/venv/lib/python3.11/site-packages/airflow/example_dags/example_subdag_operator.py
[2025-07-17T08:08:46.128+0530] {logging_mixin.py:190} INFO - [2025-07-17T08:08:46.128+0530] {dag.py:3239} INFO - Sync 3 DAGs
[2025-07-17T08:08:46.140+0530] {logging_mixin.py:190} INFO - [2025-07-17T08:08:46.139+0530] {dag.py:4180} INFO - Setting next_dagrun for example_subdag_operator to 2022-01-01 00:00:00+00:00, run_after=2022-01-01 00:00:00+00:00
[2025-07-17T08:08:46.142+0530] {logging_mixin.py:190} INFO - [2025-07-17T08:08:46.142+0530] {dag.py:4180} INFO - Setting next_dagrun for example_subdag_operator.section-1 to None, run_after=None
[2025-07-17T08:08:46.142+0530] {logging_mixin.py:190} INFO - [2025-07-17T08:08:46.142+0530] {dag.py:4180} INFO - Setting next_dagrun for example_subdag_operator.section-2 to None, run_after=None
[2025-07-17T08:08:46.146+0530] {logging_mixin.py:190} INFO - [2025-07-17T08:08:46.146+0530] {dag.py:3239} INFO - Sync 2 DAGs
[2025-07-17T08:08:46.148+0530] {logging_mixin.py:190} INFO - [2025-07-17T08:08:46.148+0530] {dag.py:4180} INFO - Setting next_dagrun for example_subdag_operator.section-1 to None, run_after=None
[2025-07-17T08:08:46.148+0530] {logging_mixin.py:190} INFO - [2025-07-17T08:08:46.148+0530] {dag.py:4180} INFO - Setting next_dagrun for example_subdag_operator.section-2 to None, run_after=None
[2025-07-17T08:08:46.155+0530] {processor.py:208} INFO - Processing /Users/parth/Desktop/Engine/venv/lib/python3.11/site-packages/airflow/example_dags/example_subdag_operator.py took 0.643 seconds
[2025-07-17T08:10:54.372+0530] {processor.py:186} INFO - Started process (PID=43104) to work on /Users/parth/Desktop/Engine/venv/lib/python3.11/site-packages/airflow/example_dags/example_subdag_operator.py
[2025-07-17T08:10:54.373+0530] {processor.py:914} INFO - Processing file /Users/parth/Desktop/Engine/venv/lib/python3.11/site-packages/airflow/example_dags/example_subdag_operator.py for tasks to queue
[2025-07-17T08:10:54.374+0530] {logging_mixin.py:190} INFO - [2025-07-17T08:10:54.374+0530] {dagbag.py:588} INFO - Filling up the DagBag from /Users/parth/Desktop/Engine/venv/lib/python3.11/site-packages/airflow/example_dags/example_subdag_operator.py
[2025-07-17T08:10:54.438+0530] {processor.py:925} INFO - DAG(s) 'example_subdag_operator.section-1', 'example_subdag_operator.section-2', 'example_subdag_operator' retrieved from /Users/parth/Desktop/Engine/venv/lib/python3.11/site-packages/airflow/example_dags/example_subdag_operator.py
[2025-07-17T08:10:54.912+0530] {logging_mixin.py:190} INFO - [2025-07-17T08:10:54.911+0530] {dag.py:3239} INFO - Sync 3 DAGs
[2025-07-17T08:10:54.924+0530] {logging_mixin.py:190} INFO - [2025-07-17T08:10:54.924+0530] {dag.py:4180} INFO - Setting next_dagrun for example_subdag_operator to 2022-01-01 00:00:00+00:00, run_after=2022-01-01 00:00:00+00:00
[2025-07-17T08:10:54.926+0530] {logging_mixin.py:190} INFO - [2025-07-17T08:10:54.926+0530] {dag.py:4180} INFO - Setting next_dagrun for example_subdag_operator.section-1 to None, run_after=None
[2025-07-17T08:10:54.927+0530] {logging_mixin.py:190} INFO - [2025-07-17T08:10:54.927+0530] {dag.py:4180} INFO - Setting next_dagrun for example_subdag_operator.section-2 to None, run_after=None
[2025-07-17T08:10:54.931+0530] {logging_mixin.py:190} INFO - [2025-07-17T08:10:54.931+0530] {dag.py:3239} INFO - Sync 2 DAGs
[2025-07-17T08:10:54.933+0530] {logging_mixin.py:190} INFO - [2025-07-17T08:10:54.933+0530] {dag.py:4180} INFO - Setting next_dagrun for example_subdag_operator.section-1 to None, run_after=None
[2025-07-17T08:10:54.933+0530] {logging_mixin.py:190} INFO - [2025-07-17T08:10:54.933+0530] {dag.py:4180} INFO - Setting next_dagrun for example_subdag_operator.section-2 to None, run_after=None
[2025-07-17T08:10:54.941+0530] {processor.py:208} INFO - Processing /Users/parth/Desktop/Engine/venv/lib/python3.11/site-packages/airflow/example_dags/example_subdag_operator.py took 0.570 seconds
[2025-07-17T08:17:05.505+0530] {processor.py:186} INFO - Started process (PID=43863) to work on /Users/parth/Desktop/Engine/venv/lib/python3.11/site-packages/airflow/example_dags/example_subdag_operator.py
[2025-07-17T08:17:05.506+0530] {processor.py:914} INFO - Processing file /Users/parth/Desktop/Engine/venv/lib/python3.11/site-packages/airflow/example_dags/example_subdag_operator.py for tasks to queue
[2025-07-17T08:17:05.507+0530] {logging_mixin.py:190} INFO - [2025-07-17T08:17:05.506+0530] {dagbag.py:588} INFO - Filling up the DagBag from /Users/parth/Desktop/Engine/venv/lib/python3.11/site-packages/airflow/example_dags/example_subdag_operator.py
[2025-07-17T08:17:05.570+0530] {processor.py:925} INFO - DAG(s) 'example_subdag_operator.section-1', 'example_subdag_operator.section-2', 'example_subdag_operator' retrieved from /Users/parth/Desktop/Engine/venv/lib/python3.11/site-packages/airflow/example_dags/example_subdag_operator.py
[2025-07-17T08:17:06.042+0530] {logging_mixin.py:190} INFO - [2025-07-17T08:17:06.041+0530] {dag.py:3239} INFO - Sync 3 DAGs
[2025-07-17T08:17:06.053+0530] {logging_mixin.py:190} INFO - [2025-07-17T08:17:06.053+0530] {dag.py:4180} INFO - Setting next_dagrun for example_subdag_operator to 2022-01-01 00:00:00+00:00, run_after=2022-01-01 00:00:00+00:00
[2025-07-17T08:17:06.055+0530] {logging_mixin.py:190} INFO - [2025-07-17T08:17:06.055+0530] {dag.py:4180} INFO - Setting next_dagrun for example_subdag_operator.section-1 to None, run_after=None
[2025-07-17T08:17:06.056+0530] {logging_mixin.py:190} INFO - [2025-07-17T08:17:06.056+0530] {dag.py:4180} INFO - Setting next_dagrun for example_subdag_operator.section-2 to None, run_after=None
[2025-07-17T08:17:06.059+0530] {logging_mixin.py:190} INFO - [2025-07-17T08:17:06.059+0530] {dag.py:3239} INFO - Sync 2 DAGs
[2025-07-17T08:17:06.061+0530] {logging_mixin.py:190} INFO - [2025-07-17T08:17:06.061+0530] {dag.py:4180} INFO - Setting next_dagrun for example_subdag_operator.section-1 to None, run_after=None
[2025-07-17T08:17:06.061+0530] {logging_mixin.py:190} INFO - [2025-07-17T08:17:06.061+0530] {dag.py:4180} INFO - Setting next_dagrun for example_subdag_operator.section-2 to None, run_after=None
[2025-07-17T08:17:06.068+0530] {processor.py:208} INFO - Processing /Users/parth/Desktop/Engine/venv/lib/python3.11/site-packages/airflow/example_dags/example_subdag_operator.py took 0.566 seconds
[2025-07-17T08:19:14.791+0530] {processor.py:186} INFO - Started process (PID=44582) to work on /Users/parth/Desktop/Engine/venv/lib/python3.11/site-packages/airflow/example_dags/example_subdag_operator.py
[2025-07-17T08:19:14.792+0530] {processor.py:914} INFO - Processing file /Users/parth/Desktop/Engine/venv/lib/python3.11/site-packages/airflow/example_dags/example_subdag_operator.py for tasks to queue
[2025-07-17T08:19:14.793+0530] {logging_mixin.py:190} INFO - [2025-07-17T08:19:14.793+0530] {dagbag.py:588} INFO - Filling up the DagBag from /Users/parth/Desktop/Engine/venv/lib/python3.11/site-packages/airflow/example_dags/example_subdag_operator.py
[2025-07-17T08:19:14.858+0530] {processor.py:925} INFO - DAG(s) 'example_subdag_operator.section-1', 'example_subdag_operator.section-2', 'example_subdag_operator' retrieved from /Users/parth/Desktop/Engine/venv/lib/python3.11/site-packages/airflow/example_dags/example_subdag_operator.py
[2025-07-17T08:19:15.432+0530] {logging_mixin.py:190} INFO - [2025-07-17T08:19:15.431+0530] {dag.py:3239} INFO - Sync 3 DAGs
[2025-07-17T08:19:15.443+0530] {logging_mixin.py:190} INFO - [2025-07-17T08:19:15.443+0530] {dag.py:4180} INFO - Setting next_dagrun for example_subdag_operator to 2022-01-01 00:00:00+00:00, run_after=2022-01-01 00:00:00+00:00
[2025-07-17T08:19:15.445+0530] {logging_mixin.py:190} INFO - [2025-07-17T08:19:15.445+0530] {dag.py:4180} INFO - Setting next_dagrun for example_subdag_operator.section-1 to None, run_after=None
[2025-07-17T08:19:15.445+0530] {logging_mixin.py:190} INFO - [2025-07-17T08:19:15.445+0530] {dag.py:4180} INFO - Setting next_dagrun for example_subdag_operator.section-2 to None, run_after=None
[2025-07-17T08:19:15.449+0530] {logging_mixin.py:190} INFO - [2025-07-17T08:19:15.449+0530] {dag.py:3239} INFO - Sync 2 DAGs
[2025-07-17T08:19:15.451+0530] {logging_mixin.py:190} INFO - [2025-07-17T08:19:15.451+0530] {dag.py:4180} INFO - Setting next_dagrun for example_subdag_operator.section-1 to None, run_after=None
[2025-07-17T08:19:15.451+0530] {logging_mixin.py:190} INFO - [2025-07-17T08:19:15.451+0530] {dag.py:4180} INFO - Setting next_dagrun for example_subdag_operator.section-2 to None, run_after=None
[2025-07-17T08:19:15.458+0530] {processor.py:208} INFO - Processing /Users/parth/Desktop/Engine/venv/lib/python3.11/site-packages/airflow/example_dags/example_subdag_operator.py took 0.669 seconds
[2025-07-17T08:20:57.666+0530] {processor.py:186} INFO - Started process (PID=45255) to work on /Users/parth/Desktop/Engine/venv/lib/python3.11/site-packages/airflow/example_dags/example_subdag_operator.py
[2025-07-17T08:20:57.667+0530] {processor.py:914} INFO - Processing file /Users/parth/Desktop/Engine/venv/lib/python3.11/site-packages/airflow/example_dags/example_subdag_operator.py for tasks to queue
[2025-07-17T08:20:57.668+0530] {logging_mixin.py:190} INFO - [2025-07-17T08:20:57.667+0530] {dagbag.py:588} INFO - Filling up the DagBag from /Users/parth/Desktop/Engine/venv/lib/python3.11/site-packages/airflow/example_dags/example_subdag_operator.py
[2025-07-17T08:20:57.731+0530] {processor.py:925} INFO - DAG(s) 'example_subdag_operator.section-1', 'example_subdag_operator.section-2', 'example_subdag_operator' retrieved from /Users/parth/Desktop/Engine/venv/lib/python3.11/site-packages/airflow/example_dags/example_subdag_operator.py
[2025-07-17T08:20:58.188+0530] {logging_mixin.py:190} INFO - [2025-07-17T08:20:58.187+0530] {dag.py:3239} INFO - Sync 3 DAGs
[2025-07-17T08:20:58.199+0530] {logging_mixin.py:190} INFO - [2025-07-17T08:20:58.199+0530] {dag.py:4180} INFO - Setting next_dagrun for example_subdag_operator to 2022-01-01 00:00:00+00:00, run_after=2022-01-01 00:00:00+00:00
[2025-07-17T08:20:58.201+0530] {logging_mixin.py:190} INFO - [2025-07-17T08:20:58.201+0530] {dag.py:4180} INFO - Setting next_dagrun for example_subdag_operator.section-1 to None, run_after=None
[2025-07-17T08:20:58.201+0530] {logging_mixin.py:190} INFO - [2025-07-17T08:20:58.201+0530] {dag.py:4180} INFO - Setting next_dagrun for example_subdag_operator.section-2 to None, run_after=None
[2025-07-17T08:20:58.205+0530] {logging_mixin.py:190} INFO - [2025-07-17T08:20:58.204+0530] {dag.py:3239} INFO - Sync 2 DAGs
[2025-07-17T08:20:58.207+0530] {logging_mixin.py:190} INFO - [2025-07-17T08:20:58.207+0530] {dag.py:4180} INFO - Setting next_dagrun for example_subdag_operator.section-1 to None, run_after=None
[2025-07-17T08:20:58.207+0530] {logging_mixin.py:190} INFO - [2025-07-17T08:20:58.207+0530] {dag.py:4180} INFO - Setting next_dagrun for example_subdag_operator.section-2 to None, run_after=None
[2025-07-17T08:20:58.214+0530] {processor.py:208} INFO - Processing /Users/parth/Desktop/Engine/venv/lib/python3.11/site-packages/airflow/example_dags/example_subdag_operator.py took 0.550 seconds
[2025-07-17T08:22:43.303+0530] {processor.py:186} INFO - Started process (PID=45946) to work on /Users/parth/Desktop/Engine/venv/lib/python3.11/site-packages/airflow/example_dags/example_subdag_operator.py
[2025-07-17T08:22:43.304+0530] {processor.py:914} INFO - Processing file /Users/parth/Desktop/Engine/venv/lib/python3.11/site-packages/airflow/example_dags/example_subdag_operator.py for tasks to queue
[2025-07-17T08:22:43.304+0530] {logging_mixin.py:190} INFO - [2025-07-17T08:22:43.304+0530] {dagbag.py:588} INFO - Filling up the DagBag from /Users/parth/Desktop/Engine/venv/lib/python3.11/site-packages/airflow/example_dags/example_subdag_operator.py
[2025-07-17T08:22:43.369+0530] {processor.py:925} INFO - DAG(s) 'example_subdag_operator.section-1', 'example_subdag_operator.section-2', 'example_subdag_operator' retrieved from /Users/parth/Desktop/Engine/venv/lib/python3.11/site-packages/airflow/example_dags/example_subdag_operator.py
[2025-07-17T08:22:43.860+0530] {logging_mixin.py:190} INFO - [2025-07-17T08:22:43.860+0530] {dag.py:3239} INFO - Sync 3 DAGs
[2025-07-17T08:22:43.871+0530] {logging_mixin.py:190} INFO - [2025-07-17T08:22:43.871+0530] {dag.py:4180} INFO - Setting next_dagrun for example_subdag_operator to 2022-01-01 00:00:00+00:00, run_after=2022-01-01 00:00:00+00:00
[2025-07-17T08:22:43.874+0530] {logging_mixin.py:190} INFO - [2025-07-17T08:22:43.873+0530] {dag.py:4180} INFO - Setting next_dagrun for example_subdag_operator.section-1 to None, run_after=None
[2025-07-17T08:22:43.874+0530] {logging_mixin.py:190} INFO - [2025-07-17T08:22:43.874+0530] {dag.py:4180} INFO - Setting next_dagrun for example_subdag_operator.section-2 to None, run_after=None
[2025-07-17T08:22:43.878+0530] {logging_mixin.py:190} INFO - [2025-07-17T08:22:43.877+0530] {dag.py:3239} INFO - Sync 2 DAGs
[2025-07-17T08:22:43.880+0530] {logging_mixin.py:190} INFO - [2025-07-17T08:22:43.880+0530] {dag.py:4180} INFO - Setting next_dagrun for example_subdag_operator.section-1 to None, run_after=None
[2025-07-17T08:22:43.880+0530] {logging_mixin.py:190} INFO - [2025-07-17T08:22:43.880+0530] {dag.py:4180} INFO - Setting next_dagrun for example_subdag_operator.section-2 to None, run_after=None
[2025-07-17T08:22:43.886+0530] {processor.py:208} INFO - Processing /Users/parth/Desktop/Engine/venv/lib/python3.11/site-packages/airflow/example_dags/example_subdag_operator.py took 0.586 seconds
[2025-07-17T08:24:30.988+0530] {processor.py:186} INFO - Started process (PID=46665) to work on /Users/parth/Desktop/Engine/venv/lib/python3.11/site-packages/airflow/example_dags/example_subdag_operator.py
[2025-07-17T08:24:30.988+0530] {processor.py:914} INFO - Processing file /Users/parth/Desktop/Engine/venv/lib/python3.11/site-packages/airflow/example_dags/example_subdag_operator.py for tasks to queue
[2025-07-17T08:24:30.989+0530] {logging_mixin.py:190} INFO - [2025-07-17T08:24:30.989+0530] {dagbag.py:588} INFO - Filling up the DagBag from /Users/parth/Desktop/Engine/venv/lib/python3.11/site-packages/airflow/example_dags/example_subdag_operator.py
[2025-07-17T08:24:31.055+0530] {processor.py:925} INFO - DAG(s) 'example_subdag_operator.section-1', 'example_subdag_operator.section-2', 'example_subdag_operator' retrieved from /Users/parth/Desktop/Engine/venv/lib/python3.11/site-packages/airflow/example_dags/example_subdag_operator.py
[2025-07-17T08:24:31.598+0530] {logging_mixin.py:190} INFO - [2025-07-17T08:24:31.597+0530] {dag.py:3239} INFO - Sync 3 DAGs
[2025-07-17T08:24:31.609+0530] {logging_mixin.py:190} INFO - [2025-07-17T08:24:31.609+0530] {dag.py:4180} INFO - Setting next_dagrun for example_subdag_operator to 2022-01-01 00:00:00+00:00, run_after=2022-01-01 00:00:00+00:00
[2025-07-17T08:24:31.611+0530] {logging_mixin.py:190} INFO - [2025-07-17T08:24:31.611+0530] {dag.py:4180} INFO - Setting next_dagrun for example_subdag_operator.section-1 to None, run_after=None
[2025-07-17T08:24:31.612+0530] {logging_mixin.py:190} INFO - [2025-07-17T08:24:31.612+0530] {dag.py:4180} INFO - Setting next_dagrun for example_subdag_operator.section-2 to None, run_after=None
[2025-07-17T08:24:31.615+0530] {logging_mixin.py:190} INFO - [2025-07-17T08:24:31.615+0530] {dag.py:3239} INFO - Sync 2 DAGs
[2025-07-17T08:24:31.617+0530] {logging_mixin.py:190} INFO - [2025-07-17T08:24:31.617+0530] {dag.py:4180} INFO - Setting next_dagrun for example_subdag_operator.section-1 to None, run_after=None
[2025-07-17T08:24:31.618+0530] {logging_mixin.py:190} INFO - [2025-07-17T08:24:31.618+0530] {dag.py:4180} INFO - Setting next_dagrun for example_subdag_operator.section-2 to None, run_after=None
[2025-07-17T08:24:31.624+0530] {processor.py:208} INFO - Processing /Users/parth/Desktop/Engine/venv/lib/python3.11/site-packages/airflow/example_dags/example_subdag_operator.py took 0.639 seconds
[2025-07-17T08:26:15.953+0530] {processor.py:186} INFO - Started process (PID=47390) to work on /Users/parth/Desktop/Engine/venv/lib/python3.11/site-packages/airflow/example_dags/example_subdag_operator.py
[2025-07-17T08:26:15.954+0530] {processor.py:914} INFO - Processing file /Users/parth/Desktop/Engine/venv/lib/python3.11/site-packages/airflow/example_dags/example_subdag_operator.py for tasks to queue
[2025-07-17T08:26:15.955+0530] {logging_mixin.py:190} INFO - [2025-07-17T08:26:15.955+0530] {dagbag.py:588} INFO - Filling up the DagBag from /Users/parth/Desktop/Engine/venv/lib/python3.11/site-packages/airflow/example_dags/example_subdag_operator.py
[2025-07-17T08:26:16.019+0530] {processor.py:925} INFO - DAG(s) 'example_subdag_operator.section-1', 'example_subdag_operator.section-2', 'example_subdag_operator' retrieved from /Users/parth/Desktop/Engine/venv/lib/python3.11/site-packages/airflow/example_dags/example_subdag_operator.py
[2025-07-17T08:26:16.608+0530] {logging_mixin.py:190} INFO - [2025-07-17T08:26:16.607+0530] {dag.py:3239} INFO - Sync 3 DAGs
[2025-07-17T08:26:16.619+0530] {logging_mixin.py:190} INFO - [2025-07-17T08:26:16.619+0530] {dag.py:4180} INFO - Setting next_dagrun for example_subdag_operator to 2022-01-01 00:00:00+00:00, run_after=2022-01-01 00:00:00+00:00
[2025-07-17T08:26:16.621+0530] {logging_mixin.py:190} INFO - [2025-07-17T08:26:16.621+0530] {dag.py:4180} INFO - Setting next_dagrun for example_subdag_operator.section-1 to None, run_after=None
[2025-07-17T08:26:16.622+0530] {logging_mixin.py:190} INFO - [2025-07-17T08:26:16.622+0530] {dag.py:4180} INFO - Setting next_dagrun for example_subdag_operator.section-2 to None, run_after=None
[2025-07-17T08:26:16.625+0530] {logging_mixin.py:190} INFO - [2025-07-17T08:26:16.625+0530] {dag.py:3239} INFO - Sync 2 DAGs
[2025-07-17T08:26:16.627+0530] {logging_mixin.py:190} INFO - [2025-07-17T08:26:16.627+0530] {dag.py:4180} INFO - Setting next_dagrun for example_subdag_operator.section-1 to None, run_after=None
[2025-07-17T08:26:16.628+0530] {logging_mixin.py:190} INFO - [2025-07-17T08:26:16.628+0530] {dag.py:4180} INFO - Setting next_dagrun for example_subdag_operator.section-2 to None, run_after=None
[2025-07-17T08:26:16.635+0530] {processor.py:208} INFO - Processing /Users/parth/Desktop/Engine/venv/lib/python3.11/site-packages/airflow/example_dags/example_subdag_operator.py took 0.684 seconds
[2025-07-17T08:28:13.113+0530] {processor.py:186} INFO - Started process (PID=48220) to work on /Users/parth/Desktop/Engine/venv/lib/python3.11/site-packages/airflow/example_dags/example_subdag_operator.py
[2025-07-17T08:28:13.114+0530] {processor.py:914} INFO - Processing file /Users/parth/Desktop/Engine/venv/lib/python3.11/site-packages/airflow/example_dags/example_subdag_operator.py for tasks to queue
[2025-07-17T08:28:13.114+0530] {logging_mixin.py:190} INFO - [2025-07-17T08:28:13.114+0530] {dagbag.py:588} INFO - Filling up the DagBag from /Users/parth/Desktop/Engine/venv/lib/python3.11/site-packages/airflow/example_dags/example_subdag_operator.py
[2025-07-17T08:28:13.178+0530] {processor.py:925} INFO - DAG(s) 'example_subdag_operator.section-1', 'example_subdag_operator.section-2', 'example_subdag_operator' retrieved from /Users/parth/Desktop/Engine/venv/lib/python3.11/site-packages/airflow/example_dags/example_subdag_operator.py
[2025-07-17T08:28:13.715+0530] {logging_mixin.py:190} INFO - [2025-07-17T08:28:13.715+0530] {dag.py:3239} INFO - Sync 3 DAGs
[2025-07-17T08:28:13.726+0530] {logging_mixin.py:190} INFO - [2025-07-17T08:28:13.726+0530] {dag.py:4180} INFO - Setting next_dagrun for example_subdag_operator to 2022-01-01 00:00:00+00:00, run_after=2022-01-01 00:00:00+00:00
[2025-07-17T08:28:13.728+0530] {logging_mixin.py:190} INFO - [2025-07-17T08:28:13.728+0530] {dag.py:4180} INFO - Setting next_dagrun for example_subdag_operator.section-1 to None, run_after=None
[2025-07-17T08:28:13.729+0530] {logging_mixin.py:190} INFO - [2025-07-17T08:28:13.728+0530] {dag.py:4180} INFO - Setting next_dagrun for example_subdag_operator.section-2 to None, run_after=None
[2025-07-17T08:28:13.732+0530] {logging_mixin.py:190} INFO - [2025-07-17T08:28:13.732+0530] {dag.py:3239} INFO - Sync 2 DAGs
[2025-07-17T08:28:13.734+0530] {logging_mixin.py:190} INFO - [2025-07-17T08:28:13.734+0530] {dag.py:4180} INFO - Setting next_dagrun for example_subdag_operator.section-1 to None, run_after=None
[2025-07-17T08:28:13.734+0530] {logging_mixin.py:190} INFO - [2025-07-17T08:28:13.734+0530] {dag.py:4180} INFO - Setting next_dagrun for example_subdag_operator.section-2 to None, run_after=None
[2025-07-17T08:28:13.741+0530] {processor.py:208} INFO - Processing /Users/parth/Desktop/Engine/venv/lib/python3.11/site-packages/airflow/example_dags/example_subdag_operator.py took 0.631 seconds
[2025-07-17T08:30:01.743+0530] {processor.py:186} INFO - Started process (PID=48980) to work on /Users/parth/Desktop/Engine/venv/lib/python3.11/site-packages/airflow/example_dags/example_subdag_operator.py
[2025-07-17T08:30:01.744+0530] {processor.py:914} INFO - Processing file /Users/parth/Desktop/Engine/venv/lib/python3.11/site-packages/airflow/example_dags/example_subdag_operator.py for tasks to queue
[2025-07-17T08:30:01.745+0530] {logging_mixin.py:190} INFO - [2025-07-17T08:30:01.745+0530] {dagbag.py:588} INFO - Filling up the DagBag from /Users/parth/Desktop/Engine/venv/lib/python3.11/site-packages/airflow/example_dags/example_subdag_operator.py
[2025-07-17T08:30:01.809+0530] {processor.py:925} INFO - DAG(s) 'example_subdag_operator.section-1', 'example_subdag_operator.section-2', 'example_subdag_operator' retrieved from /Users/parth/Desktop/Engine/venv/lib/python3.11/site-packages/airflow/example_dags/example_subdag_operator.py
[2025-07-17T08:30:02.335+0530] {logging_mixin.py:190} INFO - [2025-07-17T08:30:02.334+0530] {dag.py:3239} INFO - Sync 3 DAGs
[2025-07-17T08:30:02.347+0530] {logging_mixin.py:190} INFO - [2025-07-17T08:30:02.346+0530] {dag.py:4180} INFO - Setting next_dagrun for example_subdag_operator to 2022-01-01 00:00:00+00:00, run_after=2022-01-01 00:00:00+00:00
[2025-07-17T08:30:02.349+0530] {logging_mixin.py:190} INFO - [2025-07-17T08:30:02.349+0530] {dag.py:4180} INFO - Setting next_dagrun for example_subdag_operator.section-1 to None, run_after=None
[2025-07-17T08:30:02.349+0530] {logging_mixin.py:190} INFO - [2025-07-17T08:30:02.349+0530] {dag.py:4180} INFO - Setting next_dagrun for example_subdag_operator.section-2 to None, run_after=None
[2025-07-17T08:30:02.353+0530] {logging_mixin.py:190} INFO - [2025-07-17T08:30:02.353+0530] {dag.py:3239} INFO - Sync 2 DAGs
[2025-07-17T08:30:02.355+0530] {logging_mixin.py:190} INFO - [2025-07-17T08:30:02.355+0530] {dag.py:4180} INFO - Setting next_dagrun for example_subdag_operator.section-1 to None, run_after=None
[2025-07-17T08:30:02.355+0530] {logging_mixin.py:190} INFO - [2025-07-17T08:30:02.355+0530] {dag.py:4180} INFO - Setting next_dagrun for example_subdag_operator.section-2 to None, run_after=None
[2025-07-17T08:30:02.362+0530] {processor.py:208} INFO - Processing /Users/parth/Desktop/Engine/venv/lib/python3.11/site-packages/airflow/example_dags/example_subdag_operator.py took 0.621 seconds
[2025-07-17T08:36:14.086+0530] {processor.py:186} INFO - Started process (PID=49741) to work on /Users/parth/Desktop/Engine/venv/lib/python3.11/site-packages/airflow/example_dags/example_subdag_operator.py
[2025-07-17T08:36:14.087+0530] {processor.py:914} INFO - Processing file /Users/parth/Desktop/Engine/venv/lib/python3.11/site-packages/airflow/example_dags/example_subdag_operator.py for tasks to queue
[2025-07-17T08:36:14.088+0530] {logging_mixin.py:190} INFO - [2025-07-17T08:36:14.088+0530] {dagbag.py:588} INFO - Filling up the DagBag from /Users/parth/Desktop/Engine/venv/lib/python3.11/site-packages/airflow/example_dags/example_subdag_operator.py
[2025-07-17T08:36:14.151+0530] {processor.py:925} INFO - DAG(s) 'example_subdag_operator.section-1', 'example_subdag_operator.section-2', 'example_subdag_operator' retrieved from /Users/parth/Desktop/Engine/venv/lib/python3.11/site-packages/airflow/example_dags/example_subdag_operator.py
[2025-07-17T08:36:14.605+0530] {logging_mixin.py:190} INFO - [2025-07-17T08:36:14.604+0530] {dag.py:3239} INFO - Sync 3 DAGs
[2025-07-17T08:36:14.616+0530] {logging_mixin.py:190} INFO - [2025-07-17T08:36:14.616+0530] {dag.py:4180} INFO - Setting next_dagrun for example_subdag_operator to 2022-01-01 00:00:00+00:00, run_after=2022-01-01 00:00:00+00:00
[2025-07-17T08:36:14.618+0530] {logging_mixin.py:190} INFO - [2025-07-17T08:36:14.618+0530] {dag.py:4180} INFO - Setting next_dagrun for example_subdag_operator.section-1 to None, run_after=None
[2025-07-17T08:36:14.618+0530] {logging_mixin.py:190} INFO - [2025-07-17T08:36:14.618+0530] {dag.py:4180} INFO - Setting next_dagrun for example_subdag_operator.section-2 to None, run_after=None
[2025-07-17T08:36:14.622+0530] {logging_mixin.py:190} INFO - [2025-07-17T08:36:14.622+0530] {dag.py:3239} INFO - Sync 2 DAGs
[2025-07-17T08:36:14.624+0530] {logging_mixin.py:190} INFO - [2025-07-17T08:36:14.624+0530] {dag.py:4180} INFO - Setting next_dagrun for example_subdag_operator.section-1 to None, run_after=None
[2025-07-17T08:36:14.624+0530] {logging_mixin.py:190} INFO - [2025-07-17T08:36:14.624+0530] {dag.py:4180} INFO - Setting next_dagrun for example_subdag_operator.section-2 to None, run_after=None
[2025-07-17T08:36:14.631+0530] {processor.py:208} INFO - Processing /Users/parth/Desktop/Engine/venv/lib/python3.11/site-packages/airflow/example_dags/example_subdag_operator.py took 0.547 seconds
[2025-07-17T08:38:00.560+0530] {processor.py:186} INFO - Started process (PID=50431) to work on /Users/parth/Desktop/Engine/venv/lib/python3.11/site-packages/airflow/example_dags/example_subdag_operator.py
[2025-07-17T08:38:00.561+0530] {processor.py:914} INFO - Processing file /Users/parth/Desktop/Engine/venv/lib/python3.11/site-packages/airflow/example_dags/example_subdag_operator.py for tasks to queue
[2025-07-17T08:38:00.562+0530] {logging_mixin.py:190} INFO - [2025-07-17T08:38:00.562+0530] {dagbag.py:588} INFO - Filling up the DagBag from /Users/parth/Desktop/Engine/venv/lib/python3.11/site-packages/airflow/example_dags/example_subdag_operator.py
[2025-07-17T08:38:00.625+0530] {processor.py:925} INFO - DAG(s) 'example_subdag_operator.section-1', 'example_subdag_operator.section-2', 'example_subdag_operator' retrieved from /Users/parth/Desktop/Engine/venv/lib/python3.11/site-packages/airflow/example_dags/example_subdag_operator.py
[2025-07-17T08:38:01.115+0530] {logging_mixin.py:190} INFO - [2025-07-17T08:38:01.115+0530] {dag.py:3239} INFO - Sync 3 DAGs
[2025-07-17T08:38:01.127+0530] {logging_mixin.py:190} INFO - [2025-07-17T08:38:01.126+0530] {dag.py:4180} INFO - Setting next_dagrun for example_subdag_operator to 2022-01-01 00:00:00+00:00, run_after=2022-01-01 00:00:00+00:00
[2025-07-17T08:38:01.129+0530] {logging_mixin.py:190} INFO - [2025-07-17T08:38:01.128+0530] {dag.py:4180} INFO - Setting next_dagrun for example_subdag_operator.section-1 to None, run_after=None
[2025-07-17T08:38:01.129+0530] {logging_mixin.py:190} INFO - [2025-07-17T08:38:01.129+0530] {dag.py:4180} INFO - Setting next_dagrun for example_subdag_operator.section-2 to None, run_after=None
[2025-07-17T08:38:01.132+0530] {logging_mixin.py:190} INFO - [2025-07-17T08:38:01.132+0530] {dag.py:3239} INFO - Sync 2 DAGs
[2025-07-17T08:38:01.134+0530] {logging_mixin.py:190} INFO - [2025-07-17T08:38:01.134+0530] {dag.py:4180} INFO - Setting next_dagrun for example_subdag_operator.section-1 to None, run_after=None
[2025-07-17T08:38:01.135+0530] {logging_mixin.py:190} INFO - [2025-07-17T08:38:01.135+0530] {dag.py:4180} INFO - Setting next_dagrun for example_subdag_operator.section-2 to None, run_after=None
[2025-07-17T08:38:01.142+0530] {processor.py:208} INFO - Processing /Users/parth/Desktop/Engine/venv/lib/python3.11/site-packages/airflow/example_dags/example_subdag_operator.py took 0.584 seconds
[2025-07-17T08:39:45.811+0530] {processor.py:186} INFO - Started process (PID=51107) to work on /Users/parth/Desktop/Engine/venv/lib/python3.11/site-packages/airflow/example_dags/example_subdag_operator.py
[2025-07-17T08:39:45.812+0530] {processor.py:914} INFO - Processing file /Users/parth/Desktop/Engine/venv/lib/python3.11/site-packages/airflow/example_dags/example_subdag_operator.py for tasks to queue
[2025-07-17T08:39:45.813+0530] {logging_mixin.py:190} INFO - [2025-07-17T08:39:45.813+0530] {dagbag.py:588} INFO - Filling up the DagBag from /Users/parth/Desktop/Engine/venv/lib/python3.11/site-packages/airflow/example_dags/example_subdag_operator.py
[2025-07-17T08:39:45.876+0530] {processor.py:925} INFO - DAG(s) 'example_subdag_operator.section-1', 'example_subdag_operator.section-2', 'example_subdag_operator' retrieved from /Users/parth/Desktop/Engine/venv/lib/python3.11/site-packages/airflow/example_dags/example_subdag_operator.py
[2025-07-17T08:39:46.421+0530] {logging_mixin.py:190} INFO - [2025-07-17T08:39:46.421+0530] {dag.py:3239} INFO - Sync 3 DAGs
[2025-07-17T08:39:46.433+0530] {logging_mixin.py:190} INFO - [2025-07-17T08:39:46.433+0530] {dag.py:4180} INFO - Setting next_dagrun for example_subdag_operator to 2022-01-01 00:00:00+00:00, run_after=2022-01-01 00:00:00+00:00
[2025-07-17T08:39:46.435+0530] {logging_mixin.py:190} INFO - [2025-07-17T08:39:46.435+0530] {dag.py:4180} INFO - Setting next_dagrun for example_subdag_operator.section-1 to None, run_after=None
[2025-07-17T08:39:46.435+0530] {logging_mixin.py:190} INFO - [2025-07-17T08:39:46.435+0530] {dag.py:4180} INFO - Setting next_dagrun for example_subdag_operator.section-2 to None, run_after=None
[2025-07-17T08:39:46.439+0530] {logging_mixin.py:190} INFO - [2025-07-17T08:39:46.439+0530] {dag.py:3239} INFO - Sync 2 DAGs
[2025-07-17T08:39:46.441+0530] {logging_mixin.py:190} INFO - [2025-07-17T08:39:46.441+0530] {dag.py:4180} INFO - Setting next_dagrun for example_subdag_operator.section-1 to None, run_after=None
[2025-07-17T08:39:46.441+0530] {logging_mixin.py:190} INFO - [2025-07-17T08:39:46.441+0530] {dag.py:4180} INFO - Setting next_dagrun for example_subdag_operator.section-2 to None, run_after=None
[2025-07-17T08:39:46.448+0530] {processor.py:208} INFO - Processing /Users/parth/Desktop/Engine/venv/lib/python3.11/site-packages/airflow/example_dags/example_subdag_operator.py took 0.640 seconds
[2025-07-17T08:42:44.915+0530] {processor.py:186} INFO - Started process (PID=51854) to work on /Users/parth/Desktop/Engine/venv/lib/python3.11/site-packages/airflow/example_dags/example_subdag_operator.py
[2025-07-17T08:42:44.916+0530] {processor.py:914} INFO - Processing file /Users/parth/Desktop/Engine/venv/lib/python3.11/site-packages/airflow/example_dags/example_subdag_operator.py for tasks to queue
[2025-07-17T08:42:44.917+0530] {logging_mixin.py:190} INFO - [2025-07-17T08:42:44.916+0530] {dagbag.py:588} INFO - Filling up the DagBag from /Users/parth/Desktop/Engine/venv/lib/python3.11/site-packages/airflow/example_dags/example_subdag_operator.py
[2025-07-17T08:42:44.981+0530] {processor.py:925} INFO - DAG(s) 'example_subdag_operator.section-1', 'example_subdag_operator.section-2', 'example_subdag_operator' retrieved from /Users/parth/Desktop/Engine/venv/lib/python3.11/site-packages/airflow/example_dags/example_subdag_operator.py
[2025-07-17T08:42:45.496+0530] {logging_mixin.py:190} INFO - [2025-07-17T08:42:45.496+0530] {dag.py:3239} INFO - Sync 3 DAGs
[2025-07-17T08:42:45.507+0530] {logging_mixin.py:190} INFO - [2025-07-17T08:42:45.507+0530] {dag.py:4180} INFO - Setting next_dagrun for example_subdag_operator to 2022-01-01 00:00:00+00:00, run_after=2022-01-01 00:00:00+00:00
[2025-07-17T08:42:45.509+0530] {logging_mixin.py:190} INFO - [2025-07-17T08:42:45.509+0530] {dag.py:4180} INFO - Setting next_dagrun for example_subdag_operator.section-1 to None, run_after=None
[2025-07-17T08:42:45.510+0530] {logging_mixin.py:190} INFO - [2025-07-17T08:42:45.510+0530] {dag.py:4180} INFO - Setting next_dagrun for example_subdag_operator.section-2 to None, run_after=None
[2025-07-17T08:42:45.513+0530] {logging_mixin.py:190} INFO - [2025-07-17T08:42:45.513+0530] {dag.py:3239} INFO - Sync 2 DAGs
[2025-07-17T08:42:45.515+0530] {logging_mixin.py:190} INFO - [2025-07-17T08:42:45.515+0530] {dag.py:4180} INFO - Setting next_dagrun for example_subdag_operator.section-1 to None, run_after=None
[2025-07-17T08:42:45.516+0530] {logging_mixin.py:190} INFO - [2025-07-17T08:42:45.516+0530] {dag.py:4180} INFO - Setting next_dagrun for example_subdag_operator.section-2 to None, run_after=None
[2025-07-17T08:42:45.522+0530] {processor.py:208} INFO - Processing /Users/parth/Desktop/Engine/venv/lib/python3.11/site-packages/airflow/example_dags/example_subdag_operator.py took 0.610 seconds
