[2025-07-17T07:16:28.496+0530] {processor.py:186} INFO - Started process (PID=23590) to work on /Users/parth/Desktop/Engine/venv/lib/python3.11/site-packages/airflow/example_dags/example_short_circuit_decorator.py
[2025-07-17T07:16:28.497+0530] {processor.py:914} INFO - Processing file /Users/parth/Desktop/Engine/venv/lib/python3.11/site-packages/airflow/example_dags/example_short_circuit_decorator.py for tasks to queue
[2025-07-17T07:16:28.497+0530] {logging_mixin.py:190} INFO - [2025-07-17T07:16:28.497+0530] {dagbag.py:588} INFO - Filling up the DagBag from /Users/parth/Desktop/Engine/venv/lib/python3.11/site-packages/airflow/example_dags/example_short_circuit_decorator.py
[2025-07-17T07:16:28.524+0530] {processor.py:925} INFO - DAG(s) 'example_short_circuit_decorator' retrieved from /Users/parth/Desktop/Engine/venv/lib/python3.11/site-packages/airflow/example_dags/example_short_circuit_decorator.py
[2025-07-17T07:16:28.588+0530] {logging_mixin.py:190} INFO - [2025-07-17T07:16:28.588+0530] {dag.py:3239} INFO - Sync 1 DAGs
[2025-07-17T07:16:28.595+0530] {logging_mixin.py:190} INFO - [2025-07-17T07:16:28.595+0530] {dag.py:4180} INFO - Setting next_dagrun for example_short_circuit_decorator to None, run_after=None
[2025-07-17T07:16:28.606+0530] {processor.py:208} INFO - Processing /Users/parth/Desktop/Engine/venv/lib/python3.11/site-packages/airflow/example_dags/example_short_circuit_decorator.py took 0.113 seconds
[2025-07-17T07:25:02.120+0530] {processor.py:186} INFO - Started process (PID=24601) to work on /Users/parth/Desktop/Engine/venv/lib/python3.11/site-packages/airflow/example_dags/example_short_circuit_decorator.py
[2025-07-17T07:25:02.121+0530] {processor.py:914} INFO - Processing file /Users/parth/Desktop/Engine/venv/lib/python3.11/site-packages/airflow/example_dags/example_short_circuit_decorator.py for tasks to queue
[2025-07-17T07:25:02.122+0530] {logging_mixin.py:190} INFO - [2025-07-17T07:25:02.122+0530] {dagbag.py:588} INFO - Filling up the DagBag from /Users/parth/Desktop/Engine/venv/lib/python3.11/site-packages/airflow/example_dags/example_short_circuit_decorator.py
[2025-07-17T07:25:02.148+0530] {processor.py:925} INFO - DAG(s) 'example_short_circuit_decorator' retrieved from /Users/parth/Desktop/Engine/venv/lib/python3.11/site-packages/airflow/example_dags/example_short_circuit_decorator.py
[2025-07-17T07:25:02.210+0530] {logging_mixin.py:190} INFO - [2025-07-17T07:25:02.209+0530] {dag.py:3239} INFO - Sync 1 DAGs
[2025-07-17T07:25:02.216+0530] {logging_mixin.py:190} INFO - [2025-07-17T07:25:02.216+0530] {dag.py:4180} INFO - Setting next_dagrun for example_short_circuit_decorator to None, run_after=None
[2025-07-17T07:25:02.227+0530] {processor.py:208} INFO - Processing /Users/parth/Desktop/Engine/venv/lib/python3.11/site-packages/airflow/example_dags/example_short_circuit_decorator.py took 0.109 seconds
[2025-07-17T07:26:55.618+0530] {processor.py:186} INFO - Started process (PID=25331) to work on /Users/parth/Desktop/Engine/venv/lib/python3.11/site-packages/airflow/example_dags/example_short_circuit_decorator.py
[2025-07-17T07:26:55.619+0530] {processor.py:914} INFO - Processing file /Users/parth/Desktop/Engine/venv/lib/python3.11/site-packages/airflow/example_dags/example_short_circuit_decorator.py for tasks to queue
[2025-07-17T07:26:55.620+0530] {logging_mixin.py:190} INFO - [2025-07-17T07:26:55.619+0530] {dagbag.py:588} INFO - Filling up the DagBag from /Users/parth/Desktop/Engine/venv/lib/python3.11/site-packages/airflow/example_dags/example_short_circuit_decorator.py
[2025-07-17T07:26:55.645+0530] {processor.py:925} INFO - DAG(s) 'example_short_circuit_decorator' retrieved from /Users/parth/Desktop/Engine/venv/lib/python3.11/site-packages/airflow/example_dags/example_short_circuit_decorator.py
[2025-07-17T07:26:55.707+0530] {logging_mixin.py:190} INFO - [2025-07-17T07:26:55.706+0530] {dag.py:3239} INFO - Sync 1 DAGs
[2025-07-17T07:26:55.713+0530] {logging_mixin.py:190} INFO - [2025-07-17T07:26:55.713+0530] {dag.py:4180} INFO - Setting next_dagrun for example_short_circuit_decorator to None, run_after=None
[2025-07-17T07:26:55.724+0530] {processor.py:208} INFO - Processing /Users/parth/Desktop/Engine/venv/lib/python3.11/site-packages/airflow/example_dags/example_short_circuit_decorator.py took 0.108 seconds
[2025-07-17T07:28:40.141+0530] {processor.py:186} INFO - Started process (PID=26015) to work on /Users/parth/Desktop/Engine/venv/lib/python3.11/site-packages/airflow/example_dags/example_short_circuit_decorator.py
[2025-07-17T07:28:40.142+0530] {processor.py:914} INFO - Processing file /Users/parth/Desktop/Engine/venv/lib/python3.11/site-packages/airflow/example_dags/example_short_circuit_decorator.py for tasks to queue
[2025-07-17T07:28:40.143+0530] {logging_mixin.py:190} INFO - [2025-07-17T07:28:40.143+0530] {dagbag.py:588} INFO - Filling up the DagBag from /Users/parth/Desktop/Engine/venv/lib/python3.11/site-packages/airflow/example_dags/example_short_circuit_decorator.py
[2025-07-17T07:28:40.168+0530] {processor.py:925} INFO - DAG(s) 'example_short_circuit_decorator' retrieved from /Users/parth/Desktop/Engine/venv/lib/python3.11/site-packages/airflow/example_dags/example_short_circuit_decorator.py
[2025-07-17T07:28:40.231+0530] {logging_mixin.py:190} INFO - [2025-07-17T07:28:40.231+0530] {dag.py:3239} INFO - Sync 1 DAGs
[2025-07-17T07:28:40.237+0530] {logging_mixin.py:190} INFO - [2025-07-17T07:28:40.237+0530] {dag.py:4180} INFO - Setting next_dagrun for example_short_circuit_decorator to None, run_after=None
[2025-07-17T07:28:40.248+0530] {processor.py:208} INFO - Processing /Users/parth/Desktop/Engine/venv/lib/python3.11/site-packages/airflow/example_dags/example_short_circuit_decorator.py took 0.109 seconds
[2025-07-17T07:30:23.932+0530] {processor.py:186} INFO - Started process (PID=26678) to work on /Users/parth/Desktop/Engine/venv/lib/python3.11/site-packages/airflow/example_dags/example_short_circuit_decorator.py
[2025-07-17T07:30:23.933+0530] {processor.py:914} INFO - Processing file /Users/parth/Desktop/Engine/venv/lib/python3.11/site-packages/airflow/example_dags/example_short_circuit_decorator.py for tasks to queue
[2025-07-17T07:30:23.933+0530] {logging_mixin.py:190} INFO - [2025-07-17T07:30:23.933+0530] {dagbag.py:588} INFO - Filling up the DagBag from /Users/parth/Desktop/Engine/venv/lib/python3.11/site-packages/airflow/example_dags/example_short_circuit_decorator.py
[2025-07-17T07:30:23.960+0530] {processor.py:925} INFO - DAG(s) 'example_short_circuit_decorator' retrieved from /Users/parth/Desktop/Engine/venv/lib/python3.11/site-packages/airflow/example_dags/example_short_circuit_decorator.py
[2025-07-17T07:30:24.022+0530] {logging_mixin.py:190} INFO - [2025-07-17T07:30:24.022+0530] {dag.py:3239} INFO - Sync 1 DAGs
[2025-07-17T07:30:24.028+0530] {logging_mixin.py:190} INFO - [2025-07-17T07:30:24.028+0530] {dag.py:4180} INFO - Setting next_dagrun for example_short_circuit_decorator to None, run_after=None
[2025-07-17T07:30:24.039+0530] {processor.py:208} INFO - Processing /Users/parth/Desktop/Engine/venv/lib/python3.11/site-packages/airflow/example_dags/example_short_circuit_decorator.py took 0.110 seconds
[2025-07-17T07:32:09.613+0530] {processor.py:186} INFO - Started process (PID=27361) to work on /Users/parth/Desktop/Engine/venv/lib/python3.11/site-packages/airflow/example_dags/example_short_circuit_decorator.py
[2025-07-17T07:32:09.614+0530] {processor.py:914} INFO - Processing file /Users/parth/Desktop/Engine/venv/lib/python3.11/site-packages/airflow/example_dags/example_short_circuit_decorator.py for tasks to queue
[2025-07-17T07:32:09.614+0530] {logging_mixin.py:190} INFO - [2025-07-17T07:32:09.614+0530] {dagbag.py:588} INFO - Filling up the DagBag from /Users/parth/Desktop/Engine/venv/lib/python3.11/site-packages/airflow/example_dags/example_short_circuit_decorator.py
[2025-07-17T07:32:09.640+0530] {processor.py:925} INFO - DAG(s) 'example_short_circuit_decorator' retrieved from /Users/parth/Desktop/Engine/venv/lib/python3.11/site-packages/airflow/example_dags/example_short_circuit_decorator.py
[2025-07-17T07:32:09.701+0530] {logging_mixin.py:190} INFO - [2025-07-17T07:32:09.701+0530] {dag.py:3239} INFO - Sync 1 DAGs
[2025-07-17T07:32:09.707+0530] {logging_mixin.py:190} INFO - [2025-07-17T07:32:09.707+0530] {dag.py:4180} INFO - Setting next_dagrun for example_short_circuit_decorator to None, run_after=None
[2025-07-17T07:32:09.718+0530] {processor.py:208} INFO - Processing /Users/parth/Desktop/Engine/venv/lib/python3.11/site-packages/airflow/example_dags/example_short_circuit_decorator.py took 0.107 seconds
[2025-07-17T07:33:55.612+0530] {processor.py:186} INFO - Started process (PID=28064) to work on /Users/parth/Desktop/Engine/venv/lib/python3.11/site-packages/airflow/example_dags/example_short_circuit_decorator.py
[2025-07-17T07:33:55.612+0530] {processor.py:914} INFO - Processing file /Users/parth/Desktop/Engine/venv/lib/python3.11/site-packages/airflow/example_dags/example_short_circuit_decorator.py for tasks to queue
[2025-07-17T07:33:55.613+0530] {logging_mixin.py:190} INFO - [2025-07-17T07:33:55.613+0530] {dagbag.py:588} INFO - Filling up the DagBag from /Users/parth/Desktop/Engine/venv/lib/python3.11/site-packages/airflow/example_dags/example_short_circuit_decorator.py
[2025-07-17T07:33:55.638+0530] {processor.py:925} INFO - DAG(s) 'example_short_circuit_decorator' retrieved from /Users/parth/Desktop/Engine/venv/lib/python3.11/site-packages/airflow/example_dags/example_short_circuit_decorator.py
[2025-07-17T07:33:55.699+0530] {logging_mixin.py:190} INFO - [2025-07-17T07:33:55.699+0530] {dag.py:3239} INFO - Sync 1 DAGs
[2025-07-17T07:33:55.705+0530] {logging_mixin.py:190} INFO - [2025-07-17T07:33:55.705+0530] {dag.py:4180} INFO - Setting next_dagrun for example_short_circuit_decorator to None, run_after=None
[2025-07-17T07:33:55.716+0530] {processor.py:208} INFO - Processing /Users/parth/Desktop/Engine/venv/lib/python3.11/site-packages/airflow/example_dags/example_short_circuit_decorator.py took 0.107 seconds
[2025-07-17T07:35:55.637+0530] {processor.py:186} INFO - Started process (PID=28859) to work on /Users/parth/Desktop/Engine/venv/lib/python3.11/site-packages/airflow/example_dags/example_short_circuit_decorator.py
[2025-07-17T07:35:55.638+0530] {processor.py:914} INFO - Processing file /Users/parth/Desktop/Engine/venv/lib/python3.11/site-packages/airflow/example_dags/example_short_circuit_decorator.py for tasks to queue
[2025-07-17T07:35:55.638+0530] {logging_mixin.py:190} INFO - [2025-07-17T07:35:55.638+0530] {dagbag.py:588} INFO - Filling up the DagBag from /Users/parth/Desktop/Engine/venv/lib/python3.11/site-packages/airflow/example_dags/example_short_circuit_decorator.py
[2025-07-17T07:35:55.666+0530] {processor.py:925} INFO - DAG(s) 'example_short_circuit_decorator' retrieved from /Users/parth/Desktop/Engine/venv/lib/python3.11/site-packages/airflow/example_dags/example_short_circuit_decorator.py
[2025-07-17T07:35:55.729+0530] {logging_mixin.py:190} INFO - [2025-07-17T07:35:55.729+0530] {dag.py:3239} INFO - Sync 1 DAGs
[2025-07-17T07:35:55.736+0530] {logging_mixin.py:190} INFO - [2025-07-17T07:35:55.736+0530] {dag.py:4180} INFO - Setting next_dagrun for example_short_circuit_decorator to None, run_after=None
[2025-07-17T07:35:55.747+0530] {processor.py:208} INFO - Processing /Users/parth/Desktop/Engine/venv/lib/python3.11/site-packages/airflow/example_dags/example_short_circuit_decorator.py took 0.112 seconds
[2025-07-17T07:37:45.627+0530] {processor.py:186} INFO - Started process (PID=29573) to work on /Users/parth/Desktop/Engine/venv/lib/python3.11/site-packages/airflow/example_dags/example_short_circuit_decorator.py
[2025-07-17T07:37:45.628+0530] {processor.py:914} INFO - Processing file /Users/parth/Desktop/Engine/venv/lib/python3.11/site-packages/airflow/example_dags/example_short_circuit_decorator.py for tasks to queue
[2025-07-17T07:37:45.628+0530] {logging_mixin.py:190} INFO - [2025-07-17T07:37:45.628+0530] {dagbag.py:588} INFO - Filling up the DagBag from /Users/parth/Desktop/Engine/venv/lib/python3.11/site-packages/airflow/example_dags/example_short_circuit_decorator.py
[2025-07-17T07:37:45.654+0530] {processor.py:925} INFO - DAG(s) 'example_short_circuit_decorator' retrieved from /Users/parth/Desktop/Engine/venv/lib/python3.11/site-packages/airflow/example_dags/example_short_circuit_decorator.py
[2025-07-17T07:37:45.716+0530] {logging_mixin.py:190} INFO - [2025-07-17T07:37:45.716+0530] {dag.py:3239} INFO - Sync 1 DAGs
[2025-07-17T07:37:45.722+0530] {logging_mixin.py:190} INFO - [2025-07-17T07:37:45.722+0530] {dag.py:4180} INFO - Setting next_dagrun for example_short_circuit_decorator to None, run_after=None
[2025-07-17T07:37:45.733+0530] {processor.py:208} INFO - Processing /Users/parth/Desktop/Engine/venv/lib/python3.11/site-packages/airflow/example_dags/example_short_circuit_decorator.py took 0.109 seconds
[2025-07-17T07:39:36.125+0530] {processor.py:186} INFO - Started process (PID=30300) to work on /Users/parth/Desktop/Engine/venv/lib/python3.11/site-packages/airflow/example_dags/example_short_circuit_decorator.py
[2025-07-17T07:39:36.126+0530] {processor.py:914} INFO - Processing file /Users/parth/Desktop/Engine/venv/lib/python3.11/site-packages/airflow/example_dags/example_short_circuit_decorator.py for tasks to queue
[2025-07-17T07:39:36.127+0530] {logging_mixin.py:190} INFO - [2025-07-17T07:39:36.127+0530] {dagbag.py:588} INFO - Filling up the DagBag from /Users/parth/Desktop/Engine/venv/lib/python3.11/site-packages/airflow/example_dags/example_short_circuit_decorator.py
[2025-07-17T07:39:36.152+0530] {processor.py:925} INFO - DAG(s) 'example_short_circuit_decorator' retrieved from /Users/parth/Desktop/Engine/venv/lib/python3.11/site-packages/airflow/example_dags/example_short_circuit_decorator.py
[2025-07-17T07:39:36.212+0530] {logging_mixin.py:190} INFO - [2025-07-17T07:39:36.212+0530] {dag.py:3239} INFO - Sync 1 DAGs
[2025-07-17T07:39:36.218+0530] {logging_mixin.py:190} INFO - [2025-07-17T07:39:36.218+0530] {dag.py:4180} INFO - Setting next_dagrun for example_short_circuit_decorator to None, run_after=None
[2025-07-17T07:39:36.229+0530] {processor.py:208} INFO - Processing /Users/parth/Desktop/Engine/venv/lib/python3.11/site-packages/airflow/example_dags/example_short_circuit_decorator.py took 0.106 seconds
[2025-07-17T07:41:34.370+0530] {processor.py:186} INFO - Started process (PID=31068) to work on /Users/parth/Desktop/Engine/venv/lib/python3.11/site-packages/airflow/example_dags/example_short_circuit_decorator.py
[2025-07-17T07:41:34.371+0530] {processor.py:914} INFO - Processing file /Users/parth/Desktop/Engine/venv/lib/python3.11/site-packages/airflow/example_dags/example_short_circuit_decorator.py for tasks to queue
[2025-07-17T07:41:34.371+0530] {logging_mixin.py:190} INFO - [2025-07-17T07:41:34.371+0530] {dagbag.py:588} INFO - Filling up the DagBag from /Users/parth/Desktop/Engine/venv/lib/python3.11/site-packages/airflow/example_dags/example_short_circuit_decorator.py
[2025-07-17T07:41:34.401+0530] {processor.py:925} INFO - DAG(s) 'example_short_circuit_decorator' retrieved from /Users/parth/Desktop/Engine/venv/lib/python3.11/site-packages/airflow/example_dags/example_short_circuit_decorator.py
[2025-07-17T07:41:34.470+0530] {logging_mixin.py:190} INFO - [2025-07-17T07:41:34.470+0530] {dag.py:3239} INFO - Sync 1 DAGs
[2025-07-17T07:41:34.477+0530] {logging_mixin.py:190} INFO - [2025-07-17T07:41:34.477+0530] {dag.py:4180} INFO - Setting next_dagrun for example_short_circuit_decorator to None, run_after=None
[2025-07-17T07:41:34.490+0530] {processor.py:208} INFO - Processing /Users/parth/Desktop/Engine/venv/lib/python3.11/site-packages/airflow/example_dags/example_short_circuit_decorator.py took 0.123 seconds
[2025-07-17T07:43:41.151+0530] {processor.py:186} INFO - Started process (PID=31907) to work on /Users/parth/Desktop/Engine/venv/lib/python3.11/site-packages/airflow/example_dags/example_short_circuit_decorator.py
[2025-07-17T07:43:41.151+0530] {processor.py:914} INFO - Processing file /Users/parth/Desktop/Engine/venv/lib/python3.11/site-packages/airflow/example_dags/example_short_circuit_decorator.py for tasks to queue
[2025-07-17T07:43:41.152+0530] {logging_mixin.py:190} INFO - [2025-07-17T07:43:41.152+0530] {dagbag.py:588} INFO - Filling up the DagBag from /Users/parth/Desktop/Engine/venv/lib/python3.11/site-packages/airflow/example_dags/example_short_circuit_decorator.py
[2025-07-17T07:43:41.178+0530] {processor.py:925} INFO - DAG(s) 'example_short_circuit_decorator' retrieved from /Users/parth/Desktop/Engine/venv/lib/python3.11/site-packages/airflow/example_dags/example_short_circuit_decorator.py
[2025-07-17T07:43:41.240+0530] {logging_mixin.py:190} INFO - [2025-07-17T07:43:41.240+0530] {dag.py:3239} INFO - Sync 1 DAGs
[2025-07-17T07:43:41.247+0530] {logging_mixin.py:190} INFO - [2025-07-17T07:43:41.247+0530] {dag.py:4180} INFO - Setting next_dagrun for example_short_circuit_decorator to None, run_after=None
[2025-07-17T07:43:41.258+0530] {processor.py:208} INFO - Processing /Users/parth/Desktop/Engine/venv/lib/python3.11/site-packages/airflow/example_dags/example_short_circuit_decorator.py took 0.110 seconds
[2025-07-17T07:46:33.857+0530] {processor.py:186} INFO - Started process (PID=33159) to work on /Users/parth/Desktop/Engine/venv/lib/python3.11/site-packages/airflow/example_dags/example_short_circuit_decorator.py
[2025-07-17T07:46:33.858+0530] {processor.py:914} INFO - Processing file /Users/parth/Desktop/Engine/venv/lib/python3.11/site-packages/airflow/example_dags/example_short_circuit_decorator.py for tasks to queue
[2025-07-17T07:46:33.858+0530] {logging_mixin.py:190} INFO - [2025-07-17T07:46:33.858+0530] {dagbag.py:588} INFO - Filling up the DagBag from /Users/parth/Desktop/Engine/venv/lib/python3.11/site-packages/airflow/example_dags/example_short_circuit_decorator.py
[2025-07-17T07:46:33.886+0530] {processor.py:925} INFO - DAG(s) 'example_short_circuit_decorator' retrieved from /Users/parth/Desktop/Engine/venv/lib/python3.11/site-packages/airflow/example_dags/example_short_circuit_decorator.py
[2025-07-17T07:46:33.948+0530] {logging_mixin.py:190} INFO - [2025-07-17T07:46:33.948+0530] {dag.py:3239} INFO - Sync 1 DAGs
[2025-07-17T07:46:33.955+0530] {logging_mixin.py:190} INFO - [2025-07-17T07:46:33.955+0530] {dag.py:4180} INFO - Setting next_dagrun for example_short_circuit_decorator to None, run_after=None
[2025-07-17T07:46:33.966+0530] {processor.py:208} INFO - Processing /Users/parth/Desktop/Engine/venv/lib/python3.11/site-packages/airflow/example_dags/example_short_circuit_decorator.py took 0.111 seconds
[2025-07-17T07:48:56.770+0530] {processor.py:186} INFO - Started process (PID=34154) to work on /Users/parth/Desktop/Engine/venv/lib/python3.11/site-packages/airflow/example_dags/example_short_circuit_decorator.py
[2025-07-17T07:48:56.771+0530] {processor.py:914} INFO - Processing file /Users/parth/Desktop/Engine/venv/lib/python3.11/site-packages/airflow/example_dags/example_short_circuit_decorator.py for tasks to queue
[2025-07-17T07:48:56.771+0530] {logging_mixin.py:190} INFO - [2025-07-17T07:48:56.771+0530] {dagbag.py:588} INFO - Filling up the DagBag from /Users/parth/Desktop/Engine/venv/lib/python3.11/site-packages/airflow/example_dags/example_short_circuit_decorator.py
[2025-07-17T07:48:56.798+0530] {processor.py:925} INFO - DAG(s) 'example_short_circuit_decorator' retrieved from /Users/parth/Desktop/Engine/venv/lib/python3.11/site-packages/airflow/example_dags/example_short_circuit_decorator.py
[2025-07-17T07:48:56.858+0530] {logging_mixin.py:190} INFO - [2025-07-17T07:48:56.858+0530] {dag.py:3239} INFO - Sync 1 DAGs
[2025-07-17T07:48:56.865+0530] {logging_mixin.py:190} INFO - [2025-07-17T07:48:56.865+0530] {dag.py:4180} INFO - Setting next_dagrun for example_short_circuit_decorator to None, run_after=None
[2025-07-17T07:48:56.875+0530] {processor.py:208} INFO - Processing /Users/parth/Desktop/Engine/venv/lib/python3.11/site-packages/airflow/example_dags/example_short_circuit_decorator.py took 0.108 seconds
[2025-07-17T07:50:59.423+0530] {processor.py:186} INFO - Started process (PID=34965) to work on /Users/parth/Desktop/Engine/venv/lib/python3.11/site-packages/airflow/example_dags/example_short_circuit_decorator.py
[2025-07-17T07:50:59.424+0530] {processor.py:914} INFO - Processing file /Users/parth/Desktop/Engine/venv/lib/python3.11/site-packages/airflow/example_dags/example_short_circuit_decorator.py for tasks to queue
[2025-07-17T07:50:59.425+0530] {logging_mixin.py:190} INFO - [2025-07-17T07:50:59.425+0530] {dagbag.py:588} INFO - Filling up the DagBag from /Users/parth/Desktop/Engine/venv/lib/python3.11/site-packages/airflow/example_dags/example_short_circuit_decorator.py
[2025-07-17T07:50:59.450+0530] {processor.py:925} INFO - DAG(s) 'example_short_circuit_decorator' retrieved from /Users/parth/Desktop/Engine/venv/lib/python3.11/site-packages/airflow/example_dags/example_short_circuit_decorator.py
[2025-07-17T07:50:59.510+0530] {logging_mixin.py:190} INFO - [2025-07-17T07:50:59.510+0530] {dag.py:3239} INFO - Sync 1 DAGs
[2025-07-17T07:50:59.516+0530] {logging_mixin.py:190} INFO - [2025-07-17T07:50:59.516+0530] {dag.py:4180} INFO - Setting next_dagrun for example_short_circuit_decorator to None, run_after=None
[2025-07-17T07:50:59.527+0530] {processor.py:208} INFO - Processing /Users/parth/Desktop/Engine/venv/lib/python3.11/site-packages/airflow/example_dags/example_short_circuit_decorator.py took 0.106 seconds
[2025-07-17T07:54:02.337+0530] {processor.py:186} INFO - Started process (PID=36287) to work on /Users/parth/Desktop/Engine/venv/lib/python3.11/site-packages/airflow/example_dags/example_short_circuit_decorator.py
[2025-07-17T07:54:02.338+0530] {processor.py:914} INFO - Processing file /Users/parth/Desktop/Engine/venv/lib/python3.11/site-packages/airflow/example_dags/example_short_circuit_decorator.py for tasks to queue
[2025-07-17T07:54:02.339+0530] {logging_mixin.py:190} INFO - [2025-07-17T07:54:02.338+0530] {dagbag.py:588} INFO - Filling up the DagBag from /Users/parth/Desktop/Engine/venv/lib/python3.11/site-packages/airflow/example_dags/example_short_circuit_decorator.py
[2025-07-17T07:54:02.370+0530] {processor.py:925} INFO - DAG(s) 'example_short_circuit_decorator' retrieved from /Users/parth/Desktop/Engine/venv/lib/python3.11/site-packages/airflow/example_dags/example_short_circuit_decorator.py
[2025-07-17T07:54:02.433+0530] {logging_mixin.py:190} INFO - [2025-07-17T07:54:02.433+0530] {dag.py:3239} INFO - Sync 1 DAGs
[2025-07-17T07:54:02.441+0530] {logging_mixin.py:190} INFO - [2025-07-17T07:54:02.441+0530] {dag.py:4180} INFO - Setting next_dagrun for example_short_circuit_decorator to None, run_after=None
[2025-07-17T07:54:02.454+0530] {processor.py:208} INFO - Processing /Users/parth/Desktop/Engine/venv/lib/python3.11/site-packages/airflow/example_dags/example_short_circuit_decorator.py took 0.120 seconds
[2025-07-17T07:56:26.935+0530] {processor.py:186} INFO - Started process (PID=37309) to work on /Users/parth/Desktop/Engine/venv/lib/python3.11/site-packages/airflow/example_dags/example_short_circuit_decorator.py
[2025-07-17T07:56:26.936+0530] {processor.py:914} INFO - Processing file /Users/parth/Desktop/Engine/venv/lib/python3.11/site-packages/airflow/example_dags/example_short_circuit_decorator.py for tasks to queue
[2025-07-17T07:56:26.937+0530] {logging_mixin.py:190} INFO - [2025-07-17T07:56:26.937+0530] {dagbag.py:588} INFO - Filling up the DagBag from /Users/parth/Desktop/Engine/venv/lib/python3.11/site-packages/airflow/example_dags/example_short_circuit_decorator.py
[2025-07-17T07:56:26.963+0530] {processor.py:925} INFO - DAG(s) 'example_short_circuit_decorator' retrieved from /Users/parth/Desktop/Engine/venv/lib/python3.11/site-packages/airflow/example_dags/example_short_circuit_decorator.py
[2025-07-17T07:56:27.025+0530] {logging_mixin.py:190} INFO - [2025-07-17T07:56:27.025+0530] {dag.py:3239} INFO - Sync 1 DAGs
[2025-07-17T07:56:27.033+0530] {logging_mixin.py:190} INFO - [2025-07-17T07:56:27.032+0530] {dag.py:4180} INFO - Setting next_dagrun for example_short_circuit_decorator to None, run_after=None
[2025-07-17T07:56:27.044+0530] {processor.py:208} INFO - Processing /Users/parth/Desktop/Engine/venv/lib/python3.11/site-packages/airflow/example_dags/example_short_circuit_decorator.py took 0.110 seconds
[2025-07-17T07:58:21.523+0530] {processor.py:186} INFO - Started process (PID=38059) to work on /Users/parth/Desktop/Engine/venv/lib/python3.11/site-packages/airflow/example_dags/example_short_circuit_decorator.py
[2025-07-17T07:58:21.524+0530] {processor.py:914} INFO - Processing file /Users/parth/Desktop/Engine/venv/lib/python3.11/site-packages/airflow/example_dags/example_short_circuit_decorator.py for tasks to queue
[2025-07-17T07:58:21.525+0530] {logging_mixin.py:190} INFO - [2025-07-17T07:58:21.525+0530] {dagbag.py:588} INFO - Filling up the DagBag from /Users/parth/Desktop/Engine/venv/lib/python3.11/site-packages/airflow/example_dags/example_short_circuit_decorator.py
[2025-07-17T07:58:21.551+0530] {processor.py:925} INFO - DAG(s) 'example_short_circuit_decorator' retrieved from /Users/parth/Desktop/Engine/venv/lib/python3.11/site-packages/airflow/example_dags/example_short_circuit_decorator.py
[2025-07-17T07:58:21.613+0530] {logging_mixin.py:190} INFO - [2025-07-17T07:58:21.613+0530] {dag.py:3239} INFO - Sync 1 DAGs
[2025-07-17T07:58:21.620+0530] {logging_mixin.py:190} INFO - [2025-07-17T07:58:21.620+0530] {dag.py:4180} INFO - Setting next_dagrun for example_short_circuit_decorator to None, run_after=None
[2025-07-17T07:58:21.631+0530] {processor.py:208} INFO - Processing /Users/parth/Desktop/Engine/venv/lib/python3.11/site-packages/airflow/example_dags/example_short_circuit_decorator.py took 0.111 seconds
[2025-07-17T08:00:32.986+0530] {processor.py:186} INFO - Started process (PID=38916) to work on /Users/parth/Desktop/Engine/venv/lib/python3.11/site-packages/airflow/example_dags/example_short_circuit_decorator.py
[2025-07-17T08:00:32.987+0530] {processor.py:914} INFO - Processing file /Users/parth/Desktop/Engine/venv/lib/python3.11/site-packages/airflow/example_dags/example_short_circuit_decorator.py for tasks to queue
[2025-07-17T08:00:32.988+0530] {logging_mixin.py:190} INFO - [2025-07-17T08:00:32.988+0530] {dagbag.py:588} INFO - Filling up the DagBag from /Users/parth/Desktop/Engine/venv/lib/python3.11/site-packages/airflow/example_dags/example_short_circuit_decorator.py
[2025-07-17T08:00:33.021+0530] {processor.py:925} INFO - DAG(s) 'example_short_circuit_decorator' retrieved from /Users/parth/Desktop/Engine/venv/lib/python3.11/site-packages/airflow/example_dags/example_short_circuit_decorator.py
[2025-07-17T08:00:33.091+0530] {logging_mixin.py:190} INFO - [2025-07-17T08:00:33.091+0530] {dag.py:3239} INFO - Sync 1 DAGs
[2025-07-17T08:00:33.099+0530] {logging_mixin.py:190} INFO - [2025-07-17T08:00:33.099+0530] {dag.py:4180} INFO - Setting next_dagrun for example_short_circuit_decorator to None, run_after=None
[2025-07-17T08:00:33.111+0530] {processor.py:208} INFO - Processing /Users/parth/Desktop/Engine/venv/lib/python3.11/site-packages/airflow/example_dags/example_short_circuit_decorator.py took 0.127 seconds
[2025-07-17T08:02:45.370+0530] {processor.py:186} INFO - Started process (PID=39767) to work on /Users/parth/Desktop/Engine/venv/lib/python3.11/site-packages/airflow/example_dags/example_short_circuit_decorator.py
[2025-07-17T08:02:45.371+0530] {processor.py:914} INFO - Processing file /Users/parth/Desktop/Engine/venv/lib/python3.11/site-packages/airflow/example_dags/example_short_circuit_decorator.py for tasks to queue
[2025-07-17T08:02:45.371+0530] {logging_mixin.py:190} INFO - [2025-07-17T08:02:45.371+0530] {dagbag.py:588} INFO - Filling up the DagBag from /Users/parth/Desktop/Engine/venv/lib/python3.11/site-packages/airflow/example_dags/example_short_circuit_decorator.py
[2025-07-17T08:02:45.398+0530] {processor.py:925} INFO - DAG(s) 'example_short_circuit_decorator' retrieved from /Users/parth/Desktop/Engine/venv/lib/python3.11/site-packages/airflow/example_dags/example_short_circuit_decorator.py
[2025-07-17T08:02:45.462+0530] {logging_mixin.py:190} INFO - [2025-07-17T08:02:45.462+0530] {dag.py:3239} INFO - Sync 1 DAGs
[2025-07-17T08:02:45.469+0530] {logging_mixin.py:190} INFO - [2025-07-17T08:02:45.469+0530] {dag.py:4180} INFO - Setting next_dagrun for example_short_circuit_decorator to None, run_after=None
[2025-07-17T08:02:45.480+0530] {processor.py:208} INFO - Processing /Users/parth/Desktop/Engine/venv/lib/python3.11/site-packages/airflow/example_dags/example_short_circuit_decorator.py took 0.113 seconds
[2025-07-17T08:04:45.280+0530] {processor.py:186} INFO - Started process (PID=40560) to work on /Users/parth/Desktop/Engine/venv/lib/python3.11/site-packages/airflow/example_dags/example_short_circuit_decorator.py
[2025-07-17T08:04:45.281+0530] {processor.py:914} INFO - Processing file /Users/parth/Desktop/Engine/venv/lib/python3.11/site-packages/airflow/example_dags/example_short_circuit_decorator.py for tasks to queue
[2025-07-17T08:04:45.281+0530] {logging_mixin.py:190} INFO - [2025-07-17T08:04:45.281+0530] {dagbag.py:588} INFO - Filling up the DagBag from /Users/parth/Desktop/Engine/venv/lib/python3.11/site-packages/airflow/example_dags/example_short_circuit_decorator.py
[2025-07-17T08:04:45.308+0530] {processor.py:925} INFO - DAG(s) 'example_short_circuit_decorator' retrieved from /Users/parth/Desktop/Engine/venv/lib/python3.11/site-packages/airflow/example_dags/example_short_circuit_decorator.py
[2025-07-17T08:04:45.370+0530] {logging_mixin.py:190} INFO - [2025-07-17T08:04:45.370+0530] {dag.py:3239} INFO - Sync 1 DAGs
[2025-07-17T08:04:45.377+0530] {logging_mixin.py:190} INFO - [2025-07-17T08:04:45.377+0530] {dag.py:4180} INFO - Setting next_dagrun for example_short_circuit_decorator to None, run_after=None
[2025-07-17T08:04:45.388+0530] {processor.py:208} INFO - Processing /Users/parth/Desktop/Engine/venv/lib/python3.11/site-packages/airflow/example_dags/example_short_circuit_decorator.py took 0.111 seconds
[2025-07-17T08:06:58.654+0530] {processor.py:186} INFO - Started process (PID=41516) to work on /Users/parth/Desktop/Engine/venv/lib/python3.11/site-packages/airflow/example_dags/example_short_circuit_decorator.py
[2025-07-17T08:06:58.655+0530] {processor.py:914} INFO - Processing file /Users/parth/Desktop/Engine/venv/lib/python3.11/site-packages/airflow/example_dags/example_short_circuit_decorator.py for tasks to queue
[2025-07-17T08:06:58.656+0530] {logging_mixin.py:190} INFO - [2025-07-17T08:06:58.655+0530] {dagbag.py:588} INFO - Filling up the DagBag from /Users/parth/Desktop/Engine/venv/lib/python3.11/site-packages/airflow/example_dags/example_short_circuit_decorator.py
[2025-07-17T08:06:58.681+0530] {processor.py:925} INFO - DAG(s) 'example_short_circuit_decorator' retrieved from /Users/parth/Desktop/Engine/venv/lib/python3.11/site-packages/airflow/example_dags/example_short_circuit_decorator.py
[2025-07-17T08:06:58.743+0530] {logging_mixin.py:190} INFO - [2025-07-17T08:06:58.743+0530] {dag.py:3239} INFO - Sync 1 DAGs
[2025-07-17T08:06:58.750+0530] {logging_mixin.py:190} INFO - [2025-07-17T08:06:58.750+0530] {dag.py:4180} INFO - Setting next_dagrun for example_short_circuit_decorator to None, run_after=None
[2025-07-17T08:06:58.761+0530] {processor.py:208} INFO - Processing /Users/parth/Desktop/Engine/venv/lib/python3.11/site-packages/airflow/example_dags/example_short_circuit_decorator.py took 0.109 seconds
[2025-07-17T08:08:56.098+0530] {processor.py:186} INFO - Started process (PID=42272) to work on /Users/parth/Desktop/Engine/venv/lib/python3.11/site-packages/airflow/example_dags/example_short_circuit_decorator.py
[2025-07-17T08:08:56.099+0530] {processor.py:914} INFO - Processing file /Users/parth/Desktop/Engine/venv/lib/python3.11/site-packages/airflow/example_dags/example_short_circuit_decorator.py for tasks to queue
[2025-07-17T08:08:56.100+0530] {logging_mixin.py:190} INFO - [2025-07-17T08:08:56.100+0530] {dagbag.py:588} INFO - Filling up the DagBag from /Users/parth/Desktop/Engine/venv/lib/python3.11/site-packages/airflow/example_dags/example_short_circuit_decorator.py
[2025-07-17T08:08:56.126+0530] {processor.py:925} INFO - DAG(s) 'example_short_circuit_decorator' retrieved from /Users/parth/Desktop/Engine/venv/lib/python3.11/site-packages/airflow/example_dags/example_short_circuit_decorator.py
[2025-07-17T08:08:56.188+0530] {logging_mixin.py:190} INFO - [2025-07-17T08:08:56.188+0530] {dag.py:3239} INFO - Sync 1 DAGs
[2025-07-17T08:08:56.194+0530] {logging_mixin.py:190} INFO - [2025-07-17T08:08:56.194+0530] {dag.py:4180} INFO - Setting next_dagrun for example_short_circuit_decorator to None, run_after=None
[2025-07-17T08:08:56.205+0530] {processor.py:208} INFO - Processing /Users/parth/Desktop/Engine/venv/lib/python3.11/site-packages/airflow/example_dags/example_short_circuit_decorator.py took 0.109 seconds
[2025-07-17T08:11:04.371+0530] {processor.py:186} INFO - Started process (PID=43173) to work on /Users/parth/Desktop/Engine/venv/lib/python3.11/site-packages/airflow/example_dags/example_short_circuit_decorator.py
[2025-07-17T08:11:04.372+0530] {processor.py:914} INFO - Processing file /Users/parth/Desktop/Engine/venv/lib/python3.11/site-packages/airflow/example_dags/example_short_circuit_decorator.py for tasks to queue
[2025-07-17T08:11:04.373+0530] {logging_mixin.py:190} INFO - [2025-07-17T08:11:04.372+0530] {dagbag.py:588} INFO - Filling up the DagBag from /Users/parth/Desktop/Engine/venv/lib/python3.11/site-packages/airflow/example_dags/example_short_circuit_decorator.py
[2025-07-17T08:11:04.399+0530] {processor.py:925} INFO - DAG(s) 'example_short_circuit_decorator' retrieved from /Users/parth/Desktop/Engine/venv/lib/python3.11/site-packages/airflow/example_dags/example_short_circuit_decorator.py
[2025-07-17T08:11:04.461+0530] {logging_mixin.py:190} INFO - [2025-07-17T08:11:04.461+0530] {dag.py:3239} INFO - Sync 1 DAGs
[2025-07-17T08:11:04.468+0530] {logging_mixin.py:190} INFO - [2025-07-17T08:11:04.468+0530] {dag.py:4180} INFO - Setting next_dagrun for example_short_circuit_decorator to None, run_after=None
[2025-07-17T08:11:04.479+0530] {processor.py:208} INFO - Processing /Users/parth/Desktop/Engine/venv/lib/python3.11/site-packages/airflow/example_dags/example_short_circuit_decorator.py took 0.111 seconds
[2025-07-17T08:17:14.351+0530] {processor.py:186} INFO - Started process (PID=43919) to work on /Users/parth/Desktop/Engine/venv/lib/python3.11/site-packages/airflow/example_dags/example_short_circuit_decorator.py
[2025-07-17T08:17:14.352+0530] {processor.py:914} INFO - Processing file /Users/parth/Desktop/Engine/venv/lib/python3.11/site-packages/airflow/example_dags/example_short_circuit_decorator.py for tasks to queue
[2025-07-17T08:17:14.352+0530] {logging_mixin.py:190} INFO - [2025-07-17T08:17:14.352+0530] {dagbag.py:588} INFO - Filling up the DagBag from /Users/parth/Desktop/Engine/venv/lib/python3.11/site-packages/airflow/example_dags/example_short_circuit_decorator.py
[2025-07-17T08:17:14.378+0530] {processor.py:925} INFO - DAG(s) 'example_short_circuit_decorator' retrieved from /Users/parth/Desktop/Engine/venv/lib/python3.11/site-packages/airflow/example_dags/example_short_circuit_decorator.py
[2025-07-17T08:17:14.439+0530] {logging_mixin.py:190} INFO - [2025-07-17T08:17:14.439+0530] {dag.py:3239} INFO - Sync 1 DAGs
[2025-07-17T08:17:14.445+0530] {logging_mixin.py:190} INFO - [2025-07-17T08:17:14.445+0530] {dag.py:4180} INFO - Setting next_dagrun for example_short_circuit_decorator to None, run_after=None
[2025-07-17T08:17:14.456+0530] {processor.py:208} INFO - Processing /Users/parth/Desktop/Engine/venv/lib/python3.11/site-packages/airflow/example_dags/example_short_circuit_decorator.py took 0.108 seconds
[2025-07-17T08:19:24.209+0530] {processor.py:186} INFO - Started process (PID=44647) to work on /Users/parth/Desktop/Engine/venv/lib/python3.11/site-packages/airflow/example_dags/example_short_circuit_decorator.py
[2025-07-17T08:19:24.209+0530] {processor.py:914} INFO - Processing file /Users/parth/Desktop/Engine/venv/lib/python3.11/site-packages/airflow/example_dags/example_short_circuit_decorator.py for tasks to queue
[2025-07-17T08:19:24.210+0530] {logging_mixin.py:190} INFO - [2025-07-17T08:19:24.210+0530] {dagbag.py:588} INFO - Filling up the DagBag from /Users/parth/Desktop/Engine/venv/lib/python3.11/site-packages/airflow/example_dags/example_short_circuit_decorator.py
[2025-07-17T08:19:24.238+0530] {processor.py:925} INFO - DAG(s) 'example_short_circuit_decorator' retrieved from /Users/parth/Desktop/Engine/venv/lib/python3.11/site-packages/airflow/example_dags/example_short_circuit_decorator.py
[2025-07-17T08:19:24.299+0530] {logging_mixin.py:190} INFO - [2025-07-17T08:19:24.299+0530] {dag.py:3239} INFO - Sync 1 DAGs
[2025-07-17T08:19:24.305+0530] {logging_mixin.py:190} INFO - [2025-07-17T08:19:24.305+0530] {dag.py:4180} INFO - Setting next_dagrun for example_short_circuit_decorator to None, run_after=None
[2025-07-17T08:19:24.317+0530] {processor.py:208} INFO - Processing /Users/parth/Desktop/Engine/venv/lib/python3.11/site-packages/airflow/example_dags/example_short_circuit_decorator.py took 0.111 seconds
[2025-07-17T08:21:07.627+0530] {processor.py:186} INFO - Started process (PID=45324) to work on /Users/parth/Desktop/Engine/venv/lib/python3.11/site-packages/airflow/example_dags/example_short_circuit_decorator.py
[2025-07-17T08:21:07.628+0530] {processor.py:914} INFO - Processing file /Users/parth/Desktop/Engine/venv/lib/python3.11/site-packages/airflow/example_dags/example_short_circuit_decorator.py for tasks to queue
[2025-07-17T08:21:07.629+0530] {logging_mixin.py:190} INFO - [2025-07-17T08:21:07.629+0530] {dagbag.py:588} INFO - Filling up the DagBag from /Users/parth/Desktop/Engine/venv/lib/python3.11/site-packages/airflow/example_dags/example_short_circuit_decorator.py
[2025-07-17T08:21:07.667+0530] {processor.py:925} INFO - DAG(s) 'example_short_circuit_decorator' retrieved from /Users/parth/Desktop/Engine/venv/lib/python3.11/site-packages/airflow/example_dags/example_short_circuit_decorator.py
[2025-07-17T08:21:07.737+0530] {logging_mixin.py:190} INFO - [2025-07-17T08:21:07.737+0530] {dag.py:3239} INFO - Sync 1 DAGs
[2025-07-17T08:21:07.744+0530] {logging_mixin.py:190} INFO - [2025-07-17T08:21:07.744+0530] {dag.py:4180} INFO - Setting next_dagrun for example_short_circuit_decorator to None, run_after=None
[2025-07-17T08:21:07.755+0530] {processor.py:208} INFO - Processing /Users/parth/Desktop/Engine/venv/lib/python3.11/site-packages/airflow/example_dags/example_short_circuit_decorator.py took 0.131 seconds
[2025-07-17T08:22:53.116+0530] {processor.py:186} INFO - Started process (PID=46017) to work on /Users/parth/Desktop/Engine/venv/lib/python3.11/site-packages/airflow/example_dags/example_short_circuit_decorator.py
[2025-07-17T08:22:53.117+0530] {processor.py:914} INFO - Processing file /Users/parth/Desktop/Engine/venv/lib/python3.11/site-packages/airflow/example_dags/example_short_circuit_decorator.py for tasks to queue
[2025-07-17T08:22:53.117+0530] {logging_mixin.py:190} INFO - [2025-07-17T08:22:53.117+0530] {dagbag.py:588} INFO - Filling up the DagBag from /Users/parth/Desktop/Engine/venv/lib/python3.11/site-packages/airflow/example_dags/example_short_circuit_decorator.py
[2025-07-17T08:22:53.143+0530] {processor.py:925} INFO - DAG(s) 'example_short_circuit_decorator' retrieved from /Users/parth/Desktop/Engine/venv/lib/python3.11/site-packages/airflow/example_dags/example_short_circuit_decorator.py
[2025-07-17T08:22:53.204+0530] {logging_mixin.py:190} INFO - [2025-07-17T08:22:53.204+0530] {dag.py:3239} INFO - Sync 1 DAGs
[2025-07-17T08:22:53.211+0530] {logging_mixin.py:190} INFO - [2025-07-17T08:22:53.210+0530] {dag.py:4180} INFO - Setting next_dagrun for example_short_circuit_decorator to None, run_after=None
[2025-07-17T08:22:53.221+0530] {processor.py:208} INFO - Processing /Users/parth/Desktop/Engine/venv/lib/python3.11/site-packages/airflow/example_dags/example_short_circuit_decorator.py took 0.108 seconds
[2025-07-17T08:24:40.510+0530] {processor.py:186} INFO - Started process (PID=46722) to work on /Users/parth/Desktop/Engine/venv/lib/python3.11/site-packages/airflow/example_dags/example_short_circuit_decorator.py
[2025-07-17T08:24:40.511+0530] {processor.py:914} INFO - Processing file /Users/parth/Desktop/Engine/venv/lib/python3.11/site-packages/airflow/example_dags/example_short_circuit_decorator.py for tasks to queue
[2025-07-17T08:24:40.511+0530] {logging_mixin.py:190} INFO - [2025-07-17T08:24:40.511+0530] {dagbag.py:588} INFO - Filling up the DagBag from /Users/parth/Desktop/Engine/venv/lib/python3.11/site-packages/airflow/example_dags/example_short_circuit_decorator.py
[2025-07-17T08:24:40.537+0530] {processor.py:925} INFO - DAG(s) 'example_short_circuit_decorator' retrieved from /Users/parth/Desktop/Engine/venv/lib/python3.11/site-packages/airflow/example_dags/example_short_circuit_decorator.py
[2025-07-17T08:24:40.599+0530] {logging_mixin.py:190} INFO - [2025-07-17T08:24:40.598+0530] {dag.py:3239} INFO - Sync 1 DAGs
[2025-07-17T08:24:40.605+0530] {logging_mixin.py:190} INFO - [2025-07-17T08:24:40.605+0530] {dag.py:4180} INFO - Setting next_dagrun for example_short_circuit_decorator to None, run_after=None
[2025-07-17T08:24:40.616+0530] {processor.py:208} INFO - Processing /Users/parth/Desktop/Engine/venv/lib/python3.11/site-packages/airflow/example_dags/example_short_circuit_decorator.py took 0.108 seconds
[2025-07-17T08:26:24.944+0530] {processor.py:186} INFO - Started process (PID=47449) to work on /Users/parth/Desktop/Engine/venv/lib/python3.11/site-packages/airflow/example_dags/example_short_circuit_decorator.py
[2025-07-17T08:26:24.944+0530] {processor.py:914} INFO - Processing file /Users/parth/Desktop/Engine/venv/lib/python3.11/site-packages/airflow/example_dags/example_short_circuit_decorator.py for tasks to queue
[2025-07-17T08:26:24.945+0530] {logging_mixin.py:190} INFO - [2025-07-17T08:26:24.945+0530] {dagbag.py:588} INFO - Filling up the DagBag from /Users/parth/Desktop/Engine/venv/lib/python3.11/site-packages/airflow/example_dags/example_short_circuit_decorator.py
[2025-07-17T08:26:24.971+0530] {processor.py:925} INFO - DAG(s) 'example_short_circuit_decorator' retrieved from /Users/parth/Desktop/Engine/venv/lib/python3.11/site-packages/airflow/example_dags/example_short_circuit_decorator.py
[2025-07-17T08:26:25.033+0530] {logging_mixin.py:190} INFO - [2025-07-17T08:26:25.032+0530] {dag.py:3239} INFO - Sync 1 DAGs
[2025-07-17T08:26:25.039+0530] {logging_mixin.py:190} INFO - [2025-07-17T08:26:25.039+0530] {dag.py:4180} INFO - Setting next_dagrun for example_short_circuit_decorator to None, run_after=None
[2025-07-17T08:26:25.050+0530] {processor.py:208} INFO - Processing /Users/parth/Desktop/Engine/venv/lib/python3.11/site-packages/airflow/example_dags/example_short_circuit_decorator.py took 0.108 seconds
[2025-07-17T08:28:24.030+0530] {processor.py:186} INFO - Started process (PID=48298) to work on /Users/parth/Desktop/Engine/venv/lib/python3.11/site-packages/airflow/example_dags/example_short_circuit_decorator.py
[2025-07-17T08:28:24.030+0530] {processor.py:914} INFO - Processing file /Users/parth/Desktop/Engine/venv/lib/python3.11/site-packages/airflow/example_dags/example_short_circuit_decorator.py for tasks to queue
[2025-07-17T08:28:24.031+0530] {logging_mixin.py:190} INFO - [2025-07-17T08:28:24.031+0530] {dagbag.py:588} INFO - Filling up the DagBag from /Users/parth/Desktop/Engine/venv/lib/python3.11/site-packages/airflow/example_dags/example_short_circuit_decorator.py
[2025-07-17T08:28:24.061+0530] {processor.py:925} INFO - DAG(s) 'example_short_circuit_decorator' retrieved from /Users/parth/Desktop/Engine/venv/lib/python3.11/site-packages/airflow/example_dags/example_short_circuit_decorator.py
[2025-07-17T08:28:24.122+0530] {logging_mixin.py:190} INFO - [2025-07-17T08:28:24.122+0530] {dag.py:3239} INFO - Sync 1 DAGs
[2025-07-17T08:28:24.128+0530] {logging_mixin.py:190} INFO - [2025-07-17T08:28:24.128+0530] {dag.py:4180} INFO - Setting next_dagrun for example_short_circuit_decorator to None, run_after=None
[2025-07-17T08:28:24.139+0530] {processor.py:208} INFO - Processing /Users/parth/Desktop/Engine/venv/lib/python3.11/site-packages/airflow/example_dags/example_short_circuit_decorator.py took 0.112 seconds
[2025-07-17T08:30:11.311+0530] {processor.py:186} INFO - Started process (PID=49043) to work on /Users/parth/Desktop/Engine/venv/lib/python3.11/site-packages/airflow/example_dags/example_short_circuit_decorator.py
[2025-07-17T08:30:11.312+0530] {processor.py:914} INFO - Processing file /Users/parth/Desktop/Engine/venv/lib/python3.11/site-packages/airflow/example_dags/example_short_circuit_decorator.py for tasks to queue
[2025-07-17T08:30:11.312+0530] {logging_mixin.py:190} INFO - [2025-07-17T08:30:11.312+0530] {dagbag.py:588} INFO - Filling up the DagBag from /Users/parth/Desktop/Engine/venv/lib/python3.11/site-packages/airflow/example_dags/example_short_circuit_decorator.py
[2025-07-17T08:30:11.339+0530] {processor.py:925} INFO - DAG(s) 'example_short_circuit_decorator' retrieved from /Users/parth/Desktop/Engine/venv/lib/python3.11/site-packages/airflow/example_dags/example_short_circuit_decorator.py
[2025-07-17T08:30:11.402+0530] {logging_mixin.py:190} INFO - [2025-07-17T08:30:11.402+0530] {dag.py:3239} INFO - Sync 1 DAGs
[2025-07-17T08:30:11.408+0530] {logging_mixin.py:190} INFO - [2025-07-17T08:30:11.408+0530] {dag.py:4180} INFO - Setting next_dagrun for example_short_circuit_decorator to None, run_after=None
[2025-07-17T08:30:11.420+0530] {processor.py:208} INFO - Processing /Users/parth/Desktop/Engine/venv/lib/python3.11/site-packages/airflow/example_dags/example_short_circuit_decorator.py took 0.111 seconds
[2025-07-17T08:36:23.541+0530] {processor.py:186} INFO - Started process (PID=49795) to work on /Users/parth/Desktop/Engine/venv/lib/python3.11/site-packages/airflow/example_dags/example_short_circuit_decorator.py
[2025-07-17T08:36:23.543+0530] {processor.py:914} INFO - Processing file /Users/parth/Desktop/Engine/venv/lib/python3.11/site-packages/airflow/example_dags/example_short_circuit_decorator.py for tasks to queue
[2025-07-17T08:36:23.544+0530] {logging_mixin.py:190} INFO - [2025-07-17T08:36:23.543+0530] {dagbag.py:588} INFO - Filling up the DagBag from /Users/parth/Desktop/Engine/venv/lib/python3.11/site-packages/airflow/example_dags/example_short_circuit_decorator.py
[2025-07-17T08:36:23.570+0530] {processor.py:925} INFO - DAG(s) 'example_short_circuit_decorator' retrieved from /Users/parth/Desktop/Engine/venv/lib/python3.11/site-packages/airflow/example_dags/example_short_circuit_decorator.py
[2025-07-17T08:36:23.631+0530] {logging_mixin.py:190} INFO - [2025-07-17T08:36:23.631+0530] {dag.py:3239} INFO - Sync 1 DAGs
[2025-07-17T08:36:23.637+0530] {logging_mixin.py:190} INFO - [2025-07-17T08:36:23.637+0530] {dag.py:4180} INFO - Setting next_dagrun for example_short_circuit_decorator to None, run_after=None
[2025-07-17T08:36:23.648+0530] {processor.py:208} INFO - Processing /Users/parth/Desktop/Engine/venv/lib/python3.11/site-packages/airflow/example_dags/example_short_circuit_decorator.py took 0.109 seconds
[2025-07-17T08:38:10.008+0530] {processor.py:186} INFO - Started process (PID=50487) to work on /Users/parth/Desktop/Engine/venv/lib/python3.11/site-packages/airflow/example_dags/example_short_circuit_decorator.py
[2025-07-17T08:38:10.009+0530] {processor.py:914} INFO - Processing file /Users/parth/Desktop/Engine/venv/lib/python3.11/site-packages/airflow/example_dags/example_short_circuit_decorator.py for tasks to queue
[2025-07-17T08:38:10.010+0530] {logging_mixin.py:190} INFO - [2025-07-17T08:38:10.009+0530] {dagbag.py:588} INFO - Filling up the DagBag from /Users/parth/Desktop/Engine/venv/lib/python3.11/site-packages/airflow/example_dags/example_short_circuit_decorator.py
[2025-07-17T08:38:10.035+0530] {processor.py:925} INFO - DAG(s) 'example_short_circuit_decorator' retrieved from /Users/parth/Desktop/Engine/venv/lib/python3.11/site-packages/airflow/example_dags/example_short_circuit_decorator.py
[2025-07-17T08:38:10.097+0530] {logging_mixin.py:190} INFO - [2025-07-17T08:38:10.097+0530] {dag.py:3239} INFO - Sync 1 DAGs
[2025-07-17T08:38:10.103+0530] {logging_mixin.py:190} INFO - [2025-07-17T08:38:10.103+0530] {dag.py:4180} INFO - Setting next_dagrun for example_short_circuit_decorator to None, run_after=None
[2025-07-17T08:38:10.114+0530] {processor.py:208} INFO - Processing /Users/parth/Desktop/Engine/venv/lib/python3.11/site-packages/airflow/example_dags/example_short_circuit_decorator.py took 0.109 seconds
[2025-07-17T08:39:55.316+0530] {processor.py:186} INFO - Started process (PID=51175) to work on /Users/parth/Desktop/Engine/venv/lib/python3.11/site-packages/airflow/example_dags/example_short_circuit_decorator.py
[2025-07-17T08:39:55.317+0530] {processor.py:914} INFO - Processing file /Users/parth/Desktop/Engine/venv/lib/python3.11/site-packages/airflow/example_dags/example_short_circuit_decorator.py for tasks to queue
[2025-07-17T08:39:55.318+0530] {logging_mixin.py:190} INFO - [2025-07-17T08:39:55.318+0530] {dagbag.py:588} INFO - Filling up the DagBag from /Users/parth/Desktop/Engine/venv/lib/python3.11/site-packages/airflow/example_dags/example_short_circuit_decorator.py
[2025-07-17T08:39:55.343+0530] {processor.py:925} INFO - DAG(s) 'example_short_circuit_decorator' retrieved from /Users/parth/Desktop/Engine/venv/lib/python3.11/site-packages/airflow/example_dags/example_short_circuit_decorator.py
[2025-07-17T08:39:55.405+0530] {logging_mixin.py:190} INFO - [2025-07-17T08:39:55.405+0530] {dag.py:3239} INFO - Sync 1 DAGs
[2025-07-17T08:39:55.411+0530] {logging_mixin.py:190} INFO - [2025-07-17T08:39:55.411+0530] {dag.py:4180} INFO - Setting next_dagrun for example_short_circuit_decorator to None, run_after=None
[2025-07-17T08:39:55.422+0530] {processor.py:208} INFO - Processing /Users/parth/Desktop/Engine/venv/lib/python3.11/site-packages/airflow/example_dags/example_short_circuit_decorator.py took 0.109 seconds
[2025-07-17T08:42:54.302+0530] {processor.py:186} INFO - Started process (PID=51918) to work on /Users/parth/Desktop/Engine/venv/lib/python3.11/site-packages/airflow/example_dags/example_short_circuit_decorator.py
[2025-07-17T08:42:54.303+0530] {processor.py:914} INFO - Processing file /Users/parth/Desktop/Engine/venv/lib/python3.11/site-packages/airflow/example_dags/example_short_circuit_decorator.py for tasks to queue
[2025-07-17T08:42:54.303+0530] {logging_mixin.py:190} INFO - [2025-07-17T08:42:54.303+0530] {dagbag.py:588} INFO - Filling up the DagBag from /Users/parth/Desktop/Engine/venv/lib/python3.11/site-packages/airflow/example_dags/example_short_circuit_decorator.py
[2025-07-17T08:42:54.329+0530] {processor.py:925} INFO - DAG(s) 'example_short_circuit_decorator' retrieved from /Users/parth/Desktop/Engine/venv/lib/python3.11/site-packages/airflow/example_dags/example_short_circuit_decorator.py
[2025-07-17T08:42:54.391+0530] {logging_mixin.py:190} INFO - [2025-07-17T08:42:54.391+0530] {dag.py:3239} INFO - Sync 1 DAGs
[2025-07-17T08:42:54.397+0530] {logging_mixin.py:190} INFO - [2025-07-17T08:42:54.397+0530] {dag.py:4180} INFO - Setting next_dagrun for example_short_circuit_decorator to None, run_after=None
[2025-07-17T08:42:54.408+0530] {processor.py:208} INFO - Processing /Users/parth/Desktop/Engine/venv/lib/python3.11/site-packages/airflow/example_dags/example_short_circuit_decorator.py took 0.109 seconds
