[2025-07-17T07:23:27.708+0530] {processor.py:186} INFO - Started process (PID=23983) to work on /Users/parth/Desktop/Engine/venv/lib/python3.11/site-packages/airflow/example_dags/example_dataset_alias_with_no_taskflow.py
[2025-07-17T07:23:27.709+0530] {processor.py:914} INFO - Processing file /Users/parth/Desktop/Engine/venv/lib/python3.11/site-packages/airflow/example_dags/example_dataset_alias_with_no_taskflow.py for tasks to queue
[2025-07-17T07:23:27.709+0530] {logging_mixin.py:190} INFO - [2025-07-17T07:23:27.709+0530] {dagbag.py:588} INFO - Filling up the DagBag from /Users/parth/Desktop/Engine/venv/lib/python3.11/site-packages/airflow/example_dags/example_dataset_alias_with_no_taskflow.py
[2025-07-17T07:23:27.813+0530] {processor.py:925} INFO - DAG(s) 'dataset_s3_bucket_producer_with_no_taskflow', 'dataset_s3_bucket_consumer_with_no_taskflow', 'dataset_alias_example_alias_producer_with_no_taskflow', 'dataset_alias_example_alias_consumer_with_no_taskflow' retrieved from /Users/parth/Desktop/Engine/venv/lib/python3.11/site-packages/airflow/example_dags/example_dataset_alias_with_no_taskflow.py
[2025-07-17T07:23:27.828+0530] {logging_mixin.py:190} INFO - [2025-07-17T07:23:27.828+0530] {dag.py:3239} INFO - Sync 4 DAGs
[2025-07-17T07:23:27.839+0530] {logging_mixin.py:190} INFO - [2025-07-17T07:23:27.839+0530] {dag.py:4180} INFO - Setting next_dagrun for dataset_alias_example_alias_consumer_with_no_taskflow to None, run_after=None
[2025-07-17T07:23:27.840+0530] {logging_mixin.py:190} INFO - [2025-07-17T07:23:27.840+0530] {dag.py:4180} INFO - Setting next_dagrun for dataset_alias_example_alias_producer_with_no_taskflow to None, run_after=None
[2025-07-17T07:23:27.841+0530] {logging_mixin.py:190} INFO - [2025-07-17T07:23:27.840+0530] {dag.py:4180} INFO - Setting next_dagrun for dataset_s3_bucket_consumer_with_no_taskflow to None, run_after=None
[2025-07-17T07:23:27.841+0530] {logging_mixin.py:190} INFO - [2025-07-17T07:23:27.841+0530] {dag.py:4180} INFO - Setting next_dagrun for dataset_s3_bucket_producer_with_no_taskflow to None, run_after=None
[2025-07-17T07:23:27.855+0530] {processor.py:208} INFO - Processing /Users/parth/Desktop/Engine/venv/lib/python3.11/site-packages/airflow/example_dags/example_dataset_alias_with_no_taskflow.py took 0.150 seconds
[2025-07-17T07:27:17.053+0530] {processor.py:186} INFO - Started process (PID=25469) to work on /Users/parth/Desktop/Engine/venv/lib/python3.11/site-packages/airflow/example_dags/example_dataset_alias_with_no_taskflow.py
[2025-07-17T07:27:17.054+0530] {processor.py:914} INFO - Processing file /Users/parth/Desktop/Engine/venv/lib/python3.11/site-packages/airflow/example_dags/example_dataset_alias_with_no_taskflow.py for tasks to queue
[2025-07-17T07:27:17.055+0530] {logging_mixin.py:190} INFO - [2025-07-17T07:27:17.055+0530] {dagbag.py:588} INFO - Filling up the DagBag from /Users/parth/Desktop/Engine/venv/lib/python3.11/site-packages/airflow/example_dags/example_dataset_alias_with_no_taskflow.py
[2025-07-17T07:27:17.163+0530] {processor.py:925} INFO - DAG(s) 'dataset_s3_bucket_consumer_with_no_taskflow', 'dataset_alias_example_alias_consumer_with_no_taskflow', 'dataset_alias_example_alias_producer_with_no_taskflow', 'dataset_s3_bucket_producer_with_no_taskflow' retrieved from /Users/parth/Desktop/Engine/venv/lib/python3.11/site-packages/airflow/example_dags/example_dataset_alias_with_no_taskflow.py
[2025-07-17T07:27:17.177+0530] {logging_mixin.py:190} INFO - [2025-07-17T07:27:17.177+0530] {dag.py:3239} INFO - Sync 4 DAGs
[2025-07-17T07:27:17.188+0530] {logging_mixin.py:190} INFO - [2025-07-17T07:27:17.188+0530] {dag.py:4180} INFO - Setting next_dagrun for dataset_alias_example_alias_consumer_with_no_taskflow to None, run_after=None
[2025-07-17T07:27:17.189+0530] {logging_mixin.py:190} INFO - [2025-07-17T07:27:17.189+0530] {dag.py:4180} INFO - Setting next_dagrun for dataset_alias_example_alias_producer_with_no_taskflow to None, run_after=None
[2025-07-17T07:27:17.190+0530] {logging_mixin.py:190} INFO - [2025-07-17T07:27:17.190+0530] {dag.py:4180} INFO - Setting next_dagrun for dataset_s3_bucket_consumer_with_no_taskflow to None, run_after=None
[2025-07-17T07:27:17.190+0530] {logging_mixin.py:190} INFO - [2025-07-17T07:27:17.190+0530] {dag.py:4180} INFO - Setting next_dagrun for dataset_s3_bucket_producer_with_no_taskflow to None, run_after=None
[2025-07-17T07:27:17.203+0530] {processor.py:208} INFO - Processing /Users/parth/Desktop/Engine/venv/lib/python3.11/site-packages/airflow/example_dags/example_dataset_alias_with_no_taskflow.py took 0.152 seconds
[2025-07-17T07:30:45.405+0530] {processor.py:186} INFO - Started process (PID=26814) to work on /Users/parth/Desktop/Engine/venv/lib/python3.11/site-packages/airflow/example_dags/example_dataset_alias_with_no_taskflow.py
[2025-07-17T07:30:45.406+0530] {processor.py:914} INFO - Processing file /Users/parth/Desktop/Engine/venv/lib/python3.11/site-packages/airflow/example_dags/example_dataset_alias_with_no_taskflow.py for tasks to queue
[2025-07-17T07:30:45.407+0530] {logging_mixin.py:190} INFO - [2025-07-17T07:30:45.406+0530] {dagbag.py:588} INFO - Filling up the DagBag from /Users/parth/Desktop/Engine/venv/lib/python3.11/site-packages/airflow/example_dags/example_dataset_alias_with_no_taskflow.py
[2025-07-17T07:30:45.511+0530] {processor.py:925} INFO - DAG(s) 'dataset_s3_bucket_consumer_with_no_taskflow', 'dataset_alias_example_alias_producer_with_no_taskflow', 'dataset_alias_example_alias_consumer_with_no_taskflow', 'dataset_s3_bucket_producer_with_no_taskflow' retrieved from /Users/parth/Desktop/Engine/venv/lib/python3.11/site-packages/airflow/example_dags/example_dataset_alias_with_no_taskflow.py
[2025-07-17T07:30:45.528+0530] {logging_mixin.py:190} INFO - [2025-07-17T07:30:45.528+0530] {dag.py:3239} INFO - Sync 4 DAGs
[2025-07-17T07:30:45.539+0530] {logging_mixin.py:190} INFO - [2025-07-17T07:30:45.539+0530] {dag.py:4180} INFO - Setting next_dagrun for dataset_alias_example_alias_consumer_with_no_taskflow to None, run_after=None
[2025-07-17T07:30:45.540+0530] {logging_mixin.py:190} INFO - [2025-07-17T07:30:45.540+0530] {dag.py:4180} INFO - Setting next_dagrun for dataset_alias_example_alias_producer_with_no_taskflow to None, run_after=None
[2025-07-17T07:30:45.541+0530] {logging_mixin.py:190} INFO - [2025-07-17T07:30:45.541+0530] {dag.py:4180} INFO - Setting next_dagrun for dataset_s3_bucket_consumer_with_no_taskflow to None, run_after=None
[2025-07-17T07:30:45.542+0530] {logging_mixin.py:190} INFO - [2025-07-17T07:30:45.541+0530] {dag.py:4180} INFO - Setting next_dagrun for dataset_s3_bucket_producer_with_no_taskflow to None, run_after=None
[2025-07-17T07:30:45.555+0530] {processor.py:208} INFO - Processing /Users/parth/Desktop/Engine/venv/lib/python3.11/site-packages/airflow/example_dags/example_dataset_alias_with_no_taskflow.py took 0.152 seconds
[2025-07-17T07:34:17.041+0530] {processor.py:186} INFO - Started process (PID=28202) to work on /Users/parth/Desktop/Engine/venv/lib/python3.11/site-packages/airflow/example_dags/example_dataset_alias_with_no_taskflow.py
[2025-07-17T07:34:17.042+0530] {processor.py:914} INFO - Processing file /Users/parth/Desktop/Engine/venv/lib/python3.11/site-packages/airflow/example_dags/example_dataset_alias_with_no_taskflow.py for tasks to queue
[2025-07-17T07:34:17.043+0530] {logging_mixin.py:190} INFO - [2025-07-17T07:34:17.042+0530] {dagbag.py:588} INFO - Filling up the DagBag from /Users/parth/Desktop/Engine/venv/lib/python3.11/site-packages/airflow/example_dags/example_dataset_alias_with_no_taskflow.py
[2025-07-17T07:34:17.148+0530] {processor.py:925} INFO - DAG(s) 'dataset_s3_bucket_consumer_with_no_taskflow', 'dataset_s3_bucket_producer_with_no_taskflow', 'dataset_alias_example_alias_producer_with_no_taskflow', 'dataset_alias_example_alias_consumer_with_no_taskflow' retrieved from /Users/parth/Desktop/Engine/venv/lib/python3.11/site-packages/airflow/example_dags/example_dataset_alias_with_no_taskflow.py
[2025-07-17T07:34:17.162+0530] {logging_mixin.py:190} INFO - [2025-07-17T07:34:17.161+0530] {dag.py:3239} INFO - Sync 4 DAGs
[2025-07-17T07:34:17.172+0530] {logging_mixin.py:190} INFO - [2025-07-17T07:34:17.172+0530] {dag.py:4180} INFO - Setting next_dagrun for dataset_alias_example_alias_consumer_with_no_taskflow to None, run_after=None
[2025-07-17T07:34:17.173+0530] {logging_mixin.py:190} INFO - [2025-07-17T07:34:17.173+0530] {dag.py:4180} INFO - Setting next_dagrun for dataset_alias_example_alias_producer_with_no_taskflow to None, run_after=None
[2025-07-17T07:34:17.174+0530] {logging_mixin.py:190} INFO - [2025-07-17T07:34:17.174+0530] {dag.py:4180} INFO - Setting next_dagrun for dataset_s3_bucket_consumer_with_no_taskflow to None, run_after=None
[2025-07-17T07:34:17.174+0530] {logging_mixin.py:190} INFO - [2025-07-17T07:34:17.174+0530] {dag.py:4180} INFO - Setting next_dagrun for dataset_s3_bucket_producer_with_no_taskflow to None, run_after=None
[2025-07-17T07:34:17.187+0530] {processor.py:208} INFO - Processing /Users/parth/Desktop/Engine/venv/lib/python3.11/site-packages/airflow/example_dags/example_dataset_alias_with_no_taskflow.py took 0.148 seconds
[2025-07-17T07:38:05.474+0530] {processor.py:186} INFO - Started process (PID=29700) to work on /Users/parth/Desktop/Engine/venv/lib/python3.11/site-packages/airflow/example_dags/example_dataset_alias_with_no_taskflow.py
[2025-07-17T07:38:05.475+0530] {processor.py:914} INFO - Processing file /Users/parth/Desktop/Engine/venv/lib/python3.11/site-packages/airflow/example_dags/example_dataset_alias_with_no_taskflow.py for tasks to queue
[2025-07-17T07:38:05.476+0530] {logging_mixin.py:190} INFO - [2025-07-17T07:38:05.476+0530] {dagbag.py:588} INFO - Filling up the DagBag from /Users/parth/Desktop/Engine/venv/lib/python3.11/site-packages/airflow/example_dags/example_dataset_alias_with_no_taskflow.py
[2025-07-17T07:38:05.583+0530] {processor.py:925} INFO - DAG(s) 'dataset_s3_bucket_consumer_with_no_taskflow', 'dataset_alias_example_alias_producer_with_no_taskflow', 'dataset_alias_example_alias_consumer_with_no_taskflow', 'dataset_s3_bucket_producer_with_no_taskflow' retrieved from /Users/parth/Desktop/Engine/venv/lib/python3.11/site-packages/airflow/example_dags/example_dataset_alias_with_no_taskflow.py
[2025-07-17T07:38:05.597+0530] {logging_mixin.py:190} INFO - [2025-07-17T07:38:05.597+0530] {dag.py:3239} INFO - Sync 4 DAGs
[2025-07-17T07:38:05.608+0530] {logging_mixin.py:190} INFO - [2025-07-17T07:38:05.607+0530] {dag.py:4180} INFO - Setting next_dagrun for dataset_alias_example_alias_consumer_with_no_taskflow to None, run_after=None
[2025-07-17T07:38:05.609+0530] {logging_mixin.py:190} INFO - [2025-07-17T07:38:05.609+0530] {dag.py:4180} INFO - Setting next_dagrun for dataset_alias_example_alias_producer_with_no_taskflow to None, run_after=None
[2025-07-17T07:38:05.610+0530] {logging_mixin.py:190} INFO - [2025-07-17T07:38:05.610+0530] {dag.py:4180} INFO - Setting next_dagrun for dataset_s3_bucket_consumer_with_no_taskflow to None, run_after=None
[2025-07-17T07:38:05.610+0530] {logging_mixin.py:190} INFO - [2025-07-17T07:38:05.610+0530] {dag.py:4180} INFO - Setting next_dagrun for dataset_s3_bucket_producer_with_no_taskflow to None, run_after=None
[2025-07-17T07:38:05.623+0530] {processor.py:208} INFO - Processing /Users/parth/Desktop/Engine/venv/lib/python3.11/site-packages/airflow/example_dags/example_dataset_alias_with_no_taskflow.py took 0.151 seconds
[2025-07-17T07:42:00.348+0530] {processor.py:186} INFO - Started process (PID=31233) to work on /Users/parth/Desktop/Engine/venv/lib/python3.11/site-packages/airflow/example_dags/example_dataset_alias_with_no_taskflow.py
[2025-07-17T07:42:00.349+0530] {processor.py:914} INFO - Processing file /Users/parth/Desktop/Engine/venv/lib/python3.11/site-packages/airflow/example_dags/example_dataset_alias_with_no_taskflow.py for tasks to queue
[2025-07-17T07:42:00.349+0530] {logging_mixin.py:190} INFO - [2025-07-17T07:42:00.349+0530] {dagbag.py:588} INFO - Filling up the DagBag from /Users/parth/Desktop/Engine/venv/lib/python3.11/site-packages/airflow/example_dags/example_dataset_alias_with_no_taskflow.py
[2025-07-17T07:42:00.455+0530] {processor.py:925} INFO - DAG(s) 'dataset_alias_example_alias_producer_with_no_taskflow', 'dataset_alias_example_alias_consumer_with_no_taskflow', 'dataset_s3_bucket_consumer_with_no_taskflow', 'dataset_s3_bucket_producer_with_no_taskflow' retrieved from /Users/parth/Desktop/Engine/venv/lib/python3.11/site-packages/airflow/example_dags/example_dataset_alias_with_no_taskflow.py
[2025-07-17T07:42:00.468+0530] {logging_mixin.py:190} INFO - [2025-07-17T07:42:00.468+0530] {dag.py:3239} INFO - Sync 4 DAGs
[2025-07-17T07:42:00.479+0530] {logging_mixin.py:190} INFO - [2025-07-17T07:42:00.478+0530] {dag.py:4180} INFO - Setting next_dagrun for dataset_alias_example_alias_consumer_with_no_taskflow to None, run_after=None
[2025-07-17T07:42:00.480+0530] {logging_mixin.py:190} INFO - [2025-07-17T07:42:00.480+0530] {dag.py:4180} INFO - Setting next_dagrun for dataset_alias_example_alias_producer_with_no_taskflow to None, run_after=None
[2025-07-17T07:42:00.480+0530] {logging_mixin.py:190} INFO - [2025-07-17T07:42:00.480+0530] {dag.py:4180} INFO - Setting next_dagrun for dataset_s3_bucket_consumer_with_no_taskflow to None, run_after=None
[2025-07-17T07:42:00.481+0530] {logging_mixin.py:190} INFO - [2025-07-17T07:42:00.481+0530] {dag.py:4180} INFO - Setting next_dagrun for dataset_s3_bucket_producer_with_no_taskflow to None, run_after=None
[2025-07-17T07:42:00.494+0530] {processor.py:208} INFO - Processing /Users/parth/Desktop/Engine/venv/lib/python3.11/site-packages/airflow/example_dags/example_dataset_alias_with_no_taskflow.py took 0.148 seconds
[2025-07-17T07:47:20.526+0530] {processor.py:186} INFO - Started process (PID=33519) to work on /Users/parth/Desktop/Engine/venv/lib/python3.11/site-packages/airflow/example_dags/example_dataset_alias_with_no_taskflow.py
[2025-07-17T07:47:20.527+0530] {processor.py:914} INFO - Processing file /Users/parth/Desktop/Engine/venv/lib/python3.11/site-packages/airflow/example_dags/example_dataset_alias_with_no_taskflow.py for tasks to queue
[2025-07-17T07:47:20.528+0530] {logging_mixin.py:190} INFO - [2025-07-17T07:47:20.527+0530] {dagbag.py:588} INFO - Filling up the DagBag from /Users/parth/Desktop/Engine/venv/lib/python3.11/site-packages/airflow/example_dags/example_dataset_alias_with_no_taskflow.py
[2025-07-17T07:47:20.619+0530] {processor.py:925} INFO - DAG(s) 'dataset_alias_example_alias_consumer_with_no_taskflow', 'dataset_s3_bucket_consumer_with_no_taskflow', 'dataset_s3_bucket_producer_with_no_taskflow', 'dataset_alias_example_alias_producer_with_no_taskflow' retrieved from /Users/parth/Desktop/Engine/venv/lib/python3.11/site-packages/airflow/example_dags/example_dataset_alias_with_no_taskflow.py
[2025-07-17T07:47:20.634+0530] {logging_mixin.py:190} INFO - [2025-07-17T07:47:20.633+0530] {dag.py:3239} INFO - Sync 4 DAGs
[2025-07-17T07:47:20.644+0530] {logging_mixin.py:190} INFO - [2025-07-17T07:47:20.644+0530] {dag.py:4180} INFO - Setting next_dagrun for dataset_alias_example_alias_consumer_with_no_taskflow to None, run_after=None
[2025-07-17T07:47:20.646+0530] {logging_mixin.py:190} INFO - [2025-07-17T07:47:20.645+0530] {dag.py:4180} INFO - Setting next_dagrun for dataset_alias_example_alias_producer_with_no_taskflow to None, run_after=None
[2025-07-17T07:47:20.646+0530] {logging_mixin.py:190} INFO - [2025-07-17T07:47:20.646+0530] {dag.py:4180} INFO - Setting next_dagrun for dataset_s3_bucket_consumer_with_no_taskflow to None, run_after=None
[2025-07-17T07:47:20.647+0530] {logging_mixin.py:190} INFO - [2025-07-17T07:47:20.646+0530] {dag.py:4180} INFO - Setting next_dagrun for dataset_s3_bucket_producer_with_no_taskflow to None, run_after=None
[2025-07-17T07:47:20.659+0530] {processor.py:208} INFO - Processing /Users/parth/Desktop/Engine/venv/lib/python3.11/site-packages/airflow/example_dags/example_dataset_alias_with_no_taskflow.py took 0.136 seconds
[2025-07-17T07:51:36.603+0530] {processor.py:186} INFO - Started process (PID=35244) to work on /Users/parth/Desktop/Engine/venv/lib/python3.11/site-packages/airflow/example_dags/example_dataset_alias_with_no_taskflow.py
[2025-07-17T07:51:36.604+0530] {processor.py:914} INFO - Processing file /Users/parth/Desktop/Engine/venv/lib/python3.11/site-packages/airflow/example_dags/example_dataset_alias_with_no_taskflow.py for tasks to queue
[2025-07-17T07:51:36.605+0530] {logging_mixin.py:190} INFO - [2025-07-17T07:51:36.604+0530] {dagbag.py:588} INFO - Filling up the DagBag from /Users/parth/Desktop/Engine/venv/lib/python3.11/site-packages/airflow/example_dags/example_dataset_alias_with_no_taskflow.py
[2025-07-17T07:51:36.710+0530] {processor.py:925} INFO - DAG(s) 'dataset_alias_example_alias_consumer_with_no_taskflow', 'dataset_s3_bucket_producer_with_no_taskflow', 'dataset_alias_example_alias_producer_with_no_taskflow', 'dataset_s3_bucket_consumer_with_no_taskflow' retrieved from /Users/parth/Desktop/Engine/venv/lib/python3.11/site-packages/airflow/example_dags/example_dataset_alias_with_no_taskflow.py
[2025-07-17T07:51:36.727+0530] {logging_mixin.py:190} INFO - [2025-07-17T07:51:36.727+0530] {dag.py:3239} INFO - Sync 4 DAGs
[2025-07-17T07:51:36.738+0530] {logging_mixin.py:190} INFO - [2025-07-17T07:51:36.738+0530] {dag.py:4180} INFO - Setting next_dagrun for dataset_alias_example_alias_consumer_with_no_taskflow to None, run_after=None
[2025-07-17T07:51:36.740+0530] {logging_mixin.py:190} INFO - [2025-07-17T07:51:36.740+0530] {dag.py:4180} INFO - Setting next_dagrun for dataset_alias_example_alias_producer_with_no_taskflow to None, run_after=None
[2025-07-17T07:51:36.741+0530] {logging_mixin.py:190} INFO - [2025-07-17T07:51:36.741+0530] {dag.py:4180} INFO - Setting next_dagrun for dataset_s3_bucket_consumer_with_no_taskflow to None, run_after=None
[2025-07-17T07:51:36.741+0530] {logging_mixin.py:190} INFO - [2025-07-17T07:51:36.741+0530] {dag.py:4180} INFO - Setting next_dagrun for dataset_s3_bucket_producer_with_no_taskflow to None, run_after=None
[2025-07-17T07:51:36.755+0530] {processor.py:208} INFO - Processing /Users/parth/Desktop/Engine/venv/lib/python3.11/site-packages/airflow/example_dags/example_dataset_alias_with_no_taskflow.py took 0.155 seconds
[2025-07-17T07:55:03.412+0530] {processor.py:186} INFO - Started process (PID=36711) to work on /Users/parth/Desktop/Engine/venv/lib/python3.11/site-packages/airflow/example_dags/example_dataset_alias_with_no_taskflow.py
[2025-07-17T07:55:03.413+0530] {processor.py:914} INFO - Processing file /Users/parth/Desktop/Engine/venv/lib/python3.11/site-packages/airflow/example_dags/example_dataset_alias_with_no_taskflow.py for tasks to queue
[2025-07-17T07:55:03.414+0530] {logging_mixin.py:190} INFO - [2025-07-17T07:55:03.414+0530] {dagbag.py:588} INFO - Filling up the DagBag from /Users/parth/Desktop/Engine/venv/lib/python3.11/site-packages/airflow/example_dags/example_dataset_alias_with_no_taskflow.py
[2025-07-17T07:55:03.508+0530] {processor.py:925} INFO - DAG(s) 'dataset_s3_bucket_producer_with_no_taskflow', 'dataset_alias_example_alias_consumer_with_no_taskflow', 'dataset_s3_bucket_consumer_with_no_taskflow', 'dataset_alias_example_alias_producer_with_no_taskflow' retrieved from /Users/parth/Desktop/Engine/venv/lib/python3.11/site-packages/airflow/example_dags/example_dataset_alias_with_no_taskflow.py
[2025-07-17T07:55:03.522+0530] {logging_mixin.py:190} INFO - [2025-07-17T07:55:03.521+0530] {dag.py:3239} INFO - Sync 4 DAGs
[2025-07-17T07:55:03.532+0530] {logging_mixin.py:190} INFO - [2025-07-17T07:55:03.532+0530] {dag.py:4180} INFO - Setting next_dagrun for dataset_alias_example_alias_consumer_with_no_taskflow to None, run_after=None
[2025-07-17T07:55:03.534+0530] {logging_mixin.py:190} INFO - [2025-07-17T07:55:03.534+0530] {dag.py:4180} INFO - Setting next_dagrun for dataset_alias_example_alias_producer_with_no_taskflow to None, run_after=None
[2025-07-17T07:55:03.534+0530] {logging_mixin.py:190} INFO - [2025-07-17T07:55:03.534+0530] {dag.py:4180} INFO - Setting next_dagrun for dataset_s3_bucket_consumer_with_no_taskflow to None, run_after=None
[2025-07-17T07:55:03.535+0530] {logging_mixin.py:190} INFO - [2025-07-17T07:55:03.535+0530] {dag.py:4180} INFO - Setting next_dagrun for dataset_s3_bucket_producer_with_no_taskflow to None, run_after=None
[2025-07-17T07:55:03.548+0530] {processor.py:208} INFO - Processing /Users/parth/Desktop/Engine/venv/lib/python3.11/site-packages/airflow/example_dags/example_dataset_alias_with_no_taskflow.py took 0.138 seconds
[2025-07-17T07:59:02.174+0530] {processor.py:186} INFO - Started process (PID=38323) to work on /Users/parth/Desktop/Engine/venv/lib/python3.11/site-packages/airflow/example_dags/example_dataset_alias_with_no_taskflow.py
[2025-07-17T07:59:02.175+0530] {processor.py:914} INFO - Processing file /Users/parth/Desktop/Engine/venv/lib/python3.11/site-packages/airflow/example_dags/example_dataset_alias_with_no_taskflow.py for tasks to queue
[2025-07-17T07:59:02.176+0530] {logging_mixin.py:190} INFO - [2025-07-17T07:59:02.175+0530] {dagbag.py:588} INFO - Filling up the DagBag from /Users/parth/Desktop/Engine/venv/lib/python3.11/site-packages/airflow/example_dags/example_dataset_alias_with_no_taskflow.py
[2025-07-17T07:59:02.269+0530] {processor.py:925} INFO - DAG(s) 'dataset_alias_example_alias_producer_with_no_taskflow', 'dataset_s3_bucket_consumer_with_no_taskflow', 'dataset_s3_bucket_producer_with_no_taskflow', 'dataset_alias_example_alias_consumer_with_no_taskflow' retrieved from /Users/parth/Desktop/Engine/venv/lib/python3.11/site-packages/airflow/example_dags/example_dataset_alias_with_no_taskflow.py
[2025-07-17T07:59:02.282+0530] {logging_mixin.py:190} INFO - [2025-07-17T07:59:02.282+0530] {dag.py:3239} INFO - Sync 4 DAGs
[2025-07-17T07:59:02.293+0530] {logging_mixin.py:190} INFO - [2025-07-17T07:59:02.293+0530] {dag.py:4180} INFO - Setting next_dagrun for dataset_alias_example_alias_consumer_with_no_taskflow to None, run_after=None
[2025-07-17T07:59:02.294+0530] {logging_mixin.py:190} INFO - [2025-07-17T07:59:02.294+0530] {dag.py:4180} INFO - Setting next_dagrun for dataset_alias_example_alias_producer_with_no_taskflow to None, run_after=None
[2025-07-17T07:59:02.295+0530] {logging_mixin.py:190} INFO - [2025-07-17T07:59:02.295+0530] {dag.py:4180} INFO - Setting next_dagrun for dataset_s3_bucket_consumer_with_no_taskflow to None, run_after=None
[2025-07-17T07:59:02.295+0530] {logging_mixin.py:190} INFO - [2025-07-17T07:59:02.295+0530] {dag.py:4180} INFO - Setting next_dagrun for dataset_s3_bucket_producer_with_no_taskflow to None, run_after=None
[2025-07-17T07:59:02.308+0530] {processor.py:208} INFO - Processing /Users/parth/Desktop/Engine/venv/lib/python3.11/site-packages/airflow/example_dags/example_dataset_alias_with_no_taskflow.py took 0.136 seconds
[2025-07-17T08:03:29.320+0530] {processor.py:186} INFO - Started process (PID=40045) to work on /Users/parth/Desktop/Engine/venv/lib/python3.11/site-packages/airflow/example_dags/example_dataset_alias_with_no_taskflow.py
[2025-07-17T08:03:29.322+0530] {processor.py:914} INFO - Processing file /Users/parth/Desktop/Engine/venv/lib/python3.11/site-packages/airflow/example_dags/example_dataset_alias_with_no_taskflow.py for tasks to queue
[2025-07-17T08:03:29.322+0530] {logging_mixin.py:190} INFO - [2025-07-17T08:03:29.322+0530] {dagbag.py:588} INFO - Filling up the DagBag from /Users/parth/Desktop/Engine/venv/lib/python3.11/site-packages/airflow/example_dags/example_dataset_alias_with_no_taskflow.py
[2025-07-17T08:03:29.446+0530] {processor.py:925} INFO - DAG(s) 'dataset_alias_example_alias_producer_with_no_taskflow', 'dataset_alias_example_alias_consumer_with_no_taskflow', 'dataset_s3_bucket_producer_with_no_taskflow', 'dataset_s3_bucket_consumer_with_no_taskflow' retrieved from /Users/parth/Desktop/Engine/venv/lib/python3.11/site-packages/airflow/example_dags/example_dataset_alias_with_no_taskflow.py
[2025-07-17T08:03:29.464+0530] {logging_mixin.py:190} INFO - [2025-07-17T08:03:29.464+0530] {dag.py:3239} INFO - Sync 4 DAGs
[2025-07-17T08:03:29.478+0530] {logging_mixin.py:190} INFO - [2025-07-17T08:03:29.477+0530] {dag.py:4180} INFO - Setting next_dagrun for dataset_alias_example_alias_consumer_with_no_taskflow to None, run_after=None
[2025-07-17T08:03:29.479+0530] {logging_mixin.py:190} INFO - [2025-07-17T08:03:29.479+0530] {dag.py:4180} INFO - Setting next_dagrun for dataset_alias_example_alias_producer_with_no_taskflow to None, run_after=None
[2025-07-17T08:03:29.480+0530] {logging_mixin.py:190} INFO - [2025-07-17T08:03:29.480+0530] {dag.py:4180} INFO - Setting next_dagrun for dataset_s3_bucket_consumer_with_no_taskflow to None, run_after=None
[2025-07-17T08:03:29.481+0530] {logging_mixin.py:190} INFO - [2025-07-17T08:03:29.481+0530] {dag.py:4180} INFO - Setting next_dagrun for dataset_s3_bucket_producer_with_no_taskflow to None, run_after=None
[2025-07-17T08:03:29.497+0530] {processor.py:208} INFO - Processing /Users/parth/Desktop/Engine/venv/lib/python3.11/site-packages/airflow/example_dags/example_dataset_alias_with_no_taskflow.py took 0.179 seconds
[2025-07-17T08:07:39.118+0530] {processor.py:186} INFO - Started process (PID=41780) to work on /Users/parth/Desktop/Engine/venv/lib/python3.11/site-packages/airflow/example_dags/example_dataset_alias_with_no_taskflow.py
[2025-07-17T08:07:39.119+0530] {processor.py:914} INFO - Processing file /Users/parth/Desktop/Engine/venv/lib/python3.11/site-packages/airflow/example_dags/example_dataset_alias_with_no_taskflow.py for tasks to queue
[2025-07-17T08:07:39.120+0530] {logging_mixin.py:190} INFO - [2025-07-17T08:07:39.119+0530] {dagbag.py:588} INFO - Filling up the DagBag from /Users/parth/Desktop/Engine/venv/lib/python3.11/site-packages/airflow/example_dags/example_dataset_alias_with_no_taskflow.py
[2025-07-17T08:07:39.216+0530] {processor.py:925} INFO - DAG(s) 'dataset_alias_example_alias_consumer_with_no_taskflow', 'dataset_s3_bucket_producer_with_no_taskflow', 'dataset_alias_example_alias_producer_with_no_taskflow', 'dataset_s3_bucket_consumer_with_no_taskflow' retrieved from /Users/parth/Desktop/Engine/venv/lib/python3.11/site-packages/airflow/example_dags/example_dataset_alias_with_no_taskflow.py
[2025-07-17T08:07:39.230+0530] {logging_mixin.py:190} INFO - [2025-07-17T08:07:39.230+0530] {dag.py:3239} INFO - Sync 4 DAGs
[2025-07-17T08:07:39.241+0530] {logging_mixin.py:190} INFO - [2025-07-17T08:07:39.241+0530] {dag.py:4180} INFO - Setting next_dagrun for dataset_alias_example_alias_consumer_with_no_taskflow to None, run_after=None
[2025-07-17T08:07:39.242+0530] {logging_mixin.py:190} INFO - [2025-07-17T08:07:39.242+0530] {dag.py:4180} INFO - Setting next_dagrun for dataset_alias_example_alias_producer_with_no_taskflow to None, run_after=None
[2025-07-17T08:07:39.243+0530] {logging_mixin.py:190} INFO - [2025-07-17T08:07:39.243+0530] {dag.py:4180} INFO - Setting next_dagrun for dataset_s3_bucket_consumer_with_no_taskflow to None, run_after=None
[2025-07-17T08:07:39.243+0530] {logging_mixin.py:190} INFO - [2025-07-17T08:07:39.243+0530] {dag.py:4180} INFO - Setting next_dagrun for dataset_s3_bucket_producer_with_no_taskflow to None, run_after=None
[2025-07-17T08:07:39.255+0530] {processor.py:208} INFO - Processing /Users/parth/Desktop/Engine/venv/lib/python3.11/site-packages/airflow/example_dags/example_dataset_alias_with_no_taskflow.py took 0.140 seconds
[2025-07-17T08:11:42.727+0530] {processor.py:186} INFO - Started process (PID=43425) to work on /Users/parth/Desktop/Engine/venv/lib/python3.11/site-packages/airflow/example_dags/example_dataset_alias_with_no_taskflow.py
[2025-07-17T08:11:42.728+0530] {processor.py:914} INFO - Processing file /Users/parth/Desktop/Engine/venv/lib/python3.11/site-packages/airflow/example_dags/example_dataset_alias_with_no_taskflow.py for tasks to queue
[2025-07-17T08:11:42.728+0530] {logging_mixin.py:190} INFO - [2025-07-17T08:11:42.728+0530] {dagbag.py:588} INFO - Filling up the DagBag from /Users/parth/Desktop/Engine/venv/lib/python3.11/site-packages/airflow/example_dags/example_dataset_alias_with_no_taskflow.py
[2025-07-17T08:11:42.823+0530] {processor.py:925} INFO - DAG(s) 'dataset_alias_example_alias_producer_with_no_taskflow', 'dataset_s3_bucket_producer_with_no_taskflow', 'dataset_alias_example_alias_consumer_with_no_taskflow', 'dataset_s3_bucket_consumer_with_no_taskflow' retrieved from /Users/parth/Desktop/Engine/venv/lib/python3.11/site-packages/airflow/example_dags/example_dataset_alias_with_no_taskflow.py
[2025-07-17T08:11:42.837+0530] {logging_mixin.py:190} INFO - [2025-07-17T08:11:42.837+0530] {dag.py:3239} INFO - Sync 4 DAGs
[2025-07-17T08:11:42.847+0530] {logging_mixin.py:190} INFO - [2025-07-17T08:11:42.847+0530] {dag.py:4180} INFO - Setting next_dagrun for dataset_alias_example_alias_consumer_with_no_taskflow to None, run_after=None
[2025-07-17T08:11:42.849+0530] {logging_mixin.py:190} INFO - [2025-07-17T08:11:42.848+0530] {dag.py:4180} INFO - Setting next_dagrun for dataset_alias_example_alias_producer_with_no_taskflow to None, run_after=None
[2025-07-17T08:11:42.849+0530] {logging_mixin.py:190} INFO - [2025-07-17T08:11:42.849+0530] {dag.py:4180} INFO - Setting next_dagrun for dataset_s3_bucket_consumer_with_no_taskflow to None, run_after=None
[2025-07-17T08:11:42.850+0530] {logging_mixin.py:190} INFO - [2025-07-17T08:11:42.849+0530] {dag.py:4180} INFO - Setting next_dagrun for dataset_s3_bucket_producer_with_no_taskflow to None, run_after=None
[2025-07-17T08:11:42.862+0530] {processor.py:208} INFO - Processing /Users/parth/Desktop/Engine/venv/lib/python3.11/site-packages/airflow/example_dags/example_dataset_alias_with_no_taskflow.py took 0.138 seconds
[2025-07-17T08:19:57.181+0530] {processor.py:186} INFO - Started process (PID=44864) to work on /Users/parth/Desktop/Engine/venv/lib/python3.11/site-packages/airflow/example_dags/example_dataset_alias_with_no_taskflow.py
[2025-07-17T08:19:57.182+0530] {processor.py:914} INFO - Processing file /Users/parth/Desktop/Engine/venv/lib/python3.11/site-packages/airflow/example_dags/example_dataset_alias_with_no_taskflow.py for tasks to queue
[2025-07-17T08:19:57.183+0530] {logging_mixin.py:190} INFO - [2025-07-17T08:19:57.183+0530] {dagbag.py:588} INFO - Filling up the DagBag from /Users/parth/Desktop/Engine/venv/lib/python3.11/site-packages/airflow/example_dags/example_dataset_alias_with_no_taskflow.py
[2025-07-17T08:19:57.276+0530] {processor.py:925} INFO - DAG(s) 'dataset_s3_bucket_producer_with_no_taskflow', 'dataset_alias_example_alias_consumer_with_no_taskflow', 'dataset_alias_example_alias_producer_with_no_taskflow', 'dataset_s3_bucket_consumer_with_no_taskflow' retrieved from /Users/parth/Desktop/Engine/venv/lib/python3.11/site-packages/airflow/example_dags/example_dataset_alias_with_no_taskflow.py
[2025-07-17T08:19:57.291+0530] {logging_mixin.py:190} INFO - [2025-07-17T08:19:57.291+0530] {dag.py:3239} INFO - Sync 4 DAGs
[2025-07-17T08:19:57.302+0530] {logging_mixin.py:190} INFO - [2025-07-17T08:19:57.302+0530] {dag.py:4180} INFO - Setting next_dagrun for dataset_alias_example_alias_consumer_with_no_taskflow to None, run_after=None
[2025-07-17T08:19:57.303+0530] {logging_mixin.py:190} INFO - [2025-07-17T08:19:57.303+0530] {dag.py:4180} INFO - Setting next_dagrun for dataset_alias_example_alias_producer_with_no_taskflow to None, run_after=None
[2025-07-17T08:19:57.304+0530] {logging_mixin.py:190} INFO - [2025-07-17T08:19:57.304+0530] {dag.py:4180} INFO - Setting next_dagrun for dataset_s3_bucket_consumer_with_no_taskflow to None, run_after=None
[2025-07-17T08:19:57.304+0530] {logging_mixin.py:190} INFO - [2025-07-17T08:19:57.304+0530] {dag.py:4180} INFO - Setting next_dagrun for dataset_s3_bucket_producer_with_no_taskflow to None, run_after=None
[2025-07-17T08:19:57.317+0530] {processor.py:208} INFO - Processing /Users/parth/Desktop/Engine/venv/lib/python3.11/site-packages/airflow/example_dags/example_dataset_alias_with_no_taskflow.py took 0.137 seconds
[2025-07-17T08:23:27.485+0530] {processor.py:186} INFO - Started process (PID=46246) to work on /Users/parth/Desktop/Engine/venv/lib/python3.11/site-packages/airflow/example_dags/example_dataset_alias_with_no_taskflow.py
[2025-07-17T08:23:27.485+0530] {processor.py:914} INFO - Processing file /Users/parth/Desktop/Engine/venv/lib/python3.11/site-packages/airflow/example_dags/example_dataset_alias_with_no_taskflow.py for tasks to queue
[2025-07-17T08:23:27.486+0530] {logging_mixin.py:190} INFO - [2025-07-17T08:23:27.486+0530] {dagbag.py:588} INFO - Filling up the DagBag from /Users/parth/Desktop/Engine/venv/lib/python3.11/site-packages/airflow/example_dags/example_dataset_alias_with_no_taskflow.py
[2025-07-17T08:23:27.581+0530] {processor.py:925} INFO - DAG(s) 'dataset_alias_example_alias_consumer_with_no_taskflow', 'dataset_s3_bucket_producer_with_no_taskflow', 'dataset_s3_bucket_consumer_with_no_taskflow', 'dataset_alias_example_alias_producer_with_no_taskflow' retrieved from /Users/parth/Desktop/Engine/venv/lib/python3.11/site-packages/airflow/example_dags/example_dataset_alias_with_no_taskflow.py
[2025-07-17T08:23:27.595+0530] {logging_mixin.py:190} INFO - [2025-07-17T08:23:27.595+0530] {dag.py:3239} INFO - Sync 4 DAGs
[2025-07-17T08:23:27.606+0530] {logging_mixin.py:190} INFO - [2025-07-17T08:23:27.606+0530] {dag.py:4180} INFO - Setting next_dagrun for dataset_alias_example_alias_consumer_with_no_taskflow to None, run_after=None
[2025-07-17T08:23:27.608+0530] {logging_mixin.py:190} INFO - [2025-07-17T08:23:27.607+0530] {dag.py:4180} INFO - Setting next_dagrun for dataset_alias_example_alias_producer_with_no_taskflow to None, run_after=None
[2025-07-17T08:23:27.608+0530] {logging_mixin.py:190} INFO - [2025-07-17T08:23:27.608+0530] {dag.py:4180} INFO - Setting next_dagrun for dataset_s3_bucket_consumer_with_no_taskflow to None, run_after=None
[2025-07-17T08:23:27.609+0530] {logging_mixin.py:190} INFO - [2025-07-17T08:23:27.609+0530] {dag.py:4180} INFO - Setting next_dagrun for dataset_s3_bucket_producer_with_no_taskflow to None, run_after=None
[2025-07-17T08:23:27.622+0530] {processor.py:208} INFO - Processing /Users/parth/Desktop/Engine/venv/lib/python3.11/site-packages/airflow/example_dags/example_dataset_alias_with_no_taskflow.py took 0.139 seconds
[2025-07-17T08:26:59.006+0530] {processor.py:186} INFO - Started process (PID=47677) to work on /Users/parth/Desktop/Engine/venv/lib/python3.11/site-packages/airflow/example_dags/example_dataset_alias_with_no_taskflow.py
[2025-07-17T08:26:59.007+0530] {processor.py:914} INFO - Processing file /Users/parth/Desktop/Engine/venv/lib/python3.11/site-packages/airflow/example_dags/example_dataset_alias_with_no_taskflow.py for tasks to queue
[2025-07-17T08:26:59.008+0530] {logging_mixin.py:190} INFO - [2025-07-17T08:26:59.008+0530] {dagbag.py:588} INFO - Filling up the DagBag from /Users/parth/Desktop/Engine/venv/lib/python3.11/site-packages/airflow/example_dags/example_dataset_alias_with_no_taskflow.py
[2025-07-17T08:26:59.102+0530] {processor.py:925} INFO - DAG(s) 'dataset_s3_bucket_producer_with_no_taskflow', 'dataset_alias_example_alias_producer_with_no_taskflow', 'dataset_alias_example_alias_consumer_with_no_taskflow', 'dataset_s3_bucket_consumer_with_no_taskflow' retrieved from /Users/parth/Desktop/Engine/venv/lib/python3.11/site-packages/airflow/example_dags/example_dataset_alias_with_no_taskflow.py
[2025-07-17T08:26:59.116+0530] {logging_mixin.py:190} INFO - [2025-07-17T08:26:59.116+0530] {dag.py:3239} INFO - Sync 4 DAGs
[2025-07-17T08:26:59.127+0530] {logging_mixin.py:190} INFO - [2025-07-17T08:26:59.127+0530] {dag.py:4180} INFO - Setting next_dagrun for dataset_alias_example_alias_consumer_with_no_taskflow to None, run_after=None
[2025-07-17T08:26:59.128+0530] {logging_mixin.py:190} INFO - [2025-07-17T08:26:59.128+0530] {dag.py:4180} INFO - Setting next_dagrun for dataset_alias_example_alias_producer_with_no_taskflow to None, run_after=None
[2025-07-17T08:26:59.129+0530] {logging_mixin.py:190} INFO - [2025-07-17T08:26:59.128+0530] {dag.py:4180} INFO - Setting next_dagrun for dataset_s3_bucket_consumer_with_no_taskflow to None, run_after=None
[2025-07-17T08:26:59.129+0530] {logging_mixin.py:190} INFO - [2025-07-17T08:26:59.129+0530] {dag.py:4180} INFO - Setting next_dagrun for dataset_s3_bucket_producer_with_no_taskflow to None, run_after=None
[2025-07-17T08:26:59.141+0530] {processor.py:208} INFO - Processing /Users/parth/Desktop/Engine/venv/lib/python3.11/site-packages/airflow/example_dags/example_dataset_alias_with_no_taskflow.py took 0.137 seconds
[2025-07-17T08:35:12.245+0530] {processor.py:186} INFO - Started process (PID=49341) to work on /Users/parth/Desktop/Engine/venv/lib/python3.11/site-packages/airflow/example_dags/example_dataset_alias_with_no_taskflow.py
[2025-07-17T08:35:12.246+0530] {processor.py:914} INFO - Processing file /Users/parth/Desktop/Engine/venv/lib/python3.11/site-packages/airflow/example_dags/example_dataset_alias_with_no_taskflow.py for tasks to queue
[2025-07-17T08:35:12.247+0530] {logging_mixin.py:190} INFO - [2025-07-17T08:35:12.247+0530] {dagbag.py:588} INFO - Filling up the DagBag from /Users/parth/Desktop/Engine/venv/lib/python3.11/site-packages/airflow/example_dags/example_dataset_alias_with_no_taskflow.py
[2025-07-17T08:35:12.343+0530] {processor.py:925} INFO - DAG(s) 'dataset_alias_example_alias_producer_with_no_taskflow', 'dataset_s3_bucket_consumer_with_no_taskflow', 'dataset_alias_example_alias_consumer_with_no_taskflow', 'dataset_s3_bucket_producer_with_no_taskflow' retrieved from /Users/parth/Desktop/Engine/venv/lib/python3.11/site-packages/airflow/example_dags/example_dataset_alias_with_no_taskflow.py
[2025-07-17T08:35:12.357+0530] {logging_mixin.py:190} INFO - [2025-07-17T08:35:12.357+0530] {dag.py:3239} INFO - Sync 4 DAGs
[2025-07-17T08:35:12.368+0530] {logging_mixin.py:190} INFO - [2025-07-17T08:35:12.367+0530] {dag.py:4180} INFO - Setting next_dagrun for dataset_alias_example_alias_consumer_with_no_taskflow to None, run_after=None
[2025-07-17T08:35:12.369+0530] {logging_mixin.py:190} INFO - [2025-07-17T08:35:12.369+0530] {dag.py:4180} INFO - Setting next_dagrun for dataset_alias_example_alias_producer_with_no_taskflow to None, run_after=None
[2025-07-17T08:35:12.370+0530] {logging_mixin.py:190} INFO - [2025-07-17T08:35:12.370+0530] {dag.py:4180} INFO - Setting next_dagrun for dataset_s3_bucket_consumer_with_no_taskflow to None, run_after=None
[2025-07-17T08:35:12.370+0530] {logging_mixin.py:190} INFO - [2025-07-17T08:35:12.370+0530] {dag.py:4180} INFO - Setting next_dagrun for dataset_s3_bucket_producer_with_no_taskflow to None, run_after=None
[2025-07-17T08:35:12.383+0530] {processor.py:208} INFO - Processing /Users/parth/Desktop/Engine/venv/lib/python3.11/site-packages/airflow/example_dags/example_dataset_alias_with_no_taskflow.py took 0.140 seconds
[2025-07-17T08:38:41.860+0530] {processor.py:186} INFO - Started process (PID=50694) to work on /Users/parth/Desktop/Engine/venv/lib/python3.11/site-packages/airflow/example_dags/example_dataset_alias_with_no_taskflow.py
[2025-07-17T08:38:41.861+0530] {processor.py:914} INFO - Processing file /Users/parth/Desktop/Engine/venv/lib/python3.11/site-packages/airflow/example_dags/example_dataset_alias_with_no_taskflow.py for tasks to queue
[2025-07-17T08:38:41.862+0530] {logging_mixin.py:190} INFO - [2025-07-17T08:38:41.862+0530] {dagbag.py:588} INFO - Filling up the DagBag from /Users/parth/Desktop/Engine/venv/lib/python3.11/site-packages/airflow/example_dags/example_dataset_alias_with_no_taskflow.py
[2025-07-17T08:38:41.958+0530] {processor.py:925} INFO - DAG(s) 'dataset_s3_bucket_producer_with_no_taskflow', 'dataset_s3_bucket_consumer_with_no_taskflow', 'dataset_alias_example_alias_producer_with_no_taskflow', 'dataset_alias_example_alias_consumer_with_no_taskflow' retrieved from /Users/parth/Desktop/Engine/venv/lib/python3.11/site-packages/airflow/example_dags/example_dataset_alias_with_no_taskflow.py
[2025-07-17T08:38:41.971+0530] {logging_mixin.py:190} INFO - [2025-07-17T08:38:41.971+0530] {dag.py:3239} INFO - Sync 4 DAGs
[2025-07-17T08:38:41.982+0530] {logging_mixin.py:190} INFO - [2025-07-17T08:38:41.982+0530] {dag.py:4180} INFO - Setting next_dagrun for dataset_alias_example_alias_consumer_with_no_taskflow to None, run_after=None
[2025-07-17T08:38:41.983+0530] {logging_mixin.py:190} INFO - [2025-07-17T08:38:41.983+0530] {dag.py:4180} INFO - Setting next_dagrun for dataset_alias_example_alias_producer_with_no_taskflow to None, run_after=None
[2025-07-17T08:38:41.984+0530] {logging_mixin.py:190} INFO - [2025-07-17T08:38:41.984+0530] {dag.py:4180} INFO - Setting next_dagrun for dataset_s3_bucket_consumer_with_no_taskflow to None, run_after=None
[2025-07-17T08:38:41.984+0530] {logging_mixin.py:190} INFO - [2025-07-17T08:38:41.984+0530] {dag.py:4180} INFO - Setting next_dagrun for dataset_s3_bucket_producer_with_no_taskflow to None, run_after=None
[2025-07-17T08:38:41.997+0530] {processor.py:208} INFO - Processing /Users/parth/Desktop/Engine/venv/lib/python3.11/site-packages/airflow/example_dags/example_dataset_alias_with_no_taskflow.py took 0.139 seconds
[2025-07-17T10:01:09.430+0530] {processor.py:186} INFO - Started process (PID=52315) to work on /Users/parth/Desktop/Engine/venv/lib/python3.11/site-packages/airflow/example_dags/example_dataset_alias_with_no_taskflow.py
[2025-07-17T10:01:09.431+0530] {processor.py:914} INFO - Processing file /Users/parth/Desktop/Engine/venv/lib/python3.11/site-packages/airflow/example_dags/example_dataset_alias_with_no_taskflow.py for tasks to queue
[2025-07-17T10:01:09.432+0530] {logging_mixin.py:190} INFO - [2025-07-17T10:01:09.432+0530] {dagbag.py:588} INFO - Filling up the DagBag from /Users/parth/Desktop/Engine/venv/lib/python3.11/site-packages/airflow/example_dags/example_dataset_alias_with_no_taskflow.py
[2025-07-17T10:01:09.535+0530] {processor.py:925} INFO - DAG(s) 'dataset_alias_example_alias_consumer_with_no_taskflow', 'dataset_s3_bucket_producer_with_no_taskflow', 'dataset_alias_example_alias_producer_with_no_taskflow', 'dataset_s3_bucket_consumer_with_no_taskflow' retrieved from /Users/parth/Desktop/Engine/venv/lib/python3.11/site-packages/airflow/example_dags/example_dataset_alias_with_no_taskflow.py
[2025-07-17T10:01:09.549+0530] {logging_mixin.py:190} INFO - [2025-07-17T10:01:09.549+0530] {dag.py:3239} INFO - Sync 4 DAGs
[2025-07-17T10:01:09.559+0530] {logging_mixin.py:190} INFO - [2025-07-17T10:01:09.559+0530] {dag.py:4180} INFO - Setting next_dagrun for dataset_alias_example_alias_consumer_with_no_taskflow to None, run_after=None
[2025-07-17T10:01:09.560+0530] {logging_mixin.py:190} INFO - [2025-07-17T10:01:09.560+0530] {dag.py:4180} INFO - Setting next_dagrun for dataset_alias_example_alias_producer_with_no_taskflow to None, run_after=None
[2025-07-17T10:01:09.561+0530] {logging_mixin.py:190} INFO - [2025-07-17T10:01:09.561+0530] {dag.py:4180} INFO - Setting next_dagrun for dataset_s3_bucket_consumer_with_no_taskflow to None, run_after=None
[2025-07-17T10:01:09.561+0530] {logging_mixin.py:190} INFO - [2025-07-17T10:01:09.561+0530] {dag.py:4180} INFO - Setting next_dagrun for dataset_s3_bucket_producer_with_no_taskflow to None, run_after=None
[2025-07-17T10:01:09.574+0530] {processor.py:208} INFO - Processing /Users/parth/Desktop/Engine/venv/lib/python3.11/site-packages/airflow/example_dags/example_dataset_alias_with_no_taskflow.py took 0.146 seconds
