[2025-07-17T07:16:03.290+0530] {processor.py:186} INFO - Started process (PID=23422) to work on /Users/parth/Desktop/Engine/venv/lib/python3.11/site-packages/airflow/example_dags/example_workday_timetable.py
[2025-07-17T07:16:03.291+0530] {processor.py:914} INFO - Processing file /Users/parth/Desktop/Engine/venv/lib/python3.11/site-packages/airflow/example_dags/example_workday_timetable.py for tasks to queue
[2025-07-17T07:16:03.291+0530] {logging_mixin.py:190} INFO - [2025-07-17T07:16:03.291+0530] {dagbag.py:588} INFO - Filling up the DagBag from /Users/parth/Desktop/Engine/venv/lib/python3.11/site-packages/airflow/example_dags/example_workday_timetable.py
[2025-07-17T07:16:03.860+0530] {processor.py:925} INFO - DAG(s) 'example_workday_timetable' retrieved from /Users/parth/Desktop/Engine/venv/lib/python3.11/site-packages/airflow/example_dags/example_workday_timetable.py
[2025-07-17T07:16:03.930+0530] {logging_mixin.py:190} INFO - [2025-07-17T07:16:03.930+0530] {dag.py:3239} INFO - Sync 1 DAGs
[2025-07-17T07:16:03.968+0530] {logging_mixin.py:190} INFO - [2025-07-17T07:16:03.968+0530] {dag.py:4180} INFO - Setting next_dagrun for example_workday_timetable to 2021-01-04 00:00:00+00:00, run_after=2021-01-05 00:00:00+00:00
[2025-07-17T07:16:03.980+0530] {processor.py:208} INFO - Processing /Users/parth/Desktop/Engine/venv/lib/python3.11/site-packages/airflow/example_dags/example_workday_timetable.py took 0.693 seconds
[2025-07-17T07:24:34.966+0530] {processor.py:186} INFO - Started process (PID=24426) to work on /Users/parth/Desktop/Engine/venv/lib/python3.11/site-packages/airflow/example_dags/example_workday_timetable.py
[2025-07-17T07:24:34.967+0530] {processor.py:914} INFO - Processing file /Users/parth/Desktop/Engine/venv/lib/python3.11/site-packages/airflow/example_dags/example_workday_timetable.py for tasks to queue
[2025-07-17T07:24:34.967+0530] {logging_mixin.py:190} INFO - [2025-07-17T07:24:34.967+0530] {dagbag.py:588} INFO - Filling up the DagBag from /Users/parth/Desktop/Engine/venv/lib/python3.11/site-packages/airflow/example_dags/example_workday_timetable.py
[2025-07-17T07:24:35.502+0530] {processor.py:925} INFO - DAG(s) 'example_workday_timetable' retrieved from /Users/parth/Desktop/Engine/venv/lib/python3.11/site-packages/airflow/example_dags/example_workday_timetable.py
[2025-07-17T07:24:35.572+0530] {logging_mixin.py:190} INFO - [2025-07-17T07:24:35.571+0530] {dag.py:3239} INFO - Sync 1 DAGs
[2025-07-17T07:24:35.610+0530] {logging_mixin.py:190} INFO - [2025-07-17T07:24:35.610+0530] {dag.py:4180} INFO - Setting next_dagrun for example_workday_timetable to 2021-01-04 00:00:00+00:00, run_after=2021-01-05 00:00:00+00:00
[2025-07-17T07:24:35.622+0530] {processor.py:208} INFO - Processing /Users/parth/Desktop/Engine/venv/lib/python3.11/site-packages/airflow/example_dags/example_workday_timetable.py took 0.659 seconds
[2025-07-17T07:26:29.516+0530] {processor.py:186} INFO - Started process (PID=25168) to work on /Users/parth/Desktop/Engine/venv/lib/python3.11/site-packages/airflow/example_dags/example_workday_timetable.py
[2025-07-17T07:26:29.516+0530] {processor.py:914} INFO - Processing file /Users/parth/Desktop/Engine/venv/lib/python3.11/site-packages/airflow/example_dags/example_workday_timetable.py for tasks to queue
[2025-07-17T07:26:29.517+0530] {logging_mixin.py:190} INFO - [2025-07-17T07:26:29.517+0530] {dagbag.py:588} INFO - Filling up the DagBag from /Users/parth/Desktop/Engine/venv/lib/python3.11/site-packages/airflow/example_dags/example_workday_timetable.py
[2025-07-17T07:26:30.058+0530] {processor.py:925} INFO - DAG(s) 'example_workday_timetable' retrieved from /Users/parth/Desktop/Engine/venv/lib/python3.11/site-packages/airflow/example_dags/example_workday_timetable.py
[2025-07-17T07:26:30.124+0530] {logging_mixin.py:190} INFO - [2025-07-17T07:26:30.124+0530] {dag.py:3239} INFO - Sync 1 DAGs
[2025-07-17T07:26:30.156+0530] {logging_mixin.py:190} INFO - [2025-07-17T07:26:30.155+0530] {dag.py:4180} INFO - Setting next_dagrun for example_workday_timetable to 2021-01-04 00:00:00+00:00, run_after=2021-01-05 00:00:00+00:00
[2025-07-17T07:26:30.167+0530] {processor.py:208} INFO - Processing /Users/parth/Desktop/Engine/venv/lib/python3.11/site-packages/airflow/example_dags/example_workday_timetable.py took 0.654 seconds
[2025-07-17T07:28:16.620+0530] {processor.py:186} INFO - Started process (PID=25854) to work on /Users/parth/Desktop/Engine/venv/lib/python3.11/site-packages/airflow/example_dags/example_workday_timetable.py
[2025-07-17T07:28:16.621+0530] {processor.py:914} INFO - Processing file /Users/parth/Desktop/Engine/venv/lib/python3.11/site-packages/airflow/example_dags/example_workday_timetable.py for tasks to queue
[2025-07-17T07:28:16.622+0530] {logging_mixin.py:190} INFO - [2025-07-17T07:28:16.622+0530] {dagbag.py:588} INFO - Filling up the DagBag from /Users/parth/Desktop/Engine/venv/lib/python3.11/site-packages/airflow/example_dags/example_workday_timetable.py
[2025-07-17T07:28:17.167+0530] {processor.py:925} INFO - DAG(s) 'example_workday_timetable' retrieved from /Users/parth/Desktop/Engine/venv/lib/python3.11/site-packages/airflow/example_dags/example_workday_timetable.py
[2025-07-17T07:28:17.236+0530] {logging_mixin.py:190} INFO - [2025-07-17T07:28:17.235+0530] {dag.py:3239} INFO - Sync 1 DAGs
[2025-07-17T07:28:17.263+0530] {logging_mixin.py:190} INFO - [2025-07-17T07:28:17.263+0530] {dag.py:4180} INFO - Setting next_dagrun for example_workday_timetable to 2021-01-04 00:00:00+00:00, run_after=2021-01-05 00:00:00+00:00
[2025-07-17T07:28:17.274+0530] {processor.py:208} INFO - Processing /Users/parth/Desktop/Engine/venv/lib/python3.11/site-packages/airflow/example_dags/example_workday_timetable.py took 0.656 seconds
[2025-07-17T07:30:00.388+0530] {processor.py:186} INFO - Started process (PID=26525) to work on /Users/parth/Desktop/Engine/venv/lib/python3.11/site-packages/airflow/example_dags/example_workday_timetable.py
[2025-07-17T07:30:00.389+0530] {processor.py:914} INFO - Processing file /Users/parth/Desktop/Engine/venv/lib/python3.11/site-packages/airflow/example_dags/example_workday_timetable.py for tasks to queue
[2025-07-17T07:30:00.390+0530] {logging_mixin.py:190} INFO - [2025-07-17T07:30:00.390+0530] {dagbag.py:588} INFO - Filling up the DagBag from /Users/parth/Desktop/Engine/venv/lib/python3.11/site-packages/airflow/example_dags/example_workday_timetable.py
[2025-07-17T07:30:00.964+0530] {processor.py:925} INFO - DAG(s) 'example_workday_timetable' retrieved from /Users/parth/Desktop/Engine/venv/lib/python3.11/site-packages/airflow/example_dags/example_workday_timetable.py
[2025-07-17T07:30:01.032+0530] {logging_mixin.py:190} INFO - [2025-07-17T07:30:01.031+0530] {dag.py:3239} INFO - Sync 1 DAGs
[2025-07-17T07:30:01.059+0530] {logging_mixin.py:190} INFO - [2025-07-17T07:30:01.059+0530] {dag.py:4180} INFO - Setting next_dagrun for example_workday_timetable to 2021-01-04 00:00:00+00:00, run_after=2021-01-05 00:00:00+00:00
[2025-07-17T07:30:01.070+0530] {processor.py:208} INFO - Processing /Users/parth/Desktop/Engine/venv/lib/python3.11/site-packages/airflow/example_dags/example_workday_timetable.py took 0.684 seconds
[2025-07-17T07:31:46.127+0530] {processor.py:186} INFO - Started process (PID=27210) to work on /Users/parth/Desktop/Engine/venv/lib/python3.11/site-packages/airflow/example_dags/example_workday_timetable.py
[2025-07-17T07:31:46.128+0530] {processor.py:914} INFO - Processing file /Users/parth/Desktop/Engine/venv/lib/python3.11/site-packages/airflow/example_dags/example_workday_timetable.py for tasks to queue
[2025-07-17T07:31:46.129+0530] {logging_mixin.py:190} INFO - [2025-07-17T07:31:46.128+0530] {dagbag.py:588} INFO - Filling up the DagBag from /Users/parth/Desktop/Engine/venv/lib/python3.11/site-packages/airflow/example_dags/example_workday_timetable.py
[2025-07-17T07:31:46.620+0530] {processor.py:925} INFO - DAG(s) 'example_workday_timetable' retrieved from /Users/parth/Desktop/Engine/venv/lib/python3.11/site-packages/airflow/example_dags/example_workday_timetable.py
[2025-07-17T07:31:46.687+0530] {logging_mixin.py:190} INFO - [2025-07-17T07:31:46.686+0530] {dag.py:3239} INFO - Sync 1 DAGs
[2025-07-17T07:31:46.714+0530] {logging_mixin.py:190} INFO - [2025-07-17T07:31:46.714+0530] {dag.py:4180} INFO - Setting next_dagrun for example_workday_timetable to 2021-01-04 00:00:00+00:00, run_after=2021-01-05 00:00:00+00:00
[2025-07-17T07:31:46.725+0530] {processor.py:208} INFO - Processing /Users/parth/Desktop/Engine/venv/lib/python3.11/site-packages/airflow/example_dags/example_workday_timetable.py took 0.600 seconds
[2025-07-17T07:33:33.188+0530] {processor.py:186} INFO - Started process (PID=27914) to work on /Users/parth/Desktop/Engine/venv/lib/python3.11/site-packages/airflow/example_dags/example_workday_timetable.py
[2025-07-17T07:33:33.189+0530] {processor.py:914} INFO - Processing file /Users/parth/Desktop/Engine/venv/lib/python3.11/site-packages/airflow/example_dags/example_workday_timetable.py for tasks to queue
[2025-07-17T07:33:33.190+0530] {logging_mixin.py:190} INFO - [2025-07-17T07:33:33.190+0530] {dagbag.py:588} INFO - Filling up the DagBag from /Users/parth/Desktop/Engine/venv/lib/python3.11/site-packages/airflow/example_dags/example_workday_timetable.py
[2025-07-17T07:33:33.772+0530] {processor.py:925} INFO - DAG(s) 'example_workday_timetable' retrieved from /Users/parth/Desktop/Engine/venv/lib/python3.11/site-packages/airflow/example_dags/example_workday_timetable.py
[2025-07-17T07:33:33.839+0530] {logging_mixin.py:190} INFO - [2025-07-17T07:33:33.839+0530] {dag.py:3239} INFO - Sync 1 DAGs
[2025-07-17T07:33:33.867+0530] {logging_mixin.py:190} INFO - [2025-07-17T07:33:33.867+0530] {dag.py:4180} INFO - Setting next_dagrun for example_workday_timetable to 2021-01-04 00:00:00+00:00, run_after=2021-01-05 00:00:00+00:00
[2025-07-17T07:33:33.878+0530] {processor.py:208} INFO - Processing /Users/parth/Desktop/Engine/venv/lib/python3.11/site-packages/airflow/example_dags/example_workday_timetable.py took 0.692 seconds
[2025-07-17T07:35:22.346+0530] {processor.py:186} INFO - Started process (PID=28637) to work on /Users/parth/Desktop/Engine/venv/lib/python3.11/site-packages/airflow/example_dags/example_workday_timetable.py
[2025-07-17T07:35:22.347+0530] {processor.py:914} INFO - Processing file /Users/parth/Desktop/Engine/venv/lib/python3.11/site-packages/airflow/example_dags/example_workday_timetable.py for tasks to queue
[2025-07-17T07:35:22.348+0530] {logging_mixin.py:190} INFO - [2025-07-17T07:35:22.348+0530] {dagbag.py:588} INFO - Filling up the DagBag from /Users/parth/Desktop/Engine/venv/lib/python3.11/site-packages/airflow/example_dags/example_workday_timetable.py
[2025-07-17T07:35:22.864+0530] {processor.py:925} INFO - DAG(s) 'example_workday_timetable' retrieved from /Users/parth/Desktop/Engine/venv/lib/python3.11/site-packages/airflow/example_dags/example_workday_timetable.py
[2025-07-17T07:35:22.933+0530] {logging_mixin.py:190} INFO - [2025-07-17T07:35:22.933+0530] {dag.py:3239} INFO - Sync 1 DAGs
[2025-07-17T07:35:22.971+0530] {logging_mixin.py:190} INFO - [2025-07-17T07:35:22.971+0530] {dag.py:4180} INFO - Setting next_dagrun for example_workday_timetable to 2021-01-04 00:00:00+00:00, run_after=2021-01-05 00:00:00+00:00
[2025-07-17T07:35:22.983+0530] {processor.py:208} INFO - Processing /Users/parth/Desktop/Engine/venv/lib/python3.11/site-packages/airflow/example_dags/example_workday_timetable.py took 0.639 seconds
[2025-07-17T07:37:21.902+0530] {processor.py:186} INFO - Started process (PID=29420) to work on /Users/parth/Desktop/Engine/venv/lib/python3.11/site-packages/airflow/example_dags/example_workday_timetable.py
[2025-07-17T07:37:21.903+0530] {processor.py:914} INFO - Processing file /Users/parth/Desktop/Engine/venv/lib/python3.11/site-packages/airflow/example_dags/example_workday_timetable.py for tasks to queue
[2025-07-17T07:37:21.903+0530] {logging_mixin.py:190} INFO - [2025-07-17T07:37:21.903+0530] {dagbag.py:588} INFO - Filling up the DagBag from /Users/parth/Desktop/Engine/venv/lib/python3.11/site-packages/airflow/example_dags/example_workday_timetable.py
[2025-07-17T07:37:22.406+0530] {processor.py:925} INFO - DAG(s) 'example_workday_timetable' retrieved from /Users/parth/Desktop/Engine/venv/lib/python3.11/site-packages/airflow/example_dags/example_workday_timetable.py
[2025-07-17T07:37:22.473+0530] {logging_mixin.py:190} INFO - [2025-07-17T07:37:22.473+0530] {dag.py:3239} INFO - Sync 1 DAGs
[2025-07-17T07:37:22.508+0530] {logging_mixin.py:190} INFO - [2025-07-17T07:37:22.508+0530] {dag.py:4180} INFO - Setting next_dagrun for example_workday_timetable to 2021-01-04 00:00:00+00:00, run_after=2021-01-05 00:00:00+00:00
[2025-07-17T07:37:22.519+0530] {processor.py:208} INFO - Processing /Users/parth/Desktop/Engine/venv/lib/python3.11/site-packages/airflow/example_dags/example_workday_timetable.py took 0.619 seconds
[2025-07-17T07:39:11.768+0530] {processor.py:186} INFO - Started process (PID=30137) to work on /Users/parth/Desktop/Engine/venv/lib/python3.11/site-packages/airflow/example_dags/example_workday_timetable.py
[2025-07-17T07:39:11.769+0530] {processor.py:914} INFO - Processing file /Users/parth/Desktop/Engine/venv/lib/python3.11/site-packages/airflow/example_dags/example_workday_timetable.py for tasks to queue
[2025-07-17T07:39:11.770+0530] {logging_mixin.py:190} INFO - [2025-07-17T07:39:11.769+0530] {dagbag.py:588} INFO - Filling up the DagBag from /Users/parth/Desktop/Engine/venv/lib/python3.11/site-packages/airflow/example_dags/example_workday_timetable.py
[2025-07-17T07:39:12.271+0530] {processor.py:925} INFO - DAG(s) 'example_workday_timetable' retrieved from /Users/parth/Desktop/Engine/venv/lib/python3.11/site-packages/airflow/example_dags/example_workday_timetable.py
[2025-07-17T07:39:12.336+0530] {logging_mixin.py:190} INFO - [2025-07-17T07:39:12.335+0530] {dag.py:3239} INFO - Sync 1 DAGs
[2025-07-17T07:39:12.363+0530] {logging_mixin.py:190} INFO - [2025-07-17T07:39:12.363+0530] {dag.py:4180} INFO - Setting next_dagrun for example_workday_timetable to 2021-01-04 00:00:00+00:00, run_after=2021-01-05 00:00:00+00:00
[2025-07-17T07:39:12.374+0530] {processor.py:208} INFO - Processing /Users/parth/Desktop/Engine/venv/lib/python3.11/site-packages/airflow/example_dags/example_workday_timetable.py took 0.608 seconds
[2025-07-17T07:41:05.409+0530] {processor.py:186} INFO - Started process (PID=30881) to work on /Users/parth/Desktop/Engine/venv/lib/python3.11/site-packages/airflow/example_dags/example_workday_timetable.py
[2025-07-17T07:41:05.410+0530] {processor.py:914} INFO - Processing file /Users/parth/Desktop/Engine/venv/lib/python3.11/site-packages/airflow/example_dags/example_workday_timetable.py for tasks to queue
[2025-07-17T07:41:05.411+0530] {logging_mixin.py:190} INFO - [2025-07-17T07:41:05.411+0530] {dagbag.py:588} INFO - Filling up the DagBag from /Users/parth/Desktop/Engine/venv/lib/python3.11/site-packages/airflow/example_dags/example_workday_timetable.py
[2025-07-17T07:41:05.977+0530] {processor.py:925} INFO - DAG(s) 'example_workday_timetable' retrieved from /Users/parth/Desktop/Engine/venv/lib/python3.11/site-packages/airflow/example_dags/example_workday_timetable.py
[2025-07-17T07:41:06.053+0530] {logging_mixin.py:190} INFO - [2025-07-17T07:41:06.053+0530] {dag.py:3239} INFO - Sync 1 DAGs
[2025-07-17T07:41:06.085+0530] {logging_mixin.py:190} INFO - [2025-07-17T07:41:06.085+0530] {dag.py:4180} INFO - Setting next_dagrun for example_workday_timetable to 2021-01-04 00:00:00+00:00, run_after=2021-01-05 00:00:00+00:00
[2025-07-17T07:41:06.098+0530] {processor.py:208} INFO - Processing /Users/parth/Desktop/Engine/venv/lib/python3.11/site-packages/airflow/example_dags/example_workday_timetable.py took 0.691 seconds
[2025-07-17T07:43:11.220+0530] {processor.py:186} INFO - Started process (PID=31710) to work on /Users/parth/Desktop/Engine/venv/lib/python3.11/site-packages/airflow/example_dags/example_workday_timetable.py
[2025-07-17T07:43:11.221+0530] {processor.py:914} INFO - Processing file /Users/parth/Desktop/Engine/venv/lib/python3.11/site-packages/airflow/example_dags/example_workday_timetable.py for tasks to queue
[2025-07-17T07:43:11.222+0530] {logging_mixin.py:190} INFO - [2025-07-17T07:43:11.222+0530] {dagbag.py:588} INFO - Filling up the DagBag from /Users/parth/Desktop/Engine/venv/lib/python3.11/site-packages/airflow/example_dags/example_workday_timetable.py
[2025-07-17T07:43:11.971+0530] {processor.py:925} INFO - DAG(s) 'example_workday_timetable' retrieved from /Users/parth/Desktop/Engine/venv/lib/python3.11/site-packages/airflow/example_dags/example_workday_timetable.py
[2025-07-17T07:43:12.039+0530] {logging_mixin.py:190} INFO - [2025-07-17T07:43:12.039+0530] {dag.py:3239} INFO - Sync 1 DAGs
[2025-07-17T07:43:12.067+0530] {logging_mixin.py:190} INFO - [2025-07-17T07:43:12.067+0530] {dag.py:4180} INFO - Setting next_dagrun for example_workday_timetable to 2021-01-04 00:00:00+00:00, run_after=2021-01-05 00:00:00+00:00
[2025-07-17T07:43:12.079+0530] {processor.py:208} INFO - Processing /Users/parth/Desktop/Engine/venv/lib/python3.11/site-packages/airflow/example_dags/example_workday_timetable.py took 0.862 seconds
[2025-07-17T07:46:07.703+0530] {processor.py:186} INFO - Started process (PID=32934) to work on /Users/parth/Desktop/Engine/venv/lib/python3.11/site-packages/airflow/example_dags/example_workday_timetable.py
[2025-07-17T07:46:07.704+0530] {processor.py:914} INFO - Processing file /Users/parth/Desktop/Engine/venv/lib/python3.11/site-packages/airflow/example_dags/example_workday_timetable.py for tasks to queue
[2025-07-17T07:46:07.705+0530] {logging_mixin.py:190} INFO - [2025-07-17T07:46:07.705+0530] {dagbag.py:588} INFO - Filling up the DagBag from /Users/parth/Desktop/Engine/venv/lib/python3.11/site-packages/airflow/example_dags/example_workday_timetable.py
[2025-07-17T07:46:08.270+0530] {processor.py:925} INFO - DAG(s) 'example_workday_timetable' retrieved from /Users/parth/Desktop/Engine/venv/lib/python3.11/site-packages/airflow/example_dags/example_workday_timetable.py
[2025-07-17T07:46:08.347+0530] {logging_mixin.py:190} INFO - [2025-07-17T07:46:08.347+0530] {dag.py:3239} INFO - Sync 1 DAGs
[2025-07-17T07:46:08.384+0530] {logging_mixin.py:190} INFO - [2025-07-17T07:46:08.384+0530] {dag.py:4180} INFO - Setting next_dagrun for example_workday_timetable to 2021-01-04 00:00:00+00:00, run_after=2021-01-05 00:00:00+00:00
[2025-07-17T07:46:08.396+0530] {processor.py:208} INFO - Processing /Users/parth/Desktop/Engine/venv/lib/python3.11/site-packages/airflow/example_dags/example_workday_timetable.py took 0.695 seconds
[2025-07-17T07:48:29.755+0530] {processor.py:186} INFO - Started process (PID=33977) to work on /Users/parth/Desktop/Engine/venv/lib/python3.11/site-packages/airflow/example_dags/example_workday_timetable.py
[2025-07-17T07:48:29.756+0530] {processor.py:914} INFO - Processing file /Users/parth/Desktop/Engine/venv/lib/python3.11/site-packages/airflow/example_dags/example_workday_timetable.py for tasks to queue
[2025-07-17T07:48:29.757+0530] {logging_mixin.py:190} INFO - [2025-07-17T07:48:29.757+0530] {dagbag.py:588} INFO - Filling up the DagBag from /Users/parth/Desktop/Engine/venv/lib/python3.11/site-packages/airflow/example_dags/example_workday_timetable.py
[2025-07-17T07:48:30.230+0530] {processor.py:925} INFO - DAG(s) 'example_workday_timetable' retrieved from /Users/parth/Desktop/Engine/venv/lib/python3.11/site-packages/airflow/example_dags/example_workday_timetable.py
[2025-07-17T07:48:30.305+0530] {logging_mixin.py:190} INFO - [2025-07-17T07:48:30.304+0530] {dag.py:3239} INFO - Sync 1 DAGs
[2025-07-17T07:48:30.347+0530] {logging_mixin.py:190} INFO - [2025-07-17T07:48:30.346+0530] {dag.py:4180} INFO - Setting next_dagrun for example_workday_timetable to 2021-01-04 00:00:00+00:00, run_after=2021-01-05 00:00:00+00:00
[2025-07-17T07:48:30.360+0530] {processor.py:208} INFO - Processing /Users/parth/Desktop/Engine/venv/lib/python3.11/site-packages/airflow/example_dags/example_workday_timetable.py took 0.607 seconds
[2025-07-17T07:50:34.107+0530] {processor.py:186} INFO - Started process (PID=34803) to work on /Users/parth/Desktop/Engine/venv/lib/python3.11/site-packages/airflow/example_dags/example_workday_timetable.py
[2025-07-17T07:50:34.108+0530] {processor.py:914} INFO - Processing file /Users/parth/Desktop/Engine/venv/lib/python3.11/site-packages/airflow/example_dags/example_workday_timetable.py for tasks to queue
[2025-07-17T07:50:34.109+0530] {logging_mixin.py:190} INFO - [2025-07-17T07:50:34.109+0530] {dagbag.py:588} INFO - Filling up the DagBag from /Users/parth/Desktop/Engine/venv/lib/python3.11/site-packages/airflow/example_dags/example_workday_timetable.py
[2025-07-17T07:50:34.839+0530] {processor.py:925} INFO - DAG(s) 'example_workday_timetable' retrieved from /Users/parth/Desktop/Engine/venv/lib/python3.11/site-packages/airflow/example_dags/example_workday_timetable.py
[2025-07-17T07:50:34.917+0530] {logging_mixin.py:190} INFO - [2025-07-17T07:50:34.917+0530] {dag.py:3239} INFO - Sync 1 DAGs
[2025-07-17T07:50:34.949+0530] {logging_mixin.py:190} INFO - [2025-07-17T07:50:34.948+0530] {dag.py:4180} INFO - Setting next_dagrun for example_workday_timetable to 2021-01-04 00:00:00+00:00, run_after=2021-01-05 00:00:00+00:00
[2025-07-17T07:50:34.962+0530] {processor.py:208} INFO - Processing /Users/parth/Desktop/Engine/venv/lib/python3.11/site-packages/airflow/example_dags/example_workday_timetable.py took 0.857 seconds
[2025-07-17T07:53:30.191+0530] {processor.py:186} INFO - Started process (PID=35982) to work on /Users/parth/Desktop/Engine/venv/lib/python3.11/site-packages/airflow/example_dags/example_workday_timetable.py
[2025-07-17T07:53:30.192+0530] {processor.py:914} INFO - Processing file /Users/parth/Desktop/Engine/venv/lib/python3.11/site-packages/airflow/example_dags/example_workday_timetable.py for tasks to queue
[2025-07-17T07:53:30.193+0530] {logging_mixin.py:190} INFO - [2025-07-17T07:53:30.193+0530] {dagbag.py:588} INFO - Filling up the DagBag from /Users/parth/Desktop/Engine/venv/lib/python3.11/site-packages/airflow/example_dags/example_workday_timetable.py
[2025-07-17T07:53:30.919+0530] {processor.py:925} INFO - DAG(s) 'example_workday_timetable' retrieved from /Users/parth/Desktop/Engine/venv/lib/python3.11/site-packages/airflow/example_dags/example_workday_timetable.py
[2025-07-17T07:53:30.985+0530] {logging_mixin.py:190} INFO - [2025-07-17T07:53:30.985+0530] {dag.py:3239} INFO - Sync 1 DAGs
[2025-07-17T07:53:31.019+0530] {logging_mixin.py:190} INFO - [2025-07-17T07:53:31.019+0530] {dag.py:4180} INFO - Setting next_dagrun for example_workday_timetable to 2021-01-04 00:00:00+00:00, run_after=2021-01-05 00:00:00+00:00
[2025-07-17T07:53:31.031+0530] {processor.py:208} INFO - Processing /Users/parth/Desktop/Engine/venv/lib/python3.11/site-packages/airflow/example_dags/example_workday_timetable.py took 0.843 seconds
[2025-07-17T07:56:02.678+0530] {processor.py:186} INFO - Started process (PID=37150) to work on /Users/parth/Desktop/Engine/venv/lib/python3.11/site-packages/airflow/example_dags/example_workday_timetable.py
[2025-07-17T07:56:02.679+0530] {processor.py:914} INFO - Processing file /Users/parth/Desktop/Engine/venv/lib/python3.11/site-packages/airflow/example_dags/example_workday_timetable.py for tasks to queue
[2025-07-17T07:56:02.680+0530] {logging_mixin.py:190} INFO - [2025-07-17T07:56:02.680+0530] {dagbag.py:588} INFO - Filling up the DagBag from /Users/parth/Desktop/Engine/venv/lib/python3.11/site-packages/airflow/example_dags/example_workday_timetable.py
[2025-07-17T07:56:03.347+0530] {processor.py:925} INFO - DAG(s) 'example_workday_timetable' retrieved from /Users/parth/Desktop/Engine/venv/lib/python3.11/site-packages/airflow/example_dags/example_workday_timetable.py
[2025-07-17T07:56:03.413+0530] {logging_mixin.py:190} INFO - [2025-07-17T07:56:03.412+0530] {dag.py:3239} INFO - Sync 1 DAGs
[2025-07-17T07:56:03.444+0530] {logging_mixin.py:190} INFO - [2025-07-17T07:56:03.444+0530] {dag.py:4180} INFO - Setting next_dagrun for example_workday_timetable to 2021-01-04 00:00:00+00:00, run_after=2021-01-05 00:00:00+00:00
[2025-07-17T07:56:03.454+0530] {processor.py:208} INFO - Processing /Users/parth/Desktop/Engine/venv/lib/python3.11/site-packages/airflow/example_dags/example_workday_timetable.py took 0.778 seconds
[2025-07-17T07:57:58.439+0530] {processor.py:186} INFO - Started process (PID=37910) to work on /Users/parth/Desktop/Engine/venv/lib/python3.11/site-packages/airflow/example_dags/example_workday_timetable.py
[2025-07-17T07:57:58.440+0530] {processor.py:914} INFO - Processing file /Users/parth/Desktop/Engine/venv/lib/python3.11/site-packages/airflow/example_dags/example_workday_timetable.py for tasks to queue
[2025-07-17T07:57:58.441+0530] {logging_mixin.py:190} INFO - [2025-07-17T07:57:58.441+0530] {dagbag.py:588} INFO - Filling up the DagBag from /Users/parth/Desktop/Engine/venv/lib/python3.11/site-packages/airflow/example_dags/example_workday_timetable.py
[2025-07-17T07:57:58.998+0530] {processor.py:925} INFO - DAG(s) 'example_workday_timetable' retrieved from /Users/parth/Desktop/Engine/venv/lib/python3.11/site-packages/airflow/example_dags/example_workday_timetable.py
[2025-07-17T07:57:59.065+0530] {logging_mixin.py:190} INFO - [2025-07-17T07:57:59.065+0530] {dag.py:3239} INFO - Sync 1 DAGs
[2025-07-17T07:57:59.101+0530] {logging_mixin.py:190} INFO - [2025-07-17T07:57:59.100+0530] {dag.py:4180} INFO - Setting next_dagrun for example_workday_timetable to 2021-01-04 00:00:00+00:00, run_after=2021-01-05 00:00:00+00:00
[2025-07-17T07:57:59.112+0530] {processor.py:208} INFO - Processing /Users/parth/Desktop/Engine/venv/lib/python3.11/site-packages/airflow/example_dags/example_workday_timetable.py took 0.675 seconds
[2025-07-17T08:00:00.425+0530] {processor.py:186} INFO - Started process (PID=38690) to work on /Users/parth/Desktop/Engine/venv/lib/python3.11/site-packages/airflow/example_dags/example_workday_timetable.py
[2025-07-17T08:00:00.426+0530] {processor.py:914} INFO - Processing file /Users/parth/Desktop/Engine/venv/lib/python3.11/site-packages/airflow/example_dags/example_workday_timetable.py for tasks to queue
[2025-07-17T08:00:00.426+0530] {logging_mixin.py:190} INFO - [2025-07-17T08:00:00.426+0530] {dagbag.py:588} INFO - Filling up the DagBag from /Users/parth/Desktop/Engine/venv/lib/python3.11/site-packages/airflow/example_dags/example_workday_timetable.py
[2025-07-17T08:00:01.173+0530] {processor.py:925} INFO - DAG(s) 'example_workday_timetable' retrieved from /Users/parth/Desktop/Engine/venv/lib/python3.11/site-packages/airflow/example_dags/example_workday_timetable.py
[2025-07-17T08:00:01.248+0530] {logging_mixin.py:190} INFO - [2025-07-17T08:00:01.248+0530] {dag.py:3239} INFO - Sync 1 DAGs
[2025-07-17T08:00:01.290+0530] {logging_mixin.py:190} INFO - [2025-07-17T08:00:01.289+0530] {dag.py:4180} INFO - Setting next_dagrun for example_workday_timetable to 2021-01-04 00:00:00+00:00, run_after=2021-01-05 00:00:00+00:00
[2025-07-17T08:00:01.303+0530] {processor.py:208} INFO - Processing /Users/parth/Desktop/Engine/venv/lib/python3.11/site-packages/airflow/example_dags/example_workday_timetable.py took 0.881 seconds
[2025-07-17T08:02:17.092+0530] {processor.py:186} INFO - Started process (PID=39571) to work on /Users/parth/Desktop/Engine/venv/lib/python3.11/site-packages/airflow/example_dags/example_workday_timetable.py
[2025-07-17T08:02:17.093+0530] {processor.py:914} INFO - Processing file /Users/parth/Desktop/Engine/venv/lib/python3.11/site-packages/airflow/example_dags/example_workday_timetable.py for tasks to queue
[2025-07-17T08:02:17.094+0530] {logging_mixin.py:190} INFO - [2025-07-17T08:02:17.094+0530] {dagbag.py:588} INFO - Filling up the DagBag from /Users/parth/Desktop/Engine/venv/lib/python3.11/site-packages/airflow/example_dags/example_workday_timetable.py
[2025-07-17T08:02:17.771+0530] {processor.py:925} INFO - DAG(s) 'example_workday_timetable' retrieved from /Users/parth/Desktop/Engine/venv/lib/python3.11/site-packages/airflow/example_dags/example_workday_timetable.py
[2025-07-17T08:02:17.849+0530] {logging_mixin.py:190} INFO - [2025-07-17T08:02:17.849+0530] {dag.py:3239} INFO - Sync 1 DAGs
[2025-07-17T08:02:17.888+0530] {logging_mixin.py:190} INFO - [2025-07-17T08:02:17.887+0530] {dag.py:4180} INFO - Setting next_dagrun for example_workday_timetable to 2021-01-04 00:00:00+00:00, run_after=2021-01-05 00:00:00+00:00
[2025-07-17T08:02:17.902+0530] {processor.py:208} INFO - Processing /Users/parth/Desktop/Engine/venv/lib/python3.11/site-packages/airflow/example_dags/example_workday_timetable.py took 0.812 seconds
[2025-07-17T08:04:21.562+0530] {processor.py:186} INFO - Started process (PID=40406) to work on /Users/parth/Desktop/Engine/venv/lib/python3.11/site-packages/airflow/example_dags/example_workday_timetable.py
[2025-07-17T08:04:21.563+0530] {processor.py:914} INFO - Processing file /Users/parth/Desktop/Engine/venv/lib/python3.11/site-packages/airflow/example_dags/example_workday_timetable.py for tasks to queue
[2025-07-17T08:04:21.563+0530] {logging_mixin.py:190} INFO - [2025-07-17T08:04:21.563+0530] {dagbag.py:588} INFO - Filling up the DagBag from /Users/parth/Desktop/Engine/venv/lib/python3.11/site-packages/airflow/example_dags/example_workday_timetable.py
[2025-07-17T08:04:22.178+0530] {processor.py:925} INFO - DAG(s) 'example_workday_timetable' retrieved from /Users/parth/Desktop/Engine/venv/lib/python3.11/site-packages/airflow/example_dags/example_workday_timetable.py
[2025-07-17T08:04:22.245+0530] {logging_mixin.py:190} INFO - [2025-07-17T08:04:22.245+0530] {dag.py:3239} INFO - Sync 1 DAGs
[2025-07-17T08:04:22.281+0530] {logging_mixin.py:190} INFO - [2025-07-17T08:04:22.281+0530] {dag.py:4180} INFO - Setting next_dagrun for example_workday_timetable to 2021-01-04 00:00:00+00:00, run_after=2021-01-05 00:00:00+00:00
[2025-07-17T08:04:22.291+0530] {processor.py:208} INFO - Processing /Users/parth/Desktop/Engine/venv/lib/python3.11/site-packages/airflow/example_dags/example_workday_timetable.py took 0.732 seconds
[2025-07-17T08:06:30.900+0530] {processor.py:186} INFO - Started process (PID=41337) to work on /Users/parth/Desktop/Engine/venv/lib/python3.11/site-packages/airflow/example_dags/example_workday_timetable.py
[2025-07-17T08:06:30.901+0530] {processor.py:914} INFO - Processing file /Users/parth/Desktop/Engine/venv/lib/python3.11/site-packages/airflow/example_dags/example_workday_timetable.py for tasks to queue
[2025-07-17T08:06:30.902+0530] {logging_mixin.py:190} INFO - [2025-07-17T08:06:30.901+0530] {dagbag.py:588} INFO - Filling up the DagBag from /Users/parth/Desktop/Engine/venv/lib/python3.11/site-packages/airflow/example_dags/example_workday_timetable.py
[2025-07-17T08:06:31.487+0530] {processor.py:925} INFO - DAG(s) 'example_workday_timetable' retrieved from /Users/parth/Desktop/Engine/venv/lib/python3.11/site-packages/airflow/example_dags/example_workday_timetable.py
[2025-07-17T08:06:31.561+0530] {logging_mixin.py:190} INFO - [2025-07-17T08:06:31.561+0530] {dag.py:3239} INFO - Sync 1 DAGs
[2025-07-17T08:06:31.598+0530] {logging_mixin.py:190} INFO - [2025-07-17T08:06:31.598+0530] {dag.py:4180} INFO - Setting next_dagrun for example_workday_timetable to 2021-01-04 00:00:00+00:00, run_after=2021-01-05 00:00:00+00:00
[2025-07-17T08:06:31.609+0530] {processor.py:208} INFO - Processing /Users/parth/Desktop/Engine/venv/lib/python3.11/site-packages/airflow/example_dags/example_workday_timetable.py took 0.712 seconds
[2025-07-17T08:08:29.003+0530] {processor.py:186} INFO - Started process (PID=42105) to work on /Users/parth/Desktop/Engine/venv/lib/python3.11/site-packages/airflow/example_dags/example_workday_timetable.py
[2025-07-17T08:08:29.004+0530] {processor.py:914} INFO - Processing file /Users/parth/Desktop/Engine/venv/lib/python3.11/site-packages/airflow/example_dags/example_workday_timetable.py for tasks to queue
[2025-07-17T08:08:29.005+0530] {logging_mixin.py:190} INFO - [2025-07-17T08:08:29.005+0530] {dagbag.py:588} INFO - Filling up the DagBag from /Users/parth/Desktop/Engine/venv/lib/python3.11/site-packages/airflow/example_dags/example_workday_timetable.py
[2025-07-17T08:08:29.532+0530] {processor.py:925} INFO - DAG(s) 'example_workday_timetable' retrieved from /Users/parth/Desktop/Engine/venv/lib/python3.11/site-packages/airflow/example_dags/example_workday_timetable.py
[2025-07-17T08:08:29.600+0530] {logging_mixin.py:190} INFO - [2025-07-17T08:08:29.600+0530] {dag.py:3239} INFO - Sync 1 DAGs
[2025-07-17T08:08:29.628+0530] {logging_mixin.py:190} INFO - [2025-07-17T08:08:29.628+0530] {dag.py:4180} INFO - Setting next_dagrun for example_workday_timetable to 2021-01-04 00:00:00+00:00, run_after=2021-01-05 00:00:00+00:00
[2025-07-17T08:08:29.639+0530] {processor.py:208} INFO - Processing /Users/parth/Desktop/Engine/venv/lib/python3.11/site-packages/airflow/example_dags/example_workday_timetable.py took 0.638 seconds
[2025-07-17T08:10:39.485+0530] {processor.py:186} INFO - Started process (PID=43008) to work on /Users/parth/Desktop/Engine/venv/lib/python3.11/site-packages/airflow/example_dags/example_workday_timetable.py
[2025-07-17T08:10:39.486+0530] {processor.py:914} INFO - Processing file /Users/parth/Desktop/Engine/venv/lib/python3.11/site-packages/airflow/example_dags/example_workday_timetable.py for tasks to queue
[2025-07-17T08:10:39.486+0530] {logging_mixin.py:190} INFO - [2025-07-17T08:10:39.486+0530] {dagbag.py:588} INFO - Filling up the DagBag from /Users/parth/Desktop/Engine/venv/lib/python3.11/site-packages/airflow/example_dags/example_workday_timetable.py
[2025-07-17T08:10:39.957+0530] {processor.py:925} INFO - DAG(s) 'example_workday_timetable' retrieved from /Users/parth/Desktop/Engine/venv/lib/python3.11/site-packages/airflow/example_dags/example_workday_timetable.py
[2025-07-17T08:10:40.023+0530] {logging_mixin.py:190} INFO - [2025-07-17T08:10:40.023+0530] {dag.py:3239} INFO - Sync 1 DAGs
[2025-07-17T08:10:40.059+0530] {logging_mixin.py:190} INFO - [2025-07-17T08:10:40.058+0530] {dag.py:4180} INFO - Setting next_dagrun for example_workday_timetable to 2021-01-04 00:00:00+00:00, run_after=2021-01-05 00:00:00+00:00
[2025-07-17T08:10:40.070+0530] {processor.py:208} INFO - Processing /Users/parth/Desktop/Engine/venv/lib/python3.11/site-packages/airflow/example_dags/example_workday_timetable.py took 0.587 seconds
[2025-07-17T08:16:50.899+0530] {processor.py:186} INFO - Started process (PID=43767) to work on /Users/parth/Desktop/Engine/venv/lib/python3.11/site-packages/airflow/example_dags/example_workday_timetable.py
[2025-07-17T08:16:50.900+0530] {processor.py:914} INFO - Processing file /Users/parth/Desktop/Engine/venv/lib/python3.11/site-packages/airflow/example_dags/example_workday_timetable.py for tasks to queue
[2025-07-17T08:16:50.901+0530] {logging_mixin.py:190} INFO - [2025-07-17T08:16:50.901+0530] {dagbag.py:588} INFO - Filling up the DagBag from /Users/parth/Desktop/Engine/venv/lib/python3.11/site-packages/airflow/example_dags/example_workday_timetable.py
[2025-07-17T08:16:51.426+0530] {processor.py:925} INFO - DAG(s) 'example_workday_timetable' retrieved from /Users/parth/Desktop/Engine/venv/lib/python3.11/site-packages/airflow/example_dags/example_workday_timetable.py
[2025-07-17T08:16:51.496+0530] {logging_mixin.py:190} INFO - [2025-07-17T08:16:51.495+0530] {dag.py:3239} INFO - Sync 1 DAGs
[2025-07-17T08:16:51.523+0530] {logging_mixin.py:190} INFO - [2025-07-17T08:16:51.523+0530] {dag.py:4180} INFO - Setting next_dagrun for example_workday_timetable to 2021-01-04 00:00:00+00:00, run_after=2021-01-05 00:00:00+00:00
[2025-07-17T08:16:51.534+0530] {processor.py:208} INFO - Processing /Users/parth/Desktop/Engine/venv/lib/python3.11/site-packages/airflow/example_dags/example_workday_timetable.py took 0.637 seconds
[2025-07-17T08:18:37.559+0530] {processor.py:186} INFO - Started process (PID=44454) to work on /Users/parth/Desktop/Engine/venv/lib/python3.11/site-packages/airflow/example_dags/example_workday_timetable.py
[2025-07-17T08:18:37.559+0530] {processor.py:914} INFO - Processing file /Users/parth/Desktop/Engine/venv/lib/python3.11/site-packages/airflow/example_dags/example_workday_timetable.py for tasks to queue
[2025-07-17T08:18:37.560+0530] {logging_mixin.py:190} INFO - [2025-07-17T08:18:37.560+0530] {dagbag.py:588} INFO - Filling up the DagBag from /Users/parth/Desktop/Engine/venv/lib/python3.11/site-packages/airflow/example_dags/example_workday_timetable.py
[2025-07-17T08:18:38.067+0530] {processor.py:925} INFO - DAG(s) 'example_workday_timetable' retrieved from /Users/parth/Desktop/Engine/venv/lib/python3.11/site-packages/airflow/example_dags/example_workday_timetable.py
[2025-07-17T08:18:38.133+0530] {logging_mixin.py:190} INFO - [2025-07-17T08:18:38.133+0530] {dag.py:3239} INFO - Sync 1 DAGs
[2025-07-17T08:18:38.160+0530] {logging_mixin.py:190} INFO - [2025-07-17T08:18:38.160+0530] {dag.py:4180} INFO - Setting next_dagrun for example_workday_timetable to 2021-01-04 00:00:00+00:00, run_after=2021-01-05 00:00:00+00:00
[2025-07-17T08:18:38.171+0530] {processor.py:208} INFO - Processing /Users/parth/Desktop/Engine/venv/lib/python3.11/site-packages/airflow/example_dags/example_workday_timetable.py took 0.615 seconds
[2025-07-17T08:20:42.773+0530] {processor.py:186} INFO - Started process (PID=45160) to work on /Users/parth/Desktop/Engine/venv/lib/python3.11/site-packages/airflow/example_dags/example_workday_timetable.py
[2025-07-17T08:20:42.775+0530] {processor.py:914} INFO - Processing file /Users/parth/Desktop/Engine/venv/lib/python3.11/site-packages/airflow/example_dags/example_workday_timetable.py for tasks to queue
[2025-07-17T08:20:42.775+0530] {logging_mixin.py:190} INFO - [2025-07-17T08:20:42.775+0530] {dagbag.py:588} INFO - Filling up the DagBag from /Users/parth/Desktop/Engine/venv/lib/python3.11/site-packages/airflow/example_dags/example_workday_timetable.py
[2025-07-17T08:20:43.278+0530] {processor.py:925} INFO - DAG(s) 'example_workday_timetable' retrieved from /Users/parth/Desktop/Engine/venv/lib/python3.11/site-packages/airflow/example_dags/example_workday_timetable.py
[2025-07-17T08:20:43.344+0530] {logging_mixin.py:190} INFO - [2025-07-17T08:20:43.344+0530] {dag.py:3239} INFO - Sync 1 DAGs
[2025-07-17T08:20:43.372+0530] {logging_mixin.py:190} INFO - [2025-07-17T08:20:43.372+0530] {dag.py:4180} INFO - Setting next_dagrun for example_workday_timetable to 2021-01-04 00:00:00+00:00, run_after=2021-01-05 00:00:00+00:00
[2025-07-17T08:20:43.383+0530] {processor.py:208} INFO - Processing /Users/parth/Desktop/Engine/venv/lib/python3.11/site-packages/airflow/example_dags/example_workday_timetable.py took 0.612 seconds
[2025-07-17T08:22:29.617+0530] {processor.py:186} INFO - Started process (PID=45862) to work on /Users/parth/Desktop/Engine/venv/lib/python3.11/site-packages/airflow/example_dags/example_workday_timetable.py
[2025-07-17T08:22:29.618+0530] {processor.py:914} INFO - Processing file /Users/parth/Desktop/Engine/venv/lib/python3.11/site-packages/airflow/example_dags/example_workday_timetable.py for tasks to queue
[2025-07-17T08:22:29.619+0530] {logging_mixin.py:190} INFO - [2025-07-17T08:22:29.619+0530] {dagbag.py:588} INFO - Filling up the DagBag from /Users/parth/Desktop/Engine/venv/lib/python3.11/site-packages/airflow/example_dags/example_workday_timetable.py
[2025-07-17T08:22:30.112+0530] {processor.py:925} INFO - DAG(s) 'example_workday_timetable' retrieved from /Users/parth/Desktop/Engine/venv/lib/python3.11/site-packages/airflow/example_dags/example_workday_timetable.py
[2025-07-17T08:22:30.180+0530] {logging_mixin.py:190} INFO - [2025-07-17T08:22:30.180+0530] {dag.py:3239} INFO - Sync 1 DAGs
[2025-07-17T08:22:30.208+0530] {logging_mixin.py:190} INFO - [2025-07-17T08:22:30.207+0530] {dag.py:4180} INFO - Setting next_dagrun for example_workday_timetable to 2021-01-04 00:00:00+00:00, run_after=2021-01-05 00:00:00+00:00
[2025-07-17T08:22:30.219+0530] {processor.py:208} INFO - Processing /Users/parth/Desktop/Engine/venv/lib/python3.11/site-packages/airflow/example_dags/example_workday_timetable.py took 0.604 seconds
[2025-07-17T08:24:16.509+0530] {processor.py:186} INFO - Started process (PID=46562) to work on /Users/parth/Desktop/Engine/venv/lib/python3.11/site-packages/airflow/example_dags/example_workday_timetable.py
[2025-07-17T08:24:16.509+0530] {processor.py:914} INFO - Processing file /Users/parth/Desktop/Engine/venv/lib/python3.11/site-packages/airflow/example_dags/example_workday_timetable.py for tasks to queue
[2025-07-17T08:24:16.510+0530] {logging_mixin.py:190} INFO - [2025-07-17T08:24:16.510+0530] {dagbag.py:588} INFO - Filling up the DagBag from /Users/parth/Desktop/Engine/venv/lib/python3.11/site-packages/airflow/example_dags/example_workday_timetable.py
[2025-07-17T08:24:17.055+0530] {processor.py:925} INFO - DAG(s) 'example_workday_timetable' retrieved from /Users/parth/Desktop/Engine/venv/lib/python3.11/site-packages/airflow/example_dags/example_workday_timetable.py
[2025-07-17T08:24:17.122+0530] {logging_mixin.py:190} INFO - [2025-07-17T08:24:17.122+0530] {dag.py:3239} INFO - Sync 1 DAGs
[2025-07-17T08:24:17.149+0530] {logging_mixin.py:190} INFO - [2025-07-17T08:24:17.149+0530] {dag.py:4180} INFO - Setting next_dagrun for example_workday_timetable to 2021-01-04 00:00:00+00:00, run_after=2021-01-05 00:00:00+00:00
[2025-07-17T08:24:17.160+0530] {processor.py:208} INFO - Processing /Users/parth/Desktop/Engine/venv/lib/python3.11/site-packages/airflow/example_dags/example_workday_timetable.py took 0.654 seconds
[2025-07-17T08:26:02.030+0530] {processor.py:186} INFO - Started process (PID=47292) to work on /Users/parth/Desktop/Engine/venv/lib/python3.11/site-packages/airflow/example_dags/example_workday_timetable.py
[2025-07-17T08:26:02.030+0530] {processor.py:914} INFO - Processing file /Users/parth/Desktop/Engine/venv/lib/python3.11/site-packages/airflow/example_dags/example_workday_timetable.py for tasks to queue
[2025-07-17T08:26:02.031+0530] {logging_mixin.py:190} INFO - [2025-07-17T08:26:02.031+0530] {dagbag.py:588} INFO - Filling up the DagBag from /Users/parth/Desktop/Engine/venv/lib/python3.11/site-packages/airflow/example_dags/example_workday_timetable.py
[2025-07-17T08:26:02.476+0530] {processor.py:925} INFO - DAG(s) 'example_workday_timetable' retrieved from /Users/parth/Desktop/Engine/venv/lib/python3.11/site-packages/airflow/example_dags/example_workday_timetable.py
[2025-07-17T08:26:02.541+0530] {logging_mixin.py:190} INFO - [2025-07-17T08:26:02.541+0530] {dag.py:3239} INFO - Sync 1 DAGs
[2025-07-17T08:26:02.576+0530] {logging_mixin.py:190} INFO - [2025-07-17T08:26:02.576+0530] {dag.py:4180} INFO - Setting next_dagrun for example_workday_timetable to 2021-01-04 00:00:00+00:00, run_after=2021-01-05 00:00:00+00:00
[2025-07-17T08:26:02.586+0530] {processor.py:208} INFO - Processing /Users/parth/Desktop/Engine/venv/lib/python3.11/site-packages/airflow/example_dags/example_workday_timetable.py took 0.559 seconds
[2025-07-17T08:27:56.106+0530] {processor.py:186} INFO - Started process (PID=48039) to work on /Users/parth/Desktop/Engine/venv/lib/python3.11/site-packages/airflow/example_dags/example_workday_timetable.py
[2025-07-17T08:27:56.225+0530] {processor.py:914} INFO - Processing file /Users/parth/Desktop/Engine/venv/lib/python3.11/site-packages/airflow/example_dags/example_workday_timetable.py for tasks to queue
[2025-07-17T08:27:56.226+0530] {logging_mixin.py:190} INFO - [2025-07-17T08:27:56.225+0530] {dagbag.py:588} INFO - Filling up the DagBag from /Users/parth/Desktop/Engine/venv/lib/python3.11/site-packages/airflow/example_dags/example_workday_timetable.py
[2025-07-17T08:27:56.894+0530] {processor.py:925} INFO - DAG(s) 'example_workday_timetable' retrieved from /Users/parth/Desktop/Engine/venv/lib/python3.11/site-packages/airflow/example_dags/example_workday_timetable.py
[2025-07-17T08:27:56.974+0530] {logging_mixin.py:190} INFO - [2025-07-17T08:27:56.973+0530] {dag.py:3239} INFO - Sync 1 DAGs
[2025-07-17T08:27:57.012+0530] {logging_mixin.py:190} INFO - [2025-07-17T08:27:57.011+0530] {dag.py:4180} INFO - Setting next_dagrun for example_workday_timetable to 2021-01-04 00:00:00+00:00, run_after=2021-01-05 00:00:00+00:00
[2025-07-17T08:27:57.024+0530] {processor.py:208} INFO - Processing /Users/parth/Desktop/Engine/venv/lib/python3.11/site-packages/airflow/example_dags/example_workday_timetable.py took 0.921 seconds
[2025-07-17T08:29:47.707+0530] {processor.py:186} INFO - Started process (PID=48885) to work on /Users/parth/Desktop/Engine/venv/lib/python3.11/site-packages/airflow/example_dags/example_workday_timetable.py
[2025-07-17T08:29:47.708+0530] {processor.py:914} INFO - Processing file /Users/parth/Desktop/Engine/venv/lib/python3.11/site-packages/airflow/example_dags/example_workday_timetable.py for tasks to queue
[2025-07-17T08:29:47.708+0530] {logging_mixin.py:190} INFO - [2025-07-17T08:29:47.708+0530] {dagbag.py:588} INFO - Filling up the DagBag from /Users/parth/Desktop/Engine/venv/lib/python3.11/site-packages/airflow/example_dags/example_workday_timetable.py
[2025-07-17T08:29:48.244+0530] {processor.py:925} INFO - DAG(s) 'example_workday_timetable' retrieved from /Users/parth/Desktop/Engine/venv/lib/python3.11/site-packages/airflow/example_dags/example_workday_timetable.py
[2025-07-17T08:29:48.311+0530] {logging_mixin.py:190} INFO - [2025-07-17T08:29:48.311+0530] {dag.py:3239} INFO - Sync 1 DAGs
[2025-07-17T08:29:48.345+0530] {logging_mixin.py:190} INFO - [2025-07-17T08:29:48.345+0530] {dag.py:4180} INFO - Setting next_dagrun for example_workday_timetable to 2021-01-04 00:00:00+00:00, run_after=2021-01-05 00:00:00+00:00
[2025-07-17T08:29:48.356+0530] {processor.py:208} INFO - Processing /Users/parth/Desktop/Engine/venv/lib/python3.11/site-packages/airflow/example_dags/example_workday_timetable.py took 0.652 seconds
[2025-07-17T08:36:00.165+0530] {processor.py:186} INFO - Started process (PID=49646) to work on /Users/parth/Desktop/Engine/venv/lib/python3.11/site-packages/airflow/example_dags/example_workday_timetable.py
[2025-07-17T08:36:00.166+0530] {processor.py:914} INFO - Processing file /Users/parth/Desktop/Engine/venv/lib/python3.11/site-packages/airflow/example_dags/example_workday_timetable.py for tasks to queue
[2025-07-17T08:36:00.167+0530] {logging_mixin.py:190} INFO - [2025-07-17T08:36:00.166+0530] {dagbag.py:588} INFO - Filling up the DagBag from /Users/parth/Desktop/Engine/venv/lib/python3.11/site-packages/airflow/example_dags/example_workday_timetable.py
[2025-07-17T08:36:00.620+0530] {processor.py:925} INFO - DAG(s) 'example_workday_timetable' retrieved from /Users/parth/Desktop/Engine/venv/lib/python3.11/site-packages/airflow/example_dags/example_workday_timetable.py
[2025-07-17T08:36:00.687+0530] {logging_mixin.py:190} INFO - [2025-07-17T08:36:00.687+0530] {dag.py:3239} INFO - Sync 1 DAGs
[2025-07-17T08:36:00.722+0530] {logging_mixin.py:190} INFO - [2025-07-17T08:36:00.722+0530] {dag.py:4180} INFO - Setting next_dagrun for example_workday_timetable to 2021-01-04 00:00:00+00:00, run_after=2021-01-05 00:00:00+00:00
[2025-07-17T08:36:00.734+0530] {processor.py:208} INFO - Processing /Users/parth/Desktop/Engine/venv/lib/python3.11/site-packages/airflow/example_dags/example_workday_timetable.py took 0.571 seconds
[2025-07-17T08:37:46.111+0530] {processor.py:186} INFO - Started process (PID=50331) to work on /Users/parth/Desktop/Engine/venv/lib/python3.11/site-packages/airflow/example_dags/example_workday_timetable.py
[2025-07-17T08:37:46.112+0530] {processor.py:914} INFO - Processing file /Users/parth/Desktop/Engine/venv/lib/python3.11/site-packages/airflow/example_dags/example_workday_timetable.py for tasks to queue
[2025-07-17T08:37:46.112+0530] {logging_mixin.py:190} INFO - [2025-07-17T08:37:46.112+0530] {dagbag.py:588} INFO - Filling up the DagBag from /Users/parth/Desktop/Engine/venv/lib/python3.11/site-packages/airflow/example_dags/example_workday_timetable.py
[2025-07-17T08:37:46.574+0530] {processor.py:925} INFO - DAG(s) 'example_workday_timetable' retrieved from /Users/parth/Desktop/Engine/venv/lib/python3.11/site-packages/airflow/example_dags/example_workday_timetable.py
[2025-07-17T08:37:46.641+0530] {logging_mixin.py:190} INFO - [2025-07-17T08:37:46.640+0530] {dag.py:3239} INFO - Sync 1 DAGs
[2025-07-17T08:37:46.668+0530] {logging_mixin.py:190} INFO - [2025-07-17T08:37:46.668+0530] {dag.py:4180} INFO - Setting next_dagrun for example_workday_timetable to 2021-01-04 00:00:00+00:00, run_after=2021-01-05 00:00:00+00:00
[2025-07-17T08:37:46.679+0530] {processor.py:208} INFO - Processing /Users/parth/Desktop/Engine/venv/lib/python3.11/site-packages/airflow/example_dags/example_workday_timetable.py took 0.571 seconds
[2025-07-17T08:39:30.864+0530] {processor.py:186} INFO - Started process (PID=51012) to work on /Users/parth/Desktop/Engine/venv/lib/python3.11/site-packages/airflow/example_dags/example_workday_timetable.py
[2025-07-17T08:39:30.866+0530] {processor.py:914} INFO - Processing file /Users/parth/Desktop/Engine/venv/lib/python3.11/site-packages/airflow/example_dags/example_workday_timetable.py for tasks to queue
[2025-07-17T08:39:30.866+0530] {logging_mixin.py:190} INFO - [2025-07-17T08:39:30.866+0530] {dagbag.py:588} INFO - Filling up the DagBag from /Users/parth/Desktop/Engine/venv/lib/python3.11/site-packages/airflow/example_dags/example_workday_timetable.py
[2025-07-17T08:39:31.378+0530] {processor.py:925} INFO - DAG(s) 'example_workday_timetable' retrieved from /Users/parth/Desktop/Engine/venv/lib/python3.11/site-packages/airflow/example_dags/example_workday_timetable.py
[2025-07-17T08:39:31.447+0530] {logging_mixin.py:190} INFO - [2025-07-17T08:39:31.447+0530] {dag.py:3239} INFO - Sync 1 DAGs
[2025-07-17T08:39:31.475+0530] {logging_mixin.py:190} INFO - [2025-07-17T08:39:31.475+0530] {dag.py:4180} INFO - Setting next_dagrun for example_workday_timetable to 2021-01-04 00:00:00+00:00, run_after=2021-01-05 00:00:00+00:00
[2025-07-17T08:39:31.486+0530] {processor.py:208} INFO - Processing /Users/parth/Desktop/Engine/venv/lib/python3.11/site-packages/airflow/example_dags/example_workday_timetable.py took 0.624 seconds
[2025-07-17T08:42:28.298+0530] {processor.py:186} INFO - Started process (PID=51731) to work on /Users/parth/Desktop/Engine/venv/lib/python3.11/site-packages/airflow/example_dags/example_workday_timetable.py
[2025-07-17T08:42:28.299+0530] {processor.py:914} INFO - Processing file /Users/parth/Desktop/Engine/venv/lib/python3.11/site-packages/airflow/example_dags/example_workday_timetable.py for tasks to queue
[2025-07-17T08:42:28.299+0530] {logging_mixin.py:190} INFO - [2025-07-17T08:42:28.299+0530] {dagbag.py:588} INFO - Filling up the DagBag from /Users/parth/Desktop/Engine/venv/lib/python3.11/site-packages/airflow/example_dags/example_workday_timetable.py
[2025-07-17T08:42:28.815+0530] {processor.py:925} INFO - DAG(s) 'example_workday_timetable' retrieved from /Users/parth/Desktop/Engine/venv/lib/python3.11/site-packages/airflow/example_dags/example_workday_timetable.py
[2025-07-17T08:42:28.881+0530] {logging_mixin.py:190} INFO - [2025-07-17T08:42:28.881+0530] {dag.py:3239} INFO - Sync 1 DAGs
[2025-07-17T08:42:28.908+0530] {logging_mixin.py:190} INFO - [2025-07-17T08:42:28.908+0530] {dag.py:4180} INFO - Setting next_dagrun for example_workday_timetable to 2021-01-04 00:00:00+00:00, run_after=2021-01-05 00:00:00+00:00
[2025-07-17T08:42:28.919+0530] {processor.py:208} INFO - Processing /Users/parth/Desktop/Engine/venv/lib/python3.11/site-packages/airflow/example_dags/example_workday_timetable.py took 0.624 seconds
