[2025-07-17T06:37:54.474+0530] {processor.py:186} INFO - Started process (PID=23075) to work on /Users/parth/Desktop/Engine/venv/lib/python3.11/site-packages/airflow/example_dags/example_dynamic_task_mapping.py
[2025-07-17T06:37:54.475+0530] {processor.py:914} INFO - Processing file /Users/parth/Desktop/Engine/venv/lib/python3.11/site-packages/airflow/example_dags/example_dynamic_task_mapping.py for tasks to queue
[2025-07-17T06:37:54.476+0530] {logging_mixin.py:190} INFO - [2025-07-17T06:37:54.476+0530] {dagbag.py:588} INFO - Filling up the DagBag from /Users/parth/Desktop/Engine/venv/lib/python3.11/site-packages/airflow/example_dags/example_dynamic_task_mapping.py
[2025-07-17T06:37:54.501+0530] {processor.py:925} INFO - DAG(s) 'example_dynamic_task_mapping' retrieved from /Users/parth/Desktop/Engine/venv/lib/python3.11/site-packages/airflow/example_dags/example_dynamic_task_mapping.py
[2025-07-17T06:37:54.560+0530] {logging_mixin.py:190} INFO - [2025-07-17T06:37:54.560+0530] {dag.py:3239} INFO - Sync 1 DAGs
[2025-07-17T06:37:54.566+0530] {logging_mixin.py:190} INFO - [2025-07-17T06:37:54.566+0530] {dag.py:4180} INFO - Setting next_dagrun for example_dynamic_task_mapping to None, run_after=None
[2025-07-17T06:37:54.577+0530] {processor.py:208} INFO - Processing /Users/parth/Desktop/Engine/venv/lib/python3.11/site-packages/airflow/example_dags/example_dynamic_task_mapping.py took 0.105 seconds
[2025-07-17T07:23:21.251+0530] {processor.py:186} INFO - Started process (PID=23915) to work on /Users/parth/Desktop/Engine/venv/lib/python3.11/site-packages/airflow/example_dags/example_dynamic_task_mapping.py
[2025-07-17T07:23:21.253+0530] {processor.py:914} INFO - Processing file /Users/parth/Desktop/Engine/venv/lib/python3.11/site-packages/airflow/example_dags/example_dynamic_task_mapping.py for tasks to queue
[2025-07-17T07:23:21.256+0530] {logging_mixin.py:190} INFO - [2025-07-17T07:23:21.255+0530] {dagbag.py:588} INFO - Filling up the DagBag from /Users/parth/Desktop/Engine/venv/lib/python3.11/site-packages/airflow/example_dags/example_dynamic_task_mapping.py
[2025-07-17T07:23:21.340+0530] {processor.py:925} INFO - DAG(s) 'example_dynamic_task_mapping' retrieved from /Users/parth/Desktop/Engine/venv/lib/python3.11/site-packages/airflow/example_dags/example_dynamic_task_mapping.py
[2025-07-17T07:23:21.532+0530] {logging_mixin.py:190} INFO - [2025-07-17T07:23:21.531+0530] {dag.py:3239} INFO - Sync 1 DAGs
[2025-07-17T07:23:21.562+0530] {logging_mixin.py:190} INFO - [2025-07-17T07:23:21.561+0530] {dag.py:4180} INFO - Setting next_dagrun for example_dynamic_task_mapping to None, run_after=None
[2025-07-17T07:23:21.601+0530] {processor.py:208} INFO - Processing /Users/parth/Desktop/Engine/venv/lib/python3.11/site-packages/airflow/example_dags/example_dynamic_task_mapping.py took 0.357 seconds
[2025-07-17T07:25:47.406+0530] {processor.py:186} INFO - Started process (PID=24897) to work on /Users/parth/Desktop/Engine/venv/lib/python3.11/site-packages/airflow/example_dags/example_dynamic_task_mapping.py
[2025-07-17T07:25:47.407+0530] {processor.py:914} INFO - Processing file /Users/parth/Desktop/Engine/venv/lib/python3.11/site-packages/airflow/example_dags/example_dynamic_task_mapping.py for tasks to queue
[2025-07-17T07:25:47.408+0530] {logging_mixin.py:190} INFO - [2025-07-17T07:25:47.408+0530] {dagbag.py:588} INFO - Filling up the DagBag from /Users/parth/Desktop/Engine/venv/lib/python3.11/site-packages/airflow/example_dags/example_dynamic_task_mapping.py
[2025-07-17T07:25:47.433+0530] {processor.py:925} INFO - DAG(s) 'example_dynamic_task_mapping' retrieved from /Users/parth/Desktop/Engine/venv/lib/python3.11/site-packages/airflow/example_dags/example_dynamic_task_mapping.py
[2025-07-17T07:25:47.491+0530] {logging_mixin.py:190} INFO - [2025-07-17T07:25:47.491+0530] {dag.py:3239} INFO - Sync 1 DAGs
[2025-07-17T07:25:47.498+0530] {logging_mixin.py:190} INFO - [2025-07-17T07:25:47.498+0530] {dag.py:4180} INFO - Setting next_dagrun for example_dynamic_task_mapping to None, run_after=None
[2025-07-17T07:25:47.508+0530] {processor.py:208} INFO - Processing /Users/parth/Desktop/Engine/venv/lib/python3.11/site-packages/airflow/example_dags/example_dynamic_task_mapping.py took 0.104 seconds
[2025-07-17T07:29:19.413+0530] {processor.py:186} INFO - Started process (PID=26264) to work on /Users/parth/Desktop/Engine/venv/lib/python3.11/site-packages/airflow/example_dags/example_dynamic_task_mapping.py
[2025-07-17T07:29:19.414+0530] {processor.py:914} INFO - Processing file /Users/parth/Desktop/Engine/venv/lib/python3.11/site-packages/airflow/example_dags/example_dynamic_task_mapping.py for tasks to queue
[2025-07-17T07:29:19.415+0530] {logging_mixin.py:190} INFO - [2025-07-17T07:29:19.415+0530] {dagbag.py:588} INFO - Filling up the DagBag from /Users/parth/Desktop/Engine/venv/lib/python3.11/site-packages/airflow/example_dags/example_dynamic_task_mapping.py
[2025-07-17T07:29:19.439+0530] {processor.py:925} INFO - DAG(s) 'example_dynamic_task_mapping' retrieved from /Users/parth/Desktop/Engine/venv/lib/python3.11/site-packages/airflow/example_dags/example_dynamic_task_mapping.py
[2025-07-17T07:29:19.498+0530] {logging_mixin.py:190} INFO - [2025-07-17T07:29:19.498+0530] {dag.py:3239} INFO - Sync 1 DAGs
[2025-07-17T07:29:19.504+0530] {logging_mixin.py:190} INFO - [2025-07-17T07:29:19.504+0530] {dag.py:4180} INFO - Setting next_dagrun for example_dynamic_task_mapping to None, run_after=None
[2025-07-17T07:29:19.515+0530] {processor.py:208} INFO - Processing /Users/parth/Desktop/Engine/venv/lib/python3.11/site-packages/airflow/example_dags/example_dynamic_task_mapping.py took 0.103 seconds
[2025-07-17T07:32:51.898+0530] {processor.py:186} INFO - Started process (PID=27651) to work on /Users/parth/Desktop/Engine/venv/lib/python3.11/site-packages/airflow/example_dags/example_dynamic_task_mapping.py
[2025-07-17T07:32:51.899+0530] {processor.py:914} INFO - Processing file /Users/parth/Desktop/Engine/venv/lib/python3.11/site-packages/airflow/example_dags/example_dynamic_task_mapping.py for tasks to queue
[2025-07-17T07:32:51.899+0530] {logging_mixin.py:190} INFO - [2025-07-17T07:32:51.899+0530] {dagbag.py:588} INFO - Filling up the DagBag from /Users/parth/Desktop/Engine/venv/lib/python3.11/site-packages/airflow/example_dags/example_dynamic_task_mapping.py
[2025-07-17T07:32:51.923+0530] {processor.py:925} INFO - DAG(s) 'example_dynamic_task_mapping' retrieved from /Users/parth/Desktop/Engine/venv/lib/python3.11/site-packages/airflow/example_dags/example_dynamic_task_mapping.py
[2025-07-17T07:32:51.982+0530] {logging_mixin.py:190} INFO - [2025-07-17T07:32:51.982+0530] {dag.py:3239} INFO - Sync 1 DAGs
[2025-07-17T07:32:51.988+0530] {logging_mixin.py:190} INFO - [2025-07-17T07:32:51.988+0530] {dag.py:4180} INFO - Setting next_dagrun for example_dynamic_task_mapping to None, run_after=None
[2025-07-17T07:32:51.999+0530] {processor.py:208} INFO - Processing /Users/parth/Desktop/Engine/venv/lib/python3.11/site-packages/airflow/example_dags/example_dynamic_task_mapping.py took 0.103 seconds
[2025-07-17T07:36:40.576+0530] {processor.py:186} INFO - Started process (PID=29150) to work on /Users/parth/Desktop/Engine/venv/lib/python3.11/site-packages/airflow/example_dags/example_dynamic_task_mapping.py
[2025-07-17T07:36:40.577+0530] {processor.py:914} INFO - Processing file /Users/parth/Desktop/Engine/venv/lib/python3.11/site-packages/airflow/example_dags/example_dynamic_task_mapping.py for tasks to queue
[2025-07-17T07:36:40.577+0530] {logging_mixin.py:190} INFO - [2025-07-17T07:36:40.577+0530] {dagbag.py:588} INFO - Filling up the DagBag from /Users/parth/Desktop/Engine/venv/lib/python3.11/site-packages/airflow/example_dags/example_dynamic_task_mapping.py
[2025-07-17T07:36:40.602+0530] {processor.py:925} INFO - DAG(s) 'example_dynamic_task_mapping' retrieved from /Users/parth/Desktop/Engine/venv/lib/python3.11/site-packages/airflow/example_dags/example_dynamic_task_mapping.py
[2025-07-17T07:36:40.662+0530] {logging_mixin.py:190} INFO - [2025-07-17T07:36:40.661+0530] {dag.py:3239} INFO - Sync 1 DAGs
[2025-07-17T07:36:40.668+0530] {logging_mixin.py:190} INFO - [2025-07-17T07:36:40.668+0530] {dag.py:4180} INFO - Setting next_dagrun for example_dynamic_task_mapping to None, run_after=None
[2025-07-17T07:36:40.679+0530] {processor.py:208} INFO - Processing /Users/parth/Desktop/Engine/venv/lib/python3.11/site-packages/airflow/example_dags/example_dynamic_task_mapping.py took 0.105 seconds
[2025-07-17T07:40:18.676+0530] {processor.py:186} INFO - Started process (PID=30575) to work on /Users/parth/Desktop/Engine/venv/lib/python3.11/site-packages/airflow/example_dags/example_dynamic_task_mapping.py
[2025-07-17T07:40:18.678+0530] {processor.py:914} INFO - Processing file /Users/parth/Desktop/Engine/venv/lib/python3.11/site-packages/airflow/example_dags/example_dynamic_task_mapping.py for tasks to queue
[2025-07-17T07:40:18.678+0530] {logging_mixin.py:190} INFO - [2025-07-17T07:40:18.678+0530] {dagbag.py:588} INFO - Filling up the DagBag from /Users/parth/Desktop/Engine/venv/lib/python3.11/site-packages/airflow/example_dags/example_dynamic_task_mapping.py
[2025-07-17T07:40:18.703+0530] {processor.py:925} INFO - DAG(s) 'example_dynamic_task_mapping' retrieved from /Users/parth/Desktop/Engine/venv/lib/python3.11/site-packages/airflow/example_dags/example_dynamic_task_mapping.py
[2025-07-17T07:40:18.762+0530] {logging_mixin.py:190} INFO - [2025-07-17T07:40:18.762+0530] {dag.py:3239} INFO - Sync 1 DAGs
[2025-07-17T07:40:18.769+0530] {logging_mixin.py:190} INFO - [2025-07-17T07:40:18.769+0530] {dag.py:4180} INFO - Setting next_dagrun for example_dynamic_task_mapping to None, run_after=None
[2025-07-17T07:40:18.779+0530] {processor.py:208} INFO - Processing /Users/parth/Desktop/Engine/venv/lib/python3.11/site-packages/airflow/example_dags/example_dynamic_task_mapping.py took 0.105 seconds
[2025-07-17T07:44:50.785+0530] {processor.py:186} INFO - Started process (PID=32462) to work on /Users/parth/Desktop/Engine/venv/lib/python3.11/site-packages/airflow/example_dags/example_dynamic_task_mapping.py
[2025-07-17T07:44:50.787+0530] {processor.py:914} INFO - Processing file /Users/parth/Desktop/Engine/venv/lib/python3.11/site-packages/airflow/example_dags/example_dynamic_task_mapping.py for tasks to queue
[2025-07-17T07:44:50.790+0530] {logging_mixin.py:190} INFO - [2025-07-17T07:44:50.790+0530] {dagbag.py:588} INFO - Filling up the DagBag from /Users/parth/Desktop/Engine/venv/lib/python3.11/site-packages/airflow/example_dags/example_dynamic_task_mapping.py
[2025-07-17T07:44:50.881+0530] {processor.py:925} INFO - DAG(s) 'example_dynamic_task_mapping' retrieved from /Users/parth/Desktop/Engine/venv/lib/python3.11/site-packages/airflow/example_dags/example_dynamic_task_mapping.py
[2025-07-17T07:44:51.085+0530] {logging_mixin.py:190} INFO - [2025-07-17T07:44:51.085+0530] {dag.py:3239} INFO - Sync 1 DAGs
[2025-07-17T07:44:51.102+0530] {logging_mixin.py:190} INFO - [2025-07-17T07:44:51.102+0530] {dag.py:4180} INFO - Setting next_dagrun for example_dynamic_task_mapping to None, run_after=None
[2025-07-17T07:44:51.129+0530] {processor.py:208} INFO - Processing /Users/parth/Desktop/Engine/venv/lib/python3.11/site-packages/airflow/example_dags/example_dynamic_task_mapping.py took 0.351 seconds
[2025-07-17T07:49:47.366+0530] {processor.py:186} INFO - Started process (PID=34477) to work on /Users/parth/Desktop/Engine/venv/lib/python3.11/site-packages/airflow/example_dags/example_dynamic_task_mapping.py
[2025-07-17T07:49:47.368+0530] {processor.py:914} INFO - Processing file /Users/parth/Desktop/Engine/venv/lib/python3.11/site-packages/airflow/example_dags/example_dynamic_task_mapping.py for tasks to queue
[2025-07-17T07:49:47.370+0530] {logging_mixin.py:190} INFO - [2025-07-17T07:49:47.369+0530] {dagbag.py:588} INFO - Filling up the DagBag from /Users/parth/Desktop/Engine/venv/lib/python3.11/site-packages/airflow/example_dags/example_dynamic_task_mapping.py
[2025-07-17T07:49:47.415+0530] {processor.py:925} INFO - DAG(s) 'example_dynamic_task_mapping' retrieved from /Users/parth/Desktop/Engine/venv/lib/python3.11/site-packages/airflow/example_dags/example_dynamic_task_mapping.py
[2025-07-17T07:49:47.543+0530] {logging_mixin.py:190} INFO - [2025-07-17T07:49:47.543+0530] {dag.py:3239} INFO - Sync 1 DAGs
[2025-07-17T07:49:47.555+0530] {logging_mixin.py:190} INFO - [2025-07-17T07:49:47.555+0530] {dag.py:4180} INFO - Setting next_dagrun for example_dynamic_task_mapping to None, run_after=None
[2025-07-17T07:49:47.575+0530] {processor.py:208} INFO - Processing /Users/parth/Desktop/Engine/venv/lib/python3.11/site-packages/airflow/example_dags/example_dynamic_task_mapping.py took 0.213 seconds
[2025-07-17T07:54:55.303+0530] {processor.py:186} INFO - Started process (PID=36652) to work on /Users/parth/Desktop/Engine/venv/lib/python3.11/site-packages/airflow/example_dags/example_dynamic_task_mapping.py
[2025-07-17T07:54:55.304+0530] {processor.py:914} INFO - Processing file /Users/parth/Desktop/Engine/venv/lib/python3.11/site-packages/airflow/example_dags/example_dynamic_task_mapping.py for tasks to queue
[2025-07-17T07:54:55.305+0530] {logging_mixin.py:190} INFO - [2025-07-17T07:54:55.305+0530] {dagbag.py:588} INFO - Filling up the DagBag from /Users/parth/Desktop/Engine/venv/lib/python3.11/site-packages/airflow/example_dags/example_dynamic_task_mapping.py
[2025-07-17T07:54:55.343+0530] {processor.py:925} INFO - DAG(s) 'example_dynamic_task_mapping' retrieved from /Users/parth/Desktop/Engine/venv/lib/python3.11/site-packages/airflow/example_dags/example_dynamic_task_mapping.py
[2025-07-17T07:54:55.411+0530] {logging_mixin.py:190} INFO - [2025-07-17T07:54:55.410+0530] {dag.py:3239} INFO - Sync 1 DAGs
[2025-07-17T07:54:55.418+0530] {logging_mixin.py:190} INFO - [2025-07-17T07:54:55.418+0530] {dag.py:4180} INFO - Setting next_dagrun for example_dynamic_task_mapping to None, run_after=None
[2025-07-17T07:54:55.430+0530] {processor.py:208} INFO - Processing /Users/parth/Desktop/Engine/venv/lib/python3.11/site-packages/airflow/example_dags/example_dynamic_task_mapping.py took 0.131 seconds
[2025-07-17T07:58:54.315+0530] {processor.py:186} INFO - Started process (PID=38271) to work on /Users/parth/Desktop/Engine/venv/lib/python3.11/site-packages/airflow/example_dags/example_dynamic_task_mapping.py
[2025-07-17T07:58:54.316+0530] {processor.py:914} INFO - Processing file /Users/parth/Desktop/Engine/venv/lib/python3.11/site-packages/airflow/example_dags/example_dynamic_task_mapping.py for tasks to queue
[2025-07-17T07:58:54.316+0530] {logging_mixin.py:190} INFO - [2025-07-17T07:58:54.316+0530] {dagbag.py:588} INFO - Filling up the DagBag from /Users/parth/Desktop/Engine/venv/lib/python3.11/site-packages/airflow/example_dags/example_dynamic_task_mapping.py
[2025-07-17T07:58:54.342+0530] {processor.py:925} INFO - DAG(s) 'example_dynamic_task_mapping' retrieved from /Users/parth/Desktop/Engine/venv/lib/python3.11/site-packages/airflow/example_dags/example_dynamic_task_mapping.py
[2025-07-17T07:58:54.402+0530] {logging_mixin.py:190} INFO - [2025-07-17T07:58:54.402+0530] {dag.py:3239} INFO - Sync 1 DAGs
[2025-07-17T07:58:54.409+0530] {logging_mixin.py:190} INFO - [2025-07-17T07:58:54.409+0530] {dag.py:4180} INFO - Setting next_dagrun for example_dynamic_task_mapping to None, run_after=None
[2025-07-17T07:58:54.420+0530] {processor.py:208} INFO - Processing /Users/parth/Desktop/Engine/venv/lib/python3.11/site-packages/airflow/example_dags/example_dynamic_task_mapping.py took 0.108 seconds
[2025-07-17T08:03:22.263+0530] {processor.py:186} INFO - Started process (PID=40002) to work on /Users/parth/Desktop/Engine/venv/lib/python3.11/site-packages/airflow/example_dags/example_dynamic_task_mapping.py
[2025-07-17T08:03:22.265+0530] {processor.py:914} INFO - Processing file /Users/parth/Desktop/Engine/venv/lib/python3.11/site-packages/airflow/example_dags/example_dynamic_task_mapping.py for tasks to queue
[2025-07-17T08:03:22.266+0530] {logging_mixin.py:190} INFO - [2025-07-17T08:03:22.265+0530] {dagbag.py:588} INFO - Filling up the DagBag from /Users/parth/Desktop/Engine/venv/lib/python3.11/site-packages/airflow/example_dags/example_dynamic_task_mapping.py
[2025-07-17T08:03:22.291+0530] {processor.py:925} INFO - DAG(s) 'example_dynamic_task_mapping' retrieved from /Users/parth/Desktop/Engine/venv/lib/python3.11/site-packages/airflow/example_dags/example_dynamic_task_mapping.py
[2025-07-17T08:03:22.351+0530] {logging_mixin.py:190} INFO - [2025-07-17T08:03:22.351+0530] {dag.py:3239} INFO - Sync 1 DAGs
[2025-07-17T08:03:22.359+0530] {logging_mixin.py:190} INFO - [2025-07-17T08:03:22.359+0530] {dag.py:4180} INFO - Setting next_dagrun for example_dynamic_task_mapping to None, run_after=None
[2025-07-17T08:03:22.371+0530] {processor.py:208} INFO - Processing /Users/parth/Desktop/Engine/venv/lib/python3.11/site-packages/airflow/example_dags/example_dynamic_task_mapping.py took 0.110 seconds
[2025-07-17T08:07:31.495+0530] {processor.py:186} INFO - Started process (PID=41735) to work on /Users/parth/Desktop/Engine/venv/lib/python3.11/site-packages/airflow/example_dags/example_dynamic_task_mapping.py
[2025-07-17T08:07:31.497+0530] {processor.py:914} INFO - Processing file /Users/parth/Desktop/Engine/venv/lib/python3.11/site-packages/airflow/example_dags/example_dynamic_task_mapping.py for tasks to queue
[2025-07-17T08:07:31.497+0530] {logging_mixin.py:190} INFO - [2025-07-17T08:07:31.497+0530] {dagbag.py:588} INFO - Filling up the DagBag from /Users/parth/Desktop/Engine/venv/lib/python3.11/site-packages/airflow/example_dags/example_dynamic_task_mapping.py
[2025-07-17T08:07:31.521+0530] {processor.py:925} INFO - DAG(s) 'example_dynamic_task_mapping' retrieved from /Users/parth/Desktop/Engine/venv/lib/python3.11/site-packages/airflow/example_dags/example_dynamic_task_mapping.py
[2025-07-17T08:07:31.580+0530] {logging_mixin.py:190} INFO - [2025-07-17T08:07:31.580+0530] {dag.py:3239} INFO - Sync 1 DAGs
[2025-07-17T08:07:31.587+0530] {logging_mixin.py:190} INFO - [2025-07-17T08:07:31.587+0530] {dag.py:4180} INFO - Setting next_dagrun for example_dynamic_task_mapping to None, run_after=None
[2025-07-17T08:07:31.597+0530] {processor.py:208} INFO - Processing /Users/parth/Desktop/Engine/venv/lib/python3.11/site-packages/airflow/example_dags/example_dynamic_task_mapping.py took 0.105 seconds
[2025-07-17T08:11:35.938+0530] {processor.py:186} INFO - Started process (PID=43381) to work on /Users/parth/Desktop/Engine/venv/lib/python3.11/site-packages/airflow/example_dags/example_dynamic_task_mapping.py
[2025-07-17T08:11:35.939+0530] {processor.py:914} INFO - Processing file /Users/parth/Desktop/Engine/venv/lib/python3.11/site-packages/airflow/example_dags/example_dynamic_task_mapping.py for tasks to queue
[2025-07-17T08:11:35.940+0530] {logging_mixin.py:190} INFO - [2025-07-17T08:11:35.940+0530] {dagbag.py:588} INFO - Filling up the DagBag from /Users/parth/Desktop/Engine/venv/lib/python3.11/site-packages/airflow/example_dags/example_dynamic_task_mapping.py
[2025-07-17T08:11:35.964+0530] {processor.py:925} INFO - DAG(s) 'example_dynamic_task_mapping' retrieved from /Users/parth/Desktop/Engine/venv/lib/python3.11/site-packages/airflow/example_dags/example_dynamic_task_mapping.py
[2025-07-17T08:11:36.023+0530] {logging_mixin.py:190} INFO - [2025-07-17T08:11:36.022+0530] {dag.py:3239} INFO - Sync 1 DAGs
[2025-07-17T08:11:36.029+0530] {logging_mixin.py:190} INFO - [2025-07-17T08:11:36.029+0530] {dag.py:4180} INFO - Setting next_dagrun for example_dynamic_task_mapping to None, run_after=None
[2025-07-17T08:11:36.040+0530] {processor.py:208} INFO - Processing /Users/parth/Desktop/Engine/venv/lib/python3.11/site-packages/airflow/example_dags/example_dynamic_task_mapping.py took 0.104 seconds
[2025-07-17T08:19:50.715+0530] {processor.py:186} INFO - Started process (PID=44822) to work on /Users/parth/Desktop/Engine/venv/lib/python3.11/site-packages/airflow/example_dags/example_dynamic_task_mapping.py
[2025-07-17T08:19:50.716+0530] {processor.py:914} INFO - Processing file /Users/parth/Desktop/Engine/venv/lib/python3.11/site-packages/airflow/example_dags/example_dynamic_task_mapping.py for tasks to queue
[2025-07-17T08:19:50.717+0530] {logging_mixin.py:190} INFO - [2025-07-17T08:19:50.717+0530] {dagbag.py:588} INFO - Filling up the DagBag from /Users/parth/Desktop/Engine/venv/lib/python3.11/site-packages/airflow/example_dags/example_dynamic_task_mapping.py
[2025-07-17T08:19:50.741+0530] {processor.py:925} INFO - DAG(s) 'example_dynamic_task_mapping' retrieved from /Users/parth/Desktop/Engine/venv/lib/python3.11/site-packages/airflow/example_dags/example_dynamic_task_mapping.py
[2025-07-17T08:19:50.800+0530] {logging_mixin.py:190} INFO - [2025-07-17T08:19:50.800+0530] {dag.py:3239} INFO - Sync 1 DAGs
[2025-07-17T08:19:50.807+0530] {logging_mixin.py:190} INFO - [2025-07-17T08:19:50.807+0530] {dag.py:4180} INFO - Setting next_dagrun for example_dynamic_task_mapping to None, run_after=None
[2025-07-17T08:19:50.817+0530] {processor.py:208} INFO - Processing /Users/parth/Desktop/Engine/venv/lib/python3.11/site-packages/airflow/example_dags/example_dynamic_task_mapping.py took 0.105 seconds
[2025-07-17T08:23:20.634+0530] {processor.py:186} INFO - Started process (PID=46205) to work on /Users/parth/Desktop/Engine/venv/lib/python3.11/site-packages/airflow/example_dags/example_dynamic_task_mapping.py
[2025-07-17T08:23:20.634+0530] {processor.py:914} INFO - Processing file /Users/parth/Desktop/Engine/venv/lib/python3.11/site-packages/airflow/example_dags/example_dynamic_task_mapping.py for tasks to queue
[2025-07-17T08:23:20.635+0530] {logging_mixin.py:190} INFO - [2025-07-17T08:23:20.635+0530] {dagbag.py:588} INFO - Filling up the DagBag from /Users/parth/Desktop/Engine/venv/lib/python3.11/site-packages/airflow/example_dags/example_dynamic_task_mapping.py
[2025-07-17T08:23:20.659+0530] {processor.py:925} INFO - DAG(s) 'example_dynamic_task_mapping' retrieved from /Users/parth/Desktop/Engine/venv/lib/python3.11/site-packages/airflow/example_dags/example_dynamic_task_mapping.py
[2025-07-17T08:23:20.718+0530] {logging_mixin.py:190} INFO - [2025-07-17T08:23:20.718+0530] {dag.py:3239} INFO - Sync 1 DAGs
[2025-07-17T08:23:20.724+0530] {logging_mixin.py:190} INFO - [2025-07-17T08:23:20.724+0530] {dag.py:4180} INFO - Setting next_dagrun for example_dynamic_task_mapping to None, run_after=None
[2025-07-17T08:23:20.735+0530] {processor.py:208} INFO - Processing /Users/parth/Desktop/Engine/venv/lib/python3.11/site-packages/airflow/example_dags/example_dynamic_task_mapping.py took 0.103 seconds
[2025-07-17T08:26:52.491+0530] {processor.py:186} INFO - Started process (PID=47636) to work on /Users/parth/Desktop/Engine/venv/lib/python3.11/site-packages/airflow/example_dags/example_dynamic_task_mapping.py
[2025-07-17T08:26:52.493+0530] {processor.py:914} INFO - Processing file /Users/parth/Desktop/Engine/venv/lib/python3.11/site-packages/airflow/example_dags/example_dynamic_task_mapping.py for tasks to queue
[2025-07-17T08:26:52.493+0530] {logging_mixin.py:190} INFO - [2025-07-17T08:26:52.493+0530] {dagbag.py:588} INFO - Filling up the DagBag from /Users/parth/Desktop/Engine/venv/lib/python3.11/site-packages/airflow/example_dags/example_dynamic_task_mapping.py
[2025-07-17T08:26:52.518+0530] {processor.py:925} INFO - DAG(s) 'example_dynamic_task_mapping' retrieved from /Users/parth/Desktop/Engine/venv/lib/python3.11/site-packages/airflow/example_dags/example_dynamic_task_mapping.py
[2025-07-17T08:26:52.577+0530] {logging_mixin.py:190} INFO - [2025-07-17T08:26:52.576+0530] {dag.py:3239} INFO - Sync 1 DAGs
[2025-07-17T08:26:52.583+0530] {logging_mixin.py:190} INFO - [2025-07-17T08:26:52.583+0530] {dag.py:4180} INFO - Setting next_dagrun for example_dynamic_task_mapping to None, run_after=None
[2025-07-17T08:26:52.593+0530] {processor.py:208} INFO - Processing /Users/parth/Desktop/Engine/venv/lib/python3.11/site-packages/airflow/example_dags/example_dynamic_task_mapping.py took 0.104 seconds
[2025-07-17T08:35:04.745+0530] {processor.py:186} INFO - Started process (PID=49286) to work on /Users/parth/Desktop/Engine/venv/lib/python3.11/site-packages/airflow/example_dags/example_dynamic_task_mapping.py
[2025-07-17T08:35:04.746+0530] {processor.py:914} INFO - Processing file /Users/parth/Desktop/Engine/venv/lib/python3.11/site-packages/airflow/example_dags/example_dynamic_task_mapping.py for tasks to queue
[2025-07-17T08:35:04.747+0530] {logging_mixin.py:190} INFO - [2025-07-17T08:35:04.746+0530] {dagbag.py:588} INFO - Filling up the DagBag from /Users/parth/Desktop/Engine/venv/lib/python3.11/site-packages/airflow/example_dags/example_dynamic_task_mapping.py
[2025-07-17T08:35:04.771+0530] {processor.py:925} INFO - DAG(s) 'example_dynamic_task_mapping' retrieved from /Users/parth/Desktop/Engine/venv/lib/python3.11/site-packages/airflow/example_dags/example_dynamic_task_mapping.py
[2025-07-17T08:35:04.831+0530] {logging_mixin.py:190} INFO - [2025-07-17T08:35:04.831+0530] {dag.py:3239} INFO - Sync 1 DAGs
[2025-07-17T08:35:04.838+0530] {logging_mixin.py:190} INFO - [2025-07-17T08:35:04.838+0530] {dag.py:4180} INFO - Setting next_dagrun for example_dynamic_task_mapping to None, run_after=None
[2025-07-17T08:35:04.849+0530] {processor.py:208} INFO - Processing /Users/parth/Desktop/Engine/venv/lib/python3.11/site-packages/airflow/example_dags/example_dynamic_task_mapping.py took 0.107 seconds
[2025-07-17T08:38:35.350+0530] {processor.py:186} INFO - Started process (PID=50653) to work on /Users/parth/Desktop/Engine/venv/lib/python3.11/site-packages/airflow/example_dags/example_dynamic_task_mapping.py
[2025-07-17T08:38:35.351+0530] {processor.py:914} INFO - Processing file /Users/parth/Desktop/Engine/venv/lib/python3.11/site-packages/airflow/example_dags/example_dynamic_task_mapping.py for tasks to queue
[2025-07-17T08:38:35.352+0530] {logging_mixin.py:190} INFO - [2025-07-17T08:38:35.351+0530] {dagbag.py:588} INFO - Filling up the DagBag from /Users/parth/Desktop/Engine/venv/lib/python3.11/site-packages/airflow/example_dags/example_dynamic_task_mapping.py
[2025-07-17T08:38:35.376+0530] {processor.py:925} INFO - DAG(s) 'example_dynamic_task_mapping' retrieved from /Users/parth/Desktop/Engine/venv/lib/python3.11/site-packages/airflow/example_dags/example_dynamic_task_mapping.py
[2025-07-17T08:38:35.435+0530] {logging_mixin.py:190} INFO - [2025-07-17T08:38:35.435+0530] {dag.py:3239} INFO - Sync 1 DAGs
[2025-07-17T08:38:35.441+0530] {logging_mixin.py:190} INFO - [2025-07-17T08:38:35.441+0530] {dag.py:4180} INFO - Setting next_dagrun for example_dynamic_task_mapping to None, run_after=None
[2025-07-17T08:38:35.452+0530] {processor.py:208} INFO - Processing /Users/parth/Desktop/Engine/venv/lib/python3.11/site-packages/airflow/example_dags/example_dynamic_task_mapping.py took 0.105 seconds
[2025-07-17T10:01:01.399+0530] {processor.py:186} INFO - Started process (PID=52256) to work on /Users/parth/Desktop/Engine/venv/lib/python3.11/site-packages/airflow/example_dags/example_dynamic_task_mapping.py
[2025-07-17T10:01:01.401+0530] {processor.py:914} INFO - Processing file /Users/parth/Desktop/Engine/venv/lib/python3.11/site-packages/airflow/example_dags/example_dynamic_task_mapping.py for tasks to queue
[2025-07-17T10:01:01.401+0530] {logging_mixin.py:190} INFO - [2025-07-17T10:01:01.401+0530] {dagbag.py:588} INFO - Filling up the DagBag from /Users/parth/Desktop/Engine/venv/lib/python3.11/site-packages/airflow/example_dags/example_dynamic_task_mapping.py
[2025-07-17T10:01:01.434+0530] {processor.py:925} INFO - DAG(s) 'example_dynamic_task_mapping' retrieved from /Users/parth/Desktop/Engine/venv/lib/python3.11/site-packages/airflow/example_dags/example_dynamic_task_mapping.py
[2025-07-17T10:01:01.497+0530] {logging_mixin.py:190} INFO - [2025-07-17T10:01:01.497+0530] {dag.py:3239} INFO - Sync 1 DAGs
[2025-07-17T10:01:01.504+0530] {logging_mixin.py:190} INFO - [2025-07-17T10:01:01.504+0530] {dag.py:4180} INFO - Setting next_dagrun for example_dynamic_task_mapping to None, run_after=None
[2025-07-17T10:01:01.516+0530] {processor.py:208} INFO - Processing /Users/parth/Desktop/Engine/venv/lib/python3.11/site-packages/airflow/example_dags/example_dynamic_task_mapping.py took 0.119 seconds
