[2025-07-17T07:16:23.327+0530] {processor.py:186} INFO - Started process (PID=23548) to work on /Users/parth/Desktop/Engine/venv/lib/python3.11/site-packages/airflow/example_dags/example_skip_dag.py
[2025-07-17T07:16:23.328+0530] {processor.py:914} INFO - Processing file /Users/parth/Desktop/Engine/venv/lib/python3.11/site-packages/airflow/example_dags/example_skip_dag.py for tasks to queue
[2025-07-17T07:16:23.328+0530] {logging_mixin.py:190} INFO - [2025-07-17T07:16:23.328+0530] {dagbag.py:588} INFO - Filling up the DagBag from /Users/parth/Desktop/Engine/venv/lib/python3.11/site-packages/airflow/example_dags/example_skip_dag.py
[2025-07-17T07:16:23.333+0530] {processor.py:925} INFO - DAG(s) 'example_skip_dag' retrieved from /Users/parth/Desktop/Engine/venv/lib/python3.11/site-packages/airflow/example_dags/example_skip_dag.py
[2025-07-17T07:16:23.395+0530] {logging_mixin.py:190} INFO - [2025-07-17T07:16:23.395+0530] {dag.py:3239} INFO - Sync 1 DAGs
[2025-07-17T07:16:23.407+0530] {logging_mixin.py:190} INFO - [2025-07-17T07:16:23.407+0530] {dag.py:4180} INFO - Setting next_dagrun for example_skip_dag to 2025-07-16 00:00:00+00:00, run_after=2025-07-17 00:00:00+00:00
[2025-07-17T07:16:23.418+0530] {processor.py:208} INFO - Processing /Users/parth/Desktop/Engine/venv/lib/python3.11/site-packages/airflow/example_dags/example_skip_dag.py took 0.094 seconds
[2025-07-17T07:24:57.024+0530] {processor.py:186} INFO - Started process (PID=24573) to work on /Users/parth/Desktop/Engine/venv/lib/python3.11/site-packages/airflow/example_dags/example_skip_dag.py
[2025-07-17T07:24:57.025+0530] {processor.py:914} INFO - Processing file /Users/parth/Desktop/Engine/venv/lib/python3.11/site-packages/airflow/example_dags/example_skip_dag.py for tasks to queue
[2025-07-17T07:24:57.026+0530] {logging_mixin.py:190} INFO - [2025-07-17T07:24:57.026+0530] {dagbag.py:588} INFO - Filling up the DagBag from /Users/parth/Desktop/Engine/venv/lib/python3.11/site-packages/airflow/example_dags/example_skip_dag.py
[2025-07-17T07:24:57.031+0530] {processor.py:925} INFO - DAG(s) 'example_skip_dag' retrieved from /Users/parth/Desktop/Engine/venv/lib/python3.11/site-packages/airflow/example_dags/example_skip_dag.py
[2025-07-17T07:24:57.093+0530] {logging_mixin.py:190} INFO - [2025-07-17T07:24:57.093+0530] {dag.py:3239} INFO - Sync 1 DAGs
[2025-07-17T07:24:57.105+0530] {logging_mixin.py:190} INFO - [2025-07-17T07:24:57.104+0530] {dag.py:4180} INFO - Setting next_dagrun for example_skip_dag to 2025-07-16 00:00:00+00:00, run_after=2025-07-17 00:00:00+00:00
[2025-07-17T07:24:57.116+0530] {processor.py:208} INFO - Processing /Users/parth/Desktop/Engine/venv/lib/python3.11/site-packages/airflow/example_dags/example_skip_dag.py took 0.094 seconds
[2025-07-17T07:26:51.605+0530] {processor.py:186} INFO - Started process (PID=25316) to work on /Users/parth/Desktop/Engine/venv/lib/python3.11/site-packages/airflow/example_dags/example_skip_dag.py
[2025-07-17T07:26:51.607+0530] {processor.py:914} INFO - Processing file /Users/parth/Desktop/Engine/venv/lib/python3.11/site-packages/airflow/example_dags/example_skip_dag.py for tasks to queue
[2025-07-17T07:26:51.607+0530] {logging_mixin.py:190} INFO - [2025-07-17T07:26:51.607+0530] {dagbag.py:588} INFO - Filling up the DagBag from /Users/parth/Desktop/Engine/venv/lib/python3.11/site-packages/airflow/example_dags/example_skip_dag.py
[2025-07-17T07:26:51.612+0530] {processor.py:925} INFO - DAG(s) 'example_skip_dag' retrieved from /Users/parth/Desktop/Engine/venv/lib/python3.11/site-packages/airflow/example_dags/example_skip_dag.py
[2025-07-17T07:26:51.674+0530] {logging_mixin.py:190} INFO - [2025-07-17T07:26:51.674+0530] {dag.py:3239} INFO - Sync 1 DAGs
[2025-07-17T07:26:51.685+0530] {logging_mixin.py:190} INFO - [2025-07-17T07:26:51.685+0530] {dag.py:4180} INFO - Setting next_dagrun for example_skip_dag to 2025-07-16 00:00:00+00:00, run_after=2025-07-17 00:00:00+00:00
[2025-07-17T07:26:51.695+0530] {processor.py:208} INFO - Processing /Users/parth/Desktop/Engine/venv/lib/python3.11/site-packages/airflow/example_dags/example_skip_dag.py took 0.092 seconds
[2025-07-17T07:28:36.156+0530] {processor.py:186} INFO - Started process (PID=25987) to work on /Users/parth/Desktop/Engine/venv/lib/python3.11/site-packages/airflow/example_dags/example_skip_dag.py
[2025-07-17T07:28:36.157+0530] {processor.py:914} INFO - Processing file /Users/parth/Desktop/Engine/venv/lib/python3.11/site-packages/airflow/example_dags/example_skip_dag.py for tasks to queue
[2025-07-17T07:28:36.158+0530] {logging_mixin.py:190} INFO - [2025-07-17T07:28:36.157+0530] {dagbag.py:588} INFO - Filling up the DagBag from /Users/parth/Desktop/Engine/venv/lib/python3.11/site-packages/airflow/example_dags/example_skip_dag.py
[2025-07-17T07:28:36.162+0530] {processor.py:925} INFO - DAG(s) 'example_skip_dag' retrieved from /Users/parth/Desktop/Engine/venv/lib/python3.11/site-packages/airflow/example_dags/example_skip_dag.py
[2025-07-17T07:28:36.224+0530] {logging_mixin.py:190} INFO - [2025-07-17T07:28:36.224+0530] {dag.py:3239} INFO - Sync 1 DAGs
[2025-07-17T07:28:36.236+0530] {logging_mixin.py:190} INFO - [2025-07-17T07:28:36.236+0530] {dag.py:4180} INFO - Setting next_dagrun for example_skip_dag to 2025-07-16 00:00:00+00:00, run_after=2025-07-17 00:00:00+00:00
[2025-07-17T07:28:36.246+0530] {processor.py:208} INFO - Processing /Users/parth/Desktop/Engine/venv/lib/python3.11/site-packages/airflow/example_dags/example_skip_dag.py took 0.093 seconds
[2025-07-17T07:30:19.957+0530] {processor.py:186} INFO - Started process (PID=26649) to work on /Users/parth/Desktop/Engine/venv/lib/python3.11/site-packages/airflow/example_dags/example_skip_dag.py
[2025-07-17T07:30:19.958+0530] {processor.py:914} INFO - Processing file /Users/parth/Desktop/Engine/venv/lib/python3.11/site-packages/airflow/example_dags/example_skip_dag.py for tasks to queue
[2025-07-17T07:30:19.959+0530] {logging_mixin.py:190} INFO - [2025-07-17T07:30:19.958+0530] {dagbag.py:588} INFO - Filling up the DagBag from /Users/parth/Desktop/Engine/venv/lib/python3.11/site-packages/airflow/example_dags/example_skip_dag.py
[2025-07-17T07:30:19.964+0530] {processor.py:925} INFO - DAG(s) 'example_skip_dag' retrieved from /Users/parth/Desktop/Engine/venv/lib/python3.11/site-packages/airflow/example_dags/example_skip_dag.py
[2025-07-17T07:30:20.025+0530] {logging_mixin.py:190} INFO - [2025-07-17T07:30:20.024+0530] {dag.py:3239} INFO - Sync 1 DAGs
[2025-07-17T07:30:20.037+0530] {logging_mixin.py:190} INFO - [2025-07-17T07:30:20.036+0530] {dag.py:4180} INFO - Setting next_dagrun for example_skip_dag to 2025-07-16 00:00:00+00:00, run_after=2025-07-17 00:00:00+00:00
[2025-07-17T07:30:20.047+0530] {processor.py:208} INFO - Processing /Users/parth/Desktop/Engine/venv/lib/python3.11/site-packages/airflow/example_dags/example_skip_dag.py took 0.093 seconds
[2025-07-17T07:32:05.044+0530] {processor.py:186} INFO - Started process (PID=27333) to work on /Users/parth/Desktop/Engine/venv/lib/python3.11/site-packages/airflow/example_dags/example_skip_dag.py
[2025-07-17T07:32:05.045+0530] {processor.py:914} INFO - Processing file /Users/parth/Desktop/Engine/venv/lib/python3.11/site-packages/airflow/example_dags/example_skip_dag.py for tasks to queue
[2025-07-17T07:32:05.046+0530] {logging_mixin.py:190} INFO - [2025-07-17T07:32:05.046+0530] {dagbag.py:588} INFO - Filling up the DagBag from /Users/parth/Desktop/Engine/venv/lib/python3.11/site-packages/airflow/example_dags/example_skip_dag.py
[2025-07-17T07:32:05.051+0530] {processor.py:925} INFO - DAG(s) 'example_skip_dag' retrieved from /Users/parth/Desktop/Engine/venv/lib/python3.11/site-packages/airflow/example_dags/example_skip_dag.py
[2025-07-17T07:32:05.112+0530] {logging_mixin.py:190} INFO - [2025-07-17T07:32:05.111+0530] {dag.py:3239} INFO - Sync 1 DAGs
[2025-07-17T07:32:05.123+0530] {logging_mixin.py:190} INFO - [2025-07-17T07:32:05.123+0530] {dag.py:4180} INFO - Setting next_dagrun for example_skip_dag to 2025-07-16 00:00:00+00:00, run_after=2025-07-17 00:00:00+00:00
[2025-07-17T07:32:05.134+0530] {processor.py:208} INFO - Processing /Users/parth/Desktop/Engine/venv/lib/python3.11/site-packages/airflow/example_dags/example_skip_dag.py took 0.092 seconds
[2025-07-17T07:33:51.637+0530] {processor.py:186} INFO - Started process (PID=28036) to work on /Users/parth/Desktop/Engine/venv/lib/python3.11/site-packages/airflow/example_dags/example_skip_dag.py
[2025-07-17T07:33:51.638+0530] {processor.py:914} INFO - Processing file /Users/parth/Desktop/Engine/venv/lib/python3.11/site-packages/airflow/example_dags/example_skip_dag.py for tasks to queue
[2025-07-17T07:33:51.639+0530] {logging_mixin.py:190} INFO - [2025-07-17T07:33:51.639+0530] {dagbag.py:588} INFO - Filling up the DagBag from /Users/parth/Desktop/Engine/venv/lib/python3.11/site-packages/airflow/example_dags/example_skip_dag.py
[2025-07-17T07:33:51.644+0530] {processor.py:925} INFO - DAG(s) 'example_skip_dag' retrieved from /Users/parth/Desktop/Engine/venv/lib/python3.11/site-packages/airflow/example_dags/example_skip_dag.py
[2025-07-17T07:33:51.705+0530] {logging_mixin.py:190} INFO - [2025-07-17T07:33:51.705+0530] {dag.py:3239} INFO - Sync 1 DAGs
[2025-07-17T07:33:51.717+0530] {logging_mixin.py:190} INFO - [2025-07-17T07:33:51.717+0530] {dag.py:4180} INFO - Setting next_dagrun for example_skip_dag to 2025-07-16 00:00:00+00:00, run_after=2025-07-17 00:00:00+00:00
[2025-07-17T07:33:51.728+0530] {processor.py:208} INFO - Processing /Users/parth/Desktop/Engine/venv/lib/python3.11/site-packages/airflow/example_dags/example_skip_dag.py took 0.093 seconds
[2025-07-17T07:35:50.637+0530] {processor.py:186} INFO - Started process (PID=28819) to work on /Users/parth/Desktop/Engine/venv/lib/python3.11/site-packages/airflow/example_dags/example_skip_dag.py
[2025-07-17T07:35:50.638+0530] {processor.py:914} INFO - Processing file /Users/parth/Desktop/Engine/venv/lib/python3.11/site-packages/airflow/example_dags/example_skip_dag.py for tasks to queue
[2025-07-17T07:35:50.639+0530] {logging_mixin.py:190} INFO - [2025-07-17T07:35:50.638+0530] {dagbag.py:588} INFO - Filling up the DagBag from /Users/parth/Desktop/Engine/venv/lib/python3.11/site-packages/airflow/example_dags/example_skip_dag.py
[2025-07-17T07:35:50.644+0530] {processor.py:925} INFO - DAG(s) 'example_skip_dag' retrieved from /Users/parth/Desktop/Engine/venv/lib/python3.11/site-packages/airflow/example_dags/example_skip_dag.py
[2025-07-17T07:35:50.707+0530] {logging_mixin.py:190} INFO - [2025-07-17T07:35:50.707+0530] {dag.py:3239} INFO - Sync 1 DAGs
[2025-07-17T07:35:50.721+0530] {logging_mixin.py:190} INFO - [2025-07-17T07:35:50.721+0530] {dag.py:4180} INFO - Setting next_dagrun for example_skip_dag to 2025-07-16 00:00:00+00:00, run_after=2025-07-17 00:00:00+00:00
[2025-07-17T07:35:50.738+0530] {processor.py:208} INFO - Processing /Users/parth/Desktop/Engine/venv/lib/python3.11/site-packages/airflow/example_dags/example_skip_dag.py took 0.104 seconds
[2025-07-17T07:37:40.905+0530] {processor.py:186} INFO - Started process (PID=29534) to work on /Users/parth/Desktop/Engine/venv/lib/python3.11/site-packages/airflow/example_dags/example_skip_dag.py
[2025-07-17T07:37:40.907+0530] {processor.py:914} INFO - Processing file /Users/parth/Desktop/Engine/venv/lib/python3.11/site-packages/airflow/example_dags/example_skip_dag.py for tasks to queue
[2025-07-17T07:37:40.907+0530] {logging_mixin.py:190} INFO - [2025-07-17T07:37:40.907+0530] {dagbag.py:588} INFO - Filling up the DagBag from /Users/parth/Desktop/Engine/venv/lib/python3.11/site-packages/airflow/example_dags/example_skip_dag.py
[2025-07-17T07:37:40.912+0530] {processor.py:925} INFO - DAG(s) 'example_skip_dag' retrieved from /Users/parth/Desktop/Engine/venv/lib/python3.11/site-packages/airflow/example_dags/example_skip_dag.py
[2025-07-17T07:37:40.975+0530] {logging_mixin.py:190} INFO - [2025-07-17T07:37:40.975+0530] {dag.py:3239} INFO - Sync 1 DAGs
[2025-07-17T07:37:40.987+0530] {logging_mixin.py:190} INFO - [2025-07-17T07:37:40.987+0530] {dag.py:4180} INFO - Setting next_dagrun for example_skip_dag to 2025-07-16 00:00:00+00:00, run_after=2025-07-17 00:00:00+00:00
[2025-07-17T07:37:40.997+0530] {processor.py:208} INFO - Processing /Users/parth/Desktop/Engine/venv/lib/python3.11/site-packages/airflow/example_dags/example_skip_dag.py took 0.095 seconds
[2025-07-17T07:39:31.770+0530] {processor.py:186} INFO - Started process (PID=30272) to work on /Users/parth/Desktop/Engine/venv/lib/python3.11/site-packages/airflow/example_dags/example_skip_dag.py
[2025-07-17T07:39:31.772+0530] {processor.py:914} INFO - Processing file /Users/parth/Desktop/Engine/venv/lib/python3.11/site-packages/airflow/example_dags/example_skip_dag.py for tasks to queue
[2025-07-17T07:39:31.772+0530] {logging_mixin.py:190} INFO - [2025-07-17T07:39:31.772+0530] {dagbag.py:588} INFO - Filling up the DagBag from /Users/parth/Desktop/Engine/venv/lib/python3.11/site-packages/airflow/example_dags/example_skip_dag.py
[2025-07-17T07:39:31.777+0530] {processor.py:925} INFO - DAG(s) 'example_skip_dag' retrieved from /Users/parth/Desktop/Engine/venv/lib/python3.11/site-packages/airflow/example_dags/example_skip_dag.py
[2025-07-17T07:39:31.840+0530] {logging_mixin.py:190} INFO - [2025-07-17T07:39:31.839+0530] {dag.py:3239} INFO - Sync 1 DAGs
[2025-07-17T07:39:31.851+0530] {logging_mixin.py:190} INFO - [2025-07-17T07:39:31.851+0530] {dag.py:4180} INFO - Setting next_dagrun for example_skip_dag to 2025-07-16 00:00:00+00:00, run_after=2025-07-17 00:00:00+00:00
[2025-07-17T07:39:31.862+0530] {processor.py:208} INFO - Processing /Users/parth/Desktop/Engine/venv/lib/python3.11/site-packages/airflow/example_dags/example_skip_dag.py took 0.094 seconds
[2025-07-17T07:41:29.286+0530] {processor.py:186} INFO - Started process (PID=31040) to work on /Users/parth/Desktop/Engine/venv/lib/python3.11/site-packages/airflow/example_dags/example_skip_dag.py
[2025-07-17T07:41:29.288+0530] {processor.py:914} INFO - Processing file /Users/parth/Desktop/Engine/venv/lib/python3.11/site-packages/airflow/example_dags/example_skip_dag.py for tasks to queue
[2025-07-17T07:41:29.288+0530] {logging_mixin.py:190} INFO - [2025-07-17T07:41:29.288+0530] {dagbag.py:588} INFO - Filling up the DagBag from /Users/parth/Desktop/Engine/venv/lib/python3.11/site-packages/airflow/example_dags/example_skip_dag.py
[2025-07-17T07:41:29.294+0530] {processor.py:925} INFO - DAG(s) 'example_skip_dag' retrieved from /Users/parth/Desktop/Engine/venv/lib/python3.11/site-packages/airflow/example_dags/example_skip_dag.py
[2025-07-17T07:41:29.364+0530] {logging_mixin.py:190} INFO - [2025-07-17T07:41:29.364+0530] {dag.py:3239} INFO - Sync 1 DAGs
[2025-07-17T07:41:29.378+0530] {logging_mixin.py:190} INFO - [2025-07-17T07:41:29.378+0530] {dag.py:4180} INFO - Setting next_dagrun for example_skip_dag to 2025-07-16 00:00:00+00:00, run_after=2025-07-17 00:00:00+00:00
[2025-07-17T07:41:29.391+0530] {processor.py:208} INFO - Processing /Users/parth/Desktop/Engine/venv/lib/python3.11/site-packages/airflow/example_dags/example_skip_dag.py took 0.107 seconds
[2025-07-17T07:43:35.839+0530] {processor.py:186} INFO - Started process (PID=31862) to work on /Users/parth/Desktop/Engine/venv/lib/python3.11/site-packages/airflow/example_dags/example_skip_dag.py
[2025-07-17T07:43:35.839+0530] {processor.py:914} INFO - Processing file /Users/parth/Desktop/Engine/venv/lib/python3.11/site-packages/airflow/example_dags/example_skip_dag.py for tasks to queue
[2025-07-17T07:43:35.840+0530] {logging_mixin.py:190} INFO - [2025-07-17T07:43:35.840+0530] {dagbag.py:588} INFO - Filling up the DagBag from /Users/parth/Desktop/Engine/venv/lib/python3.11/site-packages/airflow/example_dags/example_skip_dag.py
[2025-07-17T07:43:35.846+0530] {processor.py:925} INFO - DAG(s) 'example_skip_dag' retrieved from /Users/parth/Desktop/Engine/venv/lib/python3.11/site-packages/airflow/example_dags/example_skip_dag.py
[2025-07-17T07:43:35.917+0530] {logging_mixin.py:190} INFO - [2025-07-17T07:43:35.916+0530] {dag.py:3239} INFO - Sync 1 DAGs
[2025-07-17T07:43:35.930+0530] {logging_mixin.py:190} INFO - [2025-07-17T07:43:35.930+0530] {dag.py:4180} INFO - Setting next_dagrun for example_skip_dag to 2025-07-16 00:00:00+00:00, run_after=2025-07-17 00:00:00+00:00
[2025-07-17T07:43:35.943+0530] {processor.py:208} INFO - Processing /Users/parth/Desktop/Engine/venv/lib/python3.11/site-packages/airflow/example_dags/example_skip_dag.py took 0.107 seconds
[2025-07-17T07:46:29.017+0530] {processor.py:186} INFO - Started process (PID=33115) to work on /Users/parth/Desktop/Engine/venv/lib/python3.11/site-packages/airflow/example_dags/example_skip_dag.py
[2025-07-17T07:46:29.018+0530] {processor.py:914} INFO - Processing file /Users/parth/Desktop/Engine/venv/lib/python3.11/site-packages/airflow/example_dags/example_skip_dag.py for tasks to queue
[2025-07-17T07:46:29.019+0530] {logging_mixin.py:190} INFO - [2025-07-17T07:46:29.018+0530] {dagbag.py:588} INFO - Filling up the DagBag from /Users/parth/Desktop/Engine/venv/lib/python3.11/site-packages/airflow/example_dags/example_skip_dag.py
[2025-07-17T07:46:29.024+0530] {processor.py:925} INFO - DAG(s) 'example_skip_dag' retrieved from /Users/parth/Desktop/Engine/venv/lib/python3.11/site-packages/airflow/example_dags/example_skip_dag.py
[2025-07-17T07:46:29.091+0530] {logging_mixin.py:190} INFO - [2025-07-17T07:46:29.091+0530] {dag.py:3239} INFO - Sync 1 DAGs
[2025-07-17T07:46:29.103+0530] {logging_mixin.py:190} INFO - [2025-07-17T07:46:29.103+0530] {dag.py:4180} INFO - Setting next_dagrun for example_skip_dag to 2025-07-16 00:00:00+00:00, run_after=2025-07-17 00:00:00+00:00
[2025-07-17T07:46:29.115+0530] {processor.py:208} INFO - Processing /Users/parth/Desktop/Engine/venv/lib/python3.11/site-packages/airflow/example_dags/example_skip_dag.py took 0.100 seconds
[2025-07-17T07:48:51.749+0530] {processor.py:186} INFO - Started process (PID=34126) to work on /Users/parth/Desktop/Engine/venv/lib/python3.11/site-packages/airflow/example_dags/example_skip_dag.py
[2025-07-17T07:48:51.749+0530] {processor.py:914} INFO - Processing file /Users/parth/Desktop/Engine/venv/lib/python3.11/site-packages/airflow/example_dags/example_skip_dag.py for tasks to queue
[2025-07-17T07:48:51.750+0530] {logging_mixin.py:190} INFO - [2025-07-17T07:48:51.750+0530] {dagbag.py:588} INFO - Filling up the DagBag from /Users/parth/Desktop/Engine/venv/lib/python3.11/site-packages/airflow/example_dags/example_skip_dag.py
[2025-07-17T07:48:51.755+0530] {processor.py:925} INFO - DAG(s) 'example_skip_dag' retrieved from /Users/parth/Desktop/Engine/venv/lib/python3.11/site-packages/airflow/example_dags/example_skip_dag.py
[2025-07-17T07:48:51.815+0530] {logging_mixin.py:190} INFO - [2025-07-17T07:48:51.815+0530] {dag.py:3239} INFO - Sync 1 DAGs
[2025-07-17T07:48:51.826+0530] {logging_mixin.py:190} INFO - [2025-07-17T07:48:51.826+0530] {dag.py:4180} INFO - Setting next_dagrun for example_skip_dag to 2025-07-16 00:00:00+00:00, run_after=2025-07-17 00:00:00+00:00
[2025-07-17T07:48:51.837+0530] {processor.py:208} INFO - Processing /Users/parth/Desktop/Engine/venv/lib/python3.11/site-packages/airflow/example_dags/example_skip_dag.py took 0.090 seconds
[2025-07-17T07:50:55.429+0530] {processor.py:186} INFO - Started process (PID=34937) to work on /Users/parth/Desktop/Engine/venv/lib/python3.11/site-packages/airflow/example_dags/example_skip_dag.py
[2025-07-17T07:50:55.430+0530] {processor.py:914} INFO - Processing file /Users/parth/Desktop/Engine/venv/lib/python3.11/site-packages/airflow/example_dags/example_skip_dag.py for tasks to queue
[2025-07-17T07:50:55.430+0530] {logging_mixin.py:190} INFO - [2025-07-17T07:50:55.430+0530] {dagbag.py:588} INFO - Filling up the DagBag from /Users/parth/Desktop/Engine/venv/lib/python3.11/site-packages/airflow/example_dags/example_skip_dag.py
[2025-07-17T07:50:55.435+0530] {processor.py:925} INFO - DAG(s) 'example_skip_dag' retrieved from /Users/parth/Desktop/Engine/venv/lib/python3.11/site-packages/airflow/example_dags/example_skip_dag.py
[2025-07-17T07:50:55.496+0530] {logging_mixin.py:190} INFO - [2025-07-17T07:50:55.496+0530] {dag.py:3239} INFO - Sync 1 DAGs
[2025-07-17T07:50:55.507+0530] {logging_mixin.py:190} INFO - [2025-07-17T07:50:55.507+0530] {dag.py:4180} INFO - Setting next_dagrun for example_skip_dag to 2025-07-16 00:00:00+00:00, run_after=2025-07-17 00:00:00+00:00
[2025-07-17T07:50:55.518+0530] {processor.py:208} INFO - Processing /Users/parth/Desktop/Engine/venv/lib/python3.11/site-packages/airflow/example_dags/example_skip_dag.py took 0.092 seconds
[2025-07-17T07:53:57.494+0530] {processor.py:186} INFO - Started process (PID=36251) to work on /Users/parth/Desktop/Engine/venv/lib/python3.11/site-packages/airflow/example_dags/example_skip_dag.py
[2025-07-17T07:53:57.495+0530] {processor.py:914} INFO - Processing file /Users/parth/Desktop/Engine/venv/lib/python3.11/site-packages/airflow/example_dags/example_skip_dag.py for tasks to queue
[2025-07-17T07:53:57.496+0530] {logging_mixin.py:190} INFO - [2025-07-17T07:53:57.496+0530] {dagbag.py:588} INFO - Filling up the DagBag from /Users/parth/Desktop/Engine/venv/lib/python3.11/site-packages/airflow/example_dags/example_skip_dag.py
[2025-07-17T07:53:57.505+0530] {processor.py:925} INFO - DAG(s) 'example_skip_dag' retrieved from /Users/parth/Desktop/Engine/venv/lib/python3.11/site-packages/airflow/example_dags/example_skip_dag.py
[2025-07-17T07:53:57.591+0530] {logging_mixin.py:190} INFO - [2025-07-17T07:53:57.591+0530] {dag.py:3239} INFO - Sync 1 DAGs
[2025-07-17T07:53:57.607+0530] {logging_mixin.py:190} INFO - [2025-07-17T07:53:57.607+0530] {dag.py:4180} INFO - Setting next_dagrun for example_skip_dag to 2025-07-16 00:00:00+00:00, run_after=2025-07-17 00:00:00+00:00
[2025-07-17T07:53:57.621+0530] {processor.py:208} INFO - Processing /Users/parth/Desktop/Engine/venv/lib/python3.11/site-packages/airflow/example_dags/example_skip_dag.py took 0.132 seconds
[2025-07-17T07:56:22.367+0530] {processor.py:186} INFO - Started process (PID=37282) to work on /Users/parth/Desktop/Engine/venv/lib/python3.11/site-packages/airflow/example_dags/example_skip_dag.py
[2025-07-17T07:56:22.367+0530] {processor.py:914} INFO - Processing file /Users/parth/Desktop/Engine/venv/lib/python3.11/site-packages/airflow/example_dags/example_skip_dag.py for tasks to queue
[2025-07-17T07:56:22.368+0530] {logging_mixin.py:190} INFO - [2025-07-17T07:56:22.368+0530] {dagbag.py:588} INFO - Filling up the DagBag from /Users/parth/Desktop/Engine/venv/lib/python3.11/site-packages/airflow/example_dags/example_skip_dag.py
[2025-07-17T07:56:22.373+0530] {processor.py:925} INFO - DAG(s) 'example_skip_dag' retrieved from /Users/parth/Desktop/Engine/venv/lib/python3.11/site-packages/airflow/example_dags/example_skip_dag.py
[2025-07-17T07:56:22.448+0530] {logging_mixin.py:190} INFO - [2025-07-17T07:56:22.447+0530] {dag.py:3239} INFO - Sync 1 DAGs
[2025-07-17T07:56:22.462+0530] {logging_mixin.py:190} INFO - [2025-07-17T07:56:22.462+0530] {dag.py:4180} INFO - Setting next_dagrun for example_skip_dag to 2025-07-16 00:00:00+00:00, run_after=2025-07-17 00:00:00+00:00
[2025-07-17T07:56:22.475+0530] {processor.py:208} INFO - Processing /Users/parth/Desktop/Engine/venv/lib/python3.11/site-packages/airflow/example_dags/example_skip_dag.py took 0.111 seconds
[2025-07-17T07:58:17.947+0530] {processor.py:186} INFO - Started process (PID=38033) to work on /Users/parth/Desktop/Engine/venv/lib/python3.11/site-packages/airflow/example_dags/example_skip_dag.py
[2025-07-17T07:58:17.949+0530] {processor.py:914} INFO - Processing file /Users/parth/Desktop/Engine/venv/lib/python3.11/site-packages/airflow/example_dags/example_skip_dag.py for tasks to queue
[2025-07-17T07:58:17.949+0530] {logging_mixin.py:190} INFO - [2025-07-17T07:58:17.949+0530] {dagbag.py:588} INFO - Filling up the DagBag from /Users/parth/Desktop/Engine/venv/lib/python3.11/site-packages/airflow/example_dags/example_skip_dag.py
[2025-07-17T07:58:17.954+0530] {processor.py:925} INFO - DAG(s) 'example_skip_dag' retrieved from /Users/parth/Desktop/Engine/venv/lib/python3.11/site-packages/airflow/example_dags/example_skip_dag.py
[2025-07-17T07:58:18.017+0530] {logging_mixin.py:190} INFO - [2025-07-17T07:58:18.017+0530] {dag.py:3239} INFO - Sync 1 DAGs
[2025-07-17T07:58:18.028+0530] {logging_mixin.py:190} INFO - [2025-07-17T07:58:18.028+0530] {dag.py:4180} INFO - Setting next_dagrun for example_skip_dag to 2025-07-16 00:00:00+00:00, run_after=2025-07-17 00:00:00+00:00
[2025-07-17T07:58:18.038+0530] {processor.py:208} INFO - Processing /Users/parth/Desktop/Engine/venv/lib/python3.11/site-packages/airflow/example_dags/example_skip_dag.py took 0.093 seconds
[2025-07-17T08:00:26.721+0530] {processor.py:186} INFO - Started process (PID=38871) to work on /Users/parth/Desktop/Engine/venv/lib/python3.11/site-packages/airflow/example_dags/example_skip_dag.py
[2025-07-17T08:00:26.724+0530] {processor.py:914} INFO - Processing file /Users/parth/Desktop/Engine/venv/lib/python3.11/site-packages/airflow/example_dags/example_skip_dag.py for tasks to queue
[2025-07-17T08:00:26.725+0530] {logging_mixin.py:190} INFO - [2025-07-17T08:00:26.725+0530] {dagbag.py:588} INFO - Filling up the DagBag from /Users/parth/Desktop/Engine/venv/lib/python3.11/site-packages/airflow/example_dags/example_skip_dag.py
[2025-07-17T08:00:26.737+0530] {processor.py:925} INFO - DAG(s) 'example_skip_dag' retrieved from /Users/parth/Desktop/Engine/venv/lib/python3.11/site-packages/airflow/example_dags/example_skip_dag.py
[2025-07-17T08:00:26.866+0530] {logging_mixin.py:190} INFO - [2025-07-17T08:00:26.866+0530] {dag.py:3239} INFO - Sync 1 DAGs
[2025-07-17T08:00:26.888+0530] {logging_mixin.py:190} INFO - [2025-07-17T08:00:26.888+0530] {dag.py:4180} INFO - Setting next_dagrun for example_skip_dag to 2025-07-16 00:00:00+00:00, run_after=2025-07-17 00:00:00+00:00
[2025-07-17T08:00:26.909+0530] {processor.py:208} INFO - Processing /Users/parth/Desktop/Engine/venv/lib/python3.11/site-packages/airflow/example_dags/example_skip_dag.py took 0.193 seconds
[2025-07-17T08:02:40.312+0530] {processor.py:186} INFO - Started process (PID=39728) to work on /Users/parth/Desktop/Engine/venv/lib/python3.11/site-packages/airflow/example_dags/example_skip_dag.py
[2025-07-17T08:02:40.312+0530] {processor.py:914} INFO - Processing file /Users/parth/Desktop/Engine/venv/lib/python3.11/site-packages/airflow/example_dags/example_skip_dag.py for tasks to queue
[2025-07-17T08:02:40.313+0530] {logging_mixin.py:190} INFO - [2025-07-17T08:02:40.313+0530] {dagbag.py:588} INFO - Filling up the DagBag from /Users/parth/Desktop/Engine/venv/lib/python3.11/site-packages/airflow/example_dags/example_skip_dag.py
[2025-07-17T08:02:40.319+0530] {processor.py:925} INFO - DAG(s) 'example_skip_dag' retrieved from /Users/parth/Desktop/Engine/venv/lib/python3.11/site-packages/airflow/example_dags/example_skip_dag.py
[2025-07-17T08:02:40.390+0530] {logging_mixin.py:190} INFO - [2025-07-17T08:02:40.390+0530] {dag.py:3239} INFO - Sync 1 DAGs
[2025-07-17T08:02:40.404+0530] {logging_mixin.py:190} INFO - [2025-07-17T08:02:40.404+0530] {dag.py:4180} INFO - Setting next_dagrun for example_skip_dag to 2025-07-16 00:00:00+00:00, run_after=2025-07-17 00:00:00+00:00
[2025-07-17T08:02:40.416+0530] {processor.py:208} INFO - Processing /Users/parth/Desktop/Engine/venv/lib/python3.11/site-packages/airflow/example_dags/example_skip_dag.py took 0.107 seconds
[2025-07-17T08:04:40.747+0530] {processor.py:186} INFO - Started process (PID=40532) to work on /Users/parth/Desktop/Engine/venv/lib/python3.11/site-packages/airflow/example_dags/example_skip_dag.py
[2025-07-17T08:04:40.748+0530] {processor.py:914} INFO - Processing file /Users/parth/Desktop/Engine/venv/lib/python3.11/site-packages/airflow/example_dags/example_skip_dag.py for tasks to queue
[2025-07-17T08:04:40.749+0530] {logging_mixin.py:190} INFO - [2025-07-17T08:04:40.749+0530] {dagbag.py:588} INFO - Filling up the DagBag from /Users/parth/Desktop/Engine/venv/lib/python3.11/site-packages/airflow/example_dags/example_skip_dag.py
[2025-07-17T08:04:40.754+0530] {processor.py:925} INFO - DAG(s) 'example_skip_dag' retrieved from /Users/parth/Desktop/Engine/venv/lib/python3.11/site-packages/airflow/example_dags/example_skip_dag.py
[2025-07-17T08:04:40.814+0530] {logging_mixin.py:190} INFO - [2025-07-17T08:04:40.814+0530] {dag.py:3239} INFO - Sync 1 DAGs
[2025-07-17T08:04:40.826+0530] {logging_mixin.py:190} INFO - [2025-07-17T08:04:40.826+0530] {dag.py:4180} INFO - Setting next_dagrun for example_skip_dag to 2025-07-16 00:00:00+00:00, run_after=2025-07-17 00:00:00+00:00
[2025-07-17T08:04:40.838+0530] {processor.py:208} INFO - Processing /Users/parth/Desktop/Engine/venv/lib/python3.11/site-packages/airflow/example_dags/example_skip_dag.py took 0.093 seconds
[2025-07-17T08:06:53.658+0530] {processor.py:186} INFO - Started process (PID=41488) to work on /Users/parth/Desktop/Engine/venv/lib/python3.11/site-packages/airflow/example_dags/example_skip_dag.py
[2025-07-17T08:06:53.659+0530] {processor.py:914} INFO - Processing file /Users/parth/Desktop/Engine/venv/lib/python3.11/site-packages/airflow/example_dags/example_skip_dag.py for tasks to queue
[2025-07-17T08:06:53.659+0530] {logging_mixin.py:190} INFO - [2025-07-17T08:06:53.659+0530] {dagbag.py:588} INFO - Filling up the DagBag from /Users/parth/Desktop/Engine/venv/lib/python3.11/site-packages/airflow/example_dags/example_skip_dag.py
[2025-07-17T08:06:53.664+0530] {processor.py:925} INFO - DAG(s) 'example_skip_dag' retrieved from /Users/parth/Desktop/Engine/venv/lib/python3.11/site-packages/airflow/example_dags/example_skip_dag.py
[2025-07-17T08:06:53.726+0530] {logging_mixin.py:190} INFO - [2025-07-17T08:06:53.726+0530] {dag.py:3239} INFO - Sync 1 DAGs
[2025-07-17T08:06:53.737+0530] {logging_mixin.py:190} INFO - [2025-07-17T08:06:53.737+0530] {dag.py:4180} INFO - Setting next_dagrun for example_skip_dag to 2025-07-16 00:00:00+00:00, run_after=2025-07-17 00:00:00+00:00
[2025-07-17T08:06:53.748+0530] {processor.py:208} INFO - Processing /Users/parth/Desktop/Engine/venv/lib/python3.11/site-packages/airflow/example_dags/example_skip_dag.py took 0.093 seconds
[2025-07-17T08:08:51.162+0530] {processor.py:186} INFO - Started process (PID=42244) to work on /Users/parth/Desktop/Engine/venv/lib/python3.11/site-packages/airflow/example_dags/example_skip_dag.py
[2025-07-17T08:08:51.162+0530] {processor.py:914} INFO - Processing file /Users/parth/Desktop/Engine/venv/lib/python3.11/site-packages/airflow/example_dags/example_skip_dag.py for tasks to queue
[2025-07-17T08:08:51.163+0530] {logging_mixin.py:190} INFO - [2025-07-17T08:08:51.163+0530] {dagbag.py:588} INFO - Filling up the DagBag from /Users/parth/Desktop/Engine/venv/lib/python3.11/site-packages/airflow/example_dags/example_skip_dag.py
[2025-07-17T08:08:51.168+0530] {processor.py:925} INFO - DAG(s) 'example_skip_dag' retrieved from /Users/parth/Desktop/Engine/venv/lib/python3.11/site-packages/airflow/example_dags/example_skip_dag.py
[2025-07-17T08:08:51.230+0530] {logging_mixin.py:190} INFO - [2025-07-17T08:08:51.230+0530] {dag.py:3239} INFO - Sync 1 DAGs
[2025-07-17T08:08:51.242+0530] {logging_mixin.py:190} INFO - [2025-07-17T08:08:51.241+0530] {dag.py:4180} INFO - Setting next_dagrun for example_skip_dag to 2025-07-16 00:00:00+00:00, run_after=2025-07-17 00:00:00+00:00
[2025-07-17T08:08:51.252+0530] {processor.py:208} INFO - Processing /Users/parth/Desktop/Engine/venv/lib/python3.11/site-packages/airflow/example_dags/example_skip_dag.py took 0.093 seconds
[2025-07-17T08:10:59.952+0530] {processor.py:186} INFO - Started process (PID=43145) to work on /Users/parth/Desktop/Engine/venv/lib/python3.11/site-packages/airflow/example_dags/example_skip_dag.py
[2025-07-17T08:10:59.953+0530] {processor.py:914} INFO - Processing file /Users/parth/Desktop/Engine/venv/lib/python3.11/site-packages/airflow/example_dags/example_skip_dag.py for tasks to queue
[2025-07-17T08:10:59.954+0530] {logging_mixin.py:190} INFO - [2025-07-17T08:10:59.953+0530] {dagbag.py:588} INFO - Filling up the DagBag from /Users/parth/Desktop/Engine/venv/lib/python3.11/site-packages/airflow/example_dags/example_skip_dag.py
[2025-07-17T08:10:59.959+0530] {processor.py:925} INFO - DAG(s) 'example_skip_dag' retrieved from /Users/parth/Desktop/Engine/venv/lib/python3.11/site-packages/airflow/example_dags/example_skip_dag.py
[2025-07-17T08:11:00.021+0530] {logging_mixin.py:190} INFO - [2025-07-17T08:11:00.021+0530] {dag.py:3239} INFO - Sync 1 DAGs
[2025-07-17T08:11:00.033+0530] {logging_mixin.py:190} INFO - [2025-07-17T08:11:00.033+0530] {dag.py:4180} INFO - Setting next_dagrun for example_skip_dag to 2025-07-16 00:00:00+00:00, run_after=2025-07-17 00:00:00+00:00
[2025-07-17T08:11:00.044+0530] {processor.py:208} INFO - Processing /Users/parth/Desktop/Engine/venv/lib/python3.11/site-packages/airflow/example_dags/example_skip_dag.py took 0.094 seconds
[2025-07-17T08:17:09.462+0530] {processor.py:186} INFO - Started process (PID=43891) to work on /Users/parth/Desktop/Engine/venv/lib/python3.11/site-packages/airflow/example_dags/example_skip_dag.py
[2025-07-17T08:17:09.463+0530] {processor.py:914} INFO - Processing file /Users/parth/Desktop/Engine/venv/lib/python3.11/site-packages/airflow/example_dags/example_skip_dag.py for tasks to queue
[2025-07-17T08:17:09.464+0530] {logging_mixin.py:190} INFO - [2025-07-17T08:17:09.463+0530] {dagbag.py:588} INFO - Filling up the DagBag from /Users/parth/Desktop/Engine/venv/lib/python3.11/site-packages/airflow/example_dags/example_skip_dag.py
[2025-07-17T08:17:09.468+0530] {processor.py:925} INFO - DAG(s) 'example_skip_dag' retrieved from /Users/parth/Desktop/Engine/venv/lib/python3.11/site-packages/airflow/example_dags/example_skip_dag.py
[2025-07-17T08:17:09.529+0530] {logging_mixin.py:190} INFO - [2025-07-17T08:17:09.529+0530] {dag.py:3239} INFO - Sync 1 DAGs
[2025-07-17T08:17:09.541+0530] {logging_mixin.py:190} INFO - [2025-07-17T08:17:09.541+0530] {dag.py:4180} INFO - Setting next_dagrun for example_skip_dag to 2025-07-16 00:00:00+00:00, run_after=2025-07-17 00:00:00+00:00
[2025-07-17T08:17:09.553+0530] {processor.py:208} INFO - Processing /Users/parth/Desktop/Engine/venv/lib/python3.11/site-packages/airflow/example_dags/example_skip_dag.py took 0.093 seconds
[2025-07-17T08:19:20.070+0530] {processor.py:186} INFO - Started process (PID=44615) to work on /Users/parth/Desktop/Engine/venv/lib/python3.11/site-packages/airflow/example_dags/example_skip_dag.py
[2025-07-17T08:19:20.071+0530] {processor.py:914} INFO - Processing file /Users/parth/Desktop/Engine/venv/lib/python3.11/site-packages/airflow/example_dags/example_skip_dag.py for tasks to queue
[2025-07-17T08:19:20.072+0530] {logging_mixin.py:190} INFO - [2025-07-17T08:19:20.072+0530] {dagbag.py:588} INFO - Filling up the DagBag from /Users/parth/Desktop/Engine/venv/lib/python3.11/site-packages/airflow/example_dags/example_skip_dag.py
[2025-07-17T08:19:20.077+0530] {processor.py:925} INFO - DAG(s) 'example_skip_dag' retrieved from /Users/parth/Desktop/Engine/venv/lib/python3.11/site-packages/airflow/example_dags/example_skip_dag.py
[2025-07-17T08:19:20.139+0530] {logging_mixin.py:190} INFO - [2025-07-17T08:19:20.139+0530] {dag.py:3239} INFO - Sync 1 DAGs
[2025-07-17T08:19:20.150+0530] {logging_mixin.py:190} INFO - [2025-07-17T08:19:20.150+0530] {dag.py:4180} INFO - Setting next_dagrun for example_skip_dag to 2025-07-16 00:00:00+00:00, run_after=2025-07-17 00:00:00+00:00
[2025-07-17T08:19:20.160+0530] {processor.py:208} INFO - Processing /Users/parth/Desktop/Engine/venv/lib/python3.11/site-packages/airflow/example_dags/example_skip_dag.py took 0.092 seconds
[2025-07-17T08:21:03.178+0530] {processor.py:186} INFO - Started process (PID=45296) to work on /Users/parth/Desktop/Engine/venv/lib/python3.11/site-packages/airflow/example_dags/example_skip_dag.py
[2025-07-17T08:21:03.179+0530] {processor.py:914} INFO - Processing file /Users/parth/Desktop/Engine/venv/lib/python3.11/site-packages/airflow/example_dags/example_skip_dag.py for tasks to queue
[2025-07-17T08:21:03.180+0530] {logging_mixin.py:190} INFO - [2025-07-17T08:21:03.179+0530] {dagbag.py:588} INFO - Filling up the DagBag from /Users/parth/Desktop/Engine/venv/lib/python3.11/site-packages/airflow/example_dags/example_skip_dag.py
[2025-07-17T08:21:03.185+0530] {processor.py:925} INFO - DAG(s) 'example_skip_dag' retrieved from /Users/parth/Desktop/Engine/venv/lib/python3.11/site-packages/airflow/example_dags/example_skip_dag.py
[2025-07-17T08:21:03.246+0530] {logging_mixin.py:190} INFO - [2025-07-17T08:21:03.246+0530] {dag.py:3239} INFO - Sync 1 DAGs
[2025-07-17T08:21:03.258+0530] {logging_mixin.py:190} INFO - [2025-07-17T08:21:03.258+0530] {dag.py:4180} INFO - Setting next_dagrun for example_skip_dag to 2025-07-16 00:00:00+00:00, run_after=2025-07-17 00:00:00+00:00
[2025-07-17T08:21:03.269+0530] {processor.py:208} INFO - Processing /Users/parth/Desktop/Engine/venv/lib/python3.11/site-packages/airflow/example_dags/example_skip_dag.py took 0.093 seconds
[2025-07-17T08:22:49.088+0530] {processor.py:186} INFO - Started process (PID=45988) to work on /Users/parth/Desktop/Engine/venv/lib/python3.11/site-packages/airflow/example_dags/example_skip_dag.py
[2025-07-17T08:22:49.089+0530] {processor.py:914} INFO - Processing file /Users/parth/Desktop/Engine/venv/lib/python3.11/site-packages/airflow/example_dags/example_skip_dag.py for tasks to queue
[2025-07-17T08:22:49.090+0530] {logging_mixin.py:190} INFO - [2025-07-17T08:22:49.090+0530] {dagbag.py:588} INFO - Filling up the DagBag from /Users/parth/Desktop/Engine/venv/lib/python3.11/site-packages/airflow/example_dags/example_skip_dag.py
[2025-07-17T08:22:49.095+0530] {processor.py:925} INFO - DAG(s) 'example_skip_dag' retrieved from /Users/parth/Desktop/Engine/venv/lib/python3.11/site-packages/airflow/example_dags/example_skip_dag.py
[2025-07-17T08:22:49.157+0530] {logging_mixin.py:190} INFO - [2025-07-17T08:22:49.157+0530] {dag.py:3239} INFO - Sync 1 DAGs
[2025-07-17T08:22:49.169+0530] {logging_mixin.py:190} INFO - [2025-07-17T08:22:49.169+0530] {dag.py:4180} INFO - Setting next_dagrun for example_skip_dag to 2025-07-16 00:00:00+00:00, run_after=2025-07-17 00:00:00+00:00
[2025-07-17T08:22:49.180+0530] {processor.py:208} INFO - Processing /Users/parth/Desktop/Engine/venv/lib/python3.11/site-packages/airflow/example_dags/example_skip_dag.py took 0.094 seconds
[2025-07-17T08:24:35.852+0530] {processor.py:186} INFO - Started process (PID=46694) to work on /Users/parth/Desktop/Engine/venv/lib/python3.11/site-packages/airflow/example_dags/example_skip_dag.py
[2025-07-17T08:24:35.853+0530] {processor.py:914} INFO - Processing file /Users/parth/Desktop/Engine/venv/lib/python3.11/site-packages/airflow/example_dags/example_skip_dag.py for tasks to queue
[2025-07-17T08:24:35.854+0530] {logging_mixin.py:190} INFO - [2025-07-17T08:24:35.854+0530] {dagbag.py:588} INFO - Filling up the DagBag from /Users/parth/Desktop/Engine/venv/lib/python3.11/site-packages/airflow/example_dags/example_skip_dag.py
[2025-07-17T08:24:35.859+0530] {processor.py:925} INFO - DAG(s) 'example_skip_dag' retrieved from /Users/parth/Desktop/Engine/venv/lib/python3.11/site-packages/airflow/example_dags/example_skip_dag.py
[2025-07-17T08:24:35.921+0530] {logging_mixin.py:190} INFO - [2025-07-17T08:24:35.920+0530] {dag.py:3239} INFO - Sync 1 DAGs
[2025-07-17T08:24:35.932+0530] {logging_mixin.py:190} INFO - [2025-07-17T08:24:35.932+0530] {dag.py:4180} INFO - Setting next_dagrun for example_skip_dag to 2025-07-16 00:00:00+00:00, run_after=2025-07-17 00:00:00+00:00
[2025-07-17T08:24:35.943+0530] {processor.py:208} INFO - Processing /Users/parth/Desktop/Engine/venv/lib/python3.11/site-packages/airflow/example_dags/example_skip_dag.py took 0.093 seconds
[2025-07-17T08:26:21.024+0530] {processor.py:186} INFO - Started process (PID=47421) to work on /Users/parth/Desktop/Engine/venv/lib/python3.11/site-packages/airflow/example_dags/example_skip_dag.py
[2025-07-17T08:26:21.025+0530] {processor.py:914} INFO - Processing file /Users/parth/Desktop/Engine/venv/lib/python3.11/site-packages/airflow/example_dags/example_skip_dag.py for tasks to queue
[2025-07-17T08:26:21.026+0530] {logging_mixin.py:190} INFO - [2025-07-17T08:26:21.026+0530] {dagbag.py:588} INFO - Filling up the DagBag from /Users/parth/Desktop/Engine/venv/lib/python3.11/site-packages/airflow/example_dags/example_skip_dag.py
[2025-07-17T08:26:21.031+0530] {processor.py:925} INFO - DAG(s) 'example_skip_dag' retrieved from /Users/parth/Desktop/Engine/venv/lib/python3.11/site-packages/airflow/example_dags/example_skip_dag.py
[2025-07-17T08:26:21.093+0530] {logging_mixin.py:190} INFO - [2025-07-17T08:26:21.093+0530] {dag.py:3239} INFO - Sync 1 DAGs
[2025-07-17T08:26:21.104+0530] {logging_mixin.py:190} INFO - [2025-07-17T08:26:21.104+0530] {dag.py:4180} INFO - Setting next_dagrun for example_skip_dag to 2025-07-16 00:00:00+00:00, run_after=2025-07-17 00:00:00+00:00
[2025-07-17T08:26:21.115+0530] {processor.py:208} INFO - Processing /Users/parth/Desktop/Engine/venv/lib/python3.11/site-packages/airflow/example_dags/example_skip_dag.py took 0.092 seconds
[2025-07-17T08:28:18.893+0530] {processor.py:186} INFO - Started process (PID=48257) to work on /Users/parth/Desktop/Engine/venv/lib/python3.11/site-packages/airflow/example_dags/example_skip_dag.py
[2025-07-17T08:28:18.894+0530] {processor.py:914} INFO - Processing file /Users/parth/Desktop/Engine/venv/lib/python3.11/site-packages/airflow/example_dags/example_skip_dag.py for tasks to queue
[2025-07-17T08:28:18.895+0530] {logging_mixin.py:190} INFO - [2025-07-17T08:28:18.895+0530] {dagbag.py:588} INFO - Filling up the DagBag from /Users/parth/Desktop/Engine/venv/lib/python3.11/site-packages/airflow/example_dags/example_skip_dag.py
[2025-07-17T08:28:18.901+0530] {processor.py:925} INFO - DAG(s) 'example_skip_dag' retrieved from /Users/parth/Desktop/Engine/venv/lib/python3.11/site-packages/airflow/example_dags/example_skip_dag.py
[2025-07-17T08:28:18.963+0530] {logging_mixin.py:190} INFO - [2025-07-17T08:28:18.963+0530] {dag.py:3239} INFO - Sync 1 DAGs
[2025-07-17T08:28:18.974+0530] {logging_mixin.py:190} INFO - [2025-07-17T08:28:18.974+0530] {dag.py:4180} INFO - Setting next_dagrun for example_skip_dag to 2025-07-16 00:00:00+00:00, run_after=2025-07-17 00:00:00+00:00
[2025-07-17T08:28:18.985+0530] {processor.py:208} INFO - Processing /Users/parth/Desktop/Engine/venv/lib/python3.11/site-packages/airflow/example_dags/example_skip_dag.py took 0.094 seconds
[2025-07-17T08:30:07.287+0530] {processor.py:186} INFO - Started process (PID=49013) to work on /Users/parth/Desktop/Engine/venv/lib/python3.11/site-packages/airflow/example_dags/example_skip_dag.py
[2025-07-17T08:30:07.287+0530] {processor.py:914} INFO - Processing file /Users/parth/Desktop/Engine/venv/lib/python3.11/site-packages/airflow/example_dags/example_skip_dag.py for tasks to queue
[2025-07-17T08:30:07.288+0530] {logging_mixin.py:190} INFO - [2025-07-17T08:30:07.288+0530] {dagbag.py:588} INFO - Filling up the DagBag from /Users/parth/Desktop/Engine/venv/lib/python3.11/site-packages/airflow/example_dags/example_skip_dag.py
[2025-07-17T08:30:07.294+0530] {processor.py:925} INFO - DAG(s) 'example_skip_dag' retrieved from /Users/parth/Desktop/Engine/venv/lib/python3.11/site-packages/airflow/example_dags/example_skip_dag.py
[2025-07-17T08:30:07.358+0530] {logging_mixin.py:190} INFO - [2025-07-17T08:30:07.358+0530] {dag.py:3239} INFO - Sync 1 DAGs
[2025-07-17T08:30:07.370+0530] {logging_mixin.py:190} INFO - [2025-07-17T08:30:07.369+0530] {dag.py:4180} INFO - Setting next_dagrun for example_skip_dag to 2025-07-16 00:00:00+00:00, run_after=2025-07-17 00:00:00+00:00
[2025-07-17T08:30:07.380+0530] {processor.py:208} INFO - Processing /Users/parth/Desktop/Engine/venv/lib/python3.11/site-packages/airflow/example_dags/example_skip_dag.py took 0.096 seconds
[2025-07-17T08:36:19.097+0530] {processor.py:186} INFO - Started process (PID=49769) to work on /Users/parth/Desktop/Engine/venv/lib/python3.11/site-packages/airflow/example_dags/example_skip_dag.py
[2025-07-17T08:36:19.099+0530] {processor.py:914} INFO - Processing file /Users/parth/Desktop/Engine/venv/lib/python3.11/site-packages/airflow/example_dags/example_skip_dag.py for tasks to queue
[2025-07-17T08:36:19.099+0530] {logging_mixin.py:190} INFO - [2025-07-17T08:36:19.099+0530] {dagbag.py:588} INFO - Filling up the DagBag from /Users/parth/Desktop/Engine/venv/lib/python3.11/site-packages/airflow/example_dags/example_skip_dag.py
[2025-07-17T08:36:19.104+0530] {processor.py:925} INFO - DAG(s) 'example_skip_dag' retrieved from /Users/parth/Desktop/Engine/venv/lib/python3.11/site-packages/airflow/example_dags/example_skip_dag.py
[2025-07-17T08:36:19.166+0530] {logging_mixin.py:190} INFO - [2025-07-17T08:36:19.166+0530] {dag.py:3239} INFO - Sync 1 DAGs
[2025-07-17T08:36:19.177+0530] {logging_mixin.py:190} INFO - [2025-07-17T08:36:19.177+0530] {dag.py:4180} INFO - Setting next_dagrun for example_skip_dag to 2025-07-16 00:00:00+00:00, run_after=2025-07-17 00:00:00+00:00
[2025-07-17T08:36:19.188+0530] {processor.py:208} INFO - Processing /Users/parth/Desktop/Engine/venv/lib/python3.11/site-packages/airflow/example_dags/example_skip_dag.py took 0.093 seconds
[2025-07-17T08:38:05.082+0530] {processor.py:186} INFO - Started process (PID=50459) to work on /Users/parth/Desktop/Engine/venv/lib/python3.11/site-packages/airflow/example_dags/example_skip_dag.py
[2025-07-17T08:38:05.083+0530] {processor.py:914} INFO - Processing file /Users/parth/Desktop/Engine/venv/lib/python3.11/site-packages/airflow/example_dags/example_skip_dag.py for tasks to queue
[2025-07-17T08:38:05.084+0530] {logging_mixin.py:190} INFO - [2025-07-17T08:38:05.084+0530] {dagbag.py:588} INFO - Filling up the DagBag from /Users/parth/Desktop/Engine/venv/lib/python3.11/site-packages/airflow/example_dags/example_skip_dag.py
[2025-07-17T08:38:05.089+0530] {processor.py:925} INFO - DAG(s) 'example_skip_dag' retrieved from /Users/parth/Desktop/Engine/venv/lib/python3.11/site-packages/airflow/example_dags/example_skip_dag.py
[2025-07-17T08:38:05.152+0530] {logging_mixin.py:190} INFO - [2025-07-17T08:38:05.152+0530] {dag.py:3239} INFO - Sync 1 DAGs
[2025-07-17T08:38:05.164+0530] {logging_mixin.py:190} INFO - [2025-07-17T08:38:05.163+0530] {dag.py:4180} INFO - Setting next_dagrun for example_skip_dag to 2025-07-16 00:00:00+00:00, run_after=2025-07-17 00:00:00+00:00
[2025-07-17T08:38:05.174+0530] {processor.py:208} INFO - Processing /Users/parth/Desktop/Engine/venv/lib/python3.11/site-packages/airflow/example_dags/example_skip_dag.py took 0.094 seconds
[2025-07-17T08:39:50.396+0530] {processor.py:186} INFO - Started process (PID=51147) to work on /Users/parth/Desktop/Engine/venv/lib/python3.11/site-packages/airflow/example_dags/example_skip_dag.py
[2025-07-17T08:39:50.398+0530] {processor.py:914} INFO - Processing file /Users/parth/Desktop/Engine/venv/lib/python3.11/site-packages/airflow/example_dags/example_skip_dag.py for tasks to queue
[2025-07-17T08:39:50.399+0530] {logging_mixin.py:190} INFO - [2025-07-17T08:39:50.398+0530] {dagbag.py:588} INFO - Filling up the DagBag from /Users/parth/Desktop/Engine/venv/lib/python3.11/site-packages/airflow/example_dags/example_skip_dag.py
[2025-07-17T08:39:50.403+0530] {processor.py:925} INFO - DAG(s) 'example_skip_dag' retrieved from /Users/parth/Desktop/Engine/venv/lib/python3.11/site-packages/airflow/example_dags/example_skip_dag.py
[2025-07-17T08:39:50.465+0530] {logging_mixin.py:190} INFO - [2025-07-17T08:39:50.465+0530] {dag.py:3239} INFO - Sync 1 DAGs
[2025-07-17T08:39:50.477+0530] {logging_mixin.py:190} INFO - [2025-07-17T08:39:50.477+0530] {dag.py:4180} INFO - Setting next_dagrun for example_skip_dag to 2025-07-16 00:00:00+00:00, run_after=2025-07-17 00:00:00+00:00
[2025-07-17T08:39:50.487+0530] {processor.py:208} INFO - Processing /Users/parth/Desktop/Engine/venv/lib/python3.11/site-packages/airflow/example_dags/example_skip_dag.py took 0.093 seconds
[2025-07-17T08:42:50.348+0530] {processor.py:186} INFO - Started process (PID=51889) to work on /Users/parth/Desktop/Engine/venv/lib/python3.11/site-packages/airflow/example_dags/example_skip_dag.py
[2025-07-17T08:42:50.348+0530] {processor.py:914} INFO - Processing file /Users/parth/Desktop/Engine/venv/lib/python3.11/site-packages/airflow/example_dags/example_skip_dag.py for tasks to queue
[2025-07-17T08:42:50.349+0530] {logging_mixin.py:190} INFO - [2025-07-17T08:42:50.349+0530] {dagbag.py:588} INFO - Filling up the DagBag from /Users/parth/Desktop/Engine/venv/lib/python3.11/site-packages/airflow/example_dags/example_skip_dag.py
[2025-07-17T08:42:50.354+0530] {processor.py:925} INFO - DAG(s) 'example_skip_dag' retrieved from /Users/parth/Desktop/Engine/venv/lib/python3.11/site-packages/airflow/example_dags/example_skip_dag.py
[2025-07-17T08:42:50.416+0530] {logging_mixin.py:190} INFO - [2025-07-17T08:42:50.416+0530] {dag.py:3239} INFO - Sync 1 DAGs
[2025-07-17T08:42:50.428+0530] {logging_mixin.py:190} INFO - [2025-07-17T08:42:50.428+0530] {dag.py:4180} INFO - Setting next_dagrun for example_skip_dag to 2025-07-16 00:00:00+00:00, run_after=2025-07-17 00:00:00+00:00
[2025-07-17T08:42:50.438+0530] {processor.py:208} INFO - Processing /Users/parth/Desktop/Engine/venv/lib/python3.11/site-packages/airflow/example_dags/example_skip_dag.py took 0.093 seconds
