[2025-07-17T07:16:31.723+0530] {processor.py:186} INFO - Started process (PID=23605) to work on /Users/parth/Desktop/Engine/venv/lib/python3.11/site-packages/airflow/example_dags/example_setup_teardown_taskflow.py
[2025-07-17T07:16:31.724+0530] {processor.py:914} INFO - Processing file /Users/parth/Desktop/Engine/venv/lib/python3.11/site-packages/airflow/example_dags/example_setup_teardown_taskflow.py for tasks to queue
[2025-07-17T07:16:31.725+0530] {logging_mixin.py:190} INFO - [2025-07-17T07:16:31.725+0530] {dagbag.py:588} INFO - Filling up the DagBag from /Users/parth/Desktop/Engine/venv/lib/python3.11/site-packages/airflow/example_dags/example_setup_teardown_taskflow.py
[2025-07-17T07:16:31.751+0530] {processor.py:925} INFO - DAG(s) 'example_setup_teardown_taskflow' retrieved from /Users/parth/Desktop/Engine/venv/lib/python3.11/site-packages/airflow/example_dags/example_setup_teardown_taskflow.py
[2025-07-17T07:16:31.812+0530] {logging_mixin.py:190} INFO - [2025-07-17T07:16:31.812+0530] {dag.py:3239} INFO - Sync 1 DAGs
[2025-07-17T07:16:31.820+0530] {logging_mixin.py:190} INFO - [2025-07-17T07:16:31.820+0530] {dag.py:4180} INFO - Setting next_dagrun for example_setup_teardown_taskflow to None, run_after=None
[2025-07-17T07:16:31.831+0530] {processor.py:208} INFO - Processing /Users/parth/Desktop/Engine/venv/lib/python3.11/site-packages/airflow/example_dags/example_setup_teardown_taskflow.py took 0.111 seconds
[2025-07-17T07:25:04.615+0530] {processor.py:186} INFO - Started process (PID=24614) to work on /Users/parth/Desktop/Engine/venv/lib/python3.11/site-packages/airflow/example_dags/example_setup_teardown_taskflow.py
[2025-07-17T07:25:04.615+0530] {processor.py:914} INFO - Processing file /Users/parth/Desktop/Engine/venv/lib/python3.11/site-packages/airflow/example_dags/example_setup_teardown_taskflow.py for tasks to queue
[2025-07-17T07:25:04.616+0530] {logging_mixin.py:190} INFO - [2025-07-17T07:25:04.616+0530] {dagbag.py:588} INFO - Filling up the DagBag from /Users/parth/Desktop/Engine/venv/lib/python3.11/site-packages/airflow/example_dags/example_setup_teardown_taskflow.py
[2025-07-17T07:25:04.642+0530] {processor.py:925} INFO - DAG(s) 'example_setup_teardown_taskflow' retrieved from /Users/parth/Desktop/Engine/venv/lib/python3.11/site-packages/airflow/example_dags/example_setup_teardown_taskflow.py
[2025-07-17T07:25:04.704+0530] {logging_mixin.py:190} INFO - [2025-07-17T07:25:04.704+0530] {dag.py:3239} INFO - Sync 1 DAGs
[2025-07-17T07:25:04.710+0530] {logging_mixin.py:190} INFO - [2025-07-17T07:25:04.710+0530] {dag.py:4180} INFO - Setting next_dagrun for example_setup_teardown_taskflow to None, run_after=None
[2025-07-17T07:25:04.721+0530] {processor.py:208} INFO - Processing /Users/parth/Desktop/Engine/venv/lib/python3.11/site-packages/airflow/example_dags/example_setup_teardown_taskflow.py took 0.109 seconds
[2025-07-17T07:26:58.089+0530] {processor.py:186} INFO - Started process (PID=25357) to work on /Users/parth/Desktop/Engine/venv/lib/python3.11/site-packages/airflow/example_dags/example_setup_teardown_taskflow.py
[2025-07-17T07:26:58.090+0530] {processor.py:914} INFO - Processing file /Users/parth/Desktop/Engine/venv/lib/python3.11/site-packages/airflow/example_dags/example_setup_teardown_taskflow.py for tasks to queue
[2025-07-17T07:26:58.090+0530] {logging_mixin.py:190} INFO - [2025-07-17T07:26:58.090+0530] {dagbag.py:588} INFO - Filling up the DagBag from /Users/parth/Desktop/Engine/venv/lib/python3.11/site-packages/airflow/example_dags/example_setup_teardown_taskflow.py
[2025-07-17T07:26:58.116+0530] {processor.py:925} INFO - DAG(s) 'example_setup_teardown_taskflow' retrieved from /Users/parth/Desktop/Engine/venv/lib/python3.11/site-packages/airflow/example_dags/example_setup_teardown_taskflow.py
[2025-07-17T07:26:58.177+0530] {logging_mixin.py:190} INFO - [2025-07-17T07:26:58.176+0530] {dag.py:3239} INFO - Sync 1 DAGs
[2025-07-17T07:26:58.184+0530] {logging_mixin.py:190} INFO - [2025-07-17T07:26:58.184+0530] {dag.py:4180} INFO - Setting next_dagrun for example_setup_teardown_taskflow to None, run_after=None
[2025-07-17T07:26:58.195+0530] {processor.py:208} INFO - Processing /Users/parth/Desktop/Engine/venv/lib/python3.11/site-packages/airflow/example_dags/example_setup_teardown_taskflow.py took 0.109 seconds
[2025-07-17T07:28:42.633+0530] {processor.py:186} INFO - Started process (PID=26030) to work on /Users/parth/Desktop/Engine/venv/lib/python3.11/site-packages/airflow/example_dags/example_setup_teardown_taskflow.py
[2025-07-17T07:28:42.634+0530] {processor.py:914} INFO - Processing file /Users/parth/Desktop/Engine/venv/lib/python3.11/site-packages/airflow/example_dags/example_setup_teardown_taskflow.py for tasks to queue
[2025-07-17T07:28:42.635+0530] {logging_mixin.py:190} INFO - [2025-07-17T07:28:42.634+0530] {dagbag.py:588} INFO - Filling up the DagBag from /Users/parth/Desktop/Engine/venv/lib/python3.11/site-packages/airflow/example_dags/example_setup_teardown_taskflow.py
[2025-07-17T07:28:42.660+0530] {processor.py:925} INFO - DAG(s) 'example_setup_teardown_taskflow' retrieved from /Users/parth/Desktop/Engine/venv/lib/python3.11/site-packages/airflow/example_dags/example_setup_teardown_taskflow.py
[2025-07-17T07:28:42.722+0530] {logging_mixin.py:190} INFO - [2025-07-17T07:28:42.721+0530] {dag.py:3239} INFO - Sync 1 DAGs
[2025-07-17T07:28:42.728+0530] {logging_mixin.py:190} INFO - [2025-07-17T07:28:42.728+0530] {dag.py:4180} INFO - Setting next_dagrun for example_setup_teardown_taskflow to None, run_after=None
[2025-07-17T07:28:42.739+0530] {processor.py:208} INFO - Processing /Users/parth/Desktop/Engine/venv/lib/python3.11/site-packages/airflow/example_dags/example_setup_teardown_taskflow.py took 0.108 seconds
[2025-07-17T07:30:26.395+0530] {processor.py:186} INFO - Started process (PID=26702) to work on /Users/parth/Desktop/Engine/venv/lib/python3.11/site-packages/airflow/example_dags/example_setup_teardown_taskflow.py
[2025-07-17T07:30:26.396+0530] {processor.py:914} INFO - Processing file /Users/parth/Desktop/Engine/venv/lib/python3.11/site-packages/airflow/example_dags/example_setup_teardown_taskflow.py for tasks to queue
[2025-07-17T07:30:26.396+0530] {logging_mixin.py:190} INFO - [2025-07-17T07:30:26.396+0530] {dagbag.py:588} INFO - Filling up the DagBag from /Users/parth/Desktop/Engine/venv/lib/python3.11/site-packages/airflow/example_dags/example_setup_teardown_taskflow.py
[2025-07-17T07:30:26.422+0530] {processor.py:925} INFO - DAG(s) 'example_setup_teardown_taskflow' retrieved from /Users/parth/Desktop/Engine/venv/lib/python3.11/site-packages/airflow/example_dags/example_setup_teardown_taskflow.py
[2025-07-17T07:30:26.483+0530] {logging_mixin.py:190} INFO - [2025-07-17T07:30:26.483+0530] {dag.py:3239} INFO - Sync 1 DAGs
[2025-07-17T07:30:26.489+0530] {logging_mixin.py:190} INFO - [2025-07-17T07:30:26.489+0530] {dag.py:4180} INFO - Setting next_dagrun for example_setup_teardown_taskflow to None, run_after=None
[2025-07-17T07:30:26.500+0530] {processor.py:208} INFO - Processing /Users/parth/Desktop/Engine/venv/lib/python3.11/site-packages/airflow/example_dags/example_setup_teardown_taskflow.py took 0.107 seconds
[2025-07-17T07:32:12.079+0530] {processor.py:186} INFO - Started process (PID=27376) to work on /Users/parth/Desktop/Engine/venv/lib/python3.11/site-packages/airflow/example_dags/example_setup_teardown_taskflow.py
[2025-07-17T07:32:12.080+0530] {processor.py:914} INFO - Processing file /Users/parth/Desktop/Engine/venv/lib/python3.11/site-packages/airflow/example_dags/example_setup_teardown_taskflow.py for tasks to queue
[2025-07-17T07:32:12.080+0530] {logging_mixin.py:190} INFO - [2025-07-17T07:32:12.080+0530] {dagbag.py:588} INFO - Filling up the DagBag from /Users/parth/Desktop/Engine/venv/lib/python3.11/site-packages/airflow/example_dags/example_setup_teardown_taskflow.py
[2025-07-17T07:32:12.106+0530] {processor.py:925} INFO - DAG(s) 'example_setup_teardown_taskflow' retrieved from /Users/parth/Desktop/Engine/venv/lib/python3.11/site-packages/airflow/example_dags/example_setup_teardown_taskflow.py
[2025-07-17T07:32:12.166+0530] {logging_mixin.py:190} INFO - [2025-07-17T07:32:12.166+0530] {dag.py:3239} INFO - Sync 1 DAGs
[2025-07-17T07:32:12.172+0530] {logging_mixin.py:190} INFO - [2025-07-17T07:32:12.172+0530] {dag.py:4180} INFO - Setting next_dagrun for example_setup_teardown_taskflow to None, run_after=None
[2025-07-17T07:32:12.183+0530] {processor.py:208} INFO - Processing /Users/parth/Desktop/Engine/venv/lib/python3.11/site-packages/airflow/example_dags/example_setup_teardown_taskflow.py took 0.106 seconds
[2025-07-17T07:33:58.078+0530] {processor.py:186} INFO - Started process (PID=28079) to work on /Users/parth/Desktop/Engine/venv/lib/python3.11/site-packages/airflow/example_dags/example_setup_teardown_taskflow.py
[2025-07-17T07:33:58.079+0530] {processor.py:914} INFO - Processing file /Users/parth/Desktop/Engine/venv/lib/python3.11/site-packages/airflow/example_dags/example_setup_teardown_taskflow.py for tasks to queue
[2025-07-17T07:33:58.080+0530] {logging_mixin.py:190} INFO - [2025-07-17T07:33:58.079+0530] {dagbag.py:588} INFO - Filling up the DagBag from /Users/parth/Desktop/Engine/venv/lib/python3.11/site-packages/airflow/example_dags/example_setup_teardown_taskflow.py
[2025-07-17T07:33:58.105+0530] {processor.py:925} INFO - DAG(s) 'example_setup_teardown_taskflow' retrieved from /Users/parth/Desktop/Engine/venv/lib/python3.11/site-packages/airflow/example_dags/example_setup_teardown_taskflow.py
[2025-07-17T07:33:58.166+0530] {logging_mixin.py:190} INFO - [2025-07-17T07:33:58.166+0530] {dag.py:3239} INFO - Sync 1 DAGs
[2025-07-17T07:33:58.172+0530] {logging_mixin.py:190} INFO - [2025-07-17T07:33:58.172+0530] {dag.py:4180} INFO - Setting next_dagrun for example_setup_teardown_taskflow to None, run_after=None
[2025-07-17T07:33:58.182+0530] {processor.py:208} INFO - Processing /Users/parth/Desktop/Engine/venv/lib/python3.11/site-packages/airflow/example_dags/example_setup_teardown_taskflow.py took 0.107 seconds
[2025-07-17T07:35:58.228+0530] {processor.py:186} INFO - Started process (PID=28874) to work on /Users/parth/Desktop/Engine/venv/lib/python3.11/site-packages/airflow/example_dags/example_setup_teardown_taskflow.py
[2025-07-17T07:35:58.229+0530] {processor.py:914} INFO - Processing file /Users/parth/Desktop/Engine/venv/lib/python3.11/site-packages/airflow/example_dags/example_setup_teardown_taskflow.py for tasks to queue
[2025-07-17T07:35:58.229+0530] {logging_mixin.py:190} INFO - [2025-07-17T07:35:58.229+0530] {dagbag.py:588} INFO - Filling up the DagBag from /Users/parth/Desktop/Engine/venv/lib/python3.11/site-packages/airflow/example_dags/example_setup_teardown_taskflow.py
[2025-07-17T07:35:58.255+0530] {processor.py:925} INFO - DAG(s) 'example_setup_teardown_taskflow' retrieved from /Users/parth/Desktop/Engine/venv/lib/python3.11/site-packages/airflow/example_dags/example_setup_teardown_taskflow.py
[2025-07-17T07:35:58.317+0530] {logging_mixin.py:190} INFO - [2025-07-17T07:35:58.317+0530] {dag.py:3239} INFO - Sync 1 DAGs
[2025-07-17T07:35:58.325+0530] {logging_mixin.py:190} INFO - [2025-07-17T07:35:58.325+0530] {dag.py:4180} INFO - Setting next_dagrun for example_setup_teardown_taskflow to None, run_after=None
[2025-07-17T07:35:58.336+0530] {processor.py:208} INFO - Processing /Users/parth/Desktop/Engine/venv/lib/python3.11/site-packages/airflow/example_dags/example_setup_teardown_taskflow.py took 0.111 seconds
[2025-07-17T07:37:48.140+0530] {processor.py:186} INFO - Started process (PID=29588) to work on /Users/parth/Desktop/Engine/venv/lib/python3.11/site-packages/airflow/example_dags/example_setup_teardown_taskflow.py
[2025-07-17T07:37:48.141+0530] {processor.py:914} INFO - Processing file /Users/parth/Desktop/Engine/venv/lib/python3.11/site-packages/airflow/example_dags/example_setup_teardown_taskflow.py for tasks to queue
[2025-07-17T07:37:48.142+0530] {logging_mixin.py:190} INFO - [2025-07-17T07:37:48.142+0530] {dagbag.py:588} INFO - Filling up the DagBag from /Users/parth/Desktop/Engine/venv/lib/python3.11/site-packages/airflow/example_dags/example_setup_teardown_taskflow.py
[2025-07-17T07:37:48.168+0530] {processor.py:925} INFO - DAG(s) 'example_setup_teardown_taskflow' retrieved from /Users/parth/Desktop/Engine/venv/lib/python3.11/site-packages/airflow/example_dags/example_setup_teardown_taskflow.py
[2025-07-17T07:37:48.230+0530] {logging_mixin.py:190} INFO - [2025-07-17T07:37:48.229+0530] {dag.py:3239} INFO - Sync 1 DAGs
[2025-07-17T07:37:48.236+0530] {logging_mixin.py:190} INFO - [2025-07-17T07:37:48.236+0530] {dag.py:4180} INFO - Setting next_dagrun for example_setup_teardown_taskflow to None, run_after=None
[2025-07-17T07:37:48.247+0530] {processor.py:208} INFO - Processing /Users/parth/Desktop/Engine/venv/lib/python3.11/site-packages/airflow/example_dags/example_setup_teardown_taskflow.py took 0.108 seconds
[2025-07-17T07:39:38.568+0530] {processor.py:186} INFO - Started process (PID=30315) to work on /Users/parth/Desktop/Engine/venv/lib/python3.11/site-packages/airflow/example_dags/example_setup_teardown_taskflow.py
[2025-07-17T07:39:38.568+0530] {processor.py:914} INFO - Processing file /Users/parth/Desktop/Engine/venv/lib/python3.11/site-packages/airflow/example_dags/example_setup_teardown_taskflow.py for tasks to queue
[2025-07-17T07:39:38.569+0530] {logging_mixin.py:190} INFO - [2025-07-17T07:39:38.569+0530] {dagbag.py:588} INFO - Filling up the DagBag from /Users/parth/Desktop/Engine/venv/lib/python3.11/site-packages/airflow/example_dags/example_setup_teardown_taskflow.py
[2025-07-17T07:39:38.595+0530] {processor.py:925} INFO - DAG(s) 'example_setup_teardown_taskflow' retrieved from /Users/parth/Desktop/Engine/venv/lib/python3.11/site-packages/airflow/example_dags/example_setup_teardown_taskflow.py
[2025-07-17T07:39:38.656+0530] {logging_mixin.py:190} INFO - [2025-07-17T07:39:38.656+0530] {dag.py:3239} INFO - Sync 1 DAGs
[2025-07-17T07:39:38.663+0530] {logging_mixin.py:190} INFO - [2025-07-17T07:39:38.663+0530] {dag.py:4180} INFO - Setting next_dagrun for example_setup_teardown_taskflow to None, run_after=None
[2025-07-17T07:39:38.674+0530] {processor.py:208} INFO - Processing /Users/parth/Desktop/Engine/venv/lib/python3.11/site-packages/airflow/example_dags/example_setup_teardown_taskflow.py took 0.108 seconds
[2025-07-17T07:41:37.101+0530] {processor.py:186} INFO - Started process (PID=31092) to work on /Users/parth/Desktop/Engine/venv/lib/python3.11/site-packages/airflow/example_dags/example_setup_teardown_taskflow.py
[2025-07-17T07:41:37.102+0530] {processor.py:914} INFO - Processing file /Users/parth/Desktop/Engine/venv/lib/python3.11/site-packages/airflow/example_dags/example_setup_teardown_taskflow.py for tasks to queue
[2025-07-17T07:41:37.103+0530] {logging_mixin.py:190} INFO - [2025-07-17T07:41:37.102+0530] {dagbag.py:588} INFO - Filling up the DagBag from /Users/parth/Desktop/Engine/venv/lib/python3.11/site-packages/airflow/example_dags/example_setup_teardown_taskflow.py
[2025-07-17T07:41:37.128+0530] {processor.py:925} INFO - DAG(s) 'example_setup_teardown_taskflow' retrieved from /Users/parth/Desktop/Engine/venv/lib/python3.11/site-packages/airflow/example_dags/example_setup_teardown_taskflow.py
[2025-07-17T07:41:37.188+0530] {logging_mixin.py:190} INFO - [2025-07-17T07:41:37.188+0530] {dag.py:3239} INFO - Sync 1 DAGs
[2025-07-17T07:41:37.194+0530] {logging_mixin.py:190} INFO - [2025-07-17T07:41:37.194+0530] {dag.py:4180} INFO - Setting next_dagrun for example_setup_teardown_taskflow to None, run_after=None
[2025-07-17T07:41:37.205+0530] {processor.py:208} INFO - Processing /Users/parth/Desktop/Engine/venv/lib/python3.11/site-packages/airflow/example_dags/example_setup_teardown_taskflow.py took 0.106 seconds
[2025-07-17T07:43:43.778+0530] {processor.py:186} INFO - Started process (PID=31924) to work on /Users/parth/Desktop/Engine/venv/lib/python3.11/site-packages/airflow/example_dags/example_setup_teardown_taskflow.py
[2025-07-17T07:43:43.779+0530] {processor.py:914} INFO - Processing file /Users/parth/Desktop/Engine/venv/lib/python3.11/site-packages/airflow/example_dags/example_setup_teardown_taskflow.py for tasks to queue
[2025-07-17T07:43:43.780+0530] {logging_mixin.py:190} INFO - [2025-07-17T07:43:43.780+0530] {dagbag.py:588} INFO - Filling up the DagBag from /Users/parth/Desktop/Engine/venv/lib/python3.11/site-packages/airflow/example_dags/example_setup_teardown_taskflow.py
[2025-07-17T07:43:43.807+0530] {processor.py:925} INFO - DAG(s) 'example_setup_teardown_taskflow' retrieved from /Users/parth/Desktop/Engine/venv/lib/python3.11/site-packages/airflow/example_dags/example_setup_teardown_taskflow.py
[2025-07-17T07:43:43.870+0530] {logging_mixin.py:190} INFO - [2025-07-17T07:43:43.870+0530] {dag.py:3239} INFO - Sync 1 DAGs
[2025-07-17T07:43:43.876+0530] {logging_mixin.py:190} INFO - [2025-07-17T07:43:43.876+0530] {dag.py:4180} INFO - Setting next_dagrun for example_setup_teardown_taskflow to None, run_after=None
[2025-07-17T07:43:43.887+0530] {processor.py:208} INFO - Processing /Users/parth/Desktop/Engine/venv/lib/python3.11/site-packages/airflow/example_dags/example_setup_teardown_taskflow.py took 0.110 seconds
[2025-07-17T07:46:36.379+0530] {processor.py:186} INFO - Started process (PID=33226) to work on /Users/parth/Desktop/Engine/venv/lib/python3.11/site-packages/airflow/example_dags/example_setup_teardown_taskflow.py
[2025-07-17T07:46:36.380+0530] {processor.py:914} INFO - Processing file /Users/parth/Desktop/Engine/venv/lib/python3.11/site-packages/airflow/example_dags/example_setup_teardown_taskflow.py for tasks to queue
[2025-07-17T07:46:36.381+0530] {logging_mixin.py:190} INFO - [2025-07-17T07:46:36.381+0530] {dagbag.py:588} INFO - Filling up the DagBag from /Users/parth/Desktop/Engine/venv/lib/python3.11/site-packages/airflow/example_dags/example_setup_teardown_taskflow.py
[2025-07-17T07:46:36.407+0530] {processor.py:925} INFO - DAG(s) 'example_setup_teardown_taskflow' retrieved from /Users/parth/Desktop/Engine/venv/lib/python3.11/site-packages/airflow/example_dags/example_setup_teardown_taskflow.py
[2025-07-17T07:46:36.468+0530] {logging_mixin.py:190} INFO - [2025-07-17T07:46:36.467+0530] {dag.py:3239} INFO - Sync 1 DAGs
[2025-07-17T07:46:36.474+0530] {logging_mixin.py:190} INFO - [2025-07-17T07:46:36.474+0530] {dag.py:4180} INFO - Setting next_dagrun for example_setup_teardown_taskflow to None, run_after=None
[2025-07-17T07:46:36.485+0530] {processor.py:208} INFO - Processing /Users/parth/Desktop/Engine/venv/lib/python3.11/site-packages/airflow/example_dags/example_setup_teardown_taskflow.py took 0.108 seconds
[2025-07-17T07:48:59.294+0530] {processor.py:186} INFO - Started process (PID=34169) to work on /Users/parth/Desktop/Engine/venv/lib/python3.11/site-packages/airflow/example_dags/example_setup_teardown_taskflow.py
[2025-07-17T07:48:59.294+0530] {processor.py:914} INFO - Processing file /Users/parth/Desktop/Engine/venv/lib/python3.11/site-packages/airflow/example_dags/example_setup_teardown_taskflow.py for tasks to queue
[2025-07-17T07:48:59.295+0530] {logging_mixin.py:190} INFO - [2025-07-17T07:48:59.295+0530] {dagbag.py:588} INFO - Filling up the DagBag from /Users/parth/Desktop/Engine/venv/lib/python3.11/site-packages/airflow/example_dags/example_setup_teardown_taskflow.py
[2025-07-17T07:48:59.321+0530] {processor.py:925} INFO - DAG(s) 'example_setup_teardown_taskflow' retrieved from /Users/parth/Desktop/Engine/venv/lib/python3.11/site-packages/airflow/example_dags/example_setup_teardown_taskflow.py
[2025-07-17T07:48:59.380+0530] {logging_mixin.py:190} INFO - [2025-07-17T07:48:59.380+0530] {dag.py:3239} INFO - Sync 1 DAGs
[2025-07-17T07:48:59.386+0530] {logging_mixin.py:190} INFO - [2025-07-17T07:48:59.386+0530] {dag.py:4180} INFO - Setting next_dagrun for example_setup_teardown_taskflow to None, run_after=None
[2025-07-17T07:48:59.397+0530] {processor.py:208} INFO - Processing /Users/parth/Desktop/Engine/venv/lib/python3.11/site-packages/airflow/example_dags/example_setup_teardown_taskflow.py took 0.106 seconds
[2025-07-17T07:51:01.908+0530] {processor.py:186} INFO - Started process (PID=34978) to work on /Users/parth/Desktop/Engine/venv/lib/python3.11/site-packages/airflow/example_dags/example_setup_teardown_taskflow.py
[2025-07-17T07:51:01.909+0530] {processor.py:914} INFO - Processing file /Users/parth/Desktop/Engine/venv/lib/python3.11/site-packages/airflow/example_dags/example_setup_teardown_taskflow.py for tasks to queue
[2025-07-17T07:51:01.910+0530] {logging_mixin.py:190} INFO - [2025-07-17T07:51:01.909+0530] {dagbag.py:588} INFO - Filling up the DagBag from /Users/parth/Desktop/Engine/venv/lib/python3.11/site-packages/airflow/example_dags/example_setup_teardown_taskflow.py
[2025-07-17T07:51:01.936+0530] {processor.py:925} INFO - DAG(s) 'example_setup_teardown_taskflow' retrieved from /Users/parth/Desktop/Engine/venv/lib/python3.11/site-packages/airflow/example_dags/example_setup_teardown_taskflow.py
[2025-07-17T07:51:01.995+0530] {logging_mixin.py:190} INFO - [2025-07-17T07:51:01.995+0530] {dag.py:3239} INFO - Sync 1 DAGs
[2025-07-17T07:51:02.002+0530] {logging_mixin.py:190} INFO - [2025-07-17T07:51:02.002+0530] {dag.py:4180} INFO - Setting next_dagrun for example_setup_teardown_taskflow to None, run_after=None
[2025-07-17T07:51:02.012+0530] {processor.py:208} INFO - Processing /Users/parth/Desktop/Engine/venv/lib/python3.11/site-packages/airflow/example_dags/example_setup_teardown_taskflow.py took 0.107 seconds
[2025-07-17T07:54:05.114+0530] {processor.py:186} INFO - Started process (PID=36312) to work on /Users/parth/Desktop/Engine/venv/lib/python3.11/site-packages/airflow/example_dags/example_setup_teardown_taskflow.py
[2025-07-17T07:54:05.115+0530] {processor.py:914} INFO - Processing file /Users/parth/Desktop/Engine/venv/lib/python3.11/site-packages/airflow/example_dags/example_setup_teardown_taskflow.py for tasks to queue
[2025-07-17T07:54:05.116+0530] {logging_mixin.py:190} INFO - [2025-07-17T07:54:05.116+0530] {dagbag.py:588} INFO - Filling up the DagBag from /Users/parth/Desktop/Engine/venv/lib/python3.11/site-packages/airflow/example_dags/example_setup_teardown_taskflow.py
[2025-07-17T07:54:05.157+0530] {processor.py:925} INFO - DAG(s) 'example_setup_teardown_taskflow' retrieved from /Users/parth/Desktop/Engine/venv/lib/python3.11/site-packages/airflow/example_dags/example_setup_teardown_taskflow.py
[2025-07-17T07:54:05.234+0530] {logging_mixin.py:190} INFO - [2025-07-17T07:54:05.234+0530] {dag.py:3239} INFO - Sync 1 DAGs
[2025-07-17T07:54:05.242+0530] {logging_mixin.py:190} INFO - [2025-07-17T07:54:05.242+0530] {dag.py:4180} INFO - Setting next_dagrun for example_setup_teardown_taskflow to None, run_after=None
[2025-07-17T07:54:05.255+0530] {processor.py:208} INFO - Processing /Users/parth/Desktop/Engine/venv/lib/python3.11/site-packages/airflow/example_dags/example_setup_teardown_taskflow.py took 0.145 seconds
[2025-07-17T07:56:29.583+0530] {processor.py:186} INFO - Started process (PID=37326) to work on /Users/parth/Desktop/Engine/venv/lib/python3.11/site-packages/airflow/example_dags/example_setup_teardown_taskflow.py
[2025-07-17T07:56:29.583+0530] {processor.py:914} INFO - Processing file /Users/parth/Desktop/Engine/venv/lib/python3.11/site-packages/airflow/example_dags/example_setup_teardown_taskflow.py for tasks to queue
[2025-07-17T07:56:29.584+0530] {logging_mixin.py:190} INFO - [2025-07-17T07:56:29.584+0530] {dagbag.py:588} INFO - Filling up the DagBag from /Users/parth/Desktop/Engine/venv/lib/python3.11/site-packages/airflow/example_dags/example_setup_teardown_taskflow.py
[2025-07-17T07:56:29.611+0530] {processor.py:925} INFO - DAG(s) 'example_setup_teardown_taskflow' retrieved from /Users/parth/Desktop/Engine/venv/lib/python3.11/site-packages/airflow/example_dags/example_setup_teardown_taskflow.py
[2025-07-17T07:56:29.674+0530] {logging_mixin.py:190} INFO - [2025-07-17T07:56:29.674+0530] {dag.py:3239} INFO - Sync 1 DAGs
[2025-07-17T07:56:29.681+0530] {logging_mixin.py:190} INFO - [2025-07-17T07:56:29.680+0530] {dag.py:4180} INFO - Setting next_dagrun for example_setup_teardown_taskflow to None, run_after=None
[2025-07-17T07:56:29.691+0530] {processor.py:208} INFO - Processing /Users/parth/Desktop/Engine/venv/lib/python3.11/site-packages/airflow/example_dags/example_setup_teardown_taskflow.py took 0.111 seconds
[2025-07-17T07:58:23.999+0530] {processor.py:186} INFO - Started process (PID=38074) to work on /Users/parth/Desktop/Engine/venv/lib/python3.11/site-packages/airflow/example_dags/example_setup_teardown_taskflow.py
[2025-07-17T07:58:24.001+0530] {processor.py:914} INFO - Processing file /Users/parth/Desktop/Engine/venv/lib/python3.11/site-packages/airflow/example_dags/example_setup_teardown_taskflow.py for tasks to queue
[2025-07-17T07:58:24.001+0530] {logging_mixin.py:190} INFO - [2025-07-17T07:58:24.001+0530] {dagbag.py:588} INFO - Filling up the DagBag from /Users/parth/Desktop/Engine/venv/lib/python3.11/site-packages/airflow/example_dags/example_setup_teardown_taskflow.py
[2025-07-17T07:58:24.027+0530] {processor.py:925} INFO - DAG(s) 'example_setup_teardown_taskflow' retrieved from /Users/parth/Desktop/Engine/venv/lib/python3.11/site-packages/airflow/example_dags/example_setup_teardown_taskflow.py
[2025-07-17T07:58:24.090+0530] {logging_mixin.py:190} INFO - [2025-07-17T07:58:24.090+0530] {dag.py:3239} INFO - Sync 1 DAGs
[2025-07-17T07:58:24.096+0530] {logging_mixin.py:190} INFO - [2025-07-17T07:58:24.096+0530] {dag.py:4180} INFO - Setting next_dagrun for example_setup_teardown_taskflow to None, run_after=None
[2025-07-17T07:58:24.107+0530] {processor.py:208} INFO - Processing /Users/parth/Desktop/Engine/venv/lib/python3.11/site-packages/airflow/example_dags/example_setup_teardown_taskflow.py took 0.110 seconds
[2025-07-17T08:00:36.240+0530] {processor.py:186} INFO - Started process (PID=38929) to work on /Users/parth/Desktop/Engine/venv/lib/python3.11/site-packages/airflow/example_dags/example_setup_teardown_taskflow.py
[2025-07-17T08:00:36.242+0530] {processor.py:914} INFO - Processing file /Users/parth/Desktop/Engine/venv/lib/python3.11/site-packages/airflow/example_dags/example_setup_teardown_taskflow.py for tasks to queue
[2025-07-17T08:00:36.243+0530] {logging_mixin.py:190} INFO - [2025-07-17T08:00:36.243+0530] {dagbag.py:588} INFO - Filling up the DagBag from /Users/parth/Desktop/Engine/venv/lib/python3.11/site-packages/airflow/example_dags/example_setup_teardown_taskflow.py
[2025-07-17T08:00:36.293+0530] {processor.py:925} INFO - DAG(s) 'example_setup_teardown_taskflow' retrieved from /Users/parth/Desktop/Engine/venv/lib/python3.11/site-packages/airflow/example_dags/example_setup_teardown_taskflow.py
[2025-07-17T08:00:36.389+0530] {logging_mixin.py:190} INFO - [2025-07-17T08:00:36.388+0530] {dag.py:3239} INFO - Sync 1 DAGs
[2025-07-17T08:00:36.398+0530] {logging_mixin.py:190} INFO - [2025-07-17T08:00:36.397+0530] {dag.py:4180} INFO - Setting next_dagrun for example_setup_teardown_taskflow to None, run_after=None
[2025-07-17T08:00:36.413+0530] {processor.py:208} INFO - Processing /Users/parth/Desktop/Engine/venv/lib/python3.11/site-packages/airflow/example_dags/example_setup_teardown_taskflow.py took 0.179 seconds
[2025-07-17T08:02:48.091+0530] {processor.py:186} INFO - Started process (PID=39780) to work on /Users/parth/Desktop/Engine/venv/lib/python3.11/site-packages/airflow/example_dags/example_setup_teardown_taskflow.py
[2025-07-17T08:02:48.092+0530] {processor.py:914} INFO - Processing file /Users/parth/Desktop/Engine/venv/lib/python3.11/site-packages/airflow/example_dags/example_setup_teardown_taskflow.py for tasks to queue
[2025-07-17T08:02:48.093+0530] {logging_mixin.py:190} INFO - [2025-07-17T08:02:48.093+0530] {dagbag.py:588} INFO - Filling up the DagBag from /Users/parth/Desktop/Engine/venv/lib/python3.11/site-packages/airflow/example_dags/example_setup_teardown_taskflow.py
[2025-07-17T08:02:48.120+0530] {processor.py:925} INFO - DAG(s) 'example_setup_teardown_taskflow' retrieved from /Users/parth/Desktop/Engine/venv/lib/python3.11/site-packages/airflow/example_dags/example_setup_teardown_taskflow.py
[2025-07-17T08:02:48.190+0530] {logging_mixin.py:190} INFO - [2025-07-17T08:02:48.189+0530] {dag.py:3239} INFO - Sync 1 DAGs
[2025-07-17T08:02:48.197+0530] {logging_mixin.py:190} INFO - [2025-07-17T08:02:48.197+0530] {dag.py:4180} INFO - Setting next_dagrun for example_setup_teardown_taskflow to None, run_after=None
[2025-07-17T08:02:48.210+0530] {processor.py:208} INFO - Processing /Users/parth/Desktop/Engine/venv/lib/python3.11/site-packages/airflow/example_dags/example_setup_teardown_taskflow.py took 0.121 seconds
[2025-07-17T08:04:47.764+0530] {processor.py:186} INFO - Started process (PID=40573) to work on /Users/parth/Desktop/Engine/venv/lib/python3.11/site-packages/airflow/example_dags/example_setup_teardown_taskflow.py
[2025-07-17T08:04:47.765+0530] {processor.py:914} INFO - Processing file /Users/parth/Desktop/Engine/venv/lib/python3.11/site-packages/airflow/example_dags/example_setup_teardown_taskflow.py for tasks to queue
[2025-07-17T08:04:47.766+0530] {logging_mixin.py:190} INFO - [2025-07-17T08:04:47.765+0530] {dagbag.py:588} INFO - Filling up the DagBag from /Users/parth/Desktop/Engine/venv/lib/python3.11/site-packages/airflow/example_dags/example_setup_teardown_taskflow.py
[2025-07-17T08:04:47.791+0530] {processor.py:925} INFO - DAG(s) 'example_setup_teardown_taskflow' retrieved from /Users/parth/Desktop/Engine/venv/lib/python3.11/site-packages/airflow/example_dags/example_setup_teardown_taskflow.py
[2025-07-17T08:04:47.852+0530] {logging_mixin.py:190} INFO - [2025-07-17T08:04:47.852+0530] {dag.py:3239} INFO - Sync 1 DAGs
[2025-07-17T08:04:47.859+0530] {logging_mixin.py:190} INFO - [2025-07-17T08:04:47.858+0530] {dag.py:4180} INFO - Setting next_dagrun for example_setup_teardown_taskflow to None, run_after=None
[2025-07-17T08:04:47.870+0530] {processor.py:208} INFO - Processing /Users/parth/Desktop/Engine/venv/lib/python3.11/site-packages/airflow/example_dags/example_setup_teardown_taskflow.py took 0.108 seconds
[2025-07-17T08:07:01.148+0530] {processor.py:186} INFO - Started process (PID=41529) to work on /Users/parth/Desktop/Engine/venv/lib/python3.11/site-packages/airflow/example_dags/example_setup_teardown_taskflow.py
[2025-07-17T08:07:01.148+0530] {processor.py:914} INFO - Processing file /Users/parth/Desktop/Engine/venv/lib/python3.11/site-packages/airflow/example_dags/example_setup_teardown_taskflow.py for tasks to queue
[2025-07-17T08:07:01.149+0530] {logging_mixin.py:190} INFO - [2025-07-17T08:07:01.149+0530] {dagbag.py:588} INFO - Filling up the DagBag from /Users/parth/Desktop/Engine/venv/lib/python3.11/site-packages/airflow/example_dags/example_setup_teardown_taskflow.py
[2025-07-17T08:07:01.175+0530] {processor.py:925} INFO - DAG(s) 'example_setup_teardown_taskflow' retrieved from /Users/parth/Desktop/Engine/venv/lib/python3.11/site-packages/airflow/example_dags/example_setup_teardown_taskflow.py
[2025-07-17T08:07:01.237+0530] {logging_mixin.py:190} INFO - [2025-07-17T08:07:01.237+0530] {dag.py:3239} INFO - Sync 1 DAGs
[2025-07-17T08:07:01.243+0530] {logging_mixin.py:190} INFO - [2025-07-17T08:07:01.243+0530] {dag.py:4180} INFO - Setting next_dagrun for example_setup_teardown_taskflow to None, run_after=None
[2025-07-17T08:07:01.254+0530] {processor.py:208} INFO - Processing /Users/parth/Desktop/Engine/venv/lib/python3.11/site-packages/airflow/example_dags/example_setup_teardown_taskflow.py took 0.109 seconds
[2025-07-17T08:08:57.637+0530] {processor.py:186} INFO - Started process (PID=42285) to work on /Users/parth/Desktop/Engine/venv/lib/python3.11/site-packages/airflow/example_dags/example_setup_teardown_taskflow.py
[2025-07-17T08:08:57.638+0530] {processor.py:914} INFO - Processing file /Users/parth/Desktop/Engine/venv/lib/python3.11/site-packages/airflow/example_dags/example_setup_teardown_taskflow.py for tasks to queue
[2025-07-17T08:08:57.638+0530] {logging_mixin.py:190} INFO - [2025-07-17T08:08:57.638+0530] {dagbag.py:588} INFO - Filling up the DagBag from /Users/parth/Desktop/Engine/venv/lib/python3.11/site-packages/airflow/example_dags/example_setup_teardown_taskflow.py
[2025-07-17T08:08:57.664+0530] {processor.py:925} INFO - DAG(s) 'example_setup_teardown_taskflow' retrieved from /Users/parth/Desktop/Engine/venv/lib/python3.11/site-packages/airflow/example_dags/example_setup_teardown_taskflow.py
[2025-07-17T08:08:57.725+0530] {logging_mixin.py:190} INFO - [2025-07-17T08:08:57.724+0530] {dag.py:3239} INFO - Sync 1 DAGs
[2025-07-17T08:08:57.731+0530] {logging_mixin.py:190} INFO - [2025-07-17T08:08:57.731+0530] {dag.py:4180} INFO - Setting next_dagrun for example_setup_teardown_taskflow to None, run_after=None
[2025-07-17T08:08:57.742+0530] {processor.py:208} INFO - Processing /Users/parth/Desktop/Engine/venv/lib/python3.11/site-packages/airflow/example_dags/example_setup_teardown_taskflow.py took 0.107 seconds
[2025-07-17T08:11:06.531+0530] {processor.py:186} INFO - Started process (PID=43189) to work on /Users/parth/Desktop/Engine/venv/lib/python3.11/site-packages/airflow/example_dags/example_setup_teardown_taskflow.py
[2025-07-17T08:11:06.532+0530] {processor.py:914} INFO - Processing file /Users/parth/Desktop/Engine/venv/lib/python3.11/site-packages/airflow/example_dags/example_setup_teardown_taskflow.py for tasks to queue
[2025-07-17T08:11:06.533+0530] {logging_mixin.py:190} INFO - [2025-07-17T08:11:06.533+0530] {dagbag.py:588} INFO - Filling up the DagBag from /Users/parth/Desktop/Engine/venv/lib/python3.11/site-packages/airflow/example_dags/example_setup_teardown_taskflow.py
[2025-07-17T08:11:06.559+0530] {processor.py:925} INFO - DAG(s) 'example_setup_teardown_taskflow' retrieved from /Users/parth/Desktop/Engine/venv/lib/python3.11/site-packages/airflow/example_dags/example_setup_teardown_taskflow.py
[2025-07-17T08:11:06.623+0530] {logging_mixin.py:190} INFO - [2025-07-17T08:11:06.622+0530] {dag.py:3239} INFO - Sync 1 DAGs
[2025-07-17T08:11:06.630+0530] {logging_mixin.py:190} INFO - [2025-07-17T08:11:06.630+0530] {dag.py:4180} INFO - Setting next_dagrun for example_setup_teardown_taskflow to None, run_after=None
[2025-07-17T08:11:06.642+0530] {processor.py:208} INFO - Processing /Users/parth/Desktop/Engine/venv/lib/python3.11/site-packages/airflow/example_dags/example_setup_teardown_taskflow.py took 0.113 seconds
[2025-07-17T08:17:15.908+0530] {processor.py:186} INFO - Started process (PID=43932) to work on /Users/parth/Desktop/Engine/venv/lib/python3.11/site-packages/airflow/example_dags/example_setup_teardown_taskflow.py
[2025-07-17T08:17:15.909+0530] {processor.py:914} INFO - Processing file /Users/parth/Desktop/Engine/venv/lib/python3.11/site-packages/airflow/example_dags/example_setup_teardown_taskflow.py for tasks to queue
[2025-07-17T08:17:15.910+0530] {logging_mixin.py:190} INFO - [2025-07-17T08:17:15.910+0530] {dagbag.py:588} INFO - Filling up the DagBag from /Users/parth/Desktop/Engine/venv/lib/python3.11/site-packages/airflow/example_dags/example_setup_teardown_taskflow.py
[2025-07-17T08:17:15.936+0530] {processor.py:925} INFO - DAG(s) 'example_setup_teardown_taskflow' retrieved from /Users/parth/Desktop/Engine/venv/lib/python3.11/site-packages/airflow/example_dags/example_setup_teardown_taskflow.py
[2025-07-17T08:17:15.998+0530] {logging_mixin.py:190} INFO - [2025-07-17T08:17:15.997+0530] {dag.py:3239} INFO - Sync 1 DAGs
[2025-07-17T08:17:16.004+0530] {logging_mixin.py:190} INFO - [2025-07-17T08:17:16.004+0530] {dag.py:4180} INFO - Setting next_dagrun for example_setup_teardown_taskflow to None, run_after=None
[2025-07-17T08:17:16.015+0530] {processor.py:208} INFO - Processing /Users/parth/Desktop/Engine/venv/lib/python3.11/site-packages/airflow/example_dags/example_setup_teardown_taskflow.py took 0.108 seconds
[2025-07-17T08:19:26.679+0530] {processor.py:186} INFO - Started process (PID=44671) to work on /Users/parth/Desktop/Engine/venv/lib/python3.11/site-packages/airflow/example_dags/example_setup_teardown_taskflow.py
[2025-07-17T08:19:26.680+0530] {processor.py:914} INFO - Processing file /Users/parth/Desktop/Engine/venv/lib/python3.11/site-packages/airflow/example_dags/example_setup_teardown_taskflow.py for tasks to queue
[2025-07-17T08:19:26.681+0530] {logging_mixin.py:190} INFO - [2025-07-17T08:19:26.681+0530] {dagbag.py:588} INFO - Filling up the DagBag from /Users/parth/Desktop/Engine/venv/lib/python3.11/site-packages/airflow/example_dags/example_setup_teardown_taskflow.py
[2025-07-17T08:19:26.707+0530] {processor.py:925} INFO - DAG(s) 'example_setup_teardown_taskflow' retrieved from /Users/parth/Desktop/Engine/venv/lib/python3.11/site-packages/airflow/example_dags/example_setup_teardown_taskflow.py
[2025-07-17T08:19:26.769+0530] {logging_mixin.py:190} INFO - [2025-07-17T08:19:26.769+0530] {dag.py:3239} INFO - Sync 1 DAGs
[2025-07-17T08:19:26.775+0530] {logging_mixin.py:190} INFO - [2025-07-17T08:19:26.775+0530] {dag.py:4180} INFO - Setting next_dagrun for example_setup_teardown_taskflow to None, run_after=None
[2025-07-17T08:19:26.786+0530] {processor.py:208} INFO - Processing /Users/parth/Desktop/Engine/venv/lib/python3.11/site-packages/airflow/example_dags/example_setup_teardown_taskflow.py took 0.109 seconds
[2025-07-17T08:21:09.800+0530] {processor.py:186} INFO - Started process (PID=45339) to work on /Users/parth/Desktop/Engine/venv/lib/python3.11/site-packages/airflow/example_dags/example_setup_teardown_taskflow.py
[2025-07-17T08:21:09.801+0530] {processor.py:914} INFO - Processing file /Users/parth/Desktop/Engine/venv/lib/python3.11/site-packages/airflow/example_dags/example_setup_teardown_taskflow.py for tasks to queue
[2025-07-17T08:21:09.802+0530] {logging_mixin.py:190} INFO - [2025-07-17T08:21:09.801+0530] {dagbag.py:588} INFO - Filling up the DagBag from /Users/parth/Desktop/Engine/venv/lib/python3.11/site-packages/airflow/example_dags/example_setup_teardown_taskflow.py
[2025-07-17T08:21:09.827+0530] {processor.py:925} INFO - DAG(s) 'example_setup_teardown_taskflow' retrieved from /Users/parth/Desktop/Engine/venv/lib/python3.11/site-packages/airflow/example_dags/example_setup_teardown_taskflow.py
[2025-07-17T08:21:09.888+0530] {logging_mixin.py:190} INFO - [2025-07-17T08:21:09.888+0530] {dag.py:3239} INFO - Sync 1 DAGs
[2025-07-17T08:21:09.894+0530] {logging_mixin.py:190} INFO - [2025-07-17T08:21:09.894+0530] {dag.py:4180} INFO - Setting next_dagrun for example_setup_teardown_taskflow to None, run_after=None
[2025-07-17T08:21:09.905+0530] {processor.py:208} INFO - Processing /Users/parth/Desktop/Engine/venv/lib/python3.11/site-packages/airflow/example_dags/example_setup_teardown_taskflow.py took 0.107 seconds
[2025-07-17T08:22:55.541+0530] {processor.py:186} INFO - Started process (PID=46034) to work on /Users/parth/Desktop/Engine/venv/lib/python3.11/site-packages/airflow/example_dags/example_setup_teardown_taskflow.py
[2025-07-17T08:22:55.541+0530] {processor.py:914} INFO - Processing file /Users/parth/Desktop/Engine/venv/lib/python3.11/site-packages/airflow/example_dags/example_setup_teardown_taskflow.py for tasks to queue
[2025-07-17T08:22:55.542+0530] {logging_mixin.py:190} INFO - [2025-07-17T08:22:55.542+0530] {dagbag.py:588} INFO - Filling up the DagBag from /Users/parth/Desktop/Engine/venv/lib/python3.11/site-packages/airflow/example_dags/example_setup_teardown_taskflow.py
[2025-07-17T08:22:55.569+0530] {processor.py:925} INFO - DAG(s) 'example_setup_teardown_taskflow' retrieved from /Users/parth/Desktop/Engine/venv/lib/python3.11/site-packages/airflow/example_dags/example_setup_teardown_taskflow.py
[2025-07-17T08:22:55.632+0530] {logging_mixin.py:190} INFO - [2025-07-17T08:22:55.631+0530] {dag.py:3239} INFO - Sync 1 DAGs
[2025-07-17T08:22:55.638+0530] {logging_mixin.py:190} INFO - [2025-07-17T08:22:55.638+0530] {dag.py:4180} INFO - Setting next_dagrun for example_setup_teardown_taskflow to None, run_after=None
[2025-07-17T08:22:55.649+0530] {processor.py:208} INFO - Processing /Users/parth/Desktop/Engine/venv/lib/python3.11/site-packages/airflow/example_dags/example_setup_teardown_taskflow.py took 0.110 seconds
[2025-07-17T08:24:42.993+0530] {processor.py:186} INFO - Started process (PID=46735) to work on /Users/parth/Desktop/Engine/venv/lib/python3.11/site-packages/airflow/example_dags/example_setup_teardown_taskflow.py
[2025-07-17T08:24:42.993+0530] {processor.py:914} INFO - Processing file /Users/parth/Desktop/Engine/venv/lib/python3.11/site-packages/airflow/example_dags/example_setup_teardown_taskflow.py for tasks to queue
[2025-07-17T08:24:42.994+0530] {logging_mixin.py:190} INFO - [2025-07-17T08:24:42.994+0530] {dagbag.py:588} INFO - Filling up the DagBag from /Users/parth/Desktop/Engine/venv/lib/python3.11/site-packages/airflow/example_dags/example_setup_teardown_taskflow.py
[2025-07-17T08:24:43.020+0530] {processor.py:925} INFO - DAG(s) 'example_setup_teardown_taskflow' retrieved from /Users/parth/Desktop/Engine/venv/lib/python3.11/site-packages/airflow/example_dags/example_setup_teardown_taskflow.py
[2025-07-17T08:24:43.081+0530] {logging_mixin.py:190} INFO - [2025-07-17T08:24:43.081+0530] {dag.py:3239} INFO - Sync 1 DAGs
[2025-07-17T08:24:43.087+0530] {logging_mixin.py:190} INFO - [2025-07-17T08:24:43.087+0530] {dag.py:4180} INFO - Setting next_dagrun for example_setup_teardown_taskflow to None, run_after=None
[2025-07-17T08:24:43.098+0530] {processor.py:208} INFO - Processing /Users/parth/Desktop/Engine/venv/lib/python3.11/site-packages/airflow/example_dags/example_setup_teardown_taskflow.py took 0.107 seconds
[2025-07-17T08:26:27.409+0530] {processor.py:186} INFO - Started process (PID=47463) to work on /Users/parth/Desktop/Engine/venv/lib/python3.11/site-packages/airflow/example_dags/example_setup_teardown_taskflow.py
[2025-07-17T08:26:27.409+0530] {processor.py:914} INFO - Processing file /Users/parth/Desktop/Engine/venv/lib/python3.11/site-packages/airflow/example_dags/example_setup_teardown_taskflow.py for tasks to queue
[2025-07-17T08:26:27.410+0530] {logging_mixin.py:190} INFO - [2025-07-17T08:26:27.410+0530] {dagbag.py:588} INFO - Filling up the DagBag from /Users/parth/Desktop/Engine/venv/lib/python3.11/site-packages/airflow/example_dags/example_setup_teardown_taskflow.py
[2025-07-17T08:26:27.436+0530] {processor.py:925} INFO - DAG(s) 'example_setup_teardown_taskflow' retrieved from /Users/parth/Desktop/Engine/venv/lib/python3.11/site-packages/airflow/example_dags/example_setup_teardown_taskflow.py
[2025-07-17T08:26:27.496+0530] {logging_mixin.py:190} INFO - [2025-07-17T08:26:27.495+0530] {dag.py:3239} INFO - Sync 1 DAGs
[2025-07-17T08:26:27.503+0530] {logging_mixin.py:190} INFO - [2025-07-17T08:26:27.503+0530] {dag.py:4180} INFO - Setting next_dagrun for example_setup_teardown_taskflow to None, run_after=None
[2025-07-17T08:26:27.514+0530] {processor.py:208} INFO - Processing /Users/parth/Desktop/Engine/venv/lib/python3.11/site-packages/airflow/example_dags/example_setup_teardown_taskflow.py took 0.107 seconds
[2025-07-17T08:28:26.801+0530] {processor.py:186} INFO - Started process (PID=48313) to work on /Users/parth/Desktop/Engine/venv/lib/python3.11/site-packages/airflow/example_dags/example_setup_teardown_taskflow.py
[2025-07-17T08:28:26.802+0530] {processor.py:914} INFO - Processing file /Users/parth/Desktop/Engine/venv/lib/python3.11/site-packages/airflow/example_dags/example_setup_teardown_taskflow.py for tasks to queue
[2025-07-17T08:28:26.803+0530] {logging_mixin.py:190} INFO - [2025-07-17T08:28:26.803+0530] {dagbag.py:588} INFO - Filling up the DagBag from /Users/parth/Desktop/Engine/venv/lib/python3.11/site-packages/airflow/example_dags/example_setup_teardown_taskflow.py
[2025-07-17T08:28:26.838+0530] {processor.py:925} INFO - DAG(s) 'example_setup_teardown_taskflow' retrieved from /Users/parth/Desktop/Engine/venv/lib/python3.11/site-packages/airflow/example_dags/example_setup_teardown_taskflow.py
[2025-07-17T08:28:26.909+0530] {logging_mixin.py:190} INFO - [2025-07-17T08:28:26.909+0530] {dag.py:3239} INFO - Sync 1 DAGs
[2025-07-17T08:28:26.916+0530] {logging_mixin.py:190} INFO - [2025-07-17T08:28:26.916+0530] {dag.py:4180} INFO - Setting next_dagrun for example_setup_teardown_taskflow to None, run_after=None
[2025-07-17T08:28:26.928+0530] {processor.py:208} INFO - Processing /Users/parth/Desktop/Engine/venv/lib/python3.11/site-packages/airflow/example_dags/example_setup_teardown_taskflow.py took 0.129 seconds
[2025-07-17T08:30:13.801+0530] {processor.py:186} INFO - Started process (PID=49056) to work on /Users/parth/Desktop/Engine/venv/lib/python3.11/site-packages/airflow/example_dags/example_setup_teardown_taskflow.py
[2025-07-17T08:30:13.802+0530] {processor.py:914} INFO - Processing file /Users/parth/Desktop/Engine/venv/lib/python3.11/site-packages/airflow/example_dags/example_setup_teardown_taskflow.py for tasks to queue
[2025-07-17T08:30:13.803+0530] {logging_mixin.py:190} INFO - [2025-07-17T08:30:13.803+0530] {dagbag.py:588} INFO - Filling up the DagBag from /Users/parth/Desktop/Engine/venv/lib/python3.11/site-packages/airflow/example_dags/example_setup_teardown_taskflow.py
[2025-07-17T08:30:13.829+0530] {processor.py:925} INFO - DAG(s) 'example_setup_teardown_taskflow' retrieved from /Users/parth/Desktop/Engine/venv/lib/python3.11/site-packages/airflow/example_dags/example_setup_teardown_taskflow.py
[2025-07-17T08:30:13.891+0530] {logging_mixin.py:190} INFO - [2025-07-17T08:30:13.891+0530] {dag.py:3239} INFO - Sync 1 DAGs
[2025-07-17T08:30:13.897+0530] {logging_mixin.py:190} INFO - [2025-07-17T08:30:13.897+0530] {dag.py:4180} INFO - Setting next_dagrun for example_setup_teardown_taskflow to None, run_after=None
[2025-07-17T08:30:13.908+0530] {processor.py:208} INFO - Processing /Users/parth/Desktop/Engine/venv/lib/python3.11/site-packages/airflow/example_dags/example_setup_teardown_taskflow.py took 0.109 seconds
[2025-07-17T08:36:26.008+0530] {processor.py:186} INFO - Started process (PID=49810) to work on /Users/parth/Desktop/Engine/venv/lib/python3.11/site-packages/airflow/example_dags/example_setup_teardown_taskflow.py
[2025-07-17T08:36:26.009+0530] {processor.py:914} INFO - Processing file /Users/parth/Desktop/Engine/venv/lib/python3.11/site-packages/airflow/example_dags/example_setup_teardown_taskflow.py for tasks to queue
[2025-07-17T08:36:26.010+0530] {logging_mixin.py:190} INFO - [2025-07-17T08:36:26.010+0530] {dagbag.py:588} INFO - Filling up the DagBag from /Users/parth/Desktop/Engine/venv/lib/python3.11/site-packages/airflow/example_dags/example_setup_teardown_taskflow.py
[2025-07-17T08:36:26.036+0530] {processor.py:925} INFO - DAG(s) 'example_setup_teardown_taskflow' retrieved from /Users/parth/Desktop/Engine/venv/lib/python3.11/site-packages/airflow/example_dags/example_setup_teardown_taskflow.py
[2025-07-17T08:36:26.096+0530] {logging_mixin.py:190} INFO - [2025-07-17T08:36:26.096+0530] {dag.py:3239} INFO - Sync 1 DAGs
[2025-07-17T08:36:26.102+0530] {logging_mixin.py:190} INFO - [2025-07-17T08:36:26.102+0530] {dag.py:4180} INFO - Setting next_dagrun for example_setup_teardown_taskflow to None, run_after=None
[2025-07-17T08:36:26.113+0530] {processor.py:208} INFO - Processing /Users/parth/Desktop/Engine/venv/lib/python3.11/site-packages/airflow/example_dags/example_setup_teardown_taskflow.py took 0.107 seconds
[2025-07-17T08:38:11.529+0530] {processor.py:186} INFO - Started process (PID=50500) to work on /Users/parth/Desktop/Engine/venv/lib/python3.11/site-packages/airflow/example_dags/example_setup_teardown_taskflow.py
[2025-07-17T08:38:11.530+0530] {processor.py:914} INFO - Processing file /Users/parth/Desktop/Engine/venv/lib/python3.11/site-packages/airflow/example_dags/example_setup_teardown_taskflow.py for tasks to queue
[2025-07-17T08:38:11.530+0530] {logging_mixin.py:190} INFO - [2025-07-17T08:38:11.530+0530] {dagbag.py:588} INFO - Filling up the DagBag from /Users/parth/Desktop/Engine/venv/lib/python3.11/site-packages/airflow/example_dags/example_setup_teardown_taskflow.py
[2025-07-17T08:38:11.556+0530] {processor.py:925} INFO - DAG(s) 'example_setup_teardown_taskflow' retrieved from /Users/parth/Desktop/Engine/venv/lib/python3.11/site-packages/airflow/example_dags/example_setup_teardown_taskflow.py
[2025-07-17T08:38:11.616+0530] {logging_mixin.py:190} INFO - [2025-07-17T08:38:11.616+0530] {dag.py:3239} INFO - Sync 1 DAGs
[2025-07-17T08:38:11.623+0530] {logging_mixin.py:190} INFO - [2025-07-17T08:38:11.622+0530] {dag.py:4180} INFO - Setting next_dagrun for example_setup_teardown_taskflow to None, run_after=None
[2025-07-17T08:38:11.633+0530] {processor.py:208} INFO - Processing /Users/parth/Desktop/Engine/venv/lib/python3.11/site-packages/airflow/example_dags/example_setup_teardown_taskflow.py took 0.107 seconds
[2025-07-17T08:39:57.799+0530] {processor.py:186} INFO - Started process (PID=51188) to work on /Users/parth/Desktop/Engine/venv/lib/python3.11/site-packages/airflow/example_dags/example_setup_teardown_taskflow.py
[2025-07-17T08:39:57.800+0530] {processor.py:914} INFO - Processing file /Users/parth/Desktop/Engine/venv/lib/python3.11/site-packages/airflow/example_dags/example_setup_teardown_taskflow.py for tasks to queue
[2025-07-17T08:39:57.801+0530] {logging_mixin.py:190} INFO - [2025-07-17T08:39:57.801+0530] {dagbag.py:588} INFO - Filling up the DagBag from /Users/parth/Desktop/Engine/venv/lib/python3.11/site-packages/airflow/example_dags/example_setup_teardown_taskflow.py
[2025-07-17T08:39:57.827+0530] {processor.py:925} INFO - DAG(s) 'example_setup_teardown_taskflow' retrieved from /Users/parth/Desktop/Engine/venv/lib/python3.11/site-packages/airflow/example_dags/example_setup_teardown_taskflow.py
[2025-07-17T08:39:57.888+0530] {logging_mixin.py:190} INFO - [2025-07-17T08:39:57.888+0530] {dag.py:3239} INFO - Sync 1 DAGs
[2025-07-17T08:39:57.894+0530] {logging_mixin.py:190} INFO - [2025-07-17T08:39:57.894+0530] {dag.py:4180} INFO - Setting next_dagrun for example_setup_teardown_taskflow to None, run_after=None
[2025-07-17T08:39:57.905+0530] {processor.py:208} INFO - Processing /Users/parth/Desktop/Engine/venv/lib/python3.11/site-packages/airflow/example_dags/example_setup_teardown_taskflow.py took 0.108 seconds
[2025-07-17T08:42:56.793+0530] {processor.py:186} INFO - Started process (PID=51938) to work on /Users/parth/Desktop/Engine/venv/lib/python3.11/site-packages/airflow/example_dags/example_setup_teardown_taskflow.py
[2025-07-17T08:42:56.794+0530] {processor.py:914} INFO - Processing file /Users/parth/Desktop/Engine/venv/lib/python3.11/site-packages/airflow/example_dags/example_setup_teardown_taskflow.py for tasks to queue
[2025-07-17T08:42:56.795+0530] {logging_mixin.py:190} INFO - [2025-07-17T08:42:56.794+0530] {dagbag.py:588} INFO - Filling up the DagBag from /Users/parth/Desktop/Engine/venv/lib/python3.11/site-packages/airflow/example_dags/example_setup_teardown_taskflow.py
[2025-07-17T08:42:56.821+0530] {processor.py:925} INFO - DAG(s) 'example_setup_teardown_taskflow' retrieved from /Users/parth/Desktop/Engine/venv/lib/python3.11/site-packages/airflow/example_dags/example_setup_teardown_taskflow.py
[2025-07-17T08:42:56.884+0530] {logging_mixin.py:190} INFO - [2025-07-17T08:42:56.883+0530] {dag.py:3239} INFO - Sync 1 DAGs
[2025-07-17T08:42:56.890+0530] {logging_mixin.py:190} INFO - [2025-07-17T08:42:56.890+0530] {dag.py:4180} INFO - Setting next_dagrun for example_setup_teardown_taskflow to None, run_after=None
[2025-07-17T08:42:56.901+0530] {processor.py:208} INFO - Processing /Users/parth/Desktop/Engine/venv/lib/python3.11/site-packages/airflow/example_dags/example_setup_teardown_taskflow.py took 0.110 seconds
