[2025-07-17T07:23:45.213+0530] {processor.py:186} INFO - Started process (PID=24098) to work on /Users/parth/Desktop/Engine/venv/lib/python3.11/site-packages/airflow/example_dags/example_branch_labels.py
[2025-07-17T07:23:45.214+0530] {processor.py:914} INFO - Processing file /Users/parth/Desktop/Engine/venv/lib/python3.11/site-packages/airflow/example_dags/example_branch_labels.py for tasks to queue
[2025-07-17T07:23:45.215+0530] {logging_mixin.py:190} INFO - [2025-07-17T07:23:45.215+0530] {dagbag.py:588} INFO - Filling up the DagBag from /Users/parth/Desktop/Engine/venv/lib/python3.11/site-packages/airflow/example_dags/example_branch_labels.py
[2025-07-17T07:23:45.222+0530] {processor.py:925} INFO - DAG(s) 'example_branch_labels' retrieved from /Users/parth/Desktop/Engine/venv/lib/python3.11/site-packages/airflow/example_dags/example_branch_labels.py
[2025-07-17T07:23:45.286+0530] {logging_mixin.py:190} INFO - [2025-07-17T07:23:45.286+0530] {dag.py:3239} INFO - Sync 1 DAGs
[2025-07-17T07:23:45.299+0530] {logging_mixin.py:190} INFO - [2025-07-17T07:23:45.298+0530] {dag.py:4180} INFO - Setting next_dagrun for example_branch_labels to 2025-07-16 00:00:00+00:00, run_after=2025-07-17 00:00:00+00:00
[2025-07-17T07:23:45.310+0530] {processor.py:208} INFO - Processing /Users/parth/Desktop/Engine/venv/lib/python3.11/site-packages/airflow/example_dags/example_branch_labels.py took 0.099 seconds
[2025-07-17T07:27:32.606+0530] {processor.py:186} INFO - Started process (PID=25578) to work on /Users/parth/Desktop/Engine/venv/lib/python3.11/site-packages/airflow/example_dags/example_branch_labels.py
[2025-07-17T07:27:32.607+0530] {processor.py:914} INFO - Processing file /Users/parth/Desktop/Engine/venv/lib/python3.11/site-packages/airflow/example_dags/example_branch_labels.py for tasks to queue
[2025-07-17T07:27:32.608+0530] {logging_mixin.py:190} INFO - [2025-07-17T07:27:32.608+0530] {dagbag.py:588} INFO - Filling up the DagBag from /Users/parth/Desktop/Engine/venv/lib/python3.11/site-packages/airflow/example_dags/example_branch_labels.py
[2025-07-17T07:27:32.614+0530] {processor.py:925} INFO - DAG(s) 'example_branch_labels' retrieved from /Users/parth/Desktop/Engine/venv/lib/python3.11/site-packages/airflow/example_dags/example_branch_labels.py
[2025-07-17T07:27:32.676+0530] {logging_mixin.py:190} INFO - [2025-07-17T07:27:32.675+0530] {dag.py:3239} INFO - Sync 1 DAGs
[2025-07-17T07:27:32.688+0530] {logging_mixin.py:190} INFO - [2025-07-17T07:27:32.687+0530] {dag.py:4180} INFO - Setting next_dagrun for example_branch_labels to 2025-07-16 00:00:00+00:00, run_after=2025-07-17 00:00:00+00:00
[2025-07-17T07:27:32.698+0530] {processor.py:208} INFO - Processing /Users/parth/Desktop/Engine/venv/lib/python3.11/site-packages/airflow/example_dags/example_branch_labels.py took 0.095 seconds
[2025-07-17T07:31:01.936+0530] {processor.py:186} INFO - Started process (PID=26924) to work on /Users/parth/Desktop/Engine/venv/lib/python3.11/site-packages/airflow/example_dags/example_branch_labels.py
[2025-07-17T07:31:01.937+0530] {processor.py:914} INFO - Processing file /Users/parth/Desktop/Engine/venv/lib/python3.11/site-packages/airflow/example_dags/example_branch_labels.py for tasks to queue
[2025-07-17T07:31:01.938+0530] {logging_mixin.py:190} INFO - [2025-07-17T07:31:01.938+0530] {dagbag.py:588} INFO - Filling up the DagBag from /Users/parth/Desktop/Engine/venv/lib/python3.11/site-packages/airflow/example_dags/example_branch_labels.py
[2025-07-17T07:31:01.944+0530] {processor.py:925} INFO - DAG(s) 'example_branch_labels' retrieved from /Users/parth/Desktop/Engine/venv/lib/python3.11/site-packages/airflow/example_dags/example_branch_labels.py
[2025-07-17T07:31:02.005+0530] {logging_mixin.py:190} INFO - [2025-07-17T07:31:02.005+0530] {dag.py:3239} INFO - Sync 1 DAGs
[2025-07-17T07:31:02.018+0530] {logging_mixin.py:190} INFO - [2025-07-17T07:31:02.018+0530] {dag.py:4180} INFO - Setting next_dagrun for example_branch_labels to 2025-07-16 00:00:00+00:00, run_after=2025-07-17 00:00:00+00:00
[2025-07-17T07:31:02.028+0530] {processor.py:208} INFO - Processing /Users/parth/Desktop/Engine/venv/lib/python3.11/site-packages/airflow/example_dags/example_branch_labels.py took 0.094 seconds
[2025-07-17T07:34:33.469+0530] {processor.py:186} INFO - Started process (PID=28311) to work on /Users/parth/Desktop/Engine/venv/lib/python3.11/site-packages/airflow/example_dags/example_branch_labels.py
[2025-07-17T07:34:33.470+0530] {processor.py:914} INFO - Processing file /Users/parth/Desktop/Engine/venv/lib/python3.11/site-packages/airflow/example_dags/example_branch_labels.py for tasks to queue
[2025-07-17T07:34:33.471+0530] {logging_mixin.py:190} INFO - [2025-07-17T07:34:33.471+0530] {dagbag.py:588} INFO - Filling up the DagBag from /Users/parth/Desktop/Engine/venv/lib/python3.11/site-packages/airflow/example_dags/example_branch_labels.py
[2025-07-17T07:34:33.479+0530] {processor.py:925} INFO - DAG(s) 'example_branch_labels' retrieved from /Users/parth/Desktop/Engine/venv/lib/python3.11/site-packages/airflow/example_dags/example_branch_labels.py
[2025-07-17T07:34:33.585+0530] {logging_mixin.py:190} INFO - [2025-07-17T07:34:33.584+0530] {dag.py:3239} INFO - Sync 1 DAGs
[2025-07-17T07:34:33.602+0530] {logging_mixin.py:190} INFO - [2025-07-17T07:34:33.602+0530] {dag.py:4180} INFO - Setting next_dagrun for example_branch_labels to 2025-07-16 00:00:00+00:00, run_after=2025-07-17 00:00:00+00:00
[2025-07-17T07:34:33.617+0530] {processor.py:208} INFO - Processing /Users/parth/Desktop/Engine/venv/lib/python3.11/site-packages/airflow/example_dags/example_branch_labels.py took 0.150 seconds
[2025-07-17T07:38:22.023+0530] {processor.py:186} INFO - Started process (PID=29811) to work on /Users/parth/Desktop/Engine/venv/lib/python3.11/site-packages/airflow/example_dags/example_branch_labels.py
[2025-07-17T07:38:22.024+0530] {processor.py:914} INFO - Processing file /Users/parth/Desktop/Engine/venv/lib/python3.11/site-packages/airflow/example_dags/example_branch_labels.py for tasks to queue
[2025-07-17T07:38:22.025+0530] {logging_mixin.py:190} INFO - [2025-07-17T07:38:22.025+0530] {dagbag.py:588} INFO - Filling up the DagBag from /Users/parth/Desktop/Engine/venv/lib/python3.11/site-packages/airflow/example_dags/example_branch_labels.py
[2025-07-17T07:38:22.031+0530] {processor.py:925} INFO - DAG(s) 'example_branch_labels' retrieved from /Users/parth/Desktop/Engine/venv/lib/python3.11/site-packages/airflow/example_dags/example_branch_labels.py
[2025-07-17T07:38:22.093+0530] {logging_mixin.py:190} INFO - [2025-07-17T07:38:22.092+0530] {dag.py:3239} INFO - Sync 1 DAGs
[2025-07-17T07:38:22.104+0530] {logging_mixin.py:190} INFO - [2025-07-17T07:38:22.104+0530] {dag.py:4180} INFO - Setting next_dagrun for example_branch_labels to 2025-07-16 00:00:00+00:00, run_after=2025-07-17 00:00:00+00:00
[2025-07-17T07:38:22.115+0530] {processor.py:208} INFO - Processing /Users/parth/Desktop/Engine/venv/lib/python3.11/site-packages/airflow/example_dags/example_branch_labels.py took 0.094 seconds
[2025-07-17T07:42:16.882+0530] {processor.py:186} INFO - Started process (PID=31342) to work on /Users/parth/Desktop/Engine/venv/lib/python3.11/site-packages/airflow/example_dags/example_branch_labels.py
[2025-07-17T07:42:16.883+0530] {processor.py:914} INFO - Processing file /Users/parth/Desktop/Engine/venv/lib/python3.11/site-packages/airflow/example_dags/example_branch_labels.py for tasks to queue
[2025-07-17T07:42:16.884+0530] {logging_mixin.py:190} INFO - [2025-07-17T07:42:16.884+0530] {dagbag.py:588} INFO - Filling up the DagBag from /Users/parth/Desktop/Engine/venv/lib/python3.11/site-packages/airflow/example_dags/example_branch_labels.py
[2025-07-17T07:42:16.890+0530] {processor.py:925} INFO - DAG(s) 'example_branch_labels' retrieved from /Users/parth/Desktop/Engine/venv/lib/python3.11/site-packages/airflow/example_dags/example_branch_labels.py
[2025-07-17T07:42:16.950+0530] {logging_mixin.py:190} INFO - [2025-07-17T07:42:16.950+0530] {dag.py:3239} INFO - Sync 1 DAGs
[2025-07-17T07:42:16.962+0530] {logging_mixin.py:190} INFO - [2025-07-17T07:42:16.961+0530] {dag.py:4180} INFO - Setting next_dagrun for example_branch_labels to 2025-07-16 00:00:00+00:00, run_after=2025-07-17 00:00:00+00:00
[2025-07-17T07:42:16.972+0530] {processor.py:208} INFO - Processing /Users/parth/Desktop/Engine/venv/lib/python3.11/site-packages/airflow/example_dags/example_branch_labels.py took 0.092 seconds
[2025-07-17T07:47:38.502+0530] {processor.py:186} INFO - Started process (PID=33644) to work on /Users/parth/Desktop/Engine/venv/lib/python3.11/site-packages/airflow/example_dags/example_branch_labels.py
[2025-07-17T07:47:38.503+0530] {processor.py:914} INFO - Processing file /Users/parth/Desktop/Engine/venv/lib/python3.11/site-packages/airflow/example_dags/example_branch_labels.py for tasks to queue
[2025-07-17T07:47:38.504+0530] {logging_mixin.py:190} INFO - [2025-07-17T07:47:38.504+0530] {dagbag.py:588} INFO - Filling up the DagBag from /Users/parth/Desktop/Engine/venv/lib/python3.11/site-packages/airflow/example_dags/example_branch_labels.py
[2025-07-17T07:47:38.510+0530] {processor.py:925} INFO - DAG(s) 'example_branch_labels' retrieved from /Users/parth/Desktop/Engine/venv/lib/python3.11/site-packages/airflow/example_dags/example_branch_labels.py
[2025-07-17T07:47:38.570+0530] {logging_mixin.py:190} INFO - [2025-07-17T07:47:38.570+0530] {dag.py:3239} INFO - Sync 1 DAGs
[2025-07-17T07:47:38.582+0530] {logging_mixin.py:190} INFO - [2025-07-17T07:47:38.582+0530] {dag.py:4180} INFO - Setting next_dagrun for example_branch_labels to 2025-07-16 00:00:00+00:00, run_after=2025-07-17 00:00:00+00:00
[2025-07-17T07:47:38.592+0530] {processor.py:208} INFO - Processing /Users/parth/Desktop/Engine/venv/lib/python3.11/site-packages/airflow/example_dags/example_branch_labels.py took 0.092 seconds
[2025-07-17T07:52:08.161+0530] {processor.py:186} INFO - Started process (PID=35463) to work on /Users/parth/Desktop/Engine/venv/lib/python3.11/site-packages/airflow/example_dags/example_branch_labels.py
[2025-07-17T07:52:08.173+0530] {processor.py:914} INFO - Processing file /Users/parth/Desktop/Engine/venv/lib/python3.11/site-packages/airflow/example_dags/example_branch_labels.py for tasks to queue
[2025-07-17T07:52:08.175+0530] {logging_mixin.py:190} INFO - [2025-07-17T07:52:08.175+0530] {dagbag.py:588} INFO - Filling up the DagBag from /Users/parth/Desktop/Engine/venv/lib/python3.11/site-packages/airflow/example_dags/example_branch_labels.py
[2025-07-17T07:52:08.243+0530] {processor.py:925} INFO - DAG(s) 'example_branch_labels' retrieved from /Users/parth/Desktop/Engine/venv/lib/python3.11/site-packages/airflow/example_dags/example_branch_labels.py
[2025-07-17T07:52:08.455+0530] {logging_mixin.py:190} INFO - [2025-07-17T07:52:08.455+0530] {dag.py:3239} INFO - Sync 1 DAGs
[2025-07-17T07:52:08.485+0530] {logging_mixin.py:190} INFO - [2025-07-17T07:52:08.485+0530] {dag.py:4180} INFO - Setting next_dagrun for example_branch_labels to 2025-07-16 00:00:00+00:00, run_after=2025-07-17 00:00:00+00:00
[2025-07-17T07:52:08.542+0530] {processor.py:208} INFO - Processing /Users/parth/Desktop/Engine/venv/lib/python3.11/site-packages/airflow/example_dags/example_branch_labels.py took 0.396 seconds
[2025-07-17T07:57:12.753+0530] {processor.py:186} INFO - Started process (PID=37610) to work on /Users/parth/Desktop/Engine/venv/lib/python3.11/site-packages/airflow/example_dags/example_branch_labels.py
[2025-07-17T07:57:12.754+0530] {processor.py:914} INFO - Processing file /Users/parth/Desktop/Engine/venv/lib/python3.11/site-packages/airflow/example_dags/example_branch_labels.py for tasks to queue
[2025-07-17T07:57:12.755+0530] {logging_mixin.py:190} INFO - [2025-07-17T07:57:12.755+0530] {dagbag.py:588} INFO - Filling up the DagBag from /Users/parth/Desktop/Engine/venv/lib/python3.11/site-packages/airflow/example_dags/example_branch_labels.py
[2025-07-17T07:57:12.761+0530] {processor.py:925} INFO - DAG(s) 'example_branch_labels' retrieved from /Users/parth/Desktop/Engine/venv/lib/python3.11/site-packages/airflow/example_dags/example_branch_labels.py
[2025-07-17T07:57:12.823+0530] {logging_mixin.py:190} INFO - [2025-07-17T07:57:12.823+0530] {dag.py:3239} INFO - Sync 1 DAGs
[2025-07-17T07:57:12.835+0530] {logging_mixin.py:190} INFO - [2025-07-17T07:57:12.835+0530] {dag.py:4180} INFO - Setting next_dagrun for example_branch_labels to 2025-07-16 00:00:00+00:00, run_after=2025-07-17 00:00:00+00:00
[2025-07-17T07:57:12.846+0530] {processor.py:208} INFO - Processing /Users/parth/Desktop/Engine/venv/lib/python3.11/site-packages/airflow/example_dags/example_branch_labels.py took 0.095 seconds
[2025-07-17T08:01:22.011+0530] {processor.py:186} INFO - Started process (PID=39232) to work on /Users/parth/Desktop/Engine/venv/lib/python3.11/site-packages/airflow/example_dags/example_branch_labels.py
[2025-07-17T08:01:22.012+0530] {processor.py:914} INFO - Processing file /Users/parth/Desktop/Engine/venv/lib/python3.11/site-packages/airflow/example_dags/example_branch_labels.py for tasks to queue
[2025-07-17T08:01:22.013+0530] {logging_mixin.py:190} INFO - [2025-07-17T08:01:22.013+0530] {dagbag.py:588} INFO - Filling up the DagBag from /Users/parth/Desktop/Engine/venv/lib/python3.11/site-packages/airflow/example_dags/example_branch_labels.py
[2025-07-17T08:01:22.019+0530] {processor.py:925} INFO - DAG(s) 'example_branch_labels' retrieved from /Users/parth/Desktop/Engine/venv/lib/python3.11/site-packages/airflow/example_dags/example_branch_labels.py
[2025-07-17T08:01:22.081+0530] {logging_mixin.py:190} INFO - [2025-07-17T08:01:22.080+0530] {dag.py:3239} INFO - Sync 1 DAGs
[2025-07-17T08:01:22.095+0530] {logging_mixin.py:190} INFO - [2025-07-17T08:01:22.095+0530] {dag.py:4180} INFO - Setting next_dagrun for example_branch_labels to 2025-07-16 00:00:00+00:00, run_after=2025-07-17 00:00:00+00:00
[2025-07-17T08:01:22.106+0530] {processor.py:208} INFO - Processing /Users/parth/Desktop/Engine/venv/lib/python3.11/site-packages/airflow/example_dags/example_branch_labels.py took 0.098 seconds
[2025-07-17T08:05:39.566+0530] {processor.py:186} INFO - Started process (PID=41003) to work on /Users/parth/Desktop/Engine/venv/lib/python3.11/site-packages/airflow/example_dags/example_branch_labels.py
[2025-07-17T08:05:39.566+0530] {processor.py:914} INFO - Processing file /Users/parth/Desktop/Engine/venv/lib/python3.11/site-packages/airflow/example_dags/example_branch_labels.py for tasks to queue
[2025-07-17T08:05:39.567+0530] {logging_mixin.py:190} INFO - [2025-07-17T08:05:39.567+0530] {dagbag.py:588} INFO - Filling up the DagBag from /Users/parth/Desktop/Engine/venv/lib/python3.11/site-packages/airflow/example_dags/example_branch_labels.py
[2025-07-17T08:05:39.573+0530] {processor.py:925} INFO - DAG(s) 'example_branch_labels' retrieved from /Users/parth/Desktop/Engine/venv/lib/python3.11/site-packages/airflow/example_dags/example_branch_labels.py
[2025-07-17T08:05:39.635+0530] {logging_mixin.py:190} INFO - [2025-07-17T08:05:39.635+0530] {dag.py:3239} INFO - Sync 1 DAGs
[2025-07-17T08:05:39.648+0530] {logging_mixin.py:190} INFO - [2025-07-17T08:05:39.648+0530] {dag.py:4180} INFO - Setting next_dagrun for example_branch_labels to 2025-07-16 00:00:00+00:00, run_after=2025-07-17 00:00:00+00:00
[2025-07-17T08:05:39.659+0530] {processor.py:208} INFO - Processing /Users/parth/Desktop/Engine/venv/lib/python3.11/site-packages/airflow/example_dags/example_branch_labels.py took 0.096 seconds
[2025-07-17T08:09:52.827+0530] {processor.py:186} INFO - Started process (PID=42706) to work on /Users/parth/Desktop/Engine/venv/lib/python3.11/site-packages/airflow/example_dags/example_branch_labels.py
[2025-07-17T08:09:52.828+0530] {processor.py:914} INFO - Processing file /Users/parth/Desktop/Engine/venv/lib/python3.11/site-packages/airflow/example_dags/example_branch_labels.py for tasks to queue
[2025-07-17T08:09:52.828+0530] {logging_mixin.py:190} INFO - [2025-07-17T08:09:52.828+0530] {dagbag.py:588} INFO - Filling up the DagBag from /Users/parth/Desktop/Engine/venv/lib/python3.11/site-packages/airflow/example_dags/example_branch_labels.py
[2025-07-17T08:09:52.835+0530] {processor.py:925} INFO - DAG(s) 'example_branch_labels' retrieved from /Users/parth/Desktop/Engine/venv/lib/python3.11/site-packages/airflow/example_dags/example_branch_labels.py
[2025-07-17T08:09:52.898+0530] {logging_mixin.py:190} INFO - [2025-07-17T08:09:52.897+0530] {dag.py:3239} INFO - Sync 1 DAGs
[2025-07-17T08:09:52.910+0530] {logging_mixin.py:190} INFO - [2025-07-17T08:09:52.910+0530] {dag.py:4180} INFO - Setting next_dagrun for example_branch_labels to 2025-07-16 00:00:00+00:00, run_after=2025-07-17 00:00:00+00:00
[2025-07-17T08:09:52.921+0530] {processor.py:208} INFO - Processing /Users/parth/Desktop/Engine/venv/lib/python3.11/site-packages/airflow/example_dags/example_branch_labels.py took 0.097 seconds
[2025-07-17T08:17:51.374+0530] {processor.py:186} INFO - Started process (PID=44153) to work on /Users/parth/Desktop/Engine/venv/lib/python3.11/site-packages/airflow/example_dags/example_branch_labels.py
[2025-07-17T08:17:51.375+0530] {processor.py:914} INFO - Processing file /Users/parth/Desktop/Engine/venv/lib/python3.11/site-packages/airflow/example_dags/example_branch_labels.py for tasks to queue
[2025-07-17T08:17:51.375+0530] {logging_mixin.py:190} INFO - [2025-07-17T08:17:51.375+0530] {dagbag.py:588} INFO - Filling up the DagBag from /Users/parth/Desktop/Engine/venv/lib/python3.11/site-packages/airflow/example_dags/example_branch_labels.py
[2025-07-17T08:17:51.381+0530] {processor.py:925} INFO - DAG(s) 'example_branch_labels' retrieved from /Users/parth/Desktop/Engine/venv/lib/python3.11/site-packages/airflow/example_dags/example_branch_labels.py
[2025-07-17T08:17:51.445+0530] {logging_mixin.py:190} INFO - [2025-07-17T08:17:51.445+0530] {dag.py:3239} INFO - Sync 1 DAGs
[2025-07-17T08:17:51.457+0530] {logging_mixin.py:190} INFO - [2025-07-17T08:17:51.456+0530] {dag.py:4180} INFO - Setting next_dagrun for example_branch_labels to 2025-07-16 00:00:00+00:00, run_after=2025-07-17 00:00:00+00:00
[2025-07-17T08:17:51.469+0530] {processor.py:208} INFO - Processing /Users/parth/Desktop/Engine/venv/lib/python3.11/site-packages/airflow/example_dags/example_branch_labels.py took 0.098 seconds
[2025-07-17T08:21:45.112+0530] {processor.py:186} INFO - Started process (PID=45571) to work on /Users/parth/Desktop/Engine/venv/lib/python3.11/site-packages/airflow/example_dags/example_branch_labels.py
[2025-07-17T08:21:45.113+0530] {processor.py:914} INFO - Processing file /Users/parth/Desktop/Engine/venv/lib/python3.11/site-packages/airflow/example_dags/example_branch_labels.py for tasks to queue
[2025-07-17T08:21:45.113+0530] {logging_mixin.py:190} INFO - [2025-07-17T08:21:45.113+0530] {dagbag.py:588} INFO - Filling up the DagBag from /Users/parth/Desktop/Engine/venv/lib/python3.11/site-packages/airflow/example_dags/example_branch_labels.py
[2025-07-17T08:21:45.119+0530] {processor.py:925} INFO - DAG(s) 'example_branch_labels' retrieved from /Users/parth/Desktop/Engine/venv/lib/python3.11/site-packages/airflow/example_dags/example_branch_labels.py
[2025-07-17T08:21:45.181+0530] {logging_mixin.py:190} INFO - [2025-07-17T08:21:45.181+0530] {dag.py:3239} INFO - Sync 1 DAGs
[2025-07-17T08:21:45.194+0530] {logging_mixin.py:190} INFO - [2025-07-17T08:21:45.194+0530] {dag.py:4180} INFO - Setting next_dagrun for example_branch_labels to 2025-07-16 00:00:00+00:00, run_after=2025-07-17 00:00:00+00:00
[2025-07-17T08:21:45.204+0530] {processor.py:208} INFO - Processing /Users/parth/Desktop/Engine/venv/lib/python3.11/site-packages/airflow/example_dags/example_branch_labels.py took 0.095 seconds
[2025-07-17T08:25:17.574+0530] {processor.py:186} INFO - Started process (PID=46974) to work on /Users/parth/Desktop/Engine/venv/lib/python3.11/site-packages/airflow/example_dags/example_branch_labels.py
[2025-07-17T08:25:17.575+0530] {processor.py:914} INFO - Processing file /Users/parth/Desktop/Engine/venv/lib/python3.11/site-packages/airflow/example_dags/example_branch_labels.py for tasks to queue
[2025-07-17T08:25:17.576+0530] {logging_mixin.py:190} INFO - [2025-07-17T08:25:17.576+0530] {dagbag.py:588} INFO - Filling up the DagBag from /Users/parth/Desktop/Engine/venv/lib/python3.11/site-packages/airflow/example_dags/example_branch_labels.py
[2025-07-17T08:25:17.582+0530] {processor.py:925} INFO - DAG(s) 'example_branch_labels' retrieved from /Users/parth/Desktop/Engine/venv/lib/python3.11/site-packages/airflow/example_dags/example_branch_labels.py
[2025-07-17T08:25:17.645+0530] {logging_mixin.py:190} INFO - [2025-07-17T08:25:17.644+0530] {dag.py:3239} INFO - Sync 1 DAGs
[2025-07-17T08:25:17.657+0530] {logging_mixin.py:190} INFO - [2025-07-17T08:25:17.657+0530] {dag.py:4180} INFO - Setting next_dagrun for example_branch_labels to 2025-07-16 00:00:00+00:00, run_after=2025-07-17 00:00:00+00:00
[2025-07-17T08:25:17.667+0530] {processor.py:208} INFO - Processing /Users/parth/Desktop/Engine/venv/lib/python3.11/site-packages/airflow/example_dags/example_branch_labels.py took 0.095 seconds
[2025-07-17T08:29:02.581+0530] {processor.py:186} INFO - Started process (PID=48568) to work on /Users/parth/Desktop/Engine/venv/lib/python3.11/site-packages/airflow/example_dags/example_branch_labels.py
[2025-07-17T08:29:02.582+0530] {processor.py:914} INFO - Processing file /Users/parth/Desktop/Engine/venv/lib/python3.11/site-packages/airflow/example_dags/example_branch_labels.py for tasks to queue
[2025-07-17T08:29:02.582+0530] {logging_mixin.py:190} INFO - [2025-07-17T08:29:02.582+0530] {dagbag.py:588} INFO - Filling up the DagBag from /Users/parth/Desktop/Engine/venv/lib/python3.11/site-packages/airflow/example_dags/example_branch_labels.py
[2025-07-17T08:29:02.589+0530] {processor.py:925} INFO - DAG(s) 'example_branch_labels' retrieved from /Users/parth/Desktop/Engine/venv/lib/python3.11/site-packages/airflow/example_dags/example_branch_labels.py
[2025-07-17T08:29:02.651+0530] {logging_mixin.py:190} INFO - [2025-07-17T08:29:02.651+0530] {dag.py:3239} INFO - Sync 1 DAGs
[2025-07-17T08:29:02.664+0530] {logging_mixin.py:190} INFO - [2025-07-17T08:29:02.663+0530] {dag.py:4180} INFO - Setting next_dagrun for example_branch_labels to 2025-07-16 00:00:00+00:00, run_after=2025-07-17 00:00:00+00:00
[2025-07-17T08:29:02.674+0530] {processor.py:208} INFO - Processing /Users/parth/Desktop/Engine/venv/lib/python3.11/site-packages/airflow/example_dags/example_branch_labels.py took 0.095 seconds
[2025-07-17T08:37:01.801+0530] {processor.py:186} INFO - Started process (PID=50044) to work on /Users/parth/Desktop/Engine/venv/lib/python3.11/site-packages/airflow/example_dags/example_branch_labels.py
[2025-07-17T08:37:01.803+0530] {processor.py:914} INFO - Processing file /Users/parth/Desktop/Engine/venv/lib/python3.11/site-packages/airflow/example_dags/example_branch_labels.py for tasks to queue
[2025-07-17T08:37:01.803+0530] {logging_mixin.py:190} INFO - [2025-07-17T08:37:01.803+0530] {dagbag.py:588} INFO - Filling up the DagBag from /Users/parth/Desktop/Engine/venv/lib/python3.11/site-packages/airflow/example_dags/example_branch_labels.py
[2025-07-17T08:37:01.809+0530] {processor.py:925} INFO - DAG(s) 'example_branch_labels' retrieved from /Users/parth/Desktop/Engine/venv/lib/python3.11/site-packages/airflow/example_dags/example_branch_labels.py
[2025-07-17T08:37:01.871+0530] {logging_mixin.py:190} INFO - [2025-07-17T08:37:01.871+0530] {dag.py:3239} INFO - Sync 1 DAGs
[2025-07-17T08:37:01.883+0530] {logging_mixin.py:190} INFO - [2025-07-17T08:37:01.883+0530] {dag.py:4180} INFO - Setting next_dagrun for example_branch_labels to 2025-07-16 00:00:00+00:00, run_after=2025-07-17 00:00:00+00:00
[2025-07-17T08:37:01.893+0530] {processor.py:208} INFO - Processing /Users/parth/Desktop/Engine/venv/lib/python3.11/site-packages/airflow/example_dags/example_branch_labels.py took 0.094 seconds
[2025-07-17T08:40:31.270+0530] {processor.py:186} INFO - Started process (PID=51406) to work on /Users/parth/Desktop/Engine/venv/lib/python3.11/site-packages/airflow/example_dags/example_branch_labels.py
[2025-07-17T08:40:31.271+0530] {processor.py:914} INFO - Processing file /Users/parth/Desktop/Engine/venv/lib/python3.11/site-packages/airflow/example_dags/example_branch_labels.py for tasks to queue
[2025-07-17T08:40:31.272+0530] {logging_mixin.py:190} INFO - [2025-07-17T08:40:31.272+0530] {dagbag.py:588} INFO - Filling up the DagBag from /Users/parth/Desktop/Engine/venv/lib/python3.11/site-packages/airflow/example_dags/example_branch_labels.py
[2025-07-17T08:40:31.278+0530] {processor.py:925} INFO - DAG(s) 'example_branch_labels' retrieved from /Users/parth/Desktop/Engine/venv/lib/python3.11/site-packages/airflow/example_dags/example_branch_labels.py
[2025-07-17T08:40:31.340+0530] {logging_mixin.py:190} INFO - [2025-07-17T08:40:31.340+0530] {dag.py:3239} INFO - Sync 1 DAGs
[2025-07-17T08:40:31.353+0530] {logging_mixin.py:190} INFO - [2025-07-17T08:40:31.352+0530] {dag.py:4180} INFO - Setting next_dagrun for example_branch_labels to 2025-07-16 00:00:00+00:00, run_after=2025-07-17 00:00:00+00:00
[2025-07-17T08:40:31.363+0530] {processor.py:208} INFO - Processing /Users/parth/Desktop/Engine/venv/lib/python3.11/site-packages/airflow/example_dags/example_branch_labels.py took 0.095 seconds
