[2025-07-17T07:17:07.928+0530] {processor.py:186} INFO - Started process (PID=23846) to work on /Users/parth/Desktop/Engine/venv/lib/python3.11/site-packages/airflow/example_dags/example_kubernetes_executor.py
[2025-07-17T07:17:07.929+0530] {processor.py:914} INFO - Processing file /Users/parth/Desktop/Engine/venv/lib/python3.11/site-packages/airflow/example_dags/example_kubernetes_executor.py for tasks to queue
[2025-07-17T07:17:07.930+0530] {logging_mixin.py:190} INFO - [2025-07-17T07:17:07.929+0530] {dagbag.py:588} INFO - Filling up the DagBag from /Users/parth/Desktop/Engine/venv/lib/python3.11/site-packages/airflow/example_dags/example_kubernetes_executor.py
[2025-07-17T07:17:07.959+0530] {processor.py:925} INFO - DAG(s) 'example_kubernetes_executor' retrieved from /Users/parth/Desktop/Engine/venv/lib/python3.11/site-packages/airflow/example_dags/example_kubernetes_executor.py
[2025-07-17T07:17:08.021+0530] {logging_mixin.py:190} INFO - [2025-07-17T07:17:08.020+0530] {dag.py:3239} INFO - Sync 1 DAGs
[2025-07-17T07:17:08.027+0530] {logging_mixin.py:190} INFO - [2025-07-17T07:17:08.027+0530] {dag.py:4180} INFO - Setting next_dagrun for example_kubernetes_executor to None, run_after=None
[2025-07-17T07:17:08.039+0530] {processor.py:208} INFO - Processing /Users/parth/Desktop/Engine/venv/lib/python3.11/site-packages/airflow/example_dags/example_kubernetes_executor.py took 0.113 seconds
[2025-07-17T07:25:37.119+0530] {processor.py:186} INFO - Started process (PID=24840) to work on /Users/parth/Desktop/Engine/venv/lib/python3.11/site-packages/airflow/example_dags/example_kubernetes_executor.py
[2025-07-17T07:25:37.119+0530] {processor.py:914} INFO - Processing file /Users/parth/Desktop/Engine/venv/lib/python3.11/site-packages/airflow/example_dags/example_kubernetes_executor.py for tasks to queue
[2025-07-17T07:25:37.120+0530] {logging_mixin.py:190} INFO - [2025-07-17T07:25:37.120+0530] {dagbag.py:588} INFO - Filling up the DagBag from /Users/parth/Desktop/Engine/venv/lib/python3.11/site-packages/airflow/example_dags/example_kubernetes_executor.py
[2025-07-17T07:25:37.149+0530] {processor.py:925} INFO - DAG(s) 'example_kubernetes_executor' retrieved from /Users/parth/Desktop/Engine/venv/lib/python3.11/site-packages/airflow/example_dags/example_kubernetes_executor.py
[2025-07-17T07:25:37.211+0530] {logging_mixin.py:190} INFO - [2025-07-17T07:25:37.210+0530] {dag.py:3239} INFO - Sync 1 DAGs
[2025-07-17T07:25:37.217+0530] {logging_mixin.py:190} INFO - [2025-07-17T07:25:37.217+0530] {dag.py:4180} INFO - Setting next_dagrun for example_kubernetes_executor to None, run_after=None
[2025-07-17T07:25:37.228+0530] {processor.py:208} INFO - Processing /Users/parth/Desktop/Engine/venv/lib/python3.11/site-packages/airflow/example_dags/example_kubernetes_executor.py took 0.112 seconds
[2025-07-17T07:29:09.511+0530] {processor.py:186} INFO - Started process (PID=26197) to work on /Users/parth/Desktop/Engine/venv/lib/python3.11/site-packages/airflow/example_dags/example_kubernetes_executor.py
[2025-07-17T07:29:09.512+0530] {processor.py:914} INFO - Processing file /Users/parth/Desktop/Engine/venv/lib/python3.11/site-packages/airflow/example_dags/example_kubernetes_executor.py for tasks to queue
[2025-07-17T07:29:09.513+0530] {logging_mixin.py:190} INFO - [2025-07-17T07:29:09.512+0530] {dagbag.py:588} INFO - Filling up the DagBag from /Users/parth/Desktop/Engine/venv/lib/python3.11/site-packages/airflow/example_dags/example_kubernetes_executor.py
[2025-07-17T07:29:09.541+0530] {processor.py:925} INFO - DAG(s) 'example_kubernetes_executor' retrieved from /Users/parth/Desktop/Engine/venv/lib/python3.11/site-packages/airflow/example_dags/example_kubernetes_executor.py
[2025-07-17T07:29:09.603+0530] {logging_mixin.py:190} INFO - [2025-07-17T07:29:09.603+0530] {dag.py:3239} INFO - Sync 1 DAGs
[2025-07-17T07:29:09.609+0530] {logging_mixin.py:190} INFO - [2025-07-17T07:29:09.609+0530] {dag.py:4180} INFO - Setting next_dagrun for example_kubernetes_executor to None, run_after=None
[2025-07-17T07:29:09.620+0530] {processor.py:208} INFO - Processing /Users/parth/Desktop/Engine/venv/lib/python3.11/site-packages/airflow/example_dags/example_kubernetes_executor.py took 0.112 seconds
[2025-07-17T07:32:42.397+0530] {processor.py:186} INFO - Started process (PID=27584) to work on /Users/parth/Desktop/Engine/venv/lib/python3.11/site-packages/airflow/example_dags/example_kubernetes_executor.py
[2025-07-17T07:32:42.397+0530] {processor.py:914} INFO - Processing file /Users/parth/Desktop/Engine/venv/lib/python3.11/site-packages/airflow/example_dags/example_kubernetes_executor.py for tasks to queue
[2025-07-17T07:32:42.398+0530] {logging_mixin.py:190} INFO - [2025-07-17T07:32:42.398+0530] {dagbag.py:588} INFO - Filling up the DagBag from /Users/parth/Desktop/Engine/venv/lib/python3.11/site-packages/airflow/example_dags/example_kubernetes_executor.py
[2025-07-17T07:32:42.425+0530] {processor.py:925} INFO - DAG(s) 'example_kubernetes_executor' retrieved from /Users/parth/Desktop/Engine/venv/lib/python3.11/site-packages/airflow/example_dags/example_kubernetes_executor.py
[2025-07-17T07:32:42.486+0530] {logging_mixin.py:190} INFO - [2025-07-17T07:32:42.486+0530] {dag.py:3239} INFO - Sync 1 DAGs
[2025-07-17T07:32:42.493+0530] {logging_mixin.py:190} INFO - [2025-07-17T07:32:42.492+0530] {dag.py:4180} INFO - Setting next_dagrun for example_kubernetes_executor to None, run_after=None
[2025-07-17T07:32:42.504+0530] {processor.py:208} INFO - Processing /Users/parth/Desktop/Engine/venv/lib/python3.11/site-packages/airflow/example_dags/example_kubernetes_executor.py took 0.109 seconds
[2025-07-17T07:36:31.177+0530] {processor.py:186} INFO - Started process (PID=29094) to work on /Users/parth/Desktop/Engine/venv/lib/python3.11/site-packages/airflow/example_dags/example_kubernetes_executor.py
[2025-07-17T07:36:31.178+0530] {processor.py:914} INFO - Processing file /Users/parth/Desktop/Engine/venv/lib/python3.11/site-packages/airflow/example_dags/example_kubernetes_executor.py for tasks to queue
[2025-07-17T07:36:31.179+0530] {logging_mixin.py:190} INFO - [2025-07-17T07:36:31.179+0530] {dagbag.py:588} INFO - Filling up the DagBag from /Users/parth/Desktop/Engine/venv/lib/python3.11/site-packages/airflow/example_dags/example_kubernetes_executor.py
[2025-07-17T07:36:31.206+0530] {processor.py:925} INFO - DAG(s) 'example_kubernetes_executor' retrieved from /Users/parth/Desktop/Engine/venv/lib/python3.11/site-packages/airflow/example_dags/example_kubernetes_executor.py
[2025-07-17T07:36:31.267+0530] {logging_mixin.py:190} INFO - [2025-07-17T07:36:31.267+0530] {dag.py:3239} INFO - Sync 1 DAGs
[2025-07-17T07:36:31.273+0530] {logging_mixin.py:190} INFO - [2025-07-17T07:36:31.273+0530] {dag.py:4180} INFO - Setting next_dagrun for example_kubernetes_executor to None, run_after=None
[2025-07-17T07:36:31.284+0530] {processor.py:208} INFO - Processing /Users/parth/Desktop/Engine/venv/lib/python3.11/site-packages/airflow/example_dags/example_kubernetes_executor.py took 0.110 seconds
[2025-07-17T07:40:08.115+0530] {processor.py:186} INFO - Started process (PID=30507) to work on /Users/parth/Desktop/Engine/venv/lib/python3.11/site-packages/airflow/example_dags/example_kubernetes_executor.py
[2025-07-17T07:40:08.116+0530] {processor.py:914} INFO - Processing file /Users/parth/Desktop/Engine/venv/lib/python3.11/site-packages/airflow/example_dags/example_kubernetes_executor.py for tasks to queue
[2025-07-17T07:40:08.117+0530] {logging_mixin.py:190} INFO - [2025-07-17T07:40:08.117+0530] {dagbag.py:588} INFO - Filling up the DagBag from /Users/parth/Desktop/Engine/venv/lib/python3.11/site-packages/airflow/example_dags/example_kubernetes_executor.py
[2025-07-17T07:40:08.144+0530] {processor.py:925} INFO - DAG(s) 'example_kubernetes_executor' retrieved from /Users/parth/Desktop/Engine/venv/lib/python3.11/site-packages/airflow/example_dags/example_kubernetes_executor.py
[2025-07-17T07:40:08.205+0530] {logging_mixin.py:190} INFO - [2025-07-17T07:40:08.205+0530] {dag.py:3239} INFO - Sync 1 DAGs
[2025-07-17T07:40:08.212+0530] {logging_mixin.py:190} INFO - [2025-07-17T07:40:08.212+0530] {dag.py:4180} INFO - Setting next_dagrun for example_kubernetes_executor to None, run_after=None
[2025-07-17T07:40:08.223+0530] {processor.py:208} INFO - Processing /Users/parth/Desktop/Engine/venv/lib/python3.11/site-packages/airflow/example_dags/example_kubernetes_executor.py took 0.111 seconds
[2025-07-17T07:44:27.929+0530] {processor.py:186} INFO - Started process (PID=32312) to work on /Users/parth/Desktop/Engine/venv/lib/python3.11/site-packages/airflow/example_dags/example_kubernetes_executor.py
[2025-07-17T07:44:27.930+0530] {processor.py:914} INFO - Processing file /Users/parth/Desktop/Engine/venv/lib/python3.11/site-packages/airflow/example_dags/example_kubernetes_executor.py for tasks to queue
[2025-07-17T07:44:27.931+0530] {logging_mixin.py:190} INFO - [2025-07-17T07:44:27.930+0530] {dagbag.py:588} INFO - Filling up the DagBag from /Users/parth/Desktop/Engine/venv/lib/python3.11/site-packages/airflow/example_dags/example_kubernetes_executor.py
[2025-07-17T07:44:27.971+0530] {processor.py:925} INFO - DAG(s) 'example_kubernetes_executor' retrieved from /Users/parth/Desktop/Engine/venv/lib/python3.11/site-packages/airflow/example_dags/example_kubernetes_executor.py
[2025-07-17T07:44:28.044+0530] {logging_mixin.py:190} INFO - [2025-07-17T07:44:28.044+0530] {dag.py:3239} INFO - Sync 1 DAGs
[2025-07-17T07:44:28.052+0530] {logging_mixin.py:190} INFO - [2025-07-17T07:44:28.051+0530] {dag.py:4180} INFO - Setting next_dagrun for example_kubernetes_executor to None, run_after=None
[2025-07-17T07:44:28.064+0530] {processor.py:208} INFO - Processing /Users/parth/Desktop/Engine/venv/lib/python3.11/site-packages/airflow/example_dags/example_kubernetes_executor.py took 0.138 seconds
[2025-07-17T07:47:14.639+0530] {processor.py:186} INFO - Started process (PID=33489) to work on /Users/parth/Desktop/Engine/venv/lib/python3.11/site-packages/airflow/example_dags/example_kubernetes_executor.py
[2025-07-17T07:47:14.641+0530] {processor.py:914} INFO - Processing file /Users/parth/Desktop/Engine/venv/lib/python3.11/site-packages/airflow/example_dags/example_kubernetes_executor.py for tasks to queue
[2025-07-17T07:47:14.641+0530] {logging_mixin.py:190} INFO - [2025-07-17T07:47:14.641+0530] {dagbag.py:588} INFO - Filling up the DagBag from /Users/parth/Desktop/Engine/venv/lib/python3.11/site-packages/airflow/example_dags/example_kubernetes_executor.py
[2025-07-17T07:47:14.669+0530] {processor.py:925} INFO - DAG(s) 'example_kubernetes_executor' retrieved from /Users/parth/Desktop/Engine/venv/lib/python3.11/site-packages/airflow/example_dags/example_kubernetes_executor.py
[2025-07-17T07:47:14.732+0530] {logging_mixin.py:190} INFO - [2025-07-17T07:47:14.731+0530] {dag.py:3239} INFO - Sync 1 DAGs
[2025-07-17T07:47:14.738+0530] {logging_mixin.py:190} INFO - [2025-07-17T07:47:14.738+0530] {dag.py:4180} INFO - Setting next_dagrun for example_kubernetes_executor to None, run_after=None
[2025-07-17T07:47:14.749+0530] {processor.py:208} INFO - Processing /Users/parth/Desktop/Engine/venv/lib/python3.11/site-packages/airflow/example_dags/example_kubernetes_executor.py took 0.112 seconds
[2025-07-17T07:49:35.957+0530] {processor.py:186} INFO - Started process (PID=34409) to work on /Users/parth/Desktop/Engine/venv/lib/python3.11/site-packages/airflow/example_dags/example_kubernetes_executor.py
[2025-07-17T07:49:35.958+0530] {processor.py:914} INFO - Processing file /Users/parth/Desktop/Engine/venv/lib/python3.11/site-packages/airflow/example_dags/example_kubernetes_executor.py for tasks to queue
[2025-07-17T07:49:35.959+0530] {logging_mixin.py:190} INFO - [2025-07-17T07:49:35.958+0530] {dagbag.py:588} INFO - Filling up the DagBag from /Users/parth/Desktop/Engine/venv/lib/python3.11/site-packages/airflow/example_dags/example_kubernetes_executor.py
[2025-07-17T07:49:35.990+0530] {processor.py:925} INFO - DAG(s) 'example_kubernetes_executor' retrieved from /Users/parth/Desktop/Engine/venv/lib/python3.11/site-packages/airflow/example_dags/example_kubernetes_executor.py
[2025-07-17T07:49:36.061+0530] {logging_mixin.py:190} INFO - [2025-07-17T07:49:36.061+0530] {dag.py:3239} INFO - Sync 1 DAGs
[2025-07-17T07:49:36.068+0530] {logging_mixin.py:190} INFO - [2025-07-17T07:49:36.068+0530] {dag.py:4180} INFO - Setting next_dagrun for example_kubernetes_executor to None, run_after=None
[2025-07-17T07:49:36.081+0530] {processor.py:208} INFO - Processing /Users/parth/Desktop/Engine/venv/lib/python3.11/site-packages/airflow/example_dags/example_kubernetes_executor.py took 0.127 seconds
[2025-07-17T07:54:41.902+0530] {processor.py:186} INFO - Started process (PID=36555) to work on /Users/parth/Desktop/Engine/venv/lib/python3.11/site-packages/airflow/example_dags/example_kubernetes_executor.py
[2025-07-17T07:54:41.903+0530] {processor.py:914} INFO - Processing file /Users/parth/Desktop/Engine/venv/lib/python3.11/site-packages/airflow/example_dags/example_kubernetes_executor.py for tasks to queue
[2025-07-17T07:54:41.903+0530] {logging_mixin.py:190} INFO - [2025-07-17T07:54:41.903+0530] {dagbag.py:588} INFO - Filling up the DagBag from /Users/parth/Desktop/Engine/venv/lib/python3.11/site-packages/airflow/example_dags/example_kubernetes_executor.py
[2025-07-17T07:54:41.936+0530] {processor.py:925} INFO - DAG(s) 'example_kubernetes_executor' retrieved from /Users/parth/Desktop/Engine/venv/lib/python3.11/site-packages/airflow/example_dags/example_kubernetes_executor.py
[2025-07-17T07:54:42.008+0530] {logging_mixin.py:190} INFO - [2025-07-17T07:54:42.008+0530] {dag.py:3239} INFO - Sync 1 DAGs
[2025-07-17T07:54:42.016+0530] {logging_mixin.py:190} INFO - [2025-07-17T07:54:42.015+0530] {dag.py:4180} INFO - Setting next_dagrun for example_kubernetes_executor to None, run_after=None
[2025-07-17T07:54:42.030+0530] {processor.py:208} INFO - Processing /Users/parth/Desktop/Engine/venv/lib/python3.11/site-packages/airflow/example_dags/example_kubernetes_executor.py took 0.131 seconds
[2025-07-17T07:57:06.046+0530] {processor.py:186} INFO - Started process (PID=37556) to work on /Users/parth/Desktop/Engine/venv/lib/python3.11/site-packages/airflow/example_dags/example_kubernetes_executor.py
[2025-07-17T07:57:06.046+0530] {processor.py:914} INFO - Processing file /Users/parth/Desktop/Engine/venv/lib/python3.11/site-packages/airflow/example_dags/example_kubernetes_executor.py for tasks to queue
[2025-07-17T07:57:06.047+0530] {logging_mixin.py:190} INFO - [2025-07-17T07:57:06.047+0530] {dagbag.py:588} INFO - Filling up the DagBag from /Users/parth/Desktop/Engine/venv/lib/python3.11/site-packages/airflow/example_dags/example_kubernetes_executor.py
[2025-07-17T07:57:06.077+0530] {processor.py:925} INFO - DAG(s) 'example_kubernetes_executor' retrieved from /Users/parth/Desktop/Engine/venv/lib/python3.11/site-packages/airflow/example_dags/example_kubernetes_executor.py
[2025-07-17T07:57:06.140+0530] {logging_mixin.py:190} INFO - [2025-07-17T07:57:06.140+0530] {dag.py:3239} INFO - Sync 1 DAGs
[2025-07-17T07:57:06.147+0530] {logging_mixin.py:190} INFO - [2025-07-17T07:57:06.147+0530] {dag.py:4180} INFO - Setting next_dagrun for example_kubernetes_executor to None, run_after=None
[2025-07-17T07:57:06.158+0530] {processor.py:208} INFO - Processing /Users/parth/Desktop/Engine/venv/lib/python3.11/site-packages/airflow/example_dags/example_kubernetes_executor.py took 0.115 seconds
[2025-07-17T08:01:14.184+0530] {processor.py:186} INFO - Started process (PID=39178) to work on /Users/parth/Desktop/Engine/venv/lib/python3.11/site-packages/airflow/example_dags/example_kubernetes_executor.py
[2025-07-17T08:01:14.185+0530] {processor.py:914} INFO - Processing file /Users/parth/Desktop/Engine/venv/lib/python3.11/site-packages/airflow/example_dags/example_kubernetes_executor.py for tasks to queue
[2025-07-17T08:01:14.186+0530] {logging_mixin.py:190} INFO - [2025-07-17T08:01:14.186+0530] {dagbag.py:588} INFO - Filling up the DagBag from /Users/parth/Desktop/Engine/venv/lib/python3.11/site-packages/airflow/example_dags/example_kubernetes_executor.py
[2025-07-17T08:01:14.213+0530] {processor.py:925} INFO - DAG(s) 'example_kubernetes_executor' retrieved from /Users/parth/Desktop/Engine/venv/lib/python3.11/site-packages/airflow/example_dags/example_kubernetes_executor.py
[2025-07-17T08:01:14.274+0530] {logging_mixin.py:190} INFO - [2025-07-17T08:01:14.274+0530] {dag.py:3239} INFO - Sync 1 DAGs
[2025-07-17T08:01:14.281+0530] {logging_mixin.py:190} INFO - [2025-07-17T08:01:14.281+0530] {dag.py:4180} INFO - Setting next_dagrun for example_kubernetes_executor to None, run_after=None
[2025-07-17T08:01:14.292+0530] {processor.py:208} INFO - Processing /Users/parth/Desktop/Engine/venv/lib/python3.11/site-packages/airflow/example_dags/example_kubernetes_executor.py took 0.110 seconds
[2025-07-17T08:05:30.732+0530] {processor.py:186} INFO - Started process (PID=40938) to work on /Users/parth/Desktop/Engine/venv/lib/python3.11/site-packages/airflow/example_dags/example_kubernetes_executor.py
[2025-07-17T08:05:30.732+0530] {processor.py:914} INFO - Processing file /Users/parth/Desktop/Engine/venv/lib/python3.11/site-packages/airflow/example_dags/example_kubernetes_executor.py for tasks to queue
[2025-07-17T08:05:30.733+0530] {logging_mixin.py:190} INFO - [2025-07-17T08:05:30.733+0530] {dagbag.py:588} INFO - Filling up the DagBag from /Users/parth/Desktop/Engine/venv/lib/python3.11/site-packages/airflow/example_dags/example_kubernetes_executor.py
[2025-07-17T08:05:30.763+0530] {processor.py:925} INFO - DAG(s) 'example_kubernetes_executor' retrieved from /Users/parth/Desktop/Engine/venv/lib/python3.11/site-packages/airflow/example_dags/example_kubernetes_executor.py
[2025-07-17T08:05:30.829+0530] {logging_mixin.py:190} INFO - [2025-07-17T08:05:30.829+0530] {dag.py:3239} INFO - Sync 1 DAGs
[2025-07-17T08:05:30.835+0530] {logging_mixin.py:190} INFO - [2025-07-17T08:05:30.835+0530] {dag.py:4180} INFO - Setting next_dagrun for example_kubernetes_executor to None, run_after=None
[2025-07-17T08:05:30.847+0530] {processor.py:208} INFO - Processing /Users/parth/Desktop/Engine/venv/lib/python3.11/site-packages/airflow/example_dags/example_kubernetes_executor.py took 0.118 seconds
[2025-07-17T08:09:44.827+0530] {processor.py:186} INFO - Started process (PID=42645) to work on /Users/parth/Desktop/Engine/venv/lib/python3.11/site-packages/airflow/example_dags/example_kubernetes_executor.py
[2025-07-17T08:09:44.828+0530] {processor.py:914} INFO - Processing file /Users/parth/Desktop/Engine/venv/lib/python3.11/site-packages/airflow/example_dags/example_kubernetes_executor.py for tasks to queue
[2025-07-17T08:09:44.828+0530] {logging_mixin.py:190} INFO - [2025-07-17T08:09:44.828+0530] {dagbag.py:588} INFO - Filling up the DagBag from /Users/parth/Desktop/Engine/venv/lib/python3.11/site-packages/airflow/example_dags/example_kubernetes_executor.py
[2025-07-17T08:09:44.859+0530] {processor.py:925} INFO - DAG(s) 'example_kubernetes_executor' retrieved from /Users/parth/Desktop/Engine/venv/lib/python3.11/site-packages/airflow/example_dags/example_kubernetes_executor.py
[2025-07-17T08:09:44.926+0530] {logging_mixin.py:190} INFO - [2025-07-17T08:09:44.925+0530] {dag.py:3239} INFO - Sync 1 DAGs
[2025-07-17T08:09:44.933+0530] {logging_mixin.py:190} INFO - [2025-07-17T08:09:44.933+0530] {dag.py:4180} INFO - Setting next_dagrun for example_kubernetes_executor to None, run_after=None
[2025-07-17T08:09:44.946+0530] {processor.py:208} INFO - Processing /Users/parth/Desktop/Engine/venv/lib/python3.11/site-packages/airflow/example_dags/example_kubernetes_executor.py took 0.121 seconds
[2025-07-17T08:17:44.844+0530] {processor.py:186} INFO - Started process (PID=44112) to work on /Users/parth/Desktop/Engine/venv/lib/python3.11/site-packages/airflow/example_dags/example_kubernetes_executor.py
[2025-07-17T08:17:44.846+0530] {processor.py:914} INFO - Processing file /Users/parth/Desktop/Engine/venv/lib/python3.11/site-packages/airflow/example_dags/example_kubernetes_executor.py for tasks to queue
[2025-07-17T08:17:44.846+0530] {logging_mixin.py:190} INFO - [2025-07-17T08:17:44.846+0530] {dagbag.py:588} INFO - Filling up the DagBag from /Users/parth/Desktop/Engine/venv/lib/python3.11/site-packages/airflow/example_dags/example_kubernetes_executor.py
[2025-07-17T08:17:44.874+0530] {processor.py:925} INFO - DAG(s) 'example_kubernetes_executor' retrieved from /Users/parth/Desktop/Engine/venv/lib/python3.11/site-packages/airflow/example_dags/example_kubernetes_executor.py
[2025-07-17T08:17:44.936+0530] {logging_mixin.py:190} INFO - [2025-07-17T08:17:44.936+0530] {dag.py:3239} INFO - Sync 1 DAGs
[2025-07-17T08:17:44.942+0530] {logging_mixin.py:190} INFO - [2025-07-17T08:17:44.942+0530] {dag.py:4180} INFO - Setting next_dagrun for example_kubernetes_executor to None, run_after=None
[2025-07-17T08:17:44.953+0530] {processor.py:208} INFO - Processing /Users/parth/Desktop/Engine/venv/lib/python3.11/site-packages/airflow/example_dags/example_kubernetes_executor.py took 0.111 seconds
[2025-07-17T08:21:38.610+0530] {processor.py:186} INFO - Started process (PID=45528) to work on /Users/parth/Desktop/Engine/venv/lib/python3.11/site-packages/airflow/example_dags/example_kubernetes_executor.py
[2025-07-17T08:21:38.610+0530] {processor.py:914} INFO - Processing file /Users/parth/Desktop/Engine/venv/lib/python3.11/site-packages/airflow/example_dags/example_kubernetes_executor.py for tasks to queue
[2025-07-17T08:21:38.611+0530] {logging_mixin.py:190} INFO - [2025-07-17T08:21:38.611+0530] {dagbag.py:588} INFO - Filling up the DagBag from /Users/parth/Desktop/Engine/venv/lib/python3.11/site-packages/airflow/example_dags/example_kubernetes_executor.py
[2025-07-17T08:21:38.639+0530] {processor.py:925} INFO - DAG(s) 'example_kubernetes_executor' retrieved from /Users/parth/Desktop/Engine/venv/lib/python3.11/site-packages/airflow/example_dags/example_kubernetes_executor.py
[2025-07-17T08:21:38.701+0530] {logging_mixin.py:190} INFO - [2025-07-17T08:21:38.701+0530] {dag.py:3239} INFO - Sync 1 DAGs
[2025-07-17T08:21:38.707+0530] {logging_mixin.py:190} INFO - [2025-07-17T08:21:38.707+0530] {dag.py:4180} INFO - Setting next_dagrun for example_kubernetes_executor to None, run_after=None
[2025-07-17T08:21:38.718+0530] {processor.py:208} INFO - Processing /Users/parth/Desktop/Engine/venv/lib/python3.11/site-packages/airflow/example_dags/example_kubernetes_executor.py took 0.111 seconds
[2025-07-17T08:25:09.941+0530] {processor.py:186} INFO - Started process (PID=46924) to work on /Users/parth/Desktop/Engine/venv/lib/python3.11/site-packages/airflow/example_dags/example_kubernetes_executor.py
[2025-07-17T08:25:09.942+0530] {processor.py:914} INFO - Processing file /Users/parth/Desktop/Engine/venv/lib/python3.11/site-packages/airflow/example_dags/example_kubernetes_executor.py for tasks to queue
[2025-07-17T08:25:09.943+0530] {logging_mixin.py:190} INFO - [2025-07-17T08:25:09.942+0530] {dagbag.py:588} INFO - Filling up the DagBag from /Users/parth/Desktop/Engine/venv/lib/python3.11/site-packages/airflow/example_dags/example_kubernetes_executor.py
[2025-07-17T08:25:09.972+0530] {processor.py:925} INFO - DAG(s) 'example_kubernetes_executor' retrieved from /Users/parth/Desktop/Engine/venv/lib/python3.11/site-packages/airflow/example_dags/example_kubernetes_executor.py
[2025-07-17T08:25:10.035+0530] {logging_mixin.py:190} INFO - [2025-07-17T08:25:10.035+0530] {dag.py:3239} INFO - Sync 1 DAGs
[2025-07-17T08:25:10.041+0530] {logging_mixin.py:190} INFO - [2025-07-17T08:25:10.041+0530] {dag.py:4180} INFO - Setting next_dagrun for example_kubernetes_executor to None, run_after=None
[2025-07-17T08:25:10.053+0530] {processor.py:208} INFO - Processing /Users/parth/Desktop/Engine/venv/lib/python3.11/site-packages/airflow/example_dags/example_kubernetes_executor.py took 0.114 seconds
[2025-07-17T08:28:56.040+0530] {processor.py:186} INFO - Started process (PID=48522) to work on /Users/parth/Desktop/Engine/venv/lib/python3.11/site-packages/airflow/example_dags/example_kubernetes_executor.py
[2025-07-17T08:28:56.041+0530] {processor.py:914} INFO - Processing file /Users/parth/Desktop/Engine/venv/lib/python3.11/site-packages/airflow/example_dags/example_kubernetes_executor.py for tasks to queue
[2025-07-17T08:28:56.042+0530] {logging_mixin.py:190} INFO - [2025-07-17T08:28:56.041+0530] {dagbag.py:588} INFO - Filling up the DagBag from /Users/parth/Desktop/Engine/venv/lib/python3.11/site-packages/airflow/example_dags/example_kubernetes_executor.py
[2025-07-17T08:28:56.071+0530] {processor.py:925} INFO - DAG(s) 'example_kubernetes_executor' retrieved from /Users/parth/Desktop/Engine/venv/lib/python3.11/site-packages/airflow/example_dags/example_kubernetes_executor.py
[2025-07-17T08:28:56.134+0530] {logging_mixin.py:190} INFO - [2025-07-17T08:28:56.134+0530] {dag.py:3239} INFO - Sync 1 DAGs
[2025-07-17T08:28:56.141+0530] {logging_mixin.py:190} INFO - [2025-07-17T08:28:56.140+0530] {dag.py:4180} INFO - Setting next_dagrun for example_kubernetes_executor to None, run_after=None
[2025-07-17T08:28:56.152+0530] {processor.py:208} INFO - Processing /Users/parth/Desktop/Engine/venv/lib/python3.11/site-packages/airflow/example_dags/example_kubernetes_executor.py took 0.114 seconds
[2025-07-17T08:36:55.387+0530] {processor.py:186} INFO - Started process (PID=50003) to work on /Users/parth/Desktop/Engine/venv/lib/python3.11/site-packages/airflow/example_dags/example_kubernetes_executor.py
[2025-07-17T08:36:55.389+0530] {processor.py:914} INFO - Processing file /Users/parth/Desktop/Engine/venv/lib/python3.11/site-packages/airflow/example_dags/example_kubernetes_executor.py for tasks to queue
[2025-07-17T08:36:55.389+0530] {logging_mixin.py:190} INFO - [2025-07-17T08:36:55.389+0530] {dagbag.py:588} INFO - Filling up the DagBag from /Users/parth/Desktop/Engine/venv/lib/python3.11/site-packages/airflow/example_dags/example_kubernetes_executor.py
[2025-07-17T08:36:55.417+0530] {processor.py:925} INFO - DAG(s) 'example_kubernetes_executor' retrieved from /Users/parth/Desktop/Engine/venv/lib/python3.11/site-packages/airflow/example_dags/example_kubernetes_executor.py
[2025-07-17T08:36:55.480+0530] {logging_mixin.py:190} INFO - [2025-07-17T08:36:55.479+0530] {dag.py:3239} INFO - Sync 1 DAGs
[2025-07-17T08:36:55.487+0530] {logging_mixin.py:190} INFO - [2025-07-17T08:36:55.487+0530] {dag.py:4180} INFO - Setting next_dagrun for example_kubernetes_executor to None, run_after=None
[2025-07-17T08:36:55.498+0530] {processor.py:208} INFO - Processing /Users/parth/Desktop/Engine/venv/lib/python3.11/site-packages/airflow/example_dags/example_kubernetes_executor.py took 0.113 seconds
[2025-07-17T08:40:23.866+0530] {processor.py:186} INFO - Started process (PID=51352) to work on /Users/parth/Desktop/Engine/venv/lib/python3.11/site-packages/airflow/example_dags/example_kubernetes_executor.py
[2025-07-17T08:40:23.867+0530] {processor.py:914} INFO - Processing file /Users/parth/Desktop/Engine/venv/lib/python3.11/site-packages/airflow/example_dags/example_kubernetes_executor.py for tasks to queue
[2025-07-17T08:40:23.867+0530] {logging_mixin.py:190} INFO - [2025-07-17T08:40:23.867+0530] {dagbag.py:588} INFO - Filling up the DagBag from /Users/parth/Desktop/Engine/venv/lib/python3.11/site-packages/airflow/example_dags/example_kubernetes_executor.py
[2025-07-17T08:40:23.896+0530] {processor.py:925} INFO - DAG(s) 'example_kubernetes_executor' retrieved from /Users/parth/Desktop/Engine/venv/lib/python3.11/site-packages/airflow/example_dags/example_kubernetes_executor.py
[2025-07-17T08:40:23.959+0530] {logging_mixin.py:190} INFO - [2025-07-17T08:40:23.958+0530] {dag.py:3239} INFO - Sync 1 DAGs
[2025-07-17T08:40:23.965+0530] {logging_mixin.py:190} INFO - [2025-07-17T08:40:23.965+0530] {dag.py:4180} INFO - Setting next_dagrun for example_kubernetes_executor to None, run_after=None
[2025-07-17T08:40:23.976+0530] {processor.py:208} INFO - Processing /Users/parth/Desktop/Engine/venv/lib/python3.11/site-packages/airflow/example_dags/example_kubernetes_executor.py took 0.112 seconds
