[2025-07-17T07:16:06.471+0530] {processor.py:186} INFO - Started process (PID=23437) to work on /Users/parth/Desktop/Engine/venv/lib/python3.11/site-packages/airflow/example_dags/example_trigger_target_dag.py
[2025-07-17T07:16:06.471+0530] {processor.py:914} INFO - Processing file /Users/parth/Desktop/Engine/venv/lib/python3.11/site-packages/airflow/example_dags/example_trigger_target_dag.py for tasks to queue
[2025-07-17T07:16:06.472+0530] {logging_mixin.py:190} INFO - [2025-07-17T07:16:06.472+0530] {dagbag.py:588} INFO - Filling up the DagBag from /Users/parth/Desktop/Engine/venv/lib/python3.11/site-packages/airflow/example_dags/example_trigger_target_dag.py
[2025-07-17T07:16:06.497+0530] {processor.py:925} INFO - DAG(s) 'example_trigger_target_dag' retrieved from /Users/parth/Desktop/Engine/venv/lib/python3.11/site-packages/airflow/example_dags/example_trigger_target_dag.py
[2025-07-17T07:16:06.555+0530] {logging_mixin.py:190} INFO - [2025-07-17T07:16:06.555+0530] {dag.py:3239} INFO - Sync 1 DAGs
[2025-07-17T07:16:06.562+0530] {logging_mixin.py:190} INFO - [2025-07-17T07:16:06.561+0530] {dag.py:4180} INFO - Setting next_dagrun for example_trigger_target_dag to None, run_after=None
[2025-07-17T07:16:06.573+0530] {processor.py:208} INFO - Processing /Users/parth/Desktop/Engine/venv/lib/python3.11/site-packages/airflow/example_dags/example_trigger_target_dag.py took 0.104 seconds
[2025-07-17T07:24:38.173+0530] {processor.py:186} INFO - Started process (PID=24452) to work on /Users/parth/Desktop/Engine/venv/lib/python3.11/site-packages/airflow/example_dags/example_trigger_target_dag.py
[2025-07-17T07:24:38.174+0530] {processor.py:914} INFO - Processing file /Users/parth/Desktop/Engine/venv/lib/python3.11/site-packages/airflow/example_dags/example_trigger_target_dag.py for tasks to queue
[2025-07-17T07:24:38.175+0530] {logging_mixin.py:190} INFO - [2025-07-17T07:24:38.174+0530] {dagbag.py:588} INFO - Filling up the DagBag from /Users/parth/Desktop/Engine/venv/lib/python3.11/site-packages/airflow/example_dags/example_trigger_target_dag.py
[2025-07-17T07:24:38.199+0530] {processor.py:925} INFO - DAG(s) 'example_trigger_target_dag' retrieved from /Users/parth/Desktop/Engine/venv/lib/python3.11/site-packages/airflow/example_dags/example_trigger_target_dag.py
[2025-07-17T07:24:38.260+0530] {logging_mixin.py:190} INFO - [2025-07-17T07:24:38.260+0530] {dag.py:3239} INFO - Sync 1 DAGs
[2025-07-17T07:24:38.267+0530] {logging_mixin.py:190} INFO - [2025-07-17T07:24:38.266+0530] {dag.py:4180} INFO - Setting next_dagrun for example_trigger_target_dag to None, run_after=None
[2025-07-17T07:24:38.279+0530] {processor.py:208} INFO - Processing /Users/parth/Desktop/Engine/venv/lib/python3.11/site-packages/airflow/example_dags/example_trigger_target_dag.py took 0.108 seconds
[2025-07-17T07:26:32.791+0530] {processor.py:186} INFO - Started process (PID=25195) to work on /Users/parth/Desktop/Engine/venv/lib/python3.11/site-packages/airflow/example_dags/example_trigger_target_dag.py
[2025-07-17T07:26:32.792+0530] {processor.py:914} INFO - Processing file /Users/parth/Desktop/Engine/venv/lib/python3.11/site-packages/airflow/example_dags/example_trigger_target_dag.py for tasks to queue
[2025-07-17T07:26:32.793+0530] {logging_mixin.py:190} INFO - [2025-07-17T07:26:32.793+0530] {dagbag.py:588} INFO - Filling up the DagBag from /Users/parth/Desktop/Engine/venv/lib/python3.11/site-packages/airflow/example_dags/example_trigger_target_dag.py
[2025-07-17T07:26:32.827+0530] {processor.py:925} INFO - DAG(s) 'example_trigger_target_dag' retrieved from /Users/parth/Desktop/Engine/venv/lib/python3.11/site-packages/airflow/example_dags/example_trigger_target_dag.py
[2025-07-17T07:26:32.890+0530] {logging_mixin.py:190} INFO - [2025-07-17T07:26:32.890+0530] {dag.py:3239} INFO - Sync 1 DAGs
[2025-07-17T07:26:32.898+0530] {logging_mixin.py:190} INFO - [2025-07-17T07:26:32.898+0530] {dag.py:4180} INFO - Setting next_dagrun for example_trigger_target_dag to None, run_after=None
[2025-07-17T07:26:32.910+0530] {processor.py:208} INFO - Processing /Users/parth/Desktop/Engine/venv/lib/python3.11/site-packages/airflow/example_dags/example_trigger_target_dag.py took 0.122 seconds
[2025-07-17T07:28:19.688+0530] {processor.py:186} INFO - Started process (PID=25878) to work on /Users/parth/Desktop/Engine/venv/lib/python3.11/site-packages/airflow/example_dags/example_trigger_target_dag.py
[2025-07-17T07:28:19.689+0530] {processor.py:914} INFO - Processing file /Users/parth/Desktop/Engine/venv/lib/python3.11/site-packages/airflow/example_dags/example_trigger_target_dag.py for tasks to queue
[2025-07-17T07:28:19.690+0530] {logging_mixin.py:190} INFO - [2025-07-17T07:28:19.690+0530] {dagbag.py:588} INFO - Filling up the DagBag from /Users/parth/Desktop/Engine/venv/lib/python3.11/site-packages/airflow/example_dags/example_trigger_target_dag.py
[2025-07-17T07:28:19.716+0530] {processor.py:925} INFO - DAG(s) 'example_trigger_target_dag' retrieved from /Users/parth/Desktop/Engine/venv/lib/python3.11/site-packages/airflow/example_dags/example_trigger_target_dag.py
[2025-07-17T07:28:19.773+0530] {logging_mixin.py:190} INFO - [2025-07-17T07:28:19.773+0530] {dag.py:3239} INFO - Sync 1 DAGs
[2025-07-17T07:28:19.780+0530] {logging_mixin.py:190} INFO - [2025-07-17T07:28:19.779+0530] {dag.py:4180} INFO - Setting next_dagrun for example_trigger_target_dag to None, run_after=None
[2025-07-17T07:28:19.792+0530] {processor.py:208} INFO - Processing /Users/parth/Desktop/Engine/venv/lib/python3.11/site-packages/airflow/example_dags/example_trigger_target_dag.py took 0.106 seconds
[2025-07-17T07:30:03.482+0530] {processor.py:186} INFO - Started process (PID=26551) to work on /Users/parth/Desktop/Engine/venv/lib/python3.11/site-packages/airflow/example_dags/example_trigger_target_dag.py
[2025-07-17T07:30:03.483+0530] {processor.py:914} INFO - Processing file /Users/parth/Desktop/Engine/venv/lib/python3.11/site-packages/airflow/example_dags/example_trigger_target_dag.py for tasks to queue
[2025-07-17T07:30:03.484+0530] {logging_mixin.py:190} INFO - [2025-07-17T07:30:03.483+0530] {dagbag.py:588} INFO - Filling up the DagBag from /Users/parth/Desktop/Engine/venv/lib/python3.11/site-packages/airflow/example_dags/example_trigger_target_dag.py
[2025-07-17T07:30:03.507+0530] {processor.py:925} INFO - DAG(s) 'example_trigger_target_dag' retrieved from /Users/parth/Desktop/Engine/venv/lib/python3.11/site-packages/airflow/example_dags/example_trigger_target_dag.py
[2025-07-17T07:30:03.565+0530] {logging_mixin.py:190} INFO - [2025-07-17T07:30:03.565+0530] {dag.py:3239} INFO - Sync 1 DAGs
[2025-07-17T07:30:03.572+0530] {logging_mixin.py:190} INFO - [2025-07-17T07:30:03.572+0530] {dag.py:4180} INFO - Setting next_dagrun for example_trigger_target_dag to None, run_after=None
[2025-07-17T07:30:03.583+0530] {processor.py:208} INFO - Processing /Users/parth/Desktop/Engine/venv/lib/python3.11/site-packages/airflow/example_dags/example_trigger_target_dag.py took 0.103 seconds
[2025-07-17T07:31:49.132+0530] {processor.py:186} INFO - Started process (PID=27225) to work on /Users/parth/Desktop/Engine/venv/lib/python3.11/site-packages/airflow/example_dags/example_trigger_target_dag.py
[2025-07-17T07:31:49.132+0530] {processor.py:914} INFO - Processing file /Users/parth/Desktop/Engine/venv/lib/python3.11/site-packages/airflow/example_dags/example_trigger_target_dag.py for tasks to queue
[2025-07-17T07:31:49.133+0530] {logging_mixin.py:190} INFO - [2025-07-17T07:31:49.133+0530] {dagbag.py:588} INFO - Filling up the DagBag from /Users/parth/Desktop/Engine/venv/lib/python3.11/site-packages/airflow/example_dags/example_trigger_target_dag.py
[2025-07-17T07:31:49.157+0530] {processor.py:925} INFO - DAG(s) 'example_trigger_target_dag' retrieved from /Users/parth/Desktop/Engine/venv/lib/python3.11/site-packages/airflow/example_dags/example_trigger_target_dag.py
[2025-07-17T07:31:49.215+0530] {logging_mixin.py:190} INFO - [2025-07-17T07:31:49.215+0530] {dag.py:3239} INFO - Sync 1 DAGs
[2025-07-17T07:31:49.221+0530] {logging_mixin.py:190} INFO - [2025-07-17T07:31:49.221+0530] {dag.py:4180} INFO - Setting next_dagrun for example_trigger_target_dag to None, run_after=None
[2025-07-17T07:31:49.233+0530] {processor.py:208} INFO - Processing /Users/parth/Desktop/Engine/venv/lib/python3.11/site-packages/airflow/example_dags/example_trigger_target_dag.py took 0.103 seconds
[2025-07-17T07:33:35.408+0530] {processor.py:186} INFO - Started process (PID=27927) to work on /Users/parth/Desktop/Engine/venv/lib/python3.11/site-packages/airflow/example_dags/example_trigger_target_dag.py
[2025-07-17T07:33:35.409+0530] {processor.py:914} INFO - Processing file /Users/parth/Desktop/Engine/venv/lib/python3.11/site-packages/airflow/example_dags/example_trigger_target_dag.py for tasks to queue
[2025-07-17T07:33:35.409+0530] {logging_mixin.py:190} INFO - [2025-07-17T07:33:35.409+0530] {dagbag.py:588} INFO - Filling up the DagBag from /Users/parth/Desktop/Engine/venv/lib/python3.11/site-packages/airflow/example_dags/example_trigger_target_dag.py
[2025-07-17T07:33:35.434+0530] {processor.py:925} INFO - DAG(s) 'example_trigger_target_dag' retrieved from /Users/parth/Desktop/Engine/venv/lib/python3.11/site-packages/airflow/example_dags/example_trigger_target_dag.py
[2025-07-17T07:33:35.493+0530] {logging_mixin.py:190} INFO - [2025-07-17T07:33:35.493+0530] {dag.py:3239} INFO - Sync 1 DAGs
[2025-07-17T07:33:35.499+0530] {logging_mixin.py:190} INFO - [2025-07-17T07:33:35.499+0530] {dag.py:4180} INFO - Setting next_dagrun for example_trigger_target_dag to None, run_after=None
[2025-07-17T07:33:35.510+0530] {processor.py:208} INFO - Processing /Users/parth/Desktop/Engine/venv/lib/python3.11/site-packages/airflow/example_dags/example_trigger_target_dag.py took 0.104 seconds
[2025-07-17T07:35:25.600+0530] {processor.py:186} INFO - Started process (PID=28663) to work on /Users/parth/Desktop/Engine/venv/lib/python3.11/site-packages/airflow/example_dags/example_trigger_target_dag.py
[2025-07-17T07:35:25.601+0530] {processor.py:914} INFO - Processing file /Users/parth/Desktop/Engine/venv/lib/python3.11/site-packages/airflow/example_dags/example_trigger_target_dag.py for tasks to queue
[2025-07-17T07:35:25.602+0530] {logging_mixin.py:190} INFO - [2025-07-17T07:35:25.602+0530] {dagbag.py:588} INFO - Filling up the DagBag from /Users/parth/Desktop/Engine/venv/lib/python3.11/site-packages/airflow/example_dags/example_trigger_target_dag.py
[2025-07-17T07:35:25.627+0530] {processor.py:925} INFO - DAG(s) 'example_trigger_target_dag' retrieved from /Users/parth/Desktop/Engine/venv/lib/python3.11/site-packages/airflow/example_dags/example_trigger_target_dag.py
[2025-07-17T07:35:25.686+0530] {logging_mixin.py:190} INFO - [2025-07-17T07:35:25.686+0530] {dag.py:3239} INFO - Sync 1 DAGs
[2025-07-17T07:35:25.692+0530] {logging_mixin.py:190} INFO - [2025-07-17T07:35:25.692+0530] {dag.py:4180} INFO - Setting next_dagrun for example_trigger_target_dag to None, run_after=None
[2025-07-17T07:35:25.703+0530] {processor.py:208} INFO - Processing /Users/parth/Desktop/Engine/venv/lib/python3.11/site-packages/airflow/example_dags/example_trigger_target_dag.py took 0.105 seconds
[2025-07-17T07:37:24.385+0530] {processor.py:186} INFO - Started process (PID=29435) to work on /Users/parth/Desktop/Engine/venv/lib/python3.11/site-packages/airflow/example_dags/example_trigger_target_dag.py
[2025-07-17T07:37:24.386+0530] {processor.py:914} INFO - Processing file /Users/parth/Desktop/Engine/venv/lib/python3.11/site-packages/airflow/example_dags/example_trigger_target_dag.py for tasks to queue
[2025-07-17T07:37:24.387+0530] {logging_mixin.py:190} INFO - [2025-07-17T07:37:24.387+0530] {dagbag.py:588} INFO - Filling up the DagBag from /Users/parth/Desktop/Engine/venv/lib/python3.11/site-packages/airflow/example_dags/example_trigger_target_dag.py
[2025-07-17T07:37:24.411+0530] {processor.py:925} INFO - DAG(s) 'example_trigger_target_dag' retrieved from /Users/parth/Desktop/Engine/venv/lib/python3.11/site-packages/airflow/example_dags/example_trigger_target_dag.py
[2025-07-17T07:37:24.469+0530] {logging_mixin.py:190} INFO - [2025-07-17T07:37:24.469+0530] {dag.py:3239} INFO - Sync 1 DAGs
[2025-07-17T07:37:24.476+0530] {logging_mixin.py:190} INFO - [2025-07-17T07:37:24.476+0530] {dag.py:4180} INFO - Setting next_dagrun for example_trigger_target_dag to None, run_after=None
[2025-07-17T07:37:24.486+0530] {processor.py:208} INFO - Processing /Users/parth/Desktop/Engine/venv/lib/python3.11/site-packages/airflow/example_dags/example_trigger_target_dag.py took 0.104 seconds
[2025-07-17T07:39:14.792+0530] {processor.py:186} INFO - Started process (PID=30163) to work on /Users/parth/Desktop/Engine/venv/lib/python3.11/site-packages/airflow/example_dags/example_trigger_target_dag.py
[2025-07-17T07:39:14.793+0530] {processor.py:914} INFO - Processing file /Users/parth/Desktop/Engine/venv/lib/python3.11/site-packages/airflow/example_dags/example_trigger_target_dag.py for tasks to queue
[2025-07-17T07:39:14.794+0530] {logging_mixin.py:190} INFO - [2025-07-17T07:39:14.794+0530] {dagbag.py:588} INFO - Filling up the DagBag from /Users/parth/Desktop/Engine/venv/lib/python3.11/site-packages/airflow/example_dags/example_trigger_target_dag.py
[2025-07-17T07:39:14.818+0530] {processor.py:925} INFO - DAG(s) 'example_trigger_target_dag' retrieved from /Users/parth/Desktop/Engine/venv/lib/python3.11/site-packages/airflow/example_dags/example_trigger_target_dag.py
[2025-07-17T07:39:14.877+0530] {logging_mixin.py:190} INFO - [2025-07-17T07:39:14.876+0530] {dag.py:3239} INFO - Sync 1 DAGs
[2025-07-17T07:39:14.883+0530] {logging_mixin.py:190} INFO - [2025-07-17T07:39:14.883+0530] {dag.py:4180} INFO - Setting next_dagrun for example_trigger_target_dag to None, run_after=None
[2025-07-17T07:39:14.894+0530] {processor.py:208} INFO - Processing /Users/parth/Desktop/Engine/venv/lib/python3.11/site-packages/airflow/example_dags/example_trigger_target_dag.py took 0.103 seconds
[2025-07-17T07:41:08.525+0530] {processor.py:186} INFO - Started process (PID=30896) to work on /Users/parth/Desktop/Engine/venv/lib/python3.11/site-packages/airflow/example_dags/example_trigger_target_dag.py
[2025-07-17T07:41:08.526+0530] {processor.py:914} INFO - Processing file /Users/parth/Desktop/Engine/venv/lib/python3.11/site-packages/airflow/example_dags/example_trigger_target_dag.py for tasks to queue
[2025-07-17T07:41:08.527+0530] {logging_mixin.py:190} INFO - [2025-07-17T07:41:08.526+0530] {dagbag.py:588} INFO - Filling up the DagBag from /Users/parth/Desktop/Engine/venv/lib/python3.11/site-packages/airflow/example_dags/example_trigger_target_dag.py
[2025-07-17T07:41:08.551+0530] {processor.py:925} INFO - DAG(s) 'example_trigger_target_dag' retrieved from /Users/parth/Desktop/Engine/venv/lib/python3.11/site-packages/airflow/example_dags/example_trigger_target_dag.py
[2025-07-17T07:41:08.611+0530] {logging_mixin.py:190} INFO - [2025-07-17T07:41:08.611+0530] {dag.py:3239} INFO - Sync 1 DAGs
[2025-07-17T07:41:08.618+0530] {logging_mixin.py:190} INFO - [2025-07-17T07:41:08.617+0530] {dag.py:4180} INFO - Setting next_dagrun for example_trigger_target_dag to None, run_after=None
[2025-07-17T07:41:08.629+0530] {processor.py:208} INFO - Processing /Users/parth/Desktop/Engine/venv/lib/python3.11/site-packages/airflow/example_dags/example_trigger_target_dag.py took 0.106 seconds
[2025-07-17T07:43:14.612+0530] {processor.py:186} INFO - Started process (PID=31726) to work on /Users/parth/Desktop/Engine/venv/lib/python3.11/site-packages/airflow/example_dags/example_trigger_target_dag.py
[2025-07-17T07:43:14.613+0530] {processor.py:914} INFO - Processing file /Users/parth/Desktop/Engine/venv/lib/python3.11/site-packages/airflow/example_dags/example_trigger_target_dag.py for tasks to queue
[2025-07-17T07:43:14.614+0530] {logging_mixin.py:190} INFO - [2025-07-17T07:43:14.614+0530] {dagbag.py:588} INFO - Filling up the DagBag from /Users/parth/Desktop/Engine/venv/lib/python3.11/site-packages/airflow/example_dags/example_trigger_target_dag.py
[2025-07-17T07:43:14.638+0530] {processor.py:925} INFO - DAG(s) 'example_trigger_target_dag' retrieved from /Users/parth/Desktop/Engine/venv/lib/python3.11/site-packages/airflow/example_dags/example_trigger_target_dag.py
[2025-07-17T07:43:14.696+0530] {logging_mixin.py:190} INFO - [2025-07-17T07:43:14.696+0530] {dag.py:3239} INFO - Sync 1 DAGs
[2025-07-17T07:43:14.703+0530] {logging_mixin.py:190} INFO - [2025-07-17T07:43:14.703+0530] {dag.py:4180} INFO - Setting next_dagrun for example_trigger_target_dag to None, run_after=None
[2025-07-17T07:43:14.714+0530] {processor.py:208} INFO - Processing /Users/parth/Desktop/Engine/venv/lib/python3.11/site-packages/airflow/example_dags/example_trigger_target_dag.py took 0.104 seconds
[2025-07-17T07:46:10.869+0530] {processor.py:186} INFO - Started process (PID=32961) to work on /Users/parth/Desktop/Engine/venv/lib/python3.11/site-packages/airflow/example_dags/example_trigger_target_dag.py
[2025-07-17T07:46:10.870+0530] {processor.py:914} INFO - Processing file /Users/parth/Desktop/Engine/venv/lib/python3.11/site-packages/airflow/example_dags/example_trigger_target_dag.py for tasks to queue
[2025-07-17T07:46:10.870+0530] {logging_mixin.py:190} INFO - [2025-07-17T07:46:10.870+0530] {dagbag.py:588} INFO - Filling up the DagBag from /Users/parth/Desktop/Engine/venv/lib/python3.11/site-packages/airflow/example_dags/example_trigger_target_dag.py
[2025-07-17T07:46:10.895+0530] {processor.py:925} INFO - DAG(s) 'example_trigger_target_dag' retrieved from /Users/parth/Desktop/Engine/venv/lib/python3.11/site-packages/airflow/example_dags/example_trigger_target_dag.py
[2025-07-17T07:46:10.954+0530] {logging_mixin.py:190} INFO - [2025-07-17T07:46:10.954+0530] {dag.py:3239} INFO - Sync 1 DAGs
[2025-07-17T07:46:10.961+0530] {logging_mixin.py:190} INFO - [2025-07-17T07:46:10.961+0530] {dag.py:4180} INFO - Setting next_dagrun for example_trigger_target_dag to None, run_after=None
[2025-07-17T07:46:10.972+0530] {processor.py:208} INFO - Processing /Users/parth/Desktop/Engine/venv/lib/python3.11/site-packages/airflow/example_dags/example_trigger_target_dag.py took 0.106 seconds
[2025-07-17T07:48:32.936+0530] {processor.py:186} INFO - Started process (PID=34003) to work on /Users/parth/Desktop/Engine/venv/lib/python3.11/site-packages/airflow/example_dags/example_trigger_target_dag.py
[2025-07-17T07:48:32.937+0530] {processor.py:914} INFO - Processing file /Users/parth/Desktop/Engine/venv/lib/python3.11/site-packages/airflow/example_dags/example_trigger_target_dag.py for tasks to queue
[2025-07-17T07:48:32.938+0530] {logging_mixin.py:190} INFO - [2025-07-17T07:48:32.938+0530] {dagbag.py:588} INFO - Filling up the DagBag from /Users/parth/Desktop/Engine/venv/lib/python3.11/site-packages/airflow/example_dags/example_trigger_target_dag.py
[2025-07-17T07:48:32.962+0530] {processor.py:925} INFO - DAG(s) 'example_trigger_target_dag' retrieved from /Users/parth/Desktop/Engine/venv/lib/python3.11/site-packages/airflow/example_dags/example_trigger_target_dag.py
[2025-07-17T07:48:33.021+0530] {logging_mixin.py:190} INFO - [2025-07-17T07:48:33.021+0530] {dag.py:3239} INFO - Sync 1 DAGs
[2025-07-17T07:48:33.029+0530] {logging_mixin.py:190} INFO - [2025-07-17T07:48:33.028+0530] {dag.py:4180} INFO - Setting next_dagrun for example_trigger_target_dag to None, run_after=None
[2025-07-17T07:48:33.040+0530] {processor.py:208} INFO - Processing /Users/parth/Desktop/Engine/venv/lib/python3.11/site-packages/airflow/example_dags/example_trigger_target_dag.py took 0.107 seconds
[2025-07-17T07:50:37.405+0530] {processor.py:186} INFO - Started process (PID=34816) to work on /Users/parth/Desktop/Engine/venv/lib/python3.11/site-packages/airflow/example_dags/example_trigger_target_dag.py
[2025-07-17T07:50:37.406+0530] {processor.py:914} INFO - Processing file /Users/parth/Desktop/Engine/venv/lib/python3.11/site-packages/airflow/example_dags/example_trigger_target_dag.py for tasks to queue
[2025-07-17T07:50:37.407+0530] {logging_mixin.py:190} INFO - [2025-07-17T07:50:37.407+0530] {dagbag.py:588} INFO - Filling up the DagBag from /Users/parth/Desktop/Engine/venv/lib/python3.11/site-packages/airflow/example_dags/example_trigger_target_dag.py
[2025-07-17T07:50:37.431+0530] {processor.py:925} INFO - DAG(s) 'example_trigger_target_dag' retrieved from /Users/parth/Desktop/Engine/venv/lib/python3.11/site-packages/airflow/example_dags/example_trigger_target_dag.py
[2025-07-17T07:50:37.489+0530] {logging_mixin.py:190} INFO - [2025-07-17T07:50:37.489+0530] {dag.py:3239} INFO - Sync 1 DAGs
[2025-07-17T07:50:37.495+0530] {logging_mixin.py:190} INFO - [2025-07-17T07:50:37.495+0530] {dag.py:4180} INFO - Setting next_dagrun for example_trigger_target_dag to None, run_after=None
[2025-07-17T07:50:37.506+0530] {processor.py:208} INFO - Processing /Users/parth/Desktop/Engine/venv/lib/python3.11/site-packages/airflow/example_dags/example_trigger_target_dag.py took 0.103 seconds
[2025-07-17T07:53:33.645+0530] {processor.py:186} INFO - Started process (PID=36011) to work on /Users/parth/Desktop/Engine/venv/lib/python3.11/site-packages/airflow/example_dags/example_trigger_target_dag.py
[2025-07-17T07:53:33.646+0530] {processor.py:914} INFO - Processing file /Users/parth/Desktop/Engine/venv/lib/python3.11/site-packages/airflow/example_dags/example_trigger_target_dag.py for tasks to queue
[2025-07-17T07:53:33.648+0530] {logging_mixin.py:190} INFO - [2025-07-17T07:53:33.647+0530] {dagbag.py:588} INFO - Filling up the DagBag from /Users/parth/Desktop/Engine/venv/lib/python3.11/site-packages/airflow/example_dags/example_trigger_target_dag.py
[2025-07-17T07:53:33.701+0530] {processor.py:925} INFO - DAG(s) 'example_trigger_target_dag' retrieved from /Users/parth/Desktop/Engine/venv/lib/python3.11/site-packages/airflow/example_dags/example_trigger_target_dag.py
[2025-07-17T07:53:33.842+0530] {logging_mixin.py:190} INFO - [2025-07-17T07:53:33.842+0530] {dag.py:3239} INFO - Sync 1 DAGs
[2025-07-17T07:53:33.858+0530] {logging_mixin.py:190} INFO - [2025-07-17T07:53:33.858+0530] {dag.py:4180} INFO - Setting next_dagrun for example_trigger_target_dag to None, run_after=None
[2025-07-17T07:53:33.883+0530] {processor.py:208} INFO - Processing /Users/parth/Desktop/Engine/venv/lib/python3.11/site-packages/airflow/example_dags/example_trigger_target_dag.py took 0.243 seconds
[2025-07-17T07:56:05.933+0530] {processor.py:186} INFO - Started process (PID=37167) to work on /Users/parth/Desktop/Engine/venv/lib/python3.11/site-packages/airflow/example_dags/example_trigger_target_dag.py
[2025-07-17T07:56:05.934+0530] {processor.py:914} INFO - Processing file /Users/parth/Desktop/Engine/venv/lib/python3.11/site-packages/airflow/example_dags/example_trigger_target_dag.py for tasks to queue
[2025-07-17T07:56:05.934+0530] {logging_mixin.py:190} INFO - [2025-07-17T07:56:05.934+0530] {dagbag.py:588} INFO - Filling up the DagBag from /Users/parth/Desktop/Engine/venv/lib/python3.11/site-packages/airflow/example_dags/example_trigger_target_dag.py
[2025-07-17T07:56:05.959+0530] {processor.py:925} INFO - DAG(s) 'example_trigger_target_dag' retrieved from /Users/parth/Desktop/Engine/venv/lib/python3.11/site-packages/airflow/example_dags/example_trigger_target_dag.py
[2025-07-17T07:56:06.017+0530] {logging_mixin.py:190} INFO - [2025-07-17T07:56:06.017+0530] {dag.py:3239} INFO - Sync 1 DAGs
[2025-07-17T07:56:06.024+0530] {logging_mixin.py:190} INFO - [2025-07-17T07:56:06.024+0530] {dag.py:4180} INFO - Setting next_dagrun for example_trigger_target_dag to None, run_after=None
[2025-07-17T07:56:06.035+0530] {processor.py:208} INFO - Processing /Users/parth/Desktop/Engine/venv/lib/python3.11/site-packages/airflow/example_dags/example_trigger_target_dag.py took 0.104 seconds
[2025-07-17T07:58:01.535+0530] {processor.py:186} INFO - Started process (PID=37934) to work on /Users/parth/Desktop/Engine/venv/lib/python3.11/site-packages/airflow/example_dags/example_trigger_target_dag.py
[2025-07-17T07:58:01.536+0530] {processor.py:914} INFO - Processing file /Users/parth/Desktop/Engine/venv/lib/python3.11/site-packages/airflow/example_dags/example_trigger_target_dag.py for tasks to queue
[2025-07-17T07:58:01.537+0530] {logging_mixin.py:190} INFO - [2025-07-17T07:58:01.537+0530] {dagbag.py:588} INFO - Filling up the DagBag from /Users/parth/Desktop/Engine/venv/lib/python3.11/site-packages/airflow/example_dags/example_trigger_target_dag.py
[2025-07-17T07:58:01.561+0530] {processor.py:925} INFO - DAG(s) 'example_trigger_target_dag' retrieved from /Users/parth/Desktop/Engine/venv/lib/python3.11/site-packages/airflow/example_dags/example_trigger_target_dag.py
[2025-07-17T07:58:01.621+0530] {logging_mixin.py:190} INFO - [2025-07-17T07:58:01.621+0530] {dag.py:3239} INFO - Sync 1 DAGs
[2025-07-17T07:58:01.627+0530] {logging_mixin.py:190} INFO - [2025-07-17T07:58:01.627+0530] {dag.py:4180} INFO - Setting next_dagrun for example_trigger_target_dag to None, run_after=None
[2025-07-17T07:58:01.638+0530] {processor.py:208} INFO - Processing /Users/parth/Desktop/Engine/venv/lib/python3.11/site-packages/airflow/example_dags/example_trigger_target_dag.py took 0.105 seconds
[2025-07-17T08:00:04.173+0530] {processor.py:186} INFO - Started process (PID=38719) to work on /Users/parth/Desktop/Engine/venv/lib/python3.11/site-packages/airflow/example_dags/example_trigger_target_dag.py
[2025-07-17T08:00:04.175+0530] {processor.py:914} INFO - Processing file /Users/parth/Desktop/Engine/venv/lib/python3.11/site-packages/airflow/example_dags/example_trigger_target_dag.py for tasks to queue
[2025-07-17T08:00:04.175+0530] {logging_mixin.py:190} INFO - [2025-07-17T08:00:04.175+0530] {dagbag.py:588} INFO - Filling up the DagBag from /Users/parth/Desktop/Engine/venv/lib/python3.11/site-packages/airflow/example_dags/example_trigger_target_dag.py
[2025-07-17T08:00:04.200+0530] {processor.py:925} INFO - DAG(s) 'example_trigger_target_dag' retrieved from /Users/parth/Desktop/Engine/venv/lib/python3.11/site-packages/airflow/example_dags/example_trigger_target_dag.py
[2025-07-17T08:00:04.260+0530] {logging_mixin.py:190} INFO - [2025-07-17T08:00:04.260+0530] {dag.py:3239} INFO - Sync 1 DAGs
[2025-07-17T08:00:04.267+0530] {logging_mixin.py:190} INFO - [2025-07-17T08:00:04.267+0530] {dag.py:4180} INFO - Setting next_dagrun for example_trigger_target_dag to None, run_after=None
[2025-07-17T08:00:04.278+0530] {processor.py:208} INFO - Processing /Users/parth/Desktop/Engine/venv/lib/python3.11/site-packages/airflow/example_dags/example_trigger_target_dag.py took 0.107 seconds
[2025-07-17T08:02:20.393+0530] {processor.py:186} INFO - Started process (PID=39597) to work on /Users/parth/Desktop/Engine/venv/lib/python3.11/site-packages/airflow/example_dags/example_trigger_target_dag.py
[2025-07-17T08:02:20.394+0530] {processor.py:914} INFO - Processing file /Users/parth/Desktop/Engine/venv/lib/python3.11/site-packages/airflow/example_dags/example_trigger_target_dag.py for tasks to queue
[2025-07-17T08:02:20.395+0530] {logging_mixin.py:190} INFO - [2025-07-17T08:02:20.395+0530] {dagbag.py:588} INFO - Filling up the DagBag from /Users/parth/Desktop/Engine/venv/lib/python3.11/site-packages/airflow/example_dags/example_trigger_target_dag.py
[2025-07-17T08:02:20.419+0530] {processor.py:925} INFO - DAG(s) 'example_trigger_target_dag' retrieved from /Users/parth/Desktop/Engine/venv/lib/python3.11/site-packages/airflow/example_dags/example_trigger_target_dag.py
[2025-07-17T08:02:20.477+0530] {logging_mixin.py:190} INFO - [2025-07-17T08:02:20.477+0530] {dag.py:3239} INFO - Sync 1 DAGs
[2025-07-17T08:02:20.483+0530] {logging_mixin.py:190} INFO - [2025-07-17T08:02:20.483+0530] {dag.py:4180} INFO - Setting next_dagrun for example_trigger_target_dag to None, run_after=None
[2025-07-17T08:02:20.494+0530] {processor.py:208} INFO - Processing /Users/parth/Desktop/Engine/venv/lib/python3.11/site-packages/airflow/example_dags/example_trigger_target_dag.py took 0.103 seconds
[2025-07-17T08:04:23.795+0530] {processor.py:186} INFO - Started process (PID=40421) to work on /Users/parth/Desktop/Engine/venv/lib/python3.11/site-packages/airflow/example_dags/example_trigger_target_dag.py
[2025-07-17T08:04:23.796+0530] {processor.py:914} INFO - Processing file /Users/parth/Desktop/Engine/venv/lib/python3.11/site-packages/airflow/example_dags/example_trigger_target_dag.py for tasks to queue
[2025-07-17T08:04:23.796+0530] {logging_mixin.py:190} INFO - [2025-07-17T08:04:23.796+0530] {dagbag.py:588} INFO - Filling up the DagBag from /Users/parth/Desktop/Engine/venv/lib/python3.11/site-packages/airflow/example_dags/example_trigger_target_dag.py
[2025-07-17T08:04:23.821+0530] {processor.py:925} INFO - DAG(s) 'example_trigger_target_dag' retrieved from /Users/parth/Desktop/Engine/venv/lib/python3.11/site-packages/airflow/example_dags/example_trigger_target_dag.py
[2025-07-17T08:04:23.880+0530] {logging_mixin.py:190} INFO - [2025-07-17T08:04:23.880+0530] {dag.py:3239} INFO - Sync 1 DAGs
[2025-07-17T08:04:23.886+0530] {logging_mixin.py:190} INFO - [2025-07-17T08:04:23.886+0530] {dag.py:4180} INFO - Setting next_dagrun for example_trigger_target_dag to None, run_after=None
[2025-07-17T08:04:23.897+0530] {processor.py:208} INFO - Processing /Users/parth/Desktop/Engine/venv/lib/python3.11/site-packages/airflow/example_dags/example_trigger_target_dag.py took 0.104 seconds
[2025-07-17T08:06:35.416+0530] {processor.py:186} INFO - Started process (PID=41363) to work on /Users/parth/Desktop/Engine/venv/lib/python3.11/site-packages/airflow/example_dags/example_trigger_target_dag.py
[2025-07-17T08:06:35.417+0530] {processor.py:914} INFO - Processing file /Users/parth/Desktop/Engine/venv/lib/python3.11/site-packages/airflow/example_dags/example_trigger_target_dag.py for tasks to queue
[2025-07-17T08:06:35.418+0530] {logging_mixin.py:190} INFO - [2025-07-17T08:06:35.418+0530] {dagbag.py:588} INFO - Filling up the DagBag from /Users/parth/Desktop/Engine/venv/lib/python3.11/site-packages/airflow/example_dags/example_trigger_target_dag.py
[2025-07-17T08:06:35.459+0530] {processor.py:925} INFO - DAG(s) 'example_trigger_target_dag' retrieved from /Users/parth/Desktop/Engine/venv/lib/python3.11/site-packages/airflow/example_dags/example_trigger_target_dag.py
[2025-07-17T08:06:35.568+0530] {logging_mixin.py:190} INFO - [2025-07-17T08:06:35.568+0530] {dag.py:3239} INFO - Sync 1 DAGs
[2025-07-17T08:06:35.578+0530] {logging_mixin.py:190} INFO - [2025-07-17T08:06:35.578+0530] {dag.py:4180} INFO - Setting next_dagrun for example_trigger_target_dag to None, run_after=None
[2025-07-17T08:06:35.595+0530] {processor.py:208} INFO - Processing /Users/parth/Desktop/Engine/venv/lib/python3.11/site-packages/airflow/example_dags/example_trigger_target_dag.py took 0.184 seconds
[2025-07-17T08:08:32.068+0530] {processor.py:186} INFO - Started process (PID=42119) to work on /Users/parth/Desktop/Engine/venv/lib/python3.11/site-packages/airflow/example_dags/example_trigger_target_dag.py
[2025-07-17T08:08:32.069+0530] {processor.py:914} INFO - Processing file /Users/parth/Desktop/Engine/venv/lib/python3.11/site-packages/airflow/example_dags/example_trigger_target_dag.py for tasks to queue
[2025-07-17T08:08:32.069+0530] {logging_mixin.py:190} INFO - [2025-07-17T08:08:32.069+0530] {dagbag.py:588} INFO - Filling up the DagBag from /Users/parth/Desktop/Engine/venv/lib/python3.11/site-packages/airflow/example_dags/example_trigger_target_dag.py
[2025-07-17T08:08:32.093+0530] {processor.py:925} INFO - DAG(s) 'example_trigger_target_dag' retrieved from /Users/parth/Desktop/Engine/venv/lib/python3.11/site-packages/airflow/example_dags/example_trigger_target_dag.py
[2025-07-17T08:08:32.152+0530] {logging_mixin.py:190} INFO - [2025-07-17T08:08:32.152+0530] {dag.py:3239} INFO - Sync 1 DAGs
[2025-07-17T08:08:32.158+0530] {logging_mixin.py:190} INFO - [2025-07-17T08:08:32.158+0530] {dag.py:4180} INFO - Setting next_dagrun for example_trigger_target_dag to None, run_after=None
[2025-07-17T08:08:32.170+0530] {processor.py:208} INFO - Processing /Users/parth/Desktop/Engine/venv/lib/python3.11/site-packages/airflow/example_dags/example_trigger_target_dag.py took 0.104 seconds
[2025-07-17T08:10:42.205+0530] {processor.py:186} INFO - Started process (PID=43034) to work on /Users/parth/Desktop/Engine/venv/lib/python3.11/site-packages/airflow/example_dags/example_trigger_target_dag.py
[2025-07-17T08:10:42.206+0530] {processor.py:914} INFO - Processing file /Users/parth/Desktop/Engine/venv/lib/python3.11/site-packages/airflow/example_dags/example_trigger_target_dag.py for tasks to queue
[2025-07-17T08:10:42.206+0530] {logging_mixin.py:190} INFO - [2025-07-17T08:10:42.206+0530] {dagbag.py:588} INFO - Filling up the DagBag from /Users/parth/Desktop/Engine/venv/lib/python3.11/site-packages/airflow/example_dags/example_trigger_target_dag.py
[2025-07-17T08:10:42.231+0530] {processor.py:925} INFO - DAG(s) 'example_trigger_target_dag' retrieved from /Users/parth/Desktop/Engine/venv/lib/python3.11/site-packages/airflow/example_dags/example_trigger_target_dag.py
[2025-07-17T08:10:42.290+0530] {logging_mixin.py:190} INFO - [2025-07-17T08:10:42.290+0530] {dag.py:3239} INFO - Sync 1 DAGs
[2025-07-17T08:10:42.297+0530] {logging_mixin.py:190} INFO - [2025-07-17T08:10:42.296+0530] {dag.py:4180} INFO - Setting next_dagrun for example_trigger_target_dag to None, run_after=None
[2025-07-17T08:10:42.307+0530] {processor.py:208} INFO - Processing /Users/parth/Desktop/Engine/venv/lib/python3.11/site-packages/airflow/example_dags/example_trigger_target_dag.py took 0.105 seconds
[2025-07-17T08:16:54.111+0530] {processor.py:186} INFO - Started process (PID=43783) to work on /Users/parth/Desktop/Engine/venv/lib/python3.11/site-packages/airflow/example_dags/example_trigger_target_dag.py
[2025-07-17T08:16:54.112+0530] {processor.py:914} INFO - Processing file /Users/parth/Desktop/Engine/venv/lib/python3.11/site-packages/airflow/example_dags/example_trigger_target_dag.py for tasks to queue
[2025-07-17T08:16:54.112+0530] {logging_mixin.py:190} INFO - [2025-07-17T08:16:54.112+0530] {dagbag.py:588} INFO - Filling up the DagBag from /Users/parth/Desktop/Engine/venv/lib/python3.11/site-packages/airflow/example_dags/example_trigger_target_dag.py
[2025-07-17T08:16:54.137+0530] {processor.py:925} INFO - DAG(s) 'example_trigger_target_dag' retrieved from /Users/parth/Desktop/Engine/venv/lib/python3.11/site-packages/airflow/example_dags/example_trigger_target_dag.py
[2025-07-17T08:16:54.195+0530] {logging_mixin.py:190} INFO - [2025-07-17T08:16:54.195+0530] {dag.py:3239} INFO - Sync 1 DAGs
[2025-07-17T08:16:54.201+0530] {logging_mixin.py:190} INFO - [2025-07-17T08:16:54.201+0530] {dag.py:4180} INFO - Setting next_dagrun for example_trigger_target_dag to None, run_after=None
[2025-07-17T08:16:54.212+0530] {processor.py:208} INFO - Processing /Users/parth/Desktop/Engine/venv/lib/python3.11/site-packages/airflow/example_dags/example_trigger_target_dag.py took 0.103 seconds
[2025-07-17T08:18:40.619+0530] {processor.py:186} INFO - Started process (PID=44470) to work on /Users/parth/Desktop/Engine/venv/lib/python3.11/site-packages/airflow/example_dags/example_trigger_target_dag.py
[2025-07-17T08:18:40.620+0530] {processor.py:914} INFO - Processing file /Users/parth/Desktop/Engine/venv/lib/python3.11/site-packages/airflow/example_dags/example_trigger_target_dag.py for tasks to queue
[2025-07-17T08:18:40.620+0530] {logging_mixin.py:190} INFO - [2025-07-17T08:18:40.620+0530] {dagbag.py:588} INFO - Filling up the DagBag from /Users/parth/Desktop/Engine/venv/lib/python3.11/site-packages/airflow/example_dags/example_trigger_target_dag.py
[2025-07-17T08:18:40.648+0530] {processor.py:925} INFO - DAG(s) 'example_trigger_target_dag' retrieved from /Users/parth/Desktop/Engine/venv/lib/python3.11/site-packages/airflow/example_dags/example_trigger_target_dag.py
[2025-07-17T08:18:40.712+0530] {logging_mixin.py:190} INFO - [2025-07-17T08:18:40.712+0530] {dag.py:3239} INFO - Sync 1 DAGs
[2025-07-17T08:18:40.719+0530] {logging_mixin.py:190} INFO - [2025-07-17T08:18:40.719+0530] {dag.py:4180} INFO - Setting next_dagrun for example_trigger_target_dag to None, run_after=None
[2025-07-17T08:18:40.729+0530] {processor.py:208} INFO - Processing /Users/parth/Desktop/Engine/venv/lib/python3.11/site-packages/airflow/example_dags/example_trigger_target_dag.py took 0.113 seconds
[2025-07-17T08:20:45.787+0530] {processor.py:186} INFO - Started process (PID=45186) to work on /Users/parth/Desktop/Engine/venv/lib/python3.11/site-packages/airflow/example_dags/example_trigger_target_dag.py
[2025-07-17T08:20:45.788+0530] {processor.py:914} INFO - Processing file /Users/parth/Desktop/Engine/venv/lib/python3.11/site-packages/airflow/example_dags/example_trigger_target_dag.py for tasks to queue
[2025-07-17T08:20:45.788+0530] {logging_mixin.py:190} INFO - [2025-07-17T08:20:45.788+0530] {dagbag.py:588} INFO - Filling up the DagBag from /Users/parth/Desktop/Engine/venv/lib/python3.11/site-packages/airflow/example_dags/example_trigger_target_dag.py
[2025-07-17T08:20:45.813+0530] {processor.py:925} INFO - DAG(s) 'example_trigger_target_dag' retrieved from /Users/parth/Desktop/Engine/venv/lib/python3.11/site-packages/airflow/example_dags/example_trigger_target_dag.py
[2025-07-17T08:20:45.871+0530] {logging_mixin.py:190} INFO - [2025-07-17T08:20:45.871+0530] {dag.py:3239} INFO - Sync 1 DAGs
[2025-07-17T08:20:45.877+0530] {logging_mixin.py:190} INFO - [2025-07-17T08:20:45.877+0530] {dag.py:4180} INFO - Setting next_dagrun for example_trigger_target_dag to None, run_after=None
[2025-07-17T08:20:45.888+0530] {processor.py:208} INFO - Processing /Users/parth/Desktop/Engine/venv/lib/python3.11/site-packages/airflow/example_dags/example_trigger_target_dag.py took 0.103 seconds
[2025-07-17T08:22:32.638+0530] {processor.py:186} INFO - Started process (PID=45875) to work on /Users/parth/Desktop/Engine/venv/lib/python3.11/site-packages/airflow/example_dags/example_trigger_target_dag.py
[2025-07-17T08:22:32.639+0530] {processor.py:914} INFO - Processing file /Users/parth/Desktop/Engine/venv/lib/python3.11/site-packages/airflow/example_dags/example_trigger_target_dag.py for tasks to queue
[2025-07-17T08:22:32.640+0530] {logging_mixin.py:190} INFO - [2025-07-17T08:22:32.640+0530] {dagbag.py:588} INFO - Filling up the DagBag from /Users/parth/Desktop/Engine/venv/lib/python3.11/site-packages/airflow/example_dags/example_trigger_target_dag.py
[2025-07-17T08:22:32.664+0530] {processor.py:925} INFO - DAG(s) 'example_trigger_target_dag' retrieved from /Users/parth/Desktop/Engine/venv/lib/python3.11/site-packages/airflow/example_dags/example_trigger_target_dag.py
[2025-07-17T08:22:32.723+0530] {logging_mixin.py:190} INFO - [2025-07-17T08:22:32.723+0530] {dag.py:3239} INFO - Sync 1 DAGs
[2025-07-17T08:22:32.729+0530] {logging_mixin.py:190} INFO - [2025-07-17T08:22:32.729+0530] {dag.py:4180} INFO - Setting next_dagrun for example_trigger_target_dag to None, run_after=None
[2025-07-17T08:22:32.740+0530] {processor.py:208} INFO - Processing /Users/parth/Desktop/Engine/venv/lib/python3.11/site-packages/airflow/example_dags/example_trigger_target_dag.py took 0.104 seconds
[2025-07-17T08:24:19.573+0530] {processor.py:186} INFO - Started process (PID=46578) to work on /Users/parth/Desktop/Engine/venv/lib/python3.11/site-packages/airflow/example_dags/example_trigger_target_dag.py
[2025-07-17T08:24:19.574+0530] {processor.py:914} INFO - Processing file /Users/parth/Desktop/Engine/venv/lib/python3.11/site-packages/airflow/example_dags/example_trigger_target_dag.py for tasks to queue
[2025-07-17T08:24:19.574+0530] {logging_mixin.py:190} INFO - [2025-07-17T08:24:19.574+0530] {dagbag.py:588} INFO - Filling up the DagBag from /Users/parth/Desktop/Engine/venv/lib/python3.11/site-packages/airflow/example_dags/example_trigger_target_dag.py
[2025-07-17T08:24:19.598+0530] {processor.py:925} INFO - DAG(s) 'example_trigger_target_dag' retrieved from /Users/parth/Desktop/Engine/venv/lib/python3.11/site-packages/airflow/example_dags/example_trigger_target_dag.py
[2025-07-17T08:24:19.657+0530] {logging_mixin.py:190} INFO - [2025-07-17T08:24:19.657+0530] {dag.py:3239} INFO - Sync 1 DAGs
[2025-07-17T08:24:19.664+0530] {logging_mixin.py:190} INFO - [2025-07-17T08:24:19.664+0530] {dag.py:4180} INFO - Setting next_dagrun for example_trigger_target_dag to None, run_after=None
[2025-07-17T08:24:19.675+0530] {processor.py:208} INFO - Processing /Users/parth/Desktop/Engine/venv/lib/python3.11/site-packages/airflow/example_dags/example_trigger_target_dag.py took 0.104 seconds
[2025-07-17T08:26:04.997+0530] {processor.py:186} INFO - Started process (PID=47320) to work on /Users/parth/Desktop/Engine/venv/lib/python3.11/site-packages/airflow/example_dags/example_trigger_target_dag.py
[2025-07-17T08:26:04.998+0530] {processor.py:914} INFO - Processing file /Users/parth/Desktop/Engine/venv/lib/python3.11/site-packages/airflow/example_dags/example_trigger_target_dag.py for tasks to queue
[2025-07-17T08:26:04.998+0530] {logging_mixin.py:190} INFO - [2025-07-17T08:26:04.998+0530] {dagbag.py:588} INFO - Filling up the DagBag from /Users/parth/Desktop/Engine/venv/lib/python3.11/site-packages/airflow/example_dags/example_trigger_target_dag.py
[2025-07-17T08:26:05.023+0530] {processor.py:925} INFO - DAG(s) 'example_trigger_target_dag' retrieved from /Users/parth/Desktop/Engine/venv/lib/python3.11/site-packages/airflow/example_dags/example_trigger_target_dag.py
[2025-07-17T08:26:05.082+0530] {logging_mixin.py:190} INFO - [2025-07-17T08:26:05.082+0530] {dag.py:3239} INFO - Sync 1 DAGs
[2025-07-17T08:26:05.089+0530] {logging_mixin.py:190} INFO - [2025-07-17T08:26:05.088+0530] {dag.py:4180} INFO - Setting next_dagrun for example_trigger_target_dag to None, run_after=None
[2025-07-17T08:26:05.099+0530] {processor.py:208} INFO - Processing /Users/parth/Desktop/Engine/venv/lib/python3.11/site-packages/airflow/example_dags/example_trigger_target_dag.py took 0.105 seconds
[2025-07-17T08:27:59.055+0530] {processor.py:186} INFO - Started process (PID=48082) to work on /Users/parth/Desktop/Engine/venv/lib/python3.11/site-packages/airflow/example_dags/example_trigger_target_dag.py
[2025-07-17T08:27:59.056+0530] {processor.py:914} INFO - Processing file /Users/parth/Desktop/Engine/venv/lib/python3.11/site-packages/airflow/example_dags/example_trigger_target_dag.py for tasks to queue
[2025-07-17T08:27:59.057+0530] {logging_mixin.py:190} INFO - [2025-07-17T08:27:59.057+0530] {dagbag.py:588} INFO - Filling up the DagBag from /Users/parth/Desktop/Engine/venv/lib/python3.11/site-packages/airflow/example_dags/example_trigger_target_dag.py
[2025-07-17T08:27:59.088+0530] {processor.py:925} INFO - DAG(s) 'example_trigger_target_dag' retrieved from /Users/parth/Desktop/Engine/venv/lib/python3.11/site-packages/airflow/example_dags/example_trigger_target_dag.py
[2025-07-17T08:27:59.153+0530] {logging_mixin.py:190} INFO - [2025-07-17T08:27:59.153+0530] {dag.py:3239} INFO - Sync 1 DAGs
[2025-07-17T08:27:59.160+0530] {logging_mixin.py:190} INFO - [2025-07-17T08:27:59.160+0530] {dag.py:4180} INFO - Setting next_dagrun for example_trigger_target_dag to None, run_after=None
[2025-07-17T08:27:59.172+0530] {processor.py:208} INFO - Processing /Users/parth/Desktop/Engine/venv/lib/python3.11/site-packages/airflow/example_dags/example_trigger_target_dag.py took 0.120 seconds
[2025-07-17T08:29:50.781+0530] {processor.py:186} INFO - Started process (PID=48911) to work on /Users/parth/Desktop/Engine/venv/lib/python3.11/site-packages/airflow/example_dags/example_trigger_target_dag.py
[2025-07-17T08:29:50.782+0530] {processor.py:914} INFO - Processing file /Users/parth/Desktop/Engine/venv/lib/python3.11/site-packages/airflow/example_dags/example_trigger_target_dag.py for tasks to queue
[2025-07-17T08:29:50.782+0530] {logging_mixin.py:190} INFO - [2025-07-17T08:29:50.782+0530] {dagbag.py:588} INFO - Filling up the DagBag from /Users/parth/Desktop/Engine/venv/lib/python3.11/site-packages/airflow/example_dags/example_trigger_target_dag.py
[2025-07-17T08:29:50.807+0530] {processor.py:925} INFO - DAG(s) 'example_trigger_target_dag' retrieved from /Users/parth/Desktop/Engine/venv/lib/python3.11/site-packages/airflow/example_dags/example_trigger_target_dag.py
[2025-07-17T08:29:50.866+0530] {logging_mixin.py:190} INFO - [2025-07-17T08:29:50.866+0530] {dag.py:3239} INFO - Sync 1 DAGs
[2025-07-17T08:29:50.872+0530] {logging_mixin.py:190} INFO - [2025-07-17T08:29:50.872+0530] {dag.py:4180} INFO - Setting next_dagrun for example_trigger_target_dag to None, run_after=None
[2025-07-17T08:29:50.883+0530] {processor.py:208} INFO - Processing /Users/parth/Desktop/Engine/venv/lib/python3.11/site-packages/airflow/example_dags/example_trigger_target_dag.py took 0.105 seconds
[2025-07-17T08:36:03.148+0530] {processor.py:186} INFO - Started process (PID=49670) to work on /Users/parth/Desktop/Engine/venv/lib/python3.11/site-packages/airflow/example_dags/example_trigger_target_dag.py
[2025-07-17T08:36:03.148+0530] {processor.py:914} INFO - Processing file /Users/parth/Desktop/Engine/venv/lib/python3.11/site-packages/airflow/example_dags/example_trigger_target_dag.py for tasks to queue
[2025-07-17T08:36:03.149+0530] {logging_mixin.py:190} INFO - [2025-07-17T08:36:03.149+0530] {dagbag.py:588} INFO - Filling up the DagBag from /Users/parth/Desktop/Engine/venv/lib/python3.11/site-packages/airflow/example_dags/example_trigger_target_dag.py
[2025-07-17T08:36:03.173+0530] {processor.py:925} INFO - DAG(s) 'example_trigger_target_dag' retrieved from /Users/parth/Desktop/Engine/venv/lib/python3.11/site-packages/airflow/example_dags/example_trigger_target_dag.py
[2025-07-17T08:36:03.232+0530] {logging_mixin.py:190} INFO - [2025-07-17T08:36:03.231+0530] {dag.py:3239} INFO - Sync 1 DAGs
[2025-07-17T08:36:03.238+0530] {logging_mixin.py:190} INFO - [2025-07-17T08:36:03.238+0530] {dag.py:4180} INFO - Setting next_dagrun for example_trigger_target_dag to None, run_after=None
[2025-07-17T08:36:03.248+0530] {processor.py:208} INFO - Processing /Users/parth/Desktop/Engine/venv/lib/python3.11/site-packages/airflow/example_dags/example_trigger_target_dag.py took 0.103 seconds
[2025-07-17T08:37:49.079+0530] {processor.py:186} INFO - Started process (PID=50358) to work on /Users/parth/Desktop/Engine/venv/lib/python3.11/site-packages/airflow/example_dags/example_trigger_target_dag.py
[2025-07-17T08:37:49.081+0530] {processor.py:914} INFO - Processing file /Users/parth/Desktop/Engine/venv/lib/python3.11/site-packages/airflow/example_dags/example_trigger_target_dag.py for tasks to queue
[2025-07-17T08:37:49.081+0530] {logging_mixin.py:190} INFO - [2025-07-17T08:37:49.081+0530] {dagbag.py:588} INFO - Filling up the DagBag from /Users/parth/Desktop/Engine/venv/lib/python3.11/site-packages/airflow/example_dags/example_trigger_target_dag.py
[2025-07-17T08:37:49.105+0530] {processor.py:925} INFO - DAG(s) 'example_trigger_target_dag' retrieved from /Users/parth/Desktop/Engine/venv/lib/python3.11/site-packages/airflow/example_dags/example_trigger_target_dag.py
[2025-07-17T08:37:49.164+0530] {logging_mixin.py:190} INFO - [2025-07-17T08:37:49.164+0530] {dag.py:3239} INFO - Sync 1 DAGs
[2025-07-17T08:37:49.170+0530] {logging_mixin.py:190} INFO - [2025-07-17T08:37:49.170+0530] {dag.py:4180} INFO - Setting next_dagrun for example_trigger_target_dag to None, run_after=None
[2025-07-17T08:37:49.181+0530] {processor.py:208} INFO - Processing /Users/parth/Desktop/Engine/venv/lib/python3.11/site-packages/airflow/example_dags/example_trigger_target_dag.py took 0.104 seconds
[2025-07-17T08:39:33.896+0530] {processor.py:186} INFO - Started process (PID=51036) to work on /Users/parth/Desktop/Engine/venv/lib/python3.11/site-packages/airflow/example_dags/example_trigger_target_dag.py
[2025-07-17T08:39:33.897+0530] {processor.py:914} INFO - Processing file /Users/parth/Desktop/Engine/venv/lib/python3.11/site-packages/airflow/example_dags/example_trigger_target_dag.py for tasks to queue
[2025-07-17T08:39:33.898+0530] {logging_mixin.py:190} INFO - [2025-07-17T08:39:33.898+0530] {dagbag.py:588} INFO - Filling up the DagBag from /Users/parth/Desktop/Engine/venv/lib/python3.11/site-packages/airflow/example_dags/example_trigger_target_dag.py
[2025-07-17T08:39:33.922+0530] {processor.py:925} INFO - DAG(s) 'example_trigger_target_dag' retrieved from /Users/parth/Desktop/Engine/venv/lib/python3.11/site-packages/airflow/example_dags/example_trigger_target_dag.py
[2025-07-17T08:39:33.981+0530] {logging_mixin.py:190} INFO - [2025-07-17T08:39:33.981+0530] {dag.py:3239} INFO - Sync 1 DAGs
[2025-07-17T08:39:33.988+0530] {logging_mixin.py:190} INFO - [2025-07-17T08:39:33.988+0530] {dag.py:4180} INFO - Setting next_dagrun for example_trigger_target_dag to None, run_after=None
[2025-07-17T08:39:33.998+0530] {processor.py:208} INFO - Processing /Users/parth/Desktop/Engine/venv/lib/python3.11/site-packages/airflow/example_dags/example_trigger_target_dag.py took 0.104 seconds
[2025-07-17T08:42:31.363+0530] {processor.py:186} INFO - Started process (PID=51752) to work on /Users/parth/Desktop/Engine/venv/lib/python3.11/site-packages/airflow/example_dags/example_trigger_target_dag.py
[2025-07-17T08:42:31.364+0530] {processor.py:914} INFO - Processing file /Users/parth/Desktop/Engine/venv/lib/python3.11/site-packages/airflow/example_dags/example_trigger_target_dag.py for tasks to queue
[2025-07-17T08:42:31.365+0530] {logging_mixin.py:190} INFO - [2025-07-17T08:42:31.365+0530] {dagbag.py:588} INFO - Filling up the DagBag from /Users/parth/Desktop/Engine/venv/lib/python3.11/site-packages/airflow/example_dags/example_trigger_target_dag.py
[2025-07-17T08:42:31.390+0530] {processor.py:925} INFO - DAG(s) 'example_trigger_target_dag' retrieved from /Users/parth/Desktop/Engine/venv/lib/python3.11/site-packages/airflow/example_dags/example_trigger_target_dag.py
[2025-07-17T08:42:31.448+0530] {logging_mixin.py:190} INFO - [2025-07-17T08:42:31.448+0530] {dag.py:3239} INFO - Sync 1 DAGs
[2025-07-17T08:42:31.455+0530] {logging_mixin.py:190} INFO - [2025-07-17T08:42:31.455+0530] {dag.py:4180} INFO - Setting next_dagrun for example_trigger_target_dag to None, run_after=None
[2025-07-17T08:42:31.465+0530] {processor.py:208} INFO - Processing /Users/parth/Desktop/Engine/venv/lib/python3.11/site-packages/airflow/example_dags/example_trigger_target_dag.py took 0.104 seconds
