[2025-07-17T07:16:58.638+0530] {processor.py:186} INFO - Started process (PID=23789) to work on /Users/parth/Desktop/Engine/venv/lib/python3.11/site-packages/airflow/example_dags/example_nested_branch_dag.py
[2025-07-17T07:16:58.639+0530] {processor.py:914} INFO - Processing file /Users/parth/Desktop/Engine/venv/lib/python3.11/site-packages/airflow/example_dags/example_nested_branch_dag.py for tasks to queue
[2025-07-17T07:16:58.639+0530] {logging_mixin.py:190} INFO - [2025-07-17T07:16:58.639+0530] {dagbag.py:588} INFO - Filling up the DagBag from /Users/parth/Desktop/Engine/venv/lib/python3.11/site-packages/airflow/example_dags/example_nested_branch_dag.py
[2025-07-17T07:16:58.666+0530] {processor.py:925} INFO - DAG(s) 'example_nested_branch_dag' retrieved from /Users/parth/Desktop/Engine/venv/lib/python3.11/site-packages/airflow/example_dags/example_nested_branch_dag.py
[2025-07-17T07:16:58.726+0530] {logging_mixin.py:190} INFO - [2025-07-17T07:16:58.726+0530] {dag.py:3239} INFO - Sync 1 DAGs
[2025-07-17T07:16:58.738+0530] {logging_mixin.py:190} INFO - [2025-07-17T07:16:58.738+0530] {dag.py:4180} INFO - Setting next_dagrun for example_nested_branch_dag to 2025-07-16 00:00:00+00:00, run_after=2025-07-17 00:00:00+00:00
[2025-07-17T07:16:58.749+0530] {processor.py:208} INFO - Processing /Users/parth/Desktop/Engine/venv/lib/python3.11/site-packages/airflow/example_dags/example_nested_branch_dag.py took 0.113 seconds
[2025-07-17T07:25:27.499+0530] {processor.py:186} INFO - Started process (PID=24773) to work on /Users/parth/Desktop/Engine/venv/lib/python3.11/site-packages/airflow/example_dags/example_nested_branch_dag.py
[2025-07-17T07:25:27.500+0530] {processor.py:914} INFO - Processing file /Users/parth/Desktop/Engine/venv/lib/python3.11/site-packages/airflow/example_dags/example_nested_branch_dag.py for tasks to queue
[2025-07-17T07:25:27.500+0530] {logging_mixin.py:190} INFO - [2025-07-17T07:25:27.500+0530] {dagbag.py:588} INFO - Filling up the DagBag from /Users/parth/Desktop/Engine/venv/lib/python3.11/site-packages/airflow/example_dags/example_nested_branch_dag.py
[2025-07-17T07:25:27.527+0530] {processor.py:925} INFO - DAG(s) 'example_nested_branch_dag' retrieved from /Users/parth/Desktop/Engine/venv/lib/python3.11/site-packages/airflow/example_dags/example_nested_branch_dag.py
[2025-07-17T07:25:27.589+0530] {logging_mixin.py:190} INFO - [2025-07-17T07:25:27.588+0530] {dag.py:3239} INFO - Sync 1 DAGs
[2025-07-17T07:25:27.600+0530] {logging_mixin.py:190} INFO - [2025-07-17T07:25:27.600+0530] {dag.py:4180} INFO - Setting next_dagrun for example_nested_branch_dag to 2025-07-16 00:00:00+00:00, run_after=2025-07-17 00:00:00+00:00
[2025-07-17T07:25:27.610+0530] {processor.py:208} INFO - Processing /Users/parth/Desktop/Engine/venv/lib/python3.11/site-packages/airflow/example_dags/example_nested_branch_dag.py took 0.114 seconds
[2025-07-17T07:29:01.556+0530] {processor.py:186} INFO - Started process (PID=26154) to work on /Users/parth/Desktop/Engine/venv/lib/python3.11/site-packages/airflow/example_dags/example_nested_branch_dag.py
[2025-07-17T07:29:01.557+0530] {processor.py:914} INFO - Processing file /Users/parth/Desktop/Engine/venv/lib/python3.11/site-packages/airflow/example_dags/example_nested_branch_dag.py for tasks to queue
[2025-07-17T07:29:01.558+0530] {logging_mixin.py:190} INFO - [2025-07-17T07:29:01.558+0530] {dagbag.py:588} INFO - Filling up the DagBag from /Users/parth/Desktop/Engine/venv/lib/python3.11/site-packages/airflow/example_dags/example_nested_branch_dag.py
[2025-07-17T07:29:01.585+0530] {processor.py:925} INFO - DAG(s) 'example_nested_branch_dag' retrieved from /Users/parth/Desktop/Engine/venv/lib/python3.11/site-packages/airflow/example_dags/example_nested_branch_dag.py
[2025-07-17T07:29:01.645+0530] {logging_mixin.py:190} INFO - [2025-07-17T07:29:01.645+0530] {dag.py:3239} INFO - Sync 1 DAGs
[2025-07-17T07:29:01.657+0530] {logging_mixin.py:190} INFO - [2025-07-17T07:29:01.657+0530] {dag.py:4180} INFO - Setting next_dagrun for example_nested_branch_dag to 2025-07-16 00:00:00+00:00, run_after=2025-07-17 00:00:00+00:00
[2025-07-17T07:29:01.668+0530] {processor.py:208} INFO - Processing /Users/parth/Desktop/Engine/venv/lib/python3.11/site-packages/airflow/example_dags/example_nested_branch_dag.py took 0.114 seconds
[2025-07-17T07:32:32.813+0530] {processor.py:186} INFO - Started process (PID=27528) to work on /Users/parth/Desktop/Engine/venv/lib/python3.11/site-packages/airflow/example_dags/example_nested_branch_dag.py
[2025-07-17T07:32:32.814+0530] {processor.py:914} INFO - Processing file /Users/parth/Desktop/Engine/venv/lib/python3.11/site-packages/airflow/example_dags/example_nested_branch_dag.py for tasks to queue
[2025-07-17T07:32:32.815+0530] {logging_mixin.py:190} INFO - [2025-07-17T07:32:32.815+0530] {dagbag.py:588} INFO - Filling up the DagBag from /Users/parth/Desktop/Engine/venv/lib/python3.11/site-packages/airflow/example_dags/example_nested_branch_dag.py
[2025-07-17T07:32:32.841+0530] {processor.py:925} INFO - DAG(s) 'example_nested_branch_dag' retrieved from /Users/parth/Desktop/Engine/venv/lib/python3.11/site-packages/airflow/example_dags/example_nested_branch_dag.py
[2025-07-17T07:32:32.901+0530] {logging_mixin.py:190} INFO - [2025-07-17T07:32:32.900+0530] {dag.py:3239} INFO - Sync 1 DAGs
[2025-07-17T07:32:32.911+0530] {logging_mixin.py:190} INFO - [2025-07-17T07:32:32.911+0530] {dag.py:4180} INFO - Setting next_dagrun for example_nested_branch_dag to 2025-07-16 00:00:00+00:00, run_after=2025-07-17 00:00:00+00:00
[2025-07-17T07:32:32.922+0530] {processor.py:208} INFO - Processing /Users/parth/Desktop/Engine/venv/lib/python3.11/site-packages/airflow/example_dags/example_nested_branch_dag.py took 0.111 seconds
[2025-07-17T07:36:22.254+0530] {processor.py:186} INFO - Started process (PID=29028) to work on /Users/parth/Desktop/Engine/venv/lib/python3.11/site-packages/airflow/example_dags/example_nested_branch_dag.py
[2025-07-17T07:36:22.255+0530] {processor.py:914} INFO - Processing file /Users/parth/Desktop/Engine/venv/lib/python3.11/site-packages/airflow/example_dags/example_nested_branch_dag.py for tasks to queue
[2025-07-17T07:36:22.255+0530] {logging_mixin.py:190} INFO - [2025-07-17T07:36:22.255+0530] {dagbag.py:588} INFO - Filling up the DagBag from /Users/parth/Desktop/Engine/venv/lib/python3.11/site-packages/airflow/example_dags/example_nested_branch_dag.py
[2025-07-17T07:36:22.281+0530] {processor.py:925} INFO - DAG(s) 'example_nested_branch_dag' retrieved from /Users/parth/Desktop/Engine/venv/lib/python3.11/site-packages/airflow/example_dags/example_nested_branch_dag.py
[2025-07-17T07:36:22.342+0530] {logging_mixin.py:190} INFO - [2025-07-17T07:36:22.342+0530] {dag.py:3239} INFO - Sync 1 DAGs
[2025-07-17T07:36:22.353+0530] {logging_mixin.py:190} INFO - [2025-07-17T07:36:22.353+0530] {dag.py:4180} INFO - Setting next_dagrun for example_nested_branch_dag to 2025-07-16 00:00:00+00:00, run_after=2025-07-17 00:00:00+00:00
[2025-07-17T07:36:22.364+0530] {processor.py:208} INFO - Processing /Users/parth/Desktop/Engine/venv/lib/python3.11/site-packages/airflow/example_dags/example_nested_branch_dag.py took 0.112 seconds
[2025-07-17T07:39:59.110+0530] {processor.py:186} INFO - Started process (PID=30440) to work on /Users/parth/Desktop/Engine/venv/lib/python3.11/site-packages/airflow/example_dags/example_nested_branch_dag.py
[2025-07-17T07:39:59.111+0530] {processor.py:914} INFO - Processing file /Users/parth/Desktop/Engine/venv/lib/python3.11/site-packages/airflow/example_dags/example_nested_branch_dag.py for tasks to queue
[2025-07-17T07:39:59.112+0530] {logging_mixin.py:190} INFO - [2025-07-17T07:39:59.112+0530] {dagbag.py:588} INFO - Filling up the DagBag from /Users/parth/Desktop/Engine/venv/lib/python3.11/site-packages/airflow/example_dags/example_nested_branch_dag.py
[2025-07-17T07:39:59.138+0530] {processor.py:925} INFO - DAG(s) 'example_nested_branch_dag' retrieved from /Users/parth/Desktop/Engine/venv/lib/python3.11/site-packages/airflow/example_dags/example_nested_branch_dag.py
[2025-07-17T07:39:59.199+0530] {logging_mixin.py:190} INFO - [2025-07-17T07:39:59.199+0530] {dag.py:3239} INFO - Sync 1 DAGs
[2025-07-17T07:39:59.210+0530] {logging_mixin.py:190} INFO - [2025-07-17T07:39:59.210+0530] {dag.py:4180} INFO - Setting next_dagrun for example_nested_branch_dag to 2025-07-16 00:00:00+00:00, run_after=2025-07-17 00:00:00+00:00
[2025-07-17T07:39:59.221+0530] {processor.py:208} INFO - Processing /Users/parth/Desktop/Engine/venv/lib/python3.11/site-packages/airflow/example_dags/example_nested_branch_dag.py took 0.113 seconds
[2025-07-17T07:44:15.843+0530] {processor.py:186} INFO - Started process (PID=32214) to work on /Users/parth/Desktop/Engine/venv/lib/python3.11/site-packages/airflow/example_dags/example_nested_branch_dag.py
[2025-07-17T07:44:15.844+0530] {processor.py:914} INFO - Processing file /Users/parth/Desktop/Engine/venv/lib/python3.11/site-packages/airflow/example_dags/example_nested_branch_dag.py for tasks to queue
[2025-07-17T07:44:15.844+0530] {logging_mixin.py:190} INFO - [2025-07-17T07:44:15.844+0530] {dagbag.py:588} INFO - Filling up the DagBag from /Users/parth/Desktop/Engine/venv/lib/python3.11/site-packages/airflow/example_dags/example_nested_branch_dag.py
[2025-07-17T07:44:15.871+0530] {processor.py:925} INFO - DAG(s) 'example_nested_branch_dag' retrieved from /Users/parth/Desktop/Engine/venv/lib/python3.11/site-packages/airflow/example_dags/example_nested_branch_dag.py
[2025-07-17T07:44:15.931+0530] {logging_mixin.py:190} INFO - [2025-07-17T07:44:15.931+0530] {dag.py:3239} INFO - Sync 1 DAGs
[2025-07-17T07:44:15.942+0530] {logging_mixin.py:190} INFO - [2025-07-17T07:44:15.942+0530] {dag.py:4180} INFO - Setting next_dagrun for example_nested_branch_dag to 2025-07-16 00:00:00+00:00, run_after=2025-07-17 00:00:00+00:00
[2025-07-17T07:44:15.953+0530] {processor.py:208} INFO - Processing /Users/parth/Desktop/Engine/venv/lib/python3.11/site-packages/airflow/example_dags/example_nested_branch_dag.py took 0.113 seconds
[2025-07-17T07:47:04.306+0530] {processor.py:186} INFO - Started process (PID=33422) to work on /Users/parth/Desktop/Engine/venv/lib/python3.11/site-packages/airflow/example_dags/example_nested_branch_dag.py
[2025-07-17T07:47:04.307+0530] {processor.py:914} INFO - Processing file /Users/parth/Desktop/Engine/venv/lib/python3.11/site-packages/airflow/example_dags/example_nested_branch_dag.py for tasks to queue
[2025-07-17T07:47:04.308+0530] {logging_mixin.py:190} INFO - [2025-07-17T07:47:04.308+0530] {dagbag.py:588} INFO - Filling up the DagBag from /Users/parth/Desktop/Engine/venv/lib/python3.11/site-packages/airflow/example_dags/example_nested_branch_dag.py
[2025-07-17T07:47:04.339+0530] {processor.py:925} INFO - DAG(s) 'example_nested_branch_dag' retrieved from /Users/parth/Desktop/Engine/venv/lib/python3.11/site-packages/airflow/example_dags/example_nested_branch_dag.py
[2025-07-17T07:47:04.408+0530] {logging_mixin.py:190} INFO - [2025-07-17T07:47:04.408+0530] {dag.py:3239} INFO - Sync 1 DAGs
[2025-07-17T07:47:04.421+0530] {logging_mixin.py:190} INFO - [2025-07-17T07:47:04.421+0530] {dag.py:4180} INFO - Setting next_dagrun for example_nested_branch_dag to 2025-07-16 00:00:00+00:00, run_after=2025-07-17 00:00:00+00:00
[2025-07-17T07:47:04.434+0530] {processor.py:208} INFO - Processing /Users/parth/Desktop/Engine/venv/lib/python3.11/site-packages/airflow/example_dags/example_nested_branch_dag.py took 0.130 seconds
[2025-07-17T07:49:25.020+0530] {processor.py:186} INFO - Started process (PID=34338) to work on /Users/parth/Desktop/Engine/venv/lib/python3.11/site-packages/airflow/example_dags/example_nested_branch_dag.py
[2025-07-17T07:49:25.021+0530] {processor.py:914} INFO - Processing file /Users/parth/Desktop/Engine/venv/lib/python3.11/site-packages/airflow/example_dags/example_nested_branch_dag.py for tasks to queue
[2025-07-17T07:49:25.022+0530] {logging_mixin.py:190} INFO - [2025-07-17T07:49:25.022+0530] {dagbag.py:588} INFO - Filling up the DagBag from /Users/parth/Desktop/Engine/venv/lib/python3.11/site-packages/airflow/example_dags/example_nested_branch_dag.py
[2025-07-17T07:49:25.047+0530] {processor.py:925} INFO - DAG(s) 'example_nested_branch_dag' retrieved from /Users/parth/Desktop/Engine/venv/lib/python3.11/site-packages/airflow/example_dags/example_nested_branch_dag.py
[2025-07-17T07:49:25.106+0530] {logging_mixin.py:190} INFO - [2025-07-17T07:49:25.106+0530] {dag.py:3239} INFO - Sync 1 DAGs
[2025-07-17T07:49:25.117+0530] {logging_mixin.py:190} INFO - [2025-07-17T07:49:25.117+0530] {dag.py:4180} INFO - Setting next_dagrun for example_nested_branch_dag to 2025-07-16 00:00:00+00:00, run_after=2025-07-17 00:00:00+00:00
[2025-07-17T07:49:25.128+0530] {processor.py:208} INFO - Processing /Users/parth/Desktop/Engine/venv/lib/python3.11/site-packages/airflow/example_dags/example_nested_branch_dag.py took 0.110 seconds
[2025-07-17T07:54:31.718+0530] {processor.py:186} INFO - Started process (PID=36487) to work on /Users/parth/Desktop/Engine/venv/lib/python3.11/site-packages/airflow/example_dags/example_nested_branch_dag.py
[2025-07-17T07:54:31.719+0530] {processor.py:914} INFO - Processing file /Users/parth/Desktop/Engine/venv/lib/python3.11/site-packages/airflow/example_dags/example_nested_branch_dag.py for tasks to queue
[2025-07-17T07:54:31.720+0530] {logging_mixin.py:190} INFO - [2025-07-17T07:54:31.720+0530] {dagbag.py:588} INFO - Filling up the DagBag from /Users/parth/Desktop/Engine/venv/lib/python3.11/site-packages/airflow/example_dags/example_nested_branch_dag.py
[2025-07-17T07:54:31.747+0530] {processor.py:925} INFO - DAG(s) 'example_nested_branch_dag' retrieved from /Users/parth/Desktop/Engine/venv/lib/python3.11/site-packages/airflow/example_dags/example_nested_branch_dag.py
[2025-07-17T07:54:31.807+0530] {logging_mixin.py:190} INFO - [2025-07-17T07:54:31.807+0530] {dag.py:3239} INFO - Sync 1 DAGs
[2025-07-17T07:54:31.818+0530] {logging_mixin.py:190} INFO - [2025-07-17T07:54:31.818+0530] {dag.py:4180} INFO - Setting next_dagrun for example_nested_branch_dag to 2025-07-16 00:00:00+00:00, run_after=2025-07-17 00:00:00+00:00
[2025-07-17T07:54:31.829+0530] {processor.py:208} INFO - Processing /Users/parth/Desktop/Engine/venv/lib/python3.11/site-packages/airflow/example_dags/example_nested_branch_dag.py took 0.112 seconds
[2025-07-17T07:56:57.085+0530] {processor.py:186} INFO - Started process (PID=37500) to work on /Users/parth/Desktop/Engine/venv/lib/python3.11/site-packages/airflow/example_dags/example_nested_branch_dag.py
[2025-07-17T07:56:57.086+0530] {processor.py:914} INFO - Processing file /Users/parth/Desktop/Engine/venv/lib/python3.11/site-packages/airflow/example_dags/example_nested_branch_dag.py for tasks to queue
[2025-07-17T07:56:57.087+0530] {logging_mixin.py:190} INFO - [2025-07-17T07:56:57.087+0530] {dagbag.py:588} INFO - Filling up the DagBag from /Users/parth/Desktop/Engine/venv/lib/python3.11/site-packages/airflow/example_dags/example_nested_branch_dag.py
[2025-07-17T07:56:57.113+0530] {processor.py:925} INFO - DAG(s) 'example_nested_branch_dag' retrieved from /Users/parth/Desktop/Engine/venv/lib/python3.11/site-packages/airflow/example_dags/example_nested_branch_dag.py
[2025-07-17T07:56:57.174+0530] {logging_mixin.py:190} INFO - [2025-07-17T07:56:57.174+0530] {dag.py:3239} INFO - Sync 1 DAGs
[2025-07-17T07:56:57.186+0530] {logging_mixin.py:190} INFO - [2025-07-17T07:56:57.186+0530] {dag.py:4180} INFO - Setting next_dagrun for example_nested_branch_dag to 2025-07-16 00:00:00+00:00, run_after=2025-07-17 00:00:00+00:00
[2025-07-17T07:56:57.196+0530] {processor.py:208} INFO - Processing /Users/parth/Desktop/Engine/venv/lib/python3.11/site-packages/airflow/example_dags/example_nested_branch_dag.py took 0.114 seconds
[2025-07-17T08:01:04.625+0530] {processor.py:186} INFO - Started process (PID=39108) to work on /Users/parth/Desktop/Engine/venv/lib/python3.11/site-packages/airflow/example_dags/example_nested_branch_dag.py
[2025-07-17T08:01:04.626+0530] {processor.py:914} INFO - Processing file /Users/parth/Desktop/Engine/venv/lib/python3.11/site-packages/airflow/example_dags/example_nested_branch_dag.py for tasks to queue
[2025-07-17T08:01:04.627+0530] {logging_mixin.py:190} INFO - [2025-07-17T08:01:04.627+0530] {dagbag.py:588} INFO - Filling up the DagBag from /Users/parth/Desktop/Engine/venv/lib/python3.11/site-packages/airflow/example_dags/example_nested_branch_dag.py
[2025-07-17T08:01:04.658+0530] {processor.py:925} INFO - DAG(s) 'example_nested_branch_dag' retrieved from /Users/parth/Desktop/Engine/venv/lib/python3.11/site-packages/airflow/example_dags/example_nested_branch_dag.py
[2025-07-17T08:01:04.728+0530] {logging_mixin.py:190} INFO - [2025-07-17T08:01:04.727+0530] {dag.py:3239} INFO - Sync 1 DAGs
[2025-07-17T08:01:04.742+0530] {logging_mixin.py:190} INFO - [2025-07-17T08:01:04.742+0530] {dag.py:4180} INFO - Setting next_dagrun for example_nested_branch_dag to 2025-07-16 00:00:00+00:00, run_after=2025-07-17 00:00:00+00:00
[2025-07-17T08:01:04.754+0530] {processor.py:208} INFO - Processing /Users/parth/Desktop/Engine/venv/lib/python3.11/site-packages/airflow/example_dags/example_nested_branch_dag.py took 0.132 seconds
[2025-07-17T08:05:18.326+0530] {processor.py:186} INFO - Started process (PID=40821) to work on /Users/parth/Desktop/Engine/venv/lib/python3.11/site-packages/airflow/example_dags/example_nested_branch_dag.py
[2025-07-17T08:05:18.327+0530] {processor.py:914} INFO - Processing file /Users/parth/Desktop/Engine/venv/lib/python3.11/site-packages/airflow/example_dags/example_nested_branch_dag.py for tasks to queue
[2025-07-17T08:05:18.328+0530] {logging_mixin.py:190} INFO - [2025-07-17T08:05:18.328+0530] {dagbag.py:588} INFO - Filling up the DagBag from /Users/parth/Desktop/Engine/venv/lib/python3.11/site-packages/airflow/example_dags/example_nested_branch_dag.py
[2025-07-17T08:05:18.369+0530] {processor.py:925} INFO - DAG(s) 'example_nested_branch_dag' retrieved from /Users/parth/Desktop/Engine/venv/lib/python3.11/site-packages/airflow/example_dags/example_nested_branch_dag.py
[2025-07-17T08:05:18.466+0530] {logging_mixin.py:190} INFO - [2025-07-17T08:05:18.465+0530] {dag.py:3239} INFO - Sync 1 DAGs
[2025-07-17T08:05:18.485+0530] {logging_mixin.py:190} INFO - [2025-07-17T08:05:18.485+0530] {dag.py:4180} INFO - Setting next_dagrun for example_nested_branch_dag to 2025-07-16 00:00:00+00:00, run_after=2025-07-17 00:00:00+00:00
[2025-07-17T08:05:18.507+0530] {processor.py:208} INFO - Processing /Users/parth/Desktop/Engine/venv/lib/python3.11/site-packages/airflow/example_dags/example_nested_branch_dag.py took 0.184 seconds
[2025-07-17T08:07:25.025+0530] {processor.py:186} INFO - Started process (PID=41692) to work on /Users/parth/Desktop/Engine/venv/lib/python3.11/site-packages/airflow/example_dags/example_nested_branch_dag.py
[2025-07-17T08:07:25.026+0530] {processor.py:914} INFO - Processing file /Users/parth/Desktop/Engine/venv/lib/python3.11/site-packages/airflow/example_dags/example_nested_branch_dag.py for tasks to queue
[2025-07-17T08:07:25.027+0530] {logging_mixin.py:190} INFO - [2025-07-17T08:07:25.027+0530] {dagbag.py:588} INFO - Filling up the DagBag from /Users/parth/Desktop/Engine/venv/lib/python3.11/site-packages/airflow/example_dags/example_nested_branch_dag.py
[2025-07-17T08:07:25.053+0530] {processor.py:925} INFO - DAG(s) 'example_nested_branch_dag' retrieved from /Users/parth/Desktop/Engine/venv/lib/python3.11/site-packages/airflow/example_dags/example_nested_branch_dag.py
[2025-07-17T08:07:25.113+0530] {logging_mixin.py:190} INFO - [2025-07-17T08:07:25.113+0530] {dag.py:3239} INFO - Sync 1 DAGs
[2025-07-17T08:07:25.126+0530] {logging_mixin.py:190} INFO - [2025-07-17T08:07:25.126+0530] {dag.py:4180} INFO - Setting next_dagrun for example_nested_branch_dag to 2025-07-16 00:00:00+00:00, run_after=2025-07-17 00:00:00+00:00
[2025-07-17T08:07:25.136+0530] {processor.py:208} INFO - Processing /Users/parth/Desktop/Engine/venv/lib/python3.11/site-packages/airflow/example_dags/example_nested_branch_dag.py took 0.113 seconds
[2025-07-17T08:11:28.583+0530] {processor.py:186} INFO - Started process (PID=43329) to work on /Users/parth/Desktop/Engine/venv/lib/python3.11/site-packages/airflow/example_dags/example_nested_branch_dag.py
[2025-07-17T08:11:28.585+0530] {processor.py:914} INFO - Processing file /Users/parth/Desktop/Engine/venv/lib/python3.11/site-packages/airflow/example_dags/example_nested_branch_dag.py for tasks to queue
[2025-07-17T08:11:28.585+0530] {logging_mixin.py:190} INFO - [2025-07-17T08:11:28.585+0530] {dagbag.py:588} INFO - Filling up the DagBag from /Users/parth/Desktop/Engine/venv/lib/python3.11/site-packages/airflow/example_dags/example_nested_branch_dag.py
[2025-07-17T08:11:28.612+0530] {processor.py:925} INFO - DAG(s) 'example_nested_branch_dag' retrieved from /Users/parth/Desktop/Engine/venv/lib/python3.11/site-packages/airflow/example_dags/example_nested_branch_dag.py
[2025-07-17T08:11:28.672+0530] {logging_mixin.py:190} INFO - [2025-07-17T08:11:28.672+0530] {dag.py:3239} INFO - Sync 1 DAGs
[2025-07-17T08:11:28.683+0530] {logging_mixin.py:190} INFO - [2025-07-17T08:11:28.683+0530] {dag.py:4180} INFO - Setting next_dagrun for example_nested_branch_dag to 2025-07-16 00:00:00+00:00, run_after=2025-07-17 00:00:00+00:00
[2025-07-17T08:11:28.694+0530] {processor.py:208} INFO - Processing /Users/parth/Desktop/Engine/venv/lib/python3.11/site-packages/airflow/example_dags/example_nested_branch_dag.py took 0.113 seconds
[2025-07-17T08:19:42.782+0530] {processor.py:186} INFO - Started process (PID=44768) to work on /Users/parth/Desktop/Engine/venv/lib/python3.11/site-packages/airflow/example_dags/example_nested_branch_dag.py
[2025-07-17T08:19:42.783+0530] {processor.py:914} INFO - Processing file /Users/parth/Desktop/Engine/venv/lib/python3.11/site-packages/airflow/example_dags/example_nested_branch_dag.py for tasks to queue
[2025-07-17T08:19:42.783+0530] {logging_mixin.py:190} INFO - [2025-07-17T08:19:42.783+0530] {dagbag.py:588} INFO - Filling up the DagBag from /Users/parth/Desktop/Engine/venv/lib/python3.11/site-packages/airflow/example_dags/example_nested_branch_dag.py
[2025-07-17T08:19:42.810+0530] {processor.py:925} INFO - DAG(s) 'example_nested_branch_dag' retrieved from /Users/parth/Desktop/Engine/venv/lib/python3.11/site-packages/airflow/example_dags/example_nested_branch_dag.py
[2025-07-17T08:19:42.870+0530] {logging_mixin.py:190} INFO - [2025-07-17T08:19:42.870+0530] {dag.py:3239} INFO - Sync 1 DAGs
[2025-07-17T08:19:42.881+0530] {logging_mixin.py:190} INFO - [2025-07-17T08:19:42.881+0530] {dag.py:4180} INFO - Setting next_dagrun for example_nested_branch_dag to 2025-07-16 00:00:00+00:00, run_after=2025-07-17 00:00:00+00:00
[2025-07-17T08:19:42.892+0530] {processor.py:208} INFO - Processing /Users/parth/Desktop/Engine/venv/lib/python3.11/site-packages/airflow/example_dags/example_nested_branch_dag.py took 0.112 seconds
[2025-07-17T08:23:12.915+0530] {processor.py:186} INFO - Started process (PID=46145) to work on /Users/parth/Desktop/Engine/venv/lib/python3.11/site-packages/airflow/example_dags/example_nested_branch_dag.py
[2025-07-17T08:23:12.916+0530] {processor.py:914} INFO - Processing file /Users/parth/Desktop/Engine/venv/lib/python3.11/site-packages/airflow/example_dags/example_nested_branch_dag.py for tasks to queue
[2025-07-17T08:23:12.917+0530] {logging_mixin.py:190} INFO - [2025-07-17T08:23:12.917+0530] {dagbag.py:588} INFO - Filling up the DagBag from /Users/parth/Desktop/Engine/venv/lib/python3.11/site-packages/airflow/example_dags/example_nested_branch_dag.py
[2025-07-17T08:23:12.943+0530] {processor.py:925} INFO - DAG(s) 'example_nested_branch_dag' retrieved from /Users/parth/Desktop/Engine/venv/lib/python3.11/site-packages/airflow/example_dags/example_nested_branch_dag.py
[2025-07-17T08:23:13.004+0530] {logging_mixin.py:190} INFO - [2025-07-17T08:23:13.004+0530] {dag.py:3239} INFO - Sync 1 DAGs
[2025-07-17T08:23:13.017+0530] {logging_mixin.py:190} INFO - [2025-07-17T08:23:13.017+0530] {dag.py:4180} INFO - Setting next_dagrun for example_nested_branch_dag to 2025-07-16 00:00:00+00:00, run_after=2025-07-17 00:00:00+00:00
[2025-07-17T08:23:13.028+0530] {processor.py:208} INFO - Processing /Users/parth/Desktop/Engine/venv/lib/python3.11/site-packages/airflow/example_dags/example_nested_branch_dag.py took 0.116 seconds
[2025-07-17T08:26:44.644+0530] {processor.py:186} INFO - Started process (PID=47584) to work on /Users/parth/Desktop/Engine/venv/lib/python3.11/site-packages/airflow/example_dags/example_nested_branch_dag.py
[2025-07-17T08:26:44.646+0530] {processor.py:914} INFO - Processing file /Users/parth/Desktop/Engine/venv/lib/python3.11/site-packages/airflow/example_dags/example_nested_branch_dag.py for tasks to queue
[2025-07-17T08:26:44.646+0530] {logging_mixin.py:190} INFO - [2025-07-17T08:26:44.646+0530] {dagbag.py:588} INFO - Filling up the DagBag from /Users/parth/Desktop/Engine/venv/lib/python3.11/site-packages/airflow/example_dags/example_nested_branch_dag.py
[2025-07-17T08:26:44.672+0530] {processor.py:925} INFO - DAG(s) 'example_nested_branch_dag' retrieved from /Users/parth/Desktop/Engine/venv/lib/python3.11/site-packages/airflow/example_dags/example_nested_branch_dag.py
[2025-07-17T08:26:44.732+0530] {logging_mixin.py:190} INFO - [2025-07-17T08:26:44.732+0530] {dag.py:3239} INFO - Sync 1 DAGs
[2025-07-17T08:26:44.744+0530] {logging_mixin.py:190} INFO - [2025-07-17T08:26:44.744+0530] {dag.py:4180} INFO - Setting next_dagrun for example_nested_branch_dag to 2025-07-16 00:00:00+00:00, run_after=2025-07-17 00:00:00+00:00
[2025-07-17T08:26:44.754+0530] {processor.py:208} INFO - Processing /Users/parth/Desktop/Engine/venv/lib/python3.11/site-packages/airflow/example_dags/example_nested_branch_dag.py took 0.112 seconds
[2025-07-17T08:34:56.700+0530] {processor.py:186} INFO - Started process (PID=49229) to work on /Users/parth/Desktop/Engine/venv/lib/python3.11/site-packages/airflow/example_dags/example_nested_branch_dag.py
[2025-07-17T08:34:56.701+0530] {processor.py:914} INFO - Processing file /Users/parth/Desktop/Engine/venv/lib/python3.11/site-packages/airflow/example_dags/example_nested_branch_dag.py for tasks to queue
[2025-07-17T08:34:56.702+0530] {logging_mixin.py:190} INFO - [2025-07-17T08:34:56.701+0530] {dagbag.py:588} INFO - Filling up the DagBag from /Users/parth/Desktop/Engine/venv/lib/python3.11/site-packages/airflow/example_dags/example_nested_branch_dag.py
[2025-07-17T08:34:56.728+0530] {processor.py:925} INFO - DAG(s) 'example_nested_branch_dag' retrieved from /Users/parth/Desktop/Engine/venv/lib/python3.11/site-packages/airflow/example_dags/example_nested_branch_dag.py
[2025-07-17T08:34:56.790+0530] {logging_mixin.py:190} INFO - [2025-07-17T08:34:56.789+0530] {dag.py:3239} INFO - Sync 1 DAGs
[2025-07-17T08:34:56.802+0530] {logging_mixin.py:190} INFO - [2025-07-17T08:34:56.802+0530] {dag.py:4180} INFO - Setting next_dagrun for example_nested_branch_dag to 2025-07-16 00:00:00+00:00, run_after=2025-07-17 00:00:00+00:00
[2025-07-17T08:34:56.813+0530] {processor.py:208} INFO - Processing /Users/parth/Desktop/Engine/venv/lib/python3.11/site-packages/airflow/example_dags/example_nested_branch_dag.py took 0.115 seconds
[2025-07-17T08:38:28.878+0530] {processor.py:186} INFO - Started process (PID=50610) to work on /Users/parth/Desktop/Engine/venv/lib/python3.11/site-packages/airflow/example_dags/example_nested_branch_dag.py
[2025-07-17T08:38:28.879+0530] {processor.py:914} INFO - Processing file /Users/parth/Desktop/Engine/venv/lib/python3.11/site-packages/airflow/example_dags/example_nested_branch_dag.py for tasks to queue
[2025-07-17T08:38:28.880+0530] {logging_mixin.py:190} INFO - [2025-07-17T08:38:28.880+0530] {dagbag.py:588} INFO - Filling up the DagBag from /Users/parth/Desktop/Engine/venv/lib/python3.11/site-packages/airflow/example_dags/example_nested_branch_dag.py
[2025-07-17T08:38:28.906+0530] {processor.py:925} INFO - DAG(s) 'example_nested_branch_dag' retrieved from /Users/parth/Desktop/Engine/venv/lib/python3.11/site-packages/airflow/example_dags/example_nested_branch_dag.py
[2025-07-17T08:38:28.966+0530] {logging_mixin.py:190} INFO - [2025-07-17T08:38:28.966+0530] {dag.py:3239} INFO - Sync 1 DAGs
[2025-07-17T08:38:28.977+0530] {logging_mixin.py:190} INFO - [2025-07-17T08:38:28.977+0530] {dag.py:4180} INFO - Setting next_dagrun for example_nested_branch_dag to 2025-07-16 00:00:00+00:00, run_after=2025-07-17 00:00:00+00:00
[2025-07-17T08:38:28.988+0530] {processor.py:208} INFO - Processing /Users/parth/Desktop/Engine/venv/lib/python3.11/site-packages/airflow/example_dags/example_nested_branch_dag.py took 0.112 seconds
[2025-07-17T10:00:52.102+0530] {processor.py:186} INFO - Started process (PID=52159) to work on /Users/parth/Desktop/Engine/venv/lib/python3.11/site-packages/airflow/example_dags/example_nested_branch_dag.py
[2025-07-17T10:00:52.103+0530] {processor.py:914} INFO - Processing file /Users/parth/Desktop/Engine/venv/lib/python3.11/site-packages/airflow/example_dags/example_nested_branch_dag.py for tasks to queue
[2025-07-17T10:00:52.104+0530] {logging_mixin.py:190} INFO - [2025-07-17T10:00:52.103+0530] {dagbag.py:588} INFO - Filling up the DagBag from /Users/parth/Desktop/Engine/venv/lib/python3.11/site-packages/airflow/example_dags/example_nested_branch_dag.py
[2025-07-17T10:00:52.136+0530] {processor.py:925} INFO - DAG(s) 'example_nested_branch_dag' retrieved from /Users/parth/Desktop/Engine/venv/lib/python3.11/site-packages/airflow/example_dags/example_nested_branch_dag.py
[2025-07-17T10:00:52.199+0530] {logging_mixin.py:190} INFO - [2025-07-17T10:00:52.199+0530] {dag.py:3239} INFO - Sync 1 DAGs
[2025-07-17T10:00:52.211+0530] {logging_mixin.py:190} INFO - [2025-07-17T10:00:52.211+0530] {dag.py:4180} INFO - Setting next_dagrun for example_nested_branch_dag to 2025-07-16 00:00:00+00:00, run_after=2025-07-17 00:00:00+00:00
[2025-07-17T10:00:52.222+0530] {processor.py:208} INFO - Processing /Users/parth/Desktop/Engine/venv/lib/python3.11/site-packages/airflow/example_dags/example_nested_branch_dag.py took 0.123 seconds
