[2025-07-17T07:17:02.808+0530] {processor.py:186} INFO - Started process (PID=23818) to work on /Users/parth/Desktop/Engine/venv/lib/python3.11/site-packages/airflow/example_dags/example_latest_only_with_trigger.py
[2025-07-17T07:17:02.809+0530] {processor.py:914} INFO - Processing file /Users/parth/Desktop/Engine/venv/lib/python3.11/site-packages/airflow/example_dags/example_latest_only_with_trigger.py for tasks to queue
[2025-07-17T07:17:02.809+0530] {logging_mixin.py:190} INFO - [2025-07-17T07:17:02.809+0530] {dagbag.py:588} INFO - Filling up the DagBag from /Users/parth/Desktop/Engine/venv/lib/python3.11/site-packages/airflow/example_dags/example_latest_only_with_trigger.py
[2025-07-17T07:17:02.815+0530] {processor.py:925} INFO - DAG(s) 'latest_only_with_trigger' retrieved from /Users/parth/Desktop/Engine/venv/lib/python3.11/site-packages/airflow/example_dags/example_latest_only_with_trigger.py
[2025-07-17T07:17:02.876+0530] {logging_mixin.py:190} INFO - [2025-07-17T07:17:02.876+0530] {dag.py:3239} INFO - Sync 1 DAGs
[2025-07-17T07:17:02.888+0530] {logging_mixin.py:190} INFO - [2025-07-17T07:17:02.888+0530] {dag.py:4180} INFO - Setting next_dagrun for latest_only_with_trigger to 2025-07-16 20:00:00+00:00, run_after=2025-07-17 00:00:00+00:00
[2025-07-17T07:17:02.899+0530] {processor.py:208} INFO - Processing /Users/parth/Desktop/Engine/venv/lib/python3.11/site-packages/airflow/example_dags/example_latest_only_with_trigger.py took 0.093 seconds
[2025-07-17T07:25:32.692+0530] {processor.py:186} INFO - Started process (PID=24801) to work on /Users/parth/Desktop/Engine/venv/lib/python3.11/site-packages/airflow/example_dags/example_latest_only_with_trigger.py
[2025-07-17T07:25:32.693+0530] {processor.py:914} INFO - Processing file /Users/parth/Desktop/Engine/venv/lib/python3.11/site-packages/airflow/example_dags/example_latest_only_with_trigger.py for tasks to queue
[2025-07-17T07:25:32.693+0530] {logging_mixin.py:190} INFO - [2025-07-17T07:25:32.693+0530] {dagbag.py:588} INFO - Filling up the DagBag from /Users/parth/Desktop/Engine/venv/lib/python3.11/site-packages/airflow/example_dags/example_latest_only_with_trigger.py
[2025-07-17T07:25:32.699+0530] {processor.py:925} INFO - DAG(s) 'latest_only_with_trigger' retrieved from /Users/parth/Desktop/Engine/venv/lib/python3.11/site-packages/airflow/example_dags/example_latest_only_with_trigger.py
[2025-07-17T07:25:32.762+0530] {logging_mixin.py:190} INFO - [2025-07-17T07:25:32.762+0530] {dag.py:3239} INFO - Sync 1 DAGs
[2025-07-17T07:25:32.774+0530] {logging_mixin.py:190} INFO - [2025-07-17T07:25:32.774+0530] {dag.py:4180} INFO - Setting next_dagrun for latest_only_with_trigger to 2025-07-16 20:00:00+00:00, run_after=2025-07-17 00:00:00+00:00
[2025-07-17T07:25:32.785+0530] {processor.py:208} INFO - Processing /Users/parth/Desktop/Engine/venv/lib/python3.11/site-packages/airflow/example_dags/example_latest_only_with_trigger.py took 0.095 seconds
[2025-07-17T07:29:05.515+0530] {processor.py:186} INFO - Started process (PID=26169) to work on /Users/parth/Desktop/Engine/venv/lib/python3.11/site-packages/airflow/example_dags/example_latest_only_with_trigger.py
[2025-07-17T07:29:05.515+0530] {processor.py:914} INFO - Processing file /Users/parth/Desktop/Engine/venv/lib/python3.11/site-packages/airflow/example_dags/example_latest_only_with_trigger.py for tasks to queue
[2025-07-17T07:29:05.516+0530] {logging_mixin.py:190} INFO - [2025-07-17T07:29:05.516+0530] {dagbag.py:588} INFO - Filling up the DagBag from /Users/parth/Desktop/Engine/venv/lib/python3.11/site-packages/airflow/example_dags/example_latest_only_with_trigger.py
[2025-07-17T07:29:05.521+0530] {processor.py:925} INFO - DAG(s) 'latest_only_with_trigger' retrieved from /Users/parth/Desktop/Engine/venv/lib/python3.11/site-packages/airflow/example_dags/example_latest_only_with_trigger.py
[2025-07-17T07:29:05.582+0530] {logging_mixin.py:190} INFO - [2025-07-17T07:29:05.582+0530] {dag.py:3239} INFO - Sync 1 DAGs
[2025-07-17T07:29:05.594+0530] {logging_mixin.py:190} INFO - [2025-07-17T07:29:05.594+0530] {dag.py:4180} INFO - Setting next_dagrun for latest_only_with_trigger to 2025-07-16 20:00:00+00:00, run_after=2025-07-17 00:00:00+00:00
[2025-07-17T07:29:05.605+0530] {processor.py:208} INFO - Processing /Users/parth/Desktop/Engine/venv/lib/python3.11/site-packages/airflow/example_dags/example_latest_only_with_trigger.py took 0.092 seconds
[2025-07-17T07:32:37.502+0530] {processor.py:186} INFO - Started process (PID=27556) to work on /Users/parth/Desktop/Engine/venv/lib/python3.11/site-packages/airflow/example_dags/example_latest_only_with_trigger.py
[2025-07-17T07:32:37.504+0530] {processor.py:914} INFO - Processing file /Users/parth/Desktop/Engine/venv/lib/python3.11/site-packages/airflow/example_dags/example_latest_only_with_trigger.py for tasks to queue
[2025-07-17T07:32:37.504+0530] {logging_mixin.py:190} INFO - [2025-07-17T07:32:37.504+0530] {dagbag.py:588} INFO - Filling up the DagBag from /Users/parth/Desktop/Engine/venv/lib/python3.11/site-packages/airflow/example_dags/example_latest_only_with_trigger.py
[2025-07-17T07:32:37.510+0530] {processor.py:925} INFO - DAG(s) 'latest_only_with_trigger' retrieved from /Users/parth/Desktop/Engine/venv/lib/python3.11/site-packages/airflow/example_dags/example_latest_only_with_trigger.py
[2025-07-17T07:32:37.570+0530] {logging_mixin.py:190} INFO - [2025-07-17T07:32:37.570+0530] {dag.py:3239} INFO - Sync 1 DAGs
[2025-07-17T07:32:37.582+0530] {logging_mixin.py:190} INFO - [2025-07-17T07:32:37.582+0530] {dag.py:4180} INFO - Setting next_dagrun for latest_only_with_trigger to 2025-07-16 20:00:00+00:00, run_after=2025-07-17 00:00:00+00:00
[2025-07-17T07:32:37.593+0530] {processor.py:208} INFO - Processing /Users/parth/Desktop/Engine/venv/lib/python3.11/site-packages/airflow/example_dags/example_latest_only_with_trigger.py took 0.093 seconds
[2025-07-17T07:36:27.222+0530] {processor.py:186} INFO - Started process (PID=29068) to work on /Users/parth/Desktop/Engine/venv/lib/python3.11/site-packages/airflow/example_dags/example_latest_only_with_trigger.py
[2025-07-17T07:36:27.223+0530] {processor.py:914} INFO - Processing file /Users/parth/Desktop/Engine/venv/lib/python3.11/site-packages/airflow/example_dags/example_latest_only_with_trigger.py for tasks to queue
[2025-07-17T07:36:27.224+0530] {logging_mixin.py:190} INFO - [2025-07-17T07:36:27.224+0530] {dagbag.py:588} INFO - Filling up the DagBag from /Users/parth/Desktop/Engine/venv/lib/python3.11/site-packages/airflow/example_dags/example_latest_only_with_trigger.py
[2025-07-17T07:36:27.229+0530] {processor.py:925} INFO - DAG(s) 'latest_only_with_trigger' retrieved from /Users/parth/Desktop/Engine/venv/lib/python3.11/site-packages/airflow/example_dags/example_latest_only_with_trigger.py
[2025-07-17T07:36:27.291+0530] {logging_mixin.py:190} INFO - [2025-07-17T07:36:27.291+0530] {dag.py:3239} INFO - Sync 1 DAGs
[2025-07-17T07:36:27.304+0530] {logging_mixin.py:190} INFO - [2025-07-17T07:36:27.304+0530] {dag.py:4180} INFO - Setting next_dagrun for latest_only_with_trigger to 2025-07-16 20:00:00+00:00, run_after=2025-07-17 00:00:00+00:00
[2025-07-17T07:36:27.316+0530] {processor.py:208} INFO - Processing /Users/parth/Desktop/Engine/venv/lib/python3.11/site-packages/airflow/example_dags/example_latest_only_with_trigger.py took 0.096 seconds
[2025-07-17T07:40:04.093+0530] {processor.py:186} INFO - Started process (PID=30479) to work on /Users/parth/Desktop/Engine/venv/lib/python3.11/site-packages/airflow/example_dags/example_latest_only_with_trigger.py
[2025-07-17T07:40:04.094+0530] {processor.py:914} INFO - Processing file /Users/parth/Desktop/Engine/venv/lib/python3.11/site-packages/airflow/example_dags/example_latest_only_with_trigger.py for tasks to queue
[2025-07-17T07:40:04.095+0530] {logging_mixin.py:190} INFO - [2025-07-17T07:40:04.095+0530] {dagbag.py:588} INFO - Filling up the DagBag from /Users/parth/Desktop/Engine/venv/lib/python3.11/site-packages/airflow/example_dags/example_latest_only_with_trigger.py
[2025-07-17T07:40:04.100+0530] {processor.py:925} INFO - DAG(s) 'latest_only_with_trigger' retrieved from /Users/parth/Desktop/Engine/venv/lib/python3.11/site-packages/airflow/example_dags/example_latest_only_with_trigger.py
[2025-07-17T07:40:04.162+0530] {logging_mixin.py:190} INFO - [2025-07-17T07:40:04.162+0530] {dag.py:3239} INFO - Sync 1 DAGs
[2025-07-17T07:40:04.174+0530] {logging_mixin.py:190} INFO - [2025-07-17T07:40:04.174+0530] {dag.py:4180} INFO - Setting next_dagrun for latest_only_with_trigger to 2025-07-16 20:00:00+00:00, run_after=2025-07-17 00:00:00+00:00
[2025-07-17T07:40:04.184+0530] {processor.py:208} INFO - Processing /Users/parth/Desktop/Engine/venv/lib/python3.11/site-packages/airflow/example_dags/example_latest_only_with_trigger.py took 0.094 seconds
[2025-07-17T07:44:22.222+0530] {processor.py:186} INFO - Started process (PID=32246) to work on /Users/parth/Desktop/Engine/venv/lib/python3.11/site-packages/airflow/example_dags/example_latest_only_with_trigger.py
[2025-07-17T07:44:22.223+0530] {processor.py:914} INFO - Processing file /Users/parth/Desktop/Engine/venv/lib/python3.11/site-packages/airflow/example_dags/example_latest_only_with_trigger.py for tasks to queue
[2025-07-17T07:44:22.225+0530] {logging_mixin.py:190} INFO - [2025-07-17T07:44:22.224+0530] {dagbag.py:588} INFO - Filling up the DagBag from /Users/parth/Desktop/Engine/venv/lib/python3.11/site-packages/airflow/example_dags/example_latest_only_with_trigger.py
[2025-07-17T07:44:22.238+0530] {processor.py:925} INFO - DAG(s) 'latest_only_with_trigger' retrieved from /Users/parth/Desktop/Engine/venv/lib/python3.11/site-packages/airflow/example_dags/example_latest_only_with_trigger.py
[2025-07-17T07:44:22.399+0530] {logging_mixin.py:190} INFO - [2025-07-17T07:44:22.398+0530] {dag.py:3239} INFO - Sync 1 DAGs
[2025-07-17T07:44:22.435+0530] {logging_mixin.py:190} INFO - [2025-07-17T07:44:22.434+0530] {dag.py:4180} INFO - Setting next_dagrun for latest_only_with_trigger to 2025-07-16 20:00:00+00:00, run_after=2025-07-17 00:00:00+00:00
[2025-07-17T07:44:22.468+0530] {processor.py:208} INFO - Processing /Users/parth/Desktop/Engine/venv/lib/python3.11/site-packages/airflow/example_dags/example_latest_only_with_trigger.py took 0.252 seconds
[2025-07-17T07:47:09.441+0530] {processor.py:186} INFO - Started process (PID=33450) to work on /Users/parth/Desktop/Engine/venv/lib/python3.11/site-packages/airflow/example_dags/example_latest_only_with_trigger.py
[2025-07-17T07:47:09.442+0530] {processor.py:914} INFO - Processing file /Users/parth/Desktop/Engine/venv/lib/python3.11/site-packages/airflow/example_dags/example_latest_only_with_trigger.py for tasks to queue
[2025-07-17T07:47:09.443+0530] {logging_mixin.py:190} INFO - [2025-07-17T07:47:09.442+0530] {dagbag.py:588} INFO - Filling up the DagBag from /Users/parth/Desktop/Engine/venv/lib/python3.11/site-packages/airflow/example_dags/example_latest_only_with_trigger.py
[2025-07-17T07:47:09.448+0530] {processor.py:925} INFO - DAG(s) 'latest_only_with_trigger' retrieved from /Users/parth/Desktop/Engine/venv/lib/python3.11/site-packages/airflow/example_dags/example_latest_only_with_trigger.py
[2025-07-17T07:47:09.508+0530] {logging_mixin.py:190} INFO - [2025-07-17T07:47:09.508+0530] {dag.py:3239} INFO - Sync 1 DAGs
[2025-07-17T07:47:09.520+0530] {logging_mixin.py:190} INFO - [2025-07-17T07:47:09.519+0530] {dag.py:4180} INFO - Setting next_dagrun for latest_only_with_trigger to 2025-07-16 20:00:00+00:00, run_after=2025-07-17 00:00:00+00:00
[2025-07-17T07:47:09.531+0530] {processor.py:208} INFO - Processing /Users/parth/Desktop/Engine/venv/lib/python3.11/site-packages/airflow/example_dags/example_latest_only_with_trigger.py took 0.092 seconds
[2025-07-17T07:49:30.159+0530] {processor.py:186} INFO - Started process (PID=34381) to work on /Users/parth/Desktop/Engine/venv/lib/python3.11/site-packages/airflow/example_dags/example_latest_only_with_trigger.py
[2025-07-17T07:49:30.161+0530] {processor.py:914} INFO - Processing file /Users/parth/Desktop/Engine/venv/lib/python3.11/site-packages/airflow/example_dags/example_latest_only_with_trigger.py for tasks to queue
[2025-07-17T07:49:30.162+0530] {logging_mixin.py:190} INFO - [2025-07-17T07:49:30.162+0530] {dagbag.py:588} INFO - Filling up the DagBag from /Users/parth/Desktop/Engine/venv/lib/python3.11/site-packages/airflow/example_dags/example_latest_only_with_trigger.py
[2025-07-17T07:49:30.171+0530] {processor.py:925} INFO - DAG(s) 'latest_only_with_trigger' retrieved from /Users/parth/Desktop/Engine/venv/lib/python3.11/site-packages/airflow/example_dags/example_latest_only_with_trigger.py
[2025-07-17T07:49:30.284+0530] {logging_mixin.py:190} INFO - [2025-07-17T07:49:30.284+0530] {dag.py:3239} INFO - Sync 1 DAGs
[2025-07-17T07:49:30.306+0530] {logging_mixin.py:190} INFO - [2025-07-17T07:49:30.306+0530] {dag.py:4180} INFO - Setting next_dagrun for latest_only_with_trigger to 2025-07-16 20:00:00+00:00, run_after=2025-07-17 00:00:00+00:00
[2025-07-17T07:49:30.326+0530] {processor.py:208} INFO - Processing /Users/parth/Desktop/Engine/venv/lib/python3.11/site-packages/airflow/example_dags/example_latest_only_with_trigger.py took 0.171 seconds
[2025-07-17T07:54:36.681+0530] {processor.py:186} INFO - Started process (PID=36526) to work on /Users/parth/Desktop/Engine/venv/lib/python3.11/site-packages/airflow/example_dags/example_latest_only_with_trigger.py
[2025-07-17T07:54:36.682+0530] {processor.py:914} INFO - Processing file /Users/parth/Desktop/Engine/venv/lib/python3.11/site-packages/airflow/example_dags/example_latest_only_with_trigger.py for tasks to queue
[2025-07-17T07:54:36.683+0530] {logging_mixin.py:190} INFO - [2025-07-17T07:54:36.683+0530] {dagbag.py:588} INFO - Filling up the DagBag from /Users/parth/Desktop/Engine/venv/lib/python3.11/site-packages/airflow/example_dags/example_latest_only_with_trigger.py
[2025-07-17T07:54:36.688+0530] {processor.py:925} INFO - DAG(s) 'latest_only_with_trigger' retrieved from /Users/parth/Desktop/Engine/venv/lib/python3.11/site-packages/airflow/example_dags/example_latest_only_with_trigger.py
[2025-07-17T07:54:36.748+0530] {logging_mixin.py:190} INFO - [2025-07-17T07:54:36.748+0530] {dag.py:3239} INFO - Sync 1 DAGs
[2025-07-17T07:54:36.759+0530] {logging_mixin.py:190} INFO - [2025-07-17T07:54:36.759+0530] {dag.py:4180} INFO - Setting next_dagrun for latest_only_with_trigger to 2025-07-16 20:00:00+00:00, run_after=2025-07-17 00:00:00+00:00
[2025-07-17T07:54:36.770+0530] {processor.py:208} INFO - Processing /Users/parth/Desktop/Engine/venv/lib/python3.11/site-packages/airflow/example_dags/example_latest_only_with_trigger.py took 0.091 seconds
[2025-07-17T07:57:01.289+0530] {processor.py:186} INFO - Started process (PID=37528) to work on /Users/parth/Desktop/Engine/venv/lib/python3.11/site-packages/airflow/example_dags/example_latest_only_with_trigger.py
[2025-07-17T07:57:01.290+0530] {processor.py:914} INFO - Processing file /Users/parth/Desktop/Engine/venv/lib/python3.11/site-packages/airflow/example_dags/example_latest_only_with_trigger.py for tasks to queue
[2025-07-17T07:57:01.291+0530] {logging_mixin.py:190} INFO - [2025-07-17T07:57:01.291+0530] {dagbag.py:588} INFO - Filling up the DagBag from /Users/parth/Desktop/Engine/venv/lib/python3.11/site-packages/airflow/example_dags/example_latest_only_with_trigger.py
[2025-07-17T07:57:01.296+0530] {processor.py:925} INFO - DAG(s) 'latest_only_with_trigger' retrieved from /Users/parth/Desktop/Engine/venv/lib/python3.11/site-packages/airflow/example_dags/example_latest_only_with_trigger.py
[2025-07-17T07:57:01.358+0530] {logging_mixin.py:190} INFO - [2025-07-17T07:57:01.358+0530] {dag.py:3239} INFO - Sync 1 DAGs
[2025-07-17T07:57:01.370+0530] {logging_mixin.py:190} INFO - [2025-07-17T07:57:01.370+0530] {dag.py:4180} INFO - Setting next_dagrun for latest_only_with_trigger to 2025-07-16 20:00:00+00:00, run_after=2025-07-17 00:00:00+00:00
[2025-07-17T07:57:01.381+0530] {processor.py:208} INFO - Processing /Users/parth/Desktop/Engine/venv/lib/python3.11/site-packages/airflow/example_dags/example_latest_only_with_trigger.py took 0.094 seconds
[2025-07-17T08:01:10.210+0530] {processor.py:186} INFO - Started process (PID=39148) to work on /Users/parth/Desktop/Engine/venv/lib/python3.11/site-packages/airflow/example_dags/example_latest_only_with_trigger.py
[2025-07-17T08:01:10.211+0530] {processor.py:914} INFO - Processing file /Users/parth/Desktop/Engine/venv/lib/python3.11/site-packages/airflow/example_dags/example_latest_only_with_trigger.py for tasks to queue
[2025-07-17T08:01:10.211+0530] {logging_mixin.py:190} INFO - [2025-07-17T08:01:10.211+0530] {dagbag.py:588} INFO - Filling up the DagBag from /Users/parth/Desktop/Engine/venv/lib/python3.11/site-packages/airflow/example_dags/example_latest_only_with_trigger.py
[2025-07-17T08:01:10.217+0530] {processor.py:925} INFO - DAG(s) 'latest_only_with_trigger' retrieved from /Users/parth/Desktop/Engine/venv/lib/python3.11/site-packages/airflow/example_dags/example_latest_only_with_trigger.py
[2025-07-17T08:01:10.277+0530] {logging_mixin.py:190} INFO - [2025-07-17T08:01:10.277+0530] {dag.py:3239} INFO - Sync 1 DAGs
[2025-07-17T08:01:10.289+0530] {logging_mixin.py:190} INFO - [2025-07-17T08:01:10.289+0530] {dag.py:4180} INFO - Setting next_dagrun for latest_only_with_trigger to 2025-07-16 20:00:00+00:00, run_after=2025-07-17 00:00:00+00:00
[2025-07-17T08:01:10.300+0530] {processor.py:208} INFO - Processing /Users/parth/Desktop/Engine/venv/lib/python3.11/site-packages/airflow/example_dags/example_latest_only_with_trigger.py took 0.093 seconds
[2025-07-17T08:05:25.379+0530] {processor.py:186} INFO - Started process (PID=40898) to work on /Users/parth/Desktop/Engine/venv/lib/python3.11/site-packages/airflow/example_dags/example_latest_only_with_trigger.py
[2025-07-17T08:05:25.380+0530] {processor.py:914} INFO - Processing file /Users/parth/Desktop/Engine/venv/lib/python3.11/site-packages/airflow/example_dags/example_latest_only_with_trigger.py for tasks to queue
[2025-07-17T08:05:25.381+0530] {logging_mixin.py:190} INFO - [2025-07-17T08:05:25.381+0530] {dagbag.py:588} INFO - Filling up the DagBag from /Users/parth/Desktop/Engine/venv/lib/python3.11/site-packages/airflow/example_dags/example_latest_only_with_trigger.py
[2025-07-17T08:05:25.390+0530] {processor.py:925} INFO - DAG(s) 'latest_only_with_trigger' retrieved from /Users/parth/Desktop/Engine/venv/lib/python3.11/site-packages/airflow/example_dags/example_latest_only_with_trigger.py
[2025-07-17T08:05:25.453+0530] {logging_mixin.py:190} INFO - [2025-07-17T08:05:25.453+0530] {dag.py:3239} INFO - Sync 1 DAGs
[2025-07-17T08:05:25.466+0530] {logging_mixin.py:190} INFO - [2025-07-17T08:05:25.466+0530] {dag.py:4180} INFO - Setting next_dagrun for latest_only_with_trigger to 2025-07-16 20:00:00+00:00, run_after=2025-07-17 00:00:00+00:00
[2025-07-17T08:05:25.477+0530] {processor.py:208} INFO - Processing /Users/parth/Desktop/Engine/venv/lib/python3.11/site-packages/airflow/example_dags/example_latest_only_with_trigger.py took 0.100 seconds
[2025-07-17T08:09:38.746+0530] {processor.py:186} INFO - Started process (PID=42617) to work on /Users/parth/Desktop/Engine/venv/lib/python3.11/site-packages/airflow/example_dags/example_latest_only_with_trigger.py
[2025-07-17T08:09:38.746+0530] {processor.py:914} INFO - Processing file /Users/parth/Desktop/Engine/venv/lib/python3.11/site-packages/airflow/example_dags/example_latest_only_with_trigger.py for tasks to queue
[2025-07-17T08:09:38.747+0530] {logging_mixin.py:190} INFO - [2025-07-17T08:09:38.747+0530] {dagbag.py:588} INFO - Filling up the DagBag from /Users/parth/Desktop/Engine/venv/lib/python3.11/site-packages/airflow/example_dags/example_latest_only_with_trigger.py
[2025-07-17T08:09:38.752+0530] {processor.py:925} INFO - DAG(s) 'latest_only_with_trigger' retrieved from /Users/parth/Desktop/Engine/venv/lib/python3.11/site-packages/airflow/example_dags/example_latest_only_with_trigger.py
[2025-07-17T08:09:38.813+0530] {logging_mixin.py:190} INFO - [2025-07-17T08:09:38.813+0530] {dag.py:3239} INFO - Sync 1 DAGs
[2025-07-17T08:09:38.826+0530] {logging_mixin.py:190} INFO - [2025-07-17T08:09:38.826+0530] {dag.py:4180} INFO - Setting next_dagrun for latest_only_with_trigger to 2025-07-16 20:00:00+00:00, run_after=2025-07-17 00:00:00+00:00
[2025-07-17T08:09:38.839+0530] {processor.py:208} INFO - Processing /Users/parth/Desktop/Engine/venv/lib/python3.11/site-packages/airflow/example_dags/example_latest_only_with_trigger.py took 0.096 seconds
[2025-07-17T08:17:40.852+0530] {processor.py:186} INFO - Started process (PID=44084) to work on /Users/parth/Desktop/Engine/venv/lib/python3.11/site-packages/airflow/example_dags/example_latest_only_with_trigger.py
[2025-07-17T08:17:40.853+0530] {processor.py:914} INFO - Processing file /Users/parth/Desktop/Engine/venv/lib/python3.11/site-packages/airflow/example_dags/example_latest_only_with_trigger.py for tasks to queue
[2025-07-17T08:17:40.854+0530] {logging_mixin.py:190} INFO - [2025-07-17T08:17:40.854+0530] {dagbag.py:588} INFO - Filling up the DagBag from /Users/parth/Desktop/Engine/venv/lib/python3.11/site-packages/airflow/example_dags/example_latest_only_with_trigger.py
[2025-07-17T08:17:40.859+0530] {processor.py:925} INFO - DAG(s) 'latest_only_with_trigger' retrieved from /Users/parth/Desktop/Engine/venv/lib/python3.11/site-packages/airflow/example_dags/example_latest_only_with_trigger.py
[2025-07-17T08:17:40.921+0530] {logging_mixin.py:190} INFO - [2025-07-17T08:17:40.920+0530] {dag.py:3239} INFO - Sync 1 DAGs
[2025-07-17T08:17:40.932+0530] {logging_mixin.py:190} INFO - [2025-07-17T08:17:40.932+0530] {dag.py:4180} INFO - Setting next_dagrun for latest_only_with_trigger to 2025-07-16 20:00:00+00:00, run_after=2025-07-17 00:00:00+00:00
[2025-07-17T08:17:40.943+0530] {processor.py:208} INFO - Processing /Users/parth/Desktop/Engine/venv/lib/python3.11/site-packages/airflow/example_dags/example_latest_only_with_trigger.py took 0.093 seconds
[2025-07-17T08:21:33.697+0530] {processor.py:186} INFO - Started process (PID=45489) to work on /Users/parth/Desktop/Engine/venv/lib/python3.11/site-packages/airflow/example_dags/example_latest_only_with_trigger.py
[2025-07-17T08:21:33.698+0530] {processor.py:914} INFO - Processing file /Users/parth/Desktop/Engine/venv/lib/python3.11/site-packages/airflow/example_dags/example_latest_only_with_trigger.py for tasks to queue
[2025-07-17T08:21:33.699+0530] {logging_mixin.py:190} INFO - [2025-07-17T08:21:33.699+0530] {dagbag.py:588} INFO - Filling up the DagBag from /Users/parth/Desktop/Engine/venv/lib/python3.11/site-packages/airflow/example_dags/example_latest_only_with_trigger.py
[2025-07-17T08:21:33.704+0530] {processor.py:925} INFO - DAG(s) 'latest_only_with_trigger' retrieved from /Users/parth/Desktop/Engine/venv/lib/python3.11/site-packages/airflow/example_dags/example_latest_only_with_trigger.py
[2025-07-17T08:21:33.766+0530] {logging_mixin.py:190} INFO - [2025-07-17T08:21:33.765+0530] {dag.py:3239} INFO - Sync 1 DAGs
[2025-07-17T08:21:33.777+0530] {logging_mixin.py:190} INFO - [2025-07-17T08:21:33.777+0530] {dag.py:4180} INFO - Setting next_dagrun for latest_only_with_trigger to 2025-07-16 20:00:00+00:00, run_after=2025-07-17 00:00:00+00:00
[2025-07-17T08:21:33.787+0530] {processor.py:208} INFO - Processing /Users/parth/Desktop/Engine/venv/lib/python3.11/site-packages/airflow/example_dags/example_latest_only_with_trigger.py took 0.093 seconds
[2025-07-17T08:25:06.010+0530] {processor.py:186} INFO - Started process (PID=46895) to work on /Users/parth/Desktop/Engine/venv/lib/python3.11/site-packages/airflow/example_dags/example_latest_only_with_trigger.py
[2025-07-17T08:25:06.011+0530] {processor.py:914} INFO - Processing file /Users/parth/Desktop/Engine/venv/lib/python3.11/site-packages/airflow/example_dags/example_latest_only_with_trigger.py for tasks to queue
[2025-07-17T08:25:06.012+0530] {logging_mixin.py:190} INFO - [2025-07-17T08:25:06.011+0530] {dagbag.py:588} INFO - Filling up the DagBag from /Users/parth/Desktop/Engine/venv/lib/python3.11/site-packages/airflow/example_dags/example_latest_only_with_trigger.py
[2025-07-17T08:25:06.017+0530] {processor.py:925} INFO - DAG(s) 'latest_only_with_trigger' retrieved from /Users/parth/Desktop/Engine/venv/lib/python3.11/site-packages/airflow/example_dags/example_latest_only_with_trigger.py
[2025-07-17T08:25:06.078+0530] {logging_mixin.py:190} INFO - [2025-07-17T08:25:06.078+0530] {dag.py:3239} INFO - Sync 1 DAGs
[2025-07-17T08:25:06.090+0530] {logging_mixin.py:190} INFO - [2025-07-17T08:25:06.090+0530] {dag.py:4180} INFO - Setting next_dagrun for latest_only_with_trigger to 2025-07-16 20:00:00+00:00, run_after=2025-07-17 00:00:00+00:00
[2025-07-17T08:25:06.101+0530] {processor.py:208} INFO - Processing /Users/parth/Desktop/Engine/venv/lib/python3.11/site-packages/airflow/example_dags/example_latest_only_with_trigger.py took 0.093 seconds
[2025-07-17T08:28:52.018+0530] {processor.py:186} INFO - Started process (PID=48494) to work on /Users/parth/Desktop/Engine/venv/lib/python3.11/site-packages/airflow/example_dags/example_latest_only_with_trigger.py
[2025-07-17T08:28:52.019+0530] {processor.py:914} INFO - Processing file /Users/parth/Desktop/Engine/venv/lib/python3.11/site-packages/airflow/example_dags/example_latest_only_with_trigger.py for tasks to queue
[2025-07-17T08:28:52.020+0530] {logging_mixin.py:190} INFO - [2025-07-17T08:28:52.020+0530] {dagbag.py:588} INFO - Filling up the DagBag from /Users/parth/Desktop/Engine/venv/lib/python3.11/site-packages/airflow/example_dags/example_latest_only_with_trigger.py
[2025-07-17T08:28:52.026+0530] {processor.py:925} INFO - DAG(s) 'latest_only_with_trigger' retrieved from /Users/parth/Desktop/Engine/venv/lib/python3.11/site-packages/airflow/example_dags/example_latest_only_with_trigger.py
[2025-07-17T08:28:52.090+0530] {logging_mixin.py:190} INFO - [2025-07-17T08:28:52.089+0530] {dag.py:3239} INFO - Sync 1 DAGs
[2025-07-17T08:28:52.101+0530] {logging_mixin.py:190} INFO - [2025-07-17T08:28:52.101+0530] {dag.py:4180} INFO - Setting next_dagrun for latest_only_with_trigger to 2025-07-16 20:00:00+00:00, run_after=2025-07-17 00:00:00+00:00
[2025-07-17T08:28:52.112+0530] {processor.py:208} INFO - Processing /Users/parth/Desktop/Engine/venv/lib/python3.11/site-packages/airflow/example_dags/example_latest_only_with_trigger.py took 0.097 seconds
[2025-07-17T08:36:51.395+0530] {processor.py:186} INFO - Started process (PID=49975) to work on /Users/parth/Desktop/Engine/venv/lib/python3.11/site-packages/airflow/example_dags/example_latest_only_with_trigger.py
[2025-07-17T08:36:51.396+0530] {processor.py:914} INFO - Processing file /Users/parth/Desktop/Engine/venv/lib/python3.11/site-packages/airflow/example_dags/example_latest_only_with_trigger.py for tasks to queue
[2025-07-17T08:36:51.397+0530] {logging_mixin.py:190} INFO - [2025-07-17T08:36:51.396+0530] {dagbag.py:588} INFO - Filling up the DagBag from /Users/parth/Desktop/Engine/venv/lib/python3.11/site-packages/airflow/example_dags/example_latest_only_with_trigger.py
[2025-07-17T08:36:51.402+0530] {processor.py:925} INFO - DAG(s) 'latest_only_with_trigger' retrieved from /Users/parth/Desktop/Engine/venv/lib/python3.11/site-packages/airflow/example_dags/example_latest_only_with_trigger.py
[2025-07-17T08:36:51.462+0530] {logging_mixin.py:190} INFO - [2025-07-17T08:36:51.462+0530] {dag.py:3239} INFO - Sync 1 DAGs
[2025-07-17T08:36:51.473+0530] {logging_mixin.py:190} INFO - [2025-07-17T08:36:51.473+0530] {dag.py:4180} INFO - Setting next_dagrun for latest_only_with_trigger to 2025-07-16 20:00:00+00:00, run_after=2025-07-17 00:00:00+00:00
[2025-07-17T08:36:51.484+0530] {processor.py:208} INFO - Processing /Users/parth/Desktop/Engine/venv/lib/python3.11/site-packages/airflow/example_dags/example_latest_only_with_trigger.py took 0.092 seconds
[2025-07-17T08:40:19.881+0530] {processor.py:186} INFO - Started process (PID=51326) to work on /Users/parth/Desktop/Engine/venv/lib/python3.11/site-packages/airflow/example_dags/example_latest_only_with_trigger.py
[2025-07-17T08:40:19.883+0530] {processor.py:914} INFO - Processing file /Users/parth/Desktop/Engine/venv/lib/python3.11/site-packages/airflow/example_dags/example_latest_only_with_trigger.py for tasks to queue
[2025-07-17T08:40:19.884+0530] {logging_mixin.py:190} INFO - [2025-07-17T08:40:19.883+0530] {dagbag.py:588} INFO - Filling up the DagBag from /Users/parth/Desktop/Engine/venv/lib/python3.11/site-packages/airflow/example_dags/example_latest_only_with_trigger.py
[2025-07-17T08:40:19.889+0530] {processor.py:925} INFO - DAG(s) 'latest_only_with_trigger' retrieved from /Users/parth/Desktop/Engine/venv/lib/python3.11/site-packages/airflow/example_dags/example_latest_only_with_trigger.py
[2025-07-17T08:40:19.950+0530] {logging_mixin.py:190} INFO - [2025-07-17T08:40:19.950+0530] {dag.py:3239} INFO - Sync 1 DAGs
[2025-07-17T08:40:19.962+0530] {logging_mixin.py:190} INFO - [2025-07-17T08:40:19.962+0530] {dag.py:4180} INFO - Setting next_dagrun for latest_only_with_trigger to 2025-07-16 20:00:00+00:00, run_after=2025-07-17 00:00:00+00:00
[2025-07-17T08:40:19.972+0530] {processor.py:208} INFO - Processing /Users/parth/Desktop/Engine/venv/lib/python3.11/site-packages/airflow/example_dags/example_latest_only_with_trigger.py took 0.093 seconds
