[2025-07-17T07:23:50.032+0530] {processor.py:186} INFO - Started process (PID=24128) to work on /Users/parth/Desktop/Engine/venv/lib/python3.11/site-packages/airflow/example_dags/example_branch_datetime_operator.py
[2025-07-17T07:23:50.033+0530] {processor.py:914} INFO - Processing file /Users/parth/Desktop/Engine/venv/lib/python3.11/site-packages/airflow/example_dags/example_branch_datetime_operator.py for tasks to queue
[2025-07-17T07:23:50.034+0530] {logging_mixin.py:190} INFO - [2025-07-17T07:23:50.033+0530] {dagbag.py:588} INFO - Filling up the DagBag from /Users/parth/Desktop/Engine/venv/lib/python3.11/site-packages/airflow/example_dags/example_branch_datetime_operator.py
[2025-07-17T07:23:50.043+0530] {processor.py:925} INFO - DAG(s) 'example_branch_datetime_operator_3', 'example_branch_datetime_operator', 'example_branch_datetime_operator_2' retrieved from /Users/parth/Desktop/Engine/venv/lib/python3.11/site-packages/airflow/example_dags/example_branch_datetime_operator.py
[2025-07-17T07:23:50.107+0530] {logging_mixin.py:190} INFO - [2025-07-17T07:23:50.106+0530] {dag.py:3239} INFO - Sync 3 DAGs
[2025-07-17T07:23:50.120+0530] {logging_mixin.py:190} INFO - [2025-07-17T07:23:50.119+0530] {dag.py:4180} INFO - Setting next_dagrun for example_branch_datetime_operator to 2025-07-16 00:00:00+00:00, run_after=2025-07-17 00:00:00+00:00
[2025-07-17T07:23:50.122+0530] {logging_mixin.py:190} INFO - [2025-07-17T07:23:50.122+0530] {dag.py:4180} INFO - Setting next_dagrun for example_branch_datetime_operator_2 to 2025-07-16 00:00:00+00:00, run_after=2025-07-17 00:00:00+00:00
[2025-07-17T07:23:50.123+0530] {logging_mixin.py:190} INFO - [2025-07-17T07:23:50.123+0530] {dag.py:4180} INFO - Setting next_dagrun for example_branch_datetime_operator_3 to 2025-07-16 00:00:00+00:00, run_after=2025-07-17 00:00:00+00:00
[2025-07-17T07:23:50.133+0530] {processor.py:208} INFO - Processing /Users/parth/Desktop/Engine/venv/lib/python3.11/site-packages/airflow/example_dags/example_branch_datetime_operator.py took 0.103 seconds
[2025-07-17T07:27:36.627+0530] {processor.py:186} INFO - Started process (PID=25606) to work on /Users/parth/Desktop/Engine/venv/lib/python3.11/site-packages/airflow/example_dags/example_branch_datetime_operator.py
[2025-07-17T07:27:36.628+0530] {processor.py:914} INFO - Processing file /Users/parth/Desktop/Engine/venv/lib/python3.11/site-packages/airflow/example_dags/example_branch_datetime_operator.py for tasks to queue
[2025-07-17T07:27:36.629+0530] {logging_mixin.py:190} INFO - [2025-07-17T07:27:36.629+0530] {dagbag.py:588} INFO - Filling up the DagBag from /Users/parth/Desktop/Engine/venv/lib/python3.11/site-packages/airflow/example_dags/example_branch_datetime_operator.py
[2025-07-17T07:27:36.637+0530] {processor.py:925} INFO - DAG(s) 'example_branch_datetime_operator', 'example_branch_datetime_operator_3', 'example_branch_datetime_operator_2' retrieved from /Users/parth/Desktop/Engine/venv/lib/python3.11/site-packages/airflow/example_dags/example_branch_datetime_operator.py
[2025-07-17T07:27:36.701+0530] {logging_mixin.py:190} INFO - [2025-07-17T07:27:36.701+0530] {dag.py:3239} INFO - Sync 3 DAGs
[2025-07-17T07:27:36.713+0530] {logging_mixin.py:190} INFO - [2025-07-17T07:27:36.713+0530] {dag.py:4180} INFO - Setting next_dagrun for example_branch_datetime_operator to 2025-07-16 00:00:00+00:00, run_after=2025-07-17 00:00:00+00:00
[2025-07-17T07:27:36.716+0530] {logging_mixin.py:190} INFO - [2025-07-17T07:27:36.716+0530] {dag.py:4180} INFO - Setting next_dagrun for example_branch_datetime_operator_2 to 2025-07-16 00:00:00+00:00, run_after=2025-07-17 00:00:00+00:00
[2025-07-17T07:27:36.717+0530] {logging_mixin.py:190} INFO - [2025-07-17T07:27:36.717+0530] {dag.py:4180} INFO - Setting next_dagrun for example_branch_datetime_operator_3 to 2025-07-16 00:00:00+00:00, run_after=2025-07-17 00:00:00+00:00
[2025-07-17T07:27:36.727+0530] {processor.py:208} INFO - Processing /Users/parth/Desktop/Engine/venv/lib/python3.11/site-packages/airflow/example_dags/example_branch_datetime_operator.py took 0.102 seconds
[2025-07-17T07:31:05.944+0530] {processor.py:186} INFO - Started process (PID=26950) to work on /Users/parth/Desktop/Engine/venv/lib/python3.11/site-packages/airflow/example_dags/example_branch_datetime_operator.py
[2025-07-17T07:31:05.946+0530] {processor.py:914} INFO - Processing file /Users/parth/Desktop/Engine/venv/lib/python3.11/site-packages/airflow/example_dags/example_branch_datetime_operator.py for tasks to queue
[2025-07-17T07:31:05.947+0530] {logging_mixin.py:190} INFO - [2025-07-17T07:31:05.946+0530] {dagbag.py:588} INFO - Filling up the DagBag from /Users/parth/Desktop/Engine/venv/lib/python3.11/site-packages/airflow/example_dags/example_branch_datetime_operator.py
[2025-07-17T07:31:05.955+0530] {processor.py:925} INFO - DAG(s) 'example_branch_datetime_operator_3', 'example_branch_datetime_operator', 'example_branch_datetime_operator_2' retrieved from /Users/parth/Desktop/Engine/venv/lib/python3.11/site-packages/airflow/example_dags/example_branch_datetime_operator.py
[2025-07-17T07:31:06.020+0530] {logging_mixin.py:190} INFO - [2025-07-17T07:31:06.020+0530] {dag.py:3239} INFO - Sync 3 DAGs
[2025-07-17T07:31:06.033+0530] {logging_mixin.py:190} INFO - [2025-07-17T07:31:06.033+0530] {dag.py:4180} INFO - Setting next_dagrun for example_branch_datetime_operator to 2025-07-16 00:00:00+00:00, run_after=2025-07-17 00:00:00+00:00
[2025-07-17T07:31:06.035+0530] {logging_mixin.py:190} INFO - [2025-07-17T07:31:06.035+0530] {dag.py:4180} INFO - Setting next_dagrun for example_branch_datetime_operator_2 to 2025-07-16 00:00:00+00:00, run_after=2025-07-17 00:00:00+00:00
[2025-07-17T07:31:06.036+0530] {logging_mixin.py:190} INFO - [2025-07-17T07:31:06.036+0530] {dag.py:4180} INFO - Setting next_dagrun for example_branch_datetime_operator_3 to 2025-07-16 00:00:00+00:00, run_after=2025-07-17 00:00:00+00:00
[2025-07-17T07:31:06.046+0530] {processor.py:208} INFO - Processing /Users/parth/Desktop/Engine/venv/lib/python3.11/site-packages/airflow/example_dags/example_branch_datetime_operator.py took 0.105 seconds
[2025-07-17T07:34:39.045+0530] {processor.py:186} INFO - Started process (PID=28339) to work on /Users/parth/Desktop/Engine/venv/lib/python3.11/site-packages/airflow/example_dags/example_branch_datetime_operator.py
[2025-07-17T07:34:39.047+0530] {processor.py:914} INFO - Processing file /Users/parth/Desktop/Engine/venv/lib/python3.11/site-packages/airflow/example_dags/example_branch_datetime_operator.py for tasks to queue
[2025-07-17T07:34:39.047+0530] {logging_mixin.py:190} INFO - [2025-07-17T07:34:39.047+0530] {dagbag.py:588} INFO - Filling up the DagBag from /Users/parth/Desktop/Engine/venv/lib/python3.11/site-packages/airflow/example_dags/example_branch_datetime_operator.py
[2025-07-17T07:34:39.059+0530] {processor.py:925} INFO - DAG(s) 'example_branch_datetime_operator', 'example_branch_datetime_operator_2', 'example_branch_datetime_operator_3' retrieved from /Users/parth/Desktop/Engine/venv/lib/python3.11/site-packages/airflow/example_dags/example_branch_datetime_operator.py
[2025-07-17T07:34:39.134+0530] {logging_mixin.py:190} INFO - [2025-07-17T07:34:39.133+0530] {dag.py:3239} INFO - Sync 3 DAGs
[2025-07-17T07:34:39.148+0530] {logging_mixin.py:190} INFO - [2025-07-17T07:34:39.148+0530] {dag.py:4180} INFO - Setting next_dagrun for example_branch_datetime_operator to 2025-07-16 00:00:00+00:00, run_after=2025-07-17 00:00:00+00:00
[2025-07-17T07:34:39.152+0530] {logging_mixin.py:190} INFO - [2025-07-17T07:34:39.152+0530] {dag.py:4180} INFO - Setting next_dagrun for example_branch_datetime_operator_2 to 2025-07-16 00:00:00+00:00, run_after=2025-07-17 00:00:00+00:00
[2025-07-17T07:34:39.153+0530] {logging_mixin.py:190} INFO - [2025-07-17T07:34:39.153+0530] {dag.py:4180} INFO - Setting next_dagrun for example_branch_datetime_operator_3 to 2025-07-16 00:00:00+00:00, run_after=2025-07-17 00:00:00+00:00
[2025-07-17T07:34:39.165+0530] {processor.py:208} INFO - Processing /Users/parth/Desktop/Engine/venv/lib/python3.11/site-packages/airflow/example_dags/example_branch_datetime_operator.py took 0.122 seconds
[2025-07-17T07:38:26.183+0530] {processor.py:186} INFO - Started process (PID=29843) to work on /Users/parth/Desktop/Engine/venv/lib/python3.11/site-packages/airflow/example_dags/example_branch_datetime_operator.py
[2025-07-17T07:38:26.184+0530] {processor.py:914} INFO - Processing file /Users/parth/Desktop/Engine/venv/lib/python3.11/site-packages/airflow/example_dags/example_branch_datetime_operator.py for tasks to queue
[2025-07-17T07:38:26.185+0530] {logging_mixin.py:190} INFO - [2025-07-17T07:38:26.185+0530] {dagbag.py:588} INFO - Filling up the DagBag from /Users/parth/Desktop/Engine/venv/lib/python3.11/site-packages/airflow/example_dags/example_branch_datetime_operator.py
[2025-07-17T07:38:26.193+0530] {processor.py:925} INFO - DAG(s) 'example_branch_datetime_operator_3', 'example_branch_datetime_operator', 'example_branch_datetime_operator_2' retrieved from /Users/parth/Desktop/Engine/venv/lib/python3.11/site-packages/airflow/example_dags/example_branch_datetime_operator.py
[2025-07-17T07:38:26.261+0530] {logging_mixin.py:190} INFO - [2025-07-17T07:38:26.260+0530] {dag.py:3239} INFO - Sync 3 DAGs
[2025-07-17T07:38:26.273+0530] {logging_mixin.py:190} INFO - [2025-07-17T07:38:26.273+0530] {dag.py:4180} INFO - Setting next_dagrun for example_branch_datetime_operator to 2025-07-16 00:00:00+00:00, run_after=2025-07-17 00:00:00+00:00
[2025-07-17T07:38:26.277+0530] {logging_mixin.py:190} INFO - [2025-07-17T07:38:26.277+0530] {dag.py:4180} INFO - Setting next_dagrun for example_branch_datetime_operator_2 to 2025-07-16 00:00:00+00:00, run_after=2025-07-17 00:00:00+00:00
[2025-07-17T07:38:26.278+0530] {logging_mixin.py:190} INFO - [2025-07-17T07:38:26.278+0530] {dag.py:4180} INFO - Setting next_dagrun for example_branch_datetime_operator_3 to 2025-07-16 00:00:00+00:00, run_after=2025-07-17 00:00:00+00:00
[2025-07-17T07:38:26.288+0530] {processor.py:208} INFO - Processing /Users/parth/Desktop/Engine/venv/lib/python3.11/site-packages/airflow/example_dags/example_branch_datetime_operator.py took 0.107 seconds
[2025-07-17T07:42:20.925+0530] {processor.py:186} INFO - Started process (PID=31370) to work on /Users/parth/Desktop/Engine/venv/lib/python3.11/site-packages/airflow/example_dags/example_branch_datetime_operator.py
[2025-07-17T07:42:20.927+0530] {processor.py:914} INFO - Processing file /Users/parth/Desktop/Engine/venv/lib/python3.11/site-packages/airflow/example_dags/example_branch_datetime_operator.py for tasks to queue
[2025-07-17T07:42:20.927+0530] {logging_mixin.py:190} INFO - [2025-07-17T07:42:20.927+0530] {dagbag.py:588} INFO - Filling up the DagBag from /Users/parth/Desktop/Engine/venv/lib/python3.11/site-packages/airflow/example_dags/example_branch_datetime_operator.py
[2025-07-17T07:42:20.936+0530] {processor.py:925} INFO - DAG(s) 'example_branch_datetime_operator_2', 'example_branch_datetime_operator', 'example_branch_datetime_operator_3' retrieved from /Users/parth/Desktop/Engine/venv/lib/python3.11/site-packages/airflow/example_dags/example_branch_datetime_operator.py
[2025-07-17T07:42:20.999+0530] {logging_mixin.py:190} INFO - [2025-07-17T07:42:20.998+0530] {dag.py:3239} INFO - Sync 3 DAGs
[2025-07-17T07:42:21.011+0530] {logging_mixin.py:190} INFO - [2025-07-17T07:42:21.011+0530] {dag.py:4180} INFO - Setting next_dagrun for example_branch_datetime_operator to 2025-07-16 00:00:00+00:00, run_after=2025-07-17 00:00:00+00:00
[2025-07-17T07:42:21.013+0530] {logging_mixin.py:190} INFO - [2025-07-17T07:42:21.013+0530] {dag.py:4180} INFO - Setting next_dagrun for example_branch_datetime_operator_2 to 2025-07-16 00:00:00+00:00, run_after=2025-07-17 00:00:00+00:00
[2025-07-17T07:42:21.015+0530] {logging_mixin.py:190} INFO - [2025-07-17T07:42:21.015+0530] {dag.py:4180} INFO - Setting next_dagrun for example_branch_datetime_operator_3 to 2025-07-16 00:00:00+00:00, run_after=2025-07-17 00:00:00+00:00
[2025-07-17T07:42:21.024+0530] {processor.py:208} INFO - Processing /Users/parth/Desktop/Engine/venv/lib/python3.11/site-packages/airflow/example_dags/example_branch_datetime_operator.py took 0.101 seconds
[2025-07-17T07:47:43.592+0530] {processor.py:186} INFO - Started process (PID=33672) to work on /Users/parth/Desktop/Engine/venv/lib/python3.11/site-packages/airflow/example_dags/example_branch_datetime_operator.py
[2025-07-17T07:47:43.592+0530] {processor.py:914} INFO - Processing file /Users/parth/Desktop/Engine/venv/lib/python3.11/site-packages/airflow/example_dags/example_branch_datetime_operator.py for tasks to queue
[2025-07-17T07:47:43.593+0530] {logging_mixin.py:190} INFO - [2025-07-17T07:47:43.593+0530] {dagbag.py:588} INFO - Filling up the DagBag from /Users/parth/Desktop/Engine/venv/lib/python3.11/site-packages/airflow/example_dags/example_branch_datetime_operator.py
[2025-07-17T07:47:43.601+0530] {processor.py:925} INFO - DAG(s) 'example_branch_datetime_operator_3', 'example_branch_datetime_operator_2', 'example_branch_datetime_operator' retrieved from /Users/parth/Desktop/Engine/venv/lib/python3.11/site-packages/airflow/example_dags/example_branch_datetime_operator.py
[2025-07-17T07:47:43.665+0530] {logging_mixin.py:190} INFO - [2025-07-17T07:47:43.665+0530] {dag.py:3239} INFO - Sync 3 DAGs
[2025-07-17T07:47:43.678+0530] {logging_mixin.py:190} INFO - [2025-07-17T07:47:43.678+0530] {dag.py:4180} INFO - Setting next_dagrun for example_branch_datetime_operator to 2025-07-16 00:00:00+00:00, run_after=2025-07-17 00:00:00+00:00
[2025-07-17T07:47:43.680+0530] {logging_mixin.py:190} INFO - [2025-07-17T07:47:43.680+0530] {dag.py:4180} INFO - Setting next_dagrun for example_branch_datetime_operator_2 to 2025-07-16 00:00:00+00:00, run_after=2025-07-17 00:00:00+00:00
[2025-07-17T07:47:43.681+0530] {logging_mixin.py:190} INFO - [2025-07-17T07:47:43.681+0530] {dag.py:4180} INFO - Setting next_dagrun for example_branch_datetime_operator_3 to 2025-07-16 00:00:00+00:00, run_after=2025-07-17 00:00:00+00:00
[2025-07-17T07:47:43.691+0530] {processor.py:208} INFO - Processing /Users/parth/Desktop/Engine/venv/lib/python3.11/site-packages/airflow/example_dags/example_branch_datetime_operator.py took 0.102 seconds
[2025-07-17T07:52:17.440+0530] {processor.py:186} INFO - Started process (PID=35515) to work on /Users/parth/Desktop/Engine/venv/lib/python3.11/site-packages/airflow/example_dags/example_branch_datetime_operator.py
[2025-07-17T07:52:17.442+0530] {processor.py:914} INFO - Processing file /Users/parth/Desktop/Engine/venv/lib/python3.11/site-packages/airflow/example_dags/example_branch_datetime_operator.py for tasks to queue
[2025-07-17T07:52:17.448+0530] {logging_mixin.py:190} INFO - [2025-07-17T07:52:17.448+0530] {dagbag.py:588} INFO - Filling up the DagBag from /Users/parth/Desktop/Engine/venv/lib/python3.11/site-packages/airflow/example_dags/example_branch_datetime_operator.py
[2025-07-17T07:52:17.482+0530] {processor.py:925} INFO - DAG(s) 'example_branch_datetime_operator_3', 'example_branch_datetime_operator', 'example_branch_datetime_operator_2' retrieved from /Users/parth/Desktop/Engine/venv/lib/python3.11/site-packages/airflow/example_dags/example_branch_datetime_operator.py
[2025-07-17T07:52:17.669+0530] {logging_mixin.py:190} INFO - [2025-07-17T07:52:17.668+0530] {dag.py:3239} INFO - Sync 3 DAGs
[2025-07-17T07:52:17.703+0530] {logging_mixin.py:190} INFO - [2025-07-17T07:52:17.697+0530] {dag.py:4180} INFO - Setting next_dagrun for example_branch_datetime_operator to 2025-07-16 00:00:00+00:00, run_after=2025-07-17 00:00:00+00:00
[2025-07-17T07:52:17.710+0530] {logging_mixin.py:190} INFO - [2025-07-17T07:52:17.710+0530] {dag.py:4180} INFO - Setting next_dagrun for example_branch_datetime_operator_2 to 2025-07-16 00:00:00+00:00, run_after=2025-07-17 00:00:00+00:00
[2025-07-17T07:52:17.713+0530] {logging_mixin.py:190} INFO - [2025-07-17T07:52:17.713+0530] {dag.py:4180} INFO - Setting next_dagrun for example_branch_datetime_operator_3 to 2025-07-16 00:00:00+00:00, run_after=2025-07-17 00:00:00+00:00
[2025-07-17T07:52:17.744+0530] {processor.py:208} INFO - Processing /Users/parth/Desktop/Engine/venv/lib/python3.11/site-packages/airflow/example_dags/example_branch_datetime_operator.py took 0.316 seconds
[2025-07-17T07:57:17.558+0530] {processor.py:186} INFO - Started process (PID=37639) to work on /Users/parth/Desktop/Engine/venv/lib/python3.11/site-packages/airflow/example_dags/example_branch_datetime_operator.py
[2025-07-17T07:57:17.559+0530] {processor.py:914} INFO - Processing file /Users/parth/Desktop/Engine/venv/lib/python3.11/site-packages/airflow/example_dags/example_branch_datetime_operator.py for tasks to queue
[2025-07-17T07:57:17.560+0530] {logging_mixin.py:190} INFO - [2025-07-17T07:57:17.560+0530] {dagbag.py:588} INFO - Filling up the DagBag from /Users/parth/Desktop/Engine/venv/lib/python3.11/site-packages/airflow/example_dags/example_branch_datetime_operator.py
[2025-07-17T07:57:17.568+0530] {processor.py:925} INFO - DAG(s) 'example_branch_datetime_operator_2', 'example_branch_datetime_operator_3', 'example_branch_datetime_operator' retrieved from /Users/parth/Desktop/Engine/venv/lib/python3.11/site-packages/airflow/example_dags/example_branch_datetime_operator.py
[2025-07-17T07:57:17.634+0530] {logging_mixin.py:190} INFO - [2025-07-17T07:57:17.633+0530] {dag.py:3239} INFO - Sync 3 DAGs
[2025-07-17T07:57:17.646+0530] {logging_mixin.py:190} INFO - [2025-07-17T07:57:17.646+0530] {dag.py:4180} INFO - Setting next_dagrun for example_branch_datetime_operator to 2025-07-16 00:00:00+00:00, run_after=2025-07-17 00:00:00+00:00
[2025-07-17T07:57:17.648+0530] {logging_mixin.py:190} INFO - [2025-07-17T07:57:17.648+0530] {dag.py:4180} INFO - Setting next_dagrun for example_branch_datetime_operator_2 to 2025-07-16 00:00:00+00:00, run_after=2025-07-17 00:00:00+00:00
[2025-07-17T07:57:17.650+0530] {logging_mixin.py:190} INFO - [2025-07-17T07:57:17.650+0530] {dag.py:4180} INFO - Setting next_dagrun for example_branch_datetime_operator_3 to 2025-07-16 00:00:00+00:00, run_after=2025-07-17 00:00:00+00:00
[2025-07-17T07:57:17.661+0530] {processor.py:208} INFO - Processing /Users/parth/Desktop/Engine/venv/lib/python3.11/site-packages/airflow/example_dags/example_branch_datetime_operator.py took 0.105 seconds
[2025-07-17T08:01:27.464+0530] {processor.py:186} INFO - Started process (PID=39260) to work on /Users/parth/Desktop/Engine/venv/lib/python3.11/site-packages/airflow/example_dags/example_branch_datetime_operator.py
[2025-07-17T08:01:27.465+0530] {processor.py:914} INFO - Processing file /Users/parth/Desktop/Engine/venv/lib/python3.11/site-packages/airflow/example_dags/example_branch_datetime_operator.py for tasks to queue
[2025-07-17T08:01:27.466+0530] {logging_mixin.py:190} INFO - [2025-07-17T08:01:27.466+0530] {dagbag.py:588} INFO - Filling up the DagBag from /Users/parth/Desktop/Engine/venv/lib/python3.11/site-packages/airflow/example_dags/example_branch_datetime_operator.py
[2025-07-17T08:01:27.476+0530] {processor.py:925} INFO - DAG(s) 'example_branch_datetime_operator_3', 'example_branch_datetime_operator', 'example_branch_datetime_operator_2' retrieved from /Users/parth/Desktop/Engine/venv/lib/python3.11/site-packages/airflow/example_dags/example_branch_datetime_operator.py
[2025-07-17T08:01:27.555+0530] {logging_mixin.py:190} INFO - [2025-07-17T08:01:27.554+0530] {dag.py:3239} INFO - Sync 3 DAGs
[2025-07-17T08:01:27.572+0530] {logging_mixin.py:190} INFO - [2025-07-17T08:01:27.572+0530] {dag.py:4180} INFO - Setting next_dagrun for example_branch_datetime_operator to 2025-07-16 00:00:00+00:00, run_after=2025-07-17 00:00:00+00:00
[2025-07-17T08:01:27.577+0530] {logging_mixin.py:190} INFO - [2025-07-17T08:01:27.577+0530] {dag.py:4180} INFO - Setting next_dagrun for example_branch_datetime_operator_2 to 2025-07-16 00:00:00+00:00, run_after=2025-07-17 00:00:00+00:00
[2025-07-17T08:01:27.579+0530] {logging_mixin.py:190} INFO - [2025-07-17T08:01:27.579+0530] {dag.py:4180} INFO - Setting next_dagrun for example_branch_datetime_operator_3 to 2025-07-16 00:00:00+00:00, run_after=2025-07-17 00:00:00+00:00
[2025-07-17T08:01:27.592+0530] {processor.py:208} INFO - Processing /Users/parth/Desktop/Engine/venv/lib/python3.11/site-packages/airflow/example_dags/example_branch_datetime_operator.py took 0.131 seconds
[2025-07-17T08:05:44.488+0530] {processor.py:186} INFO - Started process (PID=41031) to work on /Users/parth/Desktop/Engine/venv/lib/python3.11/site-packages/airflow/example_dags/example_branch_datetime_operator.py
[2025-07-17T08:05:44.489+0530] {processor.py:914} INFO - Processing file /Users/parth/Desktop/Engine/venv/lib/python3.11/site-packages/airflow/example_dags/example_branch_datetime_operator.py for tasks to queue
[2025-07-17T08:05:44.490+0530] {logging_mixin.py:190} INFO - [2025-07-17T08:05:44.490+0530] {dagbag.py:588} INFO - Filling up the DagBag from /Users/parth/Desktop/Engine/venv/lib/python3.11/site-packages/airflow/example_dags/example_branch_datetime_operator.py
[2025-07-17T08:05:44.498+0530] {processor.py:925} INFO - DAG(s) 'example_branch_datetime_operator_3', 'example_branch_datetime_operator', 'example_branch_datetime_operator_2' retrieved from /Users/parth/Desktop/Engine/venv/lib/python3.11/site-packages/airflow/example_dags/example_branch_datetime_operator.py
[2025-07-17T08:05:44.564+0530] {logging_mixin.py:190} INFO - [2025-07-17T08:05:44.563+0530] {dag.py:3239} INFO - Sync 3 DAGs
[2025-07-17T08:05:44.576+0530] {logging_mixin.py:190} INFO - [2025-07-17T08:05:44.576+0530] {dag.py:4180} INFO - Setting next_dagrun for example_branch_datetime_operator to 2025-07-16 00:00:00+00:00, run_after=2025-07-17 00:00:00+00:00
[2025-07-17T08:05:44.578+0530] {logging_mixin.py:190} INFO - [2025-07-17T08:05:44.578+0530] {dag.py:4180} INFO - Setting next_dagrun for example_branch_datetime_operator_2 to 2025-07-16 00:00:00+00:00, run_after=2025-07-17 00:00:00+00:00
[2025-07-17T08:05:44.580+0530] {logging_mixin.py:190} INFO - [2025-07-17T08:05:44.580+0530] {dag.py:4180} INFO - Setting next_dagrun for example_branch_datetime_operator_3 to 2025-07-16 00:00:00+00:00, run_after=2025-07-17 00:00:00+00:00
[2025-07-17T08:05:44.589+0530] {processor.py:208} INFO - Processing /Users/parth/Desktop/Engine/venv/lib/python3.11/site-packages/airflow/example_dags/example_branch_datetime_operator.py took 0.104 seconds
[2025-07-17T08:09:56.446+0530] {processor.py:186} INFO - Started process (PID=42734) to work on /Users/parth/Desktop/Engine/venv/lib/python3.11/site-packages/airflow/example_dags/example_branch_datetime_operator.py
[2025-07-17T08:09:56.447+0530] {processor.py:914} INFO - Processing file /Users/parth/Desktop/Engine/venv/lib/python3.11/site-packages/airflow/example_dags/example_branch_datetime_operator.py for tasks to queue
[2025-07-17T08:09:56.448+0530] {logging_mixin.py:190} INFO - [2025-07-17T08:09:56.448+0530] {dagbag.py:588} INFO - Filling up the DagBag from /Users/parth/Desktop/Engine/venv/lib/python3.11/site-packages/airflow/example_dags/example_branch_datetime_operator.py
[2025-07-17T08:09:56.456+0530] {processor.py:925} INFO - DAG(s) 'example_branch_datetime_operator_3', 'example_branch_datetime_operator', 'example_branch_datetime_operator_2' retrieved from /Users/parth/Desktop/Engine/venv/lib/python3.11/site-packages/airflow/example_dags/example_branch_datetime_operator.py
[2025-07-17T08:09:56.521+0530] {logging_mixin.py:190} INFO - [2025-07-17T08:09:56.520+0530] {dag.py:3239} INFO - Sync 3 DAGs
[2025-07-17T08:09:56.533+0530] {logging_mixin.py:190} INFO - [2025-07-17T08:09:56.533+0530] {dag.py:4180} INFO - Setting next_dagrun for example_branch_datetime_operator to 2025-07-16 00:00:00+00:00, run_after=2025-07-17 00:00:00+00:00
[2025-07-17T08:09:56.536+0530] {logging_mixin.py:190} INFO - [2025-07-17T08:09:56.536+0530] {dag.py:4180} INFO - Setting next_dagrun for example_branch_datetime_operator_2 to 2025-07-16 00:00:00+00:00, run_after=2025-07-17 00:00:00+00:00
[2025-07-17T08:09:56.537+0530] {logging_mixin.py:190} INFO - [2025-07-17T08:09:56.537+0530] {dag.py:4180} INFO - Setting next_dagrun for example_branch_datetime_operator_3 to 2025-07-16 00:00:00+00:00, run_after=2025-07-17 00:00:00+00:00
[2025-07-17T08:09:56.546+0530] {processor.py:208} INFO - Processing /Users/parth/Desktop/Engine/venv/lib/python3.11/site-packages/airflow/example_dags/example_branch_datetime_operator.py took 0.102 seconds
[2025-07-17T08:17:55.587+0530] {processor.py:186} INFO - Started process (PID=44182) to work on /Users/parth/Desktop/Engine/venv/lib/python3.11/site-packages/airflow/example_dags/example_branch_datetime_operator.py
[2025-07-17T08:17:55.588+0530] {processor.py:914} INFO - Processing file /Users/parth/Desktop/Engine/venv/lib/python3.11/site-packages/airflow/example_dags/example_branch_datetime_operator.py for tasks to queue
[2025-07-17T08:17:55.589+0530] {logging_mixin.py:190} INFO - [2025-07-17T08:17:55.589+0530] {dagbag.py:588} INFO - Filling up the DagBag from /Users/parth/Desktop/Engine/venv/lib/python3.11/site-packages/airflow/example_dags/example_branch_datetime_operator.py
[2025-07-17T08:17:55.597+0530] {processor.py:925} INFO - DAG(s) 'example_branch_datetime_operator_2', 'example_branch_datetime_operator', 'example_branch_datetime_operator_3' retrieved from /Users/parth/Desktop/Engine/venv/lib/python3.11/site-packages/airflow/example_dags/example_branch_datetime_operator.py
[2025-07-17T08:17:55.661+0530] {logging_mixin.py:190} INFO - [2025-07-17T08:17:55.661+0530] {dag.py:3239} INFO - Sync 3 DAGs
[2025-07-17T08:17:55.673+0530] {logging_mixin.py:190} INFO - [2025-07-17T08:17:55.673+0530] {dag.py:4180} INFO - Setting next_dagrun for example_branch_datetime_operator to 2025-07-16 00:00:00+00:00, run_after=2025-07-17 00:00:00+00:00
[2025-07-17T08:17:55.676+0530] {logging_mixin.py:190} INFO - [2025-07-17T08:17:55.676+0530] {dag.py:4180} INFO - Setting next_dagrun for example_branch_datetime_operator_2 to 2025-07-16 00:00:00+00:00, run_after=2025-07-17 00:00:00+00:00
[2025-07-17T08:17:55.677+0530] {logging_mixin.py:190} INFO - [2025-07-17T08:17:55.677+0530] {dag.py:4180} INFO - Setting next_dagrun for example_branch_datetime_operator_3 to 2025-07-16 00:00:00+00:00, run_after=2025-07-17 00:00:00+00:00
[2025-07-17T08:17:55.686+0530] {processor.py:208} INFO - Processing /Users/parth/Desktop/Engine/venv/lib/python3.11/site-packages/airflow/example_dags/example_branch_datetime_operator.py took 0.101 seconds
[2025-07-17T08:21:48.276+0530] {processor.py:186} INFO - Started process (PID=45586) to work on /Users/parth/Desktop/Engine/venv/lib/python3.11/site-packages/airflow/example_dags/example_branch_datetime_operator.py
[2025-07-17T08:21:48.277+0530] {processor.py:914} INFO - Processing file /Users/parth/Desktop/Engine/venv/lib/python3.11/site-packages/airflow/example_dags/example_branch_datetime_operator.py for tasks to queue
[2025-07-17T08:21:48.278+0530] {logging_mixin.py:190} INFO - [2025-07-17T08:21:48.278+0530] {dagbag.py:588} INFO - Filling up the DagBag from /Users/parth/Desktop/Engine/venv/lib/python3.11/site-packages/airflow/example_dags/example_branch_datetime_operator.py
[2025-07-17T08:21:48.286+0530] {processor.py:925} INFO - DAG(s) 'example_branch_datetime_operator_3', 'example_branch_datetime_operator', 'example_branch_datetime_operator_2' retrieved from /Users/parth/Desktop/Engine/venv/lib/python3.11/site-packages/airflow/example_dags/example_branch_datetime_operator.py
[2025-07-17T08:21:48.350+0530] {logging_mixin.py:190} INFO - [2025-07-17T08:21:48.350+0530] {dag.py:3239} INFO - Sync 3 DAGs
[2025-07-17T08:21:48.362+0530] {logging_mixin.py:190} INFO - [2025-07-17T08:21:48.362+0530] {dag.py:4180} INFO - Setting next_dagrun for example_branch_datetime_operator to 2025-07-16 00:00:00+00:00, run_after=2025-07-17 00:00:00+00:00
[2025-07-17T08:21:48.365+0530] {logging_mixin.py:190} INFO - [2025-07-17T08:21:48.365+0530] {dag.py:4180} INFO - Setting next_dagrun for example_branch_datetime_operator_2 to 2025-07-16 00:00:00+00:00, run_after=2025-07-17 00:00:00+00:00
[2025-07-17T08:21:48.366+0530] {logging_mixin.py:190} INFO - [2025-07-17T08:21:48.366+0530] {dag.py:4180} INFO - Setting next_dagrun for example_branch_datetime_operator_3 to 2025-07-16 00:00:00+00:00, run_after=2025-07-17 00:00:00+00:00
[2025-07-17T08:21:48.375+0530] {processor.py:208} INFO - Processing /Users/parth/Desktop/Engine/venv/lib/python3.11/site-packages/airflow/example_dags/example_branch_datetime_operator.py took 0.102 seconds
[2025-07-17T08:25:21.542+0530] {processor.py:186} INFO - Started process (PID=47010) to work on /Users/parth/Desktop/Engine/venv/lib/python3.11/site-packages/airflow/example_dags/example_branch_datetime_operator.py
[2025-07-17T08:25:21.543+0530] {processor.py:914} INFO - Processing file /Users/parth/Desktop/Engine/venv/lib/python3.11/site-packages/airflow/example_dags/example_branch_datetime_operator.py for tasks to queue
[2025-07-17T08:25:21.544+0530] {logging_mixin.py:190} INFO - [2025-07-17T08:25:21.544+0530] {dagbag.py:588} INFO - Filling up the DagBag from /Users/parth/Desktop/Engine/venv/lib/python3.11/site-packages/airflow/example_dags/example_branch_datetime_operator.py
[2025-07-17T08:25:21.552+0530] {processor.py:925} INFO - DAG(s) 'example_branch_datetime_operator', 'example_branch_datetime_operator_3', 'example_branch_datetime_operator_2' retrieved from /Users/parth/Desktop/Engine/venv/lib/python3.11/site-packages/airflow/example_dags/example_branch_datetime_operator.py
[2025-07-17T08:25:21.617+0530] {logging_mixin.py:190} INFO - [2025-07-17T08:25:21.617+0530] {dag.py:3239} INFO - Sync 3 DAGs
[2025-07-17T08:25:21.630+0530] {logging_mixin.py:190} INFO - [2025-07-17T08:25:21.630+0530] {dag.py:4180} INFO - Setting next_dagrun for example_branch_datetime_operator to 2025-07-16 00:00:00+00:00, run_after=2025-07-17 00:00:00+00:00
[2025-07-17T08:25:21.632+0530] {logging_mixin.py:190} INFO - [2025-07-17T08:25:21.632+0530] {dag.py:4180} INFO - Setting next_dagrun for example_branch_datetime_operator_2 to 2025-07-16 00:00:00+00:00, run_after=2025-07-17 00:00:00+00:00
[2025-07-17T08:25:21.633+0530] {logging_mixin.py:190} INFO - [2025-07-17T08:25:21.633+0530] {dag.py:4180} INFO - Setting next_dagrun for example_branch_datetime_operator_3 to 2025-07-16 00:00:00+00:00, run_after=2025-07-17 00:00:00+00:00
[2025-07-17T08:25:21.643+0530] {processor.py:208} INFO - Processing /Users/parth/Desktop/Engine/venv/lib/python3.11/site-packages/airflow/example_dags/example_branch_datetime_operator.py took 0.103 seconds
[2025-07-17T08:29:07.579+0530] {processor.py:186} INFO - Started process (PID=48598) to work on /Users/parth/Desktop/Engine/venv/lib/python3.11/site-packages/airflow/example_dags/example_branch_datetime_operator.py
[2025-07-17T08:29:07.580+0530] {processor.py:914} INFO - Processing file /Users/parth/Desktop/Engine/venv/lib/python3.11/site-packages/airflow/example_dags/example_branch_datetime_operator.py for tasks to queue
[2025-07-17T08:29:07.580+0530] {logging_mixin.py:190} INFO - [2025-07-17T08:29:07.580+0530] {dagbag.py:588} INFO - Filling up the DagBag from /Users/parth/Desktop/Engine/venv/lib/python3.11/site-packages/airflow/example_dags/example_branch_datetime_operator.py
[2025-07-17T08:29:07.590+0530] {processor.py:925} INFO - DAG(s) 'example_branch_datetime_operator_2', 'example_branch_datetime_operator', 'example_branch_datetime_operator_3' retrieved from /Users/parth/Desktop/Engine/venv/lib/python3.11/site-packages/airflow/example_dags/example_branch_datetime_operator.py
[2025-07-17T08:29:07.654+0530] {logging_mixin.py:190} INFO - [2025-07-17T08:29:07.654+0530] {dag.py:3239} INFO - Sync 3 DAGs
[2025-07-17T08:29:07.666+0530] {logging_mixin.py:190} INFO - [2025-07-17T08:29:07.666+0530] {dag.py:4180} INFO - Setting next_dagrun for example_branch_datetime_operator to 2025-07-16 00:00:00+00:00, run_after=2025-07-17 00:00:00+00:00
[2025-07-17T08:29:07.669+0530] {logging_mixin.py:190} INFO - [2025-07-17T08:29:07.669+0530] {dag.py:4180} INFO - Setting next_dagrun for example_branch_datetime_operator_2 to 2025-07-16 00:00:00+00:00, run_after=2025-07-17 00:00:00+00:00
[2025-07-17T08:29:07.670+0530] {logging_mixin.py:190} INFO - [2025-07-17T08:29:07.670+0530] {dag.py:4180} INFO - Setting next_dagrun for example_branch_datetime_operator_3 to 2025-07-16 00:00:00+00:00, run_after=2025-07-17 00:00:00+00:00
[2025-07-17T08:29:07.680+0530] {processor.py:208} INFO - Processing /Users/parth/Desktop/Engine/venv/lib/python3.11/site-packages/airflow/example_dags/example_branch_datetime_operator.py took 0.104 seconds
[2025-07-17T08:37:05.796+0530] {processor.py:186} INFO - Started process (PID=50072) to work on /Users/parth/Desktop/Engine/venv/lib/python3.11/site-packages/airflow/example_dags/example_branch_datetime_operator.py
[2025-07-17T08:37:05.797+0530] {processor.py:914} INFO - Processing file /Users/parth/Desktop/Engine/venv/lib/python3.11/site-packages/airflow/example_dags/example_branch_datetime_operator.py for tasks to queue
[2025-07-17T08:37:05.798+0530] {logging_mixin.py:190} INFO - [2025-07-17T08:37:05.798+0530] {dagbag.py:588} INFO - Filling up the DagBag from /Users/parth/Desktop/Engine/venv/lib/python3.11/site-packages/airflow/example_dags/example_branch_datetime_operator.py
[2025-07-17T08:37:05.806+0530] {processor.py:925} INFO - DAG(s) 'example_branch_datetime_operator_2', 'example_branch_datetime_operator_3', 'example_branch_datetime_operator' retrieved from /Users/parth/Desktop/Engine/venv/lib/python3.11/site-packages/airflow/example_dags/example_branch_datetime_operator.py
[2025-07-17T08:37:05.871+0530] {logging_mixin.py:190} INFO - [2025-07-17T08:37:05.870+0530] {dag.py:3239} INFO - Sync 3 DAGs
[2025-07-17T08:37:05.883+0530] {logging_mixin.py:190} INFO - [2025-07-17T08:37:05.883+0530] {dag.py:4180} INFO - Setting next_dagrun for example_branch_datetime_operator to 2025-07-16 00:00:00+00:00, run_after=2025-07-17 00:00:00+00:00
[2025-07-17T08:37:05.885+0530] {logging_mixin.py:190} INFO - [2025-07-17T08:37:05.885+0530] {dag.py:4180} INFO - Setting next_dagrun for example_branch_datetime_operator_2 to 2025-07-16 00:00:00+00:00, run_after=2025-07-17 00:00:00+00:00
[2025-07-17T08:37:05.886+0530] {logging_mixin.py:190} INFO - [2025-07-17T08:37:05.886+0530] {dag.py:4180} INFO - Setting next_dagrun for example_branch_datetime_operator_3 to 2025-07-16 00:00:00+00:00, run_after=2025-07-17 00:00:00+00:00
[2025-07-17T08:37:05.896+0530] {processor.py:208} INFO - Processing /Users/parth/Desktop/Engine/venv/lib/python3.11/site-packages/airflow/example_dags/example_branch_datetime_operator.py took 0.102 seconds
[2025-07-17T08:40:35.411+0530] {processor.py:186} INFO - Started process (PID=51434) to work on /Users/parth/Desktop/Engine/venv/lib/python3.11/site-packages/airflow/example_dags/example_branch_datetime_operator.py
[2025-07-17T08:40:35.412+0530] {processor.py:914} INFO - Processing file /Users/parth/Desktop/Engine/venv/lib/python3.11/site-packages/airflow/example_dags/example_branch_datetime_operator.py for tasks to queue
[2025-07-17T08:40:35.413+0530] {logging_mixin.py:190} INFO - [2025-07-17T08:40:35.413+0530] {dagbag.py:588} INFO - Filling up the DagBag from /Users/parth/Desktop/Engine/venv/lib/python3.11/site-packages/airflow/example_dags/example_branch_datetime_operator.py
[2025-07-17T08:40:35.421+0530] {processor.py:925} INFO - DAG(s) 'example_branch_datetime_operator_2', 'example_branch_datetime_operator', 'example_branch_datetime_operator_3' retrieved from /Users/parth/Desktop/Engine/venv/lib/python3.11/site-packages/airflow/example_dags/example_branch_datetime_operator.py
[2025-07-17T08:40:35.486+0530] {logging_mixin.py:190} INFO - [2025-07-17T08:40:35.486+0530] {dag.py:3239} INFO - Sync 3 DAGs
[2025-07-17T08:40:35.499+0530] {logging_mixin.py:190} INFO - [2025-07-17T08:40:35.498+0530] {dag.py:4180} INFO - Setting next_dagrun for example_branch_datetime_operator to 2025-07-16 00:00:00+00:00, run_after=2025-07-17 00:00:00+00:00
[2025-07-17T08:40:35.501+0530] {logging_mixin.py:190} INFO - [2025-07-17T08:40:35.501+0530] {dag.py:4180} INFO - Setting next_dagrun for example_branch_datetime_operator_2 to 2025-07-16 00:00:00+00:00, run_after=2025-07-17 00:00:00+00:00
[2025-07-17T08:40:35.502+0530] {logging_mixin.py:190} INFO - [2025-07-17T08:40:35.502+0530] {dag.py:4180} INFO - Setting next_dagrun for example_branch_datetime_operator_3 to 2025-07-16 00:00:00+00:00, run_after=2025-07-17 00:00:00+00:00
[2025-07-17T08:40:35.512+0530] {processor.py:208} INFO - Processing /Users/parth/Desktop/Engine/venv/lib/python3.11/site-packages/airflow/example_dags/example_branch_datetime_operator.py took 0.103 seconds
