[2025-07-17T07:17:10.164+0530] {processor.py:186} INFO - Started process (PID=23859) to work on /Users/parth/Desktop/Engine/venv/lib/python3.11/site-packages/airflow/example_dags/example_inlet_event_extra.py
[2025-07-17T07:17:10.165+0530] {processor.py:914} INFO - Processing file /Users/parth/Desktop/Engine/venv/lib/python3.11/site-packages/airflow/example_dags/example_inlet_event_extra.py for tasks to queue
[2025-07-17T07:17:10.166+0530] {logging_mixin.py:190} INFO - [2025-07-17T07:17:10.166+0530] {dagbag.py:588} INFO - Filling up the DagBag from /Users/parth/Desktop/Engine/venv/lib/python3.11/site-packages/airflow/example_dags/example_inlet_event_extra.py
[2025-07-17T07:17:10.218+0530] {processor.py:925} INFO - DAG(s) 'read_dataset_event_from_classic', 'read_dataset_event' retrieved from /Users/parth/Desktop/Engine/venv/lib/python3.11/site-packages/airflow/example_dags/example_inlet_event_extra.py
[2025-07-17T07:17:10.278+0530] {logging_mixin.py:190} INFO - [2025-07-17T07:17:10.278+0530] {dag.py:3239} INFO - Sync 2 DAGs
[2025-07-17T07:17:10.290+0530] {logging_mixin.py:190} INFO - [2025-07-17T07:17:10.290+0530] {dag.py:4180} INFO - Setting next_dagrun for read_dataset_event to 2025-07-16 00:00:00+00:00, run_after=2025-07-17 00:00:00+00:00
[2025-07-17T07:17:10.293+0530] {logging_mixin.py:190} INFO - [2025-07-17T07:17:10.292+0530] {dag.py:4180} INFO - Setting next_dagrun for read_dataset_event_from_classic to 2025-07-16 00:00:00+00:00, run_after=2025-07-17 00:00:00+00:00
[2025-07-17T07:17:10.304+0530] {processor.py:208} INFO - Processing /Users/parth/Desktop/Engine/venv/lib/python3.11/site-packages/airflow/example_dags/example_inlet_event_extra.py took 0.142 seconds
[2025-07-17T07:25:39.215+0530] {processor.py:186} INFO - Started process (PID=24842) to work on /Users/parth/Desktop/Engine/venv/lib/python3.11/site-packages/airflow/example_dags/example_inlet_event_extra.py
[2025-07-17T07:25:39.215+0530] {processor.py:914} INFO - Processing file /Users/parth/Desktop/Engine/venv/lib/python3.11/site-packages/airflow/example_dags/example_inlet_event_extra.py for tasks to queue
[2025-07-17T07:25:39.216+0530] {logging_mixin.py:190} INFO - [2025-07-17T07:25:39.216+0530] {dagbag.py:588} INFO - Filling up the DagBag from /Users/parth/Desktop/Engine/venv/lib/python3.11/site-packages/airflow/example_dags/example_inlet_event_extra.py
[2025-07-17T07:25:39.269+0530] {processor.py:925} INFO - DAG(s) 'read_dataset_event', 'read_dataset_event_from_classic' retrieved from /Users/parth/Desktop/Engine/venv/lib/python3.11/site-packages/airflow/example_dags/example_inlet_event_extra.py
[2025-07-17T07:25:39.329+0530] {logging_mixin.py:190} INFO - [2025-07-17T07:25:39.329+0530] {dag.py:3239} INFO - Sync 2 DAGs
[2025-07-17T07:25:39.341+0530] {logging_mixin.py:190} INFO - [2025-07-17T07:25:39.340+0530] {dag.py:4180} INFO - Setting next_dagrun for read_dataset_event to 2025-07-16 00:00:00+00:00, run_after=2025-07-17 00:00:00+00:00
[2025-07-17T07:25:39.343+0530] {logging_mixin.py:190} INFO - [2025-07-17T07:25:39.343+0530] {dag.py:4180} INFO - Setting next_dagrun for read_dataset_event_from_classic to 2025-07-16 00:00:00+00:00, run_after=2025-07-17 00:00:00+00:00
[2025-07-17T07:25:39.354+0530] {processor.py:208} INFO - Processing /Users/parth/Desktop/Engine/venv/lib/python3.11/site-packages/airflow/example_dags/example_inlet_event_extra.py took 0.142 seconds
[2025-07-17T07:29:11.991+0530] {processor.py:186} INFO - Started process (PID=26223) to work on /Users/parth/Desktop/Engine/venv/lib/python3.11/site-packages/airflow/example_dags/example_inlet_event_extra.py
[2025-07-17T07:29:11.992+0530] {processor.py:914} INFO - Processing file /Users/parth/Desktop/Engine/venv/lib/python3.11/site-packages/airflow/example_dags/example_inlet_event_extra.py for tasks to queue
[2025-07-17T07:29:11.993+0530] {logging_mixin.py:190} INFO - [2025-07-17T07:29:11.993+0530] {dagbag.py:588} INFO - Filling up the DagBag from /Users/parth/Desktop/Engine/venv/lib/python3.11/site-packages/airflow/example_dags/example_inlet_event_extra.py
[2025-07-17T07:29:12.044+0530] {processor.py:925} INFO - DAG(s) 'read_dataset_event', 'read_dataset_event_from_classic' retrieved from /Users/parth/Desktop/Engine/venv/lib/python3.11/site-packages/airflow/example_dags/example_inlet_event_extra.py
[2025-07-17T07:29:12.103+0530] {logging_mixin.py:190} INFO - [2025-07-17T07:29:12.103+0530] {dag.py:3239} INFO - Sync 2 DAGs
[2025-07-17T07:29:12.115+0530] {logging_mixin.py:190} INFO - [2025-07-17T07:29:12.115+0530] {dag.py:4180} INFO - Setting next_dagrun for read_dataset_event to 2025-07-16 00:00:00+00:00, run_after=2025-07-17 00:00:00+00:00
[2025-07-17T07:29:12.117+0530] {logging_mixin.py:190} INFO - [2025-07-17T07:29:12.117+0530] {dag.py:4180} INFO - Setting next_dagrun for read_dataset_event_from_classic to 2025-07-16 00:00:00+00:00, run_after=2025-07-17 00:00:00+00:00
[2025-07-17T07:29:12.128+0530] {processor.py:208} INFO - Processing /Users/parth/Desktop/Engine/venv/lib/python3.11/site-packages/airflow/example_dags/example_inlet_event_extra.py took 0.139 seconds
[2025-07-17T07:32:43.955+0530] {processor.py:186} INFO - Started process (PID=27597) to work on /Users/parth/Desktop/Engine/venv/lib/python3.11/site-packages/airflow/example_dags/example_inlet_event_extra.py
[2025-07-17T07:32:43.956+0530] {processor.py:914} INFO - Processing file /Users/parth/Desktop/Engine/venv/lib/python3.11/site-packages/airflow/example_dags/example_inlet_event_extra.py for tasks to queue
[2025-07-17T07:32:43.957+0530] {logging_mixin.py:190} INFO - [2025-07-17T07:32:43.957+0530] {dagbag.py:588} INFO - Filling up the DagBag from /Users/parth/Desktop/Engine/venv/lib/python3.11/site-packages/airflow/example_dags/example_inlet_event_extra.py
[2025-07-17T07:32:44.009+0530] {processor.py:925} INFO - DAG(s) 'read_dataset_event_from_classic', 'read_dataset_event' retrieved from /Users/parth/Desktop/Engine/venv/lib/python3.11/site-packages/airflow/example_dags/example_inlet_event_extra.py
[2025-07-17T07:32:44.070+0530] {logging_mixin.py:190} INFO - [2025-07-17T07:32:44.070+0530] {dag.py:3239} INFO - Sync 2 DAGs
[2025-07-17T07:32:44.081+0530] {logging_mixin.py:190} INFO - [2025-07-17T07:32:44.081+0530] {dag.py:4180} INFO - Setting next_dagrun for read_dataset_event to 2025-07-16 00:00:00+00:00, run_after=2025-07-17 00:00:00+00:00
[2025-07-17T07:32:44.084+0530] {logging_mixin.py:190} INFO - [2025-07-17T07:32:44.084+0530] {dag.py:4180} INFO - Setting next_dagrun for read_dataset_event_from_classic to 2025-07-16 00:00:00+00:00, run_after=2025-07-17 00:00:00+00:00
[2025-07-17T07:32:44.095+0530] {processor.py:208} INFO - Processing /Users/parth/Desktop/Engine/venv/lib/python3.11/site-packages/airflow/example_dags/example_inlet_event_extra.py took 0.142 seconds
[2025-07-17T07:36:33.646+0530] {processor.py:186} INFO - Started process (PID=29109) to work on /Users/parth/Desktop/Engine/venv/lib/python3.11/site-packages/airflow/example_dags/example_inlet_event_extra.py
[2025-07-17T07:36:33.647+0530] {processor.py:914} INFO - Processing file /Users/parth/Desktop/Engine/venv/lib/python3.11/site-packages/airflow/example_dags/example_inlet_event_extra.py for tasks to queue
[2025-07-17T07:36:33.648+0530] {logging_mixin.py:190} INFO - [2025-07-17T07:36:33.648+0530] {dagbag.py:588} INFO - Filling up the DagBag from /Users/parth/Desktop/Engine/venv/lib/python3.11/site-packages/airflow/example_dags/example_inlet_event_extra.py
[2025-07-17T07:36:33.694+0530] {processor.py:925} INFO - DAG(s) 'read_dataset_event_from_classic', 'read_dataset_event' retrieved from /Users/parth/Desktop/Engine/venv/lib/python3.11/site-packages/airflow/example_dags/example_inlet_event_extra.py
[2025-07-17T07:36:33.754+0530] {logging_mixin.py:190} INFO - [2025-07-17T07:36:33.754+0530] {dag.py:3239} INFO - Sync 2 DAGs
[2025-07-17T07:36:33.765+0530] {logging_mixin.py:190} INFO - [2025-07-17T07:36:33.765+0530] {dag.py:4180} INFO - Setting next_dagrun for read_dataset_event to 2025-07-16 00:00:00+00:00, run_after=2025-07-17 00:00:00+00:00
[2025-07-17T07:36:33.768+0530] {logging_mixin.py:190} INFO - [2025-07-17T07:36:33.768+0530] {dag.py:4180} INFO - Setting next_dagrun for read_dataset_event_from_classic to 2025-07-16 00:00:00+00:00, run_after=2025-07-17 00:00:00+00:00
[2025-07-17T07:36:33.778+0530] {processor.py:208} INFO - Processing /Users/parth/Desktop/Engine/venv/lib/python3.11/site-packages/airflow/example_dags/example_inlet_event_extra.py took 0.134 seconds
[2025-07-17T07:40:10.648+0530] {processor.py:186} INFO - Started process (PID=30520) to work on /Users/parth/Desktop/Engine/venv/lib/python3.11/site-packages/airflow/example_dags/example_inlet_event_extra.py
[2025-07-17T07:40:10.649+0530] {processor.py:914} INFO - Processing file /Users/parth/Desktop/Engine/venv/lib/python3.11/site-packages/airflow/example_dags/example_inlet_event_extra.py for tasks to queue
[2025-07-17T07:40:10.650+0530] {logging_mixin.py:190} INFO - [2025-07-17T07:40:10.650+0530] {dagbag.py:588} INFO - Filling up the DagBag from /Users/parth/Desktop/Engine/venv/lib/python3.11/site-packages/airflow/example_dags/example_inlet_event_extra.py
[2025-07-17T07:40:10.699+0530] {processor.py:925} INFO - DAG(s) 'read_dataset_event', 'read_dataset_event_from_classic' retrieved from /Users/parth/Desktop/Engine/venv/lib/python3.11/site-packages/airflow/example_dags/example_inlet_event_extra.py
[2025-07-17T07:40:10.758+0530] {logging_mixin.py:190} INFO - [2025-07-17T07:40:10.758+0530] {dag.py:3239} INFO - Sync 2 DAGs
[2025-07-17T07:40:10.769+0530] {logging_mixin.py:190} INFO - [2025-07-17T07:40:10.769+0530] {dag.py:4180} INFO - Setting next_dagrun for read_dataset_event to 2025-07-16 00:00:00+00:00, run_after=2025-07-17 00:00:00+00:00
[2025-07-17T07:40:10.772+0530] {logging_mixin.py:190} INFO - [2025-07-17T07:40:10.772+0530] {dag.py:4180} INFO - Setting next_dagrun for read_dataset_event_from_classic to 2025-07-16 00:00:00+00:00, run_after=2025-07-17 00:00:00+00:00
[2025-07-17T07:40:10.782+0530] {processor.py:208} INFO - Processing /Users/parth/Desktop/Engine/venv/lib/python3.11/site-packages/airflow/example_dags/example_inlet_event_extra.py took 0.136 seconds
[2025-07-17T07:44:31.623+0530] {processor.py:186} INFO - Started process (PID=32337) to work on /Users/parth/Desktop/Engine/venv/lib/python3.11/site-packages/airflow/example_dags/example_inlet_event_extra.py
[2025-07-17T07:44:31.624+0530] {processor.py:914} INFO - Processing file /Users/parth/Desktop/Engine/venv/lib/python3.11/site-packages/airflow/example_dags/example_inlet_event_extra.py for tasks to queue
[2025-07-17T07:44:31.625+0530] {logging_mixin.py:190} INFO - [2025-07-17T07:44:31.625+0530] {dagbag.py:588} INFO - Filling up the DagBag from /Users/parth/Desktop/Engine/venv/lib/python3.11/site-packages/airflow/example_dags/example_inlet_event_extra.py
[2025-07-17T07:44:31.730+0530] {processor.py:925} INFO - DAG(s) 'read_dataset_event', 'read_dataset_event_from_classic' retrieved from /Users/parth/Desktop/Engine/venv/lib/python3.11/site-packages/airflow/example_dags/example_inlet_event_extra.py
[2025-07-17T07:44:31.847+0530] {logging_mixin.py:190} INFO - [2025-07-17T07:44:31.846+0530] {dag.py:3239} INFO - Sync 2 DAGs
[2025-07-17T07:44:31.876+0530] {logging_mixin.py:190} INFO - [2025-07-17T07:44:31.876+0530] {dag.py:4180} INFO - Setting next_dagrun for read_dataset_event to 2025-07-16 00:00:00+00:00, run_after=2025-07-17 00:00:00+00:00
[2025-07-17T07:44:31.883+0530] {logging_mixin.py:190} INFO - [2025-07-17T07:44:31.883+0530] {dag.py:4180} INFO - Setting next_dagrun for read_dataset_event_from_classic to 2025-07-16 00:00:00+00:00, run_after=2025-07-17 00:00:00+00:00
[2025-07-17T07:44:31.911+0530] {processor.py:208} INFO - Processing /Users/parth/Desktop/Engine/venv/lib/python3.11/site-packages/airflow/example_dags/example_inlet_event_extra.py took 0.292 seconds
[2025-07-17T07:47:17.400+0530] {processor.py:186} INFO - Started process (PID=33503) to work on /Users/parth/Desktop/Engine/venv/lib/python3.11/site-packages/airflow/example_dags/example_inlet_event_extra.py
[2025-07-17T07:47:17.402+0530] {processor.py:914} INFO - Processing file /Users/parth/Desktop/Engine/venv/lib/python3.11/site-packages/airflow/example_dags/example_inlet_event_extra.py for tasks to queue
[2025-07-17T07:47:17.403+0530] {logging_mixin.py:190} INFO - [2025-07-17T07:47:17.403+0530] {dagbag.py:588} INFO - Filling up the DagBag from /Users/parth/Desktop/Engine/venv/lib/python3.11/site-packages/airflow/example_dags/example_inlet_event_extra.py
[2025-07-17T07:47:17.513+0530] {processor.py:925} INFO - DAG(s) 'read_dataset_event', 'read_dataset_event_from_classic' retrieved from /Users/parth/Desktop/Engine/venv/lib/python3.11/site-packages/airflow/example_dags/example_inlet_event_extra.py
[2025-07-17T07:47:17.622+0530] {logging_mixin.py:190} INFO - [2025-07-17T07:47:17.622+0530] {dag.py:3239} INFO - Sync 2 DAGs
[2025-07-17T07:47:17.640+0530] {logging_mixin.py:190} INFO - [2025-07-17T07:47:17.640+0530] {dag.py:4180} INFO - Setting next_dagrun for read_dataset_event to 2025-07-16 00:00:00+00:00, run_after=2025-07-17 00:00:00+00:00
[2025-07-17T07:47:17.644+0530] {logging_mixin.py:190} INFO - [2025-07-17T07:47:17.644+0530] {dag.py:4180} INFO - Setting next_dagrun for read_dataset_event_from_classic to 2025-07-16 00:00:00+00:00, run_after=2025-07-17 00:00:00+00:00
[2025-07-17T07:47:17.660+0530] {processor.py:208} INFO - Processing /Users/parth/Desktop/Engine/venv/lib/python3.11/site-packages/airflow/example_dags/example_inlet_event_extra.py took 0.265 seconds
[2025-07-17T07:49:38.628+0530] {processor.py:186} INFO - Started process (PID=34435) to work on /Users/parth/Desktop/Engine/venv/lib/python3.11/site-packages/airflow/example_dags/example_inlet_event_extra.py
[2025-07-17T07:49:38.628+0530] {processor.py:914} INFO - Processing file /Users/parth/Desktop/Engine/venv/lib/python3.11/site-packages/airflow/example_dags/example_inlet_event_extra.py for tasks to queue
[2025-07-17T07:49:38.629+0530] {logging_mixin.py:190} INFO - [2025-07-17T07:49:38.629+0530] {dagbag.py:588} INFO - Filling up the DagBag from /Users/parth/Desktop/Engine/venv/lib/python3.11/site-packages/airflow/example_dags/example_inlet_event_extra.py
[2025-07-17T07:49:38.683+0530] {processor.py:925} INFO - DAG(s) 'read_dataset_event_from_classic', 'read_dataset_event' retrieved from /Users/parth/Desktop/Engine/venv/lib/python3.11/site-packages/airflow/example_dags/example_inlet_event_extra.py
[2025-07-17T07:49:38.752+0530] {logging_mixin.py:190} INFO - [2025-07-17T07:49:38.752+0530] {dag.py:3239} INFO - Sync 2 DAGs
[2025-07-17T07:49:38.766+0530] {logging_mixin.py:190} INFO - [2025-07-17T07:49:38.766+0530] {dag.py:4180} INFO - Setting next_dagrun for read_dataset_event to 2025-07-16 00:00:00+00:00, run_after=2025-07-17 00:00:00+00:00
[2025-07-17T07:49:38.769+0530] {logging_mixin.py:190} INFO - [2025-07-17T07:49:38.769+0530] {dag.py:4180} INFO - Setting next_dagrun for read_dataset_event_from_classic to 2025-07-16 00:00:00+00:00, run_after=2025-07-17 00:00:00+00:00
[2025-07-17T07:49:38.782+0530] {processor.py:208} INFO - Processing /Users/parth/Desktop/Engine/venv/lib/python3.11/site-packages/airflow/example_dags/example_inlet_event_extra.py took 0.158 seconds
[2025-07-17T07:54:44.483+0530] {processor.py:186} INFO - Started process (PID=36570) to work on /Users/parth/Desktop/Engine/venv/lib/python3.11/site-packages/airflow/example_dags/example_inlet_event_extra.py
[2025-07-17T07:54:44.483+0530] {processor.py:914} INFO - Processing file /Users/parth/Desktop/Engine/venv/lib/python3.11/site-packages/airflow/example_dags/example_inlet_event_extra.py for tasks to queue
[2025-07-17T07:54:44.484+0530] {logging_mixin.py:190} INFO - [2025-07-17T07:54:44.484+0530] {dagbag.py:588} INFO - Filling up the DagBag from /Users/parth/Desktop/Engine/venv/lib/python3.11/site-packages/airflow/example_dags/example_inlet_event_extra.py
[2025-07-17T07:54:44.538+0530] {processor.py:925} INFO - DAG(s) 'read_dataset_event_from_classic', 'read_dataset_event' retrieved from /Users/parth/Desktop/Engine/venv/lib/python3.11/site-packages/airflow/example_dags/example_inlet_event_extra.py
[2025-07-17T07:54:44.599+0530] {logging_mixin.py:190} INFO - [2025-07-17T07:54:44.599+0530] {dag.py:3239} INFO - Sync 2 DAGs
[2025-07-17T07:54:44.612+0530] {logging_mixin.py:190} INFO - [2025-07-17T07:54:44.611+0530] {dag.py:4180} INFO - Setting next_dagrun for read_dataset_event to 2025-07-16 00:00:00+00:00, run_after=2025-07-17 00:00:00+00:00
[2025-07-17T07:54:44.615+0530] {logging_mixin.py:190} INFO - [2025-07-17T07:54:44.615+0530] {dag.py:4180} INFO - Setting next_dagrun for read_dataset_event_from_classic to 2025-07-16 00:00:00+00:00, run_after=2025-07-17 00:00:00+00:00
[2025-07-17T07:54:44.626+0530] {processor.py:208} INFO - Processing /Users/parth/Desktop/Engine/venv/lib/python3.11/site-packages/airflow/example_dags/example_inlet_event_extra.py took 0.145 seconds
[2025-07-17T07:57:08.557+0530] {processor.py:186} INFO - Started process (PID=37582) to work on /Users/parth/Desktop/Engine/venv/lib/python3.11/site-packages/airflow/example_dags/example_inlet_event_extra.py
[2025-07-17T07:57:08.558+0530] {processor.py:914} INFO - Processing file /Users/parth/Desktop/Engine/venv/lib/python3.11/site-packages/airflow/example_dags/example_inlet_event_extra.py for tasks to queue
[2025-07-17T07:57:08.558+0530] {logging_mixin.py:190} INFO - [2025-07-17T07:57:08.558+0530] {dagbag.py:588} INFO - Filling up the DagBag from /Users/parth/Desktop/Engine/venv/lib/python3.11/site-packages/airflow/example_dags/example_inlet_event_extra.py
[2025-07-17T07:57:08.611+0530] {processor.py:925} INFO - DAG(s) 'read_dataset_event', 'read_dataset_event_from_classic' retrieved from /Users/parth/Desktop/Engine/venv/lib/python3.11/site-packages/airflow/example_dags/example_inlet_event_extra.py
[2025-07-17T07:57:08.672+0530] {logging_mixin.py:190} INFO - [2025-07-17T07:57:08.671+0530] {dag.py:3239} INFO - Sync 2 DAGs
[2025-07-17T07:57:08.683+0530] {logging_mixin.py:190} INFO - [2025-07-17T07:57:08.683+0530] {dag.py:4180} INFO - Setting next_dagrun for read_dataset_event to 2025-07-16 00:00:00+00:00, run_after=2025-07-17 00:00:00+00:00
[2025-07-17T07:57:08.686+0530] {logging_mixin.py:190} INFO - [2025-07-17T07:57:08.685+0530] {dag.py:4180} INFO - Setting next_dagrun for read_dataset_event_from_classic to 2025-07-16 00:00:00+00:00, run_after=2025-07-17 00:00:00+00:00
[2025-07-17T07:57:08.696+0530] {processor.py:208} INFO - Processing /Users/parth/Desktop/Engine/venv/lib/python3.11/site-packages/airflow/example_dags/example_inlet_event_extra.py took 0.141 seconds
[2025-07-17T08:01:15.942+0530] {processor.py:186} INFO - Started process (PID=39193) to work on /Users/parth/Desktop/Engine/venv/lib/python3.11/site-packages/airflow/example_dags/example_inlet_event_extra.py
[2025-07-17T08:01:15.943+0530] {processor.py:914} INFO - Processing file /Users/parth/Desktop/Engine/venv/lib/python3.11/site-packages/airflow/example_dags/example_inlet_event_extra.py for tasks to queue
[2025-07-17T08:01:15.944+0530] {logging_mixin.py:190} INFO - [2025-07-17T08:01:15.943+0530] {dagbag.py:588} INFO - Filling up the DagBag from /Users/parth/Desktop/Engine/venv/lib/python3.11/site-packages/airflow/example_dags/example_inlet_event_extra.py
[2025-07-17T08:01:15.997+0530] {processor.py:925} INFO - DAG(s) 'read_dataset_event_from_classic', 'read_dataset_event' retrieved from /Users/parth/Desktop/Engine/venv/lib/python3.11/site-packages/airflow/example_dags/example_inlet_event_extra.py
[2025-07-17T08:01:16.059+0530] {logging_mixin.py:190} INFO - [2025-07-17T08:01:16.059+0530] {dag.py:3239} INFO - Sync 2 DAGs
[2025-07-17T08:01:16.071+0530] {logging_mixin.py:190} INFO - [2025-07-17T08:01:16.071+0530] {dag.py:4180} INFO - Setting next_dagrun for read_dataset_event to 2025-07-16 00:00:00+00:00, run_after=2025-07-17 00:00:00+00:00
[2025-07-17T08:01:16.074+0530] {logging_mixin.py:190} INFO - [2025-07-17T08:01:16.074+0530] {dag.py:4180} INFO - Setting next_dagrun for read_dataset_event_from_classic to 2025-07-16 00:00:00+00:00, run_after=2025-07-17 00:00:00+00:00
[2025-07-17T08:01:16.087+0530] {processor.py:208} INFO - Processing /Users/parth/Desktop/Engine/venv/lib/python3.11/site-packages/airflow/example_dags/example_inlet_event_extra.py took 0.147 seconds
[2025-07-17T08:05:34.118+0530] {processor.py:186} INFO - Started process (PID=40959) to work on /Users/parth/Desktop/Engine/venv/lib/python3.11/site-packages/airflow/example_dags/example_inlet_event_extra.py
[2025-07-17T08:05:34.119+0530] {processor.py:914} INFO - Processing file /Users/parth/Desktop/Engine/venv/lib/python3.11/site-packages/airflow/example_dags/example_inlet_event_extra.py for tasks to queue
[2025-07-17T08:05:34.120+0530] {logging_mixin.py:190} INFO - [2025-07-17T08:05:34.120+0530] {dagbag.py:588} INFO - Filling up the DagBag from /Users/parth/Desktop/Engine/venv/lib/python3.11/site-packages/airflow/example_dags/example_inlet_event_extra.py
[2025-07-17T08:05:34.199+0530] {processor.py:925} INFO - DAG(s) 'read_dataset_event_from_classic', 'read_dataset_event' retrieved from /Users/parth/Desktop/Engine/venv/lib/python3.11/site-packages/airflow/example_dags/example_inlet_event_extra.py
[2025-07-17T08:05:34.271+0530] {logging_mixin.py:190} INFO - [2025-07-17T08:05:34.271+0530] {dag.py:3239} INFO - Sync 2 DAGs
[2025-07-17T08:05:34.285+0530] {logging_mixin.py:190} INFO - [2025-07-17T08:05:34.285+0530] {dag.py:4180} INFO - Setting next_dagrun for read_dataset_event to 2025-07-16 00:00:00+00:00, run_after=2025-07-17 00:00:00+00:00
[2025-07-17T08:05:34.289+0530] {logging_mixin.py:190} INFO - [2025-07-17T08:05:34.288+0530] {dag.py:4180} INFO - Setting next_dagrun for read_dataset_event_from_classic to 2025-07-16 00:00:00+00:00, run_after=2025-07-17 00:00:00+00:00
[2025-07-17T08:05:34.302+0530] {processor.py:208} INFO - Processing /Users/parth/Desktop/Engine/venv/lib/python3.11/site-packages/airflow/example_dags/example_inlet_event_extra.py took 0.188 seconds
[2025-07-17T08:09:47.926+0530] {processor.py:186} INFO - Started process (PID=42671) to work on /Users/parth/Desktop/Engine/venv/lib/python3.11/site-packages/airflow/example_dags/example_inlet_event_extra.py
[2025-07-17T08:09:47.926+0530] {processor.py:914} INFO - Processing file /Users/parth/Desktop/Engine/venv/lib/python3.11/site-packages/airflow/example_dags/example_inlet_event_extra.py for tasks to queue
[2025-07-17T08:09:47.927+0530] {logging_mixin.py:190} INFO - [2025-07-17T08:09:47.927+0530] {dagbag.py:588} INFO - Filling up the DagBag from /Users/parth/Desktop/Engine/venv/lib/python3.11/site-packages/airflow/example_dags/example_inlet_event_extra.py
[2025-07-17T08:09:47.987+0530] {processor.py:925} INFO - DAG(s) 'read_dataset_event_from_classic', 'read_dataset_event' retrieved from /Users/parth/Desktop/Engine/venv/lib/python3.11/site-packages/airflow/example_dags/example_inlet_event_extra.py
[2025-07-17T08:09:48.049+0530] {logging_mixin.py:190} INFO - [2025-07-17T08:09:48.048+0530] {dag.py:3239} INFO - Sync 2 DAGs
[2025-07-17T08:09:48.060+0530] {logging_mixin.py:190} INFO - [2025-07-17T08:09:48.060+0530] {dag.py:4180} INFO - Setting next_dagrun for read_dataset_event to 2025-07-16 00:00:00+00:00, run_after=2025-07-17 00:00:00+00:00
[2025-07-17T08:09:48.063+0530] {logging_mixin.py:190} INFO - [2025-07-17T08:09:48.063+0530] {dag.py:4180} INFO - Setting next_dagrun for read_dataset_event_from_classic to 2025-07-16 00:00:00+00:00, run_after=2025-07-17 00:00:00+00:00
[2025-07-17T08:09:48.075+0530] {processor.py:208} INFO - Processing /Users/parth/Desktop/Engine/venv/lib/python3.11/site-packages/airflow/example_dags/example_inlet_event_extra.py took 0.151 seconds
[2025-07-17T08:17:47.333+0530] {processor.py:186} INFO - Started process (PID=44125) to work on /Users/parth/Desktop/Engine/venv/lib/python3.11/site-packages/airflow/example_dags/example_inlet_event_extra.py
[2025-07-17T08:17:47.334+0530] {processor.py:914} INFO - Processing file /Users/parth/Desktop/Engine/venv/lib/python3.11/site-packages/airflow/example_dags/example_inlet_event_extra.py for tasks to queue
[2025-07-17T08:17:47.334+0530] {logging_mixin.py:190} INFO - [2025-07-17T08:17:47.334+0530] {dagbag.py:588} INFO - Filling up the DagBag from /Users/parth/Desktop/Engine/venv/lib/python3.11/site-packages/airflow/example_dags/example_inlet_event_extra.py
[2025-07-17T08:17:47.394+0530] {processor.py:925} INFO - DAG(s) 'read_dataset_event_from_classic', 'read_dataset_event' retrieved from /Users/parth/Desktop/Engine/venv/lib/python3.11/site-packages/airflow/example_dags/example_inlet_event_extra.py
[2025-07-17T08:17:47.455+0530] {logging_mixin.py:190} INFO - [2025-07-17T08:17:47.455+0530] {dag.py:3239} INFO - Sync 2 DAGs
[2025-07-17T08:17:47.466+0530] {logging_mixin.py:190} INFO - [2025-07-17T08:17:47.466+0530] {dag.py:4180} INFO - Setting next_dagrun for read_dataset_event to 2025-07-16 00:00:00+00:00, run_after=2025-07-17 00:00:00+00:00
[2025-07-17T08:17:47.469+0530] {logging_mixin.py:190} INFO - [2025-07-17T08:17:47.469+0530] {dag.py:4180} INFO - Setting next_dagrun for read_dataset_event_from_classic to 2025-07-16 00:00:00+00:00, run_after=2025-07-17 00:00:00+00:00
[2025-07-17T08:17:47.479+0530] {processor.py:208} INFO - Processing /Users/parth/Desktop/Engine/venv/lib/python3.11/site-packages/airflow/example_dags/example_inlet_event_extra.py took 0.150 seconds
[2025-07-17T08:21:40.156+0530] {processor.py:186} INFO - Started process (PID=45532) to work on /Users/parth/Desktop/Engine/venv/lib/python3.11/site-packages/airflow/example_dags/example_inlet_event_extra.py
[2025-07-17T08:21:40.157+0530] {processor.py:914} INFO - Processing file /Users/parth/Desktop/Engine/venv/lib/python3.11/site-packages/airflow/example_dags/example_inlet_event_extra.py for tasks to queue
[2025-07-17T08:21:40.158+0530] {logging_mixin.py:190} INFO - [2025-07-17T08:21:40.158+0530] {dagbag.py:588} INFO - Filling up the DagBag from /Users/parth/Desktop/Engine/venv/lib/python3.11/site-packages/airflow/example_dags/example_inlet_event_extra.py
[2025-07-17T08:21:40.219+0530] {processor.py:925} INFO - DAG(s) 'read_dataset_event_from_classic', 'read_dataset_event' retrieved from /Users/parth/Desktop/Engine/venv/lib/python3.11/site-packages/airflow/example_dags/example_inlet_event_extra.py
[2025-07-17T08:21:40.280+0530] {logging_mixin.py:190} INFO - [2025-07-17T08:21:40.280+0530] {dag.py:3239} INFO - Sync 2 DAGs
[2025-07-17T08:21:40.291+0530] {logging_mixin.py:190} INFO - [2025-07-17T08:21:40.291+0530] {dag.py:4180} INFO - Setting next_dagrun for read_dataset_event to 2025-07-16 00:00:00+00:00, run_after=2025-07-17 00:00:00+00:00
[2025-07-17T08:21:40.294+0530] {logging_mixin.py:190} INFO - [2025-07-17T08:21:40.294+0530] {dag.py:4180} INFO - Setting next_dagrun for read_dataset_event_from_classic to 2025-07-16 00:00:00+00:00, run_after=2025-07-17 00:00:00+00:00
[2025-07-17T08:21:40.305+0530] {processor.py:208} INFO - Processing /Users/parth/Desktop/Engine/venv/lib/python3.11/site-packages/airflow/example_dags/example_inlet_event_extra.py took 0.151 seconds
[2025-07-17T08:25:12.432+0530] {processor.py:186} INFO - Started process (PID=46937) to work on /Users/parth/Desktop/Engine/venv/lib/python3.11/site-packages/airflow/example_dags/example_inlet_event_extra.py
[2025-07-17T08:25:12.433+0530] {processor.py:914} INFO - Processing file /Users/parth/Desktop/Engine/venv/lib/python3.11/site-packages/airflow/example_dags/example_inlet_event_extra.py for tasks to queue
[2025-07-17T08:25:12.434+0530] {logging_mixin.py:190} INFO - [2025-07-17T08:25:12.434+0530] {dagbag.py:588} INFO - Filling up the DagBag from /Users/parth/Desktop/Engine/venv/lib/python3.11/site-packages/airflow/example_dags/example_inlet_event_extra.py
[2025-07-17T08:25:12.492+0530] {processor.py:925} INFO - DAG(s) 'read_dataset_event_from_classic', 'read_dataset_event' retrieved from /Users/parth/Desktop/Engine/venv/lib/python3.11/site-packages/airflow/example_dags/example_inlet_event_extra.py
[2025-07-17T08:25:12.553+0530] {logging_mixin.py:190} INFO - [2025-07-17T08:25:12.553+0530] {dag.py:3239} INFO - Sync 2 DAGs
[2025-07-17T08:25:12.564+0530] {logging_mixin.py:190} INFO - [2025-07-17T08:25:12.564+0530] {dag.py:4180} INFO - Setting next_dagrun for read_dataset_event to 2025-07-16 00:00:00+00:00, run_after=2025-07-17 00:00:00+00:00
[2025-07-17T08:25:12.568+0530] {logging_mixin.py:190} INFO - [2025-07-17T08:25:12.568+0530] {dag.py:4180} INFO - Setting next_dagrun for read_dataset_event_from_classic to 2025-07-16 00:00:00+00:00, run_after=2025-07-17 00:00:00+00:00
[2025-07-17T08:25:12.578+0530] {processor.py:208} INFO - Processing /Users/parth/Desktop/Engine/venv/lib/python3.11/site-packages/airflow/example_dags/example_inlet_event_extra.py took 0.148 seconds
[2025-07-17T08:28:58.548+0530] {processor.py:186} INFO - Started process (PID=48537) to work on /Users/parth/Desktop/Engine/venv/lib/python3.11/site-packages/airflow/example_dags/example_inlet_event_extra.py
[2025-07-17T08:28:58.549+0530] {processor.py:914} INFO - Processing file /Users/parth/Desktop/Engine/venv/lib/python3.11/site-packages/airflow/example_dags/example_inlet_event_extra.py for tasks to queue
[2025-07-17T08:28:58.550+0530] {logging_mixin.py:190} INFO - [2025-07-17T08:28:58.549+0530] {dagbag.py:588} INFO - Filling up the DagBag from /Users/parth/Desktop/Engine/venv/lib/python3.11/site-packages/airflow/example_dags/example_inlet_event_extra.py
[2025-07-17T08:28:58.609+0530] {processor.py:925} INFO - DAG(s) 'read_dataset_event_from_classic', 'read_dataset_event' retrieved from /Users/parth/Desktop/Engine/venv/lib/python3.11/site-packages/airflow/example_dags/example_inlet_event_extra.py
[2025-07-17T08:28:58.671+0530] {logging_mixin.py:190} INFO - [2025-07-17T08:28:58.671+0530] {dag.py:3239} INFO - Sync 2 DAGs
[2025-07-17T08:28:58.683+0530] {logging_mixin.py:190} INFO - [2025-07-17T08:28:58.683+0530] {dag.py:4180} INFO - Setting next_dagrun for read_dataset_event to 2025-07-16 00:00:00+00:00, run_after=2025-07-17 00:00:00+00:00
[2025-07-17T08:28:58.687+0530] {logging_mixin.py:190} INFO - [2025-07-17T08:28:58.687+0530] {dag.py:4180} INFO - Setting next_dagrun for read_dataset_event_from_classic to 2025-07-16 00:00:00+00:00, run_after=2025-07-17 00:00:00+00:00
[2025-07-17T08:28:58.699+0530] {processor.py:208} INFO - Processing /Users/parth/Desktop/Engine/venv/lib/python3.11/site-packages/airflow/example_dags/example_inlet_event_extra.py took 0.153 seconds
[2025-07-17T08:36:57.875+0530] {processor.py:186} INFO - Started process (PID=50016) to work on /Users/parth/Desktop/Engine/venv/lib/python3.11/site-packages/airflow/example_dags/example_inlet_event_extra.py
[2025-07-17T08:36:57.876+0530] {processor.py:914} INFO - Processing file /Users/parth/Desktop/Engine/venv/lib/python3.11/site-packages/airflow/example_dags/example_inlet_event_extra.py for tasks to queue
[2025-07-17T08:36:57.877+0530] {logging_mixin.py:190} INFO - [2025-07-17T08:36:57.877+0530] {dagbag.py:588} INFO - Filling up the DagBag from /Users/parth/Desktop/Engine/venv/lib/python3.11/site-packages/airflow/example_dags/example_inlet_event_extra.py
[2025-07-17T08:36:57.923+0530] {processor.py:925} INFO - DAG(s) 'read_dataset_event_from_classic', 'read_dataset_event' retrieved from /Users/parth/Desktop/Engine/venv/lib/python3.11/site-packages/airflow/example_dags/example_inlet_event_extra.py
[2025-07-17T08:36:57.983+0530] {logging_mixin.py:190} INFO - [2025-07-17T08:36:57.983+0530] {dag.py:3239} INFO - Sync 2 DAGs
[2025-07-17T08:36:57.994+0530] {logging_mixin.py:190} INFO - [2025-07-17T08:36:57.994+0530] {dag.py:4180} INFO - Setting next_dagrun for read_dataset_event to 2025-07-16 00:00:00+00:00, run_after=2025-07-17 00:00:00+00:00
[2025-07-17T08:36:57.997+0530] {logging_mixin.py:190} INFO - [2025-07-17T08:36:57.997+0530] {dag.py:4180} INFO - Setting next_dagrun for read_dataset_event_from_classic to 2025-07-16 00:00:00+00:00, run_after=2025-07-17 00:00:00+00:00
[2025-07-17T08:36:58.008+0530] {processor.py:208} INFO - Processing /Users/parth/Desktop/Engine/venv/lib/python3.11/site-packages/airflow/example_dags/example_inlet_event_extra.py took 0.135 seconds
[2025-07-17T08:40:26.358+0530] {processor.py:186} INFO - Started process (PID=51367) to work on /Users/parth/Desktop/Engine/venv/lib/python3.11/site-packages/airflow/example_dags/example_inlet_event_extra.py
[2025-07-17T08:40:26.358+0530] {processor.py:914} INFO - Processing file /Users/parth/Desktop/Engine/venv/lib/python3.11/site-packages/airflow/example_dags/example_inlet_event_extra.py for tasks to queue
[2025-07-17T08:40:26.359+0530] {logging_mixin.py:190} INFO - [2025-07-17T08:40:26.359+0530] {dagbag.py:588} INFO - Filling up the DagBag from /Users/parth/Desktop/Engine/venv/lib/python3.11/site-packages/airflow/example_dags/example_inlet_event_extra.py
[2025-07-17T08:40:26.410+0530] {processor.py:925} INFO - DAG(s) 'read_dataset_event', 'read_dataset_event_from_classic' retrieved from /Users/parth/Desktop/Engine/venv/lib/python3.11/site-packages/airflow/example_dags/example_inlet_event_extra.py
[2025-07-17T08:40:26.470+0530] {logging_mixin.py:190} INFO - [2025-07-17T08:40:26.469+0530] {dag.py:3239} INFO - Sync 2 DAGs
[2025-07-17T08:40:26.481+0530] {logging_mixin.py:190} INFO - [2025-07-17T08:40:26.481+0530] {dag.py:4180} INFO - Setting next_dagrun for read_dataset_event to 2025-07-16 00:00:00+00:00, run_after=2025-07-17 00:00:00+00:00
[2025-07-17T08:40:26.484+0530] {logging_mixin.py:190} INFO - [2025-07-17T08:40:26.484+0530] {dag.py:4180} INFO - Setting next_dagrun for read_dataset_event_from_classic to 2025-07-16 00:00:00+00:00, run_after=2025-07-17 00:00:00+00:00
[2025-07-17T08:40:26.495+0530] {processor.py:208} INFO - Processing /Users/parth/Desktop/Engine/venv/lib/python3.11/site-packages/airflow/example_dags/example_inlet_event_extra.py took 0.140 seconds
