[2025-07-17T06:21:09.630+0530] {processor.py:186} INFO - Started process (PID=23042) to work on /Users/parth/Desktop/Engine/venv/lib/python3.11/site-packages/airflow/example_dags/example_external_task_marker_dag.py
[2025-07-17T06:21:09.630+0530] {processor.py:914} INFO - Processing file /Users/parth/Desktop/Engine/venv/lib/python3.11/site-packages/airflow/example_dags/example_external_task_marker_dag.py for tasks to queue
[2025-07-17T06:21:09.631+0530] {logging_mixin.py:190} INFO - [2025-07-17T06:21:09.631+0530] {dagbag.py:588} INFO - Filling up the DagBag from /Users/parth/Desktop/Engine/venv/lib/python3.11/site-packages/airflow/example_dags/example_external_task_marker_dag.py
[2025-07-17T06:21:09.639+0530] {processor.py:925} INFO - DAG(s) 'example_external_task_marker_parent', 'example_external_task_marker_child' retrieved from /Users/parth/Desktop/Engine/venv/lib/python3.11/site-packages/airflow/example_dags/example_external_task_marker_dag.py
[2025-07-17T06:21:10.232+0530] {logging_mixin.py:190} INFO - [2025-07-17T06:21:10.231+0530] {dag.py:3239} INFO - Sync 2 DAGs
[2025-07-17T06:21:10.239+0530] {logging_mixin.py:190} INFO - [2025-07-17T06:21:10.239+0530] {dag.py:4180} INFO - Setting next_dagrun for example_external_task_marker_child to None, run_after=None
[2025-07-17T06:21:10.242+0530] {logging_mixin.py:190} INFO - [2025-07-17T06:21:10.241+0530] {dag.py:4180} INFO - Setting next_dagrun for example_external_task_marker_parent to None, run_after=None
[2025-07-17T06:21:10.251+0530] {processor.py:208} INFO - Processing /Users/parth/Desktop/Engine/venv/lib/python3.11/site-packages/airflow/example_dags/example_external_task_marker_dag.py took 0.624 seconds
[2025-07-17T07:17:12.828+0530] {processor.py:186} INFO - Started process (PID=23874) to work on /Users/parth/Desktop/Engine/venv/lib/python3.11/site-packages/airflow/example_dags/example_external_task_marker_dag.py
[2025-07-17T07:17:12.829+0530] {processor.py:914} INFO - Processing file /Users/parth/Desktop/Engine/venv/lib/python3.11/site-packages/airflow/example_dags/example_external_task_marker_dag.py for tasks to queue
[2025-07-17T07:17:12.830+0530] {logging_mixin.py:190} INFO - [2025-07-17T07:17:12.830+0530] {dagbag.py:588} INFO - Filling up the DagBag from /Users/parth/Desktop/Engine/venv/lib/python3.11/site-packages/airflow/example_dags/example_external_task_marker_dag.py
[2025-07-17T07:17:12.838+0530] {processor.py:925} INFO - DAG(s) 'example_external_task_marker_parent', 'example_external_task_marker_child' retrieved from /Users/parth/Desktop/Engine/venv/lib/python3.11/site-packages/airflow/example_dags/example_external_task_marker_dag.py
[2025-07-17T07:17:13.712+0530] {logging_mixin.py:190} INFO - [2025-07-17T07:17:13.712+0530] {dag.py:3239} INFO - Sync 2 DAGs
[2025-07-17T07:17:13.726+0530] {logging_mixin.py:190} INFO - [2025-07-17T07:17:13.726+0530] {dag.py:4180} INFO - Setting next_dagrun for example_external_task_marker_child to None, run_after=None
[2025-07-17T07:17:13.731+0530] {logging_mixin.py:190} INFO - [2025-07-17T07:17:13.731+0530] {dag.py:4180} INFO - Setting next_dagrun for example_external_task_marker_parent to None, run_after=None
[2025-07-17T07:17:13.753+0530] {processor.py:208} INFO - Processing /Users/parth/Desktop/Engine/venv/lib/python3.11/site-packages/airflow/example_dags/example_external_task_marker_dag.py took 0.927 seconds
[2025-07-17T07:25:41.800+0530] {processor.py:186} INFO - Started process (PID=24868) to work on /Users/parth/Desktop/Engine/venv/lib/python3.11/site-packages/airflow/example_dags/example_external_task_marker_dag.py
[2025-07-17T07:25:41.801+0530] {processor.py:914} INFO - Processing file /Users/parth/Desktop/Engine/venv/lib/python3.11/site-packages/airflow/example_dags/example_external_task_marker_dag.py for tasks to queue
[2025-07-17T07:25:41.802+0530] {logging_mixin.py:190} INFO - [2025-07-17T07:25:41.801+0530] {dagbag.py:588} INFO - Filling up the DagBag from /Users/parth/Desktop/Engine/venv/lib/python3.11/site-packages/airflow/example_dags/example_external_task_marker_dag.py
[2025-07-17T07:25:41.810+0530] {processor.py:925} INFO - DAG(s) 'example_external_task_marker_child', 'example_external_task_marker_parent' retrieved from /Users/parth/Desktop/Engine/venv/lib/python3.11/site-packages/airflow/example_dags/example_external_task_marker_dag.py
[2025-07-17T07:25:42.463+0530] {logging_mixin.py:190} INFO - [2025-07-17T07:25:42.463+0530] {dag.py:3239} INFO - Sync 2 DAGs
[2025-07-17T07:25:42.471+0530] {logging_mixin.py:190} INFO - [2025-07-17T07:25:42.470+0530] {dag.py:4180} INFO - Setting next_dagrun for example_external_task_marker_child to None, run_after=None
[2025-07-17T07:25:42.473+0530] {logging_mixin.py:190} INFO - [2025-07-17T07:25:42.473+0530] {dag.py:4180} INFO - Setting next_dagrun for example_external_task_marker_parent to None, run_after=None
[2025-07-17T07:25:42.484+0530] {processor.py:208} INFO - Processing /Users/parth/Desktop/Engine/venv/lib/python3.11/site-packages/airflow/example_dags/example_external_task_marker_dag.py took 0.687 seconds
[2025-07-17T07:29:14.488+0530] {processor.py:186} INFO - Started process (PID=26236) to work on /Users/parth/Desktop/Engine/venv/lib/python3.11/site-packages/airflow/example_dags/example_external_task_marker_dag.py
[2025-07-17T07:29:14.489+0530] {processor.py:914} INFO - Processing file /Users/parth/Desktop/Engine/venv/lib/python3.11/site-packages/airflow/example_dags/example_external_task_marker_dag.py for tasks to queue
[2025-07-17T07:29:14.490+0530] {logging_mixin.py:190} INFO - [2025-07-17T07:29:14.490+0530] {dagbag.py:588} INFO - Filling up the DagBag from /Users/parth/Desktop/Engine/venv/lib/python3.11/site-packages/airflow/example_dags/example_external_task_marker_dag.py
[2025-07-17T07:29:14.498+0530] {processor.py:925} INFO - DAG(s) 'example_external_task_marker_child', 'example_external_task_marker_parent' retrieved from /Users/parth/Desktop/Engine/venv/lib/python3.11/site-packages/airflow/example_dags/example_external_task_marker_dag.py
[2025-07-17T07:29:15.075+0530] {logging_mixin.py:190} INFO - [2025-07-17T07:29:15.075+0530] {dag.py:3239} INFO - Sync 2 DAGs
[2025-07-17T07:29:15.082+0530] {logging_mixin.py:190} INFO - [2025-07-17T07:29:15.082+0530] {dag.py:4180} INFO - Setting next_dagrun for example_external_task_marker_child to None, run_after=None
[2025-07-17T07:29:15.084+0530] {logging_mixin.py:190} INFO - [2025-07-17T07:29:15.084+0530] {dag.py:4180} INFO - Setting next_dagrun for example_external_task_marker_parent to None, run_after=None
[2025-07-17T07:29:15.096+0530] {processor.py:208} INFO - Processing /Users/parth/Desktop/Engine/venv/lib/python3.11/site-packages/airflow/example_dags/example_external_task_marker_dag.py took 0.610 seconds
[2025-07-17T07:32:46.470+0530] {processor.py:186} INFO - Started process (PID=27610) to work on /Users/parth/Desktop/Engine/venv/lib/python3.11/site-packages/airflow/example_dags/example_external_task_marker_dag.py
[2025-07-17T07:32:46.471+0530] {processor.py:914} INFO - Processing file /Users/parth/Desktop/Engine/venv/lib/python3.11/site-packages/airflow/example_dags/example_external_task_marker_dag.py for tasks to queue
[2025-07-17T07:32:46.471+0530] {logging_mixin.py:190} INFO - [2025-07-17T07:32:46.471+0530] {dagbag.py:588} INFO - Filling up the DagBag from /Users/parth/Desktop/Engine/venv/lib/python3.11/site-packages/airflow/example_dags/example_external_task_marker_dag.py
[2025-07-17T07:32:46.479+0530] {processor.py:925} INFO - DAG(s) 'example_external_task_marker_parent', 'example_external_task_marker_child' retrieved from /Users/parth/Desktop/Engine/venv/lib/python3.11/site-packages/airflow/example_dags/example_external_task_marker_dag.py
[2025-07-17T07:32:47.039+0530] {logging_mixin.py:190} INFO - [2025-07-17T07:32:47.039+0530] {dag.py:3239} INFO - Sync 2 DAGs
[2025-07-17T07:32:47.046+0530] {logging_mixin.py:190} INFO - [2025-07-17T07:32:47.046+0530] {dag.py:4180} INFO - Setting next_dagrun for example_external_task_marker_child to None, run_after=None
[2025-07-17T07:32:47.048+0530] {logging_mixin.py:190} INFO - [2025-07-17T07:32:47.047+0530] {dag.py:4180} INFO - Setting next_dagrun for example_external_task_marker_parent to None, run_after=None
[2025-07-17T07:32:47.057+0530] {processor.py:208} INFO - Processing /Users/parth/Desktop/Engine/venv/lib/python3.11/site-packages/airflow/example_dags/example_external_task_marker_dag.py took 0.589 seconds
[2025-07-17T07:36:35.165+0530] {processor.py:186} INFO - Started process (PID=29122) to work on /Users/parth/Desktop/Engine/venv/lib/python3.11/site-packages/airflow/example_dags/example_external_task_marker_dag.py
[2025-07-17T07:36:35.166+0530] {processor.py:914} INFO - Processing file /Users/parth/Desktop/Engine/venv/lib/python3.11/site-packages/airflow/example_dags/example_external_task_marker_dag.py for tasks to queue
[2025-07-17T07:36:35.167+0530] {logging_mixin.py:190} INFO - [2025-07-17T07:36:35.167+0530] {dagbag.py:588} INFO - Filling up the DagBag from /Users/parth/Desktop/Engine/venv/lib/python3.11/site-packages/airflow/example_dags/example_external_task_marker_dag.py
[2025-07-17T07:36:35.174+0530] {processor.py:925} INFO - DAG(s) 'example_external_task_marker_parent', 'example_external_task_marker_child' retrieved from /Users/parth/Desktop/Engine/venv/lib/python3.11/site-packages/airflow/example_dags/example_external_task_marker_dag.py
[2025-07-17T07:36:35.690+0530] {logging_mixin.py:190} INFO - [2025-07-17T07:36:35.690+0530] {dag.py:3239} INFO - Sync 2 DAGs
[2025-07-17T07:36:35.697+0530] {logging_mixin.py:190} INFO - [2025-07-17T07:36:35.696+0530] {dag.py:4180} INFO - Setting next_dagrun for example_external_task_marker_child to None, run_after=None
[2025-07-17T07:36:35.698+0530] {logging_mixin.py:190} INFO - [2025-07-17T07:36:35.698+0530] {dag.py:4180} INFO - Setting next_dagrun for example_external_task_marker_parent to None, run_after=None
[2025-07-17T07:36:35.708+0530] {processor.py:208} INFO - Processing /Users/parth/Desktop/Engine/venv/lib/python3.11/site-packages/airflow/example_dags/example_external_task_marker_dag.py took 0.545 seconds
[2025-07-17T07:40:13.183+0530] {processor.py:186} INFO - Started process (PID=30535) to work on /Users/parth/Desktop/Engine/venv/lib/python3.11/site-packages/airflow/example_dags/example_external_task_marker_dag.py
[2025-07-17T07:40:13.183+0530] {processor.py:914} INFO - Processing file /Users/parth/Desktop/Engine/venv/lib/python3.11/site-packages/airflow/example_dags/example_external_task_marker_dag.py for tasks to queue
[2025-07-17T07:40:13.184+0530] {logging_mixin.py:190} INFO - [2025-07-17T07:40:13.184+0530] {dagbag.py:588} INFO - Filling up the DagBag from /Users/parth/Desktop/Engine/venv/lib/python3.11/site-packages/airflow/example_dags/example_external_task_marker_dag.py
[2025-07-17T07:40:13.192+0530] {processor.py:925} INFO - DAG(s) 'example_external_task_marker_parent', 'example_external_task_marker_child' retrieved from /Users/parth/Desktop/Engine/venv/lib/python3.11/site-packages/airflow/example_dags/example_external_task_marker_dag.py
[2025-07-17T07:40:13.775+0530] {logging_mixin.py:190} INFO - [2025-07-17T07:40:13.775+0530] {dag.py:3239} INFO - Sync 2 DAGs
[2025-07-17T07:40:13.782+0530] {logging_mixin.py:190} INFO - [2025-07-17T07:40:13.782+0530] {dag.py:4180} INFO - Setting next_dagrun for example_external_task_marker_child to None, run_after=None
[2025-07-17T07:40:13.784+0530] {logging_mixin.py:190} INFO - [2025-07-17T07:40:13.784+0530] {dag.py:4180} INFO - Setting next_dagrun for example_external_task_marker_parent to None, run_after=None
[2025-07-17T07:40:13.794+0530] {processor.py:208} INFO - Processing /Users/parth/Desktop/Engine/venv/lib/python3.11/site-packages/airflow/example_dags/example_external_task_marker_dag.py took 0.613 seconds
[2025-07-17T07:44:37.397+0530] {processor.py:186} INFO - Started process (PID=32370) to work on /Users/parth/Desktop/Engine/venv/lib/python3.11/site-packages/airflow/example_dags/example_external_task_marker_dag.py
[2025-07-17T07:44:37.399+0530] {processor.py:914} INFO - Processing file /Users/parth/Desktop/Engine/venv/lib/python3.11/site-packages/airflow/example_dags/example_external_task_marker_dag.py for tasks to queue
[2025-07-17T07:44:37.401+0530] {logging_mixin.py:190} INFO - [2025-07-17T07:44:37.400+0530] {dagbag.py:588} INFO - Filling up the DagBag from /Users/parth/Desktop/Engine/venv/lib/python3.11/site-packages/airflow/example_dags/example_external_task_marker_dag.py
[2025-07-17T07:44:37.424+0530] {processor.py:925} INFO - DAG(s) 'example_external_task_marker_child', 'example_external_task_marker_parent' retrieved from /Users/parth/Desktop/Engine/venv/lib/python3.11/site-packages/airflow/example_dags/example_external_task_marker_dag.py
[2025-07-17T07:44:39.051+0530] {logging_mixin.py:190} INFO - [2025-07-17T07:44:39.051+0530] {dag.py:3239} INFO - Sync 2 DAGs
[2025-07-17T07:44:39.069+0530] {logging_mixin.py:190} INFO - [2025-07-17T07:44:39.069+0530] {dag.py:4180} INFO - Setting next_dagrun for example_external_task_marker_child to None, run_after=None
[2025-07-17T07:44:39.074+0530] {logging_mixin.py:190} INFO - [2025-07-17T07:44:39.074+0530] {dag.py:4180} INFO - Setting next_dagrun for example_external_task_marker_parent to None, run_after=None
[2025-07-17T07:44:39.100+0530] {processor.py:208} INFO - Processing /Users/parth/Desktop/Engine/venv/lib/python3.11/site-packages/airflow/example_dags/example_external_task_marker_dag.py took 1.710 seconds
[2025-07-17T07:49:41.346+0530] {processor.py:186} INFO - Started process (PID=34448) to work on /Users/parth/Desktop/Engine/venv/lib/python3.11/site-packages/airflow/example_dags/example_external_task_marker_dag.py
[2025-07-17T07:49:41.347+0530] {processor.py:914} INFO - Processing file /Users/parth/Desktop/Engine/venv/lib/python3.11/site-packages/airflow/example_dags/example_external_task_marker_dag.py for tasks to queue
[2025-07-17T07:49:41.348+0530] {logging_mixin.py:190} INFO - [2025-07-17T07:49:41.348+0530] {dagbag.py:588} INFO - Filling up the DagBag from /Users/parth/Desktop/Engine/venv/lib/python3.11/site-packages/airflow/example_dags/example_external_task_marker_dag.py
[2025-07-17T07:49:41.358+0530] {processor.py:925} INFO - DAG(s) 'example_external_task_marker_child', 'example_external_task_marker_parent' retrieved from /Users/parth/Desktop/Engine/venv/lib/python3.11/site-packages/airflow/example_dags/example_external_task_marker_dag.py
[2025-07-17T07:49:42.298+0530] {logging_mixin.py:190} INFO - [2025-07-17T07:49:42.297+0530] {dag.py:3239} INFO - Sync 2 DAGs
[2025-07-17T07:49:42.305+0530] {logging_mixin.py:190} INFO - [2025-07-17T07:49:42.305+0530] {dag.py:4180} INFO - Setting next_dagrun for example_external_task_marker_child to None, run_after=None
[2025-07-17T07:49:42.308+0530] {logging_mixin.py:190} INFO - [2025-07-17T07:49:42.308+0530] {dag.py:4180} INFO - Setting next_dagrun for example_external_task_marker_parent to None, run_after=None
[2025-07-17T07:49:42.324+0530] {processor.py:208} INFO - Processing /Users/parth/Desktop/Engine/venv/lib/python3.11/site-packages/airflow/example_dags/example_external_task_marker_dag.py took 0.981 seconds
[2025-07-17T07:54:47.043+0530] {processor.py:186} INFO - Started process (PID=36587) to work on /Users/parth/Desktop/Engine/venv/lib/python3.11/site-packages/airflow/example_dags/example_external_task_marker_dag.py
[2025-07-17T07:54:47.044+0530] {processor.py:914} INFO - Processing file /Users/parth/Desktop/Engine/venv/lib/python3.11/site-packages/airflow/example_dags/example_external_task_marker_dag.py for tasks to queue
[2025-07-17T07:54:47.045+0530] {logging_mixin.py:190} INFO - [2025-07-17T07:54:47.045+0530] {dagbag.py:588} INFO - Filling up the DagBag from /Users/parth/Desktop/Engine/venv/lib/python3.11/site-packages/airflow/example_dags/example_external_task_marker_dag.py
[2025-07-17T07:54:47.054+0530] {processor.py:925} INFO - DAG(s) 'example_external_task_marker_child', 'example_external_task_marker_parent' retrieved from /Users/parth/Desktop/Engine/venv/lib/python3.11/site-packages/airflow/example_dags/example_external_task_marker_dag.py
[2025-07-17T07:54:47.946+0530] {logging_mixin.py:190} INFO - [2025-07-17T07:54:47.946+0530] {dag.py:3239} INFO - Sync 2 DAGs
[2025-07-17T07:54:47.954+0530] {logging_mixin.py:190} INFO - [2025-07-17T07:54:47.954+0530] {dag.py:4180} INFO - Setting next_dagrun for example_external_task_marker_child to None, run_after=None
[2025-07-17T07:54:47.957+0530] {logging_mixin.py:190} INFO - [2025-07-17T07:54:47.957+0530] {dag.py:4180} INFO - Setting next_dagrun for example_external_task_marker_parent to None, run_after=None
[2025-07-17T07:54:47.969+0530] {processor.py:208} INFO - Processing /Users/parth/Desktop/Engine/venv/lib/python3.11/site-packages/airflow/example_dags/example_external_task_marker_dag.py took 0.929 seconds
[2025-07-17T07:58:48.557+0530] {processor.py:186} INFO - Started process (PID=38243) to work on /Users/parth/Desktop/Engine/venv/lib/python3.11/site-packages/airflow/example_dags/example_external_task_marker_dag.py
[2025-07-17T07:58:48.558+0530] {processor.py:914} INFO - Processing file /Users/parth/Desktop/Engine/venv/lib/python3.11/site-packages/airflow/example_dags/example_external_task_marker_dag.py for tasks to queue
[2025-07-17T07:58:48.559+0530] {logging_mixin.py:190} INFO - [2025-07-17T07:58:48.559+0530] {dagbag.py:588} INFO - Filling up the DagBag from /Users/parth/Desktop/Engine/venv/lib/python3.11/site-packages/airflow/example_dags/example_external_task_marker_dag.py
[2025-07-17T07:58:48.568+0530] {processor.py:925} INFO - DAG(s) 'example_external_task_marker_parent', 'example_external_task_marker_child' retrieved from /Users/parth/Desktop/Engine/venv/lib/python3.11/site-packages/airflow/example_dags/example_external_task_marker_dag.py
[2025-07-17T07:58:49.257+0530] {logging_mixin.py:190} INFO - [2025-07-17T07:58:49.257+0530] {dag.py:3239} INFO - Sync 2 DAGs
[2025-07-17T07:58:49.267+0530] {logging_mixin.py:190} INFO - [2025-07-17T07:58:49.266+0530] {dag.py:4180} INFO - Setting next_dagrun for example_external_task_marker_child to None, run_after=None
[2025-07-17T07:58:49.270+0530] {logging_mixin.py:190} INFO - [2025-07-17T07:58:49.270+0530] {dag.py:4180} INFO - Setting next_dagrun for example_external_task_marker_parent to None, run_after=None
[2025-07-17T07:58:49.283+0530] {processor.py:208} INFO - Processing /Users/parth/Desktop/Engine/venv/lib/python3.11/site-packages/airflow/example_dags/example_external_task_marker_dag.py took 0.728 seconds
[2025-07-17T08:03:16.668+0530] {processor.py:186} INFO - Started process (PID=39961) to work on /Users/parth/Desktop/Engine/venv/lib/python3.11/site-packages/airflow/example_dags/example_external_task_marker_dag.py
[2025-07-17T08:03:16.669+0530] {processor.py:914} INFO - Processing file /Users/parth/Desktop/Engine/venv/lib/python3.11/site-packages/airflow/example_dags/example_external_task_marker_dag.py for tasks to queue
[2025-07-17T08:03:16.670+0530] {logging_mixin.py:190} INFO - [2025-07-17T08:03:16.670+0530] {dagbag.py:588} INFO - Filling up the DagBag from /Users/parth/Desktop/Engine/venv/lib/python3.11/site-packages/airflow/example_dags/example_external_task_marker_dag.py
[2025-07-17T08:03:16.678+0530] {processor.py:925} INFO - DAG(s) 'example_external_task_marker_child', 'example_external_task_marker_parent' retrieved from /Users/parth/Desktop/Engine/venv/lib/python3.11/site-packages/airflow/example_dags/example_external_task_marker_dag.py
[2025-07-17T08:03:17.505+0530] {logging_mixin.py:190} INFO - [2025-07-17T08:03:17.504+0530] {dag.py:3239} INFO - Sync 2 DAGs
[2025-07-17T08:03:17.513+0530] {logging_mixin.py:190} INFO - [2025-07-17T08:03:17.512+0530] {dag.py:4180} INFO - Setting next_dagrun for example_external_task_marker_child to None, run_after=None
[2025-07-17T08:03:17.515+0530] {logging_mixin.py:190} INFO - [2025-07-17T08:03:17.515+0530] {dag.py:4180} INFO - Setting next_dagrun for example_external_task_marker_parent to None, run_after=None
[2025-07-17T08:03:17.527+0530] {processor.py:208} INFO - Processing /Users/parth/Desktop/Engine/venv/lib/python3.11/site-packages/airflow/example_dags/example_external_task_marker_dag.py took 0.861 seconds
[2025-07-17T08:07:27.510+0530] {processor.py:186} INFO - Started process (PID=41706) to work on /Users/parth/Desktop/Engine/venv/lib/python3.11/site-packages/airflow/example_dags/example_external_task_marker_dag.py
[2025-07-17T08:07:27.510+0530] {processor.py:914} INFO - Processing file /Users/parth/Desktop/Engine/venv/lib/python3.11/site-packages/airflow/example_dags/example_external_task_marker_dag.py for tasks to queue
[2025-07-17T08:07:27.511+0530] {logging_mixin.py:190} INFO - [2025-07-17T08:07:27.511+0530] {dagbag.py:588} INFO - Filling up the DagBag from /Users/parth/Desktop/Engine/venv/lib/python3.11/site-packages/airflow/example_dags/example_external_task_marker_dag.py
[2025-07-17T08:07:27.519+0530] {processor.py:925} INFO - DAG(s) 'example_external_task_marker_parent', 'example_external_task_marker_child' retrieved from /Users/parth/Desktop/Engine/venv/lib/python3.11/site-packages/airflow/example_dags/example_external_task_marker_dag.py
[2025-07-17T08:07:28.082+0530] {logging_mixin.py:190} INFO - [2025-07-17T08:07:28.082+0530] {dag.py:3239} INFO - Sync 2 DAGs
[2025-07-17T08:07:28.089+0530] {logging_mixin.py:190} INFO - [2025-07-17T08:07:28.089+0530] {dag.py:4180} INFO - Setting next_dagrun for example_external_task_marker_child to None, run_after=None
[2025-07-17T08:07:28.091+0530] {logging_mixin.py:190} INFO - [2025-07-17T08:07:28.091+0530] {dag.py:4180} INFO - Setting next_dagrun for example_external_task_marker_parent to None, run_after=None
[2025-07-17T08:07:28.100+0530] {processor.py:208} INFO - Processing /Users/parth/Desktop/Engine/venv/lib/python3.11/site-packages/airflow/example_dags/example_external_task_marker_dag.py took 0.593 seconds
[2025-07-17T08:11:30.895+0530] {processor.py:186} INFO - Started process (PID=43342) to work on /Users/parth/Desktop/Engine/venv/lib/python3.11/site-packages/airflow/example_dags/example_external_task_marker_dag.py
[2025-07-17T08:11:30.896+0530] {processor.py:914} INFO - Processing file /Users/parth/Desktop/Engine/venv/lib/python3.11/site-packages/airflow/example_dags/example_external_task_marker_dag.py for tasks to queue
[2025-07-17T08:11:30.897+0530] {logging_mixin.py:190} INFO - [2025-07-17T08:11:30.896+0530] {dagbag.py:588} INFO - Filling up the DagBag from /Users/parth/Desktop/Engine/venv/lib/python3.11/site-packages/airflow/example_dags/example_external_task_marker_dag.py
[2025-07-17T08:11:30.904+0530] {processor.py:925} INFO - DAG(s) 'example_external_task_marker_child', 'example_external_task_marker_parent' retrieved from /Users/parth/Desktop/Engine/venv/lib/python3.11/site-packages/airflow/example_dags/example_external_task_marker_dag.py
[2025-07-17T08:11:31.449+0530] {logging_mixin.py:190} INFO - [2025-07-17T08:11:31.449+0530] {dag.py:3239} INFO - Sync 2 DAGs
[2025-07-17T08:11:31.456+0530] {logging_mixin.py:190} INFO - [2025-07-17T08:11:31.456+0530] {dag.py:4180} INFO - Setting next_dagrun for example_external_task_marker_child to None, run_after=None
[2025-07-17T08:11:31.458+0530] {logging_mixin.py:190} INFO - [2025-07-17T08:11:31.458+0530] {dag.py:4180} INFO - Setting next_dagrun for example_external_task_marker_parent to None, run_after=None
[2025-07-17T08:11:31.468+0530] {processor.py:208} INFO - Processing /Users/parth/Desktop/Engine/venv/lib/python3.11/site-packages/airflow/example_dags/example_external_task_marker_dag.py took 0.576 seconds
[2025-07-17T08:19:45.237+0530] {processor.py:186} INFO - Started process (PID=44783) to work on /Users/parth/Desktop/Engine/venv/lib/python3.11/site-packages/airflow/example_dags/example_external_task_marker_dag.py
[2025-07-17T08:19:45.238+0530] {processor.py:914} INFO - Processing file /Users/parth/Desktop/Engine/venv/lib/python3.11/site-packages/airflow/example_dags/example_external_task_marker_dag.py for tasks to queue
[2025-07-17T08:19:45.238+0530] {logging_mixin.py:190} INFO - [2025-07-17T08:19:45.238+0530] {dagbag.py:588} INFO - Filling up the DagBag from /Users/parth/Desktop/Engine/venv/lib/python3.11/site-packages/airflow/example_dags/example_external_task_marker_dag.py
[2025-07-17T08:19:45.246+0530] {processor.py:925} INFO - DAG(s) 'example_external_task_marker_child', 'example_external_task_marker_parent' retrieved from /Users/parth/Desktop/Engine/venv/lib/python3.11/site-packages/airflow/example_dags/example_external_task_marker_dag.py
[2025-07-17T08:19:45.794+0530] {logging_mixin.py:190} INFO - [2025-07-17T08:19:45.794+0530] {dag.py:3239} INFO - Sync 2 DAGs
[2025-07-17T08:19:45.802+0530] {logging_mixin.py:190} INFO - [2025-07-17T08:19:45.802+0530] {dag.py:4180} INFO - Setting next_dagrun for example_external_task_marker_child to None, run_after=None
[2025-07-17T08:19:45.804+0530] {logging_mixin.py:190} INFO - [2025-07-17T08:19:45.804+0530] {dag.py:4180} INFO - Setting next_dagrun for example_external_task_marker_parent to None, run_after=None
[2025-07-17T08:19:45.814+0530] {processor.py:208} INFO - Processing /Users/parth/Desktop/Engine/venv/lib/python3.11/site-packages/airflow/example_dags/example_external_task_marker_dag.py took 0.579 seconds
[2025-07-17T08:23:15.407+0530] {processor.py:186} INFO - Started process (PID=46163) to work on /Users/parth/Desktop/Engine/venv/lib/python3.11/site-packages/airflow/example_dags/example_external_task_marker_dag.py
[2025-07-17T08:23:15.407+0530] {processor.py:914} INFO - Processing file /Users/parth/Desktop/Engine/venv/lib/python3.11/site-packages/airflow/example_dags/example_external_task_marker_dag.py for tasks to queue
[2025-07-17T08:23:15.408+0530] {logging_mixin.py:190} INFO - [2025-07-17T08:23:15.408+0530] {dagbag.py:588} INFO - Filling up the DagBag from /Users/parth/Desktop/Engine/venv/lib/python3.11/site-packages/airflow/example_dags/example_external_task_marker_dag.py
[2025-07-17T08:23:15.416+0530] {processor.py:925} INFO - DAG(s) 'example_external_task_marker_parent', 'example_external_task_marker_child' retrieved from /Users/parth/Desktop/Engine/venv/lib/python3.11/site-packages/airflow/example_dags/example_external_task_marker_dag.py
[2025-07-17T08:23:16.071+0530] {logging_mixin.py:190} INFO - [2025-07-17T08:23:16.070+0530] {dag.py:3239} INFO - Sync 2 DAGs
[2025-07-17T08:23:16.077+0530] {logging_mixin.py:190} INFO - [2025-07-17T08:23:16.077+0530] {dag.py:4180} INFO - Setting next_dagrun for example_external_task_marker_child to None, run_after=None
[2025-07-17T08:23:16.079+0530] {logging_mixin.py:190} INFO - [2025-07-17T08:23:16.079+0530] {dag.py:4180} INFO - Setting next_dagrun for example_external_task_marker_parent to None, run_after=None
[2025-07-17T08:23:16.089+0530] {processor.py:208} INFO - Processing /Users/parth/Desktop/Engine/venv/lib/python3.11/site-packages/airflow/example_dags/example_external_task_marker_dag.py took 0.684 seconds
[2025-07-17T08:26:47.118+0530] {processor.py:186} INFO - Started process (PID=47597) to work on /Users/parth/Desktop/Engine/venv/lib/python3.11/site-packages/airflow/example_dags/example_external_task_marker_dag.py
[2025-07-17T08:26:47.118+0530] {processor.py:914} INFO - Processing file /Users/parth/Desktop/Engine/venv/lib/python3.11/site-packages/airflow/example_dags/example_external_task_marker_dag.py for tasks to queue
[2025-07-17T08:26:47.119+0530] {logging_mixin.py:190} INFO - [2025-07-17T08:26:47.119+0530] {dagbag.py:588} INFO - Filling up the DagBag from /Users/parth/Desktop/Engine/venv/lib/python3.11/site-packages/airflow/example_dags/example_external_task_marker_dag.py
[2025-07-17T08:26:47.127+0530] {processor.py:925} INFO - DAG(s) 'example_external_task_marker_child', 'example_external_task_marker_parent' retrieved from /Users/parth/Desktop/Engine/venv/lib/python3.11/site-packages/airflow/example_dags/example_external_task_marker_dag.py
[2025-07-17T08:26:47.627+0530] {logging_mixin.py:190} INFO - [2025-07-17T08:26:47.627+0530] {dag.py:3239} INFO - Sync 2 DAGs
[2025-07-17T08:26:47.634+0530] {logging_mixin.py:190} INFO - [2025-07-17T08:26:47.634+0530] {dag.py:4180} INFO - Setting next_dagrun for example_external_task_marker_child to None, run_after=None
[2025-07-17T08:26:47.636+0530] {logging_mixin.py:190} INFO - [2025-07-17T08:26:47.635+0530] {dag.py:4180} INFO - Setting next_dagrun for example_external_task_marker_parent to None, run_after=None
[2025-07-17T08:26:47.646+0530] {processor.py:208} INFO - Processing /Users/parth/Desktop/Engine/venv/lib/python3.11/site-packages/airflow/example_dags/example_external_task_marker_dag.py took 0.531 seconds
[2025-07-17T08:34:59.226+0530] {processor.py:186} INFO - Started process (PID=49256) to work on /Users/parth/Desktop/Engine/venv/lib/python3.11/site-packages/airflow/example_dags/example_external_task_marker_dag.py
[2025-07-17T08:34:59.227+0530] {processor.py:914} INFO - Processing file /Users/parth/Desktop/Engine/venv/lib/python3.11/site-packages/airflow/example_dags/example_external_task_marker_dag.py for tasks to queue
[2025-07-17T08:34:59.228+0530] {logging_mixin.py:190} INFO - [2025-07-17T08:34:59.227+0530] {dagbag.py:588} INFO - Filling up the DagBag from /Users/parth/Desktop/Engine/venv/lib/python3.11/site-packages/airflow/example_dags/example_external_task_marker_dag.py
[2025-07-17T08:34:59.236+0530] {processor.py:925} INFO - DAG(s) 'example_external_task_marker_child', 'example_external_task_marker_parent' retrieved from /Users/parth/Desktop/Engine/venv/lib/python3.11/site-packages/airflow/example_dags/example_external_task_marker_dag.py
[2025-07-17T08:34:59.807+0530] {logging_mixin.py:190} INFO - [2025-07-17T08:34:59.807+0530] {dag.py:3239} INFO - Sync 2 DAGs
[2025-07-17T08:34:59.814+0530] {logging_mixin.py:190} INFO - [2025-07-17T08:34:59.814+0530] {dag.py:4180} INFO - Setting next_dagrun for example_external_task_marker_child to None, run_after=None
[2025-07-17T08:34:59.816+0530] {logging_mixin.py:190} INFO - [2025-07-17T08:34:59.816+0530] {dag.py:4180} INFO - Setting next_dagrun for example_external_task_marker_parent to None, run_after=None
[2025-07-17T08:34:59.826+0530] {processor.py:208} INFO - Processing /Users/parth/Desktop/Engine/venv/lib/python3.11/site-packages/airflow/example_dags/example_external_task_marker_dag.py took 0.602 seconds
[2025-07-17T08:38:31.361+0530] {processor.py:186} INFO - Started process (PID=50625) to work on /Users/parth/Desktop/Engine/venv/lib/python3.11/site-packages/airflow/example_dags/example_external_task_marker_dag.py
[2025-07-17T08:38:31.362+0530] {processor.py:914} INFO - Processing file /Users/parth/Desktop/Engine/venv/lib/python3.11/site-packages/airflow/example_dags/example_external_task_marker_dag.py for tasks to queue
[2025-07-17T08:38:31.363+0530] {logging_mixin.py:190} INFO - [2025-07-17T08:38:31.363+0530] {dagbag.py:588} INFO - Filling up the DagBag from /Users/parth/Desktop/Engine/venv/lib/python3.11/site-packages/airflow/example_dags/example_external_task_marker_dag.py
[2025-07-17T08:38:31.371+0530] {processor.py:925} INFO - DAG(s) 'example_external_task_marker_parent', 'example_external_task_marker_child' retrieved from /Users/parth/Desktop/Engine/venv/lib/python3.11/site-packages/airflow/example_dags/example_external_task_marker_dag.py
[2025-07-17T08:38:31.881+0530] {logging_mixin.py:190} INFO - [2025-07-17T08:38:31.880+0530] {dag.py:3239} INFO - Sync 2 DAGs
[2025-07-17T08:38:31.887+0530] {logging_mixin.py:190} INFO - [2025-07-17T08:38:31.887+0530] {dag.py:4180} INFO - Setting next_dagrun for example_external_task_marker_child to None, run_after=None
[2025-07-17T08:38:31.889+0530] {logging_mixin.py:190} INFO - [2025-07-17T08:38:31.889+0530] {dag.py:4180} INFO - Setting next_dagrun for example_external_task_marker_parent to None, run_after=None
[2025-07-17T08:38:31.899+0530] {processor.py:208} INFO - Processing /Users/parth/Desktop/Engine/venv/lib/python3.11/site-packages/airflow/example_dags/example_external_task_marker_dag.py took 0.540 seconds
[2025-07-17T10:00:54.843+0530] {processor.py:186} INFO - Started process (PID=52183) to work on /Users/parth/Desktop/Engine/venv/lib/python3.11/site-packages/airflow/example_dags/example_external_task_marker_dag.py
[2025-07-17T10:00:54.844+0530] {processor.py:914} INFO - Processing file /Users/parth/Desktop/Engine/venv/lib/python3.11/site-packages/airflow/example_dags/example_external_task_marker_dag.py for tasks to queue
[2025-07-17T10:00:54.845+0530] {logging_mixin.py:190} INFO - [2025-07-17T10:00:54.845+0530] {dagbag.py:588} INFO - Filling up the DagBag from /Users/parth/Desktop/Engine/venv/lib/python3.11/site-packages/airflow/example_dags/example_external_task_marker_dag.py
[2025-07-17T10:00:54.856+0530] {processor.py:925} INFO - DAG(s) 'example_external_task_marker_parent', 'example_external_task_marker_child' retrieved from /Users/parth/Desktop/Engine/venv/lib/python3.11/site-packages/airflow/example_dags/example_external_task_marker_dag.py
[2025-07-17T10:00:55.568+0530] {logging_mixin.py:190} INFO - [2025-07-17T10:00:55.568+0530] {dag.py:3239} INFO - Sync 2 DAGs
[2025-07-17T10:00:55.575+0530] {logging_mixin.py:190} INFO - [2025-07-17T10:00:55.574+0530] {dag.py:4180} INFO - Setting next_dagrun for example_external_task_marker_child to None, run_after=None
[2025-07-17T10:00:55.577+0530] {logging_mixin.py:190} INFO - [2025-07-17T10:00:55.577+0530] {dag.py:4180} INFO - Setting next_dagrun for example_external_task_marker_parent to None, run_after=None
[2025-07-17T10:00:55.587+0530] {processor.py:208} INFO - Processing /Users/parth/Desktop/Engine/venv/lib/python3.11/site-packages/airflow/example_dags/example_external_task_marker_dag.py took 0.747 seconds
