[2025-07-17T07:23:43.701+0530] {processor.py:186} INFO - Started process (PID=24084) to work on /Users/parth/Desktop/Engine/venv/lib/python3.11/site-packages/airflow/example_dags/example_branch_operator.py
[2025-07-17T07:23:43.702+0530] {processor.py:914} INFO - Processing file /Users/parth/Desktop/Engine/venv/lib/python3.11/site-packages/airflow/example_dags/example_branch_operator.py for tasks to queue
[2025-07-17T07:23:43.703+0530] {logging_mixin.py:190} INFO - [2025-07-17T07:23:43.702+0530] {dagbag.py:588} INFO - Filling up the DagBag from /Users/parth/Desktop/Engine/venv/lib/python3.11/site-packages/airflow/example_dags/example_branch_operator.py
[2025-07-17T07:23:43.719+0530] {processor.py:927} WARNING - No viable dags retrieved from /Users/parth/Desktop/Engine/venv/lib/python3.11/site-packages/airflow/example_dags/example_branch_operator.py
[2025-07-17T07:23:43.772+0530] {processor.py:208} INFO - Processing /Users/parth/Desktop/Engine/venv/lib/python3.11/site-packages/airflow/example_dags/example_branch_operator.py took 0.073 seconds
[2025-07-17T07:27:30.175+0530] {processor.py:186} INFO - Started process (PID=25563) to work on /Users/parth/Desktop/Engine/venv/lib/python3.11/site-packages/airflow/example_dags/example_branch_operator.py
[2025-07-17T07:27:30.175+0530] {processor.py:914} INFO - Processing file /Users/parth/Desktop/Engine/venv/lib/python3.11/site-packages/airflow/example_dags/example_branch_operator.py for tasks to queue
[2025-07-17T07:27:30.176+0530] {logging_mixin.py:190} INFO - [2025-07-17T07:27:30.176+0530] {dagbag.py:588} INFO - Filling up the DagBag from /Users/parth/Desktop/Engine/venv/lib/python3.11/site-packages/airflow/example_dags/example_branch_operator.py
[2025-07-17T07:27:30.192+0530] {processor.py:927} WARNING - No viable dags retrieved from /Users/parth/Desktop/Engine/venv/lib/python3.11/site-packages/airflow/example_dags/example_branch_operator.py
[2025-07-17T07:27:30.246+0530] {processor.py:208} INFO - Processing /Users/parth/Desktop/Engine/venv/lib/python3.11/site-packages/airflow/example_dags/example_branch_operator.py took 0.074 seconds
[2025-07-17T07:30:59.502+0530] {processor.py:186} INFO - Started process (PID=26909) to work on /Users/parth/Desktop/Engine/venv/lib/python3.11/site-packages/airflow/example_dags/example_branch_operator.py
[2025-07-17T07:30:59.504+0530] {processor.py:914} INFO - Processing file /Users/parth/Desktop/Engine/venv/lib/python3.11/site-packages/airflow/example_dags/example_branch_operator.py for tasks to queue
[2025-07-17T07:30:59.504+0530] {logging_mixin.py:190} INFO - [2025-07-17T07:30:59.504+0530] {dagbag.py:588} INFO - Filling up the DagBag from /Users/parth/Desktop/Engine/venv/lib/python3.11/site-packages/airflow/example_dags/example_branch_operator.py
[2025-07-17T07:30:59.520+0530] {processor.py:927} WARNING - No viable dags retrieved from /Users/parth/Desktop/Engine/venv/lib/python3.11/site-packages/airflow/example_dags/example_branch_operator.py
[2025-07-17T07:30:59.572+0530] {processor.py:208} INFO - Processing /Users/parth/Desktop/Engine/venv/lib/python3.11/site-packages/airflow/example_dags/example_branch_operator.py took 0.072 seconds
[2025-07-17T07:34:31.048+0530] {processor.py:186} INFO - Started process (PID=28285) to work on /Users/parth/Desktop/Engine/venv/lib/python3.11/site-packages/airflow/example_dags/example_branch_operator.py
[2025-07-17T07:34:31.049+0530] {processor.py:914} INFO - Processing file /Users/parth/Desktop/Engine/venv/lib/python3.11/site-packages/airflow/example_dags/example_branch_operator.py for tasks to queue
[2025-07-17T07:34:31.050+0530] {logging_mixin.py:190} INFO - [2025-07-17T07:34:31.050+0530] {dagbag.py:588} INFO - Filling up the DagBag from /Users/parth/Desktop/Engine/venv/lib/python3.11/site-packages/airflow/example_dags/example_branch_operator.py
[2025-07-17T07:34:31.065+0530] {processor.py:927} WARNING - No viable dags retrieved from /Users/parth/Desktop/Engine/venv/lib/python3.11/site-packages/airflow/example_dags/example_branch_operator.py
[2025-07-17T07:34:31.118+0530] {processor.py:208} INFO - Processing /Users/parth/Desktop/Engine/venv/lib/python3.11/site-packages/airflow/example_dags/example_branch_operator.py took 0.073 seconds
[2025-07-17T07:38:19.592+0530] {processor.py:186} INFO - Started process (PID=29798) to work on /Users/parth/Desktop/Engine/venv/lib/python3.11/site-packages/airflow/example_dags/example_branch_operator.py
[2025-07-17T07:38:19.593+0530] {processor.py:914} INFO - Processing file /Users/parth/Desktop/Engine/venv/lib/python3.11/site-packages/airflow/example_dags/example_branch_operator.py for tasks to queue
[2025-07-17T07:38:19.594+0530] {logging_mixin.py:190} INFO - [2025-07-17T07:38:19.593+0530] {dagbag.py:588} INFO - Filling up the DagBag from /Users/parth/Desktop/Engine/venv/lib/python3.11/site-packages/airflow/example_dags/example_branch_operator.py
[2025-07-17T07:38:19.609+0530] {processor.py:927} WARNING - No viable dags retrieved from /Users/parth/Desktop/Engine/venv/lib/python3.11/site-packages/airflow/example_dags/example_branch_operator.py
[2025-07-17T07:38:19.663+0530] {processor.py:208} INFO - Processing /Users/parth/Desktop/Engine/venv/lib/python3.11/site-packages/airflow/example_dags/example_branch_operator.py took 0.074 seconds
[2025-07-17T07:42:14.456+0530] {processor.py:186} INFO - Started process (PID=31329) to work on /Users/parth/Desktop/Engine/venv/lib/python3.11/site-packages/airflow/example_dags/example_branch_operator.py
[2025-07-17T07:42:14.457+0530] {processor.py:914} INFO - Processing file /Users/parth/Desktop/Engine/venv/lib/python3.11/site-packages/airflow/example_dags/example_branch_operator.py for tasks to queue
[2025-07-17T07:42:14.458+0530] {logging_mixin.py:190} INFO - [2025-07-17T07:42:14.458+0530] {dagbag.py:588} INFO - Filling up the DagBag from /Users/parth/Desktop/Engine/venv/lib/python3.11/site-packages/airflow/example_dags/example_branch_operator.py
[2025-07-17T07:42:14.473+0530] {processor.py:927} WARNING - No viable dags retrieved from /Users/parth/Desktop/Engine/venv/lib/python3.11/site-packages/airflow/example_dags/example_branch_operator.py
[2025-07-17T07:42:14.525+0530] {processor.py:208} INFO - Processing /Users/parth/Desktop/Engine/venv/lib/python3.11/site-packages/airflow/example_dags/example_branch_operator.py took 0.071 seconds
[2025-07-17T07:47:36.666+0530] {processor.py:186} INFO - Started process (PID=33629) to work on /Users/parth/Desktop/Engine/venv/lib/python3.11/site-packages/airflow/example_dags/example_branch_operator.py
[2025-07-17T07:47:36.667+0530] {processor.py:914} INFO - Processing file /Users/parth/Desktop/Engine/venv/lib/python3.11/site-packages/airflow/example_dags/example_branch_operator.py for tasks to queue
[2025-07-17T07:47:36.668+0530] {logging_mixin.py:190} INFO - [2025-07-17T07:47:36.668+0530] {dagbag.py:588} INFO - Filling up the DagBag from /Users/parth/Desktop/Engine/venv/lib/python3.11/site-packages/airflow/example_dags/example_branch_operator.py
[2025-07-17T07:47:36.683+0530] {processor.py:927} WARNING - No viable dags retrieved from /Users/parth/Desktop/Engine/venv/lib/python3.11/site-packages/airflow/example_dags/example_branch_operator.py
[2025-07-17T07:47:36.735+0530] {processor.py:208} INFO - Processing /Users/parth/Desktop/Engine/venv/lib/python3.11/site-packages/airflow/example_dags/example_branch_operator.py took 0.072 seconds
[2025-07-17T07:52:03.443+0530] {processor.py:186} INFO - Started process (PID=35426) to work on /Users/parth/Desktop/Engine/venv/lib/python3.11/site-packages/airflow/example_dags/example_branch_operator.py
[2025-07-17T07:52:03.446+0530] {processor.py:914} INFO - Processing file /Users/parth/Desktop/Engine/venv/lib/python3.11/site-packages/airflow/example_dags/example_branch_operator.py for tasks to queue
[2025-07-17T07:52:03.448+0530] {logging_mixin.py:190} INFO - [2025-07-17T07:52:03.447+0530] {dagbag.py:588} INFO - Filling up the DagBag from /Users/parth/Desktop/Engine/venv/lib/python3.11/site-packages/airflow/example_dags/example_branch_operator.py
[2025-07-17T07:52:03.489+0530] {processor.py:927} WARNING - No viable dags retrieved from /Users/parth/Desktop/Engine/venv/lib/python3.11/site-packages/airflow/example_dags/example_branch_operator.py
[2025-07-17T07:52:03.617+0530] {processor.py:208} INFO - Processing /Users/parth/Desktop/Engine/venv/lib/python3.11/site-packages/airflow/example_dags/example_branch_operator.py took 0.180 seconds
[2025-07-17T07:57:11.082+0530] {processor.py:186} INFO - Started process (PID=37595) to work on /Users/parth/Desktop/Engine/venv/lib/python3.11/site-packages/airflow/example_dags/example_branch_operator.py
[2025-07-17T07:57:11.083+0530] {processor.py:914} INFO - Processing file /Users/parth/Desktop/Engine/venv/lib/python3.11/site-packages/airflow/example_dags/example_branch_operator.py for tasks to queue
[2025-07-17T07:57:11.084+0530] {logging_mixin.py:190} INFO - [2025-07-17T07:57:11.084+0530] {dagbag.py:588} INFO - Filling up the DagBag from /Users/parth/Desktop/Engine/venv/lib/python3.11/site-packages/airflow/example_dags/example_branch_operator.py
[2025-07-17T07:57:11.099+0530] {processor.py:927} WARNING - No viable dags retrieved from /Users/parth/Desktop/Engine/venv/lib/python3.11/site-packages/airflow/example_dags/example_branch_operator.py
[2025-07-17T07:57:11.153+0530] {processor.py:208} INFO - Processing /Users/parth/Desktop/Engine/venv/lib/python3.11/site-packages/airflow/example_dags/example_branch_operator.py took 0.073 seconds
[2025-07-17T08:01:19.259+0530] {processor.py:186} INFO - Started process (PID=39208) to work on /Users/parth/Desktop/Engine/venv/lib/python3.11/site-packages/airflow/example_dags/example_branch_operator.py
[2025-07-17T08:01:19.261+0530] {processor.py:914} INFO - Processing file /Users/parth/Desktop/Engine/venv/lib/python3.11/site-packages/airflow/example_dags/example_branch_operator.py for tasks to queue
[2025-07-17T08:01:19.262+0530] {logging_mixin.py:190} INFO - [2025-07-17T08:01:19.262+0530] {dagbag.py:588} INFO - Filling up the DagBag from /Users/parth/Desktop/Engine/venv/lib/python3.11/site-packages/airflow/example_dags/example_branch_operator.py
[2025-07-17T08:01:19.291+0530] {processor.py:927} WARNING - No viable dags retrieved from /Users/parth/Desktop/Engine/venv/lib/python3.11/site-packages/airflow/example_dags/example_branch_operator.py
[2025-07-17T08:01:19.400+0530] {processor.py:208} INFO - Processing /Users/parth/Desktop/Engine/venv/lib/python3.11/site-packages/airflow/example_dags/example_branch_operator.py took 0.147 seconds
[2025-07-17T08:05:37.050+0530] {processor.py:186} INFO - Started process (PID=40987) to work on /Users/parth/Desktop/Engine/venv/lib/python3.11/site-packages/airflow/example_dags/example_branch_operator.py
[2025-07-17T08:05:37.051+0530] {processor.py:914} INFO - Processing file /Users/parth/Desktop/Engine/venv/lib/python3.11/site-packages/airflow/example_dags/example_branch_operator.py for tasks to queue
[2025-07-17T08:05:37.052+0530] {logging_mixin.py:190} INFO - [2025-07-17T08:05:37.052+0530] {dagbag.py:588} INFO - Filling up the DagBag from /Users/parth/Desktop/Engine/venv/lib/python3.11/site-packages/airflow/example_dags/example_branch_operator.py
[2025-07-17T08:05:37.070+0530] {processor.py:927} WARNING - No viable dags retrieved from /Users/parth/Desktop/Engine/venv/lib/python3.11/site-packages/airflow/example_dags/example_branch_operator.py
[2025-07-17T08:05:37.126+0530] {processor.py:208} INFO - Processing /Users/parth/Desktop/Engine/venv/lib/python3.11/site-packages/airflow/example_dags/example_branch_operator.py took 0.078 seconds
[2025-07-17T08:09:50.850+0530] {processor.py:186} INFO - Started process (PID=42689) to work on /Users/parth/Desktop/Engine/venv/lib/python3.11/site-packages/airflow/example_dags/example_branch_operator.py
[2025-07-17T08:09:50.851+0530] {processor.py:914} INFO - Processing file /Users/parth/Desktop/Engine/venv/lib/python3.11/site-packages/airflow/example_dags/example_branch_operator.py for tasks to queue
[2025-07-17T08:09:50.852+0530] {logging_mixin.py:190} INFO - [2025-07-17T08:09:50.852+0530] {dagbag.py:588} INFO - Filling up the DagBag from /Users/parth/Desktop/Engine/venv/lib/python3.11/site-packages/airflow/example_dags/example_branch_operator.py
[2025-07-17T08:09:50.874+0530] {processor.py:927} WARNING - No viable dags retrieved from /Users/parth/Desktop/Engine/venv/lib/python3.11/site-packages/airflow/example_dags/example_branch_operator.py
[2025-07-17T08:09:50.936+0530] {processor.py:208} INFO - Processing /Users/parth/Desktop/Engine/venv/lib/python3.11/site-packages/airflow/example_dags/example_branch_operator.py took 0.090 seconds
[2025-07-17T08:17:49.838+0530] {processor.py:186} INFO - Started process (PID=44151) to work on /Users/parth/Desktop/Engine/venv/lib/python3.11/site-packages/airflow/example_dags/example_branch_operator.py
[2025-07-17T08:17:49.839+0530] {processor.py:914} INFO - Processing file /Users/parth/Desktop/Engine/venv/lib/python3.11/site-packages/airflow/example_dags/example_branch_operator.py for tasks to queue
[2025-07-17T08:17:49.840+0530] {logging_mixin.py:190} INFO - [2025-07-17T08:17:49.839+0530] {dagbag.py:588} INFO - Filling up the DagBag from /Users/parth/Desktop/Engine/venv/lib/python3.11/site-packages/airflow/example_dags/example_branch_operator.py
[2025-07-17T08:17:49.855+0530] {processor.py:927} WARNING - No viable dags retrieved from /Users/parth/Desktop/Engine/venv/lib/python3.11/site-packages/airflow/example_dags/example_branch_operator.py
[2025-07-17T08:17:49.909+0530] {processor.py:208} INFO - Processing /Users/parth/Desktop/Engine/venv/lib/python3.11/site-packages/airflow/example_dags/example_branch_operator.py took 0.073 seconds
[2025-07-17T08:21:42.676+0530] {processor.py:186} INFO - Started process (PID=45556) to work on /Users/parth/Desktop/Engine/venv/lib/python3.11/site-packages/airflow/example_dags/example_branch_operator.py
[2025-07-17T08:21:42.677+0530] {processor.py:914} INFO - Processing file /Users/parth/Desktop/Engine/venv/lib/python3.11/site-packages/airflow/example_dags/example_branch_operator.py for tasks to queue
[2025-07-17T08:21:42.678+0530] {logging_mixin.py:190} INFO - [2025-07-17T08:21:42.677+0530] {dagbag.py:588} INFO - Filling up the DagBag from /Users/parth/Desktop/Engine/venv/lib/python3.11/site-packages/airflow/example_dags/example_branch_operator.py
[2025-07-17T08:21:42.693+0530] {processor.py:927} WARNING - No viable dags retrieved from /Users/parth/Desktop/Engine/venv/lib/python3.11/site-packages/airflow/example_dags/example_branch_operator.py
[2025-07-17T08:21:42.746+0530] {processor.py:208} INFO - Processing /Users/parth/Desktop/Engine/venv/lib/python3.11/site-packages/airflow/example_dags/example_branch_operator.py took 0.073 seconds
[2025-07-17T08:25:15.085+0530] {processor.py:186} INFO - Started process (PID=46955) to work on /Users/parth/Desktop/Engine/venv/lib/python3.11/site-packages/airflow/example_dags/example_branch_operator.py
[2025-07-17T08:25:15.086+0530] {processor.py:914} INFO - Processing file /Users/parth/Desktop/Engine/venv/lib/python3.11/site-packages/airflow/example_dags/example_branch_operator.py for tasks to queue
[2025-07-17T08:25:15.087+0530] {logging_mixin.py:190} INFO - [2025-07-17T08:25:15.086+0530] {dagbag.py:588} INFO - Filling up the DagBag from /Users/parth/Desktop/Engine/venv/lib/python3.11/site-packages/airflow/example_dags/example_branch_operator.py
[2025-07-17T08:25:15.104+0530] {processor.py:927} WARNING - No viable dags retrieved from /Users/parth/Desktop/Engine/venv/lib/python3.11/site-packages/airflow/example_dags/example_branch_operator.py
[2025-07-17T08:25:15.165+0530] {processor.py:208} INFO - Processing /Users/parth/Desktop/Engine/venv/lib/python3.11/site-packages/airflow/example_dags/example_branch_operator.py took 0.083 seconds
[2025-07-17T08:29:01.093+0530] {processor.py:186} INFO - Started process (PID=48554) to work on /Users/parth/Desktop/Engine/venv/lib/python3.11/site-packages/airflow/example_dags/example_branch_operator.py
[2025-07-17T08:29:01.094+0530] {processor.py:914} INFO - Processing file /Users/parth/Desktop/Engine/venv/lib/python3.11/site-packages/airflow/example_dags/example_branch_operator.py for tasks to queue
[2025-07-17T08:29:01.095+0530] {logging_mixin.py:190} INFO - [2025-07-17T08:29:01.094+0530] {dagbag.py:588} INFO - Filling up the DagBag from /Users/parth/Desktop/Engine/venv/lib/python3.11/site-packages/airflow/example_dags/example_branch_operator.py
[2025-07-17T08:29:01.110+0530] {processor.py:927} WARNING - No viable dags retrieved from /Users/parth/Desktop/Engine/venv/lib/python3.11/site-packages/airflow/example_dags/example_branch_operator.py
[2025-07-17T08:29:01.165+0530] {processor.py:208} INFO - Processing /Users/parth/Desktop/Engine/venv/lib/python3.11/site-packages/airflow/example_dags/example_branch_operator.py took 0.074 seconds
[2025-07-17T08:36:59.370+0530] {processor.py:186} INFO - Started process (PID=50031) to work on /Users/parth/Desktop/Engine/venv/lib/python3.11/site-packages/airflow/example_dags/example_branch_operator.py
[2025-07-17T08:36:59.371+0530] {processor.py:914} INFO - Processing file /Users/parth/Desktop/Engine/venv/lib/python3.11/site-packages/airflow/example_dags/example_branch_operator.py for tasks to queue
[2025-07-17T08:36:59.372+0530] {logging_mixin.py:190} INFO - [2025-07-17T08:36:59.372+0530] {dagbag.py:588} INFO - Filling up the DagBag from /Users/parth/Desktop/Engine/venv/lib/python3.11/site-packages/airflow/example_dags/example_branch_operator.py
[2025-07-17T08:36:59.387+0530] {processor.py:927} WARNING - No viable dags retrieved from /Users/parth/Desktop/Engine/venv/lib/python3.11/site-packages/airflow/example_dags/example_branch_operator.py
[2025-07-17T08:36:59.440+0530] {processor.py:208} INFO - Processing /Users/parth/Desktop/Engine/venv/lib/python3.11/site-packages/airflow/example_dags/example_branch_operator.py took 0.072 seconds
[2025-07-17T08:40:28.854+0530] {processor.py:186} INFO - Started process (PID=51391) to work on /Users/parth/Desktop/Engine/venv/lib/python3.11/site-packages/airflow/example_dags/example_branch_operator.py
[2025-07-17T08:40:28.854+0530] {processor.py:914} INFO - Processing file /Users/parth/Desktop/Engine/venv/lib/python3.11/site-packages/airflow/example_dags/example_branch_operator.py for tasks to queue
[2025-07-17T08:40:28.855+0530] {logging_mixin.py:190} INFO - [2025-07-17T08:40:28.855+0530] {dagbag.py:588} INFO - Filling up the DagBag from /Users/parth/Desktop/Engine/venv/lib/python3.11/site-packages/airflow/example_dags/example_branch_operator.py
[2025-07-17T08:40:28.870+0530] {processor.py:927} WARNING - No viable dags retrieved from /Users/parth/Desktop/Engine/venv/lib/python3.11/site-packages/airflow/example_dags/example_branch_operator.py
[2025-07-17T08:40:28.924+0530] {processor.py:208} INFO - Processing /Users/parth/Desktop/Engine/venv/lib/python3.11/site-packages/airflow/example_dags/example_branch_operator.py took 0.072 seconds
