[2025-07-17T07:15:44.937+0530] {processor.py:186} INFO - Started process (PID=23297) to work on /Users/parth/Desktop/Engine/venv/lib/python3.11/site-packages/airflow/example_dags/tutorial_taskflow_templates.py
[2025-07-17T07:15:44.937+0530] {processor.py:914} INFO - Processing file /Users/parth/Desktop/Engine/venv/lib/python3.11/site-packages/airflow/example_dags/tutorial_taskflow_templates.py for tasks to queue
[2025-07-17T07:15:44.938+0530] {logging_mixin.py:190} INFO - [2025-07-17T07:15:44.938+0530] {dagbag.py:588} INFO - Filling up the DagBag from /Users/parth/Desktop/Engine/venv/lib/python3.11/site-packages/airflow/example_dags/tutorial_taskflow_templates.py
[2025-07-17T07:15:44.975+0530] {processor.py:925} INFO - DAG(s) 'tutorial_taskflow_templates' retrieved from /Users/parth/Desktop/Engine/venv/lib/python3.11/site-packages/airflow/example_dags/tutorial_taskflow_templates.py
[2025-07-17T07:15:45.040+0530] {logging_mixin.py:190} INFO - [2025-07-17T07:15:45.040+0530] {dag.py:3239} INFO - Sync 1 DAGs
[2025-07-17T07:15:45.053+0530] {logging_mixin.py:190} INFO - [2025-07-17T07:15:45.053+0530] {dag.py:4180} INFO - Setting next_dagrun for tutorial_taskflow_templates to 2025-07-16 00:00:00+00:00, run_after=2025-07-17 00:00:00+00:00
[2025-07-17T07:15:45.065+0530] {processor.py:208} INFO - Processing /Users/parth/Desktop/Engine/venv/lib/python3.11/site-packages/airflow/example_dags/tutorial_taskflow_templates.py took 0.130 seconds
[2025-07-17T07:24:16.776+0530] {processor.py:186} INFO - Started process (PID=24315) to work on /Users/parth/Desktop/Engine/venv/lib/python3.11/site-packages/airflow/example_dags/tutorial_taskflow_templates.py
[2025-07-17T07:24:16.777+0530] {processor.py:914} INFO - Processing file /Users/parth/Desktop/Engine/venv/lib/python3.11/site-packages/airflow/example_dags/tutorial_taskflow_templates.py for tasks to queue
[2025-07-17T07:24:16.778+0530] {logging_mixin.py:190} INFO - [2025-07-17T07:24:16.778+0530] {dagbag.py:588} INFO - Filling up the DagBag from /Users/parth/Desktop/Engine/venv/lib/python3.11/site-packages/airflow/example_dags/tutorial_taskflow_templates.py
[2025-07-17T07:24:16.811+0530] {processor.py:925} INFO - DAG(s) 'tutorial_taskflow_templates' retrieved from /Users/parth/Desktop/Engine/venv/lib/python3.11/site-packages/airflow/example_dags/tutorial_taskflow_templates.py
[2025-07-17T07:24:16.875+0530] {logging_mixin.py:190} INFO - [2025-07-17T07:24:16.874+0530] {dag.py:3239} INFO - Sync 1 DAGs
[2025-07-17T07:24:16.886+0530] {logging_mixin.py:190} INFO - [2025-07-17T07:24:16.886+0530] {dag.py:4180} INFO - Setting next_dagrun for tutorial_taskflow_templates to 2025-07-16 00:00:00+00:00, run_after=2025-07-17 00:00:00+00:00
[2025-07-17T07:24:16.898+0530] {processor.py:208} INFO - Processing /Users/parth/Desktop/Engine/venv/lib/python3.11/site-packages/airflow/example_dags/tutorial_taskflow_templates.py took 0.124 seconds
[2025-07-17T07:26:11.185+0530] {processor.py:186} INFO - Started process (PID=25055) to work on /Users/parth/Desktop/Engine/venv/lib/python3.11/site-packages/airflow/example_dags/tutorial_taskflow_templates.py
[2025-07-17T07:26:11.186+0530] {processor.py:914} INFO - Processing file /Users/parth/Desktop/Engine/venv/lib/python3.11/site-packages/airflow/example_dags/tutorial_taskflow_templates.py for tasks to queue
[2025-07-17T07:26:11.187+0530] {logging_mixin.py:190} INFO - [2025-07-17T07:26:11.186+0530] {dagbag.py:588} INFO - Filling up the DagBag from /Users/parth/Desktop/Engine/venv/lib/python3.11/site-packages/airflow/example_dags/tutorial_taskflow_templates.py
[2025-07-17T07:26:11.214+0530] {processor.py:925} INFO - DAG(s) 'tutorial_taskflow_templates' retrieved from /Users/parth/Desktop/Engine/venv/lib/python3.11/site-packages/airflow/example_dags/tutorial_taskflow_templates.py
[2025-07-17T07:26:11.273+0530] {logging_mixin.py:190} INFO - [2025-07-17T07:26:11.273+0530] {dag.py:3239} INFO - Sync 1 DAGs
[2025-07-17T07:26:11.285+0530] {logging_mixin.py:190} INFO - [2025-07-17T07:26:11.285+0530] {dag.py:4180} INFO - Setting next_dagrun for tutorial_taskflow_templates to 2025-07-16 00:00:00+00:00, run_after=2025-07-17 00:00:00+00:00
[2025-07-17T07:26:11.296+0530] {processor.py:208} INFO - Processing /Users/parth/Desktop/Engine/venv/lib/python3.11/site-packages/airflow/example_dags/tutorial_taskflow_templates.py took 0.114 seconds
[2025-07-17T07:27:59.190+0530] {processor.py:186} INFO - Started process (PID=25742) to work on /Users/parth/Desktop/Engine/venv/lib/python3.11/site-packages/airflow/example_dags/tutorial_taskflow_templates.py
[2025-07-17T07:27:59.191+0530] {processor.py:914} INFO - Processing file /Users/parth/Desktop/Engine/venv/lib/python3.11/site-packages/airflow/example_dags/tutorial_taskflow_templates.py for tasks to queue
[2025-07-17T07:27:59.192+0530] {logging_mixin.py:190} INFO - [2025-07-17T07:27:59.192+0530] {dagbag.py:588} INFO - Filling up the DagBag from /Users/parth/Desktop/Engine/venv/lib/python3.11/site-packages/airflow/example_dags/tutorial_taskflow_templates.py
[2025-07-17T07:27:59.220+0530] {processor.py:925} INFO - DAG(s) 'tutorial_taskflow_templates' retrieved from /Users/parth/Desktop/Engine/venv/lib/python3.11/site-packages/airflow/example_dags/tutorial_taskflow_templates.py
[2025-07-17T07:27:59.278+0530] {logging_mixin.py:190} INFO - [2025-07-17T07:27:59.278+0530] {dag.py:3239} INFO - Sync 1 DAGs
[2025-07-17T07:27:59.290+0530] {logging_mixin.py:190} INFO - [2025-07-17T07:27:59.290+0530] {dag.py:4180} INFO - Setting next_dagrun for tutorial_taskflow_templates to 2025-07-16 00:00:00+00:00, run_after=2025-07-17 00:00:00+00:00
[2025-07-17T07:27:59.301+0530] {processor.py:208} INFO - Processing /Users/parth/Desktop/Engine/venv/lib/python3.11/site-packages/airflow/example_dags/tutorial_taskflow_templates.py took 0.113 seconds
[2025-07-17T07:29:43.468+0530] {processor.py:186} INFO - Started process (PID=26415) to work on /Users/parth/Desktop/Engine/venv/lib/python3.11/site-packages/airflow/example_dags/tutorial_taskflow_templates.py
[2025-07-17T07:29:43.469+0530] {processor.py:914} INFO - Processing file /Users/parth/Desktop/Engine/venv/lib/python3.11/site-packages/airflow/example_dags/tutorial_taskflow_templates.py for tasks to queue
[2025-07-17T07:29:43.469+0530] {logging_mixin.py:190} INFO - [2025-07-17T07:29:43.469+0530] {dagbag.py:588} INFO - Filling up the DagBag from /Users/parth/Desktop/Engine/venv/lib/python3.11/site-packages/airflow/example_dags/tutorial_taskflow_templates.py
[2025-07-17T07:29:43.503+0530] {processor.py:925} INFO - DAG(s) 'tutorial_taskflow_templates' retrieved from /Users/parth/Desktop/Engine/venv/lib/python3.11/site-packages/airflow/example_dags/tutorial_taskflow_templates.py
[2025-07-17T07:29:43.565+0530] {logging_mixin.py:190} INFO - [2025-07-17T07:29:43.565+0530] {dag.py:3239} INFO - Sync 1 DAGs
[2025-07-17T07:29:43.576+0530] {logging_mixin.py:190} INFO - [2025-07-17T07:29:43.576+0530] {dag.py:4180} INFO - Setting next_dagrun for tutorial_taskflow_templates to 2025-07-16 00:00:00+00:00, run_after=2025-07-17 00:00:00+00:00
[2025-07-17T07:29:43.587+0530] {processor.py:208} INFO - Processing /Users/parth/Desktop/Engine/venv/lib/python3.11/site-packages/airflow/example_dags/tutorial_taskflow_templates.py took 0.122 seconds
[2025-07-17T07:31:28.867+0530] {processor.py:186} INFO - Started process (PID=27100) to work on /Users/parth/Desktop/Engine/venv/lib/python3.11/site-packages/airflow/example_dags/tutorial_taskflow_templates.py
[2025-07-17T07:31:28.868+0530] {processor.py:914} INFO - Processing file /Users/parth/Desktop/Engine/venv/lib/python3.11/site-packages/airflow/example_dags/tutorial_taskflow_templates.py for tasks to queue
[2025-07-17T07:31:28.869+0530] {logging_mixin.py:190} INFO - [2025-07-17T07:31:28.869+0530] {dagbag.py:588} INFO - Filling up the DagBag from /Users/parth/Desktop/Engine/venv/lib/python3.11/site-packages/airflow/example_dags/tutorial_taskflow_templates.py
[2025-07-17T07:31:28.902+0530] {processor.py:925} INFO - DAG(s) 'tutorial_taskflow_templates' retrieved from /Users/parth/Desktop/Engine/venv/lib/python3.11/site-packages/airflow/example_dags/tutorial_taskflow_templates.py
[2025-07-17T07:31:28.963+0530] {logging_mixin.py:190} INFO - [2025-07-17T07:31:28.963+0530] {dag.py:3239} INFO - Sync 1 DAGs
[2025-07-17T07:31:28.974+0530] {logging_mixin.py:190} INFO - [2025-07-17T07:31:28.974+0530] {dag.py:4180} INFO - Setting next_dagrun for tutorial_taskflow_templates to 2025-07-16 00:00:00+00:00, run_after=2025-07-17 00:00:00+00:00
[2025-07-17T07:31:28.985+0530] {processor.py:208} INFO - Processing /Users/parth/Desktop/Engine/venv/lib/python3.11/site-packages/airflow/example_dags/tutorial_taskflow_templates.py took 0.120 seconds
[2025-07-17T07:33:14.979+0530] {processor.py:186} INFO - Started process (PID=27799) to work on /Users/parth/Desktop/Engine/venv/lib/python3.11/site-packages/airflow/example_dags/tutorial_taskflow_templates.py
[2025-07-17T07:33:14.980+0530] {processor.py:914} INFO - Processing file /Users/parth/Desktop/Engine/venv/lib/python3.11/site-packages/airflow/example_dags/tutorial_taskflow_templates.py for tasks to queue
[2025-07-17T07:33:14.981+0530] {logging_mixin.py:190} INFO - [2025-07-17T07:33:14.981+0530] {dagbag.py:588} INFO - Filling up the DagBag from /Users/parth/Desktop/Engine/venv/lib/python3.11/site-packages/airflow/example_dags/tutorial_taskflow_templates.py
[2025-07-17T07:33:15.007+0530] {processor.py:925} INFO - DAG(s) 'tutorial_taskflow_templates' retrieved from /Users/parth/Desktop/Engine/venv/lib/python3.11/site-packages/airflow/example_dags/tutorial_taskflow_templates.py
[2025-07-17T07:33:15.066+0530] {logging_mixin.py:190} INFO - [2025-07-17T07:33:15.066+0530] {dag.py:3239} INFO - Sync 1 DAGs
[2025-07-17T07:33:15.077+0530] {logging_mixin.py:190} INFO - [2025-07-17T07:33:15.077+0530] {dag.py:4180} INFO - Setting next_dagrun for tutorial_taskflow_templates to 2025-07-16 00:00:00+00:00, run_after=2025-07-17 00:00:00+00:00
[2025-07-17T07:33:15.087+0530] {processor.py:208} INFO - Processing /Users/parth/Desktop/Engine/venv/lib/python3.11/site-packages/airflow/example_dags/tutorial_taskflow_templates.py took 0.111 seconds
[2025-07-17T07:35:03.653+0530] {processor.py:186} INFO - Started process (PID=28523) to work on /Users/parth/Desktop/Engine/venv/lib/python3.11/site-packages/airflow/example_dags/tutorial_taskflow_templates.py
[2025-07-17T07:35:03.655+0530] {processor.py:914} INFO - Processing file /Users/parth/Desktop/Engine/venv/lib/python3.11/site-packages/airflow/example_dags/tutorial_taskflow_templates.py for tasks to queue
[2025-07-17T07:35:03.655+0530] {logging_mixin.py:190} INFO - [2025-07-17T07:35:03.655+0530] {dagbag.py:588} INFO - Filling up the DagBag from /Users/parth/Desktop/Engine/venv/lib/python3.11/site-packages/airflow/example_dags/tutorial_taskflow_templates.py
[2025-07-17T07:35:03.688+0530] {processor.py:925} INFO - DAG(s) 'tutorial_taskflow_templates' retrieved from /Users/parth/Desktop/Engine/venv/lib/python3.11/site-packages/airflow/example_dags/tutorial_taskflow_templates.py
[2025-07-17T07:35:03.750+0530] {logging_mixin.py:190} INFO - [2025-07-17T07:35:03.750+0530] {dag.py:3239} INFO - Sync 1 DAGs
[2025-07-17T07:35:03.761+0530] {logging_mixin.py:190} INFO - [2025-07-17T07:35:03.761+0530] {dag.py:4180} INFO - Setting next_dagrun for tutorial_taskflow_templates to 2025-07-16 00:00:00+00:00, run_after=2025-07-17 00:00:00+00:00
[2025-07-17T07:35:03.772+0530] {processor.py:208} INFO - Processing /Users/parth/Desktop/Engine/venv/lib/python3.11/site-packages/airflow/example_dags/tutorial_taskflow_templates.py took 0.122 seconds
[2025-07-17T07:37:03.875+0530] {processor.py:186} INFO - Started process (PID=29299) to work on /Users/parth/Desktop/Engine/venv/lib/python3.11/site-packages/airflow/example_dags/tutorial_taskflow_templates.py
[2025-07-17T07:37:03.876+0530] {processor.py:914} INFO - Processing file /Users/parth/Desktop/Engine/venv/lib/python3.11/site-packages/airflow/example_dags/tutorial_taskflow_templates.py for tasks to queue
[2025-07-17T07:37:03.877+0530] {logging_mixin.py:190} INFO - [2025-07-17T07:37:03.877+0530] {dagbag.py:588} INFO - Filling up the DagBag from /Users/parth/Desktop/Engine/venv/lib/python3.11/site-packages/airflow/example_dags/tutorial_taskflow_templates.py
[2025-07-17T07:37:03.904+0530] {processor.py:925} INFO - DAG(s) 'tutorial_taskflow_templates' retrieved from /Users/parth/Desktop/Engine/venv/lib/python3.11/site-packages/airflow/example_dags/tutorial_taskflow_templates.py
[2025-07-17T07:37:03.963+0530] {logging_mixin.py:190} INFO - [2025-07-17T07:37:03.963+0530] {dag.py:3239} INFO - Sync 1 DAGs
[2025-07-17T07:37:03.975+0530] {logging_mixin.py:190} INFO - [2025-07-17T07:37:03.975+0530] {dag.py:4180} INFO - Setting next_dagrun for tutorial_taskflow_templates to 2025-07-16 00:00:00+00:00, run_after=2025-07-17 00:00:00+00:00
[2025-07-17T07:37:03.985+0530] {processor.py:208} INFO - Processing /Users/parth/Desktop/Engine/venv/lib/python3.11/site-packages/airflow/example_dags/tutorial_taskflow_templates.py took 0.113 seconds
[2025-07-17T07:38:52.212+0530] {processor.py:186} INFO - Started process (PID=30008) to work on /Users/parth/Desktop/Engine/venv/lib/python3.11/site-packages/airflow/example_dags/tutorial_taskflow_templates.py
[2025-07-17T07:38:52.213+0530] {processor.py:914} INFO - Processing file /Users/parth/Desktop/Engine/venv/lib/python3.11/site-packages/airflow/example_dags/tutorial_taskflow_templates.py for tasks to queue
[2025-07-17T07:38:52.214+0530] {logging_mixin.py:190} INFO - [2025-07-17T07:38:52.214+0530] {dagbag.py:588} INFO - Filling up the DagBag from /Users/parth/Desktop/Engine/venv/lib/python3.11/site-packages/airflow/example_dags/tutorial_taskflow_templates.py
[2025-07-17T07:38:52.245+0530] {processor.py:925} INFO - DAG(s) 'tutorial_taskflow_templates' retrieved from /Users/parth/Desktop/Engine/venv/lib/python3.11/site-packages/airflow/example_dags/tutorial_taskflow_templates.py
[2025-07-17T07:38:52.306+0530] {logging_mixin.py:190} INFO - [2025-07-17T07:38:52.306+0530] {dag.py:3239} INFO - Sync 1 DAGs
[2025-07-17T07:38:52.318+0530] {logging_mixin.py:190} INFO - [2025-07-17T07:38:52.318+0530] {dag.py:4180} INFO - Setting next_dagrun for tutorial_taskflow_templates to 2025-07-16 00:00:00+00:00, run_after=2025-07-17 00:00:00+00:00
[2025-07-17T07:38:52.329+0530] {processor.py:208} INFO - Processing /Users/parth/Desktop/Engine/venv/lib/python3.11/site-packages/airflow/example_dags/tutorial_taskflow_templates.py took 0.119 seconds
[2025-07-17T07:40:43.934+0530] {processor.py:186} INFO - Started process (PID=30744) to work on /Users/parth/Desktop/Engine/venv/lib/python3.11/site-packages/airflow/example_dags/tutorial_taskflow_templates.py
[2025-07-17T07:40:43.935+0530] {processor.py:914} INFO - Processing file /Users/parth/Desktop/Engine/venv/lib/python3.11/site-packages/airflow/example_dags/tutorial_taskflow_templates.py for tasks to queue
[2025-07-17T07:40:43.935+0530] {logging_mixin.py:190} INFO - [2025-07-17T07:40:43.935+0530] {dagbag.py:588} INFO - Filling up the DagBag from /Users/parth/Desktop/Engine/venv/lib/python3.11/site-packages/airflow/example_dags/tutorial_taskflow_templates.py
[2025-07-17T07:40:43.965+0530] {processor.py:925} INFO - DAG(s) 'tutorial_taskflow_templates' retrieved from /Users/parth/Desktop/Engine/venv/lib/python3.11/site-packages/airflow/example_dags/tutorial_taskflow_templates.py
[2025-07-17T07:40:44.038+0530] {logging_mixin.py:190} INFO - [2025-07-17T07:40:44.038+0530] {dag.py:3239} INFO - Sync 1 DAGs
[2025-07-17T07:40:44.060+0530] {logging_mixin.py:190} INFO - [2025-07-17T07:40:44.060+0530] {dag.py:4180} INFO - Setting next_dagrun for tutorial_taskflow_templates to 2025-07-16 00:00:00+00:00, run_after=2025-07-17 00:00:00+00:00
[2025-07-17T07:40:44.085+0530] {processor.py:208} INFO - Processing /Users/parth/Desktop/Engine/venv/lib/python3.11/site-packages/airflow/example_dags/tutorial_taskflow_templates.py took 0.154 seconds
[2025-07-17T07:42:49.263+0530] {processor.py:186} INFO - Started process (PID=31551) to work on /Users/parth/Desktop/Engine/venv/lib/python3.11/site-packages/airflow/example_dags/tutorial_taskflow_templates.py
[2025-07-17T07:42:49.265+0530] {processor.py:914} INFO - Processing file /Users/parth/Desktop/Engine/venv/lib/python3.11/site-packages/airflow/example_dags/tutorial_taskflow_templates.py for tasks to queue
[2025-07-17T07:42:49.265+0530] {logging_mixin.py:190} INFO - [2025-07-17T07:42:49.265+0530] {dagbag.py:588} INFO - Filling up the DagBag from /Users/parth/Desktop/Engine/venv/lib/python3.11/site-packages/airflow/example_dags/tutorial_taskflow_templates.py
[2025-07-17T07:42:49.299+0530] {processor.py:925} INFO - DAG(s) 'tutorial_taskflow_templates' retrieved from /Users/parth/Desktop/Engine/venv/lib/python3.11/site-packages/airflow/example_dags/tutorial_taskflow_templates.py
[2025-07-17T07:42:49.361+0530] {logging_mixin.py:190} INFO - [2025-07-17T07:42:49.361+0530] {dag.py:3239} INFO - Sync 1 DAGs
[2025-07-17T07:42:49.372+0530] {logging_mixin.py:190} INFO - [2025-07-17T07:42:49.372+0530] {dag.py:4180} INFO - Setting next_dagrun for tutorial_taskflow_templates to 2025-07-16 00:00:00+00:00, run_after=2025-07-17 00:00:00+00:00
[2025-07-17T07:42:49.382+0530] {processor.py:208} INFO - Processing /Users/parth/Desktop/Engine/venv/lib/python3.11/site-packages/airflow/example_dags/tutorial_taskflow_templates.py took 0.121 seconds
[2025-07-17T07:45:44.518+0530] {processor.py:186} INFO - Started process (PID=32781) to work on /Users/parth/Desktop/Engine/venv/lib/python3.11/site-packages/airflow/example_dags/tutorial_taskflow_templates.py
[2025-07-17T07:45:44.519+0530] {processor.py:914} INFO - Processing file /Users/parth/Desktop/Engine/venv/lib/python3.11/site-packages/airflow/example_dags/tutorial_taskflow_templates.py for tasks to queue
[2025-07-17T07:45:44.521+0530] {logging_mixin.py:190} INFO - [2025-07-17T07:45:44.521+0530] {dagbag.py:588} INFO - Filling up the DagBag from /Users/parth/Desktop/Engine/venv/lib/python3.11/site-packages/airflow/example_dags/tutorial_taskflow_templates.py
[2025-07-17T07:45:44.597+0530] {processor.py:925} INFO - DAG(s) 'tutorial_taskflow_templates' retrieved from /Users/parth/Desktop/Engine/venv/lib/python3.11/site-packages/airflow/example_dags/tutorial_taskflow_templates.py
[2025-07-17T07:45:44.741+0530] {logging_mixin.py:190} INFO - [2025-07-17T07:45:44.741+0530] {dag.py:3239} INFO - Sync 1 DAGs
[2025-07-17T07:45:44.772+0530] {logging_mixin.py:190} INFO - [2025-07-17T07:45:44.771+0530] {dag.py:4180} INFO - Setting next_dagrun for tutorial_taskflow_templates to 2025-07-16 00:00:00+00:00, run_after=2025-07-17 00:00:00+00:00
[2025-07-17T07:45:44.800+0530] {processor.py:208} INFO - Processing /Users/parth/Desktop/Engine/venv/lib/python3.11/site-packages/airflow/example_dags/tutorial_taskflow_templates.py took 0.288 seconds
[2025-07-17T07:48:08.366+0530] {processor.py:186} INFO - Started process (PID=33835) to work on /Users/parth/Desktop/Engine/venv/lib/python3.11/site-packages/airflow/example_dags/tutorial_taskflow_templates.py
[2025-07-17T07:48:08.368+0530] {processor.py:914} INFO - Processing file /Users/parth/Desktop/Engine/venv/lib/python3.11/site-packages/airflow/example_dags/tutorial_taskflow_templates.py for tasks to queue
[2025-07-17T07:48:08.368+0530] {logging_mixin.py:190} INFO - [2025-07-17T07:48:08.368+0530] {dagbag.py:588} INFO - Filling up the DagBag from /Users/parth/Desktop/Engine/venv/lib/python3.11/site-packages/airflow/example_dags/tutorial_taskflow_templates.py
[2025-07-17T07:48:08.395+0530] {processor.py:925} INFO - DAG(s) 'tutorial_taskflow_templates' retrieved from /Users/parth/Desktop/Engine/venv/lib/python3.11/site-packages/airflow/example_dags/tutorial_taskflow_templates.py
[2025-07-17T07:48:08.453+0530] {logging_mixin.py:190} INFO - [2025-07-17T07:48:08.452+0530] {dag.py:3239} INFO - Sync 1 DAGs
[2025-07-17T07:48:08.464+0530] {logging_mixin.py:190} INFO - [2025-07-17T07:48:08.464+0530] {dag.py:4180} INFO - Setting next_dagrun for tutorial_taskflow_templates to 2025-07-16 00:00:00+00:00, run_after=2025-07-17 00:00:00+00:00
[2025-07-17T07:48:08.475+0530] {processor.py:208} INFO - Processing /Users/parth/Desktop/Engine/venv/lib/python3.11/site-packages/airflow/example_dags/tutorial_taskflow_templates.py took 0.111 seconds
[2025-07-17T07:50:14.956+0530] {processor.py:186} INFO - Started process (PID=34675) to work on /Users/parth/Desktop/Engine/venv/lib/python3.11/site-packages/airflow/example_dags/tutorial_taskflow_templates.py
[2025-07-17T07:50:14.957+0530] {processor.py:914} INFO - Processing file /Users/parth/Desktop/Engine/venv/lib/python3.11/site-packages/airflow/example_dags/tutorial_taskflow_templates.py for tasks to queue
[2025-07-17T07:50:14.958+0530] {logging_mixin.py:190} INFO - [2025-07-17T07:50:14.958+0530] {dagbag.py:588} INFO - Filling up the DagBag from /Users/parth/Desktop/Engine/venv/lib/python3.11/site-packages/airflow/example_dags/tutorial_taskflow_templates.py
[2025-07-17T07:50:14.988+0530] {processor.py:925} INFO - DAG(s) 'tutorial_taskflow_templates' retrieved from /Users/parth/Desktop/Engine/venv/lib/python3.11/site-packages/airflow/example_dags/tutorial_taskflow_templates.py
[2025-07-17T07:50:15.047+0530] {logging_mixin.py:190} INFO - [2025-07-17T07:50:15.047+0530] {dag.py:3239} INFO - Sync 1 DAGs
[2025-07-17T07:50:15.059+0530] {logging_mixin.py:190} INFO - [2025-07-17T07:50:15.059+0530] {dag.py:4180} INFO - Setting next_dagrun for tutorial_taskflow_templates to 2025-07-16 00:00:00+00:00, run_after=2025-07-17 00:00:00+00:00
[2025-07-17T07:50:15.070+0530] {processor.py:208} INFO - Processing /Users/parth/Desktop/Engine/venv/lib/python3.11/site-packages/airflow/example_dags/tutorial_taskflow_templates.py took 0.117 seconds
[2025-07-17T07:53:08.392+0530] {processor.py:186} INFO - Started process (PID=35811) to work on /Users/parth/Desktop/Engine/venv/lib/python3.11/site-packages/airflow/example_dags/tutorial_taskflow_templates.py
[2025-07-17T07:53:08.393+0530] {processor.py:914} INFO - Processing file /Users/parth/Desktop/Engine/venv/lib/python3.11/site-packages/airflow/example_dags/tutorial_taskflow_templates.py for tasks to queue
[2025-07-17T07:53:08.395+0530] {logging_mixin.py:190} INFO - [2025-07-17T07:53:08.395+0530] {dagbag.py:588} INFO - Filling up the DagBag from /Users/parth/Desktop/Engine/venv/lib/python3.11/site-packages/airflow/example_dags/tutorial_taskflow_templates.py
[2025-07-17T07:53:08.472+0530] {processor.py:925} INFO - DAG(s) 'tutorial_taskflow_templates' retrieved from /Users/parth/Desktop/Engine/venv/lib/python3.11/site-packages/airflow/example_dags/tutorial_taskflow_templates.py
[2025-07-17T07:53:08.614+0530] {logging_mixin.py:190} INFO - [2025-07-17T07:53:08.613+0530] {dag.py:3239} INFO - Sync 1 DAGs
[2025-07-17T07:53:08.642+0530] {logging_mixin.py:190} INFO - [2025-07-17T07:53:08.642+0530] {dag.py:4180} INFO - Setting next_dagrun for tutorial_taskflow_templates to 2025-07-16 00:00:00+00:00, run_after=2025-07-17 00:00:00+00:00
[2025-07-17T07:53:08.669+0530] {processor.py:208} INFO - Processing /Users/parth/Desktop/Engine/venv/lib/python3.11/site-packages/airflow/example_dags/tutorial_taskflow_templates.py took 0.282 seconds
[2025-07-17T07:55:40.750+0530] {processor.py:186} INFO - Started process (PID=36971) to work on /Users/parth/Desktop/Engine/venv/lib/python3.11/site-packages/airflow/example_dags/tutorial_taskflow_templates.py
[2025-07-17T07:55:40.751+0530] {processor.py:914} INFO - Processing file /Users/parth/Desktop/Engine/venv/lib/python3.11/site-packages/airflow/example_dags/tutorial_taskflow_templates.py for tasks to queue
[2025-07-17T07:55:40.752+0530] {logging_mixin.py:190} INFO - [2025-07-17T07:55:40.752+0530] {dagbag.py:588} INFO - Filling up the DagBag from /Users/parth/Desktop/Engine/venv/lib/python3.11/site-packages/airflow/example_dags/tutorial_taskflow_templates.py
[2025-07-17T07:55:40.785+0530] {processor.py:925} INFO - DAG(s) 'tutorial_taskflow_templates' retrieved from /Users/parth/Desktop/Engine/venv/lib/python3.11/site-packages/airflow/example_dags/tutorial_taskflow_templates.py
[2025-07-17T07:55:40.849+0530] {logging_mixin.py:190} INFO - [2025-07-17T07:55:40.849+0530] {dag.py:3239} INFO - Sync 1 DAGs
[2025-07-17T07:55:40.860+0530] {logging_mixin.py:190} INFO - [2025-07-17T07:55:40.860+0530] {dag.py:4180} INFO - Setting next_dagrun for tutorial_taskflow_templates to 2025-07-16 00:00:00+00:00, run_after=2025-07-17 00:00:00+00:00
[2025-07-17T07:55:40.871+0530] {processor.py:208} INFO - Processing /Users/parth/Desktop/Engine/venv/lib/python3.11/site-packages/airflow/example_dags/tutorial_taskflow_templates.py took 0.124 seconds
[2025-07-17T07:57:41.504+0530] {processor.py:186} INFO - Started process (PID=37798) to work on /Users/parth/Desktop/Engine/venv/lib/python3.11/site-packages/airflow/example_dags/tutorial_taskflow_templates.py
[2025-07-17T07:57:41.505+0530] {processor.py:914} INFO - Processing file /Users/parth/Desktop/Engine/venv/lib/python3.11/site-packages/airflow/example_dags/tutorial_taskflow_templates.py for tasks to queue
[2025-07-17T07:57:41.505+0530] {logging_mixin.py:190} INFO - [2025-07-17T07:57:41.505+0530] {dagbag.py:588} INFO - Filling up the DagBag from /Users/parth/Desktop/Engine/venv/lib/python3.11/site-packages/airflow/example_dags/tutorial_taskflow_templates.py
[2025-07-17T07:57:41.535+0530] {processor.py:925} INFO - DAG(s) 'tutorial_taskflow_templates' retrieved from /Users/parth/Desktop/Engine/venv/lib/python3.11/site-packages/airflow/example_dags/tutorial_taskflow_templates.py
[2025-07-17T07:57:41.595+0530] {logging_mixin.py:190} INFO - [2025-07-17T07:57:41.595+0530] {dag.py:3239} INFO - Sync 1 DAGs
[2025-07-17T07:57:41.607+0530] {logging_mixin.py:190} INFO - [2025-07-17T07:57:41.607+0530] {dag.py:4180} INFO - Setting next_dagrun for tutorial_taskflow_templates to 2025-07-16 00:00:00+00:00, run_after=2025-07-17 00:00:00+00:00
[2025-07-17T07:57:41.618+0530] {processor.py:208} INFO - Processing /Users/parth/Desktop/Engine/venv/lib/python3.11/site-packages/airflow/example_dags/tutorial_taskflow_templates.py took 0.116 seconds
[2025-07-17T07:59:37.851+0530] {processor.py:186} INFO - Started process (PID=38554) to work on /Users/parth/Desktop/Engine/venv/lib/python3.11/site-packages/airflow/example_dags/tutorial_taskflow_templates.py
[2025-07-17T07:59:37.852+0530] {processor.py:914} INFO - Processing file /Users/parth/Desktop/Engine/venv/lib/python3.11/site-packages/airflow/example_dags/tutorial_taskflow_templates.py for tasks to queue
[2025-07-17T07:59:37.853+0530] {logging_mixin.py:190} INFO - [2025-07-17T07:59:37.852+0530] {dagbag.py:588} INFO - Filling up the DagBag from /Users/parth/Desktop/Engine/venv/lib/python3.11/site-packages/airflow/example_dags/tutorial_taskflow_templates.py
[2025-07-17T07:59:37.884+0530] {processor.py:925} INFO - DAG(s) 'tutorial_taskflow_templates' retrieved from /Users/parth/Desktop/Engine/venv/lib/python3.11/site-packages/airflow/example_dags/tutorial_taskflow_templates.py
[2025-07-17T07:59:37.943+0530] {logging_mixin.py:190} INFO - [2025-07-17T07:59:37.942+0530] {dag.py:3239} INFO - Sync 1 DAGs
[2025-07-17T07:59:37.954+0530] {logging_mixin.py:190} INFO - [2025-07-17T07:59:37.954+0530] {dag.py:4180} INFO - Setting next_dagrun for tutorial_taskflow_templates to 2025-07-16 00:00:00+00:00, run_after=2025-07-17 00:00:00+00:00
[2025-07-17T07:59:37.965+0530] {processor.py:208} INFO - Processing /Users/parth/Desktop/Engine/venv/lib/python3.11/site-packages/airflow/example_dags/tutorial_taskflow_templates.py took 0.117 seconds
[2025-07-17T08:01:56.115+0530] {processor.py:186} INFO - Started process (PID=39437) to work on /Users/parth/Desktop/Engine/venv/lib/python3.11/site-packages/airflow/example_dags/tutorial_taskflow_templates.py
[2025-07-17T08:01:56.116+0530] {processor.py:914} INFO - Processing file /Users/parth/Desktop/Engine/venv/lib/python3.11/site-packages/airflow/example_dags/tutorial_taskflow_templates.py for tasks to queue
[2025-07-17T08:01:56.117+0530] {logging_mixin.py:190} INFO - [2025-07-17T08:01:56.116+0530] {dagbag.py:588} INFO - Filling up the DagBag from /Users/parth/Desktop/Engine/venv/lib/python3.11/site-packages/airflow/example_dags/tutorial_taskflow_templates.py
[2025-07-17T08:01:56.151+0530] {processor.py:925} INFO - DAG(s) 'tutorial_taskflow_templates' retrieved from /Users/parth/Desktop/Engine/venv/lib/python3.11/site-packages/airflow/example_dags/tutorial_taskflow_templates.py
[2025-07-17T08:01:56.212+0530] {logging_mixin.py:190} INFO - [2025-07-17T08:01:56.212+0530] {dag.py:3239} INFO - Sync 1 DAGs
[2025-07-17T08:01:56.224+0530] {logging_mixin.py:190} INFO - [2025-07-17T08:01:56.224+0530] {dag.py:4180} INFO - Setting next_dagrun for tutorial_taskflow_templates to 2025-07-16 00:00:00+00:00, run_after=2025-07-17 00:00:00+00:00
[2025-07-17T08:01:56.237+0530] {processor.py:208} INFO - Processing /Users/parth/Desktop/Engine/venv/lib/python3.11/site-packages/airflow/example_dags/tutorial_taskflow_templates.py took 0.125 seconds
[2025-07-17T08:04:01.869+0530] {processor.py:186} INFO - Started process (PID=40277) to work on /Users/parth/Desktop/Engine/venv/lib/python3.11/site-packages/airflow/example_dags/tutorial_taskflow_templates.py
[2025-07-17T08:04:01.869+0530] {processor.py:914} INFO - Processing file /Users/parth/Desktop/Engine/venv/lib/python3.11/site-packages/airflow/example_dags/tutorial_taskflow_templates.py for tasks to queue
[2025-07-17T08:04:01.870+0530] {logging_mixin.py:190} INFO - [2025-07-17T08:04:01.870+0530] {dagbag.py:588} INFO - Filling up the DagBag from /Users/parth/Desktop/Engine/venv/lib/python3.11/site-packages/airflow/example_dags/tutorial_taskflow_templates.py
[2025-07-17T08:04:01.904+0530] {processor.py:925} INFO - DAG(s) 'tutorial_taskflow_templates' retrieved from /Users/parth/Desktop/Engine/venv/lib/python3.11/site-packages/airflow/example_dags/tutorial_taskflow_templates.py
[2025-07-17T08:04:01.970+0530] {logging_mixin.py:190} INFO - [2025-07-17T08:04:01.969+0530] {dag.py:3239} INFO - Sync 1 DAGs
[2025-07-17T08:04:01.982+0530] {logging_mixin.py:190} INFO - [2025-07-17T08:04:01.981+0530] {dag.py:4180} INFO - Setting next_dagrun for tutorial_taskflow_templates to 2025-07-16 00:00:00+00:00, run_after=2025-07-17 00:00:00+00:00
[2025-07-17T08:04:01.992+0530] {processor.py:208} INFO - Processing /Users/parth/Desktop/Engine/venv/lib/python3.11/site-packages/airflow/example_dags/tutorial_taskflow_templates.py took 0.126 seconds
[2025-07-17T08:06:12.050+0530] {processor.py:186} INFO - Started process (PID=41207) to work on /Users/parth/Desktop/Engine/venv/lib/python3.11/site-packages/airflow/example_dags/tutorial_taskflow_templates.py
[2025-07-17T08:06:12.051+0530] {processor.py:914} INFO - Processing file /Users/parth/Desktop/Engine/venv/lib/python3.11/site-packages/airflow/example_dags/tutorial_taskflow_templates.py for tasks to queue
[2025-07-17T08:06:12.052+0530] {logging_mixin.py:190} INFO - [2025-07-17T08:06:12.052+0530] {dagbag.py:588} INFO - Filling up the DagBag from /Users/parth/Desktop/Engine/venv/lib/python3.11/site-packages/airflow/example_dags/tutorial_taskflow_templates.py
[2025-07-17T08:06:12.087+0530] {processor.py:925} INFO - DAG(s) 'tutorial_taskflow_templates' retrieved from /Users/parth/Desktop/Engine/venv/lib/python3.11/site-packages/airflow/example_dags/tutorial_taskflow_templates.py
[2025-07-17T08:06:12.150+0530] {logging_mixin.py:190} INFO - [2025-07-17T08:06:12.150+0530] {dag.py:3239} INFO - Sync 1 DAGs
[2025-07-17T08:06:12.162+0530] {logging_mixin.py:190} INFO - [2025-07-17T08:06:12.161+0530] {dag.py:4180} INFO - Setting next_dagrun for tutorial_taskflow_templates to 2025-07-16 00:00:00+00:00, run_after=2025-07-17 00:00:00+00:00
[2025-07-17T08:06:12.173+0530] {processor.py:208} INFO - Processing /Users/parth/Desktop/Engine/venv/lib/python3.11/site-packages/airflow/example_dags/tutorial_taskflow_templates.py took 0.125 seconds
[2025-07-17T08:08:11.346+0530] {processor.py:186} INFO - Started process (PID=41982) to work on /Users/parth/Desktop/Engine/venv/lib/python3.11/site-packages/airflow/example_dags/tutorial_taskflow_templates.py
[2025-07-17T08:08:11.347+0530] {processor.py:914} INFO - Processing file /Users/parth/Desktop/Engine/venv/lib/python3.11/site-packages/airflow/example_dags/tutorial_taskflow_templates.py for tasks to queue
[2025-07-17T08:08:11.347+0530] {logging_mixin.py:190} INFO - [2025-07-17T08:08:11.347+0530] {dagbag.py:588} INFO - Filling up the DagBag from /Users/parth/Desktop/Engine/venv/lib/python3.11/site-packages/airflow/example_dags/tutorial_taskflow_templates.py
[2025-07-17T08:08:11.381+0530] {processor.py:925} INFO - DAG(s) 'tutorial_taskflow_templates' retrieved from /Users/parth/Desktop/Engine/venv/lib/python3.11/site-packages/airflow/example_dags/tutorial_taskflow_templates.py
[2025-07-17T08:08:11.443+0530] {logging_mixin.py:190} INFO - [2025-07-17T08:08:11.443+0530] {dag.py:3239} INFO - Sync 1 DAGs
[2025-07-17T08:08:11.454+0530] {logging_mixin.py:190} INFO - [2025-07-17T08:08:11.454+0530] {dag.py:4180} INFO - Setting next_dagrun for tutorial_taskflow_templates to 2025-07-16 00:00:00+00:00, run_after=2025-07-17 00:00:00+00:00
[2025-07-17T08:08:11.465+0530] {processor.py:208} INFO - Processing /Users/parth/Desktop/Engine/venv/lib/python3.11/site-packages/airflow/example_dags/tutorial_taskflow_templates.py took 0.122 seconds
[2025-07-17T08:10:21.480+0530] {processor.py:186} INFO - Started process (PID=42895) to work on /Users/parth/Desktop/Engine/venv/lib/python3.11/site-packages/airflow/example_dags/tutorial_taskflow_templates.py
[2025-07-17T08:10:21.483+0530] {processor.py:914} INFO - Processing file /Users/parth/Desktop/Engine/venv/lib/python3.11/site-packages/airflow/example_dags/tutorial_taskflow_templates.py for tasks to queue
[2025-07-17T08:10:21.484+0530] {logging_mixin.py:190} INFO - [2025-07-17T08:10:21.484+0530] {dagbag.py:588} INFO - Filling up the DagBag from /Users/parth/Desktop/Engine/venv/lib/python3.11/site-packages/airflow/example_dags/tutorial_taskflow_templates.py
[2025-07-17T08:10:21.513+0530] {processor.py:925} INFO - DAG(s) 'tutorial_taskflow_templates' retrieved from /Users/parth/Desktop/Engine/venv/lib/python3.11/site-packages/airflow/example_dags/tutorial_taskflow_templates.py
[2025-07-17T08:10:21.572+0530] {logging_mixin.py:190} INFO - [2025-07-17T08:10:21.572+0530] {dag.py:3239} INFO - Sync 1 DAGs
[2025-07-17T08:10:21.584+0530] {logging_mixin.py:190} INFO - [2025-07-17T08:10:21.584+0530] {dag.py:4180} INFO - Setting next_dagrun for tutorial_taskflow_templates to 2025-07-16 00:00:00+00:00, run_after=2025-07-17 00:00:00+00:00
[2025-07-17T08:10:21.594+0530] {processor.py:208} INFO - Processing /Users/parth/Desktop/Engine/venv/lib/python3.11/site-packages/airflow/example_dags/tutorial_taskflow_templates.py took 0.117 seconds
[2025-07-17T08:16:33.969+0530] {processor.py:186} INFO - Started process (PID=43657) to work on /Users/parth/Desktop/Engine/venv/lib/python3.11/site-packages/airflow/example_dags/tutorial_taskflow_templates.py
[2025-07-17T08:16:33.970+0530] {processor.py:914} INFO - Processing file /Users/parth/Desktop/Engine/venv/lib/python3.11/site-packages/airflow/example_dags/tutorial_taskflow_templates.py for tasks to queue
[2025-07-17T08:16:33.971+0530] {logging_mixin.py:190} INFO - [2025-07-17T08:16:33.971+0530] {dagbag.py:588} INFO - Filling up the DagBag from /Users/parth/Desktop/Engine/venv/lib/python3.11/site-packages/airflow/example_dags/tutorial_taskflow_templates.py
[2025-07-17T08:16:34.005+0530] {processor.py:925} INFO - DAG(s) 'tutorial_taskflow_templates' retrieved from /Users/parth/Desktop/Engine/venv/lib/python3.11/site-packages/airflow/example_dags/tutorial_taskflow_templates.py
[2025-07-17T08:16:34.067+0530] {logging_mixin.py:190} INFO - [2025-07-17T08:16:34.066+0530] {dag.py:3239} INFO - Sync 1 DAGs
[2025-07-17T08:16:34.078+0530] {logging_mixin.py:190} INFO - [2025-07-17T08:16:34.078+0530] {dag.py:4180} INFO - Setting next_dagrun for tutorial_taskflow_templates to 2025-07-16 00:00:00+00:00, run_after=2025-07-17 00:00:00+00:00
[2025-07-17T08:16:34.088+0530] {processor.py:208} INFO - Processing /Users/parth/Desktop/Engine/venv/lib/python3.11/site-packages/airflow/example_dags/tutorial_taskflow_templates.py took 0.121 seconds
[2025-07-17T08:18:19.362+0530] {processor.py:186} INFO - Started process (PID=44331) to work on /Users/parth/Desktop/Engine/venv/lib/python3.11/site-packages/airflow/example_dags/tutorial_taskflow_templates.py
[2025-07-17T08:18:19.364+0530] {processor.py:914} INFO - Processing file /Users/parth/Desktop/Engine/venv/lib/python3.11/site-packages/airflow/example_dags/tutorial_taskflow_templates.py for tasks to queue
[2025-07-17T08:18:19.364+0530] {logging_mixin.py:190} INFO - [2025-07-17T08:18:19.364+0530] {dagbag.py:588} INFO - Filling up the DagBag from /Users/parth/Desktop/Engine/venv/lib/python3.11/site-packages/airflow/example_dags/tutorial_taskflow_templates.py
[2025-07-17T08:18:19.392+0530] {processor.py:925} INFO - DAG(s) 'tutorial_taskflow_templates' retrieved from /Users/parth/Desktop/Engine/venv/lib/python3.11/site-packages/airflow/example_dags/tutorial_taskflow_templates.py
[2025-07-17T08:18:19.462+0530] {logging_mixin.py:190} INFO - [2025-07-17T08:18:19.461+0530] {dag.py:3239} INFO - Sync 1 DAGs
[2025-07-17T08:18:19.475+0530] {logging_mixin.py:190} INFO - [2025-07-17T08:18:19.475+0530] {dag.py:4180} INFO - Setting next_dagrun for tutorial_taskflow_templates to 2025-07-16 00:00:00+00:00, run_after=2025-07-17 00:00:00+00:00
[2025-07-17T08:18:19.487+0530] {processor.py:208} INFO - Processing /Users/parth/Desktop/Engine/venv/lib/python3.11/site-packages/airflow/example_dags/tutorial_taskflow_templates.py took 0.127 seconds
[2025-07-17T08:20:26.390+0530] {processor.py:186} INFO - Started process (PID=45061) to work on /Users/parth/Desktop/Engine/venv/lib/python3.11/site-packages/airflow/example_dags/tutorial_taskflow_templates.py
[2025-07-17T08:20:26.391+0530] {processor.py:914} INFO - Processing file /Users/parth/Desktop/Engine/venv/lib/python3.11/site-packages/airflow/example_dags/tutorial_taskflow_templates.py for tasks to queue
[2025-07-17T08:20:26.392+0530] {logging_mixin.py:190} INFO - [2025-07-17T08:20:26.391+0530] {dagbag.py:588} INFO - Filling up the DagBag from /Users/parth/Desktop/Engine/venv/lib/python3.11/site-packages/airflow/example_dags/tutorial_taskflow_templates.py
[2025-07-17T08:20:26.419+0530] {processor.py:925} INFO - DAG(s) 'tutorial_taskflow_templates' retrieved from /Users/parth/Desktop/Engine/venv/lib/python3.11/site-packages/airflow/example_dags/tutorial_taskflow_templates.py
[2025-07-17T08:20:26.478+0530] {logging_mixin.py:190} INFO - [2025-07-17T08:20:26.478+0530] {dag.py:3239} INFO - Sync 1 DAGs
[2025-07-17T08:20:26.490+0530] {logging_mixin.py:190} INFO - [2025-07-17T08:20:26.490+0530] {dag.py:4180} INFO - Setting next_dagrun for tutorial_taskflow_templates to 2025-07-16 00:00:00+00:00, run_after=2025-07-17 00:00:00+00:00
[2025-07-17T08:20:26.501+0530] {processor.py:208} INFO - Processing /Users/parth/Desktop/Engine/venv/lib/python3.11/site-packages/airflow/example_dags/tutorial_taskflow_templates.py took 0.113 seconds
[2025-07-17T08:22:12.698+0530] {processor.py:186} INFO - Started process (PID=45749) to work on /Users/parth/Desktop/Engine/venv/lib/python3.11/site-packages/airflow/example_dags/tutorial_taskflow_templates.py
[2025-07-17T08:22:12.699+0530] {processor.py:914} INFO - Processing file /Users/parth/Desktop/Engine/venv/lib/python3.11/site-packages/airflow/example_dags/tutorial_taskflow_templates.py for tasks to queue
[2025-07-17T08:22:12.700+0530] {logging_mixin.py:190} INFO - [2025-07-17T08:22:12.699+0530] {dagbag.py:588} INFO - Filling up the DagBag from /Users/parth/Desktop/Engine/venv/lib/python3.11/site-packages/airflow/example_dags/tutorial_taskflow_templates.py
[2025-07-17T08:22:12.735+0530] {processor.py:925} INFO - DAG(s) 'tutorial_taskflow_templates' retrieved from /Users/parth/Desktop/Engine/venv/lib/python3.11/site-packages/airflow/example_dags/tutorial_taskflow_templates.py
[2025-07-17T08:22:12.796+0530] {logging_mixin.py:190} INFO - [2025-07-17T08:22:12.796+0530] {dag.py:3239} INFO - Sync 1 DAGs
[2025-07-17T08:22:12.807+0530] {logging_mixin.py:190} INFO - [2025-07-17T08:22:12.807+0530] {dag.py:4180} INFO - Setting next_dagrun for tutorial_taskflow_templates to 2025-07-16 00:00:00+00:00, run_after=2025-07-17 00:00:00+00:00
[2025-07-17T08:22:12.818+0530] {processor.py:208} INFO - Processing /Users/parth/Desktop/Engine/venv/lib/python3.11/site-packages/airflow/example_dags/tutorial_taskflow_templates.py took 0.122 seconds
[2025-07-17T08:23:58.557+0530] {processor.py:186} INFO - Started process (PID=46436) to work on /Users/parth/Desktop/Engine/venv/lib/python3.11/site-packages/airflow/example_dags/tutorial_taskflow_templates.py
[2025-07-17T08:23:58.557+0530] {processor.py:914} INFO - Processing file /Users/parth/Desktop/Engine/venv/lib/python3.11/site-packages/airflow/example_dags/tutorial_taskflow_templates.py for tasks to queue
[2025-07-17T08:23:58.558+0530] {logging_mixin.py:190} INFO - [2025-07-17T08:23:58.558+0530] {dagbag.py:588} INFO - Filling up the DagBag from /Users/parth/Desktop/Engine/venv/lib/python3.11/site-packages/airflow/example_dags/tutorial_taskflow_templates.py
[2025-07-17T08:23:58.592+0530] {processor.py:925} INFO - DAG(s) 'tutorial_taskflow_templates' retrieved from /Users/parth/Desktop/Engine/venv/lib/python3.11/site-packages/airflow/example_dags/tutorial_taskflow_templates.py
[2025-07-17T08:23:58.655+0530] {logging_mixin.py:190} INFO - [2025-07-17T08:23:58.655+0530] {dag.py:3239} INFO - Sync 1 DAGs
[2025-07-17T08:23:58.666+0530] {logging_mixin.py:190} INFO - [2025-07-17T08:23:58.666+0530] {dag.py:4180} INFO - Setting next_dagrun for tutorial_taskflow_templates to 2025-07-16 00:00:00+00:00, run_after=2025-07-17 00:00:00+00:00
[2025-07-17T08:23:58.676+0530] {processor.py:208} INFO - Processing /Users/parth/Desktop/Engine/venv/lib/python3.11/site-packages/airflow/example_dags/tutorial_taskflow_templates.py took 0.122 seconds
[2025-07-17T08:25:45.065+0530] {processor.py:186} INFO - Started process (PID=47173) to work on /Users/parth/Desktop/Engine/venv/lib/python3.11/site-packages/airflow/example_dags/tutorial_taskflow_templates.py
[2025-07-17T08:25:45.066+0530] {processor.py:914} INFO - Processing file /Users/parth/Desktop/Engine/venv/lib/python3.11/site-packages/airflow/example_dags/tutorial_taskflow_templates.py for tasks to queue
[2025-07-17T08:25:45.066+0530] {logging_mixin.py:190} INFO - [2025-07-17T08:25:45.066+0530] {dagbag.py:588} INFO - Filling up the DagBag from /Users/parth/Desktop/Engine/venv/lib/python3.11/site-packages/airflow/example_dags/tutorial_taskflow_templates.py
[2025-07-17T08:25:45.099+0530] {processor.py:925} INFO - DAG(s) 'tutorial_taskflow_templates' retrieved from /Users/parth/Desktop/Engine/venv/lib/python3.11/site-packages/airflow/example_dags/tutorial_taskflow_templates.py
[2025-07-17T08:25:45.162+0530] {logging_mixin.py:190} INFO - [2025-07-17T08:25:45.162+0530] {dag.py:3239} INFO - Sync 1 DAGs
[2025-07-17T08:25:45.173+0530] {logging_mixin.py:190} INFO - [2025-07-17T08:25:45.173+0530] {dag.py:4180} INFO - Setting next_dagrun for tutorial_taskflow_templates to 2025-07-16 00:00:00+00:00, run_after=2025-07-17 00:00:00+00:00
[2025-07-17T08:25:45.184+0530] {processor.py:208} INFO - Processing /Users/parth/Desktop/Engine/venv/lib/python3.11/site-packages/airflow/example_dags/tutorial_taskflow_templates.py took 0.121 seconds
[2025-07-17T08:27:29.851+0530] {processor.py:186} INFO - Started process (PID=47883) to work on /Users/parth/Desktop/Engine/venv/lib/python3.11/site-packages/airflow/example_dags/tutorial_taskflow_templates.py
[2025-07-17T08:27:29.852+0530] {processor.py:914} INFO - Processing file /Users/parth/Desktop/Engine/venv/lib/python3.11/site-packages/airflow/example_dags/tutorial_taskflow_templates.py for tasks to queue
[2025-07-17T08:27:29.853+0530] {logging_mixin.py:190} INFO - [2025-07-17T08:27:29.853+0530] {dagbag.py:588} INFO - Filling up the DagBag from /Users/parth/Desktop/Engine/venv/lib/python3.11/site-packages/airflow/example_dags/tutorial_taskflow_templates.py
[2025-07-17T08:27:29.880+0530] {processor.py:925} INFO - DAG(s) 'tutorial_taskflow_templates' retrieved from /Users/parth/Desktop/Engine/venv/lib/python3.11/site-packages/airflow/example_dags/tutorial_taskflow_templates.py
[2025-07-17T08:27:29.938+0530] {logging_mixin.py:190} INFO - [2025-07-17T08:27:29.938+0530] {dag.py:3239} INFO - Sync 1 DAGs
[2025-07-17T08:27:29.950+0530] {logging_mixin.py:190} INFO - [2025-07-17T08:27:29.950+0530] {dag.py:4180} INFO - Setting next_dagrun for tutorial_taskflow_templates to 2025-07-16 00:00:00+00:00, run_after=2025-07-17 00:00:00+00:00
[2025-07-17T08:27:29.960+0530] {processor.py:208} INFO - Processing /Users/parth/Desktop/Engine/venv/lib/python3.11/site-packages/airflow/example_dags/tutorial_taskflow_templates.py took 0.112 seconds
[2025-07-17T08:29:29.593+0530] {processor.py:186} INFO - Started process (PID=48763) to work on /Users/parth/Desktop/Engine/venv/lib/python3.11/site-packages/airflow/example_dags/tutorial_taskflow_templates.py
[2025-07-17T08:29:29.594+0530] {processor.py:914} INFO - Processing file /Users/parth/Desktop/Engine/venv/lib/python3.11/site-packages/airflow/example_dags/tutorial_taskflow_templates.py for tasks to queue
[2025-07-17T08:29:29.595+0530] {logging_mixin.py:190} INFO - [2025-07-17T08:29:29.595+0530] {dagbag.py:588} INFO - Filling up the DagBag from /Users/parth/Desktop/Engine/venv/lib/python3.11/site-packages/airflow/example_dags/tutorial_taskflow_templates.py
[2025-07-17T08:29:29.629+0530] {processor.py:925} INFO - DAG(s) 'tutorial_taskflow_templates' retrieved from /Users/parth/Desktop/Engine/venv/lib/python3.11/site-packages/airflow/example_dags/tutorial_taskflow_templates.py
[2025-07-17T08:29:29.691+0530] {logging_mixin.py:190} INFO - [2025-07-17T08:29:29.691+0530] {dag.py:3239} INFO - Sync 1 DAGs
[2025-07-17T08:29:29.703+0530] {logging_mixin.py:190} INFO - [2025-07-17T08:29:29.702+0530] {dag.py:4180} INFO - Setting next_dagrun for tutorial_taskflow_templates to 2025-07-16 00:00:00+00:00, run_after=2025-07-17 00:00:00+00:00
[2025-07-17T08:29:29.714+0530] {processor.py:208} INFO - Processing /Users/parth/Desktop/Engine/venv/lib/python3.11/site-packages/airflow/example_dags/tutorial_taskflow_templates.py took 0.124 seconds
[2025-07-17T08:35:43.253+0530] {processor.py:186} INFO - Started process (PID=49533) to work on /Users/parth/Desktop/Engine/venv/lib/python3.11/site-packages/airflow/example_dags/tutorial_taskflow_templates.py
[2025-07-17T08:35:43.255+0530] {processor.py:914} INFO - Processing file /Users/parth/Desktop/Engine/venv/lib/python3.11/site-packages/airflow/example_dags/tutorial_taskflow_templates.py for tasks to queue
[2025-07-17T08:35:43.255+0530] {logging_mixin.py:190} INFO - [2025-07-17T08:35:43.255+0530] {dagbag.py:588} INFO - Filling up the DagBag from /Users/parth/Desktop/Engine/venv/lib/python3.11/site-packages/airflow/example_dags/tutorial_taskflow_templates.py
[2025-07-17T08:35:43.282+0530] {processor.py:925} INFO - DAG(s) 'tutorial_taskflow_templates' retrieved from /Users/parth/Desktop/Engine/venv/lib/python3.11/site-packages/airflow/example_dags/tutorial_taskflow_templates.py
[2025-07-17T08:35:43.341+0530] {logging_mixin.py:190} INFO - [2025-07-17T08:35:43.341+0530] {dag.py:3239} INFO - Sync 1 DAGs
[2025-07-17T08:35:43.352+0530] {logging_mixin.py:190} INFO - [2025-07-17T08:35:43.352+0530] {dag.py:4180} INFO - Setting next_dagrun for tutorial_taskflow_templates to 2025-07-16 00:00:00+00:00, run_after=2025-07-17 00:00:00+00:00
[2025-07-17T08:35:43.363+0530] {processor.py:208} INFO - Processing /Users/parth/Desktop/Engine/venv/lib/python3.11/site-packages/airflow/example_dags/tutorial_taskflow_templates.py took 0.112 seconds
[2025-07-17T08:37:28.873+0530] {processor.py:186} INFO - Started process (PID=50221) to work on /Users/parth/Desktop/Engine/venv/lib/python3.11/site-packages/airflow/example_dags/tutorial_taskflow_templates.py
[2025-07-17T08:37:28.874+0530] {processor.py:914} INFO - Processing file /Users/parth/Desktop/Engine/venv/lib/python3.11/site-packages/airflow/example_dags/tutorial_taskflow_templates.py for tasks to queue
[2025-07-17T08:37:28.875+0530] {logging_mixin.py:190} INFO - [2025-07-17T08:37:28.874+0530] {dagbag.py:588} INFO - Filling up the DagBag from /Users/parth/Desktop/Engine/venv/lib/python3.11/site-packages/airflow/example_dags/tutorial_taskflow_templates.py
[2025-07-17T08:37:28.902+0530] {processor.py:925} INFO - DAG(s) 'tutorial_taskflow_templates' retrieved from /Users/parth/Desktop/Engine/venv/lib/python3.11/site-packages/airflow/example_dags/tutorial_taskflow_templates.py
[2025-07-17T08:37:28.962+0530] {logging_mixin.py:190} INFO - [2025-07-17T08:37:28.962+0530] {dag.py:3239} INFO - Sync 1 DAGs
[2025-07-17T08:37:28.974+0530] {logging_mixin.py:190} INFO - [2025-07-17T08:37:28.974+0530] {dag.py:4180} INFO - Setting next_dagrun for tutorial_taskflow_templates to 2025-07-16 00:00:00+00:00, run_after=2025-07-17 00:00:00+00:00
[2025-07-17T08:37:28.985+0530] {processor.py:208} INFO - Processing /Users/parth/Desktop/Engine/venv/lib/python3.11/site-packages/airflow/example_dags/tutorial_taskflow_templates.py took 0.114 seconds
[2025-07-17T08:39:14.381+0530] {processor.py:186} INFO - Started process (PID=50913) to work on /Users/parth/Desktop/Engine/venv/lib/python3.11/site-packages/airflow/example_dags/tutorial_taskflow_templates.py
[2025-07-17T08:39:14.382+0530] {processor.py:914} INFO - Processing file /Users/parth/Desktop/Engine/venv/lib/python3.11/site-packages/airflow/example_dags/tutorial_taskflow_templates.py for tasks to queue
[2025-07-17T08:39:14.383+0530] {logging_mixin.py:190} INFO - [2025-07-17T08:39:14.383+0530] {dagbag.py:588} INFO - Filling up the DagBag from /Users/parth/Desktop/Engine/venv/lib/python3.11/site-packages/airflow/example_dags/tutorial_taskflow_templates.py
[2025-07-17T08:39:14.415+0530] {processor.py:925} INFO - DAG(s) 'tutorial_taskflow_templates' retrieved from /Users/parth/Desktop/Engine/venv/lib/python3.11/site-packages/airflow/example_dags/tutorial_taskflow_templates.py
[2025-07-17T08:39:14.477+0530] {logging_mixin.py:190} INFO - [2025-07-17T08:39:14.477+0530] {dag.py:3239} INFO - Sync 1 DAGs
[2025-07-17T08:39:14.488+0530] {logging_mixin.py:190} INFO - [2025-07-17T08:39:14.488+0530] {dag.py:4180} INFO - Setting next_dagrun for tutorial_taskflow_templates to 2025-07-16 00:00:00+00:00, run_after=2025-07-17 00:00:00+00:00
[2025-07-17T08:39:14.499+0530] {processor.py:208} INFO - Processing /Users/parth/Desktop/Engine/venv/lib/python3.11/site-packages/airflow/example_dags/tutorial_taskflow_templates.py took 0.120 seconds
[2025-07-17T08:40:59.676+0530] {processor.py:186} INFO - Started process (PID=51599) to work on /Users/parth/Desktop/Engine/venv/lib/python3.11/site-packages/airflow/example_dags/tutorial_taskflow_templates.py
[2025-07-17T08:40:59.677+0530] {processor.py:914} INFO - Processing file /Users/parth/Desktop/Engine/venv/lib/python3.11/site-packages/airflow/example_dags/tutorial_taskflow_templates.py for tasks to queue
[2025-07-17T08:40:59.678+0530] {logging_mixin.py:190} INFO - [2025-07-17T08:40:59.678+0530] {dagbag.py:588} INFO - Filling up the DagBag from /Users/parth/Desktop/Engine/venv/lib/python3.11/site-packages/airflow/example_dags/tutorial_taskflow_templates.py
[2025-07-17T08:40:59.711+0530] {processor.py:925} INFO - DAG(s) 'tutorial_taskflow_templates' retrieved from /Users/parth/Desktop/Engine/venv/lib/python3.11/site-packages/airflow/example_dags/tutorial_taskflow_templates.py
[2025-07-17T08:40:59.772+0530] {logging_mixin.py:190} INFO - [2025-07-17T08:40:59.772+0530] {dag.py:3239} INFO - Sync 1 DAGs
[2025-07-17T08:40:59.783+0530] {logging_mixin.py:190} INFO - [2025-07-17T08:40:59.783+0530] {dag.py:4180} INFO - Setting next_dagrun for tutorial_taskflow_templates to 2025-07-16 00:00:00+00:00, run_after=2025-07-17 00:00:00+00:00
[2025-07-17T08:40:59.794+0530] {processor.py:208} INFO - Processing /Users/parth/Desktop/Engine/venv/lib/python3.11/site-packages/airflow/example_dags/tutorial_taskflow_templates.py took 0.120 seconds
