[2025-07-23T13:44:24.935+0000] {local_task_job_runner.py:123} INFO - ::group::Pre task execution logs
[2025-07-23T13:44:24.981+0000] {taskinstance.py:2631} INFO - Dependencies all met for dep_context=non-requeueable deps ti=<TaskInstance: startup_health_score_full_pipeline.calculate_startup_health_scores streamlit_trigger_sample.txt_20250723134406 [queued]>
[2025-07-23T13:44:24.992+0000] {taskinstance.py:2631} INFO - Dependencies all met for dep_context=requeueable deps ti=<TaskInstance: startup_health_score_full_pipeline.calculate_startup_health_scores streamlit_trigger_sample.txt_20250723134406 [queued]>
[2025-07-23T13:44:24.993+0000] {taskinstance.py:2884} INFO - Starting attempt 1 of 2
[2025-07-23T13:44:25.011+0000] {taskinstance.py:2907} INFO - Executing <Task(PythonOperator): calculate_startup_health_scores> on 2025-07-23 13:44:07.034526+00:00
[2025-07-23T13:44:25.066+0000] {warnings.py:112} WARNING - /home/***/.local/lib/python3.12/site-packages/***/task/task_runner/standard_task_runner.py:70: DeprecationWarning: This process (pid=99) is multi-threaded, use of fork() may lead to deadlocks in the child.
  pid = os.fork()

[2025-07-23T13:44:25.080+0000] {standard_task_runner.py:72} INFO - Started process 101 to run task
[2025-07-23T13:44:25.077+0000] {standard_task_runner.py:104} INFO - Running: ['***', 'tasks', 'run', 'startup_health_score_full_pipeline', 'calculate_startup_health_scores', 'streamlit_trigger_sample.txt_20250723134406', '--job-id', '13', '--raw', '--subdir', 'DAGS_FOLDER/startup_health_score_dag.py', '--cfg-path', '/tmp/tmprcoffva2']
[2025-07-23T13:44:25.088+0000] {standard_task_runner.py:105} INFO - Job 13: Subtask calculate_startup_health_scores
[2025-07-23T13:44:25.356+0000] {task_command.py:467} INFO - Running <TaskInstance: startup_health_score_full_pipeline.calculate_startup_health_scores streamlit_trigger_sample.txt_20250723134406 [running]> on host f228824c2da2
[2025-07-23T13:44:25.601+0000] {taskinstance.py:3157} INFO - Exporting env vars: AIRFLOW_CTX_DAG_OWNER='***' AIRFLOW_CTX_DAG_ID='startup_health_score_full_pipeline' AIRFLOW_CTX_TASK_ID='calculate_startup_health_scores' AIRFLOW_CTX_EXECUTION_DATE='2025-07-23T13:44:07.034526+00:00' AIRFLOW_CTX_TRY_NUMBER='1' AIRFLOW_CTX_DAG_RUN_ID='streamlit_trigger_sample.txt_20250723134406'
[2025-07-23T13:44:25.616+0000] {taskinstance.py:740} INFO - ::endgroup::
[2025-07-23T13:44:25.670+0000] {log.py:232} WARNING - 2025-07-23 13:44:25,669 - startup_health_score - INFO - Calculating startup health scores...
[2025-07-23T13:44:25.669+0000] {startup_health_score_dag.py:155} INFO - Calculating startup health scores...
[2025-07-23T13:44:25.725+0000] {log.py:232} WARNING - 2025-07-23 13:44:25,725 - startup_health_score - INFO - Successfully loaded configuration from /opt/***/config/kpi_benchmarks.json
[2025-07-23T13:44:25.725+0000] {config_loader.py:43} INFO - Successfully loaded configuration from /opt/***/config/kpi_benchmarks.json
[2025-07-23T13:44:25.736+0000] {log.py:232} WARNING - 2025-07-23 13:44:25,735 - startup_health_score - INFO - Successfully loaded configuration from /opt/***/config/kpi_weights.json
[2025-07-23T13:44:25.735+0000] {config_loader.py:43} INFO - Successfully loaded configuration from /opt/***/config/kpi_weights.json
[2025-07-23T13:44:25.749+0000] {log.py:232} WARNING - 2025-07-23 13:44:25,748 - startup_health_score - INFO - KPINormalizer initialized with KPI formula aliases.
[2025-07-23T13:44:25.748+0000] {kpi_normalizer.py:21} INFO - KPINormalizer initialized with KPI formula aliases.
[2025-07-23T13:44:25.751+0000] {log.py:232} WARNING - 2025-07-23 13:44:25,751 - startup_health_score - INFO - Identified mandatory KPIs: ['Monthly Recurring Revenue (MRR)', 'Burn Rate', 'Runway (in Months)', 'Gross Margin (%)', 'MRR Growth Rate', 'Customer Acquisition Cost (CAC)', 'Net Revenue Retention (NRR)', 'Customer (Logo) Churn Rate', 'Founder Commitment (Full-Time)', 'Onboarding Completion Rate']
[2025-07-23T13:44:25.751+0000] {scoring_engine.py:56} INFO - Identified mandatory KPIs: ['Monthly Recurring Revenue (MRR)', 'Burn Rate', 'Runway (in Months)', 'Gross Margin (%)', 'MRR Growth Rate', 'Customer Acquisition Cost (CAC)', 'Net Revenue Retention (NRR)', 'Customer (Logo) Churn Rate', 'Founder Commitment (Full-Time)', 'Onboarding Completion Rate']
[2025-07-23T13:44:25.753+0000] {log.py:232} WARNING - 2025-07-23 13:44:25,753 - startup_health_score - INFO - Collected all expected KPI names: ['Monthly Recurring Revenue (MRR)', 'Annual Recurring Revenue (ARR)', 'Burn Rate', 'Runway (in Months)', 'Gross Margin (%)', 'Operating Margin (or EBITDA)', 'MRR Growth Rate', 'User Growth Rate', 'Lead-to-Customer Conversion Rate', 'Trial-to-Paid Conversion Rate', 'Signup-to-MRR Ratio', 'Expansion Revenue', 'Customer Acquisition Cost (CAC)', 'Customer Lifetime Value (CLV or LTV)', 'CAC-to-CLV Ratio', 'CAC Payback Period', 'Contribution Margin', 'Net Revenue Retention (NRR)', 'Customer (Logo) Churn Rate', 'Revenue Churn Rate', 'Daily Active Users / Monthly Active Users (DAU/MAU)', 'Day-30 Retention Rate', 'Day-90 Retention Rate', 'Founder Commitment (Full-Time)', 'Arr per Fte', 'Team Size', 'KPI Update Frequency', 'Time Since Last Fundraise', 'Net Promoter Score (NPS)', 'Customer Satisfaction Score (CSAT)', 'Onboarding Completion Rate', 'Average Time to Resolution (Support)', 'Support Ticket Volume']
[2025-07-23T13:44:25.753+0000] {scoring_engine.py:64} INFO - Collected all expected KPI names: ['Monthly Recurring Revenue (MRR)', 'Annual Recurring Revenue (ARR)', 'Burn Rate', 'Runway (in Months)', 'Gross Margin (%)', 'Operating Margin (or EBITDA)', 'MRR Growth Rate', 'User Growth Rate', 'Lead-to-Customer Conversion Rate', 'Trial-to-Paid Conversion Rate', 'Signup-to-MRR Ratio', 'Expansion Revenue', 'Customer Acquisition Cost (CAC)', 'Customer Lifetime Value (CLV or LTV)', 'CAC-to-CLV Ratio', 'CAC Payback Period', 'Contribution Margin', 'Net Revenue Retention (NRR)', 'Customer (Logo) Churn Rate', 'Revenue Churn Rate', 'Daily Active Users / Monthly Active Users (DAU/MAU)', 'Day-30 Retention Rate', 'Day-90 Retention Rate', 'Founder Commitment (Full-Time)', 'Arr per Fte', 'Team Size', 'KPI Update Frequency', 'Time Since Last Fundraise', 'Net Promoter Score (NPS)', 'Customer Satisfaction Score (CSAT)', 'Onboarding Completion Rate', 'Average Time to Resolution (Support)', 'Support Ticket Volume']
[2025-07-23T13:44:25.755+0000] {log.py:232} WARNING - 2025-07-23 13:44:25,754 - startup_health_score - INFO - ScoringEngine initialized successfully.
[2025-07-23T13:44:25.754+0000] {scoring_engine.py:31} INFO - ScoringEngine initialized successfully.
[2025-07-23T13:44:25.756+0000] {log.py:232} WARNING - 2025-07-23 13:44:25,756 - startup_health_score - WARNING - Missing non-mandatory KPIs: Trial-to-Paid Conversion Rate, Signup-to-MRR Ratio, Daily Active Users / Monthly Active Users (DAU/MAU)
[2025-07-23T13:44:25.756+0000] {scoring_engine.py:88} WARNING - Missing non-mandatory KPIs: Trial-to-Paid Conversion Rate, Signup-to-MRR Ratio, Daily Active Users / Monthly Active Users (DAU/MAU)
[2025-07-23T13:44:25.757+0000] {log.py:232} WARNING - 2025-07-23 13:44:25,757 - startup_health_score - WARNING - KPI 'CAC-to-CLV Ratio' has unparseable numeric string value '1:15'. Returning 0.0.
[2025-07-23T13:44:25.757+0000] {kpi_normalizer.py:147} WARNING - KPI 'CAC-to-CLV Ratio' has unparseable numeric string value '1:15'. Returning 0.0.
[2025-07-23T13:44:25.758+0000] {log.py:232} WARNING - 2025-07-23 13:44:25,758 - startup_health_score - WARNING - KPI 'Customer (Logo) Churn Rate' has unparseable numeric string value '0.1% (Monthly)'. Returning 0.0.
[2025-07-23T13:44:25.758+0000] {kpi_normalizer.py:147} WARNING - KPI 'Customer (Logo) Churn Rate' has unparseable numeric string value '0.1% (Monthly)'. Returning 0.0.
[2025-07-23T13:44:25.759+0000] {log.py:232} WARNING - 2025-07-23 13:44:25,759 - startup_health_score - WARNING - KPI 'Revenue Churn Rate' has unparseable numeric string value '0% (Monthly)'. Returning 0.0.
[2025-07-23T13:44:25.759+0000] {kpi_normalizer.py:147} WARNING - KPI 'Revenue Churn Rate' has unparseable numeric string value '0% (Monthly)'. Returning 0.0.
[2025-07-23T13:44:25.760+0000] {log.py:232} WARNING - 2025-07-23 13:44:25,760 - startup_health_score - WARNING - KPI 'Net Revenue Retention (NRR)' has unparseable numeric string value '108% (Monthly)'. Returning 0.0.
[2025-07-23T13:44:25.760+0000] {kpi_normalizer.py:147} WARNING - KPI 'Net Revenue Retention (NRR)' has unparseable numeric string value '108% (Monthly)'. Returning 0.0.
[2025-07-23T13:44:25.761+0000] {log.py:232} WARNING - 2025-07-23 13:44:25,761 - startup_health_score - WARNING - Input KPI 'DAU/MAU' is not defined in KPI configurations. Skipping normalization and scoring.
[2025-07-23T13:44:25.761+0000] {scoring_engine.py:147} WARNING - Input KPI 'DAU/MAU' is not defined in KPI configurations. Skipping normalization and scoring.
[2025-07-23T13:44:25.762+0000] {log.py:232} WARNING - 2025-07-23 13:44:25,762 - startup_health_score - WARNING - KPI 'Time Since Last Fundraise' has unparseable numeric string value '10 Months'. Returning 0.0.
[2025-07-23T13:44:25.762+0000] {kpi_normalizer.py:147} WARNING - KPI 'Time Since Last Fundraise' has unparseable numeric string value '10 Months'. Returning 0.0.
[2025-07-23T13:44:25.763+0000] {log.py:232} WARNING - 2025-07-23 13:44:25,763 - startup_health_score - WARNING - KPI 'Average Time to Resolution (Support)' has unparseable numeric string value '4 Hours'. Returning 0.0.
[2025-07-23T13:44:25.763+0000] {kpi_normalizer.py:147} WARNING - KPI 'Average Time to Resolution (Support)' has unparseable numeric string value '4 Hours'. Returning 0.0.
[2025-07-23T13:44:25.764+0000] {log.py:232} WARNING - 2025-07-23 13:44:25,764 - startup_health_score - INFO - Calculated total score: 48.16
[2025-07-23T13:44:25.764+0000] {scoring_engine.py:180} INFO - Calculated total score: 48.16
[2025-07-23T13:44:25.790+0000] {log.py:232} WARNING - 2025-07-23 13:44:25,790 - startup_health_score - INFO - Scoring results saved to /opt/***/processed_data/sample_txt_startup_score_output.json
[2025-07-23T13:44:25.790+0000] {startup_health_score_dag.py:192} INFO - Scoring results saved to /opt/***/processed_data/sample_txt_startup_score_output.json
[2025-07-23T13:44:25.790+0000] {log.py:232} WARNING - 2025-07-23 13:44:25,790 - startup_health_score - INFO - Total Score: 48.16
[2025-07-23T13:44:25.790+0000] {startup_health_score_dag.py:198} INFO - Total Score: 48.16
[2025-07-23T13:44:25.791+0000] {python.py:240} INFO - Done. Returned value was: None
[2025-07-23T13:44:25.802+0000] {taskinstance.py:349} INFO - ::group::Post task execution logs
[2025-07-23T13:44:25.803+0000] {taskinstance.py:361} INFO - Marking task as SUCCESS. dag_id=startup_health_score_full_pipeline, task_id=calculate_startup_health_scores, run_id=streamlit_trigger_sample.txt_20250723134406, execution_date=20250723T134407, start_date=20250723T134424, end_date=20250723T134425
[2025-07-23T13:44:25.874+0000] {local_task_job_runner.py:266} INFO - Task exited with return code 0
[2025-07-23T13:44:25.943+0000] {taskinstance.py:3924} INFO - 0 downstream tasks scheduled from follow-on schedule check
[2025-07-23T13:44:25.945+0000] {local_task_job_runner.py:245} INFO - ::endgroup::
