[2025-07-19T15:59:32.374+0530] {local_task_job_runner.py:123} INFO - ::group::Pre task execution logs
[2025-07-19T15:59:32.384+0530] {taskinstance.py:2631} INFO - Dependencies all met for dep_context=non-requeueable deps ti=<TaskInstance: startup_health_score_full_pipeline.check_for_documents manual__2025-07-19T10:10:09.304481+00:00 [queued]>
[2025-07-19T15:59:32.387+0530] {taskinstance.py:2631} INFO - Dependencies all met for dep_context=requeueable deps ti=<TaskInstance: startup_health_score_full_pipeline.check_for_documents manual__2025-07-19T10:10:09.304481+00:00 [queued]>
[2025-07-19T15:59:32.387+0530] {taskinstance.py:2884} INFO - Starting attempt 5 of 5
[2025-07-19T15:59:32.396+0530] {taskinstance.py:2907} INFO - Executing <Task(PythonOperator): check_for_documents> on 2025-07-19 10:10:09.304481+00:00
[2025-07-19T15:59:32.406+0530] {standard_task_runner.py:72} INFO - Started process 9661 to run task
[2025-07-19T15:59:32.419+0530] {standard_task_runner.py:104} INFO - Running: ['airflow', 'tasks', 'run', 'startup_health_score_full_pipeline', 'check_for_documents', 'manual__2025-07-19T10:10:09.304481+00:00', '--job-id', '18', '--raw', '--subdir', 'DAGS_FOLDER/startup_health_score_dag.py', '--cfg-path', '/var/folders/gm/brh165c568qf0d9ggn2qd6zr0000gn/T/tmp94703y_9']
[2025-07-19T15:59:32.421+0530] {standard_task_runner.py:105} INFO - Job 18: Subtask check_for_documents
[2025-07-19T15:59:32.446+0530] {task_command.py:467} INFO - Running <TaskInstance: startup_health_score_full_pipeline.check_for_documents manual__2025-07-19T10:10:09.304481+00:00 [running]> on host parths-macbook-air.local
[2025-07-19T15:59:32.479+0530] {taskinstance.py:3157} INFO - Exporting env vars: AIRFLOW_CTX_DAG_OWNER='airflow' AIRFLOW_CTX_DAG_ID='startup_health_score_full_pipeline' AIRFLOW_CTX_TASK_ID='check_for_documents' AIRFLOW_CTX_EXECUTION_DATE='2025-07-19T10:10:09.304481+00:00' AIRFLOW_CTX_TRY_NUMBER='5' AIRFLOW_CTX_DAG_RUN_ID='manual__2025-07-19T10:10:09.304481+00:00'
[2025-07-19T15:59:32.480+0530] {logging_mixin.py:190} INFO - Task instance is in running state
[2025-07-19T15:59:32.480+0530] {logging_mixin.py:190} INFO -  Previous state of the Task instance: queued
[2025-07-19T15:59:32.480+0530] {logging_mixin.py:190} INFO - Current task name:check_for_documents state:running start_date:2025-07-19 10:29:32.384383+00:00
[2025-07-19T15:59:32.481+0530] {logging_mixin.py:190} INFO - Dag name:startup_health_score_full_pipeline and current dag run status:running
[2025-07-19T15:59:32.481+0530] {taskinstance.py:740} INFO - ::endgroup::
[2025-07-19T15:59:32.482+0530] {startup_health_score_dag.py:60} ERROR - No document found at /Users/parth/Desktop/Engine/uploads/Lecture_Notes-4.pdf. Task will fail.
[2025-07-19T15:59:32.485+0530] {taskinstance.py:3336} ERROR - Task failed with exception
Traceback (most recent call last):
  File "/Users/parth/Desktop/Engine/venv/lib/python3.11/site-packages/airflow/models/taskinstance.py", line 776, in _execute_task
    result = _execute_callable(context=context, **execute_callable_kwargs)
             ^^^^^^^^^^^^^^^^^^^^^^^^^^^^^^^^^^^^^^^^^^^^^^^^^^^^^^^^^^^^^
  File "/Users/parth/Desktop/Engine/venv/lib/python3.11/site-packages/airflow/models/taskinstance.py", line 742, in _execute_callable
    return ExecutionCallableRunner(
           ^^^^^^^^^^^^^^^^^^^^^^^^
  File "/Users/parth/Desktop/Engine/venv/lib/python3.11/site-packages/airflow/utils/operator_helpers.py", line 252, in run
    return self.func(*args, **kwargs)
           ^^^^^^^^^^^^^^^^^^^^^^^^^^
  File "/Users/parth/Desktop/Engine/venv/lib/python3.11/site-packages/airflow/models/baseoperator.py", line 424, in wrapper
    return func(self, *args, **kwargs)
           ^^^^^^^^^^^^^^^^^^^^^^^^^^^
  File "/Users/parth/Desktop/Engine/venv/lib/python3.11/site-packages/airflow/operators/python.py", line 238, in execute
    return_value = self.execute_callable()
                   ^^^^^^^^^^^^^^^^^^^^^^^
  File "/Users/parth/Desktop/Engine/venv/lib/python3.11/site-packages/airflow/operators/python.py", line 256, in execute_callable
    return runner.run(*self.op_args, **self.op_kwargs)
           ^^^^^^^^^^^^^^^^^^^^^^^^^^^^^^^^^^^^^^^^^^^
  File "/Users/parth/Desktop/Engine/venv/lib/python3.11/site-packages/airflow/utils/operator_helpers.py", line 252, in run
    return self.func(*args, **kwargs)
           ^^^^^^^^^^^^^^^^^^^^^^^^^^
  File "/Users/parth/Desktop/Engine/airflow_data/dags/startup_health_score_dag.py", line 61, in _check_for_documents
    raise AirflowException(f"Document {SAMPLE_DOCUMENT_NAME} not found. Please ensure it's in the 'uploads/' directory.")
airflow.exceptions.AirflowException: Document Lecture_Notes-4.pdf not found. Please ensure it's in the 'uploads/' directory.
[2025-07-19T15:59:32.489+0530] {logging_mixin.py:190} INFO - Task instance in failure state
[2025-07-19T15:59:32.490+0530] {logging_mixin.py:190} INFO - Task start:2025-07-19 10:29:32.384383+00:00 end:2025-07-19 10:29:32.489442+00:00 duration:0.105059
[2025-07-19T15:59:32.490+0530] {logging_mixin.py:190} INFO - Task:<Task(PythonOperator): check_for_documents> dag:<DAG: startup_health_score_full_pipeline> dagrun:<DagRun startup_health_score_full_pipeline @ 2025-07-19 10:10:09.304481+00:00: manual__2025-07-19T10:10:09.304481+00:00, state:running, queued_at: 2025-07-19 10:26:20.447069+00:00. externally triggered: True>
[2025-07-19T15:59:32.491+0530] {logging_mixin.py:190} INFO - Failure caused by Document Lecture_Notes-4.pdf not found. Please ensure it's in the 'uploads/' directory.
[2025-07-19T15:59:32.491+0530] {taskinstance.py:1242} INFO - Marking task as FAILED. dag_id=startup_health_score_full_pipeline, task_id=check_for_documents, run_id=manual__2025-07-19T10:10:09.304481+00:00, execution_date=20250719T101009, start_date=20250719T102932, end_date=20250719T102932
[2025-07-19T15:59:32.501+0530] {taskinstance.py:349} INFO - ::group::Post task execution logs
[2025-07-19T15:59:32.501+0530] {standard_task_runner.py:124} ERROR - Failed to execute job 18 for task check_for_documents (Document Lecture_Notes-4.pdf not found. Please ensure it's in the 'uploads/' directory.; 9661)
Traceback (most recent call last):
  File "/Users/parth/Desktop/Engine/venv/lib/python3.11/site-packages/airflow/task/task_runner/standard_task_runner.py", line 117, in _start_by_fork
    ret = args.func(args, dag=self.dag)
          ^^^^^^^^^^^^^^^^^^^^^^^^^^^^^
  File "/Users/parth/Desktop/Engine/venv/lib/python3.11/site-packages/airflow/cli/cli_config.py", line 49, in command
    return func(*args, **kwargs)
           ^^^^^^^^^^^^^^^^^^^^^
  File "/Users/parth/Desktop/Engine/venv/lib/python3.11/site-packages/airflow/utils/cli.py", line 116, in wrapper
    return f(*args, **kwargs)
           ^^^^^^^^^^^^^^^^^^
  File "/Users/parth/Desktop/Engine/venv/lib/python3.11/site-packages/airflow/cli/commands/task_command.py", line 483, in task_run
    task_return_code = _run_task_by_selected_method(args, _dag, ti)
                       ^^^^^^^^^^^^^^^^^^^^^^^^^^^^^^^^^^^^^^^^^^^^
  File "/Users/parth/Desktop/Engine/venv/lib/python3.11/site-packages/airflow/cli/commands/task_command.py", line 256, in _run_task_by_selected_method
    return _run_raw_task(args, ti)
           ^^^^^^^^^^^^^^^^^^^^^^^
  File "/Users/parth/Desktop/Engine/venv/lib/python3.11/site-packages/airflow/cli/commands/task_command.py", line 341, in _run_raw_task
    return ti._run_raw_task(
           ^^^^^^^^^^^^^^^^^
  File "/Users/parth/Desktop/Engine/venv/lib/python3.11/site-packages/airflow/utils/session.py", line 97, in wrapper
    return func(*args, session=session, **kwargs)
           ^^^^^^^^^^^^^^^^^^^^^^^^^^^^^^^^^^^^^^
  File "/Users/parth/Desktop/Engine/venv/lib/python3.11/site-packages/airflow/models/taskinstance.py", line 3029, in _run_raw_task
    return _run_raw_task(
           ^^^^^^^^^^^^^^
  File "/Users/parth/Desktop/Engine/venv/lib/python3.11/site-packages/airflow/models/taskinstance.py", line 282, in _run_raw_task
    TaskInstance._execute_task_with_callbacks(
  File "/Users/parth/Desktop/Engine/venv/lib/python3.11/site-packages/airflow/models/taskinstance.py", line 3184, in _execute_task_with_callbacks
    result = self._execute_task(context, task_orig)
             ^^^^^^^^^^^^^^^^^^^^^^^^^^^^^^^^^^^^^^
  File "/Users/parth/Desktop/Engine/venv/lib/python3.11/site-packages/airflow/models/taskinstance.py", line 3208, in _execute_task
    return _execute_task(self, context, task_orig)
           ^^^^^^^^^^^^^^^^^^^^^^^^^^^^^^^^^^^^^^^
  File "/Users/parth/Desktop/Engine/venv/lib/python3.11/site-packages/airflow/models/taskinstance.py", line 776, in _execute_task
    result = _execute_callable(context=context, **execute_callable_kwargs)
             ^^^^^^^^^^^^^^^^^^^^^^^^^^^^^^^^^^^^^^^^^^^^^^^^^^^^^^^^^^^^^
  File "/Users/parth/Desktop/Engine/venv/lib/python3.11/site-packages/airflow/models/taskinstance.py", line 742, in _execute_callable
    return ExecutionCallableRunner(
           ^^^^^^^^^^^^^^^^^^^^^^^^
  File "/Users/parth/Desktop/Engine/venv/lib/python3.11/site-packages/airflow/utils/operator_helpers.py", line 252, in run
    return self.func(*args, **kwargs)
           ^^^^^^^^^^^^^^^^^^^^^^^^^^
  File "/Users/parth/Desktop/Engine/venv/lib/python3.11/site-packages/airflow/models/baseoperator.py", line 424, in wrapper
    return func(self, *args, **kwargs)
           ^^^^^^^^^^^^^^^^^^^^^^^^^^^
  File "/Users/parth/Desktop/Engine/venv/lib/python3.11/site-packages/airflow/operators/python.py", line 238, in execute
    return_value = self.execute_callable()
                   ^^^^^^^^^^^^^^^^^^^^^^^
  File "/Users/parth/Desktop/Engine/venv/lib/python3.11/site-packages/airflow/operators/python.py", line 256, in execute_callable
    return runner.run(*self.op_args, **self.op_kwargs)
           ^^^^^^^^^^^^^^^^^^^^^^^^^^^^^^^^^^^^^^^^^^^
  File "/Users/parth/Desktop/Engine/venv/lib/python3.11/site-packages/airflow/utils/operator_helpers.py", line 252, in run
    return self.func(*args, **kwargs)
           ^^^^^^^^^^^^^^^^^^^^^^^^^^
  File "/Users/parth/Desktop/Engine/airflow_data/dags/startup_health_score_dag.py", line 61, in _check_for_documents
    raise AirflowException(f"Document {SAMPLE_DOCUMENT_NAME} not found. Please ensure it's in the 'uploads/' directory.")
airflow.exceptions.AirflowException: Document Lecture_Notes-4.pdf not found. Please ensure it's in the 'uploads/' directory.
[2025-07-19T15:59:32.509+0530] {local_task_job_runner.py:266} INFO - Task exited with return code 1
[2025-07-19T15:59:32.522+0530] {taskinstance.py:3924} INFO - 0 downstream tasks scheduled from follow-on schedule check
[2025-07-19T15:59:32.524+0530] {local_task_job_runner.py:245} INFO - ::endgroup::
