[2025-07-23T13:41:54.725+0000] {local_task_job_runner.py:123} INFO - ::group::Pre task execution logs
[2025-07-23T13:41:54.751+0000] {taskinstance.py:2631} INFO - Dependencies all met for dep_context=non-requeueable deps ti=<TaskInstance: startup_health_score_full_pipeline.check_for_documents streamlit_trigger_sample.txt_20250723134149 [queued]>
[2025-07-23T13:41:54.757+0000] {taskinstance.py:2631} INFO - Dependencies all met for dep_context=requeueable deps ti=<TaskInstance: startup_health_score_full_pipeline.check_for_documents streamlit_trigger_sample.txt_20250723134149 [queued]>
[2025-07-23T13:41:54.757+0000] {taskinstance.py:2884} INFO - Starting attempt 1 of 2
[2025-07-23T13:41:54.769+0000] {taskinstance.py:2907} INFO - Executing <Task(PythonOperator): check_for_documents> on 2025-07-23 13:41:50.261822+00:00
[2025-07-23T13:41:54.796+0000] {warnings.py:112} WARNING - /home/***/.local/lib/python3.12/site-packages/***/task/task_runner/standard_task_runner.py:70: DeprecationWarning: This process (pid=69) is multi-threaded, use of fork() may lead to deadlocks in the child.
  pid = os.fork()

[2025-07-23T13:41:54.800+0000] {standard_task_runner.py:72} INFO - Started process 71 to run task
[2025-07-23T13:41:54.804+0000] {standard_task_runner.py:104} INFO - Running: ['***', 'tasks', 'run', 'startup_health_score_full_pipeline', 'check_for_documents', 'streamlit_trigger_sample.txt_20250723134149', '--job-id', '6', '--raw', '--subdir', 'DAGS_FOLDER/startup_health_score_dag.py', '--cfg-path', '/tmp/tmp4wrffsge']
[2025-07-23T13:41:54.811+0000] {standard_task_runner.py:105} INFO - Job 6: Subtask check_for_documents
[2025-07-23T13:41:54.892+0000] {task_command.py:467} INFO - Running <TaskInstance: startup_health_score_full_pipeline.check_for_documents streamlit_trigger_sample.txt_20250723134149 [running]> on host f228824c2da2
[2025-07-23T13:41:55.035+0000] {taskinstance.py:3157} INFO - Exporting env vars: AIRFLOW_CTX_DAG_OWNER='***' AIRFLOW_CTX_DAG_ID='startup_health_score_full_pipeline' AIRFLOW_CTX_TASK_ID='check_for_documents' AIRFLOW_CTX_EXECUTION_DATE='2025-07-23T13:41:50.261822+00:00' AIRFLOW_CTX_TRY_NUMBER='1' AIRFLOW_CTX_DAG_RUN_ID='streamlit_trigger_sample.txt_20250723134149'
[2025-07-23T13:41:55.045+0000] {taskinstance.py:740} INFO - ::endgroup::
[2025-07-23T13:41:55.075+0000] {log.py:232} WARNING - 2025-07-23 13:41:55,074 - startup_health_score - INFO - Received file_name from DAG run config: sample.txt
[2025-07-23T13:41:55.074+0000] {startup_health_score_dag.py:55} INFO - Received file_name from DAG run config: sample.txt
[2025-07-23T13:41:55.076+0000] {log.py:232} WARNING - 2025-07-23 13:41:55,076 - startup_health_score - INFO - Selected document from DAG conf: sample.txt at /opt/***/uploads/sample.txt. Pushing to XCom.
[2025-07-23T13:41:55.076+0000] {startup_health_score_dag.py:62} INFO - Selected document from DAG conf: sample.txt at /opt/***/uploads/sample.txt. Pushing to XCom.
[2025-07-23T13:41:55.094+0000] {python.py:240} INFO - Done. Returned value was: None
[2025-07-23T13:41:55.116+0000] {taskinstance.py:349} INFO - ::group::Post task execution logs
[2025-07-23T13:41:55.117+0000] {taskinstance.py:361} INFO - Marking task as SUCCESS. dag_id=startup_health_score_full_pipeline, task_id=check_for_documents, run_id=streamlit_trigger_sample.txt_20250723134149, execution_date=20250723T134150, start_date=20250723T134154, end_date=20250723T134155
[2025-07-23T13:41:55.154+0000] {local_task_job_runner.py:266} INFO - Task exited with return code 0
[2025-07-23T13:41:55.184+0000] {taskinstance.py:3924} INFO - 1 downstream tasks scheduled from follow-on schedule check
[2025-07-23T13:41:55.185+0000] {local_task_job_runner.py:245} INFO - ::endgroup::
