[2025-07-17T07:15:31.347+0530] {processor.py:186} INFO - Started process (PID=23208) to work on /Users/parth/Desktop/Engine/venv/lib/python3.11/site-packages/airflow/example_dags/subdags/subdag.py
[2025-07-17T07:15:31.348+0530] {processor.py:914} INFO - Processing file /Users/parth/Desktop/Engine/venv/lib/python3.11/site-packages/airflow/example_dags/subdags/subdag.py for tasks to queue
[2025-07-17T07:15:31.348+0530] {logging_mixin.py:190} INFO - [2025-07-17T07:15:31.348+0530] {dagbag.py:588} INFO - Filling up the DagBag from /Users/parth/Desktop/Engine/venv/lib/python3.11/site-packages/airflow/example_dags/subdags/subdag.py
[2025-07-17T07:15:31.350+0530] {processor.py:927} WARNING - No viable dags retrieved from /Users/parth/Desktop/Engine/venv/lib/python3.11/site-packages/airflow/example_dags/subdags/subdag.py
[2025-07-17T07:15:31.408+0530] {processor.py:208} INFO - Processing /Users/parth/Desktop/Engine/venv/lib/python3.11/site-packages/airflow/example_dags/subdags/subdag.py took 0.064 seconds
[2025-07-17T07:24:04.055+0530] {processor.py:186} INFO - Started process (PID=24230) to work on /Users/parth/Desktop/Engine/venv/lib/python3.11/site-packages/airflow/example_dags/subdags/subdag.py
[2025-07-17T07:24:04.056+0530] {processor.py:914} INFO - Processing file /Users/parth/Desktop/Engine/venv/lib/python3.11/site-packages/airflow/example_dags/subdags/subdag.py for tasks to queue
[2025-07-17T07:24:04.057+0530] {logging_mixin.py:190} INFO - [2025-07-17T07:24:04.057+0530] {dagbag.py:588} INFO - Filling up the DagBag from /Users/parth/Desktop/Engine/venv/lib/python3.11/site-packages/airflow/example_dags/subdags/subdag.py
[2025-07-17T07:24:04.058+0530] {processor.py:927} WARNING - No viable dags retrieved from /Users/parth/Desktop/Engine/venv/lib/python3.11/site-packages/airflow/example_dags/subdags/subdag.py
[2025-07-17T07:24:04.116+0530] {processor.py:208} INFO - Processing /Users/parth/Desktop/Engine/venv/lib/python3.11/site-packages/airflow/example_dags/subdags/subdag.py took 0.064 seconds
[2025-07-17T07:25:59.199+0530] {processor.py:186} INFO - Started process (PID=24975) to work on /Users/parth/Desktop/Engine/venv/lib/python3.11/site-packages/airflow/example_dags/subdags/subdag.py
[2025-07-17T07:25:59.200+0530] {processor.py:914} INFO - Processing file /Users/parth/Desktop/Engine/venv/lib/python3.11/site-packages/airflow/example_dags/subdags/subdag.py for tasks to queue
[2025-07-17T07:25:59.201+0530] {logging_mixin.py:190} INFO - [2025-07-17T07:25:59.201+0530] {dagbag.py:588} INFO - Filling up the DagBag from /Users/parth/Desktop/Engine/venv/lib/python3.11/site-packages/airflow/example_dags/subdags/subdag.py
[2025-07-17T07:25:59.202+0530] {processor.py:927} WARNING - No viable dags retrieved from /Users/parth/Desktop/Engine/venv/lib/python3.11/site-packages/airflow/example_dags/subdags/subdag.py
[2025-07-17T07:25:59.265+0530] {processor.py:208} INFO - Processing /Users/parth/Desktop/Engine/venv/lib/python3.11/site-packages/airflow/example_dags/subdags/subdag.py took 0.069 seconds
[2025-07-17T07:27:48.783+0530] {processor.py:186} INFO - Started process (PID=25673) to work on /Users/parth/Desktop/Engine/venv/lib/python3.11/site-packages/airflow/example_dags/subdags/subdag.py
[2025-07-17T07:27:48.784+0530] {processor.py:914} INFO - Processing file /Users/parth/Desktop/Engine/venv/lib/python3.11/site-packages/airflow/example_dags/subdags/subdag.py for tasks to queue
[2025-07-17T07:27:48.784+0530] {logging_mixin.py:190} INFO - [2025-07-17T07:27:48.784+0530] {dagbag.py:588} INFO - Filling up the DagBag from /Users/parth/Desktop/Engine/venv/lib/python3.11/site-packages/airflow/example_dags/subdags/subdag.py
[2025-07-17T07:27:48.786+0530] {processor.py:927} WARNING - No viable dags retrieved from /Users/parth/Desktop/Engine/venv/lib/python3.11/site-packages/airflow/example_dags/subdags/subdag.py
[2025-07-17T07:27:48.841+0530] {processor.py:208} INFO - Processing /Users/parth/Desktop/Engine/venv/lib/python3.11/site-packages/airflow/example_dags/subdags/subdag.py took 0.061 seconds
[2025-07-17T07:29:31.678+0530] {processor.py:186} INFO - Started process (PID=26345) to work on /Users/parth/Desktop/Engine/venv/lib/python3.11/site-packages/airflow/example_dags/subdags/subdag.py
[2025-07-17T07:29:31.679+0530] {processor.py:914} INFO - Processing file /Users/parth/Desktop/Engine/venv/lib/python3.11/site-packages/airflow/example_dags/subdags/subdag.py for tasks to queue
[2025-07-17T07:29:31.680+0530] {logging_mixin.py:190} INFO - [2025-07-17T07:29:31.679+0530] {dagbag.py:588} INFO - Filling up the DagBag from /Users/parth/Desktop/Engine/venv/lib/python3.11/site-packages/airflow/example_dags/subdags/subdag.py
[2025-07-17T07:29:31.681+0530] {processor.py:927} WARNING - No viable dags retrieved from /Users/parth/Desktop/Engine/venv/lib/python3.11/site-packages/airflow/example_dags/subdags/subdag.py
[2025-07-17T07:29:31.736+0530] {processor.py:208} INFO - Processing /Users/parth/Desktop/Engine/venv/lib/python3.11/site-packages/airflow/example_dags/subdags/subdag.py took 0.061 seconds
[2025-07-17T07:31:17.438+0530] {processor.py:186} INFO - Started process (PID=27019) to work on /Users/parth/Desktop/Engine/venv/lib/python3.11/site-packages/airflow/example_dags/subdags/subdag.py
[2025-07-17T07:31:17.439+0530] {processor.py:914} INFO - Processing file /Users/parth/Desktop/Engine/venv/lib/python3.11/site-packages/airflow/example_dags/subdags/subdag.py for tasks to queue
[2025-07-17T07:31:17.439+0530] {logging_mixin.py:190} INFO - [2025-07-17T07:31:17.439+0530] {dagbag.py:588} INFO - Filling up the DagBag from /Users/parth/Desktop/Engine/venv/lib/python3.11/site-packages/airflow/example_dags/subdags/subdag.py
[2025-07-17T07:31:17.441+0530] {processor.py:927} WARNING - No viable dags retrieved from /Users/parth/Desktop/Engine/venv/lib/python3.11/site-packages/airflow/example_dags/subdags/subdag.py
[2025-07-17T07:31:17.496+0530] {processor.py:208} INFO - Processing /Users/parth/Desktop/Engine/venv/lib/python3.11/site-packages/airflow/example_dags/subdags/subdag.py took 0.061 seconds
[2025-07-17T07:33:03.385+0530] {processor.py:186} INFO - Started process (PID=27718) to work on /Users/parth/Desktop/Engine/venv/lib/python3.11/site-packages/airflow/example_dags/subdags/subdag.py
[2025-07-17T07:33:03.386+0530] {processor.py:914} INFO - Processing file /Users/parth/Desktop/Engine/venv/lib/python3.11/site-packages/airflow/example_dags/subdags/subdag.py for tasks to queue
[2025-07-17T07:33:03.387+0530] {logging_mixin.py:190} INFO - [2025-07-17T07:33:03.386+0530] {dagbag.py:588} INFO - Filling up the DagBag from /Users/parth/Desktop/Engine/venv/lib/python3.11/site-packages/airflow/example_dags/subdags/subdag.py
[2025-07-17T07:33:03.388+0530] {processor.py:927} WARNING - No viable dags retrieved from /Users/parth/Desktop/Engine/venv/lib/python3.11/site-packages/airflow/example_dags/subdags/subdag.py
[2025-07-17T07:33:03.443+0530] {processor.py:208} INFO - Processing /Users/parth/Desktop/Engine/venv/lib/python3.11/site-packages/airflow/example_dags/subdags/subdag.py took 0.061 seconds
[2025-07-17T07:34:52.165+0530] {processor.py:186} INFO - Started process (PID=28435) to work on /Users/parth/Desktop/Engine/venv/lib/python3.11/site-packages/airflow/example_dags/subdags/subdag.py
[2025-07-17T07:34:52.166+0530] {processor.py:914} INFO - Processing file /Users/parth/Desktop/Engine/venv/lib/python3.11/site-packages/airflow/example_dags/subdags/subdag.py for tasks to queue
[2025-07-17T07:34:52.166+0530] {logging_mixin.py:190} INFO - [2025-07-17T07:34:52.166+0530] {dagbag.py:588} INFO - Filling up the DagBag from /Users/parth/Desktop/Engine/venv/lib/python3.11/site-packages/airflow/example_dags/subdags/subdag.py
[2025-07-17T07:34:52.168+0530] {processor.py:927} WARNING - No viable dags retrieved from /Users/parth/Desktop/Engine/venv/lib/python3.11/site-packages/airflow/example_dags/subdags/subdag.py
[2025-07-17T07:34:52.224+0530] {processor.py:208} INFO - Processing /Users/parth/Desktop/Engine/venv/lib/python3.11/site-packages/airflow/example_dags/subdags/subdag.py took 0.061 seconds
[2025-07-17T07:36:52.135+0530] {processor.py:186} INFO - Started process (PID=29219) to work on /Users/parth/Desktop/Engine/venv/lib/python3.11/site-packages/airflow/example_dags/subdags/subdag.py
[2025-07-17T07:36:52.136+0530] {processor.py:914} INFO - Processing file /Users/parth/Desktop/Engine/venv/lib/python3.11/site-packages/airflow/example_dags/subdags/subdag.py for tasks to queue
[2025-07-17T07:36:52.137+0530] {logging_mixin.py:190} INFO - [2025-07-17T07:36:52.136+0530] {dagbag.py:588} INFO - Filling up the DagBag from /Users/parth/Desktop/Engine/venv/lib/python3.11/site-packages/airflow/example_dags/subdags/subdag.py
[2025-07-17T07:36:52.138+0530] {processor.py:927} WARNING - No viable dags retrieved from /Users/parth/Desktop/Engine/venv/lib/python3.11/site-packages/airflow/example_dags/subdags/subdag.py
[2025-07-17T07:36:52.194+0530] {processor.py:208} INFO - Processing /Users/parth/Desktop/Engine/venv/lib/python3.11/site-packages/airflow/example_dags/subdags/subdag.py took 0.061 seconds
[2025-07-17T07:38:39.247+0530] {processor.py:186} INFO - Started process (PID=29924) to work on /Users/parth/Desktop/Engine/venv/lib/python3.11/site-packages/airflow/example_dags/subdags/subdag.py
[2025-07-17T07:38:39.248+0530] {processor.py:914} INFO - Processing file /Users/parth/Desktop/Engine/venv/lib/python3.11/site-packages/airflow/example_dags/subdags/subdag.py for tasks to queue
[2025-07-17T07:38:39.248+0530] {logging_mixin.py:190} INFO - [2025-07-17T07:38:39.248+0530] {dagbag.py:588} INFO - Filling up the DagBag from /Users/parth/Desktop/Engine/venv/lib/python3.11/site-packages/airflow/example_dags/subdags/subdag.py
[2025-07-17T07:38:39.250+0530] {processor.py:927} WARNING - No viable dags retrieved from /Users/parth/Desktop/Engine/venv/lib/python3.11/site-packages/airflow/example_dags/subdags/subdag.py
[2025-07-17T07:38:39.306+0530] {processor.py:208} INFO - Processing /Users/parth/Desktop/Engine/venv/lib/python3.11/site-packages/airflow/example_dags/subdags/subdag.py took 0.061 seconds
[2025-07-17T07:40:31.782+0530] {processor.py:186} INFO - Started process (PID=30661) to work on /Users/parth/Desktop/Engine/venv/lib/python3.11/site-packages/airflow/example_dags/subdags/subdag.py
[2025-07-17T07:40:31.783+0530] {processor.py:914} INFO - Processing file /Users/parth/Desktop/Engine/venv/lib/python3.11/site-packages/airflow/example_dags/subdags/subdag.py for tasks to queue
[2025-07-17T07:40:31.784+0530] {logging_mixin.py:190} INFO - [2025-07-17T07:40:31.783+0530] {dagbag.py:588} INFO - Filling up the DagBag from /Users/parth/Desktop/Engine/venv/lib/python3.11/site-packages/airflow/example_dags/subdags/subdag.py
[2025-07-17T07:40:31.786+0530] {processor.py:927} WARNING - No viable dags retrieved from /Users/parth/Desktop/Engine/venv/lib/python3.11/site-packages/airflow/example_dags/subdags/subdag.py
[2025-07-17T07:40:31.841+0530] {processor.py:208} INFO - Processing /Users/parth/Desktop/Engine/venv/lib/python3.11/site-packages/airflow/example_dags/subdags/subdag.py took 0.061 seconds
[2025-07-17T07:42:35.329+0530] {processor.py:186} INFO - Started process (PID=31464) to work on /Users/parth/Desktop/Engine/venv/lib/python3.11/site-packages/airflow/example_dags/subdags/subdag.py
[2025-07-17T07:42:35.330+0530] {processor.py:914} INFO - Processing file /Users/parth/Desktop/Engine/venv/lib/python3.11/site-packages/airflow/example_dags/subdags/subdag.py for tasks to queue
[2025-07-17T07:42:35.331+0530] {logging_mixin.py:190} INFO - [2025-07-17T07:42:35.330+0530] {dagbag.py:588} INFO - Filling up the DagBag from /Users/parth/Desktop/Engine/venv/lib/python3.11/site-packages/airflow/example_dags/subdags/subdag.py
[2025-07-17T07:42:35.333+0530] {processor.py:927} WARNING - No viable dags retrieved from /Users/parth/Desktop/Engine/venv/lib/python3.11/site-packages/airflow/example_dags/subdags/subdag.py
[2025-07-17T07:42:35.413+0530] {processor.py:208} INFO - Processing /Users/parth/Desktop/Engine/venv/lib/python3.11/site-packages/airflow/example_dags/subdags/subdag.py took 0.087 seconds
[2025-07-17T07:45:21.791+0530] {processor.py:186} INFO - Started process (PID=32639) to work on /Users/parth/Desktop/Engine/venv/lib/python3.11/site-packages/airflow/example_dags/subdags/subdag.py
[2025-07-17T07:45:21.793+0530] {processor.py:914} INFO - Processing file /Users/parth/Desktop/Engine/venv/lib/python3.11/site-packages/airflow/example_dags/subdags/subdag.py for tasks to queue
[2025-07-17T07:45:21.795+0530] {logging_mixin.py:190} INFO - [2025-07-17T07:45:21.795+0530] {dagbag.py:588} INFO - Filling up the DagBag from /Users/parth/Desktop/Engine/venv/lib/python3.11/site-packages/airflow/example_dags/subdags/subdag.py
[2025-07-17T07:45:21.800+0530] {processor.py:927} WARNING - No viable dags retrieved from /Users/parth/Desktop/Engine/venv/lib/python3.11/site-packages/airflow/example_dags/subdags/subdag.py
[2025-07-17T07:45:21.938+0530] {processor.py:208} INFO - Processing /Users/parth/Desktop/Engine/venv/lib/python3.11/site-packages/airflow/example_dags/subdags/subdag.py took 0.154 seconds
[2025-07-17T07:47:55.510+0530] {processor.py:186} INFO - Started process (PID=33753) to work on /Users/parth/Desktop/Engine/venv/lib/python3.11/site-packages/airflow/example_dags/subdags/subdag.py
[2025-07-17T07:47:55.512+0530] {processor.py:914} INFO - Processing file /Users/parth/Desktop/Engine/venv/lib/python3.11/site-packages/airflow/example_dags/subdags/subdag.py for tasks to queue
[2025-07-17T07:47:55.512+0530] {logging_mixin.py:190} INFO - [2025-07-17T07:47:55.512+0530] {dagbag.py:588} INFO - Filling up the DagBag from /Users/parth/Desktop/Engine/venv/lib/python3.11/site-packages/airflow/example_dags/subdags/subdag.py
[2025-07-17T07:47:55.514+0530] {processor.py:927} WARNING - No viable dags retrieved from /Users/parth/Desktop/Engine/venv/lib/python3.11/site-packages/airflow/example_dags/subdags/subdag.py
[2025-07-17T07:47:55.581+0530] {processor.py:208} INFO - Processing /Users/parth/Desktop/Engine/venv/lib/python3.11/site-packages/airflow/example_dags/subdags/subdag.py took 0.074 seconds
[2025-07-17T07:50:01.347+0530] {processor.py:186} INFO - Started process (PID=34568) to work on /Users/parth/Desktop/Engine/venv/lib/python3.11/site-packages/airflow/example_dags/subdags/subdag.py
[2025-07-17T07:50:01.348+0530] {processor.py:914} INFO - Processing file /Users/parth/Desktop/Engine/venv/lib/python3.11/site-packages/airflow/example_dags/subdags/subdag.py for tasks to queue
[2025-07-17T07:50:01.349+0530] {logging_mixin.py:190} INFO - [2025-07-17T07:50:01.349+0530] {dagbag.py:588} INFO - Filling up the DagBag from /Users/parth/Desktop/Engine/venv/lib/python3.11/site-packages/airflow/example_dags/subdags/subdag.py
[2025-07-17T07:50:01.350+0530] {processor.py:927} WARNING - No viable dags retrieved from /Users/parth/Desktop/Engine/venv/lib/python3.11/site-packages/airflow/example_dags/subdags/subdag.py
[2025-07-17T07:50:01.407+0530] {processor.py:208} INFO - Processing /Users/parth/Desktop/Engine/venv/lib/python3.11/site-packages/airflow/example_dags/subdags/subdag.py took 0.062 seconds
[2025-07-17T07:52:45.528+0530] {processor.py:186} INFO - Started process (PID=35681) to work on /Users/parth/Desktop/Engine/venv/lib/python3.11/site-packages/airflow/example_dags/subdags/subdag.py
[2025-07-17T07:52:45.530+0530] {processor.py:914} INFO - Processing file /Users/parth/Desktop/Engine/venv/lib/python3.11/site-packages/airflow/example_dags/subdags/subdag.py for tasks to queue
[2025-07-17T07:52:45.532+0530] {logging_mixin.py:190} INFO - [2025-07-17T07:52:45.531+0530] {dagbag.py:588} INFO - Filling up the DagBag from /Users/parth/Desktop/Engine/venv/lib/python3.11/site-packages/airflow/example_dags/subdags/subdag.py
[2025-07-17T07:52:45.535+0530] {processor.py:927} WARNING - No viable dags retrieved from /Users/parth/Desktop/Engine/venv/lib/python3.11/site-packages/airflow/example_dags/subdags/subdag.py
[2025-07-17T07:52:45.667+0530] {processor.py:208} INFO - Processing /Users/parth/Desktop/Engine/venv/lib/python3.11/site-packages/airflow/example_dags/subdags/subdag.py took 0.144 seconds
[2025-07-17T07:55:25.877+0530] {processor.py:186} INFO - Started process (PID=36865) to work on /Users/parth/Desktop/Engine/venv/lib/python3.11/site-packages/airflow/example_dags/subdags/subdag.py
[2025-07-17T07:55:25.880+0530] {processor.py:914} INFO - Processing file /Users/parth/Desktop/Engine/venv/lib/python3.11/site-packages/airflow/example_dags/subdags/subdag.py for tasks to queue
[2025-07-17T07:55:25.881+0530] {logging_mixin.py:190} INFO - [2025-07-17T07:55:25.881+0530] {dagbag.py:588} INFO - Filling up the DagBag from /Users/parth/Desktop/Engine/venv/lib/python3.11/site-packages/airflow/example_dags/subdags/subdag.py
[2025-07-17T07:55:25.884+0530] {processor.py:927} WARNING - No viable dags retrieved from /Users/parth/Desktop/Engine/venv/lib/python3.11/site-packages/airflow/example_dags/subdags/subdag.py
[2025-07-17T07:55:26.011+0530] {processor.py:208} INFO - Processing /Users/parth/Desktop/Engine/venv/lib/python3.11/site-packages/airflow/example_dags/subdags/subdag.py took 0.139 seconds
[2025-07-17T07:57:29.587+0530] {processor.py:186} INFO - Started process (PID=37712) to work on /Users/parth/Desktop/Engine/venv/lib/python3.11/site-packages/airflow/example_dags/subdags/subdag.py
[2025-07-17T07:57:29.588+0530] {processor.py:914} INFO - Processing file /Users/parth/Desktop/Engine/venv/lib/python3.11/site-packages/airflow/example_dags/subdags/subdag.py for tasks to queue
[2025-07-17T07:57:29.589+0530] {logging_mixin.py:190} INFO - [2025-07-17T07:57:29.588+0530] {dagbag.py:588} INFO - Filling up the DagBag from /Users/parth/Desktop/Engine/venv/lib/python3.11/site-packages/airflow/example_dags/subdags/subdag.py
[2025-07-17T07:57:29.590+0530] {processor.py:927} WARNING - No viable dags retrieved from /Users/parth/Desktop/Engine/venv/lib/python3.11/site-packages/airflow/example_dags/subdags/subdag.py
[2025-07-17T07:57:29.646+0530] {processor.py:208} INFO - Processing /Users/parth/Desktop/Engine/venv/lib/python3.11/site-packages/airflow/example_dags/subdags/subdag.py took 0.062 seconds
[2025-07-17T07:59:24.483+0530] {processor.py:186} INFO - Started process (PID=38460) to work on /Users/parth/Desktop/Engine/venv/lib/python3.11/site-packages/airflow/example_dags/subdags/subdag.py
[2025-07-17T07:59:24.483+0530] {processor.py:914} INFO - Processing file /Users/parth/Desktop/Engine/venv/lib/python3.11/site-packages/airflow/example_dags/subdags/subdag.py for tasks to queue
[2025-07-17T07:59:24.484+0530] {logging_mixin.py:190} INFO - [2025-07-17T07:59:24.484+0530] {dagbag.py:588} INFO - Filling up the DagBag from /Users/parth/Desktop/Engine/venv/lib/python3.11/site-packages/airflow/example_dags/subdags/subdag.py
[2025-07-17T07:59:24.486+0530] {processor.py:927} WARNING - No viable dags retrieved from /Users/parth/Desktop/Engine/venv/lib/python3.11/site-packages/airflow/example_dags/subdags/subdag.py
[2025-07-17T07:59:24.541+0530] {processor.py:208} INFO - Processing /Users/parth/Desktop/Engine/venv/lib/python3.11/site-packages/airflow/example_dags/subdags/subdag.py took 0.060 seconds
[2025-07-17T08:01:41.298+0530] {processor.py:186} INFO - Started process (PID=39352) to work on /Users/parth/Desktop/Engine/venv/lib/python3.11/site-packages/airflow/example_dags/subdags/subdag.py
[2025-07-17T08:01:41.299+0530] {processor.py:914} INFO - Processing file /Users/parth/Desktop/Engine/venv/lib/python3.11/site-packages/airflow/example_dags/subdags/subdag.py for tasks to queue
[2025-07-17T08:01:41.300+0530] {logging_mixin.py:190} INFO - [2025-07-17T08:01:41.300+0530] {dagbag.py:588} INFO - Filling up the DagBag from /Users/parth/Desktop/Engine/venv/lib/python3.11/site-packages/airflow/example_dags/subdags/subdag.py
[2025-07-17T08:01:41.302+0530] {processor.py:927} WARNING - No viable dags retrieved from /Users/parth/Desktop/Engine/venv/lib/python3.11/site-packages/airflow/example_dags/subdags/subdag.py
[2025-07-17T08:01:41.365+0530] {processor.py:208} INFO - Processing /Users/parth/Desktop/Engine/venv/lib/python3.11/site-packages/airflow/example_dags/subdags/subdag.py took 0.069 seconds
[2025-07-17T08:03:48.696+0530] {processor.py:186} INFO - Started process (PID=40177) to work on /Users/parth/Desktop/Engine/venv/lib/python3.11/site-packages/airflow/example_dags/subdags/subdag.py
[2025-07-17T08:03:48.697+0530] {processor.py:914} INFO - Processing file /Users/parth/Desktop/Engine/venv/lib/python3.11/site-packages/airflow/example_dags/subdags/subdag.py for tasks to queue
[2025-07-17T08:03:48.698+0530] {logging_mixin.py:190} INFO - [2025-07-17T08:03:48.698+0530] {dagbag.py:588} INFO - Filling up the DagBag from /Users/parth/Desktop/Engine/venv/lib/python3.11/site-packages/airflow/example_dags/subdags/subdag.py
[2025-07-17T08:03:48.699+0530] {processor.py:927} WARNING - No viable dags retrieved from /Users/parth/Desktop/Engine/venv/lib/python3.11/site-packages/airflow/example_dags/subdags/subdag.py
[2025-07-17T08:03:48.755+0530] {processor.py:208} INFO - Processing /Users/parth/Desktop/Engine/venv/lib/python3.11/site-packages/airflow/example_dags/subdags/subdag.py took 0.061 seconds
[2025-07-17T08:05:57.928+0530] {processor.py:186} INFO - Started process (PID=41120) to work on /Users/parth/Desktop/Engine/venv/lib/python3.11/site-packages/airflow/example_dags/subdags/subdag.py
[2025-07-17T08:05:57.929+0530] {processor.py:914} INFO - Processing file /Users/parth/Desktop/Engine/venv/lib/python3.11/site-packages/airflow/example_dags/subdags/subdag.py for tasks to queue
[2025-07-17T08:05:57.930+0530] {logging_mixin.py:190} INFO - [2025-07-17T08:05:57.930+0530] {dagbag.py:588} INFO - Filling up the DagBag from /Users/parth/Desktop/Engine/venv/lib/python3.11/site-packages/airflow/example_dags/subdags/subdag.py
[2025-07-17T08:05:57.932+0530] {processor.py:927} WARNING - No viable dags retrieved from /Users/parth/Desktop/Engine/venv/lib/python3.11/site-packages/airflow/example_dags/subdags/subdag.py
[2025-07-17T08:05:57.988+0530] {processor.py:208} INFO - Processing /Users/parth/Desktop/Engine/venv/lib/python3.11/site-packages/airflow/example_dags/subdags/subdag.py took 0.063 seconds
[2025-07-17T08:07:58.370+0530] {processor.py:186} INFO - Started process (PID=41901) to work on /Users/parth/Desktop/Engine/venv/lib/python3.11/site-packages/airflow/example_dags/subdags/subdag.py
[2025-07-17T08:07:58.371+0530] {processor.py:914} INFO - Processing file /Users/parth/Desktop/Engine/venv/lib/python3.11/site-packages/airflow/example_dags/subdags/subdag.py for tasks to queue
[2025-07-17T08:07:58.372+0530] {logging_mixin.py:190} INFO - [2025-07-17T08:07:58.372+0530] {dagbag.py:588} INFO - Filling up the DagBag from /Users/parth/Desktop/Engine/venv/lib/python3.11/site-packages/airflow/example_dags/subdags/subdag.py
[2025-07-17T08:07:58.373+0530] {processor.py:927} WARNING - No viable dags retrieved from /Users/parth/Desktop/Engine/venv/lib/python3.11/site-packages/airflow/example_dags/subdags/subdag.py
[2025-07-17T08:07:58.430+0530] {processor.py:208} INFO - Processing /Users/parth/Desktop/Engine/venv/lib/python3.11/site-packages/airflow/example_dags/subdags/subdag.py took 0.062 seconds
[2025-07-17T08:10:09.301+0530] {processor.py:186} INFO - Started process (PID=42812) to work on /Users/parth/Desktop/Engine/venv/lib/python3.11/site-packages/airflow/example_dags/subdags/subdag.py
[2025-07-17T08:10:09.301+0530] {processor.py:914} INFO - Processing file /Users/parth/Desktop/Engine/venv/lib/python3.11/site-packages/airflow/example_dags/subdags/subdag.py for tasks to queue
[2025-07-17T08:10:09.302+0530] {logging_mixin.py:190} INFO - [2025-07-17T08:10:09.302+0530] {dagbag.py:588} INFO - Filling up the DagBag from /Users/parth/Desktop/Engine/venv/lib/python3.11/site-packages/airflow/example_dags/subdags/subdag.py
[2025-07-17T08:10:09.303+0530] {processor.py:927} WARNING - No viable dags retrieved from /Users/parth/Desktop/Engine/venv/lib/python3.11/site-packages/airflow/example_dags/subdags/subdag.py
[2025-07-17T08:10:09.359+0530] {processor.py:208} INFO - Processing /Users/parth/Desktop/Engine/venv/lib/python3.11/site-packages/airflow/example_dags/subdags/subdag.py took 0.061 seconds
[2025-07-17T08:12:03.295+0530] {processor.py:186} INFO - Started process (PID=43562) to work on /Users/parth/Desktop/Engine/venv/lib/python3.11/site-packages/airflow/example_dags/subdags/subdag.py
[2025-07-17T08:12:03.296+0530] {processor.py:914} INFO - Processing file /Users/parth/Desktop/Engine/venv/lib/python3.11/site-packages/airflow/example_dags/subdags/subdag.py for tasks to queue
[2025-07-17T08:12:03.297+0530] {logging_mixin.py:190} INFO - [2025-07-17T08:12:03.297+0530] {dagbag.py:588} INFO - Filling up the DagBag from /Users/parth/Desktop/Engine/venv/lib/python3.11/site-packages/airflow/example_dags/subdags/subdag.py
[2025-07-17T08:12:03.298+0530] {processor.py:927} WARNING - No viable dags retrieved from /Users/parth/Desktop/Engine/venv/lib/python3.11/site-packages/airflow/example_dags/subdags/subdag.py
[2025-07-17T08:12:03.354+0530] {processor.py:208} INFO - Processing /Users/parth/Desktop/Engine/venv/lib/python3.11/site-packages/airflow/example_dags/subdags/subdag.py took 0.061 seconds
[2025-07-17T08:18:07.617+0530] {processor.py:186} INFO - Started process (PID=44260) to work on /Users/parth/Desktop/Engine/venv/lib/python3.11/site-packages/airflow/example_dags/subdags/subdag.py
[2025-07-17T08:18:07.618+0530] {processor.py:914} INFO - Processing file /Users/parth/Desktop/Engine/venv/lib/python3.11/site-packages/airflow/example_dags/subdags/subdag.py for tasks to queue
[2025-07-17T08:18:07.619+0530] {logging_mixin.py:190} INFO - [2025-07-17T08:18:07.618+0530] {dagbag.py:588} INFO - Filling up the DagBag from /Users/parth/Desktop/Engine/venv/lib/python3.11/site-packages/airflow/example_dags/subdags/subdag.py
[2025-07-17T08:18:07.620+0530] {processor.py:927} WARNING - No viable dags retrieved from /Users/parth/Desktop/Engine/venv/lib/python3.11/site-packages/airflow/example_dags/subdags/subdag.py
[2025-07-17T08:18:07.676+0530] {processor.py:208} INFO - Processing /Users/parth/Desktop/Engine/venv/lib/python3.11/site-packages/airflow/example_dags/subdags/subdag.py took 0.061 seconds
[2025-07-17T08:20:15.994+0530] {processor.py:186} INFO - Started process (PID=44992) to work on /Users/parth/Desktop/Engine/venv/lib/python3.11/site-packages/airflow/example_dags/subdags/subdag.py
[2025-07-17T08:20:15.995+0530] {processor.py:914} INFO - Processing file /Users/parth/Desktop/Engine/venv/lib/python3.11/site-packages/airflow/example_dags/subdags/subdag.py for tasks to queue
[2025-07-17T08:20:15.995+0530] {logging_mixin.py:190} INFO - [2025-07-17T08:20:15.995+0530] {dagbag.py:588} INFO - Filling up the DagBag from /Users/parth/Desktop/Engine/venv/lib/python3.11/site-packages/airflow/example_dags/subdags/subdag.py
[2025-07-17T08:20:15.997+0530] {processor.py:927} WARNING - No viable dags retrieved from /Users/parth/Desktop/Engine/venv/lib/python3.11/site-packages/airflow/example_dags/subdags/subdag.py
[2025-07-17T08:20:16.053+0530] {processor.py:208} INFO - Processing /Users/parth/Desktop/Engine/venv/lib/python3.11/site-packages/airflow/example_dags/subdags/subdag.py took 0.061 seconds
[2025-07-17T08:22:00.960+0530] {processor.py:186} INFO - Started process (PID=45666) to work on /Users/parth/Desktop/Engine/venv/lib/python3.11/site-packages/airflow/example_dags/subdags/subdag.py
[2025-07-17T08:22:00.961+0530] {processor.py:914} INFO - Processing file /Users/parth/Desktop/Engine/venv/lib/python3.11/site-packages/airflow/example_dags/subdags/subdag.py for tasks to queue
[2025-07-17T08:22:00.962+0530] {logging_mixin.py:190} INFO - [2025-07-17T08:22:00.961+0530] {dagbag.py:588} INFO - Filling up the DagBag from /Users/parth/Desktop/Engine/venv/lib/python3.11/site-packages/airflow/example_dags/subdags/subdag.py
[2025-07-17T08:22:00.963+0530] {processor.py:927} WARNING - No viable dags retrieved from /Users/parth/Desktop/Engine/venv/lib/python3.11/site-packages/airflow/example_dags/subdags/subdag.py
[2025-07-17T08:22:01.018+0530] {processor.py:208} INFO - Processing /Users/parth/Desktop/Engine/venv/lib/python3.11/site-packages/airflow/example_dags/subdags/subdag.py took 0.060 seconds
[2025-07-17T08:23:46.880+0530] {processor.py:186} INFO - Started process (PID=46367) to work on /Users/parth/Desktop/Engine/venv/lib/python3.11/site-packages/airflow/example_dags/subdags/subdag.py
[2025-07-17T08:23:46.881+0530] {processor.py:914} INFO - Processing file /Users/parth/Desktop/Engine/venv/lib/python3.11/site-packages/airflow/example_dags/subdags/subdag.py for tasks to queue
[2025-07-17T08:23:46.881+0530] {logging_mixin.py:190} INFO - [2025-07-17T08:23:46.881+0530] {dagbag.py:588} INFO - Filling up the DagBag from /Users/parth/Desktop/Engine/venv/lib/python3.11/site-packages/airflow/example_dags/subdags/subdag.py
[2025-07-17T08:23:46.883+0530] {processor.py:927} WARNING - No viable dags retrieved from /Users/parth/Desktop/Engine/venv/lib/python3.11/site-packages/airflow/example_dags/subdags/subdag.py
[2025-07-17T08:23:46.938+0530] {processor.py:208} INFO - Processing /Users/parth/Desktop/Engine/venv/lib/python3.11/site-packages/airflow/example_dags/subdags/subdag.py took 0.060 seconds
[2025-07-17T08:25:33.306+0530] {processor.py:186} INFO - Started process (PID=47088) to work on /Users/parth/Desktop/Engine/venv/lib/python3.11/site-packages/airflow/example_dags/subdags/subdag.py
[2025-07-17T08:25:33.307+0530] {processor.py:914} INFO - Processing file /Users/parth/Desktop/Engine/venv/lib/python3.11/site-packages/airflow/example_dags/subdags/subdag.py for tasks to queue
[2025-07-17T08:25:33.307+0530] {logging_mixin.py:190} INFO - [2025-07-17T08:25:33.307+0530] {dagbag.py:588} INFO - Filling up the DagBag from /Users/parth/Desktop/Engine/venv/lib/python3.11/site-packages/airflow/example_dags/subdags/subdag.py
[2025-07-17T08:25:33.309+0530] {processor.py:927} WARNING - No viable dags retrieved from /Users/parth/Desktop/Engine/venv/lib/python3.11/site-packages/airflow/example_dags/subdags/subdag.py
[2025-07-17T08:25:33.364+0530] {processor.py:208} INFO - Processing /Users/parth/Desktop/Engine/venv/lib/python3.11/site-packages/airflow/example_dags/subdags/subdag.py took 0.060 seconds
[2025-07-17T08:27:18.090+0530] {processor.py:186} INFO - Started process (PID=47800) to work on /Users/parth/Desktop/Engine/venv/lib/python3.11/site-packages/airflow/example_dags/subdags/subdag.py
[2025-07-17T08:27:18.091+0530] {processor.py:914} INFO - Processing file /Users/parth/Desktop/Engine/venv/lib/python3.11/site-packages/airflow/example_dags/subdags/subdag.py for tasks to queue
[2025-07-17T08:27:18.092+0530] {logging_mixin.py:190} INFO - [2025-07-17T08:27:18.091+0530] {dagbag.py:588} INFO - Filling up the DagBag from /Users/parth/Desktop/Engine/venv/lib/python3.11/site-packages/airflow/example_dags/subdags/subdag.py
[2025-07-17T08:27:18.093+0530] {processor.py:927} WARNING - No viable dags retrieved from /Users/parth/Desktop/Engine/venv/lib/python3.11/site-packages/airflow/example_dags/subdags/subdag.py
[2025-07-17T08:27:18.149+0530] {processor.py:208} INFO - Processing /Users/parth/Desktop/Engine/venv/lib/python3.11/site-packages/airflow/example_dags/subdags/subdag.py took 0.061 seconds
[2025-07-17T08:29:19.119+0530] {processor.py:186} INFO - Started process (PID=48689) to work on /Users/parth/Desktop/Engine/venv/lib/python3.11/site-packages/airflow/example_dags/subdags/subdag.py
[2025-07-17T08:29:19.119+0530] {processor.py:914} INFO - Processing file /Users/parth/Desktop/Engine/venv/lib/python3.11/site-packages/airflow/example_dags/subdags/subdag.py for tasks to queue
[2025-07-17T08:29:19.120+0530] {logging_mixin.py:190} INFO - [2025-07-17T08:29:19.120+0530] {dagbag.py:588} INFO - Filling up the DagBag from /Users/parth/Desktop/Engine/venv/lib/python3.11/site-packages/airflow/example_dags/subdags/subdag.py
[2025-07-17T08:29:19.121+0530] {processor.py:927} WARNING - No viable dags retrieved from /Users/parth/Desktop/Engine/venv/lib/python3.11/site-packages/airflow/example_dags/subdags/subdag.py
[2025-07-17T08:29:19.178+0530] {processor.py:208} INFO - Processing /Users/parth/Desktop/Engine/venv/lib/python3.11/site-packages/airflow/example_dags/subdags/subdag.py took 0.061 seconds
[2025-07-17T08:35:31.566+0530] {processor.py:186} INFO - Started process (PID=49463) to work on /Users/parth/Desktop/Engine/venv/lib/python3.11/site-packages/airflow/example_dags/subdags/subdag.py
[2025-07-17T08:35:31.567+0530] {processor.py:914} INFO - Processing file /Users/parth/Desktop/Engine/venv/lib/python3.11/site-packages/airflow/example_dags/subdags/subdag.py for tasks to queue
[2025-07-17T08:35:31.567+0530] {logging_mixin.py:190} INFO - [2025-07-17T08:35:31.567+0530] {dagbag.py:588} INFO - Filling up the DagBag from /Users/parth/Desktop/Engine/venv/lib/python3.11/site-packages/airflow/example_dags/subdags/subdag.py
[2025-07-17T08:35:31.569+0530] {processor.py:927} WARNING - No viable dags retrieved from /Users/parth/Desktop/Engine/venv/lib/python3.11/site-packages/airflow/example_dags/subdags/subdag.py
[2025-07-17T08:35:31.624+0530] {processor.py:208} INFO - Processing /Users/parth/Desktop/Engine/venv/lib/python3.11/site-packages/airflow/example_dags/subdags/subdag.py took 0.060 seconds
[2025-07-17T08:37:17.662+0530] {processor.py:186} INFO - Started process (PID=50150) to work on /Users/parth/Desktop/Engine/venv/lib/python3.11/site-packages/airflow/example_dags/subdags/subdag.py
[2025-07-17T08:37:17.663+0530] {processor.py:914} INFO - Processing file /Users/parth/Desktop/Engine/venv/lib/python3.11/site-packages/airflow/example_dags/subdags/subdag.py for tasks to queue
[2025-07-17T08:37:17.663+0530] {logging_mixin.py:190} INFO - [2025-07-17T08:37:17.663+0530] {dagbag.py:588} INFO - Filling up the DagBag from /Users/parth/Desktop/Engine/venv/lib/python3.11/site-packages/airflow/example_dags/subdags/subdag.py
[2025-07-17T08:37:17.665+0530] {processor.py:927} WARNING - No viable dags retrieved from /Users/parth/Desktop/Engine/venv/lib/python3.11/site-packages/airflow/example_dags/subdags/subdag.py
[2025-07-17T08:37:17.722+0530] {processor.py:208} INFO - Processing /Users/parth/Desktop/Engine/venv/lib/python3.11/site-packages/airflow/example_dags/subdags/subdag.py took 0.062 seconds
[2025-07-17T08:39:00.955+0530] {processor.py:186} INFO - Started process (PID=50816) to work on /Users/parth/Desktop/Engine/venv/lib/python3.11/site-packages/airflow/example_dags/subdags/subdag.py
[2025-07-17T08:39:00.956+0530] {processor.py:914} INFO - Processing file /Users/parth/Desktop/Engine/venv/lib/python3.11/site-packages/airflow/example_dags/subdags/subdag.py for tasks to queue
[2025-07-17T08:39:00.956+0530] {logging_mixin.py:190} INFO - [2025-07-17T08:39:00.956+0530] {dagbag.py:588} INFO - Filling up the DagBag from /Users/parth/Desktop/Engine/venv/lib/python3.11/site-packages/airflow/example_dags/subdags/subdag.py
[2025-07-17T08:39:00.958+0530] {processor.py:927} WARNING - No viable dags retrieved from /Users/parth/Desktop/Engine/venv/lib/python3.11/site-packages/airflow/example_dags/subdags/subdag.py
[2025-07-17T08:39:01.014+0530] {processor.py:208} INFO - Processing /Users/parth/Desktop/Engine/venv/lib/python3.11/site-packages/airflow/example_dags/subdags/subdag.py took 0.061 seconds
[2025-07-17T08:40:48.256+0530] {processor.py:186} INFO - Started process (PID=51517) to work on /Users/parth/Desktop/Engine/venv/lib/python3.11/site-packages/airflow/example_dags/subdags/subdag.py
[2025-07-17T08:40:48.256+0530] {processor.py:914} INFO - Processing file /Users/parth/Desktop/Engine/venv/lib/python3.11/site-packages/airflow/example_dags/subdags/subdag.py for tasks to queue
[2025-07-17T08:40:48.257+0530] {logging_mixin.py:190} INFO - [2025-07-17T08:40:48.257+0530] {dagbag.py:588} INFO - Filling up the DagBag from /Users/parth/Desktop/Engine/venv/lib/python3.11/site-packages/airflow/example_dags/subdags/subdag.py
[2025-07-17T08:40:48.258+0530] {processor.py:927} WARNING - No viable dags retrieved from /Users/parth/Desktop/Engine/venv/lib/python3.11/site-packages/airflow/example_dags/subdags/subdag.py
[2025-07-17T08:40:48.314+0530] {processor.py:208} INFO - Processing /Users/parth/Desktop/Engine/venv/lib/python3.11/site-packages/airflow/example_dags/subdags/subdag.py took 0.061 seconds
