[2025-07-23T15:15:59.758+0000] {local_task_job_runner.py:123} INFO - ::group::Pre task execution logs
[2025-07-23T15:15:59.805+0000] {taskinstance.py:2631} INFO - Dependencies all met for dep_context=non-requeueable deps ti=<TaskInstance: startup_health_score_full_pipeline.extract_raw_text_from_document streamlit_trigger_sample_document.txt_20250723151555 [queued]>
[2025-07-23T15:15:59.819+0000] {taskinstance.py:2631} INFO - Dependencies all met for dep_context=requeueable deps ti=<TaskInstance: startup_health_score_full_pipeline.extract_raw_text_from_document streamlit_trigger_sample_document.txt_20250723151555 [queued]>
[2025-07-23T15:15:59.820+0000] {taskinstance.py:2884} INFO - Starting attempt 1 of 2
[2025-07-23T15:15:59.834+0000] {taskinstance.py:2907} INFO - Executing <Task(PythonOperator): extract_raw_text_from_document> on 2025-07-23 15:15:55.802017+00:00
[2025-07-23T15:15:59.841+0000] {warnings.py:112} WARNING - /home/***/.local/lib/python3.12/site-packages/***/task/task_runner/standard_task_runner.py:70: DeprecationWarning: This process (pid=73) is multi-threaded, use of fork() may lead to deadlocks in the child.
  pid = os.fork()

[2025-07-23T15:15:59.845+0000] {standard_task_runner.py:72} INFO - Started process 75 to run task
[2025-07-23T15:15:59.849+0000] {standard_task_runner.py:104} INFO - Running: ['***', 'tasks', 'run', 'startup_health_score_full_pipeline', 'extract_raw_text_from_document', 'streamlit_trigger_sample_document.txt_20250723151555', '--job-id', '7', '--raw', '--subdir', 'DAGS_FOLDER/startup_health_score_dag.py', '--cfg-path', '/tmp/tmpjm4ff63e']
[2025-07-23T15:15:59.854+0000] {standard_task_runner.py:105} INFO - Job 7: Subtask extract_raw_text_from_document
[2025-07-23T15:15:59.960+0000] {task_command.py:467} INFO - Running <TaskInstance: startup_health_score_full_pipeline.extract_raw_text_from_document streamlit_trigger_sample_document.txt_20250723151555 [running]> on host 300416b57e37
[2025-07-23T15:16:00.195+0000] {taskinstance.py:3157} INFO - Exporting env vars: AIRFLOW_CTX_DAG_OWNER='***' AIRFLOW_CTX_DAG_ID='startup_health_score_full_pipeline' AIRFLOW_CTX_TASK_ID='extract_raw_text_from_document' AIRFLOW_CTX_EXECUTION_DATE='2025-07-23T15:15:55.802017+00:00' AIRFLOW_CTX_TRY_NUMBER='1' AIRFLOW_CTX_DAG_RUN_ID='streamlit_trigger_sample_document.txt_20250723151555'
[2025-07-23T15:16:00.197+0000] {taskinstance.py:740} INFO - ::endgroup::
[2025-07-23T15:16:00.233+0000] {log.py:232} WARNING - 2025-07-23 15:16:00,232 - startup_health_score - INFO - Extracting raw text from /opt/***/uploads/sample_document.txt...
[2025-07-23T15:16:00.232+0000] {startup_health_score_dag.py:90} INFO - Extracting raw text from /opt/***/uploads/sample_document.txt...
[2025-07-23T15:16:00.283+0000] {log.py:232} WARNING - 2025-07-23 15:16:00,282 - startup_health_score - INFO - Tesseract OCR engine found (version: 5.3.0).
[2025-07-23T15:16:00.282+0000] {kpi_extractor.py:41} INFO - Tesseract OCR engine found (version: 5.3.0).
[2025-07-23T15:16:00.285+0000] {log.py:232} WARNING - 2025-07-23 15:16:00,284 - startup_health_score - INFO - KPIExtractor initialized.
[2025-07-23T15:16:00.284+0000] {kpi_extractor.py:45} INFO - KPIExtractor initialized.
[2025-07-23T15:16:00.285+0000] {log.py:232} WARNING - 2025-07-23 15:16:00,285 - startup_health_score - INFO - Attempting to extract raw text from: /opt/***/uploads/sample_document.txt (Type: .txt)
[2025-07-23T15:16:00.285+0000] {kpi_extractor.py:96} INFO - Attempting to extract raw text from: /opt/***/uploads/sample_document.txt (Type: .txt)
[2025-07-23T15:16:00.286+0000] {log.py:232} WARNING - 2025-07-23 15:16:00,286 - startup_health_score - INFO - Successfully read text from file: /opt/***/uploads/sample_document.txt
[2025-07-23T15:16:00.286+0000] {kpi_extractor.py:102} INFO - Successfully read text from file: /opt/***/uploads/sample_document.txt
[2025-07-23T15:16:00.287+0000] {log.py:232} WARNING - 2025-07-23 15:16:00,287 - startup_health_score - INFO - Successfully extracted raw text from /opt/***/uploads/sample_document.txt.
[2025-07-23T15:16:00.287+0000] {kpi_extractor.py:121} INFO - Successfully extracted raw text from /opt/***/uploads/sample_document.txt.
[2025-07-23T15:16:00.289+0000] {log.py:232} WARNING - 2025-07-23 15:16:00,289 - startup_health_score - INFO - Extracted raw text saved to /opt/***/processed_data/sample_document_txt_extracted_text.txt
[2025-07-23T15:16:00.289+0000] {startup_health_score_dag.py:101} INFO - Extracted raw text saved to /opt/***/processed_data/sample_document_txt_extracted_text.txt
[2025-07-23T15:16:00.302+0000] {python.py:240} INFO - Done. Returned value was: None
[2025-07-23T15:16:00.316+0000] {taskinstance.py:349} INFO - ::group::Post task execution logs
[2025-07-23T15:16:00.316+0000] {taskinstance.py:361} INFO - Marking task as SUCCESS. dag_id=startup_health_score_full_pipeline, task_id=extract_raw_text_from_document, run_id=streamlit_trigger_sample_document.txt_20250723151555, execution_date=20250723T151555, start_date=20250723T151559, end_date=20250723T151600
[2025-07-23T15:16:00.361+0000] {local_task_job_runner.py:266} INFO - Task exited with return code 0
[2025-07-23T15:16:00.384+0000] {taskinstance.py:3924} INFO - 1 downstream tasks scheduled from follow-on schedule check
[2025-07-23T15:16:00.385+0000] {local_task_job_runner.py:245} INFO - ::endgroup::
