[2025-07-16T21:04:37.510+0530] {processor.py:186} INFO - Started process (PID=85060) to work on /Users/parth/Desktop/Engine/airflow_data/dags/startup_health_score_dag.py
[2025-07-16T21:04:37.511+0530] {processor.py:914} INFO - Processing file /Users/parth/Desktop/Engine/airflow_data/dags/startup_health_score_dag.py for tasks to queue
[2025-07-16T21:04:37.511+0530] {logging_mixin.py:190} INFO - [2025-07-16T21:04:37.511+0530] {dagbag.py:588} INFO - Filling up the DagBag from /Users/parth/Desktop/Engine/airflow_data/dags/startup_health_score_dag.py
[2025-07-16T21:04:39.243+0530] {processor.py:925} INFO - DAG(s) 'startup_health_score_full_pipeline' retrieved from /Users/parth/Desktop/Engine/airflow_data/dags/startup_health_score_dag.py
[2025-07-16T21:04:39.408+0530] {logging_mixin.py:190} INFO - [2025-07-16T21:04:39.408+0530] {override.py:1930} INFO - Created Permission View: can delete on DAG:startup_health_score_full_pipeline
[2025-07-16T21:04:39.412+0530] {logging_mixin.py:190} INFO - [2025-07-16T21:04:39.412+0530] {override.py:1930} INFO - Created Permission View: can edit on DAG:startup_health_score_full_pipeline
[2025-07-16T21:04:39.414+0530] {logging_mixin.py:190} INFO - [2025-07-16T21:04:39.414+0530] {override.py:1930} INFO - Created Permission View: can read on DAG:startup_health_score_full_pipeline
[2025-07-16T21:04:39.417+0530] {logging_mixin.py:190} INFO - [2025-07-16T21:04:39.417+0530] {override.py:1930} INFO - Created Permission View: can delete on DAG Run:startup_health_score_full_pipeline
[2025-07-16T21:04:39.419+0530] {logging_mixin.py:190} INFO - [2025-07-16T21:04:39.419+0530] {override.py:1930} INFO - Created Permission View: menu access on DAG Run:startup_health_score_full_pipeline
[2025-07-16T21:04:39.421+0530] {logging_mixin.py:190} INFO - [2025-07-16T21:04:39.421+0530] {override.py:1930} INFO - Created Permission View: can read on DAG Run:startup_health_score_full_pipeline
[2025-07-16T21:04:39.423+0530] {logging_mixin.py:190} INFO - [2025-07-16T21:04:39.423+0530] {override.py:1930} INFO - Created Permission View: can create on DAG Run:startup_health_score_full_pipeline
[2025-07-16T21:04:39.423+0530] {logging_mixin.py:190} INFO - [2025-07-16T21:04:39.423+0530] {dag.py:3239} INFO - Sync 1 DAGs
[2025-07-16T21:04:39.429+0530] {logging_mixin.py:190} INFO - [2025-07-16T21:04:39.428+0530] {dag.py:3262} INFO - Creating ORM DAG for startup_health_score_full_pipeline
[2025-07-16T21:04:39.429+0530] {logging_mixin.py:190} INFO - [2025-07-16T21:04:39.429+0530] {dag.py:4180} INFO - Setting next_dagrun for startup_health_score_full_pipeline to None, run_after=None
[2025-07-16T21:04:39.435+0530] {processor.py:208} INFO - Processing /Users/parth/Desktop/Engine/airflow_data/dags/startup_health_score_dag.py took 1.927 seconds
[2025-07-17T00:01:55.633+0530] {processor.py:186} INFO - Started process (PID=3560) to work on /Users/parth/Desktop/Engine/airflow_data/dags/startup_health_score_dag.py
[2025-07-17T00:01:55.634+0530] {processor.py:914} INFO - Processing file /Users/parth/Desktop/Engine/airflow_data/dags/startup_health_score_dag.py for tasks to queue
[2025-07-17T00:01:55.635+0530] {logging_mixin.py:190} INFO - [2025-07-17T00:01:55.634+0530] {dagbag.py:588} INFO - Filling up the DagBag from /Users/parth/Desktop/Engine/airflow_data/dags/startup_health_score_dag.py
[2025-07-17T00:01:58.127+0530] {processor.py:925} INFO - DAG(s) 'startup_health_score_full_pipeline' retrieved from /Users/parth/Desktop/Engine/airflow_data/dags/startup_health_score_dag.py
[2025-07-17T00:01:58.278+0530] {logging_mixin.py:190} INFO - [2025-07-17T00:01:58.277+0530] {dag.py:3239} INFO - Sync 1 DAGs
[2025-07-17T00:01:58.284+0530] {logging_mixin.py:190} INFO - [2025-07-17T00:01:58.284+0530] {dag.py:4180} INFO - Setting next_dagrun for startup_health_score_full_pipeline to None, run_after=None
[2025-07-17T00:01:58.295+0530] {processor.py:208} INFO - Processing /Users/parth/Desktop/Engine/airflow_data/dags/startup_health_score_dag.py took 2.665 seconds
[2025-07-17T00:10:56.502+0530] {processor.py:186} INFO - Started process (PID=6929) to work on /Users/parth/Desktop/Engine/airflow_data/dags/startup_health_score_dag.py
[2025-07-17T00:10:56.503+0530] {processor.py:914} INFO - Processing file /Users/parth/Desktop/Engine/airflow_data/dags/startup_health_score_dag.py for tasks to queue
[2025-07-17T00:10:56.503+0530] {logging_mixin.py:190} INFO - [2025-07-17T00:10:56.503+0530] {dagbag.py:588} INFO - Filling up the DagBag from /Users/parth/Desktop/Engine/airflow_data/dags/startup_health_score_dag.py
[2025-07-17T00:10:59.115+0530] {processor.py:925} INFO - DAG(s) 'startup_health_score_full_pipeline' retrieved from /Users/parth/Desktop/Engine/airflow_data/dags/startup_health_score_dag.py
[2025-07-17T00:10:59.270+0530] {logging_mixin.py:190} INFO - [2025-07-17T00:10:59.270+0530] {dag.py:3239} INFO - Sync 1 DAGs
[2025-07-17T00:10:59.278+0530] {logging_mixin.py:190} INFO - [2025-07-17T00:10:59.278+0530] {dag.py:4180} INFO - Setting next_dagrun for startup_health_score_full_pipeline to None, run_after=None
[2025-07-17T00:10:59.288+0530] {processor.py:208} INFO - Processing /Users/parth/Desktop/Engine/airflow_data/dags/startup_health_score_dag.py took 2.790 seconds
[2025-07-17T00:13:35.111+0530] {processor.py:186} INFO - Started process (PID=8512) to work on /Users/parth/Desktop/Engine/airflow_data/dags/startup_health_score_dag.py
[2025-07-17T00:13:35.112+0530] {processor.py:914} INFO - Processing file /Users/parth/Desktop/Engine/airflow_data/dags/startup_health_score_dag.py for tasks to queue
[2025-07-17T00:13:35.113+0530] {logging_mixin.py:190} INFO - [2025-07-17T00:13:35.113+0530] {dagbag.py:588} INFO - Filling up the DagBag from /Users/parth/Desktop/Engine/airflow_data/dags/startup_health_score_dag.py
[2025-07-17T00:13:38.130+0530] {processor.py:925} INFO - DAG(s) 'startup_health_score_full_pipeline' retrieved from /Users/parth/Desktop/Engine/airflow_data/dags/startup_health_score_dag.py
[2025-07-17T00:13:38.321+0530] {logging_mixin.py:190} INFO - [2025-07-17T00:13:38.320+0530] {dag.py:3239} INFO - Sync 1 DAGs
[2025-07-17T00:13:38.331+0530] {logging_mixin.py:190} INFO - [2025-07-17T00:13:38.330+0530] {dag.py:4180} INFO - Setting next_dagrun for startup_health_score_full_pipeline to None, run_after=None
[2025-07-17T00:13:38.348+0530] {processor.py:208} INFO - Processing /Users/parth/Desktop/Engine/airflow_data/dags/startup_health_score_dag.py took 3.239 seconds
[2025-07-17T00:15:45.013+0530] {processor.py:186} INFO - Started process (PID=9368) to work on /Users/parth/Desktop/Engine/airflow_data/dags/startup_health_score_dag.py
[2025-07-17T00:15:45.016+0530] {processor.py:914} INFO - Processing file /Users/parth/Desktop/Engine/airflow_data/dags/startup_health_score_dag.py for tasks to queue
[2025-07-17T00:15:45.018+0530] {logging_mixin.py:190} INFO - [2025-07-17T00:15:45.018+0530] {dagbag.py:588} INFO - Filling up the DagBag from /Users/parth/Desktop/Engine/airflow_data/dags/startup_health_score_dag.py
[2025-07-17T00:15:47.909+0530] {processor.py:925} INFO - DAG(s) 'startup_health_score_full_pipeline' retrieved from /Users/parth/Desktop/Engine/airflow_data/dags/startup_health_score_dag.py
[2025-07-17T00:15:48.067+0530] {logging_mixin.py:190} INFO - [2025-07-17T00:15:48.067+0530] {dag.py:3239} INFO - Sync 1 DAGs
[2025-07-17T00:15:48.074+0530] {logging_mixin.py:190} INFO - [2025-07-17T00:15:48.073+0530] {dag.py:4180} INFO - Setting next_dagrun for startup_health_score_full_pipeline to None, run_after=None
[2025-07-17T00:15:48.085+0530] {processor.py:208} INFO - Processing /Users/parth/Desktop/Engine/airflow_data/dags/startup_health_score_dag.py took 3.081 seconds
[2025-07-17T00:17:53.499+0530] {processor.py:186} INFO - Started process (PID=10226) to work on /Users/parth/Desktop/Engine/airflow_data/dags/startup_health_score_dag.py
[2025-07-17T00:17:53.500+0530] {processor.py:914} INFO - Processing file /Users/parth/Desktop/Engine/airflow_data/dags/startup_health_score_dag.py for tasks to queue
[2025-07-17T00:17:53.500+0530] {logging_mixin.py:190} INFO - [2025-07-17T00:17:53.500+0530] {dagbag.py:588} INFO - Filling up the DagBag from /Users/parth/Desktop/Engine/airflow_data/dags/startup_health_score_dag.py
[2025-07-17T00:17:55.826+0530] {processor.py:925} INFO - DAG(s) 'startup_health_score_full_pipeline' retrieved from /Users/parth/Desktop/Engine/airflow_data/dags/startup_health_score_dag.py
[2025-07-17T00:17:55.992+0530] {logging_mixin.py:190} INFO - [2025-07-17T00:17:55.991+0530] {dag.py:3239} INFO - Sync 1 DAGs
[2025-07-17T00:17:55.999+0530] {logging_mixin.py:190} INFO - [2025-07-17T00:17:55.999+0530] {dag.py:4180} INFO - Setting next_dagrun for startup_health_score_full_pipeline to None, run_after=None
[2025-07-17T00:17:56.011+0530] {processor.py:208} INFO - Processing /Users/parth/Desktop/Engine/airflow_data/dags/startup_health_score_dag.py took 2.515 seconds
[2025-07-17T00:20:52.739+0530] {processor.py:186} INFO - Started process (PID=11448) to work on /Users/parth/Desktop/Engine/airflow_data/dags/startup_health_score_dag.py
[2025-07-17T00:20:52.740+0530] {processor.py:914} INFO - Processing file /Users/parth/Desktop/Engine/airflow_data/dags/startup_health_score_dag.py for tasks to queue
[2025-07-17T00:20:52.741+0530] {logging_mixin.py:190} INFO - [2025-07-17T00:20:52.740+0530] {dagbag.py:588} INFO - Filling up the DagBag from /Users/parth/Desktop/Engine/airflow_data/dags/startup_health_score_dag.py
[2025-07-17T00:20:55.759+0530] {processor.py:925} INFO - DAG(s) 'startup_health_score_full_pipeline' retrieved from /Users/parth/Desktop/Engine/airflow_data/dags/startup_health_score_dag.py
[2025-07-17T00:20:55.911+0530] {logging_mixin.py:190} INFO - [2025-07-17T00:20:55.911+0530] {dag.py:3239} INFO - Sync 1 DAGs
[2025-07-17T00:20:55.918+0530] {logging_mixin.py:190} INFO - [2025-07-17T00:20:55.918+0530] {dag.py:4180} INFO - Setting next_dagrun for startup_health_score_full_pipeline to None, run_after=None
[2025-07-17T00:20:55.930+0530] {processor.py:208} INFO - Processing /Users/parth/Desktop/Engine/airflow_data/dags/startup_health_score_dag.py took 3.194 seconds
[2025-07-17T00:23:14.343+0530] {processor.py:186} INFO - Started process (PID=12499) to work on /Users/parth/Desktop/Engine/airflow_data/dags/startup_health_score_dag.py
[2025-07-17T00:23:14.344+0530] {processor.py:914} INFO - Processing file /Users/parth/Desktop/Engine/airflow_data/dags/startup_health_score_dag.py for tasks to queue
[2025-07-17T00:23:14.345+0530] {logging_mixin.py:190} INFO - [2025-07-17T00:23:14.345+0530] {dagbag.py:588} INFO - Filling up the DagBag from /Users/parth/Desktop/Engine/airflow_data/dags/startup_health_score_dag.py
[2025-07-17T00:23:16.907+0530] {processor.py:925} INFO - DAG(s) 'startup_health_score_full_pipeline' retrieved from /Users/parth/Desktop/Engine/airflow_data/dags/startup_health_score_dag.py
[2025-07-17T00:23:17.053+0530] {logging_mixin.py:190} INFO - [2025-07-17T00:23:17.052+0530] {dag.py:3239} INFO - Sync 1 DAGs
[2025-07-17T00:23:17.059+0530] {logging_mixin.py:190} INFO - [2025-07-17T00:23:17.059+0530] {dag.py:4180} INFO - Setting next_dagrun for startup_health_score_full_pipeline to None, run_after=None
[2025-07-17T00:23:17.071+0530] {processor.py:208} INFO - Processing /Users/parth/Desktop/Engine/airflow_data/dags/startup_health_score_dag.py took 2.731 seconds
[2025-07-17T00:25:12.770+0530] {processor.py:186} INFO - Started process (PID=13314) to work on /Users/parth/Desktop/Engine/airflow_data/dags/startup_health_score_dag.py
[2025-07-17T00:25:12.772+0530] {processor.py:914} INFO - Processing file /Users/parth/Desktop/Engine/airflow_data/dags/startup_health_score_dag.py for tasks to queue
[2025-07-17T00:25:12.773+0530] {logging_mixin.py:190} INFO - [2025-07-17T00:25:12.773+0530] {dagbag.py:588} INFO - Filling up the DagBag from /Users/parth/Desktop/Engine/airflow_data/dags/startup_health_score_dag.py
[2025-07-17T00:25:15.404+0530] {processor.py:925} INFO - DAG(s) 'startup_health_score_full_pipeline' retrieved from /Users/parth/Desktop/Engine/airflow_data/dags/startup_health_score_dag.py
[2025-07-17T00:25:15.549+0530] {logging_mixin.py:190} INFO - [2025-07-17T00:25:15.549+0530] {dag.py:3239} INFO - Sync 1 DAGs
[2025-07-17T00:25:15.556+0530] {logging_mixin.py:190} INFO - [2025-07-17T00:25:15.556+0530] {dag.py:4180} INFO - Setting next_dagrun for startup_health_score_full_pipeline to None, run_after=None
[2025-07-17T00:25:15.567+0530] {processor.py:208} INFO - Processing /Users/parth/Desktop/Engine/airflow_data/dags/startup_health_score_dag.py took 2.799 seconds
[2025-07-17T00:27:11.846+0530] {processor.py:186} INFO - Started process (PID=14128) to work on /Users/parth/Desktop/Engine/airflow_data/dags/startup_health_score_dag.py
[2025-07-17T00:27:11.847+0530] {processor.py:914} INFO - Processing file /Users/parth/Desktop/Engine/airflow_data/dags/startup_health_score_dag.py for tasks to queue
[2025-07-17T00:27:11.847+0530] {logging_mixin.py:190} INFO - [2025-07-17T00:27:11.847+0530] {dagbag.py:588} INFO - Filling up the DagBag from /Users/parth/Desktop/Engine/airflow_data/dags/startup_health_score_dag.py
[2025-07-17T00:27:14.505+0530] {processor.py:925} INFO - DAG(s) 'startup_health_score_full_pipeline' retrieved from /Users/parth/Desktop/Engine/airflow_data/dags/startup_health_score_dag.py
[2025-07-17T00:27:14.660+0530] {logging_mixin.py:190} INFO - [2025-07-17T00:27:14.660+0530] {dag.py:3239} INFO - Sync 1 DAGs
[2025-07-17T00:27:14.668+0530] {logging_mixin.py:190} INFO - [2025-07-17T00:27:14.668+0530] {dag.py:4180} INFO - Setting next_dagrun for startup_health_score_full_pipeline to None, run_after=None
[2025-07-17T00:27:14.681+0530] {processor.py:208} INFO - Processing /Users/parth/Desktop/Engine/airflow_data/dags/startup_health_score_dag.py took 2.837 seconds
[2025-07-17T00:29:14.480+0530] {processor.py:186} INFO - Started process (PID=14913) to work on /Users/parth/Desktop/Engine/airflow_data/dags/startup_health_score_dag.py
[2025-07-17T00:29:14.481+0530] {processor.py:914} INFO - Processing file /Users/parth/Desktop/Engine/airflow_data/dags/startup_health_score_dag.py for tasks to queue
[2025-07-17T00:29:14.482+0530] {logging_mixin.py:190} INFO - [2025-07-17T00:29:14.482+0530] {dagbag.py:588} INFO - Filling up the DagBag from /Users/parth/Desktop/Engine/airflow_data/dags/startup_health_score_dag.py
[2025-07-17T00:29:17.096+0530] {processor.py:925} INFO - DAG(s) 'startup_health_score_full_pipeline' retrieved from /Users/parth/Desktop/Engine/airflow_data/dags/startup_health_score_dag.py
[2025-07-17T00:29:17.240+0530] {logging_mixin.py:190} INFO - [2025-07-17T00:29:17.240+0530] {dag.py:3239} INFO - Sync 1 DAGs
[2025-07-17T00:29:17.246+0530] {logging_mixin.py:190} INFO - [2025-07-17T00:29:17.246+0530] {dag.py:4180} INFO - Setting next_dagrun for startup_health_score_full_pipeline to None, run_after=None
[2025-07-17T00:29:17.257+0530] {processor.py:208} INFO - Processing /Users/parth/Desktop/Engine/airflow_data/dags/startup_health_score_dag.py took 2.780 seconds
[2025-07-17T00:31:12.291+0530] {processor.py:186} INFO - Started process (PID=15708) to work on /Users/parth/Desktop/Engine/airflow_data/dags/startup_health_score_dag.py
[2025-07-17T00:31:12.292+0530] {processor.py:914} INFO - Processing file /Users/parth/Desktop/Engine/airflow_data/dags/startup_health_score_dag.py for tasks to queue
[2025-07-17T00:31:12.293+0530] {logging_mixin.py:190} INFO - [2025-07-17T00:31:12.293+0530] {dagbag.py:588} INFO - Filling up the DagBag from /Users/parth/Desktop/Engine/airflow_data/dags/startup_health_score_dag.py
[2025-07-17T00:31:14.954+0530] {processor.py:925} INFO - DAG(s) 'startup_health_score_full_pipeline' retrieved from /Users/parth/Desktop/Engine/airflow_data/dags/startup_health_score_dag.py
[2025-07-17T00:31:15.099+0530] {logging_mixin.py:190} INFO - [2025-07-17T00:31:15.098+0530] {dag.py:3239} INFO - Sync 1 DAGs
[2025-07-17T00:31:15.105+0530] {logging_mixin.py:190} INFO - [2025-07-17T00:31:15.105+0530] {dag.py:4180} INFO - Setting next_dagrun for startup_health_score_full_pipeline to None, run_after=None
[2025-07-17T00:31:15.117+0530] {processor.py:208} INFO - Processing /Users/parth/Desktop/Engine/airflow_data/dags/startup_health_score_dag.py took 2.828 seconds
[2025-07-17T00:32:58.528+0530] {processor.py:186} INFO - Started process (PID=16397) to work on /Users/parth/Desktop/Engine/airflow_data/dags/startup_health_score_dag.py
[2025-07-17T00:32:58.529+0530] {processor.py:914} INFO - Processing file /Users/parth/Desktop/Engine/airflow_data/dags/startup_health_score_dag.py for tasks to queue
[2025-07-17T00:32:58.530+0530] {logging_mixin.py:190} INFO - [2025-07-17T00:32:58.530+0530] {dagbag.py:588} INFO - Filling up the DagBag from /Users/parth/Desktop/Engine/airflow_data/dags/startup_health_score_dag.py
[2025-07-17T00:33:01.255+0530] {processor.py:925} INFO - DAG(s) 'startup_health_score_full_pipeline' retrieved from /Users/parth/Desktop/Engine/airflow_data/dags/startup_health_score_dag.py
[2025-07-17T00:33:01.408+0530] {logging_mixin.py:190} INFO - [2025-07-17T00:33:01.407+0530] {dag.py:3239} INFO - Sync 1 DAGs
[2025-07-17T00:33:01.414+0530] {logging_mixin.py:190} INFO - [2025-07-17T00:33:01.414+0530] {dag.py:4180} INFO - Setting next_dagrun for startup_health_score_full_pipeline to None, run_after=None
[2025-07-17T00:33:01.425+0530] {processor.py:208} INFO - Processing /Users/parth/Desktop/Engine/airflow_data/dags/startup_health_score_dag.py took 2.900 seconds
[2025-07-17T00:35:01.712+0530] {processor.py:186} INFO - Started process (PID=17193) to work on /Users/parth/Desktop/Engine/airflow_data/dags/startup_health_score_dag.py
[2025-07-17T00:35:01.714+0530] {processor.py:914} INFO - Processing file /Users/parth/Desktop/Engine/airflow_data/dags/startup_health_score_dag.py for tasks to queue
[2025-07-17T00:35:01.714+0530] {logging_mixin.py:190} INFO - [2025-07-17T00:35:01.714+0530] {dagbag.py:588} INFO - Filling up the DagBag from /Users/parth/Desktop/Engine/airflow_data/dags/startup_health_score_dag.py
[2025-07-17T00:35:04.456+0530] {processor.py:925} INFO - DAG(s) 'startup_health_score_full_pipeline' retrieved from /Users/parth/Desktop/Engine/airflow_data/dags/startup_health_score_dag.py
[2025-07-17T00:35:04.606+0530] {logging_mixin.py:190} INFO - [2025-07-17T00:35:04.605+0530] {dag.py:3239} INFO - Sync 1 DAGs
[2025-07-17T00:35:04.612+0530] {logging_mixin.py:190} INFO - [2025-07-17T00:35:04.612+0530] {dag.py:4180} INFO - Setting next_dagrun for startup_health_score_full_pipeline to None, run_after=None
[2025-07-17T00:35:04.623+0530] {processor.py:208} INFO - Processing /Users/parth/Desktop/Engine/airflow_data/dags/startup_health_score_dag.py took 2.914 seconds
[2025-07-17T00:37:02.299+0530] {processor.py:186} INFO - Started process (PID=17970) to work on /Users/parth/Desktop/Engine/airflow_data/dags/startup_health_score_dag.py
[2025-07-17T00:37:02.300+0530] {processor.py:914} INFO - Processing file /Users/parth/Desktop/Engine/airflow_data/dags/startup_health_score_dag.py for tasks to queue
[2025-07-17T00:37:02.301+0530] {logging_mixin.py:190} INFO - [2025-07-17T00:37:02.301+0530] {dagbag.py:588} INFO - Filling up the DagBag from /Users/parth/Desktop/Engine/airflow_data/dags/startup_health_score_dag.py
[2025-07-17T00:37:05.009+0530] {processor.py:925} INFO - DAG(s) 'startup_health_score_full_pipeline' retrieved from /Users/parth/Desktop/Engine/airflow_data/dags/startup_health_score_dag.py
[2025-07-17T00:37:05.435+0530] {logging_mixin.py:190} INFO - [2025-07-17T00:37:05.435+0530] {dag.py:3239} INFO - Sync 1 DAGs
[2025-07-17T00:37:05.452+0530] {logging_mixin.py:190} INFO - [2025-07-17T00:37:05.452+0530] {dag.py:4180} INFO - Setting next_dagrun for startup_health_score_full_pipeline to None, run_after=None
[2025-07-17T00:37:05.478+0530] {processor.py:208} INFO - Processing /Users/parth/Desktop/Engine/airflow_data/dags/startup_health_score_dag.py took 3.182 seconds
[2025-07-17T00:39:10.267+0530] {processor.py:186} INFO - Started process (PID=18805) to work on /Users/parth/Desktop/Engine/airflow_data/dags/startup_health_score_dag.py
[2025-07-17T00:39:10.268+0530] {processor.py:914} INFO - Processing file /Users/parth/Desktop/Engine/airflow_data/dags/startup_health_score_dag.py for tasks to queue
[2025-07-17T00:39:10.269+0530] {logging_mixin.py:190} INFO - [2025-07-17T00:39:10.269+0530] {dagbag.py:588} INFO - Filling up the DagBag from /Users/parth/Desktop/Engine/airflow_data/dags/startup_health_score_dag.py
[2025-07-17T00:39:13.236+0530] {processor.py:925} INFO - DAG(s) 'startup_health_score_full_pipeline' retrieved from /Users/parth/Desktop/Engine/airflow_data/dags/startup_health_score_dag.py
[2025-07-17T00:39:13.399+0530] {logging_mixin.py:190} INFO - [2025-07-17T00:39:13.399+0530] {dag.py:3239} INFO - Sync 1 DAGs
[2025-07-17T00:39:13.405+0530] {logging_mixin.py:190} INFO - [2025-07-17T00:39:13.405+0530] {dag.py:4180} INFO - Setting next_dagrun for startup_health_score_full_pipeline to None, run_after=None
[2025-07-17T00:39:13.417+0530] {processor.py:208} INFO - Processing /Users/parth/Desktop/Engine/airflow_data/dags/startup_health_score_dag.py took 3.153 seconds
[2025-07-17T00:41:27.253+0530] {processor.py:186} INFO - Started process (PID=19772) to work on /Users/parth/Desktop/Engine/airflow_data/dags/startup_health_score_dag.py
[2025-07-17T00:41:27.254+0530] {processor.py:914} INFO - Processing file /Users/parth/Desktop/Engine/airflow_data/dags/startup_health_score_dag.py for tasks to queue
[2025-07-17T00:41:27.255+0530] {logging_mixin.py:190} INFO - [2025-07-17T00:41:27.255+0530] {dagbag.py:588} INFO - Filling up the DagBag from /Users/parth/Desktop/Engine/airflow_data/dags/startup_health_score_dag.py
[2025-07-17T00:41:30.478+0530] {processor.py:925} INFO - DAG(s) 'startup_health_score_full_pipeline' retrieved from /Users/parth/Desktop/Engine/airflow_data/dags/startup_health_score_dag.py
[2025-07-17T00:41:30.643+0530] {logging_mixin.py:190} INFO - [2025-07-17T00:41:30.642+0530] {dag.py:3239} INFO - Sync 1 DAGs
[2025-07-17T00:41:30.678+0530] {logging_mixin.py:190} INFO - [2025-07-17T00:41:30.678+0530] {dag.py:4180} INFO - Setting next_dagrun for startup_health_score_full_pipeline to None, run_after=None
[2025-07-17T00:41:30.752+0530] {processor.py:208} INFO - Processing /Users/parth/Desktop/Engine/airflow_data/dags/startup_health_score_dag.py took 3.502 seconds
[2025-07-17T00:43:42.172+0530] {processor.py:186} INFO - Started process (PID=20648) to work on /Users/parth/Desktop/Engine/airflow_data/dags/startup_health_score_dag.py
[2025-07-17T00:43:42.173+0530] {processor.py:914} INFO - Processing file /Users/parth/Desktop/Engine/airflow_data/dags/startup_health_score_dag.py for tasks to queue
[2025-07-17T00:43:42.174+0530] {logging_mixin.py:190} INFO - [2025-07-17T00:43:42.173+0530] {dagbag.py:588} INFO - Filling up the DagBag from /Users/parth/Desktop/Engine/airflow_data/dags/startup_health_score_dag.py
[2025-07-17T00:43:44.900+0530] {processor.py:925} INFO - DAG(s) 'startup_health_score_full_pipeline' retrieved from /Users/parth/Desktop/Engine/airflow_data/dags/startup_health_score_dag.py
[2025-07-17T00:43:45.042+0530] {logging_mixin.py:190} INFO - [2025-07-17T00:43:45.042+0530] {dag.py:3239} INFO - Sync 1 DAGs
[2025-07-17T00:43:45.053+0530] {logging_mixin.py:190} INFO - [2025-07-17T00:43:45.053+0530] {dag.py:4180} INFO - Setting next_dagrun for startup_health_score_full_pipeline to None, run_after=None
[2025-07-17T00:43:45.065+0530] {processor.py:208} INFO - Processing /Users/parth/Desktop/Engine/airflow_data/dags/startup_health_score_dag.py took 2.895 seconds
[2025-07-17T00:45:43.528+0530] {processor.py:186} INFO - Started process (PID=21433) to work on /Users/parth/Desktop/Engine/airflow_data/dags/startup_health_score_dag.py
[2025-07-17T00:45:43.529+0530] {processor.py:914} INFO - Processing file /Users/parth/Desktop/Engine/airflow_data/dags/startup_health_score_dag.py for tasks to queue
[2025-07-17T00:45:43.530+0530] {logging_mixin.py:190} INFO - [2025-07-17T00:45:43.529+0530] {dagbag.py:588} INFO - Filling up the DagBag from /Users/parth/Desktop/Engine/airflow_data/dags/startup_health_score_dag.py
[2025-07-17T00:45:46.214+0530] {processor.py:925} INFO - DAG(s) 'startup_health_score_full_pipeline' retrieved from /Users/parth/Desktop/Engine/airflow_data/dags/startup_health_score_dag.py
[2025-07-17T00:45:46.360+0530] {logging_mixin.py:190} INFO - [2025-07-17T00:45:46.360+0530] {dag.py:3239} INFO - Sync 1 DAGs
[2025-07-17T00:45:46.367+0530] {logging_mixin.py:190} INFO - [2025-07-17T00:45:46.367+0530] {dag.py:4180} INFO - Setting next_dagrun for startup_health_score_full_pipeline to None, run_after=None
[2025-07-17T00:45:46.378+0530] {processor.py:208} INFO - Processing /Users/parth/Desktop/Engine/airflow_data/dags/startup_health_score_dag.py took 2.853 seconds
[2025-07-17T00:47:43.966+0530] {processor.py:186} INFO - Started process (PID=22209) to work on /Users/parth/Desktop/Engine/airflow_data/dags/startup_health_score_dag.py
[2025-07-17T00:47:43.967+0530] {processor.py:914} INFO - Processing file /Users/parth/Desktop/Engine/airflow_data/dags/startup_health_score_dag.py for tasks to queue
[2025-07-17T00:47:43.968+0530] {logging_mixin.py:190} INFO - [2025-07-17T00:47:43.968+0530] {dagbag.py:588} INFO - Filling up the DagBag from /Users/parth/Desktop/Engine/airflow_data/dags/startup_health_score_dag.py
[2025-07-17T00:47:46.277+0530] {processor.py:925} INFO - DAG(s) 'startup_health_score_full_pipeline' retrieved from /Users/parth/Desktop/Engine/airflow_data/dags/startup_health_score_dag.py
[2025-07-17T00:47:46.426+0530] {logging_mixin.py:190} INFO - [2025-07-17T00:47:46.426+0530] {dag.py:3239} INFO - Sync 1 DAGs
[2025-07-17T00:47:46.433+0530] {logging_mixin.py:190} INFO - [2025-07-17T00:47:46.433+0530] {dag.py:4180} INFO - Setting next_dagrun for startup_health_score_full_pipeline to None, run_after=None
[2025-07-17T00:47:46.445+0530] {processor.py:208} INFO - Processing /Users/parth/Desktop/Engine/airflow_data/dags/startup_health_score_dag.py took 2.481 seconds
