[2025-07-23T13:41:57.331+0000] {local_task_job_runner.py:123} INFO - ::group::Pre task execution logs
[2025-07-23T13:41:57.358+0000] {taskinstance.py:2631} INFO - Dependencies all met for dep_context=non-requeueable deps ti=<TaskInstance: startup_health_score_full_pipeline.extract_raw_text_from_document streamlit_trigger_sample.txt_20250723134149 [queued]>
[2025-07-23T13:41:57.365+0000] {taskinstance.py:2631} INFO - Dependencies all met for dep_context=requeueable deps ti=<TaskInstance: startup_health_score_full_pipeline.extract_raw_text_from_document streamlit_trigger_sample.txt_20250723134149 [queued]>
[2025-07-23T13:41:57.365+0000] {taskinstance.py:2884} INFO - Starting attempt 1 of 2
[2025-07-23T13:41:57.391+0000] {taskinstance.py:2907} INFO - Executing <Task(PythonOperator): extract_raw_text_from_document> on 2025-07-23 13:41:50.261822+00:00
[2025-07-23T13:41:57.408+0000] {warnings.py:112} WARNING - /home/***/.local/lib/python3.12/site-packages/***/task/task_runner/standard_task_runner.py:70: DeprecationWarning: This process (pid=73) is multi-threaded, use of fork() may lead to deadlocks in the child.
  pid = os.fork()

[2025-07-23T13:41:57.410+0000] {standard_task_runner.py:72} INFO - Started process 75 to run task
[2025-07-23T13:41:57.408+0000] {standard_task_runner.py:104} INFO - Running: ['***', 'tasks', 'run', 'startup_health_score_full_pipeline', 'extract_raw_text_from_document', 'streamlit_trigger_sample.txt_20250723134149', '--job-id', '7', '--raw', '--subdir', 'DAGS_FOLDER/startup_health_score_dag.py', '--cfg-path', '/tmp/tmpxt66mv63']
[2025-07-23T13:41:57.414+0000] {standard_task_runner.py:105} INFO - Job 7: Subtask extract_raw_text_from_document
[2025-07-23T13:41:57.463+0000] {task_command.py:467} INFO - Running <TaskInstance: startup_health_score_full_pipeline.extract_raw_text_from_document streamlit_trigger_sample.txt_20250723134149 [running]> on host f228824c2da2
[2025-07-23T13:41:57.549+0000] {taskinstance.py:3157} INFO - Exporting env vars: AIRFLOW_CTX_DAG_OWNER='***' AIRFLOW_CTX_DAG_ID='startup_health_score_full_pipeline' AIRFLOW_CTX_TASK_ID='extract_raw_text_from_document' AIRFLOW_CTX_EXECUTION_DATE='2025-07-23T13:41:50.261822+00:00' AIRFLOW_CTX_TRY_NUMBER='1' AIRFLOW_CTX_DAG_RUN_ID='streamlit_trigger_sample.txt_20250723134149'
[2025-07-23T13:41:57.551+0000] {taskinstance.py:740} INFO - ::endgroup::
[2025-07-23T13:41:57.580+0000] {log.py:232} WARNING - 2025-07-23 13:41:57,580 - startup_health_score - INFO - Extracting raw text from /opt/***/uploads/sample.txt...
[2025-07-23T13:41:57.580+0000] {startup_health_score_dag.py:93} INFO - Extracting raw text from /opt/***/uploads/sample.txt...
[2025-07-23T13:41:57.644+0000] {log.py:232} WARNING - 2025-07-23 13:41:57,644 - startup_health_score - INFO - Tesseract OCR engine found (version: 5.3.0).
[2025-07-23T13:41:57.644+0000] {kpi_extractor.py:49} INFO - Tesseract OCR engine found (version: 5.3.0).
[2025-07-23T13:41:57.645+0000] {log.py:232} WARNING - 2025-07-23 13:41:57,645 - startup_health_score - INFO - KPIExtractor initialized.
[2025-07-23T13:41:57.645+0000] {kpi_extractor.py:53} INFO - KPIExtractor initialized.
[2025-07-23T13:41:57.646+0000] {log.py:232} WARNING - 2025-07-23 13:41:57,646 - startup_health_score - INFO - Attempting to extract raw text from: /opt/***/uploads/sample.txt (Type: .txt)
[2025-07-23T13:41:57.646+0000] {kpi_extractor.py:130} INFO - Attempting to extract raw text from: /opt/***/uploads/sample.txt (Type: .txt)
[2025-07-23T13:41:57.647+0000] {log.py:232} WARNING - 2025-07-23 13:41:57,647 - startup_health_score - INFO - Successfully read text from file: /opt/***/uploads/sample.txt
[2025-07-23T13:41:57.647+0000] {kpi_extractor.py:136} INFO - Successfully read text from file: /opt/***/uploads/sample.txt
[2025-07-23T13:41:57.648+0000] {log.py:232} WARNING - 2025-07-23 13:41:57,648 - startup_health_score - INFO - Successfully extracted raw text from /opt/***/uploads/sample.txt.
[2025-07-23T13:41:57.648+0000] {kpi_extractor.py:155} INFO - Successfully extracted raw text from /opt/***/uploads/sample.txt.
[2025-07-23T13:41:57.651+0000] {log.py:232} WARNING - 2025-07-23 13:41:57,651 - startup_health_score - INFO - Extracted raw text saved to /opt/***/processed_data/sample_txt_extracted_text.txt
[2025-07-23T13:41:57.651+0000] {startup_health_score_dag.py:104} INFO - Extracted raw text saved to /opt/***/processed_data/sample_txt_extracted_text.txt
[2025-07-23T13:41:57.664+0000] {python.py:240} INFO - Done. Returned value was: None
[2025-07-23T13:41:57.676+0000] {taskinstance.py:349} INFO - ::group::Post task execution logs
[2025-07-23T13:41:57.677+0000] {taskinstance.py:361} INFO - Marking task as SUCCESS. dag_id=startup_health_score_full_pipeline, task_id=extract_raw_text_from_document, run_id=streamlit_trigger_sample.txt_20250723134149, execution_date=20250723T134150, start_date=20250723T134157, end_date=20250723T134157
[2025-07-23T13:41:57.772+0000] {local_task_job_runner.py:266} INFO - Task exited with return code 0
[2025-07-23T13:41:57.811+0000] {taskinstance.py:3924} INFO - 1 downstream tasks scheduled from follow-on schedule check
[2025-07-23T13:41:57.812+0000] {local_task_job_runner.py:245} INFO - ::endgroup::
