[2025-07-19T15:40:29.052+0530] {processor.py:186} INFO - Started process (PID=1727) to work on /Users/parth/Desktop/Engine/venv/lib/python3.11/site-packages/airflow/example_dags/example_task_group_decorator.py
[2025-07-19T15:40:29.052+0530] {processor.py:914} INFO - Processing file /Users/parth/Desktop/Engine/venv/lib/python3.11/site-packages/airflow/example_dags/example_task_group_decorator.py for tasks to queue
[2025-07-19T15:40:29.053+0530] {logging_mixin.py:190} INFO - [2025-07-19T15:40:29.053+0530] {dagbag.py:588} INFO - Filling up the DagBag from /Users/parth/Desktop/Engine/venv/lib/python3.11/site-packages/airflow/example_dags/example_task_group_decorator.py
[2025-07-19T15:40:29.072+0530] {processor.py:925} INFO - DAG(s) 'example_task_group_decorator' retrieved from /Users/parth/Desktop/Engine/venv/lib/python3.11/site-packages/airflow/example_dags/example_task_group_decorator.py
[2025-07-19T15:40:29.112+0530] {logging_mixin.py:190} INFO - [2025-07-19T15:40:29.112+0530] {dag.py:3239} INFO - Sync 1 DAGs
[2025-07-19T15:40:29.116+0530] {logging_mixin.py:190} INFO - [2025-07-19T15:40:29.116+0530] {dag.py:4180} INFO - Setting next_dagrun for example_task_group_decorator to None, run_after=None
[2025-07-19T15:40:29.123+0530] {processor.py:208} INFO - Processing /Users/parth/Desktop/Engine/venv/lib/python3.11/site-packages/airflow/example_dags/example_task_group_decorator.py took 0.073 seconds
[2025-07-19T15:42:30.861+0530] {processor.py:186} INFO - Started process (PID=2591) to work on /Users/parth/Desktop/Engine/venv/lib/python3.11/site-packages/airflow/example_dags/example_task_group_decorator.py
[2025-07-19T15:42:30.862+0530] {processor.py:914} INFO - Processing file /Users/parth/Desktop/Engine/venv/lib/python3.11/site-packages/airflow/example_dags/example_task_group_decorator.py for tasks to queue
[2025-07-19T15:42:30.863+0530] {logging_mixin.py:190} INFO - [2025-07-19T15:42:30.863+0530] {dagbag.py:588} INFO - Filling up the DagBag from /Users/parth/Desktop/Engine/venv/lib/python3.11/site-packages/airflow/example_dags/example_task_group_decorator.py
[2025-07-19T15:42:30.883+0530] {processor.py:925} INFO - DAG(s) 'example_task_group_decorator' retrieved from /Users/parth/Desktop/Engine/venv/lib/python3.11/site-packages/airflow/example_dags/example_task_group_decorator.py
[2025-07-19T15:42:30.925+0530] {logging_mixin.py:190} INFO - [2025-07-19T15:42:30.924+0530] {dag.py:3239} INFO - Sync 1 DAGs
[2025-07-19T15:42:30.929+0530] {logging_mixin.py:190} INFO - [2025-07-19T15:42:30.929+0530] {dag.py:4180} INFO - Setting next_dagrun for example_task_group_decorator to None, run_after=None
[2025-07-19T15:42:30.936+0530] {processor.py:208} INFO - Processing /Users/parth/Desktop/Engine/venv/lib/python3.11/site-packages/airflow/example_dags/example_task_group_decorator.py took 0.077 seconds
[2025-07-19T15:44:11.190+0530] {processor.py:186} INFO - Started process (PID=3272) to work on /Users/parth/Desktop/Engine/venv/lib/python3.11/site-packages/airflow/example_dags/example_task_group_decorator.py
[2025-07-19T15:44:11.191+0530] {processor.py:914} INFO - Processing file /Users/parth/Desktop/Engine/venv/lib/python3.11/site-packages/airflow/example_dags/example_task_group_decorator.py for tasks to queue
[2025-07-19T15:44:11.191+0530] {logging_mixin.py:190} INFO - [2025-07-19T15:44:11.191+0530] {dagbag.py:588} INFO - Filling up the DagBag from /Users/parth/Desktop/Engine/venv/lib/python3.11/site-packages/airflow/example_dags/example_task_group_decorator.py
[2025-07-19T15:44:11.215+0530] {processor.py:925} INFO - DAG(s) 'example_task_group_decorator' retrieved from /Users/parth/Desktop/Engine/venv/lib/python3.11/site-packages/airflow/example_dags/example_task_group_decorator.py
[2025-07-19T15:44:11.262+0530] {logging_mixin.py:190} INFO - [2025-07-19T15:44:11.261+0530] {dag.py:3239} INFO - Sync 1 DAGs
[2025-07-19T15:44:11.267+0530] {logging_mixin.py:190} INFO - [2025-07-19T15:44:11.266+0530] {dag.py:4180} INFO - Setting next_dagrun for example_task_group_decorator to None, run_after=None
[2025-07-19T15:44:11.274+0530] {processor.py:208} INFO - Processing /Users/parth/Desktop/Engine/venv/lib/python3.11/site-packages/airflow/example_dags/example_task_group_decorator.py took 0.087 seconds
[2025-07-19T15:45:58.558+0530] {processor.py:186} INFO - Started process (PID=3993) to work on /Users/parth/Desktop/Engine/venv/lib/python3.11/site-packages/airflow/example_dags/example_task_group_decorator.py
[2025-07-19T15:45:58.559+0530] {processor.py:914} INFO - Processing file /Users/parth/Desktop/Engine/venv/lib/python3.11/site-packages/airflow/example_dags/example_task_group_decorator.py for tasks to queue
[2025-07-19T15:45:58.559+0530] {logging_mixin.py:190} INFO - [2025-07-19T15:45:58.559+0530] {dagbag.py:588} INFO - Filling up the DagBag from /Users/parth/Desktop/Engine/venv/lib/python3.11/site-packages/airflow/example_dags/example_task_group_decorator.py
[2025-07-19T15:45:58.581+0530] {processor.py:925} INFO - DAG(s) 'example_task_group_decorator' retrieved from /Users/parth/Desktop/Engine/venv/lib/python3.11/site-packages/airflow/example_dags/example_task_group_decorator.py
[2025-07-19T15:45:58.630+0530] {logging_mixin.py:190} INFO - [2025-07-19T15:45:58.629+0530] {dag.py:3239} INFO - Sync 1 DAGs
[2025-07-19T15:45:58.635+0530] {logging_mixin.py:190} INFO - [2025-07-19T15:45:58.634+0530] {dag.py:4180} INFO - Setting next_dagrun for example_task_group_decorator to None, run_after=None
[2025-07-19T15:45:58.643+0530] {processor.py:208} INFO - Processing /Users/parth/Desktop/Engine/venv/lib/python3.11/site-packages/airflow/example_dags/example_task_group_decorator.py took 0.087 seconds
[2025-07-19T15:47:27.016+0530] {processor.py:186} INFO - Started process (PID=4567) to work on /Users/parth/Desktop/Engine/venv/lib/python3.11/site-packages/airflow/example_dags/example_task_group_decorator.py
[2025-07-19T15:47:27.017+0530] {processor.py:914} INFO - Processing file /Users/parth/Desktop/Engine/venv/lib/python3.11/site-packages/airflow/example_dags/example_task_group_decorator.py for tasks to queue
[2025-07-19T15:47:27.017+0530] {logging_mixin.py:190} INFO - [2025-07-19T15:47:27.017+0530] {dagbag.py:588} INFO - Filling up the DagBag from /Users/parth/Desktop/Engine/venv/lib/python3.11/site-packages/airflow/example_dags/example_task_group_decorator.py
[2025-07-19T15:47:27.036+0530] {processor.py:925} INFO - DAG(s) 'example_task_group_decorator' retrieved from /Users/parth/Desktop/Engine/venv/lib/python3.11/site-packages/airflow/example_dags/example_task_group_decorator.py
[2025-07-19T15:47:27.076+0530] {logging_mixin.py:190} INFO - [2025-07-19T15:47:27.076+0530] {dag.py:3239} INFO - Sync 1 DAGs
[2025-07-19T15:47:27.081+0530] {logging_mixin.py:190} INFO - [2025-07-19T15:47:27.081+0530] {dag.py:4180} INFO - Setting next_dagrun for example_task_group_decorator to None, run_after=None
[2025-07-19T15:47:27.089+0530] {processor.py:208} INFO - Processing /Users/parth/Desktop/Engine/venv/lib/python3.11/site-packages/airflow/example_dags/example_task_group_decorator.py took 0.074 seconds
[2025-07-19T15:48:54.756+0530] {processor.py:186} INFO - Started process (PID=5152) to work on /Users/parth/Desktop/Engine/venv/lib/python3.11/site-packages/airflow/example_dags/example_task_group_decorator.py
[2025-07-19T15:48:54.757+0530] {processor.py:914} INFO - Processing file /Users/parth/Desktop/Engine/venv/lib/python3.11/site-packages/airflow/example_dags/example_task_group_decorator.py for tasks to queue
[2025-07-19T15:48:54.758+0530] {logging_mixin.py:190} INFO - [2025-07-19T15:48:54.757+0530] {dagbag.py:588} INFO - Filling up the DagBag from /Users/parth/Desktop/Engine/venv/lib/python3.11/site-packages/airflow/example_dags/example_task_group_decorator.py
[2025-07-19T15:48:54.777+0530] {processor.py:925} INFO - DAG(s) 'example_task_group_decorator' retrieved from /Users/parth/Desktop/Engine/venv/lib/python3.11/site-packages/airflow/example_dags/example_task_group_decorator.py
[2025-07-19T15:48:54.821+0530] {logging_mixin.py:190} INFO - [2025-07-19T15:48:54.821+0530] {dag.py:3239} INFO - Sync 1 DAGs
[2025-07-19T15:48:54.826+0530] {logging_mixin.py:190} INFO - [2025-07-19T15:48:54.826+0530] {dag.py:4180} INFO - Setting next_dagrun for example_task_group_decorator to None, run_after=None
[2025-07-19T15:48:54.835+0530] {processor.py:208} INFO - Processing /Users/parth/Desktop/Engine/venv/lib/python3.11/site-packages/airflow/example_dags/example_task_group_decorator.py took 0.080 seconds
[2025-07-19T15:50:24.265+0530] {processor.py:186} INFO - Started process (PID=5740) to work on /Users/parth/Desktop/Engine/venv/lib/python3.11/site-packages/airflow/example_dags/example_task_group_decorator.py
[2025-07-19T15:50:24.266+0530] {processor.py:914} INFO - Processing file /Users/parth/Desktop/Engine/venv/lib/python3.11/site-packages/airflow/example_dags/example_task_group_decorator.py for tasks to queue
[2025-07-19T15:50:24.267+0530] {logging_mixin.py:190} INFO - [2025-07-19T15:50:24.267+0530] {dagbag.py:588} INFO - Filling up the DagBag from /Users/parth/Desktop/Engine/venv/lib/python3.11/site-packages/airflow/example_dags/example_task_group_decorator.py
[2025-07-19T15:50:24.292+0530] {processor.py:925} INFO - DAG(s) 'example_task_group_decorator' retrieved from /Users/parth/Desktop/Engine/venv/lib/python3.11/site-packages/airflow/example_dags/example_task_group_decorator.py
[2025-07-19T15:50:24.346+0530] {logging_mixin.py:190} INFO - [2025-07-19T15:50:24.346+0530] {dag.py:3239} INFO - Sync 1 DAGs
[2025-07-19T15:50:24.352+0530] {logging_mixin.py:190} INFO - [2025-07-19T15:50:24.352+0530] {dag.py:4180} INFO - Setting next_dagrun for example_task_group_decorator to None, run_after=None
[2025-07-19T15:50:24.361+0530] {processor.py:208} INFO - Processing /Users/parth/Desktop/Engine/venv/lib/python3.11/site-packages/airflow/example_dags/example_task_group_decorator.py took 0.098 seconds
[2025-07-19T15:52:00.267+0530] {processor.py:186} INFO - Started process (PID=6409) to work on /Users/parth/Desktop/Engine/venv/lib/python3.11/site-packages/airflow/example_dags/example_task_group_decorator.py
[2025-07-19T15:52:00.268+0530] {processor.py:914} INFO - Processing file /Users/parth/Desktop/Engine/venv/lib/python3.11/site-packages/airflow/example_dags/example_task_group_decorator.py for tasks to queue
[2025-07-19T15:52:00.268+0530] {logging_mixin.py:190} INFO - [2025-07-19T15:52:00.268+0530] {dagbag.py:588} INFO - Filling up the DagBag from /Users/parth/Desktop/Engine/venv/lib/python3.11/site-packages/airflow/example_dags/example_task_group_decorator.py
[2025-07-19T15:52:00.296+0530] {processor.py:925} INFO - DAG(s) 'example_task_group_decorator' retrieved from /Users/parth/Desktop/Engine/venv/lib/python3.11/site-packages/airflow/example_dags/example_task_group_decorator.py
[2025-07-19T15:52:00.349+0530] {logging_mixin.py:190} INFO - [2025-07-19T15:52:00.349+0530] {dag.py:3239} INFO - Sync 1 DAGs
[2025-07-19T15:52:00.356+0530] {logging_mixin.py:190} INFO - [2025-07-19T15:52:00.356+0530] {dag.py:4180} INFO - Setting next_dagrun for example_task_group_decorator to None, run_after=None
[2025-07-19T15:52:00.365+0530] {processor.py:208} INFO - Processing /Users/parth/Desktop/Engine/venv/lib/python3.11/site-packages/airflow/example_dags/example_task_group_decorator.py took 0.101 seconds
[2025-07-19T15:53:48.522+0530] {processor.py:186} INFO - Started process (PID=7149) to work on /Users/parth/Desktop/Engine/venv/lib/python3.11/site-packages/airflow/example_dags/example_task_group_decorator.py
[2025-07-19T15:53:48.523+0530] {processor.py:914} INFO - Processing file /Users/parth/Desktop/Engine/venv/lib/python3.11/site-packages/airflow/example_dags/example_task_group_decorator.py for tasks to queue
[2025-07-19T15:53:48.524+0530] {logging_mixin.py:190} INFO - [2025-07-19T15:53:48.524+0530] {dagbag.py:588} INFO - Filling up the DagBag from /Users/parth/Desktop/Engine/venv/lib/python3.11/site-packages/airflow/example_dags/example_task_group_decorator.py
[2025-07-19T15:53:48.548+0530] {processor.py:925} INFO - DAG(s) 'example_task_group_decorator' retrieved from /Users/parth/Desktop/Engine/venv/lib/python3.11/site-packages/airflow/example_dags/example_task_group_decorator.py
[2025-07-19T15:53:48.599+0530] {logging_mixin.py:190} INFO - [2025-07-19T15:53:48.599+0530] {dag.py:3239} INFO - Sync 1 DAGs
[2025-07-19T15:53:48.604+0530] {logging_mixin.py:190} INFO - [2025-07-19T15:53:48.604+0530] {dag.py:4180} INFO - Setting next_dagrun for example_task_group_decorator to None, run_after=None
[2025-07-19T15:53:48.614+0530] {processor.py:208} INFO - Processing /Users/parth/Desktop/Engine/venv/lib/python3.11/site-packages/airflow/example_dags/example_task_group_decorator.py took 0.093 seconds
[2025-07-19T15:56:47.064+0530] {processor.py:186} INFO - Started process (PID=8566) to work on /Users/parth/Desktop/Engine/venv/lib/python3.11/site-packages/airflow/example_dags/example_task_group_decorator.py
[2025-07-19T15:56:47.065+0530] {processor.py:914} INFO - Processing file /Users/parth/Desktop/Engine/venv/lib/python3.11/site-packages/airflow/example_dags/example_task_group_decorator.py for tasks to queue
[2025-07-19T15:56:47.066+0530] {logging_mixin.py:190} INFO - [2025-07-19T15:56:47.066+0530] {dagbag.py:588} INFO - Filling up the DagBag from /Users/parth/Desktop/Engine/venv/lib/python3.11/site-packages/airflow/example_dags/example_task_group_decorator.py
[2025-07-19T15:56:47.097+0530] {processor.py:925} INFO - DAG(s) 'example_task_group_decorator' retrieved from /Users/parth/Desktop/Engine/venv/lib/python3.11/site-packages/airflow/example_dags/example_task_group_decorator.py
[2025-07-19T15:56:47.157+0530] {logging_mixin.py:190} INFO - [2025-07-19T15:56:47.157+0530] {dag.py:3239} INFO - Sync 1 DAGs
[2025-07-19T15:56:47.164+0530] {logging_mixin.py:190} INFO - [2025-07-19T15:56:47.164+0530] {dag.py:4180} INFO - Setting next_dagrun for example_task_group_decorator to None, run_after=None
[2025-07-19T15:56:47.175+0530] {processor.py:208} INFO - Processing /Users/parth/Desktop/Engine/venv/lib/python3.11/site-packages/airflow/example_dags/example_task_group_decorator.py took 0.113 seconds
[2025-07-19T15:58:56.197+0530] {processor.py:186} INFO - Started process (PID=9412) to work on /Users/parth/Desktop/Engine/venv/lib/python3.11/site-packages/airflow/example_dags/example_task_group_decorator.py
[2025-07-19T15:58:56.198+0530] {processor.py:914} INFO - Processing file /Users/parth/Desktop/Engine/venv/lib/python3.11/site-packages/airflow/example_dags/example_task_group_decorator.py for tasks to queue
[2025-07-19T15:58:56.199+0530] {logging_mixin.py:190} INFO - [2025-07-19T15:58:56.199+0530] {dagbag.py:588} INFO - Filling up the DagBag from /Users/parth/Desktop/Engine/venv/lib/python3.11/site-packages/airflow/example_dags/example_task_group_decorator.py
[2025-07-19T15:58:56.225+0530] {processor.py:925} INFO - DAG(s) 'example_task_group_decorator' retrieved from /Users/parth/Desktop/Engine/venv/lib/python3.11/site-packages/airflow/example_dags/example_task_group_decorator.py
[2025-07-19T15:58:56.282+0530] {logging_mixin.py:190} INFO - [2025-07-19T15:58:56.281+0530] {dag.py:3239} INFO - Sync 1 DAGs
[2025-07-19T15:58:56.287+0530] {logging_mixin.py:190} INFO - [2025-07-19T15:58:56.287+0530] {dag.py:4180} INFO - Setting next_dagrun for example_task_group_decorator to None, run_after=None
[2025-07-19T15:58:56.297+0530] {processor.py:208} INFO - Processing /Users/parth/Desktop/Engine/venv/lib/python3.11/site-packages/airflow/example_dags/example_task_group_decorator.py took 0.102 seconds
[2025-07-19T16:00:39.741+0530] {processor.py:186} INFO - Started process (PID=10089) to work on /Users/parth/Desktop/Engine/venv/lib/python3.11/site-packages/airflow/example_dags/example_task_group_decorator.py
[2025-07-19T16:00:39.741+0530] {processor.py:914} INFO - Processing file /Users/parth/Desktop/Engine/venv/lib/python3.11/site-packages/airflow/example_dags/example_task_group_decorator.py for tasks to queue
[2025-07-19T16:00:39.742+0530] {logging_mixin.py:190} INFO - [2025-07-19T16:00:39.742+0530] {dagbag.py:588} INFO - Filling up the DagBag from /Users/parth/Desktop/Engine/venv/lib/python3.11/site-packages/airflow/example_dags/example_task_group_decorator.py
[2025-07-19T16:00:39.768+0530] {processor.py:925} INFO - DAG(s) 'example_task_group_decorator' retrieved from /Users/parth/Desktop/Engine/venv/lib/python3.11/site-packages/airflow/example_dags/example_task_group_decorator.py
[2025-07-19T16:00:39.822+0530] {logging_mixin.py:190} INFO - [2025-07-19T16:00:39.822+0530] {dag.py:3239} INFO - Sync 1 DAGs
[2025-07-19T16:00:39.827+0530] {logging_mixin.py:190} INFO - [2025-07-19T16:00:39.827+0530] {dag.py:4180} INFO - Setting next_dagrun for example_task_group_decorator to None, run_after=None
[2025-07-19T16:00:39.837+0530] {processor.py:208} INFO - Processing /Users/parth/Desktop/Engine/venv/lib/python3.11/site-packages/airflow/example_dags/example_task_group_decorator.py took 0.099 seconds
[2025-07-19T16:02:33.626+0530] {processor.py:186} INFO - Started process (PID=10867) to work on /Users/parth/Desktop/Engine/venv/lib/python3.11/site-packages/airflow/example_dags/example_task_group_decorator.py
[2025-07-19T16:02:33.627+0530] {processor.py:914} INFO - Processing file /Users/parth/Desktop/Engine/venv/lib/python3.11/site-packages/airflow/example_dags/example_task_group_decorator.py for tasks to queue
[2025-07-19T16:02:33.628+0530] {logging_mixin.py:190} INFO - [2025-07-19T16:02:33.628+0530] {dagbag.py:588} INFO - Filling up the DagBag from /Users/parth/Desktop/Engine/venv/lib/python3.11/site-packages/airflow/example_dags/example_task_group_decorator.py
[2025-07-19T16:02:33.659+0530] {processor.py:925} INFO - DAG(s) 'example_task_group_decorator' retrieved from /Users/parth/Desktop/Engine/venv/lib/python3.11/site-packages/airflow/example_dags/example_task_group_decorator.py
[2025-07-19T16:02:33.724+0530] {logging_mixin.py:190} INFO - [2025-07-19T16:02:33.723+0530] {dag.py:3239} INFO - Sync 1 DAGs
[2025-07-19T16:02:33.729+0530] {logging_mixin.py:190} INFO - [2025-07-19T16:02:33.729+0530] {dag.py:4180} INFO - Setting next_dagrun for example_task_group_decorator to None, run_after=None
[2025-07-19T16:02:33.740+0530] {processor.py:208} INFO - Processing /Users/parth/Desktop/Engine/venv/lib/python3.11/site-packages/airflow/example_dags/example_task_group_decorator.py took 0.117 seconds
[2025-07-19T16:06:17.117+0530] {processor.py:186} INFO - Started process (PID=12395) to work on /Users/parth/Desktop/Engine/venv/lib/python3.11/site-packages/airflow/example_dags/example_task_group_decorator.py
[2025-07-19T16:06:17.118+0530] {processor.py:914} INFO - Processing file /Users/parth/Desktop/Engine/venv/lib/python3.11/site-packages/airflow/example_dags/example_task_group_decorator.py for tasks to queue
[2025-07-19T16:06:17.119+0530] {logging_mixin.py:190} INFO - [2025-07-19T16:06:17.118+0530] {dagbag.py:588} INFO - Filling up the DagBag from /Users/parth/Desktop/Engine/venv/lib/python3.11/site-packages/airflow/example_dags/example_task_group_decorator.py
[2025-07-19T16:06:17.144+0530] {processor.py:925} INFO - DAG(s) 'example_task_group_decorator' retrieved from /Users/parth/Desktop/Engine/venv/lib/python3.11/site-packages/airflow/example_dags/example_task_group_decorator.py
[2025-07-19T16:06:17.200+0530] {logging_mixin.py:190} INFO - [2025-07-19T16:06:17.200+0530] {dag.py:3239} INFO - Sync 1 DAGs
[2025-07-19T16:06:17.206+0530] {logging_mixin.py:190} INFO - [2025-07-19T16:06:17.206+0530] {dag.py:4180} INFO - Setting next_dagrun for example_task_group_decorator to None, run_after=None
[2025-07-19T16:06:17.215+0530] {processor.py:208} INFO - Processing /Users/parth/Desktop/Engine/venv/lib/python3.11/site-packages/airflow/example_dags/example_task_group_decorator.py took 0.101 seconds
[2025-07-19T16:08:32.194+0530] {processor.py:186} INFO - Started process (PID=13315) to work on /Users/parth/Desktop/Engine/venv/lib/python3.11/site-packages/airflow/example_dags/example_task_group_decorator.py
[2025-07-19T16:08:32.195+0530] {processor.py:914} INFO - Processing file /Users/parth/Desktop/Engine/venv/lib/python3.11/site-packages/airflow/example_dags/example_task_group_decorator.py for tasks to queue
[2025-07-19T16:08:32.196+0530] {logging_mixin.py:190} INFO - [2025-07-19T16:08:32.196+0530] {dagbag.py:588} INFO - Filling up the DagBag from /Users/parth/Desktop/Engine/venv/lib/python3.11/site-packages/airflow/example_dags/example_task_group_decorator.py
[2025-07-19T16:08:32.224+0530] {processor.py:925} INFO - DAG(s) 'example_task_group_decorator' retrieved from /Users/parth/Desktop/Engine/venv/lib/python3.11/site-packages/airflow/example_dags/example_task_group_decorator.py
[2025-07-19T16:08:32.287+0530] {logging_mixin.py:190} INFO - [2025-07-19T16:08:32.286+0530] {dag.py:3239} INFO - Sync 1 DAGs
[2025-07-19T16:08:32.293+0530] {logging_mixin.py:190} INFO - [2025-07-19T16:08:32.293+0530] {dag.py:4180} INFO - Setting next_dagrun for example_task_group_decorator to None, run_after=None
[2025-07-19T16:08:32.304+0530] {processor.py:208} INFO - Processing /Users/parth/Desktop/Engine/venv/lib/python3.11/site-packages/airflow/example_dags/example_task_group_decorator.py took 0.112 seconds
[2025-07-19T16:10:19.777+0530] {processor.py:186} INFO - Started process (PID=14039) to work on /Users/parth/Desktop/Engine/venv/lib/python3.11/site-packages/airflow/example_dags/example_task_group_decorator.py
[2025-07-19T16:10:19.778+0530] {processor.py:914} INFO - Processing file /Users/parth/Desktop/Engine/venv/lib/python3.11/site-packages/airflow/example_dags/example_task_group_decorator.py for tasks to queue
[2025-07-19T16:10:19.779+0530] {logging_mixin.py:190} INFO - [2025-07-19T16:10:19.778+0530] {dagbag.py:588} INFO - Filling up the DagBag from /Users/parth/Desktop/Engine/venv/lib/python3.11/site-packages/airflow/example_dags/example_task_group_decorator.py
[2025-07-19T16:10:19.812+0530] {processor.py:925} INFO - DAG(s) 'example_task_group_decorator' retrieved from /Users/parth/Desktop/Engine/venv/lib/python3.11/site-packages/airflow/example_dags/example_task_group_decorator.py
[2025-07-19T16:10:19.880+0530] {logging_mixin.py:190} INFO - [2025-07-19T16:10:19.880+0530] {dag.py:3239} INFO - Sync 1 DAGs
[2025-07-19T16:10:19.889+0530] {logging_mixin.py:190} INFO - [2025-07-19T16:10:19.889+0530] {dag.py:4180} INFO - Setting next_dagrun for example_task_group_decorator to None, run_after=None
[2025-07-19T16:10:19.902+0530] {processor.py:208} INFO - Processing /Users/parth/Desktop/Engine/venv/lib/python3.11/site-packages/airflow/example_dags/example_task_group_decorator.py took 0.128 seconds
