[2025-07-19T15:41:16.121+0530] {processor.py:186} INFO - Started process (PID=2076) to work on /Users/parth/Desktop/Engine/venv/lib/python3.11/site-packages/airflow/example_dags/example_external_task_marker_dag.py
[2025-07-19T15:41:16.121+0530] {processor.py:914} INFO - Processing file /Users/parth/Desktop/Engine/venv/lib/python3.11/site-packages/airflow/example_dags/example_external_task_marker_dag.py for tasks to queue
[2025-07-19T15:41:16.122+0530] {logging_mixin.py:190} INFO - [2025-07-19T15:41:16.121+0530] {dagbag.py:588} INFO - Filling up the DagBag from /Users/parth/Desktop/Engine/venv/lib/python3.11/site-packages/airflow/example_dags/example_external_task_marker_dag.py
[2025-07-19T15:41:16.127+0530] {processor.py:925} INFO - DAG(s) 'example_external_task_marker_child', 'example_external_task_marker_parent' retrieved from /Users/parth/Desktop/Engine/venv/lib/python3.11/site-packages/airflow/example_dags/example_external_task_marker_dag.py
[2025-07-19T15:41:16.529+0530] {logging_mixin.py:190} INFO - [2025-07-19T15:41:16.529+0530] {dag.py:3239} INFO - Sync 2 DAGs
[2025-07-19T15:41:16.534+0530] {logging_mixin.py:190} INFO - [2025-07-19T15:41:16.534+0530] {dag.py:4180} INFO - Setting next_dagrun for example_external_task_marker_child to None, run_after=None
[2025-07-19T15:41:16.535+0530] {logging_mixin.py:190} INFO - [2025-07-19T15:41:16.535+0530] {dag.py:4180} INFO - Setting next_dagrun for example_external_task_marker_parent to None, run_after=None
[2025-07-19T15:41:16.542+0530] {processor.py:208} INFO - Processing /Users/parth/Desktop/Engine/venv/lib/python3.11/site-packages/airflow/example_dags/example_external_task_marker_dag.py took 0.423 seconds
[2025-07-19T15:43:17.922+0530] {processor.py:186} INFO - Started process (PID=2922) to work on /Users/parth/Desktop/Engine/venv/lib/python3.11/site-packages/airflow/example_dags/example_external_task_marker_dag.py
[2025-07-19T15:43:17.923+0530] {processor.py:914} INFO - Processing file /Users/parth/Desktop/Engine/venv/lib/python3.11/site-packages/airflow/example_dags/example_external_task_marker_dag.py for tasks to queue
[2025-07-19T15:43:17.924+0530] {logging_mixin.py:190} INFO - [2025-07-19T15:43:17.923+0530] {dagbag.py:588} INFO - Filling up the DagBag from /Users/parth/Desktop/Engine/venv/lib/python3.11/site-packages/airflow/example_dags/example_external_task_marker_dag.py
[2025-07-19T15:43:17.939+0530] {processor.py:925} INFO - DAG(s) 'example_external_task_marker_parent', 'example_external_task_marker_child' retrieved from /Users/parth/Desktop/Engine/venv/lib/python3.11/site-packages/airflow/example_dags/example_external_task_marker_dag.py
[2025-07-19T15:43:18.752+0530] {logging_mixin.py:190} INFO - [2025-07-19T15:43:18.751+0530] {dag.py:3239} INFO - Sync 2 DAGs
[2025-07-19T15:43:18.758+0530] {logging_mixin.py:190} INFO - [2025-07-19T15:43:18.758+0530] {dag.py:4180} INFO - Setting next_dagrun for example_external_task_marker_child to None, run_after=None
[2025-07-19T15:43:18.760+0530] {logging_mixin.py:190} INFO - [2025-07-19T15:43:18.760+0530] {dag.py:4180} INFO - Setting next_dagrun for example_external_task_marker_parent to None, run_after=None
[2025-07-19T15:43:18.773+0530] {processor.py:208} INFO - Processing /Users/parth/Desktop/Engine/venv/lib/python3.11/site-packages/airflow/example_dags/example_external_task_marker_dag.py took 0.855 seconds
[2025-07-19T15:46:43.391+0530] {processor.py:186} INFO - Started process (PID=4287) to work on /Users/parth/Desktop/Engine/venv/lib/python3.11/site-packages/airflow/example_dags/example_external_task_marker_dag.py
[2025-07-19T15:46:43.392+0530] {processor.py:914} INFO - Processing file /Users/parth/Desktop/Engine/venv/lib/python3.11/site-packages/airflow/example_dags/example_external_task_marker_dag.py for tasks to queue
[2025-07-19T15:46:43.392+0530] {logging_mixin.py:190} INFO - [2025-07-19T15:46:43.392+0530] {dagbag.py:588} INFO - Filling up the DagBag from /Users/parth/Desktop/Engine/venv/lib/python3.11/site-packages/airflow/example_dags/example_external_task_marker_dag.py
[2025-07-19T15:46:43.399+0530] {processor.py:925} INFO - DAG(s) 'example_external_task_marker_child', 'example_external_task_marker_parent' retrieved from /Users/parth/Desktop/Engine/venv/lib/python3.11/site-packages/airflow/example_dags/example_external_task_marker_dag.py
[2025-07-19T15:46:43.870+0530] {logging_mixin.py:190} INFO - [2025-07-19T15:46:43.870+0530] {dag.py:3239} INFO - Sync 2 DAGs
[2025-07-19T15:46:43.875+0530] {logging_mixin.py:190} INFO - [2025-07-19T15:46:43.875+0530] {dag.py:4180} INFO - Setting next_dagrun for example_external_task_marker_child to None, run_after=None
[2025-07-19T15:46:43.878+0530] {logging_mixin.py:190} INFO - [2025-07-19T15:46:43.877+0530] {dag.py:4180} INFO - Setting next_dagrun for example_external_task_marker_parent to None, run_after=None
[2025-07-19T15:46:43.886+0530] {processor.py:208} INFO - Processing /Users/parth/Desktop/Engine/venv/lib/python3.11/site-packages/airflow/example_dags/example_external_task_marker_dag.py took 0.497 seconds
[2025-07-19T15:49:38.931+0530] {processor.py:186} INFO - Started process (PID=5436) to work on /Users/parth/Desktop/Engine/venv/lib/python3.11/site-packages/airflow/example_dags/example_external_task_marker_dag.py
[2025-07-19T15:49:38.931+0530] {processor.py:914} INFO - Processing file /Users/parth/Desktop/Engine/venv/lib/python3.11/site-packages/airflow/example_dags/example_external_task_marker_dag.py for tasks to queue
[2025-07-19T15:49:38.932+0530] {logging_mixin.py:190} INFO - [2025-07-19T15:49:38.932+0530] {dagbag.py:588} INFO - Filling up the DagBag from /Users/parth/Desktop/Engine/venv/lib/python3.11/site-packages/airflow/example_dags/example_external_task_marker_dag.py
[2025-07-19T15:49:38.939+0530] {processor.py:925} INFO - DAG(s) 'example_external_task_marker_child', 'example_external_task_marker_parent' retrieved from /Users/parth/Desktop/Engine/venv/lib/python3.11/site-packages/airflow/example_dags/example_external_task_marker_dag.py
[2025-07-19T15:49:39.425+0530] {logging_mixin.py:190} INFO - [2025-07-19T15:49:39.424+0530] {dag.py:3239} INFO - Sync 2 DAGs
[2025-07-19T15:49:39.431+0530] {logging_mixin.py:190} INFO - [2025-07-19T15:49:39.431+0530] {dag.py:4180} INFO - Setting next_dagrun for example_external_task_marker_child to None, run_after=None
[2025-07-19T15:49:39.433+0530] {logging_mixin.py:190} INFO - [2025-07-19T15:49:39.433+0530] {dag.py:4180} INFO - Setting next_dagrun for example_external_task_marker_parent to None, run_after=None
[2025-07-19T15:49:39.444+0530] {processor.py:208} INFO - Processing /Users/parth/Desktop/Engine/venv/lib/python3.11/site-packages/airflow/example_dags/example_external_task_marker_dag.py took 0.515 seconds
[2025-07-19T15:52:55.677+0530] {processor.py:186} INFO - Started process (PID=6788) to work on /Users/parth/Desktop/Engine/venv/lib/python3.11/site-packages/airflow/example_dags/example_external_task_marker_dag.py
[2025-07-19T15:52:55.678+0530] {processor.py:914} INFO - Processing file /Users/parth/Desktop/Engine/venv/lib/python3.11/site-packages/airflow/example_dags/example_external_task_marker_dag.py for tasks to queue
[2025-07-19T15:52:55.678+0530] {logging_mixin.py:190} INFO - [2025-07-19T15:52:55.678+0530] {dagbag.py:588} INFO - Filling up the DagBag from /Users/parth/Desktop/Engine/venv/lib/python3.11/site-packages/airflow/example_dags/example_external_task_marker_dag.py
[2025-07-19T15:52:55.685+0530] {processor.py:925} INFO - DAG(s) 'example_external_task_marker_child', 'example_external_task_marker_parent' retrieved from /Users/parth/Desktop/Engine/venv/lib/python3.11/site-packages/airflow/example_dags/example_external_task_marker_dag.py
[2025-07-19T15:52:56.239+0530] {logging_mixin.py:190} INFO - [2025-07-19T15:52:56.239+0530] {dag.py:3239} INFO - Sync 2 DAGs
[2025-07-19T15:52:56.246+0530] {logging_mixin.py:190} INFO - [2025-07-19T15:52:56.246+0530] {dag.py:4180} INFO - Setting next_dagrun for example_external_task_marker_child to None, run_after=None
[2025-07-19T15:52:56.248+0530] {logging_mixin.py:190} INFO - [2025-07-19T15:52:56.248+0530] {dag.py:4180} INFO - Setting next_dagrun for example_external_task_marker_parent to None, run_after=None
[2025-07-19T15:52:56.259+0530] {processor.py:208} INFO - Processing /Users/parth/Desktop/Engine/venv/lib/python3.11/site-packages/airflow/example_dags/example_external_task_marker_dag.py took 0.584 seconds
[2025-07-19T15:57:38.820+0530] {processor.py:186} INFO - Started process (PID=8911) to work on /Users/parth/Desktop/Engine/venv/lib/python3.11/site-packages/airflow/example_dags/example_external_task_marker_dag.py
[2025-07-19T15:57:38.821+0530] {processor.py:914} INFO - Processing file /Users/parth/Desktop/Engine/venv/lib/python3.11/site-packages/airflow/example_dags/example_external_task_marker_dag.py for tasks to queue
[2025-07-19T15:57:38.822+0530] {logging_mixin.py:190} INFO - [2025-07-19T15:57:38.821+0530] {dagbag.py:588} INFO - Filling up the DagBag from /Users/parth/Desktop/Engine/venv/lib/python3.11/site-packages/airflow/example_dags/example_external_task_marker_dag.py
[2025-07-19T15:57:38.829+0530] {processor.py:925} INFO - DAG(s) 'example_external_task_marker_parent', 'example_external_task_marker_child' retrieved from /Users/parth/Desktop/Engine/venv/lib/python3.11/site-packages/airflow/example_dags/example_external_task_marker_dag.py
[2025-07-19T15:57:39.414+0530] {logging_mixin.py:190} INFO - [2025-07-19T15:57:39.414+0530] {dag.py:3239} INFO - Sync 2 DAGs
[2025-07-19T15:57:39.423+0530] {logging_mixin.py:190} INFO - [2025-07-19T15:57:39.422+0530] {dag.py:4180} INFO - Setting next_dagrun for example_external_task_marker_child to None, run_after=None
[2025-07-19T15:57:39.426+0530] {logging_mixin.py:190} INFO - [2025-07-19T15:57:39.426+0530] {dag.py:4180} INFO - Setting next_dagrun for example_external_task_marker_parent to None, run_after=None
[2025-07-19T15:57:39.439+0530] {processor.py:208} INFO - Processing /Users/parth/Desktop/Engine/venv/lib/python3.11/site-packages/airflow/example_dags/example_external_task_marker_dag.py took 0.621 seconds
[2025-07-19T15:59:49.759+0530] {processor.py:186} INFO - Started process (PID=9770) to work on /Users/parth/Desktop/Engine/venv/lib/python3.11/site-packages/airflow/example_dags/example_external_task_marker_dag.py
[2025-07-19T15:59:49.761+0530] {processor.py:914} INFO - Processing file /Users/parth/Desktop/Engine/venv/lib/python3.11/site-packages/airflow/example_dags/example_external_task_marker_dag.py for tasks to queue
[2025-07-19T15:59:49.761+0530] {logging_mixin.py:190} INFO - [2025-07-19T15:59:49.761+0530] {dagbag.py:588} INFO - Filling up the DagBag from /Users/parth/Desktop/Engine/venv/lib/python3.11/site-packages/airflow/example_dags/example_external_task_marker_dag.py
[2025-07-19T15:59:49.768+0530] {processor.py:925} INFO - DAG(s) 'example_external_task_marker_child', 'example_external_task_marker_parent' retrieved from /Users/parth/Desktop/Engine/venv/lib/python3.11/site-packages/airflow/example_dags/example_external_task_marker_dag.py
[2025-07-19T15:59:50.336+0530] {logging_mixin.py:190} INFO - [2025-07-19T15:59:50.335+0530] {dag.py:3239} INFO - Sync 2 DAGs
[2025-07-19T15:59:50.342+0530] {logging_mixin.py:190} INFO - [2025-07-19T15:59:50.342+0530] {dag.py:4180} INFO - Setting next_dagrun for example_external_task_marker_child to None, run_after=None
[2025-07-19T15:59:50.344+0530] {logging_mixin.py:190} INFO - [2025-07-19T15:59:50.344+0530] {dag.py:4180} INFO - Setting next_dagrun for example_external_task_marker_parent to None, run_after=None
[2025-07-19T15:59:50.354+0530] {processor.py:208} INFO - Processing /Users/parth/Desktop/Engine/venv/lib/python3.11/site-packages/airflow/example_dags/example_external_task_marker_dag.py took 0.597 seconds
[2025-07-19T16:03:31.440+0530] {processor.py:186} INFO - Started process (PID=11252) to work on /Users/parth/Desktop/Engine/venv/lib/python3.11/site-packages/airflow/example_dags/example_external_task_marker_dag.py
[2025-07-19T16:03:31.441+0530] {processor.py:914} INFO - Processing file /Users/parth/Desktop/Engine/venv/lib/python3.11/site-packages/airflow/example_dags/example_external_task_marker_dag.py for tasks to queue
[2025-07-19T16:03:31.442+0530] {logging_mixin.py:190} INFO - [2025-07-19T16:03:31.442+0530] {dagbag.py:588} INFO - Filling up the DagBag from /Users/parth/Desktop/Engine/venv/lib/python3.11/site-packages/airflow/example_dags/example_external_task_marker_dag.py
[2025-07-19T16:03:31.450+0530] {processor.py:925} INFO - DAG(s) 'example_external_task_marker_child', 'example_external_task_marker_parent' retrieved from /Users/parth/Desktop/Engine/venv/lib/python3.11/site-packages/airflow/example_dags/example_external_task_marker_dag.py
[2025-07-19T16:03:32.256+0530] {logging_mixin.py:190} INFO - [2025-07-19T16:03:32.255+0530] {dag.py:3239} INFO - Sync 2 DAGs
[2025-07-19T16:03:32.263+0530] {logging_mixin.py:190} INFO - [2025-07-19T16:03:32.263+0530] {dag.py:4180} INFO - Setting next_dagrun for example_external_task_marker_child to None, run_after=None
[2025-07-19T16:03:32.266+0530] {logging_mixin.py:190} INFO - [2025-07-19T16:03:32.266+0530] {dag.py:4180} INFO - Setting next_dagrun for example_external_task_marker_parent to None, run_after=None
[2025-07-19T16:03:32.277+0530] {processor.py:208} INFO - Processing /Users/parth/Desktop/Engine/venv/lib/python3.11/site-packages/airflow/example_dags/example_external_task_marker_dag.py took 0.839 seconds
[2025-07-19T16:07:12.057+0530] {processor.py:186} INFO - Started process (PID=12782) to work on /Users/parth/Desktop/Engine/venv/lib/python3.11/site-packages/airflow/example_dags/example_external_task_marker_dag.py
[2025-07-19T16:07:12.058+0530] {processor.py:914} INFO - Processing file /Users/parth/Desktop/Engine/venv/lib/python3.11/site-packages/airflow/example_dags/example_external_task_marker_dag.py for tasks to queue
[2025-07-19T16:07:12.059+0530] {logging_mixin.py:190} INFO - [2025-07-19T16:07:12.059+0530] {dagbag.py:588} INFO - Filling up the DagBag from /Users/parth/Desktop/Engine/venv/lib/python3.11/site-packages/airflow/example_dags/example_external_task_marker_dag.py
[2025-07-19T16:07:12.067+0530] {processor.py:925} INFO - DAG(s) 'example_external_task_marker_child', 'example_external_task_marker_parent' retrieved from /Users/parth/Desktop/Engine/venv/lib/python3.11/site-packages/airflow/example_dags/example_external_task_marker_dag.py
[2025-07-19T16:07:12.682+0530] {logging_mixin.py:190} INFO - [2025-07-19T16:07:12.681+0530] {dag.py:3239} INFO - Sync 2 DAGs
[2025-07-19T16:07:12.689+0530] {logging_mixin.py:190} INFO - [2025-07-19T16:07:12.689+0530] {dag.py:4180} INFO - Setting next_dagrun for example_external_task_marker_child to None, run_after=None
[2025-07-19T16:07:12.691+0530] {logging_mixin.py:190} INFO - [2025-07-19T16:07:12.691+0530] {dag.py:4180} INFO - Setting next_dagrun for example_external_task_marker_parent to None, run_after=None
[2025-07-19T16:07:12.703+0530] {processor.py:208} INFO - Processing /Users/parth/Desktop/Engine/venv/lib/python3.11/site-packages/airflow/example_dags/example_external_task_marker_dag.py took 0.648 seconds
[2025-07-19T16:09:22.832+0530] {processor.py:186} INFO - Started process (PID=13648) to work on /Users/parth/Desktop/Engine/venv/lib/python3.11/site-packages/airflow/example_dags/example_external_task_marker_dag.py
[2025-07-19T16:09:22.833+0530] {processor.py:914} INFO - Processing file /Users/parth/Desktop/Engine/venv/lib/python3.11/site-packages/airflow/example_dags/example_external_task_marker_dag.py for tasks to queue
[2025-07-19T16:09:22.834+0530] {logging_mixin.py:190} INFO - [2025-07-19T16:09:22.834+0530] {dagbag.py:588} INFO - Filling up the DagBag from /Users/parth/Desktop/Engine/venv/lib/python3.11/site-packages/airflow/example_dags/example_external_task_marker_dag.py
[2025-07-19T16:09:22.841+0530] {processor.py:925} INFO - DAG(s) 'example_external_task_marker_parent', 'example_external_task_marker_child' retrieved from /Users/parth/Desktop/Engine/venv/lib/python3.11/site-packages/airflow/example_dags/example_external_task_marker_dag.py
[2025-07-19T16:09:23.419+0530] {logging_mixin.py:190} INFO - [2025-07-19T16:09:23.419+0530] {dag.py:3239} INFO - Sync 2 DAGs
[2025-07-19T16:09:23.427+0530] {logging_mixin.py:190} INFO - [2025-07-19T16:09:23.426+0530] {dag.py:4180} INFO - Setting next_dagrun for example_external_task_marker_child to None, run_after=None
[2025-07-19T16:09:23.429+0530] {logging_mixin.py:190} INFO - [2025-07-19T16:09:23.429+0530] {dag.py:4180} INFO - Setting next_dagrun for example_external_task_marker_parent to None, run_after=None
[2025-07-19T16:09:23.439+0530] {processor.py:208} INFO - Processing /Users/parth/Desktop/Engine/venv/lib/python3.11/site-packages/airflow/example_dags/example_external_task_marker_dag.py took 0.609 seconds
