[2025-07-19T15:41:35.020+0530] {processor.py:186} INFO - Started process (PID=2207) to work on /Users/parth/Desktop/Engine/venv/lib/python3.11/site-packages/airflow/example_dags/example_branch_python_dop_operator_3.py
[2025-07-19T15:41:35.020+0530] {processor.py:914} INFO - Processing file /Users/parth/Desktop/Engine/venv/lib/python3.11/site-packages/airflow/example_dags/example_branch_python_dop_operator_3.py for tasks to queue
[2025-07-19T15:41:35.021+0530] {logging_mixin.py:190} INFO - [2025-07-19T15:41:35.021+0530] {dagbag.py:588} INFO - Filling up the DagBag from /Users/parth/Desktop/Engine/venv/lib/python3.11/site-packages/airflow/example_dags/example_branch_python_dop_operator_3.py
[2025-07-19T15:41:35.041+0530] {processor.py:925} INFO - DAG(s) 'example_branch_dop_operator_v3' retrieved from /Users/parth/Desktop/Engine/venv/lib/python3.11/site-packages/airflow/example_dags/example_branch_python_dop_operator_3.py
[2025-07-19T15:41:35.082+0530] {logging_mixin.py:190} INFO - [2025-07-19T15:41:35.082+0530] {dag.py:3239} INFO - Sync 1 DAGs
[2025-07-19T15:41:35.092+0530] {logging_mixin.py:190} INFO - [2025-07-19T15:41:35.092+0530] {dag.py:4180} INFO - Setting next_dagrun for example_branch_dop_operator_v3 to 2025-07-19 10:10:00+00:00, run_after=2025-07-19 10:11:00+00:00
[2025-07-19T15:41:35.099+0530] {processor.py:208} INFO - Processing /Users/parth/Desktop/Engine/venv/lib/python3.11/site-packages/airflow/example_dags/example_branch_python_dop_operator_3.py took 0.081 seconds
[2025-07-19T15:44:49.150+0530] {processor.py:186} INFO - Started process (PID=3536) to work on /Users/parth/Desktop/Engine/venv/lib/python3.11/site-packages/airflow/example_dags/example_branch_python_dop_operator_3.py
[2025-07-19T15:44:49.151+0530] {processor.py:914} INFO - Processing file /Users/parth/Desktop/Engine/venv/lib/python3.11/site-packages/airflow/example_dags/example_branch_python_dop_operator_3.py for tasks to queue
[2025-07-19T15:44:49.152+0530] {logging_mixin.py:190} INFO - [2025-07-19T15:44:49.151+0530] {dagbag.py:588} INFO - Filling up the DagBag from /Users/parth/Desktop/Engine/venv/lib/python3.11/site-packages/airflow/example_dags/example_branch_python_dop_operator_3.py
[2025-07-19T15:44:49.172+0530] {processor.py:925} INFO - DAG(s) 'example_branch_dop_operator_v3' retrieved from /Users/parth/Desktop/Engine/venv/lib/python3.11/site-packages/airflow/example_dags/example_branch_python_dop_operator_3.py
[2025-07-19T15:44:49.215+0530] {logging_mixin.py:190} INFO - [2025-07-19T15:44:49.214+0530] {dag.py:3239} INFO - Sync 1 DAGs
[2025-07-19T15:44:49.224+0530] {logging_mixin.py:190} INFO - [2025-07-19T15:44:49.224+0530] {dag.py:4180} INFO - Setting next_dagrun for example_branch_dop_operator_v3 to 2025-07-19 10:13:00+00:00, run_after=2025-07-19 10:14:00+00:00
[2025-07-19T15:44:49.232+0530] {processor.py:208} INFO - Processing /Users/parth/Desktop/Engine/venv/lib/python3.11/site-packages/airflow/example_dags/example_branch_python_dop_operator_3.py took 0.084 seconds
[2025-07-19T15:48:01.249+0530] {processor.py:186} INFO - Started process (PID=4791) to work on /Users/parth/Desktop/Engine/venv/lib/python3.11/site-packages/airflow/example_dags/example_branch_python_dop_operator_3.py
[2025-07-19T15:48:01.249+0530] {processor.py:914} INFO - Processing file /Users/parth/Desktop/Engine/venv/lib/python3.11/site-packages/airflow/example_dags/example_branch_python_dop_operator_3.py for tasks to queue
[2025-07-19T15:48:01.250+0530] {logging_mixin.py:190} INFO - [2025-07-19T15:48:01.250+0530] {dagbag.py:588} INFO - Filling up the DagBag from /Users/parth/Desktop/Engine/venv/lib/python3.11/site-packages/airflow/example_dags/example_branch_python_dop_operator_3.py
[2025-07-19T15:48:01.269+0530] {processor.py:925} INFO - DAG(s) 'example_branch_dop_operator_v3' retrieved from /Users/parth/Desktop/Engine/venv/lib/python3.11/site-packages/airflow/example_dags/example_branch_python_dop_operator_3.py
[2025-07-19T15:48:01.309+0530] {logging_mixin.py:190} INFO - [2025-07-19T15:48:01.309+0530] {dag.py:3239} INFO - Sync 1 DAGs
[2025-07-19T15:48:01.318+0530] {logging_mixin.py:190} INFO - [2025-07-19T15:48:01.318+0530] {dag.py:4180} INFO - Setting next_dagrun for example_branch_dop_operator_v3 to 2025-07-19 10:17:00+00:00, run_after=2025-07-19 10:18:00+00:00
[2025-07-19T15:48:01.326+0530] {processor.py:208} INFO - Processing /Users/parth/Desktop/Engine/venv/lib/python3.11/site-packages/airflow/example_dags/example_branch_python_dop_operator_3.py took 0.078 seconds
[2025-07-19T15:51:04.897+0530] {processor.py:186} INFO - Started process (PID=6019) to work on /Users/parth/Desktop/Engine/venv/lib/python3.11/site-packages/airflow/example_dags/example_branch_python_dop_operator_3.py
[2025-07-19T15:51:04.898+0530] {processor.py:914} INFO - Processing file /Users/parth/Desktop/Engine/venv/lib/python3.11/site-packages/airflow/example_dags/example_branch_python_dop_operator_3.py for tasks to queue
[2025-07-19T15:51:04.898+0530] {logging_mixin.py:190} INFO - [2025-07-19T15:51:04.898+0530] {dagbag.py:588} INFO - Filling up the DagBag from /Users/parth/Desktop/Engine/venv/lib/python3.11/site-packages/airflow/example_dags/example_branch_python_dop_operator_3.py
[2025-07-19T15:51:04.920+0530] {processor.py:925} INFO - DAG(s) 'example_branch_dop_operator_v3' retrieved from /Users/parth/Desktop/Engine/venv/lib/python3.11/site-packages/airflow/example_dags/example_branch_python_dop_operator_3.py
[2025-07-19T15:51:04.967+0530] {logging_mixin.py:190} INFO - [2025-07-19T15:51:04.967+0530] {dag.py:3239} INFO - Sync 1 DAGs
[2025-07-19T15:51:04.979+0530] {logging_mixin.py:190} INFO - [2025-07-19T15:51:04.979+0530] {dag.py:4180} INFO - Setting next_dagrun for example_branch_dop_operator_v3 to 2025-07-19 10:20:00+00:00, run_after=2025-07-19 10:21:00+00:00
[2025-07-19T15:51:04.987+0530] {processor.py:208} INFO - Processing /Users/parth/Desktop/Engine/venv/lib/python3.11/site-packages/airflow/example_dags/example_branch_python_dop_operator_3.py took 0.092 seconds
[2025-07-19T15:54:41.790+0530] {processor.py:186} INFO - Started process (PID=7519) to work on /Users/parth/Desktop/Engine/venv/lib/python3.11/site-packages/airflow/example_dags/example_branch_python_dop_operator_3.py
[2025-07-19T15:54:41.790+0530] {processor.py:914} INFO - Processing file /Users/parth/Desktop/Engine/venv/lib/python3.11/site-packages/airflow/example_dags/example_branch_python_dop_operator_3.py for tasks to queue
[2025-07-19T15:54:41.791+0530] {logging_mixin.py:190} INFO - [2025-07-19T15:54:41.791+0530] {dagbag.py:588} INFO - Filling up the DagBag from /Users/parth/Desktop/Engine/venv/lib/python3.11/site-packages/airflow/example_dags/example_branch_python_dop_operator_3.py
[2025-07-19T15:54:41.815+0530] {processor.py:925} INFO - DAG(s) 'example_branch_dop_operator_v3' retrieved from /Users/parth/Desktop/Engine/venv/lib/python3.11/site-packages/airflow/example_dags/example_branch_python_dop_operator_3.py
[2025-07-19T15:54:41.868+0530] {logging_mixin.py:190} INFO - [2025-07-19T15:54:41.867+0530] {dag.py:3239} INFO - Sync 1 DAGs
[2025-07-19T15:54:41.881+0530] {logging_mixin.py:190} INFO - [2025-07-19T15:54:41.881+0530] {dag.py:4180} INFO - Setting next_dagrun for example_branch_dop_operator_v3 to 2025-07-19 10:23:00+00:00, run_after=2025-07-19 10:24:00+00:00
[2025-07-19T15:54:41.891+0530] {processor.py:208} INFO - Processing /Users/parth/Desktop/Engine/venv/lib/python3.11/site-packages/airflow/example_dags/example_branch_python_dop_operator_3.py took 0.103 seconds
[2025-07-19T15:57:58.983+0530] {processor.py:186} INFO - Started process (PID=9047) to work on /Users/parth/Desktop/Engine/venv/lib/python3.11/site-packages/airflow/example_dags/example_branch_python_dop_operator_3.py
[2025-07-19T15:57:58.983+0530] {processor.py:914} INFO - Processing file /Users/parth/Desktop/Engine/venv/lib/python3.11/site-packages/airflow/example_dags/example_branch_python_dop_operator_3.py for tasks to queue
[2025-07-19T15:57:58.984+0530] {logging_mixin.py:190} INFO - [2025-07-19T15:57:58.984+0530] {dagbag.py:588} INFO - Filling up the DagBag from /Users/parth/Desktop/Engine/venv/lib/python3.11/site-packages/airflow/example_dags/example_branch_python_dop_operator_3.py
[2025-07-19T15:57:59.008+0530] {processor.py:925} INFO - DAG(s) 'example_branch_dop_operator_v3' retrieved from /Users/parth/Desktop/Engine/venv/lib/python3.11/site-packages/airflow/example_dags/example_branch_python_dop_operator_3.py
[2025-07-19T15:57:59.059+0530] {logging_mixin.py:190} INFO - [2025-07-19T15:57:59.059+0530] {dag.py:3239} INFO - Sync 1 DAGs
[2025-07-19T15:57:59.071+0530] {logging_mixin.py:190} INFO - [2025-07-19T15:57:59.071+0530] {dag.py:4180} INFO - Setting next_dagrun for example_branch_dop_operator_v3 to 2025-07-19 10:26:00+00:00, run_after=2025-07-19 10:27:00+00:00
[2025-07-19T15:57:59.081+0530] {processor.py:208} INFO - Processing /Users/parth/Desktop/Engine/venv/lib/python3.11/site-packages/airflow/example_dags/example_branch_python_dop_operator_3.py took 0.100 seconds
[2025-07-19T16:01:31.074+0530] {processor.py:186} INFO - Started process (PID=10433) to work on /Users/parth/Desktop/Engine/venv/lib/python3.11/site-packages/airflow/example_dags/example_branch_python_dop_operator_3.py
[2025-07-19T16:01:31.075+0530] {processor.py:914} INFO - Processing file /Users/parth/Desktop/Engine/venv/lib/python3.11/site-packages/airflow/example_dags/example_branch_python_dop_operator_3.py for tasks to queue
[2025-07-19T16:01:31.076+0530] {logging_mixin.py:190} INFO - [2025-07-19T16:01:31.076+0530] {dagbag.py:588} INFO - Filling up the DagBag from /Users/parth/Desktop/Engine/venv/lib/python3.11/site-packages/airflow/example_dags/example_branch_python_dop_operator_3.py
[2025-07-19T16:01:31.112+0530] {processor.py:925} INFO - DAG(s) 'example_branch_dop_operator_v3' retrieved from /Users/parth/Desktop/Engine/venv/lib/python3.11/site-packages/airflow/example_dags/example_branch_python_dop_operator_3.py
[2025-07-19T16:01:31.187+0530] {logging_mixin.py:190} INFO - [2025-07-19T16:01:31.187+0530] {dag.py:3239} INFO - Sync 1 DAGs
[2025-07-19T16:01:31.205+0530] {logging_mixin.py:190} INFO - [2025-07-19T16:01:31.205+0530] {dag.py:4180} INFO - Setting next_dagrun for example_branch_dop_operator_v3 to 2025-07-19 10:30:00+00:00, run_after=2025-07-19 10:31:00+00:00
[2025-07-19T16:01:31.219+0530] {processor.py:208} INFO - Processing /Users/parth/Desktop/Engine/venv/lib/python3.11/site-packages/airflow/example_dags/example_branch_python_dop_operator_3.py took 0.150 seconds
[2025-07-19T16:07:33.518+0530] {processor.py:186} INFO - Started process (PID=12923) to work on /Users/parth/Desktop/Engine/venv/lib/python3.11/site-packages/airflow/example_dags/example_branch_python_dop_operator_3.py
[2025-07-19T16:07:33.519+0530] {processor.py:914} INFO - Processing file /Users/parth/Desktop/Engine/venv/lib/python3.11/site-packages/airflow/example_dags/example_branch_python_dop_operator_3.py for tasks to queue
[2025-07-19T16:07:33.519+0530] {logging_mixin.py:190} INFO - [2025-07-19T16:07:33.519+0530] {dagbag.py:588} INFO - Filling up the DagBag from /Users/parth/Desktop/Engine/venv/lib/python3.11/site-packages/airflow/example_dags/example_branch_python_dop_operator_3.py
[2025-07-19T16:07:33.544+0530] {processor.py:925} INFO - DAG(s) 'example_branch_dop_operator_v3' retrieved from /Users/parth/Desktop/Engine/venv/lib/python3.11/site-packages/airflow/example_dags/example_branch_python_dop_operator_3.py
[2025-07-19T16:07:33.596+0530] {logging_mixin.py:190} INFO - [2025-07-19T16:07:33.596+0530] {dag.py:3239} INFO - Sync 1 DAGs
[2025-07-19T16:07:33.608+0530] {logging_mixin.py:190} INFO - [2025-07-19T16:07:33.608+0530] {dag.py:4180} INFO - Setting next_dagrun for example_branch_dop_operator_v3 to 2025-07-19 10:36:00+00:00, run_after=2025-07-19 10:37:00+00:00
[2025-07-19T16:07:33.618+0530] {processor.py:208} INFO - Processing /Users/parth/Desktop/Engine/venv/lib/python3.11/site-packages/airflow/example_dags/example_branch_python_dop_operator_3.py took 0.102 seconds
[2025-07-19T16:11:13.701+0530] {processor.py:186} INFO - Started process (PID=14402) to work on /Users/parth/Desktop/Engine/venv/lib/python3.11/site-packages/airflow/example_dags/example_branch_python_dop_operator_3.py
[2025-07-19T16:11:13.702+0530] {processor.py:914} INFO - Processing file /Users/parth/Desktop/Engine/venv/lib/python3.11/site-packages/airflow/example_dags/example_branch_python_dop_operator_3.py for tasks to queue
[2025-07-19T16:11:13.703+0530] {logging_mixin.py:190} INFO - [2025-07-19T16:11:13.702+0530] {dagbag.py:588} INFO - Filling up the DagBag from /Users/parth/Desktop/Engine/venv/lib/python3.11/site-packages/airflow/example_dags/example_branch_python_dop_operator_3.py
[2025-07-19T16:11:13.736+0530] {processor.py:925} INFO - DAG(s) 'example_branch_dop_operator_v3' retrieved from /Users/parth/Desktop/Engine/venv/lib/python3.11/site-packages/airflow/example_dags/example_branch_python_dop_operator_3.py
[2025-07-19T16:11:13.809+0530] {logging_mixin.py:190} INFO - [2025-07-19T16:11:13.809+0530] {dag.py:3239} INFO - Sync 1 DAGs
[2025-07-19T16:11:13.825+0530] {logging_mixin.py:190} INFO - [2025-07-19T16:11:13.825+0530] {dag.py:4180} INFO - Setting next_dagrun for example_branch_dop_operator_v3 to 2025-07-19 10:40:00+00:00, run_after=2025-07-19 10:41:00+00:00
[2025-07-19T16:11:13.837+0530] {processor.py:208} INFO - Processing /Users/parth/Desktop/Engine/venv/lib/python3.11/site-packages/airflow/example_dags/example_branch_python_dop_operator_3.py took 0.139 seconds
