[2025-07-19T15:41:31.024+0530] {processor.py:186} INFO - Started process (PID=2179) to work on /Users/parth/Desktop/Engine/venv/lib/python3.11/site-packages/airflow/example_dags/example_dag_decorator.py
[2025-07-19T15:41:31.025+0530] {processor.py:914} INFO - Processing file /Users/parth/Desktop/Engine/venv/lib/python3.11/site-packages/airflow/example_dags/example_dag_decorator.py for tasks to queue
[2025-07-19T15:41:31.025+0530] {logging_mixin.py:190} INFO - [2025-07-19T15:41:31.025+0530] {dagbag.py:588} INFO - Filling up the DagBag from /Users/parth/Desktop/Engine/venv/lib/python3.11/site-packages/airflow/example_dags/example_dag_decorator.py
[2025-07-19T15:41:31.072+0530] {processor.py:925} INFO - DAG(s) 'example_dag_decorator' retrieved from /Users/parth/Desktop/Engine/venv/lib/python3.11/site-packages/airflow/example_dags/example_dag_decorator.py
[2025-07-19T15:41:31.214+0530] {logging_mixin.py:190} INFO - [2025-07-19T15:41:31.214+0530] {dag.py:3239} INFO - Sync 1 DAGs
[2025-07-19T15:41:31.218+0530] {logging_mixin.py:190} INFO - [2025-07-19T15:41:31.218+0530] {dag.py:4180} INFO - Setting next_dagrun for example_dag_decorator to None, run_after=None
[2025-07-19T15:41:31.226+0530] {processor.py:208} INFO - Processing /Users/parth/Desktop/Engine/venv/lib/python3.11/site-packages/airflow/example_dags/example_dag_decorator.py took 0.204 seconds
[2025-07-19T15:44:44.640+0530] {processor.py:186} INFO - Started process (PID=3508) to work on /Users/parth/Desktop/Engine/venv/lib/python3.11/site-packages/airflow/example_dags/example_dag_decorator.py
[2025-07-19T15:44:44.641+0530] {processor.py:914} INFO - Processing file /Users/parth/Desktop/Engine/venv/lib/python3.11/site-packages/airflow/example_dags/example_dag_decorator.py for tasks to queue
[2025-07-19T15:44:44.642+0530] {logging_mixin.py:190} INFO - [2025-07-19T15:44:44.642+0530] {dagbag.py:588} INFO - Filling up the DagBag from /Users/parth/Desktop/Engine/venv/lib/python3.11/site-packages/airflow/example_dags/example_dag_decorator.py
[2025-07-19T15:44:44.697+0530] {processor.py:925} INFO - DAG(s) 'example_dag_decorator' retrieved from /Users/parth/Desktop/Engine/venv/lib/python3.11/site-packages/airflow/example_dags/example_dag_decorator.py
[2025-07-19T15:44:44.855+0530] {logging_mixin.py:190} INFO - [2025-07-19T15:44:44.855+0530] {dag.py:3239} INFO - Sync 1 DAGs
[2025-07-19T15:44:44.862+0530] {logging_mixin.py:190} INFO - [2025-07-19T15:44:44.862+0530] {dag.py:4180} INFO - Setting next_dagrun for example_dag_decorator to None, run_after=None
[2025-07-19T15:44:44.882+0530] {processor.py:208} INFO - Processing /Users/parth/Desktop/Engine/venv/lib/python3.11/site-packages/airflow/example_dags/example_dag_decorator.py took 0.244 seconds
[2025-07-19T15:47:57.037+0530] {processor.py:186} INFO - Started process (PID=4763) to work on /Users/parth/Desktop/Engine/venv/lib/python3.11/site-packages/airflow/example_dags/example_dag_decorator.py
[2025-07-19T15:47:57.038+0530] {processor.py:914} INFO - Processing file /Users/parth/Desktop/Engine/venv/lib/python3.11/site-packages/airflow/example_dags/example_dag_decorator.py for tasks to queue
[2025-07-19T15:47:57.039+0530] {logging_mixin.py:190} INFO - [2025-07-19T15:47:57.038+0530] {dagbag.py:588} INFO - Filling up the DagBag from /Users/parth/Desktop/Engine/venv/lib/python3.11/site-packages/airflow/example_dags/example_dag_decorator.py
[2025-07-19T15:47:57.085+0530] {processor.py:925} INFO - DAG(s) 'example_dag_decorator' retrieved from /Users/parth/Desktop/Engine/venv/lib/python3.11/site-packages/airflow/example_dags/example_dag_decorator.py
[2025-07-19T15:47:57.214+0530] {logging_mixin.py:190} INFO - [2025-07-19T15:47:57.214+0530] {dag.py:3239} INFO - Sync 1 DAGs
[2025-07-19T15:47:57.218+0530] {logging_mixin.py:190} INFO - [2025-07-19T15:47:57.217+0530] {dag.py:4180} INFO - Setting next_dagrun for example_dag_decorator to None, run_after=None
[2025-07-19T15:47:57.226+0530] {processor.py:208} INFO - Processing /Users/parth/Desktop/Engine/venv/lib/python3.11/site-packages/airflow/example_dags/example_dag_decorator.py took 0.190 seconds
[2025-07-19T15:51:00.440+0530] {processor.py:186} INFO - Started process (PID=5985) to work on /Users/parth/Desktop/Engine/venv/lib/python3.11/site-packages/airflow/example_dags/example_dag_decorator.py
[2025-07-19T15:51:00.441+0530] {processor.py:914} INFO - Processing file /Users/parth/Desktop/Engine/venv/lib/python3.11/site-packages/airflow/example_dags/example_dag_decorator.py for tasks to queue
[2025-07-19T15:51:00.441+0530] {logging_mixin.py:190} INFO - [2025-07-19T15:51:00.441+0530] {dagbag.py:588} INFO - Filling up the DagBag from /Users/parth/Desktop/Engine/venv/lib/python3.11/site-packages/airflow/example_dags/example_dag_decorator.py
[2025-07-19T15:51:00.486+0530] {processor.py:925} INFO - DAG(s) 'example_dag_decorator' retrieved from /Users/parth/Desktop/Engine/venv/lib/python3.11/site-packages/airflow/example_dags/example_dag_decorator.py
[2025-07-19T15:51:00.643+0530] {logging_mixin.py:190} INFO - [2025-07-19T15:51:00.642+0530] {dag.py:3239} INFO - Sync 1 DAGs
[2025-07-19T15:51:00.647+0530] {logging_mixin.py:190} INFO - [2025-07-19T15:51:00.647+0530] {dag.py:4180} INFO - Setting next_dagrun for example_dag_decorator to None, run_after=None
[2025-07-19T15:51:00.657+0530] {processor.py:208} INFO - Processing /Users/parth/Desktop/Engine/venv/lib/python3.11/site-packages/airflow/example_dags/example_dag_decorator.py took 0.219 seconds
[2025-07-19T15:54:36.856+0530] {processor.py:186} INFO - Started process (PID=7489) to work on /Users/parth/Desktop/Engine/venv/lib/python3.11/site-packages/airflow/example_dags/example_dag_decorator.py
[2025-07-19T15:54:36.857+0530] {processor.py:914} INFO - Processing file /Users/parth/Desktop/Engine/venv/lib/python3.11/site-packages/airflow/example_dags/example_dag_decorator.py for tasks to queue
[2025-07-19T15:54:36.858+0530] {logging_mixin.py:190} INFO - [2025-07-19T15:54:36.858+0530] {dagbag.py:588} INFO - Filling up the DagBag from /Users/parth/Desktop/Engine/venv/lib/python3.11/site-packages/airflow/example_dags/example_dag_decorator.py
[2025-07-19T15:54:36.902+0530] {processor.py:925} INFO - DAG(s) 'example_dag_decorator' retrieved from /Users/parth/Desktop/Engine/venv/lib/python3.11/site-packages/airflow/example_dags/example_dag_decorator.py
[2025-07-19T15:54:37.055+0530] {logging_mixin.py:190} INFO - [2025-07-19T15:54:37.055+0530] {dag.py:3239} INFO - Sync 1 DAGs
[2025-07-19T15:54:37.060+0530] {logging_mixin.py:190} INFO - [2025-07-19T15:54:37.060+0530] {dag.py:4180} INFO - Setting next_dagrun for example_dag_decorator to None, run_after=None
[2025-07-19T15:54:37.071+0530] {processor.py:208} INFO - Processing /Users/parth/Desktop/Engine/venv/lib/python3.11/site-packages/airflow/example_dags/example_dag_decorator.py took 0.218 seconds
[2025-07-19T15:57:54.591+0530] {processor.py:186} INFO - Started process (PID=9008) to work on /Users/parth/Desktop/Engine/venv/lib/python3.11/site-packages/airflow/example_dags/example_dag_decorator.py
[2025-07-19T15:57:54.593+0530] {processor.py:914} INFO - Processing file /Users/parth/Desktop/Engine/venv/lib/python3.11/site-packages/airflow/example_dags/example_dag_decorator.py for tasks to queue
[2025-07-19T15:57:54.593+0530] {logging_mixin.py:190} INFO - [2025-07-19T15:57:54.593+0530] {dagbag.py:588} INFO - Filling up the DagBag from /Users/parth/Desktop/Engine/venv/lib/python3.11/site-packages/airflow/example_dags/example_dag_decorator.py
[2025-07-19T15:57:54.648+0530] {processor.py:925} INFO - DAG(s) 'example_dag_decorator' retrieved from /Users/parth/Desktop/Engine/venv/lib/python3.11/site-packages/airflow/example_dags/example_dag_decorator.py
[2025-07-19T15:57:54.804+0530] {logging_mixin.py:190} INFO - [2025-07-19T15:57:54.804+0530] {dag.py:3239} INFO - Sync 1 DAGs
[2025-07-19T15:57:54.809+0530] {logging_mixin.py:190} INFO - [2025-07-19T15:57:54.809+0530] {dag.py:4180} INFO - Setting next_dagrun for example_dag_decorator to None, run_after=None
[2025-07-19T15:57:54.818+0530] {processor.py:208} INFO - Processing /Users/parth/Desktop/Engine/venv/lib/python3.11/site-packages/airflow/example_dags/example_dag_decorator.py took 0.229 seconds
[2025-07-19T16:01:26.192+0530] {processor.py:186} INFO - Started process (PID=10404) to work on /Users/parth/Desktop/Engine/venv/lib/python3.11/site-packages/airflow/example_dags/example_dag_decorator.py
[2025-07-19T16:01:26.193+0530] {processor.py:914} INFO - Processing file /Users/parth/Desktop/Engine/venv/lib/python3.11/site-packages/airflow/example_dags/example_dag_decorator.py for tasks to queue
[2025-07-19T16:01:26.194+0530] {logging_mixin.py:190} INFO - [2025-07-19T16:01:26.194+0530] {dagbag.py:588} INFO - Filling up the DagBag from /Users/parth/Desktop/Engine/venv/lib/python3.11/site-packages/airflow/example_dags/example_dag_decorator.py
[2025-07-19T16:01:26.273+0530] {processor.py:925} INFO - DAG(s) 'example_dag_decorator' retrieved from /Users/parth/Desktop/Engine/venv/lib/python3.11/site-packages/airflow/example_dags/example_dag_decorator.py
[2025-07-19T16:01:26.491+0530] {logging_mixin.py:190} INFO - [2025-07-19T16:01:26.491+0530] {dag.py:3239} INFO - Sync 1 DAGs
[2025-07-19T16:01:26.498+0530] {logging_mixin.py:190} INFO - [2025-07-19T16:01:26.498+0530] {dag.py:4180} INFO - Setting next_dagrun for example_dag_decorator to None, run_after=None
[2025-07-19T16:01:26.512+0530] {processor.py:208} INFO - Processing /Users/parth/Desktop/Engine/venv/lib/python3.11/site-packages/airflow/example_dags/example_dag_decorator.py took 0.322 seconds
[2025-07-19T16:07:29.270+0530] {processor.py:186} INFO - Started process (PID=12894) to work on /Users/parth/Desktop/Engine/venv/lib/python3.11/site-packages/airflow/example_dags/example_dag_decorator.py
[2025-07-19T16:07:29.272+0530] {processor.py:914} INFO - Processing file /Users/parth/Desktop/Engine/venv/lib/python3.11/site-packages/airflow/example_dags/example_dag_decorator.py for tasks to queue
[2025-07-19T16:07:29.272+0530] {logging_mixin.py:190} INFO - [2025-07-19T16:07:29.272+0530] {dagbag.py:588} INFO - Filling up the DagBag from /Users/parth/Desktop/Engine/venv/lib/python3.11/site-packages/airflow/example_dags/example_dag_decorator.py
[2025-07-19T16:07:29.336+0530] {processor.py:925} INFO - DAG(s) 'example_dag_decorator' retrieved from /Users/parth/Desktop/Engine/venv/lib/python3.11/site-packages/airflow/example_dags/example_dag_decorator.py
[2025-07-19T16:07:29.509+0530] {logging_mixin.py:190} INFO - [2025-07-19T16:07:29.508+0530] {dag.py:3239} INFO - Sync 1 DAGs
[2025-07-19T16:07:29.515+0530] {logging_mixin.py:190} INFO - [2025-07-19T16:07:29.514+0530] {dag.py:4180} INFO - Setting next_dagrun for example_dag_decorator to None, run_after=None
[2025-07-19T16:07:29.526+0530] {processor.py:208} INFO - Processing /Users/parth/Desktop/Engine/venv/lib/python3.11/site-packages/airflow/example_dags/example_dag_decorator.py took 0.259 seconds
[2025-07-19T16:11:07.842+0530] {processor.py:186} INFO - Started process (PID=14363) to work on /Users/parth/Desktop/Engine/venv/lib/python3.11/site-packages/airflow/example_dags/example_dag_decorator.py
[2025-07-19T16:11:07.843+0530] {processor.py:914} INFO - Processing file /Users/parth/Desktop/Engine/venv/lib/python3.11/site-packages/airflow/example_dags/example_dag_decorator.py for tasks to queue
[2025-07-19T16:11:07.844+0530] {logging_mixin.py:190} INFO - [2025-07-19T16:11:07.844+0530] {dagbag.py:588} INFO - Filling up the DagBag from /Users/parth/Desktop/Engine/venv/lib/python3.11/site-packages/airflow/example_dags/example_dag_decorator.py
[2025-07-19T16:11:07.908+0530] {processor.py:925} INFO - DAG(s) 'example_dag_decorator' retrieved from /Users/parth/Desktop/Engine/venv/lib/python3.11/site-packages/airflow/example_dags/example_dag_decorator.py
[2025-07-19T16:11:08.105+0530] {logging_mixin.py:190} INFO - [2025-07-19T16:11:08.105+0530] {dag.py:3239} INFO - Sync 1 DAGs
[2025-07-19T16:11:08.111+0530] {logging_mixin.py:190} INFO - [2025-07-19T16:11:08.111+0530] {dag.py:4180} INFO - Setting next_dagrun for example_dag_decorator to None, run_after=None
[2025-07-19T16:11:08.124+0530] {processor.py:208} INFO - Processing /Users/parth/Desktop/Engine/venv/lib/python3.11/site-packages/airflow/example_dags/example_dag_decorator.py took 0.284 seconds
