[2025-07-19T15:40:31.097+0530] {processor.py:186} INFO - Started process (PID=1742) to work on /Users/parth/Desktop/Engine/venv/lib/python3.11/site-packages/airflow/example_dags/example_task_group.py
[2025-07-19T15:40:31.097+0530] {processor.py:914} INFO - Processing file /Users/parth/Desktop/Engine/venv/lib/python3.11/site-packages/airflow/example_dags/example_task_group.py for tasks to queue
[2025-07-19T15:40:31.098+0530] {logging_mixin.py:190} INFO - [2025-07-19T15:40:31.098+0530] {dagbag.py:588} INFO - Filling up the DagBag from /Users/parth/Desktop/Engine/venv/lib/python3.11/site-packages/airflow/example_dags/example_task_group.py
[2025-07-19T15:40:31.102+0530] {processor.py:925} INFO - DAG(s) 'example_task_group' retrieved from /Users/parth/Desktop/Engine/venv/lib/python3.11/site-packages/airflow/example_dags/example_task_group.py
[2025-07-19T15:40:31.143+0530] {logging_mixin.py:190} INFO - [2025-07-19T15:40:31.143+0530] {dag.py:3239} INFO - Sync 1 DAGs
[2025-07-19T15:40:31.148+0530] {logging_mixin.py:190} INFO - [2025-07-19T15:40:31.148+0530] {dag.py:4180} INFO - Setting next_dagrun for example_task_group to None, run_after=None
[2025-07-19T15:40:31.156+0530] {processor.py:208} INFO - Processing /Users/parth/Desktop/Engine/venv/lib/python3.11/site-packages/airflow/example_dags/example_task_group.py took 0.060 seconds
[2025-07-19T15:42:32.930+0530] {processor.py:186} INFO - Started process (PID=2604) to work on /Users/parth/Desktop/Engine/venv/lib/python3.11/site-packages/airflow/example_dags/example_task_group.py
[2025-07-19T15:42:32.931+0530] {processor.py:914} INFO - Processing file /Users/parth/Desktop/Engine/venv/lib/python3.11/site-packages/airflow/example_dags/example_task_group.py for tasks to queue
[2025-07-19T15:42:32.932+0530] {logging_mixin.py:190} INFO - [2025-07-19T15:42:32.932+0530] {dagbag.py:588} INFO - Filling up the DagBag from /Users/parth/Desktop/Engine/venv/lib/python3.11/site-packages/airflow/example_dags/example_task_group.py
[2025-07-19T15:42:32.936+0530] {processor.py:925} INFO - DAG(s) 'example_task_group' retrieved from /Users/parth/Desktop/Engine/venv/lib/python3.11/site-packages/airflow/example_dags/example_task_group.py
[2025-07-19T15:42:32.978+0530] {logging_mixin.py:190} INFO - [2025-07-19T15:42:32.978+0530] {dag.py:3239} INFO - Sync 1 DAGs
[2025-07-19T15:42:32.982+0530] {logging_mixin.py:190} INFO - [2025-07-19T15:42:32.982+0530] {dag.py:4180} INFO - Setting next_dagrun for example_task_group to None, run_after=None
[2025-07-19T15:42:32.991+0530] {processor.py:208} INFO - Processing /Users/parth/Desktop/Engine/venv/lib/python3.11/site-packages/airflow/example_dags/example_task_group.py took 0.063 seconds
[2025-07-19T15:44:12.676+0530] {processor.py:186} INFO - Started process (PID=3285) to work on /Users/parth/Desktop/Engine/venv/lib/python3.11/site-packages/airflow/example_dags/example_task_group.py
[2025-07-19T15:44:12.676+0530] {processor.py:914} INFO - Processing file /Users/parth/Desktop/Engine/venv/lib/python3.11/site-packages/airflow/example_dags/example_task_group.py for tasks to queue
[2025-07-19T15:44:12.677+0530] {logging_mixin.py:190} INFO - [2025-07-19T15:44:12.677+0530] {dagbag.py:588} INFO - Filling up the DagBag from /Users/parth/Desktop/Engine/venv/lib/python3.11/site-packages/airflow/example_dags/example_task_group.py
[2025-07-19T15:44:12.681+0530] {processor.py:925} INFO - DAG(s) 'example_task_group' retrieved from /Users/parth/Desktop/Engine/venv/lib/python3.11/site-packages/airflow/example_dags/example_task_group.py
[2025-07-19T15:44:12.722+0530] {logging_mixin.py:190} INFO - [2025-07-19T15:44:12.722+0530] {dag.py:3239} INFO - Sync 1 DAGs
[2025-07-19T15:44:12.726+0530] {logging_mixin.py:190} INFO - [2025-07-19T15:44:12.726+0530] {dag.py:4180} INFO - Setting next_dagrun for example_task_group to None, run_after=None
[2025-07-19T15:44:12.735+0530] {processor.py:208} INFO - Processing /Users/parth/Desktop/Engine/venv/lib/python3.11/site-packages/airflow/example_dags/example_task_group.py took 0.061 seconds
[2025-07-19T15:46:00.677+0530] {processor.py:186} INFO - Started process (PID=4006) to work on /Users/parth/Desktop/Engine/venv/lib/python3.11/site-packages/airflow/example_dags/example_task_group.py
[2025-07-19T15:46:00.678+0530] {processor.py:914} INFO - Processing file /Users/parth/Desktop/Engine/venv/lib/python3.11/site-packages/airflow/example_dags/example_task_group.py for tasks to queue
[2025-07-19T15:46:00.678+0530] {logging_mixin.py:190} INFO - [2025-07-19T15:46:00.678+0530] {dagbag.py:588} INFO - Filling up the DagBag from /Users/parth/Desktop/Engine/venv/lib/python3.11/site-packages/airflow/example_dags/example_task_group.py
[2025-07-19T15:46:00.682+0530] {processor.py:925} INFO - DAG(s) 'example_task_group' retrieved from /Users/parth/Desktop/Engine/venv/lib/python3.11/site-packages/airflow/example_dags/example_task_group.py
[2025-07-19T15:46:00.725+0530] {logging_mixin.py:190} INFO - [2025-07-19T15:46:00.725+0530] {dag.py:3239} INFO - Sync 1 DAGs
[2025-07-19T15:46:00.730+0530] {logging_mixin.py:190} INFO - [2025-07-19T15:46:00.730+0530] {dag.py:4180} INFO - Setting next_dagrun for example_task_group to None, run_after=None
[2025-07-19T15:46:00.738+0530] {processor.py:208} INFO - Processing /Users/parth/Desktop/Engine/venv/lib/python3.11/site-packages/airflow/example_dags/example_task_group.py took 0.063 seconds
[2025-07-19T15:47:29.070+0530] {processor.py:186} INFO - Started process (PID=4582) to work on /Users/parth/Desktop/Engine/venv/lib/python3.11/site-packages/airflow/example_dags/example_task_group.py
[2025-07-19T15:47:29.071+0530] {processor.py:914} INFO - Processing file /Users/parth/Desktop/Engine/venv/lib/python3.11/site-packages/airflow/example_dags/example_task_group.py for tasks to queue
[2025-07-19T15:47:29.071+0530] {logging_mixin.py:190} INFO - [2025-07-19T15:47:29.071+0530] {dagbag.py:588} INFO - Filling up the DagBag from /Users/parth/Desktop/Engine/venv/lib/python3.11/site-packages/airflow/example_dags/example_task_group.py
[2025-07-19T15:47:29.076+0530] {processor.py:925} INFO - DAG(s) 'example_task_group' retrieved from /Users/parth/Desktop/Engine/venv/lib/python3.11/site-packages/airflow/example_dags/example_task_group.py
[2025-07-19T15:47:29.116+0530] {logging_mixin.py:190} INFO - [2025-07-19T15:47:29.116+0530] {dag.py:3239} INFO - Sync 1 DAGs
[2025-07-19T15:47:29.120+0530] {logging_mixin.py:190} INFO - [2025-07-19T15:47:29.120+0530] {dag.py:4180} INFO - Setting next_dagrun for example_task_group to None, run_after=None
[2025-07-19T15:47:29.128+0530] {processor.py:208} INFO - Processing /Users/parth/Desktop/Engine/venv/lib/python3.11/site-packages/airflow/example_dags/example_task_group.py took 0.059 seconds
[2025-07-19T15:48:55.826+0530] {processor.py:186} INFO - Started process (PID=5154) to work on /Users/parth/Desktop/Engine/venv/lib/python3.11/site-packages/airflow/example_dags/example_task_group.py
[2025-07-19T15:48:55.828+0530] {processor.py:914} INFO - Processing file /Users/parth/Desktop/Engine/venv/lib/python3.11/site-packages/airflow/example_dags/example_task_group.py for tasks to queue
[2025-07-19T15:48:55.828+0530] {logging_mixin.py:190} INFO - [2025-07-19T15:48:55.828+0530] {dagbag.py:588} INFO - Filling up the DagBag from /Users/parth/Desktop/Engine/venv/lib/python3.11/site-packages/airflow/example_dags/example_task_group.py
[2025-07-19T15:48:55.832+0530] {processor.py:925} INFO - DAG(s) 'example_task_group' retrieved from /Users/parth/Desktop/Engine/venv/lib/python3.11/site-packages/airflow/example_dags/example_task_group.py
[2025-07-19T15:48:55.871+0530] {logging_mixin.py:190} INFO - [2025-07-19T15:48:55.871+0530] {dag.py:3239} INFO - Sync 1 DAGs
[2025-07-19T15:48:55.875+0530] {logging_mixin.py:190} INFO - [2025-07-19T15:48:55.875+0530] {dag.py:4180} INFO - Setting next_dagrun for example_task_group to None, run_after=None
[2025-07-19T15:48:55.883+0530] {processor.py:208} INFO - Processing /Users/parth/Desktop/Engine/venv/lib/python3.11/site-packages/airflow/example_dags/example_task_group.py took 0.058 seconds
[2025-07-19T15:50:26.527+0530] {processor.py:186} INFO - Started process (PID=5754) to work on /Users/parth/Desktop/Engine/venv/lib/python3.11/site-packages/airflow/example_dags/example_task_group.py
[2025-07-19T15:50:26.528+0530] {processor.py:914} INFO - Processing file /Users/parth/Desktop/Engine/venv/lib/python3.11/site-packages/airflow/example_dags/example_task_group.py for tasks to queue
[2025-07-19T15:50:26.529+0530] {logging_mixin.py:190} INFO - [2025-07-19T15:50:26.529+0530] {dagbag.py:588} INFO - Filling up the DagBag from /Users/parth/Desktop/Engine/venv/lib/python3.11/site-packages/airflow/example_dags/example_task_group.py
[2025-07-19T15:50:26.534+0530] {processor.py:925} INFO - DAG(s) 'example_task_group' retrieved from /Users/parth/Desktop/Engine/venv/lib/python3.11/site-packages/airflow/example_dags/example_task_group.py
[2025-07-19T15:50:26.588+0530] {logging_mixin.py:190} INFO - [2025-07-19T15:50:26.588+0530] {dag.py:3239} INFO - Sync 1 DAGs
[2025-07-19T15:50:26.594+0530] {logging_mixin.py:190} INFO - [2025-07-19T15:50:26.593+0530] {dag.py:4180} INFO - Setting next_dagrun for example_task_group to None, run_after=None
[2025-07-19T15:50:26.604+0530] {processor.py:208} INFO - Processing /Users/parth/Desktop/Engine/venv/lib/python3.11/site-packages/airflow/example_dags/example_task_group.py took 0.079 seconds
[2025-07-19T15:52:02.485+0530] {processor.py:186} INFO - Started process (PID=6422) to work on /Users/parth/Desktop/Engine/venv/lib/python3.11/site-packages/airflow/example_dags/example_task_group.py
[2025-07-19T15:52:02.487+0530] {processor.py:914} INFO - Processing file /Users/parth/Desktop/Engine/venv/lib/python3.11/site-packages/airflow/example_dags/example_task_group.py for tasks to queue
[2025-07-19T15:52:02.487+0530] {logging_mixin.py:190} INFO - [2025-07-19T15:52:02.487+0530] {dagbag.py:588} INFO - Filling up the DagBag from /Users/parth/Desktop/Engine/venv/lib/python3.11/site-packages/airflow/example_dags/example_task_group.py
[2025-07-19T15:52:02.493+0530] {processor.py:925} INFO - DAG(s) 'example_task_group' retrieved from /Users/parth/Desktop/Engine/venv/lib/python3.11/site-packages/airflow/example_dags/example_task_group.py
[2025-07-19T15:52:02.546+0530] {logging_mixin.py:190} INFO - [2025-07-19T15:52:02.546+0530] {dag.py:3239} INFO - Sync 1 DAGs
[2025-07-19T15:52:02.551+0530] {logging_mixin.py:190} INFO - [2025-07-19T15:52:02.551+0530] {dag.py:4180} INFO - Setting next_dagrun for example_task_group to None, run_after=None
[2025-07-19T15:52:02.561+0530] {processor.py:208} INFO - Processing /Users/parth/Desktop/Engine/venv/lib/python3.11/site-packages/airflow/example_dags/example_task_group.py took 0.078 seconds
[2025-07-19T15:53:49.984+0530] {processor.py:186} INFO - Started process (PID=7154) to work on /Users/parth/Desktop/Engine/venv/lib/python3.11/site-packages/airflow/example_dags/example_task_group.py
[2025-07-19T15:53:49.985+0530] {processor.py:914} INFO - Processing file /Users/parth/Desktop/Engine/venv/lib/python3.11/site-packages/airflow/example_dags/example_task_group.py for tasks to queue
[2025-07-19T15:53:49.986+0530] {logging_mixin.py:190} INFO - [2025-07-19T15:53:49.986+0530] {dagbag.py:588} INFO - Filling up the DagBag from /Users/parth/Desktop/Engine/venv/lib/python3.11/site-packages/airflow/example_dags/example_task_group.py
[2025-07-19T15:53:49.992+0530] {processor.py:925} INFO - DAG(s) 'example_task_group' retrieved from /Users/parth/Desktop/Engine/venv/lib/python3.11/site-packages/airflow/example_dags/example_task_group.py
[2025-07-19T15:53:50.050+0530] {logging_mixin.py:190} INFO - [2025-07-19T15:53:50.050+0530] {dag.py:3239} INFO - Sync 1 DAGs
[2025-07-19T15:53:50.057+0530] {logging_mixin.py:190} INFO - [2025-07-19T15:53:50.057+0530] {dag.py:4180} INFO - Setting next_dagrun for example_task_group to None, run_after=None
[2025-07-19T15:53:50.068+0530] {processor.py:208} INFO - Processing /Users/parth/Desktop/Engine/venv/lib/python3.11/site-packages/airflow/example_dags/example_task_group.py took 0.086 seconds
[2025-07-19T15:56:49.060+0530] {processor.py:186} INFO - Started process (PID=8592) to work on /Users/parth/Desktop/Engine/venv/lib/python3.11/site-packages/airflow/example_dags/example_task_group.py
[2025-07-19T15:56:49.062+0530] {processor.py:914} INFO - Processing file /Users/parth/Desktop/Engine/venv/lib/python3.11/site-packages/airflow/example_dags/example_task_group.py for tasks to queue
[2025-07-19T15:56:49.063+0530] {logging_mixin.py:190} INFO - [2025-07-19T15:56:49.063+0530] {dagbag.py:588} INFO - Filling up the DagBag from /Users/parth/Desktop/Engine/venv/lib/python3.11/site-packages/airflow/example_dags/example_task_group.py
[2025-07-19T15:56:49.070+0530] {processor.py:925} INFO - DAG(s) 'example_task_group' retrieved from /Users/parth/Desktop/Engine/venv/lib/python3.11/site-packages/airflow/example_dags/example_task_group.py
[2025-07-19T15:56:49.136+0530] {logging_mixin.py:190} INFO - [2025-07-19T15:56:49.135+0530] {dag.py:3239} INFO - Sync 1 DAGs
[2025-07-19T15:56:49.142+0530] {logging_mixin.py:190} INFO - [2025-07-19T15:56:49.142+0530] {dag.py:4180} INFO - Setting next_dagrun for example_task_group to None, run_after=None
[2025-07-19T15:56:49.155+0530] {processor.py:208} INFO - Processing /Users/parth/Desktop/Engine/venv/lib/python3.11/site-packages/airflow/example_dags/example_task_group.py took 0.097 seconds
[2025-07-19T15:58:58.086+0530] {processor.py:186} INFO - Started process (PID=9425) to work on /Users/parth/Desktop/Engine/venv/lib/python3.11/site-packages/airflow/example_dags/example_task_group.py
[2025-07-19T15:58:58.087+0530] {processor.py:914} INFO - Processing file /Users/parth/Desktop/Engine/venv/lib/python3.11/site-packages/airflow/example_dags/example_task_group.py for tasks to queue
[2025-07-19T15:58:58.088+0530] {logging_mixin.py:190} INFO - [2025-07-19T15:58:58.088+0530] {dagbag.py:588} INFO - Filling up the DagBag from /Users/parth/Desktop/Engine/venv/lib/python3.11/site-packages/airflow/example_dags/example_task_group.py
[2025-07-19T15:58:58.093+0530] {processor.py:925} INFO - DAG(s) 'example_task_group' retrieved from /Users/parth/Desktop/Engine/venv/lib/python3.11/site-packages/airflow/example_dags/example_task_group.py
[2025-07-19T15:58:58.148+0530] {logging_mixin.py:190} INFO - [2025-07-19T15:58:58.148+0530] {dag.py:3239} INFO - Sync 1 DAGs
[2025-07-19T15:58:58.154+0530] {logging_mixin.py:190} INFO - [2025-07-19T15:58:58.154+0530] {dag.py:4180} INFO - Setting next_dagrun for example_task_group to None, run_after=None
[2025-07-19T15:58:58.164+0530] {processor.py:208} INFO - Processing /Users/parth/Desktop/Engine/venv/lib/python3.11/site-packages/airflow/example_dags/example_task_group.py took 0.080 seconds
[2025-07-19T16:00:42.075+0530] {processor.py:186} INFO - Started process (PID=10102) to work on /Users/parth/Desktop/Engine/venv/lib/python3.11/site-packages/airflow/example_dags/example_task_group.py
[2025-07-19T16:00:42.077+0530] {processor.py:914} INFO - Processing file /Users/parth/Desktop/Engine/venv/lib/python3.11/site-packages/airflow/example_dags/example_task_group.py for tasks to queue
[2025-07-19T16:00:42.078+0530] {logging_mixin.py:190} INFO - [2025-07-19T16:00:42.078+0530] {dagbag.py:588} INFO - Filling up the DagBag from /Users/parth/Desktop/Engine/venv/lib/python3.11/site-packages/airflow/example_dags/example_task_group.py
[2025-07-19T16:00:42.085+0530] {processor.py:925} INFO - DAG(s) 'example_task_group' retrieved from /Users/parth/Desktop/Engine/venv/lib/python3.11/site-packages/airflow/example_dags/example_task_group.py
[2025-07-19T16:00:42.151+0530] {logging_mixin.py:190} INFO - [2025-07-19T16:00:42.151+0530] {dag.py:3239} INFO - Sync 1 DAGs
[2025-07-19T16:00:42.157+0530] {logging_mixin.py:190} INFO - [2025-07-19T16:00:42.157+0530] {dag.py:4180} INFO - Setting next_dagrun for example_task_group to None, run_after=None
[2025-07-19T16:00:42.171+0530] {processor.py:208} INFO - Processing /Users/parth/Desktop/Engine/venv/lib/python3.11/site-packages/airflow/example_dags/example_task_group.py took 0.098 seconds
[2025-07-19T16:02:36.192+0530] {processor.py:186} INFO - Started process (PID=10880) to work on /Users/parth/Desktop/Engine/venv/lib/python3.11/site-packages/airflow/example_dags/example_task_group.py
[2025-07-19T16:02:36.194+0530] {processor.py:914} INFO - Processing file /Users/parth/Desktop/Engine/venv/lib/python3.11/site-packages/airflow/example_dags/example_task_group.py for tasks to queue
[2025-07-19T16:02:36.195+0530] {logging_mixin.py:190} INFO - [2025-07-19T16:02:36.195+0530] {dagbag.py:588} INFO - Filling up the DagBag from /Users/parth/Desktop/Engine/venv/lib/python3.11/site-packages/airflow/example_dags/example_task_group.py
[2025-07-19T16:02:36.202+0530] {processor.py:925} INFO - DAG(s) 'example_task_group' retrieved from /Users/parth/Desktop/Engine/venv/lib/python3.11/site-packages/airflow/example_dags/example_task_group.py
[2025-07-19T16:02:36.275+0530] {logging_mixin.py:190} INFO - [2025-07-19T16:02:36.275+0530] {dag.py:3239} INFO - Sync 1 DAGs
[2025-07-19T16:02:36.282+0530] {logging_mixin.py:190} INFO - [2025-07-19T16:02:36.282+0530] {dag.py:4180} INFO - Setting next_dagrun for example_task_group to None, run_after=None
[2025-07-19T16:02:36.297+0530] {processor.py:208} INFO - Processing /Users/parth/Desktop/Engine/venv/lib/python3.11/site-packages/airflow/example_dags/example_task_group.py took 0.108 seconds
[2025-07-19T16:06:19.326+0530] {processor.py:186} INFO - Started process (PID=12410) to work on /Users/parth/Desktop/Engine/venv/lib/python3.11/site-packages/airflow/example_dags/example_task_group.py
[2025-07-19T16:06:19.327+0530] {processor.py:914} INFO - Processing file /Users/parth/Desktop/Engine/venv/lib/python3.11/site-packages/airflow/example_dags/example_task_group.py for tasks to queue
[2025-07-19T16:06:19.328+0530] {logging_mixin.py:190} INFO - [2025-07-19T16:06:19.328+0530] {dagbag.py:588} INFO - Filling up the DagBag from /Users/parth/Desktop/Engine/venv/lib/python3.11/site-packages/airflow/example_dags/example_task_group.py
[2025-07-19T16:06:19.333+0530] {processor.py:925} INFO - DAG(s) 'example_task_group' retrieved from /Users/parth/Desktop/Engine/venv/lib/python3.11/site-packages/airflow/example_dags/example_task_group.py
[2025-07-19T16:06:19.388+0530] {logging_mixin.py:190} INFO - [2025-07-19T16:06:19.388+0530] {dag.py:3239} INFO - Sync 1 DAGs
[2025-07-19T16:06:19.394+0530] {logging_mixin.py:190} INFO - [2025-07-19T16:06:19.394+0530] {dag.py:4180} INFO - Setting next_dagrun for example_task_group to None, run_after=None
[2025-07-19T16:06:19.404+0530] {processor.py:208} INFO - Processing /Users/parth/Desktop/Engine/venv/lib/python3.11/site-packages/airflow/example_dags/example_task_group.py took 0.080 seconds
[2025-07-19T16:08:34.619+0530] {processor.py:186} INFO - Started process (PID=13330) to work on /Users/parth/Desktop/Engine/venv/lib/python3.11/site-packages/airflow/example_dags/example_task_group.py
[2025-07-19T16:08:34.621+0530] {processor.py:914} INFO - Processing file /Users/parth/Desktop/Engine/venv/lib/python3.11/site-packages/airflow/example_dags/example_task_group.py for tasks to queue
[2025-07-19T16:08:34.622+0530] {logging_mixin.py:190} INFO - [2025-07-19T16:08:34.621+0530] {dagbag.py:588} INFO - Filling up the DagBag from /Users/parth/Desktop/Engine/venv/lib/python3.11/site-packages/airflow/example_dags/example_task_group.py
[2025-07-19T16:08:34.628+0530] {processor.py:925} INFO - DAG(s) 'example_task_group' retrieved from /Users/parth/Desktop/Engine/venv/lib/python3.11/site-packages/airflow/example_dags/example_task_group.py
[2025-07-19T16:08:34.695+0530] {logging_mixin.py:190} INFO - [2025-07-19T16:08:34.695+0530] {dag.py:3239} INFO - Sync 1 DAGs
[2025-07-19T16:08:34.702+0530] {logging_mixin.py:190} INFO - [2025-07-19T16:08:34.702+0530] {dag.py:4180} INFO - Setting next_dagrun for example_task_group to None, run_after=None
[2025-07-19T16:08:34.718+0530] {processor.py:208} INFO - Processing /Users/parth/Desktop/Engine/venv/lib/python3.11/site-packages/airflow/example_dags/example_task_group.py took 0.101 seconds
[2025-07-19T16:10:21.418+0530] {processor.py:186} INFO - Started process (PID=14054) to work on /Users/parth/Desktop/Engine/venv/lib/python3.11/site-packages/airflow/example_dags/example_task_group.py
[2025-07-19T16:10:21.419+0530] {processor.py:914} INFO - Processing file /Users/parth/Desktop/Engine/venv/lib/python3.11/site-packages/airflow/example_dags/example_task_group.py for tasks to queue
[2025-07-19T16:10:21.420+0530] {logging_mixin.py:190} INFO - [2025-07-19T16:10:21.420+0530] {dagbag.py:588} INFO - Filling up the DagBag from /Users/parth/Desktop/Engine/venv/lib/python3.11/site-packages/airflow/example_dags/example_task_group.py
[2025-07-19T16:10:21.426+0530] {processor.py:925} INFO - DAG(s) 'example_task_group' retrieved from /Users/parth/Desktop/Engine/venv/lib/python3.11/site-packages/airflow/example_dags/example_task_group.py
[2025-07-19T16:10:21.489+0530] {logging_mixin.py:190} INFO - [2025-07-19T16:10:21.489+0530] {dag.py:3239} INFO - Sync 1 DAGs
[2025-07-19T16:10:21.495+0530] {logging_mixin.py:190} INFO - [2025-07-19T16:10:21.495+0530] {dag.py:4180} INFO - Setting next_dagrun for example_task_group to None, run_after=None
[2025-07-19T16:10:21.507+0530] {processor.py:208} INFO - Processing /Users/parth/Desktop/Engine/venv/lib/python3.11/site-packages/airflow/example_dags/example_task_group.py took 0.092 seconds
