[2025-07-19T15:41:20.878+0530] {processor.py:186} INFO - Started process (PID=2108) to work on /Users/parth/Desktop/Engine/venv/lib/python3.11/site-packages/airflow/example_dags/example_dynamic_task_mapping.py
[2025-07-19T15:41:20.879+0530] {processor.py:914} INFO - Processing file /Users/parth/Desktop/Engine/venv/lib/python3.11/site-packages/airflow/example_dags/example_dynamic_task_mapping.py for tasks to queue
[2025-07-19T15:41:20.879+0530] {logging_mixin.py:190} INFO - [2025-07-19T15:41:20.879+0530] {dagbag.py:588} INFO - Filling up the DagBag from /Users/parth/Desktop/Engine/venv/lib/python3.11/site-packages/airflow/example_dags/example_dynamic_task_mapping.py
[2025-07-19T15:41:20.899+0530] {processor.py:925} INFO - DAG(s) 'example_dynamic_task_mapping' retrieved from /Users/parth/Desktop/Engine/venv/lib/python3.11/site-packages/airflow/example_dags/example_dynamic_task_mapping.py
[2025-07-19T15:41:20.939+0530] {logging_mixin.py:190} INFO - [2025-07-19T15:41:20.939+0530] {dag.py:3239} INFO - Sync 1 DAGs
[2025-07-19T15:41:20.943+0530] {logging_mixin.py:190} INFO - [2025-07-19T15:41:20.943+0530] {dag.py:4180} INFO - Setting next_dagrun for example_dynamic_task_mapping to None, run_after=None
[2025-07-19T15:41:20.952+0530] {processor.py:208} INFO - Processing /Users/parth/Desktop/Engine/venv/lib/python3.11/site-packages/airflow/example_dags/example_dynamic_task_mapping.py took 0.077 seconds
[2025-07-19T15:43:24.579+0530] {processor.py:186} INFO - Started process (PID=2968) to work on /Users/parth/Desktop/Engine/venv/lib/python3.11/site-packages/airflow/example_dags/example_dynamic_task_mapping.py
[2025-07-19T15:43:24.580+0530] {processor.py:914} INFO - Processing file /Users/parth/Desktop/Engine/venv/lib/python3.11/site-packages/airflow/example_dags/example_dynamic_task_mapping.py for tasks to queue
[2025-07-19T15:43:24.581+0530] {logging_mixin.py:190} INFO - [2025-07-19T15:43:24.581+0530] {dagbag.py:588} INFO - Filling up the DagBag from /Users/parth/Desktop/Engine/venv/lib/python3.11/site-packages/airflow/example_dags/example_dynamic_task_mapping.py
[2025-07-19T15:43:24.619+0530] {processor.py:925} INFO - DAG(s) 'example_dynamic_task_mapping' retrieved from /Users/parth/Desktop/Engine/venv/lib/python3.11/site-packages/airflow/example_dags/example_dynamic_task_mapping.py
[2025-07-19T15:43:24.672+0530] {logging_mixin.py:190} INFO - [2025-07-19T15:43:24.671+0530] {dag.py:3239} INFO - Sync 1 DAGs
[2025-07-19T15:43:24.678+0530] {logging_mixin.py:190} INFO - [2025-07-19T15:43:24.678+0530] {dag.py:4180} INFO - Setting next_dagrun for example_dynamic_task_mapping to None, run_after=None
[2025-07-19T15:43:24.688+0530] {processor.py:208} INFO - Processing /Users/parth/Desktop/Engine/venv/lib/python3.11/site-packages/airflow/example_dags/example_dynamic_task_mapping.py took 0.117 seconds
[2025-07-19T15:46:46.863+0530] {processor.py:186} INFO - Started process (PID=4302) to work on /Users/parth/Desktop/Engine/venv/lib/python3.11/site-packages/airflow/example_dags/example_dynamic_task_mapping.py
[2025-07-19T15:46:46.863+0530] {processor.py:914} INFO - Processing file /Users/parth/Desktop/Engine/venv/lib/python3.11/site-packages/airflow/example_dags/example_dynamic_task_mapping.py for tasks to queue
[2025-07-19T15:46:46.864+0530] {logging_mixin.py:190} INFO - [2025-07-19T15:46:46.864+0530] {dagbag.py:588} INFO - Filling up the DagBag from /Users/parth/Desktop/Engine/venv/lib/python3.11/site-packages/airflow/example_dags/example_dynamic_task_mapping.py
[2025-07-19T15:46:46.883+0530] {processor.py:925} INFO - DAG(s) 'example_dynamic_task_mapping' retrieved from /Users/parth/Desktop/Engine/venv/lib/python3.11/site-packages/airflow/example_dags/example_dynamic_task_mapping.py
[2025-07-19T15:46:46.927+0530] {logging_mixin.py:190} INFO - [2025-07-19T15:46:46.926+0530] {dag.py:3239} INFO - Sync 1 DAGs
[2025-07-19T15:46:46.931+0530] {logging_mixin.py:190} INFO - [2025-07-19T15:46:46.931+0530] {dag.py:4180} INFO - Setting next_dagrun for example_dynamic_task_mapping to None, run_after=None
[2025-07-19T15:46:46.939+0530] {processor.py:208} INFO - Processing /Users/parth/Desktop/Engine/venv/lib/python3.11/site-packages/airflow/example_dags/example_dynamic_task_mapping.py took 0.078 seconds
[2025-07-19T15:49:43.155+0530] {processor.py:186} INFO - Started process (PID=5462) to work on /Users/parth/Desktop/Engine/venv/lib/python3.11/site-packages/airflow/example_dags/example_dynamic_task_mapping.py
[2025-07-19T15:49:43.155+0530] {processor.py:914} INFO - Processing file /Users/parth/Desktop/Engine/venv/lib/python3.11/site-packages/airflow/example_dags/example_dynamic_task_mapping.py for tasks to queue
[2025-07-19T15:49:43.156+0530] {logging_mixin.py:190} INFO - [2025-07-19T15:49:43.156+0530] {dagbag.py:588} INFO - Filling up the DagBag from /Users/parth/Desktop/Engine/venv/lib/python3.11/site-packages/airflow/example_dags/example_dynamic_task_mapping.py
[2025-07-19T15:49:43.176+0530] {processor.py:925} INFO - DAG(s) 'example_dynamic_task_mapping' retrieved from /Users/parth/Desktop/Engine/venv/lib/python3.11/site-packages/airflow/example_dags/example_dynamic_task_mapping.py
[2025-07-19T15:49:43.222+0530] {logging_mixin.py:190} INFO - [2025-07-19T15:49:43.222+0530] {dag.py:3239} INFO - Sync 1 DAGs
[2025-07-19T15:49:43.227+0530] {logging_mixin.py:190} INFO - [2025-07-19T15:49:43.227+0530] {dag.py:4180} INFO - Setting next_dagrun for example_dynamic_task_mapping to None, run_after=None
[2025-07-19T15:49:43.235+0530] {processor.py:208} INFO - Processing /Users/parth/Desktop/Engine/venv/lib/python3.11/site-packages/airflow/example_dags/example_dynamic_task_mapping.py took 0.083 seconds
[2025-07-19T15:53:00.475+0530] {processor.py:186} INFO - Started process (PID=6816) to work on /Users/parth/Desktop/Engine/venv/lib/python3.11/site-packages/airflow/example_dags/example_dynamic_task_mapping.py
[2025-07-19T15:53:00.476+0530] {processor.py:914} INFO - Processing file /Users/parth/Desktop/Engine/venv/lib/python3.11/site-packages/airflow/example_dags/example_dynamic_task_mapping.py for tasks to queue
[2025-07-19T15:53:00.476+0530] {logging_mixin.py:190} INFO - [2025-07-19T15:53:00.476+0530] {dagbag.py:588} INFO - Filling up the DagBag from /Users/parth/Desktop/Engine/venv/lib/python3.11/site-packages/airflow/example_dags/example_dynamic_task_mapping.py
[2025-07-19T15:53:00.497+0530] {processor.py:925} INFO - DAG(s) 'example_dynamic_task_mapping' retrieved from /Users/parth/Desktop/Engine/venv/lib/python3.11/site-packages/airflow/example_dags/example_dynamic_task_mapping.py
[2025-07-19T15:53:00.545+0530] {logging_mixin.py:190} INFO - [2025-07-19T15:53:00.545+0530] {dag.py:3239} INFO - Sync 1 DAGs
[2025-07-19T15:53:00.551+0530] {logging_mixin.py:190} INFO - [2025-07-19T15:53:00.551+0530] {dag.py:4180} INFO - Setting next_dagrun for example_dynamic_task_mapping to None, run_after=None
[2025-07-19T15:53:00.559+0530] {processor.py:208} INFO - Processing /Users/parth/Desktop/Engine/venv/lib/python3.11/site-packages/airflow/example_dags/example_dynamic_task_mapping.py took 0.086 seconds
[2025-07-19T15:57:44.151+0530] {processor.py:186} INFO - Started process (PID=8939) to work on /Users/parth/Desktop/Engine/venv/lib/python3.11/site-packages/airflow/example_dags/example_dynamic_task_mapping.py
[2025-07-19T15:57:44.152+0530] {processor.py:914} INFO - Processing file /Users/parth/Desktop/Engine/venv/lib/python3.11/site-packages/airflow/example_dags/example_dynamic_task_mapping.py for tasks to queue
[2025-07-19T15:57:44.153+0530] {logging_mixin.py:190} INFO - [2025-07-19T15:57:44.153+0530] {dagbag.py:588} INFO - Filling up the DagBag from /Users/parth/Desktop/Engine/venv/lib/python3.11/site-packages/airflow/example_dags/example_dynamic_task_mapping.py
[2025-07-19T15:57:44.176+0530] {processor.py:925} INFO - DAG(s) 'example_dynamic_task_mapping' retrieved from /Users/parth/Desktop/Engine/venv/lib/python3.11/site-packages/airflow/example_dags/example_dynamic_task_mapping.py
[2025-07-19T15:57:44.232+0530] {logging_mixin.py:190} INFO - [2025-07-19T15:57:44.232+0530] {dag.py:3239} INFO - Sync 1 DAGs
[2025-07-19T15:57:44.238+0530] {logging_mixin.py:190} INFO - [2025-07-19T15:57:44.238+0530] {dag.py:4180} INFO - Setting next_dagrun for example_dynamic_task_mapping to None, run_after=None
[2025-07-19T15:57:44.251+0530] {processor.py:208} INFO - Processing /Users/parth/Desktop/Engine/venv/lib/python3.11/site-packages/airflow/example_dags/example_dynamic_task_mapping.py took 0.102 seconds
[2025-07-19T15:59:57.750+0530] {processor.py:186} INFO - Started process (PID=9812) to work on /Users/parth/Desktop/Engine/venv/lib/python3.11/site-packages/airflow/example_dags/example_dynamic_task_mapping.py
[2025-07-19T15:59:57.751+0530] {processor.py:914} INFO - Processing file /Users/parth/Desktop/Engine/venv/lib/python3.11/site-packages/airflow/example_dags/example_dynamic_task_mapping.py for tasks to queue
[2025-07-19T15:59:57.752+0530] {logging_mixin.py:190} INFO - [2025-07-19T15:59:57.752+0530] {dagbag.py:588} INFO - Filling up the DagBag from /Users/parth/Desktop/Engine/venv/lib/python3.11/site-packages/airflow/example_dags/example_dynamic_task_mapping.py
[2025-07-19T15:59:57.774+0530] {processor.py:925} INFO - DAG(s) 'example_dynamic_task_mapping' retrieved from /Users/parth/Desktop/Engine/venv/lib/python3.11/site-packages/airflow/example_dags/example_dynamic_task_mapping.py
[2025-07-19T15:59:57.826+0530] {logging_mixin.py:190} INFO - [2025-07-19T15:59:57.826+0530] {dag.py:3239} INFO - Sync 1 DAGs
[2025-07-19T15:59:57.832+0530] {logging_mixin.py:190} INFO - [2025-07-19T15:59:57.832+0530] {dag.py:4180} INFO - Setting next_dagrun for example_dynamic_task_mapping to None, run_after=None
[2025-07-19T15:59:57.842+0530] {processor.py:208} INFO - Processing /Users/parth/Desktop/Engine/venv/lib/python3.11/site-packages/airflow/example_dags/example_dynamic_task_mapping.py took 0.094 seconds
[2025-07-19T16:03:36.784+0530] {processor.py:186} INFO - Started process (PID=11281) to work on /Users/parth/Desktop/Engine/venv/lib/python3.11/site-packages/airflow/example_dags/example_dynamic_task_mapping.py
[2025-07-19T16:03:36.785+0530] {processor.py:914} INFO - Processing file /Users/parth/Desktop/Engine/venv/lib/python3.11/site-packages/airflow/example_dags/example_dynamic_task_mapping.py for tasks to queue
[2025-07-19T16:03:36.785+0530] {logging_mixin.py:190} INFO - [2025-07-19T16:03:36.785+0530] {dagbag.py:588} INFO - Filling up the DagBag from /Users/parth/Desktop/Engine/venv/lib/python3.11/site-packages/airflow/example_dags/example_dynamic_task_mapping.py
[2025-07-19T16:03:36.808+0530] {processor.py:925} INFO - DAG(s) 'example_dynamic_task_mapping' retrieved from /Users/parth/Desktop/Engine/venv/lib/python3.11/site-packages/airflow/example_dags/example_dynamic_task_mapping.py
[2025-07-19T16:03:36.862+0530] {logging_mixin.py:190} INFO - [2025-07-19T16:03:36.862+0530] {dag.py:3239} INFO - Sync 1 DAGs
[2025-07-19T16:03:36.868+0530] {logging_mixin.py:190} INFO - [2025-07-19T16:03:36.868+0530] {dag.py:4180} INFO - Setting next_dagrun for example_dynamic_task_mapping to None, run_after=None
[2025-07-19T16:03:36.879+0530] {processor.py:208} INFO - Processing /Users/parth/Desktop/Engine/venv/lib/python3.11/site-packages/airflow/example_dags/example_dynamic_task_mapping.py took 0.097 seconds
[2025-07-19T16:07:17.228+0530] {processor.py:186} INFO - Started process (PID=12822) to work on /Users/parth/Desktop/Engine/venv/lib/python3.11/site-packages/airflow/example_dags/example_dynamic_task_mapping.py
[2025-07-19T16:07:17.229+0530] {processor.py:914} INFO - Processing file /Users/parth/Desktop/Engine/venv/lib/python3.11/site-packages/airflow/example_dags/example_dynamic_task_mapping.py for tasks to queue
[2025-07-19T16:07:17.229+0530] {logging_mixin.py:190} INFO - [2025-07-19T16:07:17.229+0530] {dagbag.py:588} INFO - Filling up the DagBag from /Users/parth/Desktop/Engine/venv/lib/python3.11/site-packages/airflow/example_dags/example_dynamic_task_mapping.py
[2025-07-19T16:07:17.252+0530] {processor.py:925} INFO - DAG(s) 'example_dynamic_task_mapping' retrieved from /Users/parth/Desktop/Engine/venv/lib/python3.11/site-packages/airflow/example_dags/example_dynamic_task_mapping.py
[2025-07-19T16:07:17.304+0530] {logging_mixin.py:190} INFO - [2025-07-19T16:07:17.304+0530] {dag.py:3239} INFO - Sync 1 DAGs
[2025-07-19T16:07:17.310+0530] {logging_mixin.py:190} INFO - [2025-07-19T16:07:17.310+0530] {dag.py:4180} INFO - Setting next_dagrun for example_dynamic_task_mapping to None, run_after=None
[2025-07-19T16:07:17.319+0530] {processor.py:208} INFO - Processing /Users/parth/Desktop/Engine/venv/lib/python3.11/site-packages/airflow/example_dags/example_dynamic_task_mapping.py took 0.094 seconds
[2025-07-19T16:09:27.274+0530] {processor.py:186} INFO - Started process (PID=13676) to work on /Users/parth/Desktop/Engine/venv/lib/python3.11/site-packages/airflow/example_dags/example_dynamic_task_mapping.py
[2025-07-19T16:09:27.275+0530] {processor.py:914} INFO - Processing file /Users/parth/Desktop/Engine/venv/lib/python3.11/site-packages/airflow/example_dags/example_dynamic_task_mapping.py for tasks to queue
[2025-07-19T16:09:27.275+0530] {logging_mixin.py:190} INFO - [2025-07-19T16:09:27.275+0530] {dagbag.py:588} INFO - Filling up the DagBag from /Users/parth/Desktop/Engine/venv/lib/python3.11/site-packages/airflow/example_dags/example_dynamic_task_mapping.py
[2025-07-19T16:09:27.301+0530] {processor.py:925} INFO - DAG(s) 'example_dynamic_task_mapping' retrieved from /Users/parth/Desktop/Engine/venv/lib/python3.11/site-packages/airflow/example_dags/example_dynamic_task_mapping.py
[2025-07-19T16:09:27.360+0530] {logging_mixin.py:190} INFO - [2025-07-19T16:09:27.360+0530] {dag.py:3239} INFO - Sync 1 DAGs
[2025-07-19T16:09:27.367+0530] {logging_mixin.py:190} INFO - [2025-07-19T16:09:27.366+0530] {dag.py:4180} INFO - Setting next_dagrun for example_dynamic_task_mapping to None, run_after=None
[2025-07-19T16:09:27.377+0530] {processor.py:208} INFO - Processing /Users/parth/Desktop/Engine/venv/lib/python3.11/site-packages/airflow/example_dags/example_dynamic_task_mapping.py took 0.106 seconds
