[2025-07-19T15:41:22.738+0530] {processor.py:186} INFO - Started process (PID=2121) to work on /Users/parth/Desktop/Engine/venv/lib/python3.11/site-packages/airflow/example_dags/example_display_name.py
[2025-07-19T15:41:22.739+0530] {processor.py:914} INFO - Processing file /Users/parth/Desktop/Engine/venv/lib/python3.11/site-packages/airflow/example_dags/example_display_name.py for tasks to queue
[2025-07-19T15:41:22.739+0530] {logging_mixin.py:190} INFO - [2025-07-19T15:41:22.739+0530] {dagbag.py:588} INFO - Filling up the DagBag from /Users/parth/Desktop/Engine/venv/lib/python3.11/site-packages/airflow/example_dags/example_display_name.py
[2025-07-19T15:41:22.757+0530] {processor.py:925} INFO - DAG(s) 'example_display_name' retrieved from /Users/parth/Desktop/Engine/venv/lib/python3.11/site-packages/airflow/example_dags/example_display_name.py
[2025-07-19T15:41:22.796+0530] {logging_mixin.py:190} INFO - [2025-07-19T15:41:22.796+0530] {dag.py:3239} INFO - Sync 1 DAGs
[2025-07-19T15:41:22.801+0530] {logging_mixin.py:190} INFO - [2025-07-19T15:41:22.801+0530] {dag.py:4180} INFO - Setting next_dagrun for example_display_name to None, run_after=None
[2025-07-19T15:41:22.808+0530] {processor.py:208} INFO - Processing /Users/parth/Desktop/Engine/venv/lib/python3.11/site-packages/airflow/example_dags/example_display_name.py took 0.072 seconds
[2025-07-19T15:44:35.952+0530] {processor.py:186} INFO - Started process (PID=3445) to work on /Users/parth/Desktop/Engine/venv/lib/python3.11/site-packages/airflow/example_dags/example_display_name.py
[2025-07-19T15:44:35.953+0530] {processor.py:914} INFO - Processing file /Users/parth/Desktop/Engine/venv/lib/python3.11/site-packages/airflow/example_dags/example_display_name.py for tasks to queue
[2025-07-19T15:44:35.956+0530] {logging_mixin.py:190} INFO - [2025-07-19T15:44:35.955+0530] {dagbag.py:588} INFO - Filling up the DagBag from /Users/parth/Desktop/Engine/venv/lib/python3.11/site-packages/airflow/example_dags/example_display_name.py
[2025-07-19T15:44:36.007+0530] {processor.py:925} INFO - DAG(s) 'example_display_name' retrieved from /Users/parth/Desktop/Engine/venv/lib/python3.11/site-packages/airflow/example_dags/example_display_name.py
[2025-07-19T15:44:36.069+0530] {logging_mixin.py:190} INFO - [2025-07-19T15:44:36.068+0530] {dag.py:3239} INFO - Sync 1 DAGs
[2025-07-19T15:44:36.076+0530] {logging_mixin.py:190} INFO - [2025-07-19T15:44:36.076+0530] {dag.py:4180} INFO - Setting next_dagrun for example_display_name to None, run_after=None
[2025-07-19T15:44:36.087+0530] {processor.py:208} INFO - Processing /Users/parth/Desktop/Engine/venv/lib/python3.11/site-packages/airflow/example_dags/example_display_name.py took 0.138 seconds
[2025-07-19T15:47:49.024+0530] {processor.py:186} INFO - Started process (PID=4720) to work on /Users/parth/Desktop/Engine/venv/lib/python3.11/site-packages/airflow/example_dags/example_display_name.py
[2025-07-19T15:47:49.024+0530] {processor.py:914} INFO - Processing file /Users/parth/Desktop/Engine/venv/lib/python3.11/site-packages/airflow/example_dags/example_display_name.py for tasks to queue
[2025-07-19T15:47:49.025+0530] {logging_mixin.py:190} INFO - [2025-07-19T15:47:49.025+0530] {dagbag.py:588} INFO - Filling up the DagBag from /Users/parth/Desktop/Engine/venv/lib/python3.11/site-packages/airflow/example_dags/example_display_name.py
[2025-07-19T15:47:49.043+0530] {processor.py:925} INFO - DAG(s) 'example_display_name' retrieved from /Users/parth/Desktop/Engine/venv/lib/python3.11/site-packages/airflow/example_dags/example_display_name.py
[2025-07-19T15:47:49.084+0530] {logging_mixin.py:190} INFO - [2025-07-19T15:47:49.083+0530] {dag.py:3239} INFO - Sync 1 DAGs
[2025-07-19T15:47:49.088+0530] {logging_mixin.py:190} INFO - [2025-07-19T15:47:49.088+0530] {dag.py:4180} INFO - Setting next_dagrun for example_display_name to None, run_after=None
[2025-07-19T15:47:49.096+0530] {processor.py:208} INFO - Processing /Users/parth/Desktop/Engine/venv/lib/python3.11/site-packages/airflow/example_dags/example_display_name.py took 0.074 seconds
[2025-07-19T15:50:47.867+0530] {processor.py:186} INFO - Started process (PID=5894) to work on /Users/parth/Desktop/Engine/venv/lib/python3.11/site-packages/airflow/example_dags/example_display_name.py
[2025-07-19T15:50:47.868+0530] {processor.py:914} INFO - Processing file /Users/parth/Desktop/Engine/venv/lib/python3.11/site-packages/airflow/example_dags/example_display_name.py for tasks to queue
[2025-07-19T15:50:47.868+0530] {logging_mixin.py:190} INFO - [2025-07-19T15:50:47.868+0530] {dagbag.py:588} INFO - Filling up the DagBag from /Users/parth/Desktop/Engine/venv/lib/python3.11/site-packages/airflow/example_dags/example_display_name.py
[2025-07-19T15:50:47.889+0530] {processor.py:925} INFO - DAG(s) 'example_display_name' retrieved from /Users/parth/Desktop/Engine/venv/lib/python3.11/site-packages/airflow/example_dags/example_display_name.py
[2025-07-19T15:50:47.937+0530] {logging_mixin.py:190} INFO - [2025-07-19T15:50:47.936+0530] {dag.py:3239} INFO - Sync 1 DAGs
[2025-07-19T15:50:47.942+0530] {logging_mixin.py:190} INFO - [2025-07-19T15:50:47.942+0530] {dag.py:4180} INFO - Setting next_dagrun for example_display_name to None, run_after=None
[2025-07-19T15:50:47.951+0530] {processor.py:208} INFO - Processing /Users/parth/Desktop/Engine/venv/lib/python3.11/site-packages/airflow/example_dags/example_display_name.py took 0.086 seconds
[2025-07-19T15:53:02.444+0530] {processor.py:186} INFO - Started process (PID=6829) to work on /Users/parth/Desktop/Engine/venv/lib/python3.11/site-packages/airflow/example_dags/example_display_name.py
[2025-07-19T15:53:02.444+0530] {processor.py:914} INFO - Processing file /Users/parth/Desktop/Engine/venv/lib/python3.11/site-packages/airflow/example_dags/example_display_name.py for tasks to queue
[2025-07-19T15:53:02.445+0530] {logging_mixin.py:190} INFO - [2025-07-19T15:53:02.445+0530] {dagbag.py:588} INFO - Filling up the DagBag from /Users/parth/Desktop/Engine/venv/lib/python3.11/site-packages/airflow/example_dags/example_display_name.py
[2025-07-19T15:53:02.465+0530] {processor.py:925} INFO - DAG(s) 'example_display_name' retrieved from /Users/parth/Desktop/Engine/venv/lib/python3.11/site-packages/airflow/example_dags/example_display_name.py
[2025-07-19T15:53:02.512+0530] {logging_mixin.py:190} INFO - [2025-07-19T15:53:02.512+0530] {dag.py:3239} INFO - Sync 1 DAGs
[2025-07-19T15:53:02.517+0530] {logging_mixin.py:190} INFO - [2025-07-19T15:53:02.517+0530] {dag.py:4180} INFO - Setting next_dagrun for example_display_name to None, run_after=None
[2025-07-19T15:53:02.527+0530] {processor.py:208} INFO - Processing /Users/parth/Desktop/Engine/venv/lib/python3.11/site-packages/airflow/example_dags/example_display_name.py took 0.085 seconds
[2025-07-19T15:57:45.744+0530] {processor.py:186} INFO - Started process (PID=8952) to work on /Users/parth/Desktop/Engine/venv/lib/python3.11/site-packages/airflow/example_dags/example_display_name.py
[2025-07-19T15:57:45.745+0530] {processor.py:914} INFO - Processing file /Users/parth/Desktop/Engine/venv/lib/python3.11/site-packages/airflow/example_dags/example_display_name.py for tasks to queue
[2025-07-19T15:57:45.746+0530] {logging_mixin.py:190} INFO - [2025-07-19T15:57:45.745+0530] {dagbag.py:588} INFO - Filling up the DagBag from /Users/parth/Desktop/Engine/venv/lib/python3.11/site-packages/airflow/example_dags/example_display_name.py
[2025-07-19T15:57:45.770+0530] {processor.py:925} INFO - DAG(s) 'example_display_name' retrieved from /Users/parth/Desktop/Engine/venv/lib/python3.11/site-packages/airflow/example_dags/example_display_name.py
[2025-07-19T15:57:45.824+0530] {logging_mixin.py:190} INFO - [2025-07-19T15:57:45.824+0530] {dag.py:3239} INFO - Sync 1 DAGs
[2025-07-19T15:57:45.831+0530] {logging_mixin.py:190} INFO - [2025-07-19T15:57:45.830+0530] {dag.py:4180} INFO - Setting next_dagrun for example_display_name to None, run_after=None
[2025-07-19T15:57:45.841+0530] {processor.py:208} INFO - Processing /Users/parth/Desktop/Engine/venv/lib/python3.11/site-packages/airflow/example_dags/example_display_name.py took 0.099 seconds
[2025-07-19T16:01:16.052+0530] {processor.py:186} INFO - Started process (PID=10331) to work on /Users/parth/Desktop/Engine/venv/lib/python3.11/site-packages/airflow/example_dags/example_display_name.py
[2025-07-19T16:01:16.052+0530] {processor.py:914} INFO - Processing file /Users/parth/Desktop/Engine/venv/lib/python3.11/site-packages/airflow/example_dags/example_display_name.py for tasks to queue
[2025-07-19T16:01:16.053+0530] {logging_mixin.py:190} INFO - [2025-07-19T16:01:16.053+0530] {dagbag.py:588} INFO - Filling up the DagBag from /Users/parth/Desktop/Engine/venv/lib/python3.11/site-packages/airflow/example_dags/example_display_name.py
[2025-07-19T16:01:16.080+0530] {processor.py:925} INFO - DAG(s) 'example_display_name' retrieved from /Users/parth/Desktop/Engine/venv/lib/python3.11/site-packages/airflow/example_dags/example_display_name.py
[2025-07-19T16:01:16.143+0530] {logging_mixin.py:190} INFO - [2025-07-19T16:01:16.143+0530] {dag.py:3239} INFO - Sync 1 DAGs
[2025-07-19T16:01:16.150+0530] {logging_mixin.py:190} INFO - [2025-07-19T16:01:16.150+0530] {dag.py:4180} INFO - Setting next_dagrun for example_display_name to None, run_after=None
[2025-07-19T16:01:16.162+0530] {processor.py:208} INFO - Processing /Users/parth/Desktop/Engine/venv/lib/python3.11/site-packages/airflow/example_dags/example_display_name.py took 0.113 seconds
[2025-07-19T16:03:39.529+0530] {processor.py:186} INFO - Started process (PID=11298) to work on /Users/parth/Desktop/Engine/venv/lib/python3.11/site-packages/airflow/example_dags/example_display_name.py
[2025-07-19T16:03:39.530+0530] {processor.py:914} INFO - Processing file /Users/parth/Desktop/Engine/venv/lib/python3.11/site-packages/airflow/example_dags/example_display_name.py for tasks to queue
[2025-07-19T16:03:39.530+0530] {logging_mixin.py:190} INFO - [2025-07-19T16:03:39.530+0530] {dagbag.py:588} INFO - Filling up the DagBag from /Users/parth/Desktop/Engine/venv/lib/python3.11/site-packages/airflow/example_dags/example_display_name.py
[2025-07-19T16:03:39.555+0530] {processor.py:925} INFO - DAG(s) 'example_display_name' retrieved from /Users/parth/Desktop/Engine/venv/lib/python3.11/site-packages/airflow/example_dags/example_display_name.py
[2025-07-19T16:03:39.607+0530] {logging_mixin.py:190} INFO - [2025-07-19T16:03:39.607+0530] {dag.py:3239} INFO - Sync 1 DAGs
[2025-07-19T16:03:39.614+0530] {logging_mixin.py:190} INFO - [2025-07-19T16:03:39.614+0530] {dag.py:4180} INFO - Setting next_dagrun for example_display_name to None, run_after=None
[2025-07-19T16:03:39.623+0530] {processor.py:208} INFO - Processing /Users/parth/Desktop/Engine/venv/lib/python3.11/site-packages/airflow/example_dags/example_display_name.py took 0.097 seconds
[2025-07-19T16:07:19.608+0530] {processor.py:186} INFO - Started process (PID=12837) to work on /Users/parth/Desktop/Engine/venv/lib/python3.11/site-packages/airflow/example_dags/example_display_name.py
[2025-07-19T16:07:19.609+0530] {processor.py:914} INFO - Processing file /Users/parth/Desktop/Engine/venv/lib/python3.11/site-packages/airflow/example_dags/example_display_name.py for tasks to queue
[2025-07-19T16:07:19.610+0530] {logging_mixin.py:190} INFO - [2025-07-19T16:07:19.609+0530] {dagbag.py:588} INFO - Filling up the DagBag from /Users/parth/Desktop/Engine/venv/lib/python3.11/site-packages/airflow/example_dags/example_display_name.py
[2025-07-19T16:07:19.637+0530] {processor.py:925} INFO - DAG(s) 'example_display_name' retrieved from /Users/parth/Desktop/Engine/venv/lib/python3.11/site-packages/airflow/example_dags/example_display_name.py
[2025-07-19T16:07:19.703+0530] {logging_mixin.py:190} INFO - [2025-07-19T16:07:19.702+0530] {dag.py:3239} INFO - Sync 1 DAGs
[2025-07-19T16:07:19.710+0530] {logging_mixin.py:190} INFO - [2025-07-19T16:07:19.710+0530] {dag.py:4180} INFO - Setting next_dagrun for example_display_name to None, run_after=None
[2025-07-19T16:07:19.722+0530] {processor.py:208} INFO - Processing /Users/parth/Desktop/Engine/venv/lib/python3.11/site-packages/airflow/example_dags/example_display_name.py took 0.116 seconds
[2025-07-19T16:09:29.705+0530] {processor.py:186} INFO - Started process (PID=13694) to work on /Users/parth/Desktop/Engine/venv/lib/python3.11/site-packages/airflow/example_dags/example_display_name.py
[2025-07-19T16:09:29.706+0530] {processor.py:914} INFO - Processing file /Users/parth/Desktop/Engine/venv/lib/python3.11/site-packages/airflow/example_dags/example_display_name.py for tasks to queue
[2025-07-19T16:09:29.707+0530] {logging_mixin.py:190} INFO - [2025-07-19T16:09:29.707+0530] {dagbag.py:588} INFO - Filling up the DagBag from /Users/parth/Desktop/Engine/venv/lib/python3.11/site-packages/airflow/example_dags/example_display_name.py
[2025-07-19T16:09:29.732+0530] {processor.py:925} INFO - DAG(s) 'example_display_name' retrieved from /Users/parth/Desktop/Engine/venv/lib/python3.11/site-packages/airflow/example_dags/example_display_name.py
[2025-07-19T16:09:29.791+0530] {logging_mixin.py:190} INFO - [2025-07-19T16:09:29.791+0530] {dag.py:3239} INFO - Sync 1 DAGs
[2025-07-19T16:09:29.798+0530] {logging_mixin.py:190} INFO - [2025-07-19T16:09:29.797+0530] {dag.py:4180} INFO - Setting next_dagrun for example_display_name to None, run_after=None
[2025-07-19T16:09:29.809+0530] {processor.py:208} INFO - Processing /Users/parth/Desktop/Engine/venv/lib/python3.11/site-packages/airflow/example_dags/example_display_name.py took 0.106 seconds
