[2025-07-19T15:40:43.252+0530] {processor.py:186} INFO - Started process (PID=1830) to work on /Users/parth/Desktop/Engine/venv/lib/python3.11/site-packages/airflow/example_dags/example_setup_teardown_taskflow.py
[2025-07-19T15:40:43.252+0530] {processor.py:914} INFO - Processing file /Users/parth/Desktop/Engine/venv/lib/python3.11/site-packages/airflow/example_dags/example_setup_teardown_taskflow.py for tasks to queue
[2025-07-19T15:40:43.253+0530] {logging_mixin.py:190} INFO - [2025-07-19T15:40:43.253+0530] {dagbag.py:588} INFO - Filling up the DagBag from /Users/parth/Desktop/Engine/venv/lib/python3.11/site-packages/airflow/example_dags/example_setup_teardown_taskflow.py
[2025-07-19T15:40:43.270+0530] {processor.py:925} INFO - DAG(s) 'example_setup_teardown_taskflow' retrieved from /Users/parth/Desktop/Engine/venv/lib/python3.11/site-packages/airflow/example_dags/example_setup_teardown_taskflow.py
[2025-07-19T15:40:43.309+0530] {logging_mixin.py:190} INFO - [2025-07-19T15:40:43.309+0530] {dag.py:3239} INFO - Sync 1 DAGs
[2025-07-19T15:40:43.313+0530] {logging_mixin.py:190} INFO - [2025-07-19T15:40:43.313+0530] {dag.py:4180} INFO - Setting next_dagrun for example_setup_teardown_taskflow to None, run_after=None
[2025-07-19T15:40:43.320+0530] {processor.py:208} INFO - Processing /Users/parth/Desktop/Engine/venv/lib/python3.11/site-packages/airflow/example_dags/example_setup_teardown_taskflow.py took 0.070 seconds
[2025-07-19T15:42:44.743+0530] {processor.py:186} INFO - Started process (PID=2690) to work on /Users/parth/Desktop/Engine/venv/lib/python3.11/site-packages/airflow/example_dags/example_setup_teardown_taskflow.py
[2025-07-19T15:42:44.744+0530] {processor.py:914} INFO - Processing file /Users/parth/Desktop/Engine/venv/lib/python3.11/site-packages/airflow/example_dags/example_setup_teardown_taskflow.py for tasks to queue
[2025-07-19T15:42:44.744+0530] {logging_mixin.py:190} INFO - [2025-07-19T15:42:44.744+0530] {dagbag.py:588} INFO - Filling up the DagBag from /Users/parth/Desktop/Engine/venv/lib/python3.11/site-packages/airflow/example_dags/example_setup_teardown_taskflow.py
[2025-07-19T15:42:44.762+0530] {processor.py:925} INFO - DAG(s) 'example_setup_teardown_taskflow' retrieved from /Users/parth/Desktop/Engine/venv/lib/python3.11/site-packages/airflow/example_dags/example_setup_teardown_taskflow.py
[2025-07-19T15:42:44.804+0530] {logging_mixin.py:190} INFO - [2025-07-19T15:42:44.804+0530] {dag.py:3239} INFO - Sync 1 DAGs
[2025-07-19T15:42:44.808+0530] {logging_mixin.py:190} INFO - [2025-07-19T15:42:44.808+0530] {dag.py:4180} INFO - Setting next_dagrun for example_setup_teardown_taskflow to None, run_after=None
[2025-07-19T15:42:44.816+0530] {processor.py:208} INFO - Processing /Users/parth/Desktop/Engine/venv/lib/python3.11/site-packages/airflow/example_dags/example_setup_teardown_taskflow.py took 0.074 seconds
[2025-07-19T15:44:24.715+0530] {processor.py:186} INFO - Started process (PID=3371) to work on /Users/parth/Desktop/Engine/venv/lib/python3.11/site-packages/airflow/example_dags/example_setup_teardown_taskflow.py
[2025-07-19T15:44:24.716+0530] {processor.py:914} INFO - Processing file /Users/parth/Desktop/Engine/venv/lib/python3.11/site-packages/airflow/example_dags/example_setup_teardown_taskflow.py for tasks to queue
[2025-07-19T15:44:24.717+0530] {logging_mixin.py:190} INFO - [2025-07-19T15:44:24.716+0530] {dagbag.py:588} INFO - Filling up the DagBag from /Users/parth/Desktop/Engine/venv/lib/python3.11/site-packages/airflow/example_dags/example_setup_teardown_taskflow.py
[2025-07-19T15:44:24.736+0530] {processor.py:925} INFO - DAG(s) 'example_setup_teardown_taskflow' retrieved from /Users/parth/Desktop/Engine/venv/lib/python3.11/site-packages/airflow/example_dags/example_setup_teardown_taskflow.py
[2025-07-19T15:44:24.781+0530] {logging_mixin.py:190} INFO - [2025-07-19T15:44:24.781+0530] {dag.py:3239} INFO - Sync 1 DAGs
[2025-07-19T15:44:24.786+0530] {logging_mixin.py:190} INFO - [2025-07-19T15:44:24.786+0530] {dag.py:4180} INFO - Setting next_dagrun for example_setup_teardown_taskflow to None, run_after=None
[2025-07-19T15:44:24.794+0530] {processor.py:208} INFO - Processing /Users/parth/Desktop/Engine/venv/lib/python3.11/site-packages/airflow/example_dags/example_setup_teardown_taskflow.py took 0.080 seconds
[2025-07-19T15:46:13.235+0530] {processor.py:186} INFO - Started process (PID=4089) to work on /Users/parth/Desktop/Engine/venv/lib/python3.11/site-packages/airflow/example_dags/example_setup_teardown_taskflow.py
[2025-07-19T15:46:13.236+0530] {processor.py:914} INFO - Processing file /Users/parth/Desktop/Engine/venv/lib/python3.11/site-packages/airflow/example_dags/example_setup_teardown_taskflow.py for tasks to queue
[2025-07-19T15:46:13.236+0530] {logging_mixin.py:190} INFO - [2025-07-19T15:46:13.236+0530] {dagbag.py:588} INFO - Filling up the DagBag from /Users/parth/Desktop/Engine/venv/lib/python3.11/site-packages/airflow/example_dags/example_setup_teardown_taskflow.py
[2025-07-19T15:46:13.254+0530] {processor.py:925} INFO - DAG(s) 'example_setup_teardown_taskflow' retrieved from /Users/parth/Desktop/Engine/venv/lib/python3.11/site-packages/airflow/example_dags/example_setup_teardown_taskflow.py
[2025-07-19T15:46:13.296+0530] {logging_mixin.py:190} INFO - [2025-07-19T15:46:13.296+0530] {dag.py:3239} INFO - Sync 1 DAGs
[2025-07-19T15:46:13.301+0530] {logging_mixin.py:190} INFO - [2025-07-19T15:46:13.301+0530] {dag.py:4180} INFO - Setting next_dagrun for example_setup_teardown_taskflow to None, run_after=None
[2025-07-19T15:46:13.309+0530] {processor.py:208} INFO - Processing /Users/parth/Desktop/Engine/venv/lib/python3.11/site-packages/airflow/example_dags/example_setup_teardown_taskflow.py took 0.075 seconds
[2025-07-19T15:47:41.173+0530] {processor.py:186} INFO - Started process (PID=4664) to work on /Users/parth/Desktop/Engine/venv/lib/python3.11/site-packages/airflow/example_dags/example_setup_teardown_taskflow.py
[2025-07-19T15:47:41.174+0530] {processor.py:914} INFO - Processing file /Users/parth/Desktop/Engine/venv/lib/python3.11/site-packages/airflow/example_dags/example_setup_teardown_taskflow.py for tasks to queue
[2025-07-19T15:47:41.175+0530] {logging_mixin.py:190} INFO - [2025-07-19T15:47:41.174+0530] {dagbag.py:588} INFO - Filling up the DagBag from /Users/parth/Desktop/Engine/venv/lib/python3.11/site-packages/airflow/example_dags/example_setup_teardown_taskflow.py
[2025-07-19T15:47:41.191+0530] {processor.py:925} INFO - DAG(s) 'example_setup_teardown_taskflow' retrieved from /Users/parth/Desktop/Engine/venv/lib/python3.11/site-packages/airflow/example_dags/example_setup_teardown_taskflow.py
[2025-07-19T15:47:41.230+0530] {logging_mixin.py:190} INFO - [2025-07-19T15:47:41.230+0530] {dag.py:3239} INFO - Sync 1 DAGs
[2025-07-19T15:47:41.234+0530] {logging_mixin.py:190} INFO - [2025-07-19T15:47:41.234+0530] {dag.py:4180} INFO - Setting next_dagrun for example_setup_teardown_taskflow to None, run_after=None
[2025-07-19T15:47:41.241+0530] {processor.py:208} INFO - Processing /Users/parth/Desktop/Engine/venv/lib/python3.11/site-packages/airflow/example_dags/example_setup_teardown_taskflow.py took 0.070 seconds
[2025-07-19T15:49:07.869+0530] {processor.py:186} INFO - Started process (PID=5237) to work on /Users/parth/Desktop/Engine/venv/lib/python3.11/site-packages/airflow/example_dags/example_setup_teardown_taskflow.py
[2025-07-19T15:49:07.869+0530] {processor.py:914} INFO - Processing file /Users/parth/Desktop/Engine/venv/lib/python3.11/site-packages/airflow/example_dags/example_setup_teardown_taskflow.py for tasks to queue
[2025-07-19T15:49:07.870+0530] {logging_mixin.py:190} INFO - [2025-07-19T15:49:07.870+0530] {dagbag.py:588} INFO - Filling up the DagBag from /Users/parth/Desktop/Engine/venv/lib/python3.11/site-packages/airflow/example_dags/example_setup_teardown_taskflow.py
[2025-07-19T15:49:07.890+0530] {processor.py:925} INFO - DAG(s) 'example_setup_teardown_taskflow' retrieved from /Users/parth/Desktop/Engine/venv/lib/python3.11/site-packages/airflow/example_dags/example_setup_teardown_taskflow.py
[2025-07-19T15:49:07.935+0530] {logging_mixin.py:190} INFO - [2025-07-19T15:49:07.934+0530] {dag.py:3239} INFO - Sync 1 DAGs
[2025-07-19T15:49:07.939+0530] {logging_mixin.py:190} INFO - [2025-07-19T15:49:07.939+0530] {dag.py:4180} INFO - Setting next_dagrun for example_setup_teardown_taskflow to None, run_after=None
[2025-07-19T15:49:07.947+0530] {processor.py:208} INFO - Processing /Users/parth/Desktop/Engine/venv/lib/python3.11/site-packages/airflow/example_dags/example_setup_teardown_taskflow.py took 0.080 seconds
[2025-07-19T15:50:39.786+0530] {processor.py:186} INFO - Started process (PID=5838) to work on /Users/parth/Desktop/Engine/venv/lib/python3.11/site-packages/airflow/example_dags/example_setup_teardown_taskflow.py
[2025-07-19T15:50:39.787+0530] {processor.py:914} INFO - Processing file /Users/parth/Desktop/Engine/venv/lib/python3.11/site-packages/airflow/example_dags/example_setup_teardown_taskflow.py for tasks to queue
[2025-07-19T15:50:39.788+0530] {logging_mixin.py:190} INFO - [2025-07-19T15:50:39.788+0530] {dagbag.py:588} INFO - Filling up the DagBag from /Users/parth/Desktop/Engine/venv/lib/python3.11/site-packages/airflow/example_dags/example_setup_teardown_taskflow.py
[2025-07-19T15:50:39.813+0530] {processor.py:925} INFO - DAG(s) 'example_setup_teardown_taskflow' retrieved from /Users/parth/Desktop/Engine/venv/lib/python3.11/site-packages/airflow/example_dags/example_setup_teardown_taskflow.py
[2025-07-19T15:50:39.866+0530] {logging_mixin.py:190} INFO - [2025-07-19T15:50:39.866+0530] {dag.py:3239} INFO - Sync 1 DAGs
[2025-07-19T15:50:39.872+0530] {logging_mixin.py:190} INFO - [2025-07-19T15:50:39.871+0530] {dag.py:4180} INFO - Setting next_dagrun for example_setup_teardown_taskflow to None, run_after=None
[2025-07-19T15:50:39.881+0530] {processor.py:208} INFO - Processing /Users/parth/Desktop/Engine/venv/lib/python3.11/site-packages/airflow/example_dags/example_setup_teardown_taskflow.py took 0.098 seconds
[2025-07-19T15:52:18.924+0530] {processor.py:186} INFO - Started process (PID=6533) to work on /Users/parth/Desktop/Engine/venv/lib/python3.11/site-packages/airflow/example_dags/example_setup_teardown_taskflow.py
[2025-07-19T15:52:18.925+0530] {processor.py:914} INFO - Processing file /Users/parth/Desktop/Engine/venv/lib/python3.11/site-packages/airflow/example_dags/example_setup_teardown_taskflow.py for tasks to queue
[2025-07-19T15:52:18.926+0530] {logging_mixin.py:190} INFO - [2025-07-19T15:52:18.926+0530] {dagbag.py:588} INFO - Filling up the DagBag from /Users/parth/Desktop/Engine/venv/lib/python3.11/site-packages/airflow/example_dags/example_setup_teardown_taskflow.py
[2025-07-19T15:52:18.957+0530] {processor.py:925} INFO - DAG(s) 'example_setup_teardown_taskflow' retrieved from /Users/parth/Desktop/Engine/venv/lib/python3.11/site-packages/airflow/example_dags/example_setup_teardown_taskflow.py
[2025-07-19T15:52:19.030+0530] {logging_mixin.py:190} INFO - [2025-07-19T15:52:19.030+0530] {dag.py:3239} INFO - Sync 1 DAGs
[2025-07-19T15:52:19.038+0530] {logging_mixin.py:190} INFO - [2025-07-19T15:52:19.038+0530] {dag.py:4180} INFO - Setting next_dagrun for example_setup_teardown_taskflow to None, run_after=None
[2025-07-19T15:52:19.053+0530] {processor.py:208} INFO - Processing /Users/parth/Desktop/Engine/venv/lib/python3.11/site-packages/airflow/example_dags/example_setup_teardown_taskflow.py took 0.131 seconds
[2025-07-19T15:54:05.839+0530] {processor.py:186} INFO - Started process (PID=7266) to work on /Users/parth/Desktop/Engine/venv/lib/python3.11/site-packages/airflow/example_dags/example_setup_teardown_taskflow.py
[2025-07-19T15:54:05.840+0530] {processor.py:914} INFO - Processing file /Users/parth/Desktop/Engine/venv/lib/python3.11/site-packages/airflow/example_dags/example_setup_teardown_taskflow.py for tasks to queue
[2025-07-19T15:54:05.841+0530] {logging_mixin.py:190} INFO - [2025-07-19T15:54:05.841+0530] {dagbag.py:588} INFO - Filling up the DagBag from /Users/parth/Desktop/Engine/venv/lib/python3.11/site-packages/airflow/example_dags/example_setup_teardown_taskflow.py
[2025-07-19T15:54:05.871+0530] {processor.py:925} INFO - DAG(s) 'example_setup_teardown_taskflow' retrieved from /Users/parth/Desktop/Engine/venv/lib/python3.11/site-packages/airflow/example_dags/example_setup_teardown_taskflow.py
[2025-07-19T15:54:05.941+0530] {logging_mixin.py:190} INFO - [2025-07-19T15:54:05.940+0530] {dag.py:3239} INFO - Sync 1 DAGs
[2025-07-19T15:54:05.949+0530] {logging_mixin.py:190} INFO - [2025-07-19T15:54:05.949+0530] {dag.py:4180} INFO - Setting next_dagrun for example_setup_teardown_taskflow to None, run_after=None
[2025-07-19T15:54:05.960+0530] {processor.py:208} INFO - Processing /Users/parth/Desktop/Engine/venv/lib/python3.11/site-packages/airflow/example_dags/example_setup_teardown_taskflow.py took 0.126 seconds
[2025-07-19T15:57:02.740+0530] {processor.py:186} INFO - Started process (PID=8675) to work on /Users/parth/Desktop/Engine/venv/lib/python3.11/site-packages/airflow/example_dags/example_setup_teardown_taskflow.py
[2025-07-19T15:57:02.741+0530] {processor.py:914} INFO - Processing file /Users/parth/Desktop/Engine/venv/lib/python3.11/site-packages/airflow/example_dags/example_setup_teardown_taskflow.py for tasks to queue
[2025-07-19T15:57:02.742+0530] {logging_mixin.py:190} INFO - [2025-07-19T15:57:02.741+0530] {dagbag.py:588} INFO - Filling up the DagBag from /Users/parth/Desktop/Engine/venv/lib/python3.11/site-packages/airflow/example_dags/example_setup_teardown_taskflow.py
[2025-07-19T15:57:02.769+0530] {processor.py:925} INFO - DAG(s) 'example_setup_teardown_taskflow' retrieved from /Users/parth/Desktop/Engine/venv/lib/python3.11/site-packages/airflow/example_dags/example_setup_teardown_taskflow.py
[2025-07-19T15:57:02.832+0530] {logging_mixin.py:190} INFO - [2025-07-19T15:57:02.832+0530] {dag.py:3239} INFO - Sync 1 DAGs
[2025-07-19T15:57:02.839+0530] {logging_mixin.py:190} INFO - [2025-07-19T15:57:02.839+0530] {dag.py:4180} INFO - Setting next_dagrun for example_setup_teardown_taskflow to None, run_after=None
[2025-07-19T15:57:02.850+0530] {processor.py:208} INFO - Processing /Users/parth/Desktop/Engine/venv/lib/python3.11/site-packages/airflow/example_dags/example_setup_teardown_taskflow.py took 0.112 seconds
[2025-07-19T15:59:10.579+0530] {processor.py:186} INFO - Started process (PID=9509) to work on /Users/parth/Desktop/Engine/venv/lib/python3.11/site-packages/airflow/example_dags/example_setup_teardown_taskflow.py
[2025-07-19T15:59:10.580+0530] {processor.py:914} INFO - Processing file /Users/parth/Desktop/Engine/venv/lib/python3.11/site-packages/airflow/example_dags/example_setup_teardown_taskflow.py for tasks to queue
[2025-07-19T15:59:10.581+0530] {logging_mixin.py:190} INFO - [2025-07-19T15:59:10.581+0530] {dagbag.py:588} INFO - Filling up the DagBag from /Users/parth/Desktop/Engine/venv/lib/python3.11/site-packages/airflow/example_dags/example_setup_teardown_taskflow.py
[2025-07-19T15:59:10.605+0530] {processor.py:925} INFO - DAG(s) 'example_setup_teardown_taskflow' retrieved from /Users/parth/Desktop/Engine/venv/lib/python3.11/site-packages/airflow/example_dags/example_setup_teardown_taskflow.py
[2025-07-19T15:59:10.659+0530] {logging_mixin.py:190} INFO - [2025-07-19T15:59:10.658+0530] {dag.py:3239} INFO - Sync 1 DAGs
[2025-07-19T15:59:10.664+0530] {logging_mixin.py:190} INFO - [2025-07-19T15:59:10.664+0530] {dag.py:4180} INFO - Setting next_dagrun for example_setup_teardown_taskflow to None, run_after=None
[2025-07-19T15:59:10.674+0530] {processor.py:208} INFO - Processing /Users/parth/Desktop/Engine/venv/lib/python3.11/site-packages/airflow/example_dags/example_setup_teardown_taskflow.py took 0.098 seconds
[2025-07-19T16:00:56.528+0530] {processor.py:186} INFO - Started process (PID=10204) to work on /Users/parth/Desktop/Engine/venv/lib/python3.11/site-packages/airflow/example_dags/example_setup_teardown_taskflow.py
[2025-07-19T16:00:56.528+0530] {processor.py:914} INFO - Processing file /Users/parth/Desktop/Engine/venv/lib/python3.11/site-packages/airflow/example_dags/example_setup_teardown_taskflow.py for tasks to queue
[2025-07-19T16:00:56.529+0530] {logging_mixin.py:190} INFO - [2025-07-19T16:00:56.529+0530] {dagbag.py:588} INFO - Filling up the DagBag from /Users/parth/Desktop/Engine/venv/lib/python3.11/site-packages/airflow/example_dags/example_setup_teardown_taskflow.py
[2025-07-19T16:00:56.552+0530] {processor.py:925} INFO - DAG(s) 'example_setup_teardown_taskflow' retrieved from /Users/parth/Desktop/Engine/venv/lib/python3.11/site-packages/airflow/example_dags/example_setup_teardown_taskflow.py
[2025-07-19T16:00:56.606+0530] {logging_mixin.py:190} INFO - [2025-07-19T16:00:56.606+0530] {dag.py:3239} INFO - Sync 1 DAGs
[2025-07-19T16:00:56.612+0530] {logging_mixin.py:190} INFO - [2025-07-19T16:00:56.612+0530] {dag.py:4180} INFO - Setting next_dagrun for example_setup_teardown_taskflow to None, run_after=None
[2025-07-19T16:00:56.622+0530] {processor.py:208} INFO - Processing /Users/parth/Desktop/Engine/venv/lib/python3.11/site-packages/airflow/example_dags/example_setup_teardown_taskflow.py took 0.096 seconds
[2025-07-19T16:02:51.517+0530] {processor.py:186} INFO - Started process (PID=10983) to work on /Users/parth/Desktop/Engine/venv/lib/python3.11/site-packages/airflow/example_dags/example_setup_teardown_taskflow.py
[2025-07-19T16:02:51.518+0530] {processor.py:914} INFO - Processing file /Users/parth/Desktop/Engine/venv/lib/python3.11/site-packages/airflow/example_dags/example_setup_teardown_taskflow.py for tasks to queue
[2025-07-19T16:02:51.519+0530] {logging_mixin.py:190} INFO - [2025-07-19T16:02:51.519+0530] {dagbag.py:588} INFO - Filling up the DagBag from /Users/parth/Desktop/Engine/venv/lib/python3.11/site-packages/airflow/example_dags/example_setup_teardown_taskflow.py
[2025-07-19T16:02:51.543+0530] {processor.py:925} INFO - DAG(s) 'example_setup_teardown_taskflow' retrieved from /Users/parth/Desktop/Engine/venv/lib/python3.11/site-packages/airflow/example_dags/example_setup_teardown_taskflow.py
[2025-07-19T16:02:51.600+0530] {logging_mixin.py:190} INFO - [2025-07-19T16:02:51.599+0530] {dag.py:3239} INFO - Sync 1 DAGs
[2025-07-19T16:02:51.605+0530] {logging_mixin.py:190} INFO - [2025-07-19T16:02:51.605+0530] {dag.py:4180} INFO - Setting next_dagrun for example_setup_teardown_taskflow to None, run_after=None
[2025-07-19T16:02:51.616+0530] {processor.py:208} INFO - Processing /Users/parth/Desktop/Engine/venv/lib/python3.11/site-packages/airflow/example_dags/example_setup_teardown_taskflow.py took 0.101 seconds
[2025-07-19T16:06:34.024+0530] {processor.py:186} INFO - Started process (PID=12514) to work on /Users/parth/Desktop/Engine/venv/lib/python3.11/site-packages/airflow/example_dags/example_setup_teardown_taskflow.py
[2025-07-19T16:06:34.025+0530] {processor.py:914} INFO - Processing file /Users/parth/Desktop/Engine/venv/lib/python3.11/site-packages/airflow/example_dags/example_setup_teardown_taskflow.py for tasks to queue
[2025-07-19T16:06:34.026+0530] {logging_mixin.py:190} INFO - [2025-07-19T16:06:34.026+0530] {dagbag.py:588} INFO - Filling up the DagBag from /Users/parth/Desktop/Engine/venv/lib/python3.11/site-packages/airflow/example_dags/example_setup_teardown_taskflow.py
[2025-07-19T16:06:34.057+0530] {processor.py:925} INFO - DAG(s) 'example_setup_teardown_taskflow' retrieved from /Users/parth/Desktop/Engine/venv/lib/python3.11/site-packages/airflow/example_dags/example_setup_teardown_taskflow.py
[2025-07-19T16:06:34.126+0530] {logging_mixin.py:190} INFO - [2025-07-19T16:06:34.125+0530] {dag.py:3239} INFO - Sync 1 DAGs
[2025-07-19T16:06:34.134+0530] {logging_mixin.py:190} INFO - [2025-07-19T16:06:34.133+0530] {dag.py:4180} INFO - Setting next_dagrun for example_setup_teardown_taskflow to None, run_after=None
[2025-07-19T16:06:34.145+0530] {processor.py:208} INFO - Processing /Users/parth/Desktop/Engine/venv/lib/python3.11/site-packages/airflow/example_dags/example_setup_teardown_taskflow.py took 0.124 seconds
[2025-07-19T16:08:49.069+0530] {processor.py:186} INFO - Started process (PID=13423) to work on /Users/parth/Desktop/Engine/venv/lib/python3.11/site-packages/airflow/example_dags/example_setup_teardown_taskflow.py
[2025-07-19T16:08:49.070+0530] {processor.py:914} INFO - Processing file /Users/parth/Desktop/Engine/venv/lib/python3.11/site-packages/airflow/example_dags/example_setup_teardown_taskflow.py for tasks to queue
[2025-07-19T16:08:49.071+0530] {logging_mixin.py:190} INFO - [2025-07-19T16:08:49.070+0530] {dagbag.py:588} INFO - Filling up the DagBag from /Users/parth/Desktop/Engine/venv/lib/python3.11/site-packages/airflow/example_dags/example_setup_teardown_taskflow.py
[2025-07-19T16:08:49.099+0530] {processor.py:925} INFO - DAG(s) 'example_setup_teardown_taskflow' retrieved from /Users/parth/Desktop/Engine/venv/lib/python3.11/site-packages/airflow/example_dags/example_setup_teardown_taskflow.py
[2025-07-19T16:08:49.164+0530] {logging_mixin.py:190} INFO - [2025-07-19T16:08:49.164+0530] {dag.py:3239} INFO - Sync 1 DAGs
[2025-07-19T16:08:49.171+0530] {logging_mixin.py:190} INFO - [2025-07-19T16:08:49.171+0530] {dag.py:4180} INFO - Setting next_dagrun for example_setup_teardown_taskflow to None, run_after=None
[2025-07-19T16:08:49.183+0530] {processor.py:208} INFO - Processing /Users/parth/Desktop/Engine/venv/lib/python3.11/site-packages/airflow/example_dags/example_setup_teardown_taskflow.py took 0.117 seconds
[2025-07-19T16:10:43.095+0530] {processor.py:186} INFO - Started process (PID=14197) to work on /Users/parth/Desktop/Engine/venv/lib/python3.11/site-packages/airflow/example_dags/example_setup_teardown_taskflow.py
[2025-07-19T16:10:43.096+0530] {processor.py:914} INFO - Processing file /Users/parth/Desktop/Engine/venv/lib/python3.11/site-packages/airflow/example_dags/example_setup_teardown_taskflow.py for tasks to queue
[2025-07-19T16:10:43.097+0530] {logging_mixin.py:190} INFO - [2025-07-19T16:10:43.097+0530] {dagbag.py:588} INFO - Filling up the DagBag from /Users/parth/Desktop/Engine/venv/lib/python3.11/site-packages/airflow/example_dags/example_setup_teardown_taskflow.py
[2025-07-19T16:10:43.124+0530] {processor.py:925} INFO - DAG(s) 'example_setup_teardown_taskflow' retrieved from /Users/parth/Desktop/Engine/venv/lib/python3.11/site-packages/airflow/example_dags/example_setup_teardown_taskflow.py
[2025-07-19T16:10:43.187+0530] {logging_mixin.py:190} INFO - [2025-07-19T16:10:43.186+0530] {dag.py:3239} INFO - Sync 1 DAGs
[2025-07-19T16:10:43.194+0530] {logging_mixin.py:190} INFO - [2025-07-19T16:10:43.193+0530] {dag.py:4180} INFO - Setting next_dagrun for example_setup_teardown_taskflow to None, run_after=None
[2025-07-19T16:10:43.205+0530] {processor.py:208} INFO - Processing /Users/parth/Desktop/Engine/venv/lib/python3.11/site-packages/airflow/example_dags/example_setup_teardown_taskflow.py took 0.114 seconds
