[2025-07-19T15:40:51.323+0530] {processor.py:186} INFO - Started process (PID=1880) to work on /Users/parth/Desktop/Engine/venv/lib/python3.11/site-packages/airflow/example_dags/example_python_operator.py
[2025-07-19T15:40:51.324+0530] {processor.py:914} INFO - Processing file /Users/parth/Desktop/Engine/venv/lib/python3.11/site-packages/airflow/example_dags/example_python_operator.py for tasks to queue
[2025-07-19T15:40:51.324+0530] {logging_mixin.py:190} INFO - [2025-07-19T15:40:51.324+0530] {dagbag.py:588} INFO - Filling up the DagBag from /Users/parth/Desktop/Engine/venv/lib/python3.11/site-packages/airflow/example_dags/example_python_operator.py
[2025-07-19T15:40:51.337+0530] {logging_mixin.py:190} INFO - [2025-07-19T15:40:51.336+0530] {example_python_operator.py:93} WARNING - The virtalenv_python example task requires virtualenv, please install it.
[2025-07-19T15:40:51.338+0530] {processor.py:925} INFO - DAG(s) 'example_python_operator' retrieved from /Users/parth/Desktop/Engine/venv/lib/python3.11/site-packages/airflow/example_dags/example_python_operator.py
[2025-07-19T15:40:51.377+0530] {logging_mixin.py:190} INFO - [2025-07-19T15:40:51.377+0530] {dag.py:3239} INFO - Sync 1 DAGs
[2025-07-19T15:40:51.382+0530] {logging_mixin.py:190} INFO - [2025-07-19T15:40:51.382+0530] {dag.py:4180} INFO - Setting next_dagrun for example_python_operator to None, run_after=None
[2025-07-19T15:40:51.389+0530] {processor.py:208} INFO - Processing /Users/parth/Desktop/Engine/venv/lib/python3.11/site-packages/airflow/example_dags/example_python_operator.py took 0.068 seconds
[2025-07-19T15:42:53.441+0530] {processor.py:186} INFO - Started process (PID=2746) to work on /Users/parth/Desktop/Engine/venv/lib/python3.11/site-packages/airflow/example_dags/example_python_operator.py
[2025-07-19T15:42:53.442+0530] {processor.py:914} INFO - Processing file /Users/parth/Desktop/Engine/venv/lib/python3.11/site-packages/airflow/example_dags/example_python_operator.py for tasks to queue
[2025-07-19T15:42:53.442+0530] {logging_mixin.py:190} INFO - [2025-07-19T15:42:53.442+0530] {dagbag.py:588} INFO - Filling up the DagBag from /Users/parth/Desktop/Engine/venv/lib/python3.11/site-packages/airflow/example_dags/example_python_operator.py
[2025-07-19T15:42:53.454+0530] {logging_mixin.py:190} INFO - [2025-07-19T15:42:53.454+0530] {example_python_operator.py:93} WARNING - The virtalenv_python example task requires virtualenv, please install it.
[2025-07-19T15:42:53.456+0530] {processor.py:925} INFO - DAG(s) 'example_python_operator' retrieved from /Users/parth/Desktop/Engine/venv/lib/python3.11/site-packages/airflow/example_dags/example_python_operator.py
[2025-07-19T15:42:53.495+0530] {logging_mixin.py:190} INFO - [2025-07-19T15:42:53.495+0530] {dag.py:3239} INFO - Sync 1 DAGs
[2025-07-19T15:42:53.499+0530] {logging_mixin.py:190} INFO - [2025-07-19T15:42:53.499+0530] {dag.py:4180} INFO - Setting next_dagrun for example_python_operator to None, run_after=None
[2025-07-19T15:42:53.507+0530] {processor.py:208} INFO - Processing /Users/parth/Desktop/Engine/venv/lib/python3.11/site-packages/airflow/example_dags/example_python_operator.py took 0.068 seconds
[2025-07-19T15:44:33.591+0530] {processor.py:186} INFO - Started process (PID=3430) to work on /Users/parth/Desktop/Engine/venv/lib/python3.11/site-packages/airflow/example_dags/example_python_operator.py
[2025-07-19T15:44:33.592+0530] {processor.py:914} INFO - Processing file /Users/parth/Desktop/Engine/venv/lib/python3.11/site-packages/airflow/example_dags/example_python_operator.py for tasks to queue
[2025-07-19T15:44:33.592+0530] {logging_mixin.py:190} INFO - [2025-07-19T15:44:33.592+0530] {dagbag.py:588} INFO - Filling up the DagBag from /Users/parth/Desktop/Engine/venv/lib/python3.11/site-packages/airflow/example_dags/example_python_operator.py
[2025-07-19T15:44:33.604+0530] {logging_mixin.py:190} INFO - [2025-07-19T15:44:33.604+0530] {example_python_operator.py:93} WARNING - The virtalenv_python example task requires virtualenv, please install it.
[2025-07-19T15:44:33.606+0530] {processor.py:925} INFO - DAG(s) 'example_python_operator' retrieved from /Users/parth/Desktop/Engine/venv/lib/python3.11/site-packages/airflow/example_dags/example_python_operator.py
[2025-07-19T15:44:33.648+0530] {logging_mixin.py:190} INFO - [2025-07-19T15:44:33.647+0530] {dag.py:3239} INFO - Sync 1 DAGs
[2025-07-19T15:44:33.652+0530] {logging_mixin.py:190} INFO - [2025-07-19T15:44:33.652+0530] {dag.py:4180} INFO - Setting next_dagrun for example_python_operator to None, run_after=None
[2025-07-19T15:44:33.660+0530] {processor.py:208} INFO - Processing /Users/parth/Desktop/Engine/venv/lib/python3.11/site-packages/airflow/example_dags/example_python_operator.py took 0.071 seconds
[2025-07-19T15:46:20.707+0530] {processor.py:186} INFO - Started process (PID=4133) to work on /Users/parth/Desktop/Engine/venv/lib/python3.11/site-packages/airflow/example_dags/example_python_operator.py
[2025-07-19T15:46:20.708+0530] {processor.py:914} INFO - Processing file /Users/parth/Desktop/Engine/venv/lib/python3.11/site-packages/airflow/example_dags/example_python_operator.py for tasks to queue
[2025-07-19T15:46:20.708+0530] {logging_mixin.py:190} INFO - [2025-07-19T15:46:20.708+0530] {dagbag.py:588} INFO - Filling up the DagBag from /Users/parth/Desktop/Engine/venv/lib/python3.11/site-packages/airflow/example_dags/example_python_operator.py
[2025-07-19T15:46:20.720+0530] {logging_mixin.py:190} INFO - [2025-07-19T15:46:20.720+0530] {example_python_operator.py:93} WARNING - The virtalenv_python example task requires virtualenv, please install it.
[2025-07-19T15:46:20.722+0530] {processor.py:925} INFO - DAG(s) 'example_python_operator' retrieved from /Users/parth/Desktop/Engine/venv/lib/python3.11/site-packages/airflow/example_dags/example_python_operator.py
[2025-07-19T15:46:20.764+0530] {logging_mixin.py:190} INFO - [2025-07-19T15:46:20.763+0530] {dag.py:3239} INFO - Sync 1 DAGs
[2025-07-19T15:46:20.768+0530] {logging_mixin.py:190} INFO - [2025-07-19T15:46:20.768+0530] {dag.py:4180} INFO - Setting next_dagrun for example_python_operator to None, run_after=None
[2025-07-19T15:46:20.777+0530] {processor.py:208} INFO - Processing /Users/parth/Desktop/Engine/venv/lib/python3.11/site-packages/airflow/example_dags/example_python_operator.py took 0.072 seconds
[2025-07-19T15:49:16.613+0530] {processor.py:186} INFO - Started process (PID=5293) to work on /Users/parth/Desktop/Engine/venv/lib/python3.11/site-packages/airflow/example_dags/example_python_operator.py
[2025-07-19T15:49:16.614+0530] {processor.py:914} INFO - Processing file /Users/parth/Desktop/Engine/venv/lib/python3.11/site-packages/airflow/example_dags/example_python_operator.py for tasks to queue
[2025-07-19T15:49:16.615+0530] {logging_mixin.py:190} INFO - [2025-07-19T15:49:16.615+0530] {dagbag.py:588} INFO - Filling up the DagBag from /Users/parth/Desktop/Engine/venv/lib/python3.11/site-packages/airflow/example_dags/example_python_operator.py
[2025-07-19T15:49:16.631+0530] {logging_mixin.py:190} INFO - [2025-07-19T15:49:16.631+0530] {example_python_operator.py:93} WARNING - The virtalenv_python example task requires virtualenv, please install it.
[2025-07-19T15:49:16.634+0530] {processor.py:925} INFO - DAG(s) 'example_python_operator' retrieved from /Users/parth/Desktop/Engine/venv/lib/python3.11/site-packages/airflow/example_dags/example_python_operator.py
[2025-07-19T15:49:16.687+0530] {logging_mixin.py:190} INFO - [2025-07-19T15:49:16.687+0530] {dag.py:3239} INFO - Sync 1 DAGs
[2025-07-19T15:49:16.693+0530] {logging_mixin.py:190} INFO - [2025-07-19T15:49:16.693+0530] {dag.py:4180} INFO - Setting next_dagrun for example_python_operator to None, run_after=None
[2025-07-19T15:49:16.703+0530] {processor.py:208} INFO - Processing /Users/parth/Desktop/Engine/venv/lib/python3.11/site-packages/airflow/example_dags/example_python_operator.py took 0.093 seconds
[2025-07-19T15:52:30.205+0530] {processor.py:186} INFO - Started process (PID=6615) to work on /Users/parth/Desktop/Engine/venv/lib/python3.11/site-packages/airflow/example_dags/example_python_operator.py
[2025-07-19T15:52:30.206+0530] {processor.py:914} INFO - Processing file /Users/parth/Desktop/Engine/venv/lib/python3.11/site-packages/airflow/example_dags/example_python_operator.py for tasks to queue
[2025-07-19T15:52:30.207+0530] {logging_mixin.py:190} INFO - [2025-07-19T15:52:30.207+0530] {dagbag.py:588} INFO - Filling up the DagBag from /Users/parth/Desktop/Engine/venv/lib/python3.11/site-packages/airflow/example_dags/example_python_operator.py
[2025-07-19T15:52:30.225+0530] {logging_mixin.py:190} INFO - [2025-07-19T15:52:30.225+0530] {example_python_operator.py:93} WARNING - The virtalenv_python example task requires virtualenv, please install it.
[2025-07-19T15:52:30.227+0530] {processor.py:925} INFO - DAG(s) 'example_python_operator' retrieved from /Users/parth/Desktop/Engine/venv/lib/python3.11/site-packages/airflow/example_dags/example_python_operator.py
[2025-07-19T15:52:30.284+0530] {logging_mixin.py:190} INFO - [2025-07-19T15:52:30.283+0530] {dag.py:3239} INFO - Sync 1 DAGs
[2025-07-19T15:52:30.289+0530] {logging_mixin.py:190} INFO - [2025-07-19T15:52:30.289+0530] {dag.py:4180} INFO - Setting next_dagrun for example_python_operator to None, run_after=None
[2025-07-19T15:52:30.300+0530] {processor.py:208} INFO - Processing /Users/parth/Desktop/Engine/venv/lib/python3.11/site-packages/airflow/example_dags/example_python_operator.py took 0.097 seconds
[2025-07-19T15:54:16.417+0530] {processor.py:186} INFO - Started process (PID=7340) to work on /Users/parth/Desktop/Engine/venv/lib/python3.11/site-packages/airflow/example_dags/example_python_operator.py
[2025-07-19T15:54:16.417+0530] {processor.py:914} INFO - Processing file /Users/parth/Desktop/Engine/venv/lib/python3.11/site-packages/airflow/example_dags/example_python_operator.py for tasks to queue
[2025-07-19T15:54:16.418+0530] {logging_mixin.py:190} INFO - [2025-07-19T15:54:16.418+0530] {dagbag.py:588} INFO - Filling up the DagBag from /Users/parth/Desktop/Engine/venv/lib/python3.11/site-packages/airflow/example_dags/example_python_operator.py
[2025-07-19T15:54:16.436+0530] {logging_mixin.py:190} INFO - [2025-07-19T15:54:16.436+0530] {example_python_operator.py:93} WARNING - The virtalenv_python example task requires virtualenv, please install it.
[2025-07-19T15:54:16.438+0530] {processor.py:925} INFO - DAG(s) 'example_python_operator' retrieved from /Users/parth/Desktop/Engine/venv/lib/python3.11/site-packages/airflow/example_dags/example_python_operator.py
[2025-07-19T15:54:16.492+0530] {logging_mixin.py:190} INFO - [2025-07-19T15:54:16.492+0530] {dag.py:3239} INFO - Sync 1 DAGs
[2025-07-19T15:54:16.498+0530] {logging_mixin.py:190} INFO - [2025-07-19T15:54:16.498+0530] {dag.py:4180} INFO - Setting next_dagrun for example_python_operator to None, run_after=None
[2025-07-19T15:54:16.509+0530] {processor.py:208} INFO - Processing /Users/parth/Desktop/Engine/venv/lib/python3.11/site-packages/airflow/example_dags/example_python_operator.py took 0.095 seconds
[2025-07-19T15:57:14.425+0530] {processor.py:186} INFO - Started process (PID=8755) to work on /Users/parth/Desktop/Engine/venv/lib/python3.11/site-packages/airflow/example_dags/example_python_operator.py
[2025-07-19T15:57:14.426+0530] {processor.py:914} INFO - Processing file /Users/parth/Desktop/Engine/venv/lib/python3.11/site-packages/airflow/example_dags/example_python_operator.py for tasks to queue
[2025-07-19T15:57:14.426+0530] {logging_mixin.py:190} INFO - [2025-07-19T15:57:14.426+0530] {dagbag.py:588} INFO - Filling up the DagBag from /Users/parth/Desktop/Engine/venv/lib/python3.11/site-packages/airflow/example_dags/example_python_operator.py
[2025-07-19T15:57:14.441+0530] {logging_mixin.py:190} INFO - [2025-07-19T15:57:14.441+0530] {example_python_operator.py:93} WARNING - The virtalenv_python example task requires virtualenv, please install it.
[2025-07-19T15:57:14.443+0530] {processor.py:925} INFO - DAG(s) 'example_python_operator' retrieved from /Users/parth/Desktop/Engine/venv/lib/python3.11/site-packages/airflow/example_dags/example_python_operator.py
[2025-07-19T15:57:14.496+0530] {logging_mixin.py:190} INFO - [2025-07-19T15:57:14.495+0530] {dag.py:3239} INFO - Sync 1 DAGs
[2025-07-19T15:57:14.501+0530] {logging_mixin.py:190} INFO - [2025-07-19T15:57:14.501+0530] {dag.py:4180} INFO - Setting next_dagrun for example_python_operator to None, run_after=None
[2025-07-19T15:57:14.511+0530] {processor.py:208} INFO - Processing /Users/parth/Desktop/Engine/venv/lib/python3.11/site-packages/airflow/example_dags/example_python_operator.py took 0.088 seconds
[2025-07-19T15:59:20.175+0530] {processor.py:186} INFO - Started process (PID=9576) to work on /Users/parth/Desktop/Engine/venv/lib/python3.11/site-packages/airflow/example_dags/example_python_operator.py
[2025-07-19T15:59:20.176+0530] {processor.py:914} INFO - Processing file /Users/parth/Desktop/Engine/venv/lib/python3.11/site-packages/airflow/example_dags/example_python_operator.py for tasks to queue
[2025-07-19T15:59:20.177+0530] {logging_mixin.py:190} INFO - [2025-07-19T15:59:20.177+0530] {dagbag.py:588} INFO - Filling up the DagBag from /Users/parth/Desktop/Engine/venv/lib/python3.11/site-packages/airflow/example_dags/example_python_operator.py
[2025-07-19T15:59:20.192+0530] {logging_mixin.py:190} INFO - [2025-07-19T15:59:20.192+0530] {example_python_operator.py:93} WARNING - The virtalenv_python example task requires virtualenv, please install it.
[2025-07-19T15:59:20.194+0530] {processor.py:925} INFO - DAG(s) 'example_python_operator' retrieved from /Users/parth/Desktop/Engine/venv/lib/python3.11/site-packages/airflow/example_dags/example_python_operator.py
[2025-07-19T15:59:20.247+0530] {logging_mixin.py:190} INFO - [2025-07-19T15:59:20.246+0530] {dag.py:3239} INFO - Sync 1 DAGs
[2025-07-19T15:59:20.252+0530] {logging_mixin.py:190} INFO - [2025-07-19T15:59:20.252+0530] {dag.py:4180} INFO - Setting next_dagrun for example_python_operator to None, run_after=None
[2025-07-19T15:59:20.262+0530] {processor.py:208} INFO - Processing /Users/parth/Desktop/Engine/venv/lib/python3.11/site-packages/airflow/example_dags/example_python_operator.py took 0.089 seconds
[2025-07-19T16:01:05.627+0530] {processor.py:186} INFO - Started process (PID=10262) to work on /Users/parth/Desktop/Engine/venv/lib/python3.11/site-packages/airflow/example_dags/example_python_operator.py
[2025-07-19T16:01:05.629+0530] {processor.py:914} INFO - Processing file /Users/parth/Desktop/Engine/venv/lib/python3.11/site-packages/airflow/example_dags/example_python_operator.py for tasks to queue
[2025-07-19T16:01:05.630+0530] {logging_mixin.py:190} INFO - [2025-07-19T16:01:05.629+0530] {dagbag.py:588} INFO - Filling up the DagBag from /Users/parth/Desktop/Engine/venv/lib/python3.11/site-packages/airflow/example_dags/example_python_operator.py
[2025-07-19T16:01:05.646+0530] {logging_mixin.py:190} INFO - [2025-07-19T16:01:05.645+0530] {example_python_operator.py:93} WARNING - The virtalenv_python example task requires virtualenv, please install it.
[2025-07-19T16:01:05.648+0530] {processor.py:925} INFO - DAG(s) 'example_python_operator' retrieved from /Users/parth/Desktop/Engine/venv/lib/python3.11/site-packages/airflow/example_dags/example_python_operator.py
[2025-07-19T16:01:05.702+0530] {logging_mixin.py:190} INFO - [2025-07-19T16:01:05.702+0530] {dag.py:3239} INFO - Sync 1 DAGs
[2025-07-19T16:01:05.708+0530] {logging_mixin.py:190} INFO - [2025-07-19T16:01:05.708+0530] {dag.py:4180} INFO - Setting next_dagrun for example_python_operator to None, run_after=None
[2025-07-19T16:01:05.718+0530] {processor.py:208} INFO - Processing /Users/parth/Desktop/Engine/venv/lib/python3.11/site-packages/airflow/example_dags/example_python_operator.py took 0.093 seconds
[2025-07-19T16:03:01.158+0530] {processor.py:186} INFO - Started process (PID=11039) to work on /Users/parth/Desktop/Engine/venv/lib/python3.11/site-packages/airflow/example_dags/example_python_operator.py
[2025-07-19T16:03:01.158+0530] {processor.py:914} INFO - Processing file /Users/parth/Desktop/Engine/venv/lib/python3.11/site-packages/airflow/example_dags/example_python_operator.py for tasks to queue
[2025-07-19T16:03:01.159+0530] {logging_mixin.py:190} INFO - [2025-07-19T16:03:01.159+0530] {dagbag.py:588} INFO - Filling up the DagBag from /Users/parth/Desktop/Engine/venv/lib/python3.11/site-packages/airflow/example_dags/example_python_operator.py
[2025-07-19T16:03:01.174+0530] {logging_mixin.py:190} INFO - [2025-07-19T16:03:01.174+0530] {example_python_operator.py:93} WARNING - The virtalenv_python example task requires virtualenv, please install it.
[2025-07-19T16:03:01.176+0530] {processor.py:925} INFO - DAG(s) 'example_python_operator' retrieved from /Users/parth/Desktop/Engine/venv/lib/python3.11/site-packages/airflow/example_dags/example_python_operator.py
[2025-07-19T16:03:01.230+0530] {logging_mixin.py:190} INFO - [2025-07-19T16:03:01.229+0530] {dag.py:3239} INFO - Sync 1 DAGs
[2025-07-19T16:03:01.235+0530] {logging_mixin.py:190} INFO - [2025-07-19T16:03:01.235+0530] {dag.py:4180} INFO - Setting next_dagrun for example_python_operator to None, run_after=None
[2025-07-19T16:03:01.246+0530] {processor.py:208} INFO - Processing /Users/parth/Desktop/Engine/venv/lib/python3.11/site-packages/airflow/example_dags/example_python_operator.py took 0.090 seconds
[2025-07-19T16:06:45.357+0530] {processor.py:186} INFO - Started process (PID=12599) to work on /Users/parth/Desktop/Engine/venv/lib/python3.11/site-packages/airflow/example_dags/example_python_operator.py
[2025-07-19T16:06:45.358+0530] {processor.py:914} INFO - Processing file /Users/parth/Desktop/Engine/venv/lib/python3.11/site-packages/airflow/example_dags/example_python_operator.py for tasks to queue
[2025-07-19T16:06:45.359+0530] {logging_mixin.py:190} INFO - [2025-07-19T16:06:45.358+0530] {dagbag.py:588} INFO - Filling up the DagBag from /Users/parth/Desktop/Engine/venv/lib/python3.11/site-packages/airflow/example_dags/example_python_operator.py
[2025-07-19T16:06:45.377+0530] {logging_mixin.py:190} INFO - [2025-07-19T16:06:45.377+0530] {example_python_operator.py:93} WARNING - The virtalenv_python example task requires virtualenv, please install it.
[2025-07-19T16:06:45.380+0530] {processor.py:925} INFO - DAG(s) 'example_python_operator' retrieved from /Users/parth/Desktop/Engine/venv/lib/python3.11/site-packages/airflow/example_dags/example_python_operator.py
[2025-07-19T16:06:45.446+0530] {logging_mixin.py:190} INFO - [2025-07-19T16:06:45.445+0530] {dag.py:3239} INFO - Sync 1 DAGs
[2025-07-19T16:06:45.454+0530] {logging_mixin.py:190} INFO - [2025-07-19T16:06:45.453+0530] {dag.py:4180} INFO - Setting next_dagrun for example_python_operator to None, run_after=None
[2025-07-19T16:06:45.466+0530] {processor.py:208} INFO - Processing /Users/parth/Desktop/Engine/venv/lib/python3.11/site-packages/airflow/example_dags/example_python_operator.py took 0.112 seconds
[2025-07-19T16:08:58.182+0530] {processor.py:186} INFO - Started process (PID=13481) to work on /Users/parth/Desktop/Engine/venv/lib/python3.11/site-packages/airflow/example_dags/example_python_operator.py
[2025-07-19T16:08:58.183+0530] {processor.py:914} INFO - Processing file /Users/parth/Desktop/Engine/venv/lib/python3.11/site-packages/airflow/example_dags/example_python_operator.py for tasks to queue
[2025-07-19T16:08:58.184+0530] {logging_mixin.py:190} INFO - [2025-07-19T16:08:58.183+0530] {dagbag.py:588} INFO - Filling up the DagBag from /Users/parth/Desktop/Engine/venv/lib/python3.11/site-packages/airflow/example_dags/example_python_operator.py
[2025-07-19T16:08:58.199+0530] {logging_mixin.py:190} INFO - [2025-07-19T16:08:58.199+0530] {example_python_operator.py:93} WARNING - The virtalenv_python example task requires virtualenv, please install it.
[2025-07-19T16:08:58.201+0530] {processor.py:925} INFO - DAG(s) 'example_python_operator' retrieved from /Users/parth/Desktop/Engine/venv/lib/python3.11/site-packages/airflow/example_dags/example_python_operator.py
[2025-07-19T16:08:58.253+0530] {logging_mixin.py:190} INFO - [2025-07-19T16:08:58.253+0530] {dag.py:3239} INFO - Sync 1 DAGs
[2025-07-19T16:08:58.259+0530] {logging_mixin.py:190} INFO - [2025-07-19T16:08:58.259+0530] {dag.py:4180} INFO - Setting next_dagrun for example_python_operator to None, run_after=None
[2025-07-19T16:08:58.269+0530] {processor.py:208} INFO - Processing /Users/parth/Desktop/Engine/venv/lib/python3.11/site-packages/airflow/example_dags/example_python_operator.py took 0.090 seconds
[2025-07-19T16:10:54.577+0530] {processor.py:186} INFO - Started process (PID=14279) to work on /Users/parth/Desktop/Engine/venv/lib/python3.11/site-packages/airflow/example_dags/example_python_operator.py
[2025-07-19T16:10:54.578+0530] {processor.py:914} INFO - Processing file /Users/parth/Desktop/Engine/venv/lib/python3.11/site-packages/airflow/example_dags/example_python_operator.py for tasks to queue
[2025-07-19T16:10:54.579+0530] {logging_mixin.py:190} INFO - [2025-07-19T16:10:54.579+0530] {dagbag.py:588} INFO - Filling up the DagBag from /Users/parth/Desktop/Engine/venv/lib/python3.11/site-packages/airflow/example_dags/example_python_operator.py
[2025-07-19T16:10:54.597+0530] {logging_mixin.py:190} INFO - [2025-07-19T16:10:54.597+0530] {example_python_operator.py:93} WARNING - The virtalenv_python example task requires virtualenv, please install it.
[2025-07-19T16:10:54.599+0530] {processor.py:925} INFO - DAG(s) 'example_python_operator' retrieved from /Users/parth/Desktop/Engine/venv/lib/python3.11/site-packages/airflow/example_dags/example_python_operator.py
[2025-07-19T16:10:54.662+0530] {logging_mixin.py:190} INFO - [2025-07-19T16:10:54.661+0530] {dag.py:3239} INFO - Sync 1 DAGs
[2025-07-19T16:10:54.669+0530] {logging_mixin.py:190} INFO - [2025-07-19T16:10:54.669+0530] {dag.py:4180} INFO - Setting next_dagrun for example_python_operator to None, run_after=None
[2025-07-19T16:10:54.680+0530] {processor.py:208} INFO - Processing /Users/parth/Desktop/Engine/venv/lib/python3.11/site-packages/airflow/example_dags/example_python_operator.py took 0.106 seconds
