[2025-07-19T15:41:45.993+0530] {processor.py:186} INFO - Started process (PID=2293) to work on /Users/parth/Desktop/Engine/venv/lib/python3.11/site-packages/airflow/example_dags/example_branch_datetime_operator.py
[2025-07-19T15:41:45.994+0530] {processor.py:914} INFO - Processing file /Users/parth/Desktop/Engine/venv/lib/python3.11/site-packages/airflow/example_dags/example_branch_datetime_operator.py for tasks to queue
[2025-07-19T15:41:45.994+0530] {logging_mixin.py:190} INFO - [2025-07-19T15:41:45.994+0530] {dagbag.py:588} INFO - Filling up the DagBag from /Users/parth/Desktop/Engine/venv/lib/python3.11/site-packages/airflow/example_dags/example_branch_datetime_operator.py
[2025-07-19T15:41:46.000+0530] {processor.py:925} INFO - DAG(s) 'example_branch_datetime_operator_3', 'example_branch_datetime_operator', 'example_branch_datetime_operator_2' retrieved from /Users/parth/Desktop/Engine/venv/lib/python3.11/site-packages/airflow/example_dags/example_branch_datetime_operator.py
[2025-07-19T15:41:46.050+0530] {logging_mixin.py:190} INFO - [2025-07-19T15:41:46.050+0530] {dag.py:3239} INFO - Sync 3 DAGs
[2025-07-19T15:41:46.060+0530] {logging_mixin.py:190} INFO - [2025-07-19T15:41:46.060+0530] {dag.py:4180} INFO - Setting next_dagrun for example_branch_datetime_operator to 2025-07-18 00:00:00+00:00, run_after=2025-07-19 00:00:00+00:00
[2025-07-19T15:41:46.062+0530] {logging_mixin.py:190} INFO - [2025-07-19T15:41:46.061+0530] {dag.py:4180} INFO - Setting next_dagrun for example_branch_datetime_operator_2 to 2025-07-18 00:00:00+00:00, run_after=2025-07-19 00:00:00+00:00
[2025-07-19T15:41:46.062+0530] {logging_mixin.py:190} INFO - [2025-07-19T15:41:46.062+0530] {dag.py:4180} INFO - Setting next_dagrun for example_branch_datetime_operator_3 to 2025-07-18 00:00:00+00:00, run_after=2025-07-19 00:00:00+00:00
[2025-07-19T15:41:46.070+0530] {processor.py:208} INFO - Processing /Users/parth/Desktop/Engine/venv/lib/python3.11/site-packages/airflow/example_dags/example_branch_datetime_operator.py took 0.079 seconds
[2025-07-19T15:44:59.383+0530] {processor.py:186} INFO - Started process (PID=3607) to work on /Users/parth/Desktop/Engine/venv/lib/python3.11/site-packages/airflow/example_dags/example_branch_datetime_operator.py
[2025-07-19T15:44:59.383+0530] {processor.py:914} INFO - Processing file /Users/parth/Desktop/Engine/venv/lib/python3.11/site-packages/airflow/example_dags/example_branch_datetime_operator.py for tasks to queue
[2025-07-19T15:44:59.384+0530] {logging_mixin.py:190} INFO - [2025-07-19T15:44:59.384+0530] {dagbag.py:588} INFO - Filling up the DagBag from /Users/parth/Desktop/Engine/venv/lib/python3.11/site-packages/airflow/example_dags/example_branch_datetime_operator.py
[2025-07-19T15:44:59.391+0530] {processor.py:925} INFO - DAG(s) 'example_branch_datetime_operator_2', 'example_branch_datetime_operator', 'example_branch_datetime_operator_3' retrieved from /Users/parth/Desktop/Engine/venv/lib/python3.11/site-packages/airflow/example_dags/example_branch_datetime_operator.py
[2025-07-19T15:44:59.442+0530] {logging_mixin.py:190} INFO - [2025-07-19T15:44:59.442+0530] {dag.py:3239} INFO - Sync 3 DAGs
[2025-07-19T15:44:59.453+0530] {logging_mixin.py:190} INFO - [2025-07-19T15:44:59.452+0530] {dag.py:4180} INFO - Setting next_dagrun for example_branch_datetime_operator to 2025-07-18 00:00:00+00:00, run_after=2025-07-19 00:00:00+00:00
[2025-07-19T15:44:59.455+0530] {logging_mixin.py:190} INFO - [2025-07-19T15:44:59.454+0530] {dag.py:4180} INFO - Setting next_dagrun for example_branch_datetime_operator_2 to 2025-07-18 00:00:00+00:00, run_after=2025-07-19 00:00:00+00:00
[2025-07-19T15:44:59.456+0530] {logging_mixin.py:190} INFO - [2025-07-19T15:44:59.455+0530] {dag.py:4180} INFO - Setting next_dagrun for example_branch_datetime_operator_3 to 2025-07-18 00:00:00+00:00, run_after=2025-07-19 00:00:00+00:00
[2025-07-19T15:44:59.463+0530] {processor.py:208} INFO - Processing /Users/parth/Desktop/Engine/venv/lib/python3.11/site-packages/airflow/example_dags/example_branch_datetime_operator.py took 0.082 seconds
[2025-07-19T15:48:11.087+0530] {processor.py:186} INFO - Started process (PID=4860) to work on /Users/parth/Desktop/Engine/venv/lib/python3.11/site-packages/airflow/example_dags/example_branch_datetime_operator.py
[2025-07-19T15:48:11.088+0530] {processor.py:914} INFO - Processing file /Users/parth/Desktop/Engine/venv/lib/python3.11/site-packages/airflow/example_dags/example_branch_datetime_operator.py for tasks to queue
[2025-07-19T15:48:11.088+0530] {logging_mixin.py:190} INFO - [2025-07-19T15:48:11.088+0530] {dagbag.py:588} INFO - Filling up the DagBag from /Users/parth/Desktop/Engine/venv/lib/python3.11/site-packages/airflow/example_dags/example_branch_datetime_operator.py
[2025-07-19T15:48:11.094+0530] {processor.py:925} INFO - DAG(s) 'example_branch_datetime_operator', 'example_branch_datetime_operator_3', 'example_branch_datetime_operator_2' retrieved from /Users/parth/Desktop/Engine/venv/lib/python3.11/site-packages/airflow/example_dags/example_branch_datetime_operator.py
[2025-07-19T15:48:11.138+0530] {logging_mixin.py:190} INFO - [2025-07-19T15:48:11.138+0530] {dag.py:3239} INFO - Sync 3 DAGs
[2025-07-19T15:48:11.147+0530] {logging_mixin.py:190} INFO - [2025-07-19T15:48:11.147+0530] {dag.py:4180} INFO - Setting next_dagrun for example_branch_datetime_operator to 2025-07-18 00:00:00+00:00, run_after=2025-07-19 00:00:00+00:00
[2025-07-19T15:48:11.149+0530] {logging_mixin.py:190} INFO - [2025-07-19T15:48:11.149+0530] {dag.py:4180} INFO - Setting next_dagrun for example_branch_datetime_operator_2 to 2025-07-18 00:00:00+00:00, run_after=2025-07-19 00:00:00+00:00
[2025-07-19T15:48:11.150+0530] {logging_mixin.py:190} INFO - [2025-07-19T15:48:11.149+0530] {dag.py:4180} INFO - Setting next_dagrun for example_branch_datetime_operator_3 to 2025-07-18 00:00:00+00:00, run_after=2025-07-19 00:00:00+00:00
[2025-07-19T15:48:11.156+0530] {processor.py:208} INFO - Processing /Users/parth/Desktop/Engine/venv/lib/python3.11/site-packages/airflow/example_dags/example_branch_datetime_operator.py took 0.071 seconds
[2025-07-19T15:51:15.282+0530] {processor.py:186} INFO - Started process (PID=6094) to work on /Users/parth/Desktop/Engine/venv/lib/python3.11/site-packages/airflow/example_dags/example_branch_datetime_operator.py
[2025-07-19T15:51:15.282+0530] {processor.py:914} INFO - Processing file /Users/parth/Desktop/Engine/venv/lib/python3.11/site-packages/airflow/example_dags/example_branch_datetime_operator.py for tasks to queue
[2025-07-19T15:51:15.283+0530] {logging_mixin.py:190} INFO - [2025-07-19T15:51:15.283+0530] {dagbag.py:588} INFO - Filling up the DagBag from /Users/parth/Desktop/Engine/venv/lib/python3.11/site-packages/airflow/example_dags/example_branch_datetime_operator.py
[2025-07-19T15:51:15.290+0530] {processor.py:925} INFO - DAG(s) 'example_branch_datetime_operator_2', 'example_branch_datetime_operator_3', 'example_branch_datetime_operator' retrieved from /Users/parth/Desktop/Engine/venv/lib/python3.11/site-packages/airflow/example_dags/example_branch_datetime_operator.py
[2025-07-19T15:51:15.344+0530] {logging_mixin.py:190} INFO - [2025-07-19T15:51:15.344+0530] {dag.py:3239} INFO - Sync 3 DAGs
[2025-07-19T15:51:15.355+0530] {logging_mixin.py:190} INFO - [2025-07-19T15:51:15.354+0530] {dag.py:4180} INFO - Setting next_dagrun for example_branch_datetime_operator to 2025-07-18 00:00:00+00:00, run_after=2025-07-19 00:00:00+00:00
[2025-07-19T15:51:15.357+0530] {logging_mixin.py:190} INFO - [2025-07-19T15:51:15.357+0530] {dag.py:4180} INFO - Setting next_dagrun for example_branch_datetime_operator_2 to 2025-07-18 00:00:00+00:00, run_after=2025-07-19 00:00:00+00:00
[2025-07-19T15:51:15.358+0530] {logging_mixin.py:190} INFO - [2025-07-19T15:51:15.358+0530] {dag.py:4180} INFO - Setting next_dagrun for example_branch_datetime_operator_3 to 2025-07-18 00:00:00+00:00, run_after=2025-07-19 00:00:00+00:00
[2025-07-19T15:51:15.365+0530] {processor.py:208} INFO - Processing /Users/parth/Desktop/Engine/venv/lib/python3.11/site-packages/airflow/example_dags/example_branch_datetime_operator.py took 0.086 seconds
[2025-07-19T15:54:56.963+0530] {processor.py:186} INFO - Started process (PID=7623) to work on /Users/parth/Desktop/Engine/venv/lib/python3.11/site-packages/airflow/example_dags/example_branch_datetime_operator.py
[2025-07-19T15:54:56.963+0530] {processor.py:914} INFO - Processing file /Users/parth/Desktop/Engine/venv/lib/python3.11/site-packages/airflow/example_dags/example_branch_datetime_operator.py for tasks to queue
[2025-07-19T15:54:56.964+0530] {logging_mixin.py:190} INFO - [2025-07-19T15:54:56.964+0530] {dagbag.py:588} INFO - Filling up the DagBag from /Users/parth/Desktop/Engine/venv/lib/python3.11/site-packages/airflow/example_dags/example_branch_datetime_operator.py
[2025-07-19T15:54:56.971+0530] {processor.py:925} INFO - DAG(s) 'example_branch_datetime_operator', 'example_branch_datetime_operator_3', 'example_branch_datetime_operator_2' retrieved from /Users/parth/Desktop/Engine/venv/lib/python3.11/site-packages/airflow/example_dags/example_branch_datetime_operator.py
[2025-07-19T15:54:57.027+0530] {logging_mixin.py:190} INFO - [2025-07-19T15:54:57.027+0530] {dag.py:3239} INFO - Sync 3 DAGs
[2025-07-19T15:54:57.038+0530] {logging_mixin.py:190} INFO - [2025-07-19T15:54:57.038+0530] {dag.py:4180} INFO - Setting next_dagrun for example_branch_datetime_operator to 2025-07-18 00:00:00+00:00, run_after=2025-07-19 00:00:00+00:00
[2025-07-19T15:54:57.040+0530] {logging_mixin.py:190} INFO - [2025-07-19T15:54:57.040+0530] {dag.py:4180} INFO - Setting next_dagrun for example_branch_datetime_operator_2 to 2025-07-18 00:00:00+00:00, run_after=2025-07-19 00:00:00+00:00
[2025-07-19T15:54:57.042+0530] {logging_mixin.py:190} INFO - [2025-07-19T15:54:57.041+0530] {dag.py:4180} INFO - Setting next_dagrun for example_branch_datetime_operator_3 to 2025-07-18 00:00:00+00:00, run_after=2025-07-19 00:00:00+00:00
[2025-07-19T15:54:57.050+0530] {processor.py:208} INFO - Processing /Users/parth/Desktop/Engine/venv/lib/python3.11/site-packages/airflow/example_dags/example_branch_datetime_operator.py took 0.089 seconds
[2025-07-19T15:58:09.522+0530] {processor.py:186} INFO - Started process (PID=9105) to work on /Users/parth/Desktop/Engine/venv/lib/python3.11/site-packages/airflow/example_dags/example_branch_datetime_operator.py
[2025-07-19T15:58:09.523+0530] {processor.py:914} INFO - Processing file /Users/parth/Desktop/Engine/venv/lib/python3.11/site-packages/airflow/example_dags/example_branch_datetime_operator.py for tasks to queue
[2025-07-19T15:58:09.523+0530] {logging_mixin.py:190} INFO - [2025-07-19T15:58:09.523+0530] {dagbag.py:588} INFO - Filling up the DagBag from /Users/parth/Desktop/Engine/venv/lib/python3.11/site-packages/airflow/example_dags/example_branch_datetime_operator.py
[2025-07-19T15:58:09.530+0530] {processor.py:925} INFO - DAG(s) 'example_branch_datetime_operator_2', 'example_branch_datetime_operator', 'example_branch_datetime_operator_3' retrieved from /Users/parth/Desktop/Engine/venv/lib/python3.11/site-packages/airflow/example_dags/example_branch_datetime_operator.py
[2025-07-19T15:58:09.589+0530] {logging_mixin.py:190} INFO - [2025-07-19T15:58:09.588+0530] {dag.py:3239} INFO - Sync 3 DAGs
[2025-07-19T15:58:09.600+0530] {logging_mixin.py:190} INFO - [2025-07-19T15:58:09.600+0530] {dag.py:4180} INFO - Setting next_dagrun for example_branch_datetime_operator to 2025-07-18 00:00:00+00:00, run_after=2025-07-19 00:00:00+00:00
[2025-07-19T15:58:09.602+0530] {logging_mixin.py:190} INFO - [2025-07-19T15:58:09.602+0530] {dag.py:4180} INFO - Setting next_dagrun for example_branch_datetime_operator_2 to 2025-07-18 00:00:00+00:00, run_after=2025-07-19 00:00:00+00:00
[2025-07-19T15:58:09.604+0530] {logging_mixin.py:190} INFO - [2025-07-19T15:58:09.603+0530] {dag.py:4180} INFO - Setting next_dagrun for example_branch_datetime_operator_3 to 2025-07-18 00:00:00+00:00, run_after=2025-07-19 00:00:00+00:00
[2025-07-19T15:58:09.612+0530] {processor.py:208} INFO - Processing /Users/parth/Desktop/Engine/venv/lib/python3.11/site-packages/airflow/example_dags/example_branch_datetime_operator.py took 0.093 seconds
[2025-07-19T16:01:41.708+0530] {processor.py:186} INFO - Started process (PID=10506) to work on /Users/parth/Desktop/Engine/venv/lib/python3.11/site-packages/airflow/example_dags/example_branch_datetime_operator.py
[2025-07-19T16:01:41.709+0530] {processor.py:914} INFO - Processing file /Users/parth/Desktop/Engine/venv/lib/python3.11/site-packages/airflow/example_dags/example_branch_datetime_operator.py for tasks to queue
[2025-07-19T16:01:41.709+0530] {logging_mixin.py:190} INFO - [2025-07-19T16:01:41.709+0530] {dagbag.py:588} INFO - Filling up the DagBag from /Users/parth/Desktop/Engine/venv/lib/python3.11/site-packages/airflow/example_dags/example_branch_datetime_operator.py
[2025-07-19T16:01:41.718+0530] {processor.py:925} INFO - DAG(s) 'example_branch_datetime_operator_3', 'example_branch_datetime_operator_2', 'example_branch_datetime_operator' retrieved from /Users/parth/Desktop/Engine/venv/lib/python3.11/site-packages/airflow/example_dags/example_branch_datetime_operator.py
[2025-07-19T16:01:41.790+0530] {logging_mixin.py:190} INFO - [2025-07-19T16:01:41.790+0530] {dag.py:3239} INFO - Sync 3 DAGs
[2025-07-19T16:01:41.804+0530] {logging_mixin.py:190} INFO - [2025-07-19T16:01:41.804+0530] {dag.py:4180} INFO - Setting next_dagrun for example_branch_datetime_operator to 2025-07-18 00:00:00+00:00, run_after=2025-07-19 00:00:00+00:00
[2025-07-19T16:01:41.807+0530] {logging_mixin.py:190} INFO - [2025-07-19T16:01:41.807+0530] {dag.py:4180} INFO - Setting next_dagrun for example_branch_datetime_operator_2 to 2025-07-18 00:00:00+00:00, run_after=2025-07-19 00:00:00+00:00
[2025-07-19T16:01:41.808+0530] {logging_mixin.py:190} INFO - [2025-07-19T16:01:41.808+0530] {dag.py:4180} INFO - Setting next_dagrun for example_branch_datetime_operator_3 to 2025-07-18 00:00:00+00:00, run_after=2025-07-19 00:00:00+00:00
[2025-07-19T16:01:41.822+0530] {processor.py:208} INFO - Processing /Users/parth/Desktop/Engine/venv/lib/python3.11/site-packages/airflow/example_dags/example_branch_datetime_operator.py took 0.116 seconds
[2025-07-19T16:07:45.864+0530] {processor.py:186} INFO - Started process (PID=13010) to work on /Users/parth/Desktop/Engine/venv/lib/python3.11/site-packages/airflow/example_dags/example_branch_datetime_operator.py
[2025-07-19T16:07:45.865+0530] {processor.py:914} INFO - Processing file /Users/parth/Desktop/Engine/venv/lib/python3.11/site-packages/airflow/example_dags/example_branch_datetime_operator.py for tasks to queue
[2025-07-19T16:07:45.866+0530] {logging_mixin.py:190} INFO - [2025-07-19T16:07:45.866+0530] {dagbag.py:588} INFO - Filling up the DagBag from /Users/parth/Desktop/Engine/venv/lib/python3.11/site-packages/airflow/example_dags/example_branch_datetime_operator.py
[2025-07-19T16:07:45.875+0530] {processor.py:925} INFO - DAG(s) 'example_branch_datetime_operator_3', 'example_branch_datetime_operator', 'example_branch_datetime_operator_2' retrieved from /Users/parth/Desktop/Engine/venv/lib/python3.11/site-packages/airflow/example_dags/example_branch_datetime_operator.py
[2025-07-19T16:07:45.944+0530] {logging_mixin.py:190} INFO - [2025-07-19T16:07:45.944+0530] {dag.py:3239} INFO - Sync 3 DAGs
[2025-07-19T16:07:45.957+0530] {logging_mixin.py:190} INFO - [2025-07-19T16:07:45.957+0530] {dag.py:4180} INFO - Setting next_dagrun for example_branch_datetime_operator to 2025-07-18 00:00:00+00:00, run_after=2025-07-19 00:00:00+00:00
[2025-07-19T16:07:45.959+0530] {logging_mixin.py:190} INFO - [2025-07-19T16:07:45.959+0530] {dag.py:4180} INFO - Setting next_dagrun for example_branch_datetime_operator_2 to 2025-07-18 00:00:00+00:00, run_after=2025-07-19 00:00:00+00:00
[2025-07-19T16:07:45.961+0530] {logging_mixin.py:190} INFO - [2025-07-19T16:07:45.960+0530] {dag.py:4180} INFO - Setting next_dagrun for example_branch_datetime_operator_3 to 2025-07-18 00:00:00+00:00, run_after=2025-07-19 00:00:00+00:00
[2025-07-19T16:07:45.970+0530] {processor.py:208} INFO - Processing /Users/parth/Desktop/Engine/venv/lib/python3.11/site-packages/airflow/example_dags/example_branch_datetime_operator.py took 0.109 seconds
[2025-07-19T16:11:24.651+0530] {processor.py:186} INFO - Started process (PID=14473) to work on /Users/parth/Desktop/Engine/venv/lib/python3.11/site-packages/airflow/example_dags/example_branch_datetime_operator.py
[2025-07-19T16:11:24.652+0530] {processor.py:914} INFO - Processing file /Users/parth/Desktop/Engine/venv/lib/python3.11/site-packages/airflow/example_dags/example_branch_datetime_operator.py for tasks to queue
[2025-07-19T16:11:24.653+0530] {logging_mixin.py:190} INFO - [2025-07-19T16:11:24.652+0530] {dagbag.py:588} INFO - Filling up the DagBag from /Users/parth/Desktop/Engine/venv/lib/python3.11/site-packages/airflow/example_dags/example_branch_datetime_operator.py
[2025-07-19T16:11:24.660+0530] {processor.py:925} INFO - DAG(s) 'example_branch_datetime_operator_3', 'example_branch_datetime_operator_2', 'example_branch_datetime_operator' retrieved from /Users/parth/Desktop/Engine/venv/lib/python3.11/site-packages/airflow/example_dags/example_branch_datetime_operator.py
[2025-07-19T16:11:24.717+0530] {logging_mixin.py:190} INFO - [2025-07-19T16:11:24.717+0530] {dag.py:3239} INFO - Sync 3 DAGs
[2025-07-19T16:11:24.728+0530] {logging_mixin.py:190} INFO - [2025-07-19T16:11:24.728+0530] {dag.py:4180} INFO - Setting next_dagrun for example_branch_datetime_operator to 2025-07-18 00:00:00+00:00, run_after=2025-07-19 00:00:00+00:00
[2025-07-19T16:11:24.731+0530] {logging_mixin.py:190} INFO - [2025-07-19T16:11:24.731+0530] {dag.py:4180} INFO - Setting next_dagrun for example_branch_datetime_operator_2 to 2025-07-18 00:00:00+00:00, run_after=2025-07-19 00:00:00+00:00
[2025-07-19T16:11:24.732+0530] {logging_mixin.py:190} INFO - [2025-07-19T16:11:24.732+0530] {dag.py:4180} INFO - Setting next_dagrun for example_branch_datetime_operator_3 to 2025-07-18 00:00:00+00:00, run_after=2025-07-19 00:00:00+00:00
[2025-07-19T16:11:24.740+0530] {processor.py:208} INFO - Processing /Users/parth/Desktop/Engine/venv/lib/python3.11/site-packages/airflow/example_dags/example_branch_datetime_operator.py took 0.091 seconds
