[2025-07-19T15:40:41.210+0530] {processor.py:186} INFO - Started process (PID=1815) to work on /Users/parth/Desktop/Engine/venv/lib/python3.11/site-packages/airflow/example_dags/example_short_circuit_decorator.py
[2025-07-19T15:40:41.210+0530] {processor.py:914} INFO - Processing file /Users/parth/Desktop/Engine/venv/lib/python3.11/site-packages/airflow/example_dags/example_short_circuit_decorator.py for tasks to queue
[2025-07-19T15:40:41.211+0530] {logging_mixin.py:190} INFO - [2025-07-19T15:40:41.211+0530] {dagbag.py:588} INFO - Filling up the DagBag from /Users/parth/Desktop/Engine/venv/lib/python3.11/site-packages/airflow/example_dags/example_short_circuit_decorator.py
[2025-07-19T15:40:41.229+0530] {processor.py:925} INFO - DAG(s) 'example_short_circuit_decorator' retrieved from /Users/parth/Desktop/Engine/venv/lib/python3.11/site-packages/airflow/example_dags/example_short_circuit_decorator.py
[2025-07-19T15:40:41.268+0530] {logging_mixin.py:190} INFO - [2025-07-19T15:40:41.268+0530] {dag.py:3239} INFO - Sync 1 DAGs
[2025-07-19T15:40:41.272+0530] {logging_mixin.py:190} INFO - [2025-07-19T15:40:41.272+0530] {dag.py:4180} INFO - Setting next_dagrun for example_short_circuit_decorator to None, run_after=None
[2025-07-19T15:40:41.279+0530] {processor.py:208} INFO - Processing /Users/parth/Desktop/Engine/venv/lib/python3.11/site-packages/airflow/example_dags/example_short_circuit_decorator.py took 0.071 seconds
[2025-07-19T15:42:42.664+0530] {processor.py:186} INFO - Started process (PID=2674) to work on /Users/parth/Desktop/Engine/venv/lib/python3.11/site-packages/airflow/example_dags/example_short_circuit_decorator.py
[2025-07-19T15:42:42.665+0530] {processor.py:914} INFO - Processing file /Users/parth/Desktop/Engine/venv/lib/python3.11/site-packages/airflow/example_dags/example_short_circuit_decorator.py for tasks to queue
[2025-07-19T15:42:42.666+0530] {logging_mixin.py:190} INFO - [2025-07-19T15:42:42.665+0530] {dagbag.py:588} INFO - Filling up the DagBag from /Users/parth/Desktop/Engine/venv/lib/python3.11/site-packages/airflow/example_dags/example_short_circuit_decorator.py
[2025-07-19T15:42:42.683+0530] {processor.py:925} INFO - DAG(s) 'example_short_circuit_decorator' retrieved from /Users/parth/Desktop/Engine/venv/lib/python3.11/site-packages/airflow/example_dags/example_short_circuit_decorator.py
[2025-07-19T15:42:42.724+0530] {logging_mixin.py:190} INFO - [2025-07-19T15:42:42.724+0530] {dag.py:3239} INFO - Sync 1 DAGs
[2025-07-19T15:42:42.729+0530] {logging_mixin.py:190} INFO - [2025-07-19T15:42:42.729+0530] {dag.py:4180} INFO - Setting next_dagrun for example_short_circuit_decorator to None, run_after=None
[2025-07-19T15:42:42.737+0530] {processor.py:208} INFO - Processing /Users/parth/Desktop/Engine/venv/lib/python3.11/site-packages/airflow/example_dags/example_short_circuit_decorator.py took 0.074 seconds
[2025-07-19T15:44:22.898+0530] {processor.py:186} INFO - Started process (PID=3355) to work on /Users/parth/Desktop/Engine/venv/lib/python3.11/site-packages/airflow/example_dags/example_short_circuit_decorator.py
[2025-07-19T15:44:22.898+0530] {processor.py:914} INFO - Processing file /Users/parth/Desktop/Engine/venv/lib/python3.11/site-packages/airflow/example_dags/example_short_circuit_decorator.py for tasks to queue
[2025-07-19T15:44:22.899+0530] {logging_mixin.py:190} INFO - [2025-07-19T15:44:22.899+0530] {dagbag.py:588} INFO - Filling up the DagBag from /Users/parth/Desktop/Engine/venv/lib/python3.11/site-packages/airflow/example_dags/example_short_circuit_decorator.py
[2025-07-19T15:44:22.917+0530] {processor.py:925} INFO - DAG(s) 'example_short_circuit_decorator' retrieved from /Users/parth/Desktop/Engine/venv/lib/python3.11/site-packages/airflow/example_dags/example_short_circuit_decorator.py
[2025-07-19T15:44:22.957+0530] {logging_mixin.py:190} INFO - [2025-07-19T15:44:22.957+0530] {dag.py:3239} INFO - Sync 1 DAGs
[2025-07-19T15:44:22.961+0530] {logging_mixin.py:190} INFO - [2025-07-19T15:44:22.961+0530] {dag.py:4180} INFO - Setting next_dagrun for example_short_circuit_decorator to None, run_after=None
[2025-07-19T15:44:22.969+0530] {processor.py:208} INFO - Processing /Users/parth/Desktop/Engine/venv/lib/python3.11/site-packages/airflow/example_dags/example_short_circuit_decorator.py took 0.073 seconds
[2025-07-19T15:46:11.188+0530] {processor.py:186} INFO - Started process (PID=4075) to work on /Users/parth/Desktop/Engine/venv/lib/python3.11/site-packages/airflow/example_dags/example_short_circuit_decorator.py
[2025-07-19T15:46:11.189+0530] {processor.py:914} INFO - Processing file /Users/parth/Desktop/Engine/venv/lib/python3.11/site-packages/airflow/example_dags/example_short_circuit_decorator.py for tasks to queue
[2025-07-19T15:46:11.189+0530] {logging_mixin.py:190} INFO - [2025-07-19T15:46:11.189+0530] {dagbag.py:588} INFO - Filling up the DagBag from /Users/parth/Desktop/Engine/venv/lib/python3.11/site-packages/airflow/example_dags/example_short_circuit_decorator.py
[2025-07-19T15:46:11.206+0530] {processor.py:925} INFO - DAG(s) 'example_short_circuit_decorator' retrieved from /Users/parth/Desktop/Engine/venv/lib/python3.11/site-packages/airflow/example_dags/example_short_circuit_decorator.py
[2025-07-19T15:46:11.246+0530] {logging_mixin.py:190} INFO - [2025-07-19T15:46:11.246+0530] {dag.py:3239} INFO - Sync 1 DAGs
[2025-07-19T15:46:11.251+0530] {logging_mixin.py:190} INFO - [2025-07-19T15:46:11.251+0530] {dag.py:4180} INFO - Setting next_dagrun for example_short_circuit_decorator to None, run_after=None
[2025-07-19T15:46:11.258+0530] {processor.py:208} INFO - Processing /Users/parth/Desktop/Engine/venv/lib/python3.11/site-packages/airflow/example_dags/example_short_circuit_decorator.py took 0.073 seconds
[2025-07-19T15:47:39.144+0530] {processor.py:186} INFO - Started process (PID=4651) to work on /Users/parth/Desktop/Engine/venv/lib/python3.11/site-packages/airflow/example_dags/example_short_circuit_decorator.py
[2025-07-19T15:47:39.145+0530] {processor.py:914} INFO - Processing file /Users/parth/Desktop/Engine/venv/lib/python3.11/site-packages/airflow/example_dags/example_short_circuit_decorator.py for tasks to queue
[2025-07-19T15:47:39.145+0530] {logging_mixin.py:190} INFO - [2025-07-19T15:47:39.145+0530] {dagbag.py:588} INFO - Filling up the DagBag from /Users/parth/Desktop/Engine/venv/lib/python3.11/site-packages/airflow/example_dags/example_short_circuit_decorator.py
[2025-07-19T15:47:39.162+0530] {processor.py:925} INFO - DAG(s) 'example_short_circuit_decorator' retrieved from /Users/parth/Desktop/Engine/venv/lib/python3.11/site-packages/airflow/example_dags/example_short_circuit_decorator.py
[2025-07-19T15:47:39.201+0530] {logging_mixin.py:190} INFO - [2025-07-19T15:47:39.201+0530] {dag.py:3239} INFO - Sync 1 DAGs
[2025-07-19T15:47:39.205+0530] {logging_mixin.py:190} INFO - [2025-07-19T15:47:39.205+0530] {dag.py:4180} INFO - Setting next_dagrun for example_short_circuit_decorator to None, run_after=None
[2025-07-19T15:47:39.213+0530] {processor.py:208} INFO - Processing /Users/parth/Desktop/Engine/venv/lib/python3.11/site-packages/airflow/example_dags/example_short_circuit_decorator.py took 0.071 seconds
[2025-07-19T15:49:05.926+0530] {processor.py:186} INFO - Started process (PID=5224) to work on /Users/parth/Desktop/Engine/venv/lib/python3.11/site-packages/airflow/example_dags/example_short_circuit_decorator.py
[2025-07-19T15:49:05.927+0530] {processor.py:914} INFO - Processing file /Users/parth/Desktop/Engine/venv/lib/python3.11/site-packages/airflow/example_dags/example_short_circuit_decorator.py for tasks to queue
[2025-07-19T15:49:05.928+0530] {logging_mixin.py:190} INFO - [2025-07-19T15:49:05.928+0530] {dagbag.py:588} INFO - Filling up the DagBag from /Users/parth/Desktop/Engine/venv/lib/python3.11/site-packages/airflow/example_dags/example_short_circuit_decorator.py
[2025-07-19T15:49:05.946+0530] {processor.py:925} INFO - DAG(s) 'example_short_circuit_decorator' retrieved from /Users/parth/Desktop/Engine/venv/lib/python3.11/site-packages/airflow/example_dags/example_short_circuit_decorator.py
[2025-07-19T15:49:05.989+0530] {logging_mixin.py:190} INFO - [2025-07-19T15:49:05.989+0530] {dag.py:3239} INFO - Sync 1 DAGs
[2025-07-19T15:49:05.994+0530] {logging_mixin.py:190} INFO - [2025-07-19T15:49:05.994+0530] {dag.py:4180} INFO - Setting next_dagrun for example_short_circuit_decorator to None, run_after=None
[2025-07-19T15:49:06.001+0530] {processor.py:208} INFO - Processing /Users/parth/Desktop/Engine/venv/lib/python3.11/site-packages/airflow/example_dags/example_short_circuit_decorator.py took 0.077 seconds
[2025-07-19T15:50:37.119+0530] {processor.py:186} INFO - Started process (PID=5823) to work on /Users/parth/Desktop/Engine/venv/lib/python3.11/site-packages/airflow/example_dags/example_short_circuit_decorator.py
[2025-07-19T15:50:37.120+0530] {processor.py:914} INFO - Processing file /Users/parth/Desktop/Engine/venv/lib/python3.11/site-packages/airflow/example_dags/example_short_circuit_decorator.py for tasks to queue
[2025-07-19T15:50:37.120+0530] {logging_mixin.py:190} INFO - [2025-07-19T15:50:37.120+0530] {dagbag.py:588} INFO - Filling up the DagBag from /Users/parth/Desktop/Engine/venv/lib/python3.11/site-packages/airflow/example_dags/example_short_circuit_decorator.py
[2025-07-19T15:50:37.142+0530] {processor.py:925} INFO - DAG(s) 'example_short_circuit_decorator' retrieved from /Users/parth/Desktop/Engine/venv/lib/python3.11/site-packages/airflow/example_dags/example_short_circuit_decorator.py
[2025-07-19T15:50:37.193+0530] {logging_mixin.py:190} INFO - [2025-07-19T15:50:37.193+0530] {dag.py:3239} INFO - Sync 1 DAGs
[2025-07-19T15:50:37.199+0530] {logging_mixin.py:190} INFO - [2025-07-19T15:50:37.199+0530] {dag.py:4180} INFO - Setting next_dagrun for example_short_circuit_decorator to None, run_after=None
[2025-07-19T15:50:37.208+0530] {processor.py:208} INFO - Processing /Users/parth/Desktop/Engine/venv/lib/python3.11/site-packages/airflow/example_dags/example_short_circuit_decorator.py took 0.091 seconds
[2025-07-19T15:52:15.847+0530] {processor.py:186} INFO - Started process (PID=6519) to work on /Users/parth/Desktop/Engine/venv/lib/python3.11/site-packages/airflow/example_dags/example_short_circuit_decorator.py
[2025-07-19T15:52:15.848+0530] {processor.py:914} INFO - Processing file /Users/parth/Desktop/Engine/venv/lib/python3.11/site-packages/airflow/example_dags/example_short_circuit_decorator.py for tasks to queue
[2025-07-19T15:52:15.849+0530] {logging_mixin.py:190} INFO - [2025-07-19T15:52:15.849+0530] {dagbag.py:588} INFO - Filling up the DagBag from /Users/parth/Desktop/Engine/venv/lib/python3.11/site-packages/airflow/example_dags/example_short_circuit_decorator.py
[2025-07-19T15:52:15.877+0530] {processor.py:925} INFO - DAG(s) 'example_short_circuit_decorator' retrieved from /Users/parth/Desktop/Engine/venv/lib/python3.11/site-packages/airflow/example_dags/example_short_circuit_decorator.py
[2025-07-19T15:52:15.937+0530] {logging_mixin.py:190} INFO - [2025-07-19T15:52:15.937+0530] {dag.py:3239} INFO - Sync 1 DAGs
[2025-07-19T15:52:15.945+0530] {logging_mixin.py:190} INFO - [2025-07-19T15:52:15.945+0530] {dag.py:4180} INFO - Setting next_dagrun for example_short_circuit_decorator to None, run_after=None
[2025-07-19T15:52:15.956+0530] {processor.py:208} INFO - Processing /Users/parth/Desktop/Engine/venv/lib/python3.11/site-packages/airflow/example_dags/example_short_circuit_decorator.py took 0.111 seconds
[2025-07-19T15:54:03.244+0530] {processor.py:186} INFO - Started process (PID=7240) to work on /Users/parth/Desktop/Engine/venv/lib/python3.11/site-packages/airflow/example_dags/example_short_circuit_decorator.py
[2025-07-19T15:54:03.245+0530] {processor.py:914} INFO - Processing file /Users/parth/Desktop/Engine/venv/lib/python3.11/site-packages/airflow/example_dags/example_short_circuit_decorator.py for tasks to queue
[2025-07-19T15:54:03.246+0530] {logging_mixin.py:190} INFO - [2025-07-19T15:54:03.246+0530] {dagbag.py:588} INFO - Filling up the DagBag from /Users/parth/Desktop/Engine/venv/lib/python3.11/site-packages/airflow/example_dags/example_short_circuit_decorator.py
[2025-07-19T15:54:03.275+0530] {processor.py:925} INFO - DAG(s) 'example_short_circuit_decorator' retrieved from /Users/parth/Desktop/Engine/venv/lib/python3.11/site-packages/airflow/example_dags/example_short_circuit_decorator.py
[2025-07-19T15:54:03.335+0530] {logging_mixin.py:190} INFO - [2025-07-19T15:54:03.334+0530] {dag.py:3239} INFO - Sync 1 DAGs
[2025-07-19T15:54:03.341+0530] {logging_mixin.py:190} INFO - [2025-07-19T15:54:03.341+0530] {dag.py:4180} INFO - Setting next_dagrun for example_short_circuit_decorator to None, run_after=None
[2025-07-19T15:54:03.351+0530] {processor.py:208} INFO - Processing /Users/parth/Desktop/Engine/venv/lib/python3.11/site-packages/airflow/example_dags/example_short_circuit_decorator.py took 0.109 seconds
[2025-07-19T15:57:00.193+0530] {processor.py:186} INFO - Started process (PID=8661) to work on /Users/parth/Desktop/Engine/venv/lib/python3.11/site-packages/airflow/example_dags/example_short_circuit_decorator.py
[2025-07-19T15:57:00.193+0530] {processor.py:914} INFO - Processing file /Users/parth/Desktop/Engine/venv/lib/python3.11/site-packages/airflow/example_dags/example_short_circuit_decorator.py for tasks to queue
[2025-07-19T15:57:00.194+0530] {logging_mixin.py:190} INFO - [2025-07-19T15:57:00.194+0530] {dagbag.py:588} INFO - Filling up the DagBag from /Users/parth/Desktop/Engine/venv/lib/python3.11/site-packages/airflow/example_dags/example_short_circuit_decorator.py
[2025-07-19T15:57:00.221+0530] {processor.py:925} INFO - DAG(s) 'example_short_circuit_decorator' retrieved from /Users/parth/Desktop/Engine/venv/lib/python3.11/site-packages/airflow/example_dags/example_short_circuit_decorator.py
[2025-07-19T15:57:00.283+0530] {logging_mixin.py:190} INFO - [2025-07-19T15:57:00.283+0530] {dag.py:3239} INFO - Sync 1 DAGs
[2025-07-19T15:57:00.290+0530] {logging_mixin.py:190} INFO - [2025-07-19T15:57:00.289+0530] {dag.py:4180} INFO - Setting next_dagrun for example_short_circuit_decorator to None, run_after=None
[2025-07-19T15:57:00.302+0530] {processor.py:208} INFO - Processing /Users/parth/Desktop/Engine/venv/lib/python3.11/site-packages/airflow/example_dags/example_short_circuit_decorator.py took 0.112 seconds
[2025-07-19T15:59:08.393+0530] {processor.py:186} INFO - Started process (PID=9496) to work on /Users/parth/Desktop/Engine/venv/lib/python3.11/site-packages/airflow/example_dags/example_short_circuit_decorator.py
[2025-07-19T15:59:08.393+0530] {processor.py:914} INFO - Processing file /Users/parth/Desktop/Engine/venv/lib/python3.11/site-packages/airflow/example_dags/example_short_circuit_decorator.py for tasks to queue
[2025-07-19T15:59:08.394+0530] {logging_mixin.py:190} INFO - [2025-07-19T15:59:08.394+0530] {dagbag.py:588} INFO - Filling up the DagBag from /Users/parth/Desktop/Engine/venv/lib/python3.11/site-packages/airflow/example_dags/example_short_circuit_decorator.py
[2025-07-19T15:59:08.418+0530] {processor.py:925} INFO - DAG(s) 'example_short_circuit_decorator' retrieved from /Users/parth/Desktop/Engine/venv/lib/python3.11/site-packages/airflow/example_dags/example_short_circuit_decorator.py
[2025-07-19T15:59:08.472+0530] {logging_mixin.py:190} INFO - [2025-07-19T15:59:08.472+0530] {dag.py:3239} INFO - Sync 1 DAGs
[2025-07-19T15:59:08.478+0530] {logging_mixin.py:190} INFO - [2025-07-19T15:59:08.478+0530] {dag.py:4180} INFO - Setting next_dagrun for example_short_circuit_decorator to None, run_after=None
[2025-07-19T15:59:08.488+0530] {processor.py:208} INFO - Processing /Users/parth/Desktop/Engine/venv/lib/python3.11/site-packages/airflow/example_dags/example_short_circuit_decorator.py took 0.098 seconds
[2025-07-19T16:00:54.172+0530] {processor.py:186} INFO - Started process (PID=10184) to work on /Users/parth/Desktop/Engine/venv/lib/python3.11/site-packages/airflow/example_dags/example_short_circuit_decorator.py
[2025-07-19T16:00:54.173+0530] {processor.py:914} INFO - Processing file /Users/parth/Desktop/Engine/venv/lib/python3.11/site-packages/airflow/example_dags/example_short_circuit_decorator.py for tasks to queue
[2025-07-19T16:00:54.174+0530] {logging_mixin.py:190} INFO - [2025-07-19T16:00:54.174+0530] {dagbag.py:588} INFO - Filling up the DagBag from /Users/parth/Desktop/Engine/venv/lib/python3.11/site-packages/airflow/example_dags/example_short_circuit_decorator.py
[2025-07-19T16:00:54.206+0530] {processor.py:925} INFO - DAG(s) 'example_short_circuit_decorator' retrieved from /Users/parth/Desktop/Engine/venv/lib/python3.11/site-packages/airflow/example_dags/example_short_circuit_decorator.py
[2025-07-19T16:00:54.282+0530] {logging_mixin.py:190} INFO - [2025-07-19T16:00:54.281+0530] {dag.py:3239} INFO - Sync 1 DAGs
[2025-07-19T16:00:54.290+0530] {logging_mixin.py:190} INFO - [2025-07-19T16:00:54.289+0530] {dag.py:4180} INFO - Setting next_dagrun for example_short_circuit_decorator to None, run_after=None
[2025-07-19T16:00:54.304+0530] {processor.py:208} INFO - Processing /Users/parth/Desktop/Engine/venv/lib/python3.11/site-packages/airflow/example_dags/example_short_circuit_decorator.py took 0.135 seconds
[2025-07-19T16:02:49.135+0530] {processor.py:186} INFO - Started process (PID=10970) to work on /Users/parth/Desktop/Engine/venv/lib/python3.11/site-packages/airflow/example_dags/example_short_circuit_decorator.py
[2025-07-19T16:02:49.135+0530] {processor.py:914} INFO - Processing file /Users/parth/Desktop/Engine/venv/lib/python3.11/site-packages/airflow/example_dags/example_short_circuit_decorator.py for tasks to queue
[2025-07-19T16:02:49.136+0530] {logging_mixin.py:190} INFO - [2025-07-19T16:02:49.136+0530] {dagbag.py:588} INFO - Filling up the DagBag from /Users/parth/Desktop/Engine/venv/lib/python3.11/site-packages/airflow/example_dags/example_short_circuit_decorator.py
[2025-07-19T16:02:49.162+0530] {processor.py:925} INFO - DAG(s) 'example_short_circuit_decorator' retrieved from /Users/parth/Desktop/Engine/venv/lib/python3.11/site-packages/airflow/example_dags/example_short_circuit_decorator.py
[2025-07-19T16:02:49.218+0530] {logging_mixin.py:190} INFO - [2025-07-19T16:02:49.218+0530] {dag.py:3239} INFO - Sync 1 DAGs
[2025-07-19T16:02:49.224+0530] {logging_mixin.py:190} INFO - [2025-07-19T16:02:49.224+0530] {dag.py:4180} INFO - Setting next_dagrun for example_short_circuit_decorator to None, run_after=None
[2025-07-19T16:02:49.234+0530] {processor.py:208} INFO - Processing /Users/parth/Desktop/Engine/venv/lib/python3.11/site-packages/airflow/example_dags/example_short_circuit_decorator.py took 0.102 seconds
[2025-07-19T16:06:32.108+0530] {processor.py:186} INFO - Started process (PID=12499) to work on /Users/parth/Desktop/Engine/venv/lib/python3.11/site-packages/airflow/example_dags/example_short_circuit_decorator.py
[2025-07-19T16:06:32.110+0530] {processor.py:914} INFO - Processing file /Users/parth/Desktop/Engine/venv/lib/python3.11/site-packages/airflow/example_dags/example_short_circuit_decorator.py for tasks to queue
[2025-07-19T16:06:32.111+0530] {logging_mixin.py:190} INFO - [2025-07-19T16:06:32.111+0530] {dagbag.py:588} INFO - Filling up the DagBag from /Users/parth/Desktop/Engine/venv/lib/python3.11/site-packages/airflow/example_dags/example_short_circuit_decorator.py
[2025-07-19T16:06:32.142+0530] {processor.py:925} INFO - DAG(s) 'example_short_circuit_decorator' retrieved from /Users/parth/Desktop/Engine/venv/lib/python3.11/site-packages/airflow/example_dags/example_short_circuit_decorator.py
[2025-07-19T16:06:32.206+0530] {logging_mixin.py:190} INFO - [2025-07-19T16:06:32.205+0530] {dag.py:3239} INFO - Sync 1 DAGs
[2025-07-19T16:06:32.212+0530] {logging_mixin.py:190} INFO - [2025-07-19T16:06:32.212+0530] {dag.py:4180} INFO - Setting next_dagrun for example_short_circuit_decorator to None, run_after=None
[2025-07-19T16:06:32.224+0530] {processor.py:208} INFO - Processing /Users/parth/Desktop/Engine/venv/lib/python3.11/site-packages/airflow/example_dags/example_short_circuit_decorator.py took 0.118 seconds
[2025-07-19T16:08:46.503+0530] {processor.py:186} INFO - Started process (PID=13410) to work on /Users/parth/Desktop/Engine/venv/lib/python3.11/site-packages/airflow/example_dags/example_short_circuit_decorator.py
[2025-07-19T16:08:46.504+0530] {processor.py:914} INFO - Processing file /Users/parth/Desktop/Engine/venv/lib/python3.11/site-packages/airflow/example_dags/example_short_circuit_decorator.py for tasks to queue
[2025-07-19T16:08:46.505+0530] {logging_mixin.py:190} INFO - [2025-07-19T16:08:46.505+0530] {dagbag.py:588} INFO - Filling up the DagBag from /Users/parth/Desktop/Engine/venv/lib/python3.11/site-packages/airflow/example_dags/example_short_circuit_decorator.py
[2025-07-19T16:08:46.533+0530] {processor.py:925} INFO - DAG(s) 'example_short_circuit_decorator' retrieved from /Users/parth/Desktop/Engine/venv/lib/python3.11/site-packages/airflow/example_dags/example_short_circuit_decorator.py
[2025-07-19T16:08:46.598+0530] {logging_mixin.py:190} INFO - [2025-07-19T16:08:46.598+0530] {dag.py:3239} INFO - Sync 1 DAGs
[2025-07-19T16:08:46.605+0530] {logging_mixin.py:190} INFO - [2025-07-19T16:08:46.605+0530] {dag.py:4180} INFO - Setting next_dagrun for example_short_circuit_decorator to None, run_after=None
[2025-07-19T16:08:46.616+0530] {processor.py:208} INFO - Processing /Users/parth/Desktop/Engine/venv/lib/python3.11/site-packages/airflow/example_dags/example_short_circuit_decorator.py took 0.116 seconds
[2025-07-19T16:10:41.171+0530] {processor.py:186} INFO - Started process (PID=14182) to work on /Users/parth/Desktop/Engine/venv/lib/python3.11/site-packages/airflow/example_dags/example_short_circuit_decorator.py
[2025-07-19T16:10:41.173+0530] {processor.py:914} INFO - Processing file /Users/parth/Desktop/Engine/venv/lib/python3.11/site-packages/airflow/example_dags/example_short_circuit_decorator.py for tasks to queue
[2025-07-19T16:10:41.174+0530] {logging_mixin.py:190} INFO - [2025-07-19T16:10:41.174+0530] {dagbag.py:588} INFO - Filling up the DagBag from /Users/parth/Desktop/Engine/venv/lib/python3.11/site-packages/airflow/example_dags/example_short_circuit_decorator.py
[2025-07-19T16:10:41.203+0530] {processor.py:925} INFO - DAG(s) 'example_short_circuit_decorator' retrieved from /Users/parth/Desktop/Engine/venv/lib/python3.11/site-packages/airflow/example_dags/example_short_circuit_decorator.py
[2025-07-19T16:10:41.275+0530] {logging_mixin.py:190} INFO - [2025-07-19T16:10:41.275+0530] {dag.py:3239} INFO - Sync 1 DAGs
[2025-07-19T16:10:41.282+0530] {logging_mixin.py:190} INFO - [2025-07-19T16:10:41.282+0530] {dag.py:4180} INFO - Setting next_dagrun for example_short_circuit_decorator to None, run_after=None
[2025-07-19T16:10:41.294+0530] {processor.py:208} INFO - Processing /Users/parth/Desktop/Engine/venv/lib/python3.11/site-packages/airflow/example_dags/example_short_circuit_decorator.py took 0.125 seconds
