[2025-07-19T15:41:24.839+0530] {processor.py:186} INFO - Started process (PID=2138) to work on /Users/parth/Desktop/Engine/venv/lib/python3.11/site-packages/airflow/example_dags/example_datasets.py
[2025-07-19T15:41:24.839+0530] {processor.py:914} INFO - Processing file /Users/parth/Desktop/Engine/venv/lib/python3.11/site-packages/airflow/example_dags/example_datasets.py for tasks to queue
[2025-07-19T15:41:24.840+0530] {logging_mixin.py:190} INFO - [2025-07-19T15:41:24.840+0530] {dagbag.py:588} INFO - Filling up the DagBag from /Users/parth/Desktop/Engine/venv/lib/python3.11/site-packages/airflow/example_dags/example_datasets.py
[2025-07-19T15:41:24.867+0530] {processor.py:925} INFO - DAG(s) 'dataset_consumes_1', 'dataset_consumes_unknown_never_scheduled', 'dataset_consumes_1_and_2', 'consume_1_and_2_with_dataset_expressions', 'dataset_consumes_1_never_scheduled', 'dataset_produces_1', 'conditional_dataset_and_time_based_timetable', 'dataset_produces_2', 'consume_1_or_both_2_and_3_with_dataset_expressions', 'consume_1_or_2_with_dataset_expressions' retrieved from /Users/parth/Desktop/Engine/venv/lib/python3.11/site-packages/airflow/example_dags/example_datasets.py
[2025-07-19T15:41:24.914+0530] {logging_mixin.py:190} INFO - [2025-07-19T15:41:24.914+0530] {dag.py:3239} INFO - Sync 10 DAGs
[2025-07-19T15:41:24.923+0530] {logging_mixin.py:190} INFO - [2025-07-19T15:41:24.923+0530] {dag.py:4180} INFO - Setting next_dagrun for conditional_dataset_and_time_based_timetable to 2025-07-16 01:00:00+00:00, run_after=2025-07-16 01:00:00+00:00
[2025-07-19T15:41:24.925+0530] {logging_mixin.py:190} INFO - [2025-07-19T15:41:24.925+0530] {dag.py:4180} INFO - Setting next_dagrun for consume_1_and_2_with_dataset_expressions to None, run_after=None
[2025-07-19T15:41:24.925+0530] {logging_mixin.py:190} INFO - [2025-07-19T15:41:24.925+0530] {dag.py:4180} INFO - Setting next_dagrun for consume_1_or_2_with_dataset_expressions to None, run_after=None
[2025-07-19T15:41:24.926+0530] {logging_mixin.py:190} INFO - [2025-07-19T15:41:24.925+0530] {dag.py:4180} INFO - Setting next_dagrun for consume_1_or_both_2_and_3_with_dataset_expressions to None, run_after=None
[2025-07-19T15:41:24.926+0530] {logging_mixin.py:190} INFO - [2025-07-19T15:41:24.926+0530] {dag.py:4180} INFO - Setting next_dagrun for dataset_consumes_1 to None, run_after=None
[2025-07-19T15:41:24.926+0530] {logging_mixin.py:190} INFO - [2025-07-19T15:41:24.926+0530] {dag.py:4180} INFO - Setting next_dagrun for dataset_consumes_1_and_2 to None, run_after=None
[2025-07-19T15:41:24.927+0530] {logging_mixin.py:190} INFO - [2025-07-19T15:41:24.926+0530] {dag.py:4180} INFO - Setting next_dagrun for dataset_consumes_1_never_scheduled to None, run_after=None
[2025-07-19T15:41:24.927+0530] {logging_mixin.py:190} INFO - [2025-07-19T15:41:24.927+0530] {dag.py:4180} INFO - Setting next_dagrun for dataset_consumes_unknown_never_scheduled to None, run_after=None
[2025-07-19T15:41:24.928+0530] {logging_mixin.py:190} INFO - [2025-07-19T15:41:24.928+0530] {dag.py:4180} INFO - Setting next_dagrun for dataset_produces_1 to 2025-07-18 00:00:00+00:00, run_after=2025-07-19 00:00:00+00:00
[2025-07-19T15:41:24.928+0530] {logging_mixin.py:190} INFO - [2025-07-19T15:41:24.928+0530] {dag.py:4180} INFO - Setting next_dagrun for dataset_produces_2 to None, run_after=None
[2025-07-19T15:41:24.940+0530] {processor.py:208} INFO - Processing /Users/parth/Desktop/Engine/venv/lib/python3.11/site-packages/airflow/example_dags/example_datasets.py took 0.103 seconds
[2025-07-19T15:44:37.654+0530] {processor.py:186} INFO - Started process (PID=3459) to work on /Users/parth/Desktop/Engine/venv/lib/python3.11/site-packages/airflow/example_dags/example_datasets.py
[2025-07-19T15:44:37.654+0530] {processor.py:914} INFO - Processing file /Users/parth/Desktop/Engine/venv/lib/python3.11/site-packages/airflow/example_dags/example_datasets.py for tasks to queue
[2025-07-19T15:44:37.655+0530] {logging_mixin.py:190} INFO - [2025-07-19T15:44:37.655+0530] {dagbag.py:588} INFO - Filling up the DagBag from /Users/parth/Desktop/Engine/venv/lib/python3.11/site-packages/airflow/example_dags/example_datasets.py
[2025-07-19T15:44:37.692+0530] {processor.py:925} INFO - DAG(s) 'consume_1_and_2_with_dataset_expressions', 'dataset_consumes_1_and_2', 'consume_1_or_both_2_and_3_with_dataset_expressions', 'consume_1_or_2_with_dataset_expressions', 'dataset_consumes_1_never_scheduled', 'dataset_produces_2', 'dataset_consumes_unknown_never_scheduled', 'conditional_dataset_and_time_based_timetable', 'dataset_produces_1', 'dataset_consumes_1' retrieved from /Users/parth/Desktop/Engine/venv/lib/python3.11/site-packages/airflow/example_dags/example_datasets.py
[2025-07-19T15:44:37.739+0530] {logging_mixin.py:190} INFO - [2025-07-19T15:44:37.739+0530] {dag.py:3239} INFO - Sync 10 DAGs
[2025-07-19T15:44:37.749+0530] {logging_mixin.py:190} INFO - [2025-07-19T15:44:37.749+0530] {dag.py:4180} INFO - Setting next_dagrun for conditional_dataset_and_time_based_timetable to 2025-07-16 01:00:00+00:00, run_after=2025-07-16 01:00:00+00:00
[2025-07-19T15:44:37.751+0530] {logging_mixin.py:190} INFO - [2025-07-19T15:44:37.751+0530] {dag.py:4180} INFO - Setting next_dagrun for consume_1_and_2_with_dataset_expressions to None, run_after=None
[2025-07-19T15:44:37.751+0530] {logging_mixin.py:190} INFO - [2025-07-19T15:44:37.751+0530] {dag.py:4180} INFO - Setting next_dagrun for consume_1_or_2_with_dataset_expressions to None, run_after=None
[2025-07-19T15:44:37.751+0530] {logging_mixin.py:190} INFO - [2025-07-19T15:44:37.751+0530] {dag.py:4180} INFO - Setting next_dagrun for consume_1_or_both_2_and_3_with_dataset_expressions to None, run_after=None
[2025-07-19T15:44:37.752+0530] {logging_mixin.py:190} INFO - [2025-07-19T15:44:37.752+0530] {dag.py:4180} INFO - Setting next_dagrun for dataset_consumes_1 to None, run_after=None
[2025-07-19T15:44:37.752+0530] {logging_mixin.py:190} INFO - [2025-07-19T15:44:37.752+0530] {dag.py:4180} INFO - Setting next_dagrun for dataset_consumes_1_and_2 to None, run_after=None
[2025-07-19T15:44:37.752+0530] {logging_mixin.py:190} INFO - [2025-07-19T15:44:37.752+0530] {dag.py:4180} INFO - Setting next_dagrun for dataset_consumes_1_never_scheduled to None, run_after=None
[2025-07-19T15:44:37.753+0530] {logging_mixin.py:190} INFO - [2025-07-19T15:44:37.753+0530] {dag.py:4180} INFO - Setting next_dagrun for dataset_consumes_unknown_never_scheduled to None, run_after=None
[2025-07-19T15:44:37.754+0530] {logging_mixin.py:190} INFO - [2025-07-19T15:44:37.754+0530] {dag.py:4180} INFO - Setting next_dagrun for dataset_produces_1 to 2025-07-18 00:00:00+00:00, run_after=2025-07-19 00:00:00+00:00
[2025-07-19T15:44:37.754+0530] {logging_mixin.py:190} INFO - [2025-07-19T15:44:37.754+0530] {dag.py:4180} INFO - Setting next_dagrun for dataset_produces_2 to None, run_after=None
[2025-07-19T15:44:37.766+0530] {processor.py:208} INFO - Processing /Users/parth/Desktop/Engine/venv/lib/python3.11/site-packages/airflow/example_dags/example_datasets.py took 0.114 seconds
[2025-07-19T15:47:50.969+0530] {processor.py:186} INFO - Started process (PID=4733) to work on /Users/parth/Desktop/Engine/venv/lib/python3.11/site-packages/airflow/example_dags/example_datasets.py
[2025-07-19T15:47:50.969+0530] {processor.py:914} INFO - Processing file /Users/parth/Desktop/Engine/venv/lib/python3.11/site-packages/airflow/example_dags/example_datasets.py for tasks to queue
[2025-07-19T15:47:50.970+0530] {logging_mixin.py:190} INFO - [2025-07-19T15:47:50.970+0530] {dagbag.py:588} INFO - Filling up the DagBag from /Users/parth/Desktop/Engine/venv/lib/python3.11/site-packages/airflow/example_dags/example_datasets.py
[2025-07-19T15:47:51.001+0530] {processor.py:925} INFO - DAG(s) 'consume_1_or_2_with_dataset_expressions', 'conditional_dataset_and_time_based_timetable', 'dataset_consumes_unknown_never_scheduled', 'dataset_consumes_1', 'consume_1_or_both_2_and_3_with_dataset_expressions', 'consume_1_and_2_with_dataset_expressions', 'dataset_produces_1', 'dataset_consumes_1_and_2', 'dataset_produces_2', 'dataset_consumes_1_never_scheduled' retrieved from /Users/parth/Desktop/Engine/venv/lib/python3.11/site-packages/airflow/example_dags/example_datasets.py
[2025-07-19T15:47:51.047+0530] {logging_mixin.py:190} INFO - [2025-07-19T15:47:51.047+0530] {dag.py:3239} INFO - Sync 10 DAGs
[2025-07-19T15:47:51.055+0530] {logging_mixin.py:190} INFO - [2025-07-19T15:47:51.055+0530] {dag.py:4180} INFO - Setting next_dagrun for conditional_dataset_and_time_based_timetable to 2025-07-16 01:00:00+00:00, run_after=2025-07-16 01:00:00+00:00
[2025-07-19T15:47:51.056+0530] {logging_mixin.py:190} INFO - [2025-07-19T15:47:51.056+0530] {dag.py:4180} INFO - Setting next_dagrun for consume_1_and_2_with_dataset_expressions to None, run_after=None
[2025-07-19T15:47:51.057+0530] {logging_mixin.py:190} INFO - [2025-07-19T15:47:51.057+0530] {dag.py:4180} INFO - Setting next_dagrun for consume_1_or_2_with_dataset_expressions to None, run_after=None
[2025-07-19T15:47:51.057+0530] {logging_mixin.py:190} INFO - [2025-07-19T15:47:51.057+0530] {dag.py:4180} INFO - Setting next_dagrun for consume_1_or_both_2_and_3_with_dataset_expressions to None, run_after=None
[2025-07-19T15:47:51.057+0530] {logging_mixin.py:190} INFO - [2025-07-19T15:47:51.057+0530] {dag.py:4180} INFO - Setting next_dagrun for dataset_consumes_1 to None, run_after=None
[2025-07-19T15:47:51.058+0530] {logging_mixin.py:190} INFO - [2025-07-19T15:47:51.058+0530] {dag.py:4180} INFO - Setting next_dagrun for dataset_consumes_1_and_2 to None, run_after=None
[2025-07-19T15:47:51.058+0530] {logging_mixin.py:190} INFO - [2025-07-19T15:47:51.058+0530] {dag.py:4180} INFO - Setting next_dagrun for dataset_consumes_1_never_scheduled to None, run_after=None
[2025-07-19T15:47:51.058+0530] {logging_mixin.py:190} INFO - [2025-07-19T15:47:51.058+0530] {dag.py:4180} INFO - Setting next_dagrun for dataset_consumes_unknown_never_scheduled to None, run_after=None
[2025-07-19T15:47:51.059+0530] {logging_mixin.py:190} INFO - [2025-07-19T15:47:51.059+0530] {dag.py:4180} INFO - Setting next_dagrun for dataset_produces_1 to 2025-07-18 00:00:00+00:00, run_after=2025-07-19 00:00:00+00:00
[2025-07-19T15:47:51.059+0530] {logging_mixin.py:190} INFO - [2025-07-19T15:47:51.059+0530] {dag.py:4180} INFO - Setting next_dagrun for dataset_produces_2 to None, run_after=None
[2025-07-19T15:47:51.069+0530] {processor.py:208} INFO - Processing /Users/parth/Desktop/Engine/venv/lib/python3.11/site-packages/airflow/example_dags/example_datasets.py took 0.102 seconds
[2025-07-19T15:50:50.237+0530] {processor.py:186} INFO - Started process (PID=5909) to work on /Users/parth/Desktop/Engine/venv/lib/python3.11/site-packages/airflow/example_dags/example_datasets.py
[2025-07-19T15:50:50.237+0530] {processor.py:914} INFO - Processing file /Users/parth/Desktop/Engine/venv/lib/python3.11/site-packages/airflow/example_dags/example_datasets.py for tasks to queue
[2025-07-19T15:50:50.238+0530] {logging_mixin.py:190} INFO - [2025-07-19T15:50:50.238+0530] {dagbag.py:588} INFO - Filling up the DagBag from /Users/parth/Desktop/Engine/venv/lib/python3.11/site-packages/airflow/example_dags/example_datasets.py
[2025-07-19T15:50:50.280+0530] {processor.py:925} INFO - DAG(s) 'consume_1_or_both_2_and_3_with_dataset_expressions', 'dataset_consumes_1', 'dataset_consumes_1_and_2', 'dataset_produces_2', 'consume_1_or_2_with_dataset_expressions', 'dataset_consumes_unknown_never_scheduled', 'dataset_consumes_1_never_scheduled', 'conditional_dataset_and_time_based_timetable', 'dataset_produces_1', 'consume_1_and_2_with_dataset_expressions' retrieved from /Users/parth/Desktop/Engine/venv/lib/python3.11/site-packages/airflow/example_dags/example_datasets.py
[2025-07-19T15:50:50.343+0530] {logging_mixin.py:190} INFO - [2025-07-19T15:50:50.343+0530] {dag.py:3239} INFO - Sync 10 DAGs
[2025-07-19T15:50:50.357+0530] {logging_mixin.py:190} INFO - [2025-07-19T15:50:50.357+0530] {dag.py:4180} INFO - Setting next_dagrun for conditional_dataset_and_time_based_timetable to 2025-07-16 01:00:00+00:00, run_after=2025-07-16 01:00:00+00:00
[2025-07-19T15:50:50.361+0530] {logging_mixin.py:190} INFO - [2025-07-19T15:50:50.360+0530] {dag.py:4180} INFO - Setting next_dagrun for consume_1_and_2_with_dataset_expressions to None, run_after=None
[2025-07-19T15:50:50.361+0530] {logging_mixin.py:190} INFO - [2025-07-19T15:50:50.361+0530] {dag.py:4180} INFO - Setting next_dagrun for consume_1_or_2_with_dataset_expressions to None, run_after=None
[2025-07-19T15:50:50.362+0530] {logging_mixin.py:190} INFO - [2025-07-19T15:50:50.362+0530] {dag.py:4180} INFO - Setting next_dagrun for consume_1_or_both_2_and_3_with_dataset_expressions to None, run_after=None
[2025-07-19T15:50:50.362+0530] {logging_mixin.py:190} INFO - [2025-07-19T15:50:50.362+0530] {dag.py:4180} INFO - Setting next_dagrun for dataset_consumes_1 to None, run_after=None
[2025-07-19T15:50:50.363+0530] {logging_mixin.py:190} INFO - [2025-07-19T15:50:50.363+0530] {dag.py:4180} INFO - Setting next_dagrun for dataset_consumes_1_and_2 to None, run_after=None
[2025-07-19T15:50:50.363+0530] {logging_mixin.py:190} INFO - [2025-07-19T15:50:50.363+0530] {dag.py:4180} INFO - Setting next_dagrun for dataset_consumes_1_never_scheduled to None, run_after=None
[2025-07-19T15:50:50.364+0530] {logging_mixin.py:190} INFO - [2025-07-19T15:50:50.364+0530] {dag.py:4180} INFO - Setting next_dagrun for dataset_consumes_unknown_never_scheduled to None, run_after=None
[2025-07-19T15:50:50.365+0530] {logging_mixin.py:190} INFO - [2025-07-19T15:50:50.365+0530] {dag.py:4180} INFO - Setting next_dagrun for dataset_produces_1 to 2025-07-18 00:00:00+00:00, run_after=2025-07-19 00:00:00+00:00
[2025-07-19T15:50:50.366+0530] {logging_mixin.py:190} INFO - [2025-07-19T15:50:50.366+0530] {dag.py:4180} INFO - Setting next_dagrun for dataset_produces_2 to None, run_after=None
[2025-07-19T15:50:50.382+0530] {processor.py:208} INFO - Processing /Users/parth/Desktop/Engine/venv/lib/python3.11/site-packages/airflow/example_dags/example_datasets.py took 0.148 seconds
[2025-07-19T15:54:21.337+0530] {processor.py:186} INFO - Started process (PID=7370) to work on /Users/parth/Desktop/Engine/venv/lib/python3.11/site-packages/airflow/example_dags/example_datasets.py
[2025-07-19T15:54:21.338+0530] {processor.py:914} INFO - Processing file /Users/parth/Desktop/Engine/venv/lib/python3.11/site-packages/airflow/example_dags/example_datasets.py for tasks to queue
[2025-07-19T15:54:21.339+0530] {logging_mixin.py:190} INFO - [2025-07-19T15:54:21.339+0530] {dagbag.py:588} INFO - Filling up the DagBag from /Users/parth/Desktop/Engine/venv/lib/python3.11/site-packages/airflow/example_dags/example_datasets.py
[2025-07-19T15:54:21.383+0530] {processor.py:925} INFO - DAG(s) 'dataset_consumes_1', 'consume_1_or_2_with_dataset_expressions', 'dataset_consumes_1_never_scheduled', 'dataset_consumes_unknown_never_scheduled', 'dataset_consumes_1_and_2', 'consume_1_or_both_2_and_3_with_dataset_expressions', 'consume_1_and_2_with_dataset_expressions', 'dataset_produces_2', 'conditional_dataset_and_time_based_timetable', 'dataset_produces_1' retrieved from /Users/parth/Desktop/Engine/venv/lib/python3.11/site-packages/airflow/example_dags/example_datasets.py
[2025-07-19T15:54:21.455+0530] {logging_mixin.py:190} INFO - [2025-07-19T15:54:21.455+0530] {dag.py:3239} INFO - Sync 10 DAGs
[2025-07-19T15:54:21.470+0530] {logging_mixin.py:190} INFO - [2025-07-19T15:54:21.470+0530] {dag.py:4180} INFO - Setting next_dagrun for conditional_dataset_and_time_based_timetable to 2025-07-16 01:00:00+00:00, run_after=2025-07-16 01:00:00+00:00
[2025-07-19T15:54:21.472+0530] {logging_mixin.py:190} INFO - [2025-07-19T15:54:21.472+0530] {dag.py:4180} INFO - Setting next_dagrun for consume_1_and_2_with_dataset_expressions to None, run_after=None
[2025-07-19T15:54:21.472+0530] {logging_mixin.py:190} INFO - [2025-07-19T15:54:21.472+0530] {dag.py:4180} INFO - Setting next_dagrun for consume_1_or_2_with_dataset_expressions to None, run_after=None
[2025-07-19T15:54:21.473+0530] {logging_mixin.py:190} INFO - [2025-07-19T15:54:21.473+0530] {dag.py:4180} INFO - Setting next_dagrun for consume_1_or_both_2_and_3_with_dataset_expressions to None, run_after=None
[2025-07-19T15:54:21.474+0530] {logging_mixin.py:190} INFO - [2025-07-19T15:54:21.473+0530] {dag.py:4180} INFO - Setting next_dagrun for dataset_consumes_1 to None, run_after=None
[2025-07-19T15:54:21.474+0530] {logging_mixin.py:190} INFO - [2025-07-19T15:54:21.474+0530] {dag.py:4180} INFO - Setting next_dagrun for dataset_consumes_1_and_2 to None, run_after=None
[2025-07-19T15:54:21.475+0530] {logging_mixin.py:190} INFO - [2025-07-19T15:54:21.475+0530] {dag.py:4180} INFO - Setting next_dagrun for dataset_consumes_1_never_scheduled to None, run_after=None
[2025-07-19T15:54:21.476+0530] {logging_mixin.py:190} INFO - [2025-07-19T15:54:21.476+0530] {dag.py:4180} INFO - Setting next_dagrun for dataset_consumes_unknown_never_scheduled to None, run_after=None
[2025-07-19T15:54:21.478+0530] {logging_mixin.py:190} INFO - [2025-07-19T15:54:21.478+0530] {dag.py:4180} INFO - Setting next_dagrun for dataset_produces_1 to 2025-07-18 00:00:00+00:00, run_after=2025-07-19 00:00:00+00:00
[2025-07-19T15:54:21.479+0530] {logging_mixin.py:190} INFO - [2025-07-19T15:54:21.479+0530] {dag.py:4180} INFO - Setting next_dagrun for dataset_produces_2 to None, run_after=None
[2025-07-19T15:54:21.511+0530] {processor.py:208} INFO - Processing /Users/parth/Desktop/Engine/venv/lib/python3.11/site-packages/airflow/example_dags/example_datasets.py took 0.176 seconds
[2025-07-19T15:57:48.145+0530] {processor.py:186} INFO - Started process (PID=8965) to work on /Users/parth/Desktop/Engine/venv/lib/python3.11/site-packages/airflow/example_dags/example_datasets.py
[2025-07-19T15:57:48.146+0530] {processor.py:914} INFO - Processing file /Users/parth/Desktop/Engine/venv/lib/python3.11/site-packages/airflow/example_dags/example_datasets.py for tasks to queue
[2025-07-19T15:57:48.146+0530] {logging_mixin.py:190} INFO - [2025-07-19T15:57:48.146+0530] {dagbag.py:588} INFO - Filling up the DagBag from /Users/parth/Desktop/Engine/venv/lib/python3.11/site-packages/airflow/example_dags/example_datasets.py
[2025-07-19T15:57:48.180+0530] {processor.py:925} INFO - DAG(s) 'dataset_consumes_1_and_2', 'dataset_consumes_1', 'consume_1_or_both_2_and_3_with_dataset_expressions', 'consume_1_and_2_with_dataset_expressions', 'consume_1_or_2_with_dataset_expressions', 'conditional_dataset_and_time_based_timetable', 'dataset_consumes_1_never_scheduled', 'dataset_produces_1', 'dataset_produces_2', 'dataset_consumes_unknown_never_scheduled' retrieved from /Users/parth/Desktop/Engine/venv/lib/python3.11/site-packages/airflow/example_dags/example_datasets.py
[2025-07-19T15:57:48.247+0530] {logging_mixin.py:190} INFO - [2025-07-19T15:57:48.247+0530] {dag.py:3239} INFO - Sync 10 DAGs
[2025-07-19T15:57:48.259+0530] {logging_mixin.py:190} INFO - [2025-07-19T15:57:48.259+0530] {dag.py:4180} INFO - Setting next_dagrun for conditional_dataset_and_time_based_timetable to 2025-07-16 01:00:00+00:00, run_after=2025-07-16 01:00:00+00:00
[2025-07-19T15:57:48.261+0530] {logging_mixin.py:190} INFO - [2025-07-19T15:57:48.261+0530] {dag.py:4180} INFO - Setting next_dagrun for consume_1_and_2_with_dataset_expressions to None, run_after=None
[2025-07-19T15:57:48.261+0530] {logging_mixin.py:190} INFO - [2025-07-19T15:57:48.261+0530] {dag.py:4180} INFO - Setting next_dagrun for consume_1_or_2_with_dataset_expressions to None, run_after=None
[2025-07-19T15:57:48.262+0530] {logging_mixin.py:190} INFO - [2025-07-19T15:57:48.262+0530] {dag.py:4180} INFO - Setting next_dagrun for consume_1_or_both_2_and_3_with_dataset_expressions to None, run_after=None
[2025-07-19T15:57:48.262+0530] {logging_mixin.py:190} INFO - [2025-07-19T15:57:48.262+0530] {dag.py:4180} INFO - Setting next_dagrun for dataset_consumes_1 to None, run_after=None
[2025-07-19T15:57:48.263+0530] {logging_mixin.py:190} INFO - [2025-07-19T15:57:48.262+0530] {dag.py:4180} INFO - Setting next_dagrun for dataset_consumes_1_and_2 to None, run_after=None
[2025-07-19T15:57:48.263+0530] {logging_mixin.py:190} INFO - [2025-07-19T15:57:48.263+0530] {dag.py:4180} INFO - Setting next_dagrun for dataset_consumes_1_never_scheduled to None, run_after=None
[2025-07-19T15:57:48.263+0530] {logging_mixin.py:190} INFO - [2025-07-19T15:57:48.263+0530] {dag.py:4180} INFO - Setting next_dagrun for dataset_consumes_unknown_never_scheduled to None, run_after=None
[2025-07-19T15:57:48.265+0530] {logging_mixin.py:190} INFO - [2025-07-19T15:57:48.264+0530] {dag.py:4180} INFO - Setting next_dagrun for dataset_produces_1 to 2025-07-18 00:00:00+00:00, run_after=2025-07-19 00:00:00+00:00
[2025-07-19T15:57:48.265+0530] {logging_mixin.py:190} INFO - [2025-07-19T15:57:48.265+0530] {dag.py:4180} INFO - Setting next_dagrun for dataset_produces_2 to None, run_after=None
[2025-07-19T15:57:48.280+0530] {processor.py:208} INFO - Processing /Users/parth/Desktop/Engine/venv/lib/python3.11/site-packages/airflow/example_dags/example_datasets.py took 0.138 seconds
[2025-07-19T16:01:18.560+0530] {processor.py:186} INFO - Started process (PID=10346) to work on /Users/parth/Desktop/Engine/venv/lib/python3.11/site-packages/airflow/example_dags/example_datasets.py
[2025-07-19T16:01:18.562+0530] {processor.py:914} INFO - Processing file /Users/parth/Desktop/Engine/venv/lib/python3.11/site-packages/airflow/example_dags/example_datasets.py for tasks to queue
[2025-07-19T16:01:18.562+0530] {logging_mixin.py:190} INFO - [2025-07-19T16:01:18.562+0530] {dagbag.py:588} INFO - Filling up the DagBag from /Users/parth/Desktop/Engine/venv/lib/python3.11/site-packages/airflow/example_dags/example_datasets.py
[2025-07-19T16:01:18.608+0530] {processor.py:925} INFO - DAG(s) 'dataset_consumes_unknown_never_scheduled', 'conditional_dataset_and_time_based_timetable', 'dataset_consumes_1', 'consume_1_or_2_with_dataset_expressions', 'dataset_produces_2', 'dataset_consumes_1_and_2', 'consume_1_or_both_2_and_3_with_dataset_expressions', 'consume_1_and_2_with_dataset_expressions', 'dataset_produces_1', 'dataset_consumes_1_never_scheduled' retrieved from /Users/parth/Desktop/Engine/venv/lib/python3.11/site-packages/airflow/example_dags/example_datasets.py
[2025-07-19T16:01:18.680+0530] {logging_mixin.py:190} INFO - [2025-07-19T16:01:18.680+0530] {dag.py:3239} INFO - Sync 10 DAGs
[2025-07-19T16:01:18.692+0530] {logging_mixin.py:190} INFO - [2025-07-19T16:01:18.692+0530] {dag.py:4180} INFO - Setting next_dagrun for conditional_dataset_and_time_based_timetable to 2025-07-16 01:00:00+00:00, run_after=2025-07-16 01:00:00+00:00
[2025-07-19T16:01:18.694+0530] {logging_mixin.py:190} INFO - [2025-07-19T16:01:18.694+0530] {dag.py:4180} INFO - Setting next_dagrun for consume_1_and_2_with_dataset_expressions to None, run_after=None
[2025-07-19T16:01:18.695+0530] {logging_mixin.py:190} INFO - [2025-07-19T16:01:18.695+0530] {dag.py:4180} INFO - Setting next_dagrun for consume_1_or_2_with_dataset_expressions to None, run_after=None
[2025-07-19T16:01:18.695+0530] {logging_mixin.py:190} INFO - [2025-07-19T16:01:18.695+0530] {dag.py:4180} INFO - Setting next_dagrun for consume_1_or_both_2_and_3_with_dataset_expressions to None, run_after=None
[2025-07-19T16:01:18.696+0530] {logging_mixin.py:190} INFO - [2025-07-19T16:01:18.696+0530] {dag.py:4180} INFO - Setting next_dagrun for dataset_consumes_1 to None, run_after=None
[2025-07-19T16:01:18.696+0530] {logging_mixin.py:190} INFO - [2025-07-19T16:01:18.696+0530] {dag.py:4180} INFO - Setting next_dagrun for dataset_consumes_1_and_2 to None, run_after=None
[2025-07-19T16:01:18.697+0530] {logging_mixin.py:190} INFO - [2025-07-19T16:01:18.697+0530] {dag.py:4180} INFO - Setting next_dagrun for dataset_consumes_1_never_scheduled to None, run_after=None
[2025-07-19T16:01:18.697+0530] {logging_mixin.py:190} INFO - [2025-07-19T16:01:18.697+0530] {dag.py:4180} INFO - Setting next_dagrun for dataset_consumes_unknown_never_scheduled to None, run_after=None
[2025-07-19T16:01:18.699+0530] {logging_mixin.py:190} INFO - [2025-07-19T16:01:18.699+0530] {dag.py:4180} INFO - Setting next_dagrun for dataset_produces_1 to 2025-07-18 00:00:00+00:00, run_after=2025-07-19 00:00:00+00:00
[2025-07-19T16:01:18.699+0530] {logging_mixin.py:190} INFO - [2025-07-19T16:01:18.699+0530] {dag.py:4180} INFO - Setting next_dagrun for dataset_produces_2 to None, run_after=None
[2025-07-19T16:01:18.715+0530] {processor.py:208} INFO - Processing /Users/parth/Desktop/Engine/venv/lib/python3.11/site-packages/airflow/example_dags/example_datasets.py took 0.157 seconds
[2025-07-19T16:07:21.300+0530] {processor.py:186} INFO - Started process (PID=12841) to work on /Users/parth/Desktop/Engine/venv/lib/python3.11/site-packages/airflow/example_dags/example_datasets.py
[2025-07-19T16:07:21.301+0530] {processor.py:914} INFO - Processing file /Users/parth/Desktop/Engine/venv/lib/python3.11/site-packages/airflow/example_dags/example_datasets.py for tasks to queue
[2025-07-19T16:07:21.302+0530] {logging_mixin.py:190} INFO - [2025-07-19T16:07:21.302+0530] {dagbag.py:588} INFO - Filling up the DagBag from /Users/parth/Desktop/Engine/venv/lib/python3.11/site-packages/airflow/example_dags/example_datasets.py
[2025-07-19T16:07:21.339+0530] {processor.py:925} INFO - DAG(s) 'consume_1_and_2_with_dataset_expressions', 'dataset_produces_2', 'dataset_produces_1', 'dataset_consumes_1_never_scheduled', 'dataset_consumes_1_and_2', 'consume_1_or_both_2_and_3_with_dataset_expressions', 'consume_1_or_2_with_dataset_expressions', 'dataset_consumes_1', 'conditional_dataset_and_time_based_timetable', 'dataset_consumes_unknown_never_scheduled' retrieved from /Users/parth/Desktop/Engine/venv/lib/python3.11/site-packages/airflow/example_dags/example_datasets.py
[2025-07-19T16:07:21.412+0530] {logging_mixin.py:190} INFO - [2025-07-19T16:07:21.412+0530] {dag.py:3239} INFO - Sync 10 DAGs
[2025-07-19T16:07:21.425+0530] {logging_mixin.py:190} INFO - [2025-07-19T16:07:21.425+0530] {dag.py:4180} INFO - Setting next_dagrun for conditional_dataset_and_time_based_timetable to 2025-07-16 01:00:00+00:00, run_after=2025-07-16 01:00:00+00:00
[2025-07-19T16:07:21.427+0530] {logging_mixin.py:190} INFO - [2025-07-19T16:07:21.427+0530] {dag.py:4180} INFO - Setting next_dagrun for consume_1_and_2_with_dataset_expressions to None, run_after=None
[2025-07-19T16:07:21.428+0530] {logging_mixin.py:190} INFO - [2025-07-19T16:07:21.428+0530] {dag.py:4180} INFO - Setting next_dagrun for consume_1_or_2_with_dataset_expressions to None, run_after=None
[2025-07-19T16:07:21.428+0530] {logging_mixin.py:190} INFO - [2025-07-19T16:07:21.428+0530] {dag.py:4180} INFO - Setting next_dagrun for consume_1_or_both_2_and_3_with_dataset_expressions to None, run_after=None
[2025-07-19T16:07:21.429+0530] {logging_mixin.py:190} INFO - [2025-07-19T16:07:21.429+0530] {dag.py:4180} INFO - Setting next_dagrun for dataset_consumes_1 to None, run_after=None
[2025-07-19T16:07:21.429+0530] {logging_mixin.py:190} INFO - [2025-07-19T16:07:21.429+0530] {dag.py:4180} INFO - Setting next_dagrun for dataset_consumes_1_and_2 to None, run_after=None
[2025-07-19T16:07:21.430+0530] {logging_mixin.py:190} INFO - [2025-07-19T16:07:21.430+0530] {dag.py:4180} INFO - Setting next_dagrun for dataset_consumes_1_never_scheduled to None, run_after=None
[2025-07-19T16:07:21.430+0530] {logging_mixin.py:190} INFO - [2025-07-19T16:07:21.430+0530] {dag.py:4180} INFO - Setting next_dagrun for dataset_consumes_unknown_never_scheduled to None, run_after=None
[2025-07-19T16:07:21.431+0530] {logging_mixin.py:190} INFO - [2025-07-19T16:07:21.431+0530] {dag.py:4180} INFO - Setting next_dagrun for dataset_produces_1 to 2025-07-18 00:00:00+00:00, run_after=2025-07-19 00:00:00+00:00
[2025-07-19T16:07:21.432+0530] {logging_mixin.py:190} INFO - [2025-07-19T16:07:21.432+0530] {dag.py:4180} INFO - Setting next_dagrun for dataset_produces_2 to None, run_after=None
[2025-07-19T16:07:21.448+0530] {processor.py:208} INFO - Processing /Users/parth/Desktop/Engine/venv/lib/python3.11/site-packages/airflow/example_dags/example_datasets.py took 0.150 seconds
[2025-07-19T16:10:59.701+0530] {processor.py:186} INFO - Started process (PID=14309) to work on /Users/parth/Desktop/Engine/venv/lib/python3.11/site-packages/airflow/example_dags/example_datasets.py
[2025-07-19T16:10:59.702+0530] {processor.py:914} INFO - Processing file /Users/parth/Desktop/Engine/venv/lib/python3.11/site-packages/airflow/example_dags/example_datasets.py for tasks to queue
[2025-07-19T16:10:59.703+0530] {logging_mixin.py:190} INFO - [2025-07-19T16:10:59.703+0530] {dagbag.py:588} INFO - Filling up the DagBag from /Users/parth/Desktop/Engine/venv/lib/python3.11/site-packages/airflow/example_dags/example_datasets.py
[2025-07-19T16:10:59.742+0530] {processor.py:925} INFO - DAG(s) 'dataset_produces_2', 'conditional_dataset_and_time_based_timetable', 'dataset_consumes_unknown_never_scheduled', 'consume_1_or_both_2_and_3_with_dataset_expressions', 'dataset_consumes_1_and_2', 'dataset_consumes_1', 'consume_1_or_2_with_dataset_expressions', 'dataset_produces_1', 'dataset_consumes_1_never_scheduled', 'consume_1_and_2_with_dataset_expressions' retrieved from /Users/parth/Desktop/Engine/venv/lib/python3.11/site-packages/airflow/example_dags/example_datasets.py
[2025-07-19T16:10:59.820+0530] {logging_mixin.py:190} INFO - [2025-07-19T16:10:59.820+0530] {dag.py:3239} INFO - Sync 10 DAGs
[2025-07-19T16:10:59.834+0530] {logging_mixin.py:190} INFO - [2025-07-19T16:10:59.834+0530] {dag.py:4180} INFO - Setting next_dagrun for conditional_dataset_and_time_based_timetable to 2025-07-16 01:00:00+00:00, run_after=2025-07-16 01:00:00+00:00
[2025-07-19T16:10:59.836+0530] {logging_mixin.py:190} INFO - [2025-07-19T16:10:59.836+0530] {dag.py:4180} INFO - Setting next_dagrun for consume_1_and_2_with_dataset_expressions to None, run_after=None
[2025-07-19T16:10:59.837+0530] {logging_mixin.py:190} INFO - [2025-07-19T16:10:59.837+0530] {dag.py:4180} INFO - Setting next_dagrun for consume_1_or_2_with_dataset_expressions to None, run_after=None
[2025-07-19T16:10:59.837+0530] {logging_mixin.py:190} INFO - [2025-07-19T16:10:59.837+0530] {dag.py:4180} INFO - Setting next_dagrun for consume_1_or_both_2_and_3_with_dataset_expressions to None, run_after=None
[2025-07-19T16:10:59.838+0530] {logging_mixin.py:190} INFO - [2025-07-19T16:10:59.838+0530] {dag.py:4180} INFO - Setting next_dagrun for dataset_consumes_1 to None, run_after=None
[2025-07-19T16:10:59.838+0530] {logging_mixin.py:190} INFO - [2025-07-19T16:10:59.838+0530] {dag.py:4180} INFO - Setting next_dagrun for dataset_consumes_1_and_2 to None, run_after=None
[2025-07-19T16:10:59.839+0530] {logging_mixin.py:190} INFO - [2025-07-19T16:10:59.839+0530] {dag.py:4180} INFO - Setting next_dagrun for dataset_consumes_1_never_scheduled to None, run_after=None
[2025-07-19T16:10:59.840+0530] {logging_mixin.py:190} INFO - [2025-07-19T16:10:59.839+0530] {dag.py:4180} INFO - Setting next_dagrun for dataset_consumes_unknown_never_scheduled to None, run_after=None
[2025-07-19T16:10:59.841+0530] {logging_mixin.py:190} INFO - [2025-07-19T16:10:59.841+0530] {dag.py:4180} INFO - Setting next_dagrun for dataset_produces_1 to 2025-07-18 00:00:00+00:00, run_after=2025-07-19 00:00:00+00:00
[2025-07-19T16:10:59.841+0530] {logging_mixin.py:190} INFO - [2025-07-19T16:10:59.841+0530] {dag.py:4180} INFO - Setting next_dagrun for dataset_produces_2 to None, run_after=None
[2025-07-19T16:10:59.858+0530] {processor.py:208} INFO - Processing /Users/parth/Desktop/Engine/venv/lib/python3.11/site-packages/airflow/example_dags/example_datasets.py took 0.160 seconds
