[2025-07-19T15:41:28.830+0530] {processor.py:186} INFO - Started process (PID=2166) to work on /Users/parth/Desktop/Engine/venv/lib/python3.11/site-packages/airflow/example_dags/example_dataset_alias.py
[2025-07-19T15:41:28.831+0530] {processor.py:914} INFO - Processing file /Users/parth/Desktop/Engine/venv/lib/python3.11/site-packages/airflow/example_dags/example_dataset_alias.py for tasks to queue
[2025-07-19T15:41:28.831+0530] {logging_mixin.py:190} INFO - [2025-07-19T15:41:28.831+0530] {dagbag.py:588} INFO - Filling up the DagBag from /Users/parth/Desktop/Engine/venv/lib/python3.11/site-packages/airflow/example_dags/example_dataset_alias.py
[2025-07-19T15:41:28.902+0530] {processor.py:925} INFO - DAG(s) 'dataset_s3_bucket_consumer', 'dataset_alias_example_alias_producer', 'dataset_s3_bucket_producer', 'dataset_alias_example_alias_consumer' retrieved from /Users/parth/Desktop/Engine/venv/lib/python3.11/site-packages/airflow/example_dags/example_dataset_alias.py
[2025-07-19T15:41:28.913+0530] {logging_mixin.py:190} INFO - [2025-07-19T15:41:28.913+0530] {dag.py:3239} INFO - Sync 4 DAGs
[2025-07-19T15:41:28.921+0530] {logging_mixin.py:190} INFO - [2025-07-19T15:41:28.921+0530] {dag.py:4180} INFO - Setting next_dagrun for dataset_alias_example_alias_consumer to None, run_after=None
[2025-07-19T15:41:28.922+0530] {logging_mixin.py:190} INFO - [2025-07-19T15:41:28.922+0530] {dag.py:4180} INFO - Setting next_dagrun for dataset_alias_example_alias_producer to None, run_after=None
[2025-07-19T15:41:28.922+0530] {logging_mixin.py:190} INFO - [2025-07-19T15:41:28.922+0530] {dag.py:4180} INFO - Setting next_dagrun for dataset_s3_bucket_consumer to None, run_after=None
[2025-07-19T15:41:28.922+0530] {logging_mixin.py:190} INFO - [2025-07-19T15:41:28.922+0530] {dag.py:4180} INFO - Setting next_dagrun for dataset_s3_bucket_producer to None, run_after=None
[2025-07-19T15:41:28.931+0530] {processor.py:208} INFO - Processing /Users/parth/Desktop/Engine/venv/lib/python3.11/site-packages/airflow/example_dags/example_dataset_alias.py took 0.102 seconds
[2025-07-19T15:44:42.488+0530] {processor.py:186} INFO - Started process (PID=3490) to work on /Users/parth/Desktop/Engine/venv/lib/python3.11/site-packages/airflow/example_dags/example_dataset_alias.py
[2025-07-19T15:44:42.489+0530] {processor.py:914} INFO - Processing file /Users/parth/Desktop/Engine/venv/lib/python3.11/site-packages/airflow/example_dags/example_dataset_alias.py for tasks to queue
[2025-07-19T15:44:42.490+0530] {logging_mixin.py:190} INFO - [2025-07-19T15:44:42.490+0530] {dagbag.py:588} INFO - Filling up the DagBag from /Users/parth/Desktop/Engine/venv/lib/python3.11/site-packages/airflow/example_dags/example_dataset_alias.py
[2025-07-19T15:44:42.574+0530] {processor.py:925} INFO - DAG(s) 'dataset_alias_example_alias_consumer', 'dataset_s3_bucket_consumer', 'dataset_s3_bucket_producer', 'dataset_alias_example_alias_producer' retrieved from /Users/parth/Desktop/Engine/venv/lib/python3.11/site-packages/airflow/example_dags/example_dataset_alias.py
[2025-07-19T15:44:42.587+0530] {logging_mixin.py:190} INFO - [2025-07-19T15:44:42.586+0530] {dag.py:3239} INFO - Sync 4 DAGs
[2025-07-19T15:44:42.596+0530] {logging_mixin.py:190} INFO - [2025-07-19T15:44:42.596+0530] {dag.py:4180} INFO - Setting next_dagrun for dataset_alias_example_alias_consumer to None, run_after=None
[2025-07-19T15:44:42.597+0530] {logging_mixin.py:190} INFO - [2025-07-19T15:44:42.597+0530] {dag.py:4180} INFO - Setting next_dagrun for dataset_alias_example_alias_producer to None, run_after=None
[2025-07-19T15:44:42.598+0530] {logging_mixin.py:190} INFO - [2025-07-19T15:44:42.598+0530] {dag.py:4180} INFO - Setting next_dagrun for dataset_s3_bucket_consumer to None, run_after=None
[2025-07-19T15:44:42.598+0530] {logging_mixin.py:190} INFO - [2025-07-19T15:44:42.598+0530] {dag.py:4180} INFO - Setting next_dagrun for dataset_s3_bucket_producer to None, run_after=None
[2025-07-19T15:44:42.609+0530] {processor.py:208} INFO - Processing /Users/parth/Desktop/Engine/venv/lib/python3.11/site-packages/airflow/example_dags/example_dataset_alias.py took 0.125 seconds
[2025-07-19T15:47:55.083+0530] {processor.py:186} INFO - Started process (PID=4761) to work on /Users/parth/Desktop/Engine/venv/lib/python3.11/site-packages/airflow/example_dags/example_dataset_alias.py
[2025-07-19T15:47:55.084+0530] {processor.py:914} INFO - Processing file /Users/parth/Desktop/Engine/venv/lib/python3.11/site-packages/airflow/example_dags/example_dataset_alias.py for tasks to queue
[2025-07-19T15:47:55.085+0530] {logging_mixin.py:190} INFO - [2025-07-19T15:47:55.085+0530] {dagbag.py:588} INFO - Filling up the DagBag from /Users/parth/Desktop/Engine/venv/lib/python3.11/site-packages/airflow/example_dags/example_dataset_alias.py
[2025-07-19T15:47:55.149+0530] {processor.py:925} INFO - DAG(s) 'dataset_s3_bucket_producer', 'dataset_s3_bucket_consumer', 'dataset_alias_example_alias_consumer', 'dataset_alias_example_alias_producer' retrieved from /Users/parth/Desktop/Engine/venv/lib/python3.11/site-packages/airflow/example_dags/example_dataset_alias.py
[2025-07-19T15:47:55.159+0530] {logging_mixin.py:190} INFO - [2025-07-19T15:47:55.158+0530] {dag.py:3239} INFO - Sync 4 DAGs
[2025-07-19T15:47:55.166+0530] {logging_mixin.py:190} INFO - [2025-07-19T15:47:55.166+0530] {dag.py:4180} INFO - Setting next_dagrun for dataset_alias_example_alias_consumer to None, run_after=None
[2025-07-19T15:47:55.167+0530] {logging_mixin.py:190} INFO - [2025-07-19T15:47:55.167+0530] {dag.py:4180} INFO - Setting next_dagrun for dataset_alias_example_alias_producer to None, run_after=None
[2025-07-19T15:47:55.167+0530] {logging_mixin.py:190} INFO - [2025-07-19T15:47:55.167+0530] {dag.py:4180} INFO - Setting next_dagrun for dataset_s3_bucket_consumer to None, run_after=None
[2025-07-19T15:47:55.168+0530] {logging_mixin.py:190} INFO - [2025-07-19T15:47:55.168+0530] {dag.py:4180} INFO - Setting next_dagrun for dataset_s3_bucket_producer to None, run_after=None
[2025-07-19T15:47:55.176+0530] {processor.py:208} INFO - Processing /Users/parth/Desktop/Engine/venv/lib/python3.11/site-packages/airflow/example_dags/example_dataset_alias.py took 0.094 seconds
[2025-07-19T15:50:54.355+0530] {processor.py:186} INFO - Started process (PID=5939) to work on /Users/parth/Desktop/Engine/venv/lib/python3.11/site-packages/airflow/example_dags/example_dataset_alias.py
[2025-07-19T15:50:54.356+0530] {processor.py:914} INFO - Processing file /Users/parth/Desktop/Engine/venv/lib/python3.11/site-packages/airflow/example_dags/example_dataset_alias.py for tasks to queue
[2025-07-19T15:50:54.357+0530] {logging_mixin.py:190} INFO - [2025-07-19T15:50:54.357+0530] {dagbag.py:588} INFO - Filling up the DagBag from /Users/parth/Desktop/Engine/venv/lib/python3.11/site-packages/airflow/example_dags/example_dataset_alias.py
[2025-07-19T15:50:54.450+0530] {processor.py:925} INFO - DAG(s) 'dataset_alias_example_alias_producer', 'dataset_s3_bucket_producer', 'dataset_s3_bucket_consumer', 'dataset_alias_example_alias_consumer' retrieved from /Users/parth/Desktop/Engine/venv/lib/python3.11/site-packages/airflow/example_dags/example_dataset_alias.py
[2025-07-19T15:50:54.463+0530] {logging_mixin.py:190} INFO - [2025-07-19T15:50:54.463+0530] {dag.py:3239} INFO - Sync 4 DAGs
[2025-07-19T15:50:54.473+0530] {logging_mixin.py:190} INFO - [2025-07-19T15:50:54.473+0530] {dag.py:4180} INFO - Setting next_dagrun for dataset_alias_example_alias_consumer to None, run_after=None
[2025-07-19T15:50:54.475+0530] {logging_mixin.py:190} INFO - [2025-07-19T15:50:54.475+0530] {dag.py:4180} INFO - Setting next_dagrun for dataset_alias_example_alias_producer to None, run_after=None
[2025-07-19T15:50:54.475+0530] {logging_mixin.py:190} INFO - [2025-07-19T15:50:54.475+0530] {dag.py:4180} INFO - Setting next_dagrun for dataset_s3_bucket_consumer to None, run_after=None
[2025-07-19T15:50:54.476+0530] {logging_mixin.py:190} INFO - [2025-07-19T15:50:54.476+0530] {dag.py:4180} INFO - Setting next_dagrun for dataset_s3_bucket_producer to None, run_after=None
[2025-07-19T15:50:54.487+0530] {processor.py:208} INFO - Processing /Users/parth/Desktop/Engine/venv/lib/python3.11/site-packages/airflow/example_dags/example_dataset_alias.py took 0.134 seconds
[2025-07-19T15:54:34.595+0530] {processor.py:186} INFO - Started process (PID=7462) to work on /Users/parth/Desktop/Engine/venv/lib/python3.11/site-packages/airflow/example_dags/example_dataset_alias.py
[2025-07-19T15:54:34.597+0530] {processor.py:914} INFO - Processing file /Users/parth/Desktop/Engine/venv/lib/python3.11/site-packages/airflow/example_dags/example_dataset_alias.py for tasks to queue
[2025-07-19T15:54:34.597+0530] {logging_mixin.py:190} INFO - [2025-07-19T15:54:34.597+0530] {dagbag.py:588} INFO - Filling up the DagBag from /Users/parth/Desktop/Engine/venv/lib/python3.11/site-packages/airflow/example_dags/example_dataset_alias.py
[2025-07-19T15:54:34.696+0530] {processor.py:925} INFO - DAG(s) 'dataset_alias_example_alias_consumer', 'dataset_s3_bucket_producer', 'dataset_alias_example_alias_producer', 'dataset_s3_bucket_consumer' retrieved from /Users/parth/Desktop/Engine/venv/lib/python3.11/site-packages/airflow/example_dags/example_dataset_alias.py
[2025-07-19T15:54:34.712+0530] {logging_mixin.py:190} INFO - [2025-07-19T15:54:34.712+0530] {dag.py:3239} INFO - Sync 4 DAGs
[2025-07-19T15:54:34.724+0530] {logging_mixin.py:190} INFO - [2025-07-19T15:54:34.724+0530] {dag.py:4180} INFO - Setting next_dagrun for dataset_alias_example_alias_consumer to None, run_after=None
[2025-07-19T15:54:34.725+0530] {logging_mixin.py:190} INFO - [2025-07-19T15:54:34.725+0530] {dag.py:4180} INFO - Setting next_dagrun for dataset_alias_example_alias_producer to None, run_after=None
[2025-07-19T15:54:34.726+0530] {logging_mixin.py:190} INFO - [2025-07-19T15:54:34.726+0530] {dag.py:4180} INFO - Setting next_dagrun for dataset_s3_bucket_consumer to None, run_after=None
[2025-07-19T15:54:34.726+0530] {logging_mixin.py:190} INFO - [2025-07-19T15:54:34.726+0530] {dag.py:4180} INFO - Setting next_dagrun for dataset_s3_bucket_producer to None, run_after=None
[2025-07-19T15:54:34.739+0530] {processor.py:208} INFO - Processing /Users/parth/Desktop/Engine/venv/lib/python3.11/site-packages/airflow/example_dags/example_dataset_alias.py took 0.146 seconds
[2025-07-19T15:57:52.882+0530] {processor.py:186} INFO - Started process (PID=9004) to work on /Users/parth/Desktop/Engine/venv/lib/python3.11/site-packages/airflow/example_dags/example_dataset_alias.py
[2025-07-19T15:57:52.883+0530] {processor.py:914} INFO - Processing file /Users/parth/Desktop/Engine/venv/lib/python3.11/site-packages/airflow/example_dags/example_dataset_alias.py for tasks to queue
[2025-07-19T15:57:52.884+0530] {logging_mixin.py:190} INFO - [2025-07-19T15:57:52.884+0530] {dagbag.py:588} INFO - Filling up the DagBag from /Users/parth/Desktop/Engine/venv/lib/python3.11/site-packages/airflow/example_dags/example_dataset_alias.py
[2025-07-19T15:57:52.974+0530] {processor.py:925} INFO - DAG(s) 'dataset_s3_bucket_consumer', 'dataset_s3_bucket_producer', 'dataset_alias_example_alias_producer', 'dataset_alias_example_alias_consumer' retrieved from /Users/parth/Desktop/Engine/venv/lib/python3.11/site-packages/airflow/example_dags/example_dataset_alias.py
[2025-07-19T15:57:52.987+0530] {logging_mixin.py:190} INFO - [2025-07-19T15:57:52.987+0530] {dag.py:3239} INFO - Sync 4 DAGs
[2025-07-19T15:57:52.998+0530] {logging_mixin.py:190} INFO - [2025-07-19T15:57:52.998+0530] {dag.py:4180} INFO - Setting next_dagrun for dataset_alias_example_alias_consumer to None, run_after=None
[2025-07-19T15:57:52.999+0530] {logging_mixin.py:190} INFO - [2025-07-19T15:57:52.999+0530] {dag.py:4180} INFO - Setting next_dagrun for dataset_alias_example_alias_producer to None, run_after=None
[2025-07-19T15:57:52.999+0530] {logging_mixin.py:190} INFO - [2025-07-19T15:57:52.999+0530] {dag.py:4180} INFO - Setting next_dagrun for dataset_s3_bucket_consumer to None, run_after=None
[2025-07-19T15:57:53.000+0530] {logging_mixin.py:190} INFO - [2025-07-19T15:57:53.000+0530] {dag.py:4180} INFO - Setting next_dagrun for dataset_s3_bucket_producer to None, run_after=None
[2025-07-19T15:57:53.010+0530] {processor.py:208} INFO - Processing /Users/parth/Desktop/Engine/venv/lib/python3.11/site-packages/airflow/example_dags/example_dataset_alias.py took 0.131 seconds
[2025-07-19T16:01:23.416+0530] {processor.py:186} INFO - Started process (PID=10385) to work on /Users/parth/Desktop/Engine/venv/lib/python3.11/site-packages/airflow/example_dags/example_dataset_alias.py
[2025-07-19T16:01:23.416+0530] {processor.py:914} INFO - Processing file /Users/parth/Desktop/Engine/venv/lib/python3.11/site-packages/airflow/example_dags/example_dataset_alias.py for tasks to queue
[2025-07-19T16:01:23.417+0530] {logging_mixin.py:190} INFO - [2025-07-19T16:01:23.417+0530] {dagbag.py:588} INFO - Filling up the DagBag from /Users/parth/Desktop/Engine/venv/lib/python3.11/site-packages/airflow/example_dags/example_dataset_alias.py
[2025-07-19T16:01:23.552+0530] {processor.py:925} INFO - DAG(s) 'dataset_alias_example_alias_producer', 'dataset_s3_bucket_producer', 'dataset_alias_example_alias_consumer', 'dataset_s3_bucket_consumer' retrieved from /Users/parth/Desktop/Engine/venv/lib/python3.11/site-packages/airflow/example_dags/example_dataset_alias.py
[2025-07-19T16:01:23.578+0530] {logging_mixin.py:190} INFO - [2025-07-19T16:01:23.578+0530] {dag.py:3239} INFO - Sync 4 DAGs
[2025-07-19T16:01:23.596+0530] {logging_mixin.py:190} INFO - [2025-07-19T16:01:23.596+0530] {dag.py:4180} INFO - Setting next_dagrun for dataset_alias_example_alias_consumer to None, run_after=None
[2025-07-19T16:01:23.599+0530] {logging_mixin.py:190} INFO - [2025-07-19T16:01:23.598+0530] {dag.py:4180} INFO - Setting next_dagrun for dataset_alias_example_alias_producer to None, run_after=None
[2025-07-19T16:01:23.600+0530] {logging_mixin.py:190} INFO - [2025-07-19T16:01:23.600+0530] {dag.py:4180} INFO - Setting next_dagrun for dataset_s3_bucket_consumer to None, run_after=None
[2025-07-19T16:01:23.601+0530] {logging_mixin.py:190} INFO - [2025-07-19T16:01:23.601+0530] {dag.py:4180} INFO - Setting next_dagrun for dataset_s3_bucket_producer to None, run_after=None
[2025-07-19T16:01:23.617+0530] {processor.py:208} INFO - Processing /Users/parth/Desktop/Engine/venv/lib/python3.11/site-packages/airflow/example_dags/example_dataset_alias.py took 0.204 seconds
[2025-07-19T16:07:26.558+0530] {processor.py:186} INFO - Started process (PID=12881) to work on /Users/parth/Desktop/Engine/venv/lib/python3.11/site-packages/airflow/example_dags/example_dataset_alias.py
[2025-07-19T16:07:26.558+0530] {processor.py:914} INFO - Processing file /Users/parth/Desktop/Engine/venv/lib/python3.11/site-packages/airflow/example_dags/example_dataset_alias.py for tasks to queue
[2025-07-19T16:07:26.559+0530] {logging_mixin.py:190} INFO - [2025-07-19T16:07:26.559+0530] {dagbag.py:588} INFO - Filling up the DagBag from /Users/parth/Desktop/Engine/venv/lib/python3.11/site-packages/airflow/example_dags/example_dataset_alias.py
[2025-07-19T16:07:26.673+0530] {processor.py:925} INFO - DAG(s) 'dataset_alias_example_alias_producer', 'dataset_alias_example_alias_consumer', 'dataset_s3_bucket_producer', 'dataset_s3_bucket_consumer' retrieved from /Users/parth/Desktop/Engine/venv/lib/python3.11/site-packages/airflow/example_dags/example_dataset_alias.py
[2025-07-19T16:07:26.690+0530] {logging_mixin.py:190} INFO - [2025-07-19T16:07:26.689+0530] {dag.py:3239} INFO - Sync 4 DAGs
[2025-07-19T16:07:26.703+0530] {logging_mixin.py:190} INFO - [2025-07-19T16:07:26.703+0530] {dag.py:4180} INFO - Setting next_dagrun for dataset_alias_example_alias_consumer to None, run_after=None
[2025-07-19T16:07:26.704+0530] {logging_mixin.py:190} INFO - [2025-07-19T16:07:26.704+0530] {dag.py:4180} INFO - Setting next_dagrun for dataset_alias_example_alias_producer to None, run_after=None
[2025-07-19T16:07:26.705+0530] {logging_mixin.py:190} INFO - [2025-07-19T16:07:26.705+0530] {dag.py:4180} INFO - Setting next_dagrun for dataset_s3_bucket_consumer to None, run_after=None
[2025-07-19T16:07:26.706+0530] {logging_mixin.py:190} INFO - [2025-07-19T16:07:26.706+0530] {dag.py:4180} INFO - Setting next_dagrun for dataset_s3_bucket_producer to None, run_after=None
[2025-07-19T16:07:26.719+0530] {processor.py:208} INFO - Processing /Users/parth/Desktop/Engine/venv/lib/python3.11/site-packages/airflow/example_dags/example_dataset_alias.py took 0.164 seconds
[2025-07-19T16:11:04.909+0530] {processor.py:186} INFO - Started process (PID=14350) to work on /Users/parth/Desktop/Engine/venv/lib/python3.11/site-packages/airflow/example_dags/example_dataset_alias.py
[2025-07-19T16:11:04.910+0530] {processor.py:914} INFO - Processing file /Users/parth/Desktop/Engine/venv/lib/python3.11/site-packages/airflow/example_dags/example_dataset_alias.py for tasks to queue
[2025-07-19T16:11:04.911+0530] {logging_mixin.py:190} INFO - [2025-07-19T16:11:04.911+0530] {dagbag.py:588} INFO - Filling up the DagBag from /Users/parth/Desktop/Engine/venv/lib/python3.11/site-packages/airflow/example_dags/example_dataset_alias.py
[2025-07-19T16:11:05.021+0530] {processor.py:925} INFO - DAG(s) 'dataset_s3_bucket_consumer', 'dataset_s3_bucket_producer', 'dataset_alias_example_alias_consumer', 'dataset_alias_example_alias_producer' retrieved from /Users/parth/Desktop/Engine/venv/lib/python3.11/site-packages/airflow/example_dags/example_dataset_alias.py
[2025-07-19T16:11:05.036+0530] {logging_mixin.py:190} INFO - [2025-07-19T16:11:05.036+0530] {dag.py:3239} INFO - Sync 4 DAGs
[2025-07-19T16:11:05.049+0530] {logging_mixin.py:190} INFO - [2025-07-19T16:11:05.048+0530] {dag.py:4180} INFO - Setting next_dagrun for dataset_alias_example_alias_consumer to None, run_after=None
[2025-07-19T16:11:05.050+0530] {logging_mixin.py:190} INFO - [2025-07-19T16:11:05.050+0530] {dag.py:4180} INFO - Setting next_dagrun for dataset_alias_example_alias_producer to None, run_after=None
[2025-07-19T16:11:05.050+0530] {logging_mixin.py:190} INFO - [2025-07-19T16:11:05.050+0530] {dag.py:4180} INFO - Setting next_dagrun for dataset_s3_bucket_consumer to None, run_after=None
[2025-07-19T16:11:05.051+0530] {logging_mixin.py:190} INFO - [2025-07-19T16:11:05.051+0530] {dag.py:4180} INFO - Setting next_dagrun for dataset_s3_bucket_producer to None, run_after=None
[2025-07-19T16:11:05.064+0530] {processor.py:208} INFO - Processing /Users/parth/Desktop/Engine/venv/lib/python3.11/site-packages/airflow/example_dags/example_dataset_alias.py took 0.157 seconds
