[2025-07-19T15:41:14.595+0530] {processor.py:186} INFO - Started process (PID=2060) to work on /Users/parth/Desktop/Engine/venv/lib/python3.11/site-packages/airflow/example_dags/example_inlet_event_extra.py
[2025-07-19T15:41:14.595+0530] {processor.py:914} INFO - Processing file /Users/parth/Desktop/Engine/venv/lib/python3.11/site-packages/airflow/example_dags/example_inlet_event_extra.py for tasks to queue
[2025-07-19T15:41:14.596+0530] {logging_mixin.py:190} INFO - [2025-07-19T15:41:14.595+0530] {dagbag.py:588} INFO - Filling up the DagBag from /Users/parth/Desktop/Engine/venv/lib/python3.11/site-packages/airflow/example_dags/example_inlet_event_extra.py
[2025-07-19T15:41:14.635+0530] {processor.py:925} INFO - DAG(s) 'read_dataset_event_from_classic', 'read_dataset_event' retrieved from /Users/parth/Desktop/Engine/venv/lib/python3.11/site-packages/airflow/example_dags/example_inlet_event_extra.py
[2025-07-19T15:41:14.675+0530] {logging_mixin.py:190} INFO - [2025-07-19T15:41:14.675+0530] {dag.py:3239} INFO - Sync 2 DAGs
[2025-07-19T15:41:14.683+0530] {logging_mixin.py:190} INFO - [2025-07-19T15:41:14.683+0530] {dag.py:4180} INFO - Setting next_dagrun for read_dataset_event to 2025-07-18 00:00:00+00:00, run_after=2025-07-19 00:00:00+00:00
[2025-07-19T15:41:14.685+0530] {logging_mixin.py:190} INFO - [2025-07-19T15:41:14.685+0530] {dag.py:4180} INFO - Setting next_dagrun for read_dataset_event_from_classic to 2025-07-18 00:00:00+00:00, run_after=2025-07-19 00:00:00+00:00
[2025-07-19T15:41:14.692+0530] {processor.py:208} INFO - Processing /Users/parth/Desktop/Engine/venv/lib/python3.11/site-packages/airflow/example_dags/example_inlet_event_extra.py took 0.099 seconds
[2025-07-19T15:43:14.973+0530] {processor.py:186} INFO - Started process (PID=2906) to work on /Users/parth/Desktop/Engine/venv/lib/python3.11/site-packages/airflow/example_dags/example_inlet_event_extra.py
[2025-07-19T15:43:14.974+0530] {processor.py:914} INFO - Processing file /Users/parth/Desktop/Engine/venv/lib/python3.11/site-packages/airflow/example_dags/example_inlet_event_extra.py for tasks to queue
[2025-07-19T15:43:14.974+0530] {logging_mixin.py:190} INFO - [2025-07-19T15:43:14.974+0530] {dagbag.py:588} INFO - Filling up the DagBag from /Users/parth/Desktop/Engine/venv/lib/python3.11/site-packages/airflow/example_dags/example_inlet_event_extra.py
[2025-07-19T15:43:15.016+0530] {processor.py:925} INFO - DAG(s) 'read_dataset_event_from_classic', 'read_dataset_event' retrieved from /Users/parth/Desktop/Engine/venv/lib/python3.11/site-packages/airflow/example_dags/example_inlet_event_extra.py
[2025-07-19T15:43:15.060+0530] {logging_mixin.py:190} INFO - [2025-07-19T15:43:15.060+0530] {dag.py:3239} INFO - Sync 2 DAGs
[2025-07-19T15:43:15.069+0530] {logging_mixin.py:190} INFO - [2025-07-19T15:43:15.069+0530] {dag.py:4180} INFO - Setting next_dagrun for read_dataset_event to 2025-07-18 00:00:00+00:00, run_after=2025-07-19 00:00:00+00:00
[2025-07-19T15:43:15.071+0530] {logging_mixin.py:190} INFO - [2025-07-19T15:43:15.071+0530] {dag.py:4180} INFO - Setting next_dagrun for read_dataset_event_from_classic to 2025-07-18 00:00:00+00:00, run_after=2025-07-19 00:00:00+00:00
[2025-07-19T15:43:15.081+0530] {processor.py:208} INFO - Processing /Users/parth/Desktop/Engine/venv/lib/python3.11/site-packages/airflow/example_dags/example_inlet_event_extra.py took 0.109 seconds
[2025-07-19T15:46:41.175+0530] {processor.py:186} INFO - Started process (PID=4272) to work on /Users/parth/Desktop/Engine/venv/lib/python3.11/site-packages/airflow/example_dags/example_inlet_event_extra.py
[2025-07-19T15:46:41.176+0530] {processor.py:914} INFO - Processing file /Users/parth/Desktop/Engine/venv/lib/python3.11/site-packages/airflow/example_dags/example_inlet_event_extra.py for tasks to queue
[2025-07-19T15:46:41.177+0530] {logging_mixin.py:190} INFO - [2025-07-19T15:46:41.177+0530] {dagbag.py:588} INFO - Filling up the DagBag from /Users/parth/Desktop/Engine/venv/lib/python3.11/site-packages/airflow/example_dags/example_inlet_event_extra.py
[2025-07-19T15:46:41.217+0530] {processor.py:925} INFO - DAG(s) 'read_dataset_event_from_classic', 'read_dataset_event' retrieved from /Users/parth/Desktop/Engine/venv/lib/python3.11/site-packages/airflow/example_dags/example_inlet_event_extra.py
[2025-07-19T15:46:41.262+0530] {logging_mixin.py:190} INFO - [2025-07-19T15:46:41.262+0530] {dag.py:3239} INFO - Sync 2 DAGs
[2025-07-19T15:46:41.270+0530] {logging_mixin.py:190} INFO - [2025-07-19T15:46:41.270+0530] {dag.py:4180} INFO - Setting next_dagrun for read_dataset_event to 2025-07-18 00:00:00+00:00, run_after=2025-07-19 00:00:00+00:00
[2025-07-19T15:46:41.272+0530] {logging_mixin.py:190} INFO - [2025-07-19T15:46:41.272+0530] {dag.py:4180} INFO - Setting next_dagrun for read_dataset_event_from_classic to 2025-07-18 00:00:00+00:00, run_after=2025-07-19 00:00:00+00:00
[2025-07-19T15:46:41.280+0530] {processor.py:208} INFO - Processing /Users/parth/Desktop/Engine/venv/lib/python3.11/site-packages/airflow/example_dags/example_inlet_event_extra.py took 0.107 seconds
[2025-07-19T15:49:37.018+0530] {processor.py:186} INFO - Started process (PID=5432) to work on /Users/parth/Desktop/Engine/venv/lib/python3.11/site-packages/airflow/example_dags/example_inlet_event_extra.py
[2025-07-19T15:49:37.018+0530] {processor.py:914} INFO - Processing file /Users/parth/Desktop/Engine/venv/lib/python3.11/site-packages/airflow/example_dags/example_inlet_event_extra.py for tasks to queue
[2025-07-19T15:49:37.019+0530] {logging_mixin.py:190} INFO - [2025-07-19T15:49:37.019+0530] {dagbag.py:588} INFO - Filling up the DagBag from /Users/parth/Desktop/Engine/venv/lib/python3.11/site-packages/airflow/example_dags/example_inlet_event_extra.py
[2025-07-19T15:49:37.053+0530] {processor.py:925} INFO - DAG(s) 'read_dataset_event_from_classic', 'read_dataset_event' retrieved from /Users/parth/Desktop/Engine/venv/lib/python3.11/site-packages/airflow/example_dags/example_inlet_event_extra.py
[2025-07-19T15:49:37.098+0530] {logging_mixin.py:190} INFO - [2025-07-19T15:49:37.098+0530] {dag.py:3239} INFO - Sync 2 DAGs
[2025-07-19T15:49:37.106+0530] {logging_mixin.py:190} INFO - [2025-07-19T15:49:37.106+0530] {dag.py:4180} INFO - Setting next_dagrun for read_dataset_event to 2025-07-18 00:00:00+00:00, run_after=2025-07-19 00:00:00+00:00
[2025-07-19T15:49:37.108+0530] {logging_mixin.py:190} INFO - [2025-07-19T15:49:37.108+0530] {dag.py:4180} INFO - Setting next_dagrun for read_dataset_event_from_classic to 2025-07-18 00:00:00+00:00, run_after=2025-07-19 00:00:00+00:00
[2025-07-19T15:49:37.116+0530] {processor.py:208} INFO - Processing /Users/parth/Desktop/Engine/venv/lib/python3.11/site-packages/airflow/example_dags/example_inlet_event_extra.py took 0.101 seconds
[2025-07-19T15:52:53.058+0530] {processor.py:186} INFO - Started process (PID=6769) to work on /Users/parth/Desktop/Engine/venv/lib/python3.11/site-packages/airflow/example_dags/example_inlet_event_extra.py
[2025-07-19T15:52:53.058+0530] {processor.py:914} INFO - Processing file /Users/parth/Desktop/Engine/venv/lib/python3.11/site-packages/airflow/example_dags/example_inlet_event_extra.py for tasks to queue
[2025-07-19T15:52:53.059+0530] {logging_mixin.py:190} INFO - [2025-07-19T15:52:53.059+0530] {dagbag.py:588} INFO - Filling up the DagBag from /Users/parth/Desktop/Engine/venv/lib/python3.11/site-packages/airflow/example_dags/example_inlet_event_extra.py
[2025-07-19T15:52:53.097+0530] {processor.py:925} INFO - DAG(s) 'read_dataset_event_from_classic', 'read_dataset_event' retrieved from /Users/parth/Desktop/Engine/venv/lib/python3.11/site-packages/airflow/example_dags/example_inlet_event_extra.py
[2025-07-19T15:52:53.145+0530] {logging_mixin.py:190} INFO - [2025-07-19T15:52:53.145+0530] {dag.py:3239} INFO - Sync 2 DAGs
[2025-07-19T15:52:53.154+0530] {logging_mixin.py:190} INFO - [2025-07-19T15:52:53.154+0530] {dag.py:4180} INFO - Setting next_dagrun for read_dataset_event to 2025-07-18 00:00:00+00:00, run_after=2025-07-19 00:00:00+00:00
[2025-07-19T15:52:53.157+0530] {logging_mixin.py:190} INFO - [2025-07-19T15:52:53.156+0530] {dag.py:4180} INFO - Setting next_dagrun for read_dataset_event_from_classic to 2025-07-18 00:00:00+00:00, run_after=2025-07-19 00:00:00+00:00
[2025-07-19T15:52:53.165+0530] {processor.py:208} INFO - Processing /Users/parth/Desktop/Engine/venv/lib/python3.11/site-packages/airflow/example_dags/example_inlet_event_extra.py took 0.109 seconds
[2025-07-19T15:57:36.577+0530] {processor.py:186} INFO - Started process (PID=8896) to work on /Users/parth/Desktop/Engine/venv/lib/python3.11/site-packages/airflow/example_dags/example_inlet_event_extra.py
[2025-07-19T15:57:36.578+0530] {processor.py:914} INFO - Processing file /Users/parth/Desktop/Engine/venv/lib/python3.11/site-packages/airflow/example_dags/example_inlet_event_extra.py for tasks to queue
[2025-07-19T15:57:36.579+0530] {logging_mixin.py:190} INFO - [2025-07-19T15:57:36.579+0530] {dagbag.py:588} INFO - Filling up the DagBag from /Users/parth/Desktop/Engine/venv/lib/python3.11/site-packages/airflow/example_dags/example_inlet_event_extra.py
[2025-07-19T15:57:36.626+0530] {processor.py:925} INFO - DAG(s) 'read_dataset_event', 'read_dataset_event_from_classic' retrieved from /Users/parth/Desktop/Engine/venv/lib/python3.11/site-packages/airflow/example_dags/example_inlet_event_extra.py
[2025-07-19T15:57:36.680+0530] {logging_mixin.py:190} INFO - [2025-07-19T15:57:36.680+0530] {dag.py:3239} INFO - Sync 2 DAGs
[2025-07-19T15:57:36.690+0530] {logging_mixin.py:190} INFO - [2025-07-19T15:57:36.690+0530] {dag.py:4180} INFO - Setting next_dagrun for read_dataset_event to 2025-07-18 00:00:00+00:00, run_after=2025-07-19 00:00:00+00:00
[2025-07-19T15:57:36.692+0530] {logging_mixin.py:190} INFO - [2025-07-19T15:57:36.692+0530] {dag.py:4180} INFO - Setting next_dagrun for read_dataset_event_from_classic to 2025-07-18 00:00:00+00:00, run_after=2025-07-19 00:00:00+00:00
[2025-07-19T15:57:36.701+0530] {processor.py:208} INFO - Processing /Users/parth/Desktop/Engine/venv/lib/python3.11/site-packages/airflow/example_dags/example_inlet_event_extra.py took 0.126 seconds
[2025-07-19T15:59:47.557+0530] {processor.py:186} INFO - Started process (PID=9755) to work on /Users/parth/Desktop/Engine/venv/lib/python3.11/site-packages/airflow/example_dags/example_inlet_event_extra.py
[2025-07-19T15:59:47.558+0530] {processor.py:914} INFO - Processing file /Users/parth/Desktop/Engine/venv/lib/python3.11/site-packages/airflow/example_dags/example_inlet_event_extra.py for tasks to queue
[2025-07-19T15:59:47.558+0530] {logging_mixin.py:190} INFO - [2025-07-19T15:59:47.558+0530] {dagbag.py:588} INFO - Filling up the DagBag from /Users/parth/Desktop/Engine/venv/lib/python3.11/site-packages/airflow/example_dags/example_inlet_event_extra.py
[2025-07-19T15:59:47.601+0530] {processor.py:925} INFO - DAG(s) 'read_dataset_event_from_classic', 'read_dataset_event' retrieved from /Users/parth/Desktop/Engine/venv/lib/python3.11/site-packages/airflow/example_dags/example_inlet_event_extra.py
[2025-07-19T15:59:47.655+0530] {logging_mixin.py:190} INFO - [2025-07-19T15:59:47.655+0530] {dag.py:3239} INFO - Sync 2 DAGs
[2025-07-19T15:59:47.665+0530] {logging_mixin.py:190} INFO - [2025-07-19T15:59:47.665+0530] {dag.py:4180} INFO - Setting next_dagrun for read_dataset_event to 2025-07-18 00:00:00+00:00, run_after=2025-07-19 00:00:00+00:00
[2025-07-19T15:59:47.667+0530] {logging_mixin.py:190} INFO - [2025-07-19T15:59:47.667+0530] {dag.py:4180} INFO - Setting next_dagrun for read_dataset_event_from_classic to 2025-07-18 00:00:00+00:00, run_after=2025-07-19 00:00:00+00:00
[2025-07-19T15:59:47.676+0530] {processor.py:208} INFO - Processing /Users/parth/Desktop/Engine/venv/lib/python3.11/site-packages/airflow/example_dags/example_inlet_event_extra.py took 0.122 seconds
[2025-07-19T16:03:28.821+0530] {processor.py:186} INFO - Started process (PID=11225) to work on /Users/parth/Desktop/Engine/venv/lib/python3.11/site-packages/airflow/example_dags/example_inlet_event_extra.py
[2025-07-19T16:03:28.822+0530] {processor.py:914} INFO - Processing file /Users/parth/Desktop/Engine/venv/lib/python3.11/site-packages/airflow/example_dags/example_inlet_event_extra.py for tasks to queue
[2025-07-19T16:03:28.823+0530] {logging_mixin.py:190} INFO - [2025-07-19T16:03:28.823+0530] {dagbag.py:588} INFO - Filling up the DagBag from /Users/parth/Desktop/Engine/venv/lib/python3.11/site-packages/airflow/example_dags/example_inlet_event_extra.py
[2025-07-19T16:03:28.883+0530] {processor.py:925} INFO - DAG(s) 'read_dataset_event', 'read_dataset_event_from_classic' retrieved from /Users/parth/Desktop/Engine/venv/lib/python3.11/site-packages/airflow/example_dags/example_inlet_event_extra.py
[2025-07-19T16:03:28.946+0530] {logging_mixin.py:190} INFO - [2025-07-19T16:03:28.946+0530] {dag.py:3239} INFO - Sync 2 DAGs
[2025-07-19T16:03:28.958+0530] {logging_mixin.py:190} INFO - [2025-07-19T16:03:28.958+0530] {dag.py:4180} INFO - Setting next_dagrun for read_dataset_event to 2025-07-18 00:00:00+00:00, run_after=2025-07-19 00:00:00+00:00
[2025-07-19T16:03:28.962+0530] {logging_mixin.py:190} INFO - [2025-07-19T16:03:28.962+0530] {dag.py:4180} INFO - Setting next_dagrun for read_dataset_event_from_classic to 2025-07-18 00:00:00+00:00, run_after=2025-07-19 00:00:00+00:00
[2025-07-19T16:03:28.973+0530] {processor.py:208} INFO - Processing /Users/parth/Desktop/Engine/venv/lib/python3.11/site-packages/airflow/example_dags/example_inlet_event_extra.py took 0.155 seconds
[2025-07-19T16:07:10.634+0530] {processor.py:186} INFO - Started process (PID=12777) to work on /Users/parth/Desktop/Engine/venv/lib/python3.11/site-packages/airflow/example_dags/example_inlet_event_extra.py
[2025-07-19T16:07:10.635+0530] {processor.py:914} INFO - Processing file /Users/parth/Desktop/Engine/venv/lib/python3.11/site-packages/airflow/example_dags/example_inlet_event_extra.py for tasks to queue
[2025-07-19T16:07:10.635+0530] {logging_mixin.py:190} INFO - [2025-07-19T16:07:10.635+0530] {dagbag.py:588} INFO - Filling up the DagBag from /Users/parth/Desktop/Engine/venv/lib/python3.11/site-packages/airflow/example_dags/example_inlet_event_extra.py
[2025-07-19T16:07:10.684+0530] {processor.py:925} INFO - DAG(s) 'read_dataset_event', 'read_dataset_event_from_classic' retrieved from /Users/parth/Desktop/Engine/venv/lib/python3.11/site-packages/airflow/example_dags/example_inlet_event_extra.py
[2025-07-19T16:07:10.738+0530] {logging_mixin.py:190} INFO - [2025-07-19T16:07:10.737+0530] {dag.py:3239} INFO - Sync 2 DAGs
[2025-07-19T16:07:10.748+0530] {logging_mixin.py:190} INFO - [2025-07-19T16:07:10.748+0530] {dag.py:4180} INFO - Setting next_dagrun for read_dataset_event to 2025-07-18 00:00:00+00:00, run_after=2025-07-19 00:00:00+00:00
[2025-07-19T16:07:10.750+0530] {logging_mixin.py:190} INFO - [2025-07-19T16:07:10.750+0530] {dag.py:4180} INFO - Setting next_dagrun for read_dataset_event_from_classic to 2025-07-18 00:00:00+00:00, run_after=2025-07-19 00:00:00+00:00
[2025-07-19T16:07:10.760+0530] {processor.py:208} INFO - Processing /Users/parth/Desktop/Engine/venv/lib/python3.11/site-packages/airflow/example_dags/example_inlet_event_extra.py took 0.128 seconds
[2025-07-19T16:09:20.893+0530] {processor.py:186} INFO - Started process (PID=13635) to work on /Users/parth/Desktop/Engine/venv/lib/python3.11/site-packages/airflow/example_dags/example_inlet_event_extra.py
[2025-07-19T16:09:20.894+0530] {processor.py:914} INFO - Processing file /Users/parth/Desktop/Engine/venv/lib/python3.11/site-packages/airflow/example_dags/example_inlet_event_extra.py for tasks to queue
[2025-07-19T16:09:20.895+0530] {logging_mixin.py:190} INFO - [2025-07-19T16:09:20.894+0530] {dagbag.py:588} INFO - Filling up the DagBag from /Users/parth/Desktop/Engine/venv/lib/python3.11/site-packages/airflow/example_dags/example_inlet_event_extra.py
[2025-07-19T16:09:20.941+0530] {processor.py:925} INFO - DAG(s) 'read_dataset_event_from_classic', 'read_dataset_event' retrieved from /Users/parth/Desktop/Engine/venv/lib/python3.11/site-packages/airflow/example_dags/example_inlet_event_extra.py
[2025-07-19T16:09:20.995+0530] {logging_mixin.py:190} INFO - [2025-07-19T16:09:20.995+0530] {dag.py:3239} INFO - Sync 2 DAGs
[2025-07-19T16:09:21.005+0530] {logging_mixin.py:190} INFO - [2025-07-19T16:09:21.005+0530] {dag.py:4180} INFO - Setting next_dagrun for read_dataset_event to 2025-07-18 00:00:00+00:00, run_after=2025-07-19 00:00:00+00:00
[2025-07-19T16:09:21.008+0530] {logging_mixin.py:190} INFO - [2025-07-19T16:09:21.008+0530] {dag.py:4180} INFO - Setting next_dagrun for read_dataset_event_from_classic to 2025-07-18 00:00:00+00:00, run_after=2025-07-19 00:00:00+00:00
[2025-07-19T16:09:21.017+0530] {processor.py:208} INFO - Processing /Users/parth/Desktop/Engine/venv/lib/python3.11/site-packages/airflow/example_dags/example_inlet_event_extra.py took 0.126 seconds
