[2025-07-19T15:41:03.828+0530] {processor.py:186} INFO - Started process (PID=1985) to work on /Users/parth/Desktop/Engine/venv/lib/python3.11/site-packages/airflow/example_dags/example_nested_branch_dag.py
[2025-07-19T15:41:03.829+0530] {processor.py:914} INFO - Processing file /Users/parth/Desktop/Engine/venv/lib/python3.11/site-packages/airflow/example_dags/example_nested_branch_dag.py for tasks to queue
[2025-07-19T15:41:03.830+0530] {logging_mixin.py:190} INFO - [2025-07-19T15:41:03.829+0530] {dagbag.py:588} INFO - Filling up the DagBag from /Users/parth/Desktop/Engine/venv/lib/python3.11/site-packages/airflow/example_dags/example_nested_branch_dag.py
[2025-07-19T15:41:03.849+0530] {processor.py:925} INFO - DAG(s) 'example_nested_branch_dag' retrieved from /Users/parth/Desktop/Engine/venv/lib/python3.11/site-packages/airflow/example_dags/example_nested_branch_dag.py
[2025-07-19T15:41:03.892+0530] {logging_mixin.py:190} INFO - [2025-07-19T15:41:03.892+0530] {dag.py:3239} INFO - Sync 1 DAGs
[2025-07-19T15:41:03.903+0530] {logging_mixin.py:190} INFO - [2025-07-19T15:41:03.903+0530] {dag.py:4180} INFO - Setting next_dagrun for example_nested_branch_dag to 2025-07-18 00:00:00+00:00, run_after=2025-07-19 00:00:00+00:00
[2025-07-19T15:41:03.913+0530] {processor.py:208} INFO - Processing /Users/parth/Desktop/Engine/venv/lib/python3.11/site-packages/airflow/example_dags/example_nested_branch_dag.py took 0.087 seconds
[2025-07-19T15:43:05.451+0530] {processor.py:186} INFO - Started process (PID=2827) to work on /Users/parth/Desktop/Engine/venv/lib/python3.11/site-packages/airflow/example_dags/example_nested_branch_dag.py
[2025-07-19T15:43:05.451+0530] {processor.py:914} INFO - Processing file /Users/parth/Desktop/Engine/venv/lib/python3.11/site-packages/airflow/example_dags/example_nested_branch_dag.py for tasks to queue
[2025-07-19T15:43:05.452+0530] {logging_mixin.py:190} INFO - [2025-07-19T15:43:05.452+0530] {dagbag.py:588} INFO - Filling up the DagBag from /Users/parth/Desktop/Engine/venv/lib/python3.11/site-packages/airflow/example_dags/example_nested_branch_dag.py
[2025-07-19T15:43:05.473+0530] {processor.py:925} INFO - DAG(s) 'example_nested_branch_dag' retrieved from /Users/parth/Desktop/Engine/venv/lib/python3.11/site-packages/airflow/example_dags/example_nested_branch_dag.py
[2025-07-19T15:43:05.520+0530] {logging_mixin.py:190} INFO - [2025-07-19T15:43:05.520+0530] {dag.py:3239} INFO - Sync 1 DAGs
[2025-07-19T15:43:05.530+0530] {logging_mixin.py:190} INFO - [2025-07-19T15:43:05.529+0530] {dag.py:4180} INFO - Setting next_dagrun for example_nested_branch_dag to 2025-07-18 00:00:00+00:00, run_after=2025-07-19 00:00:00+00:00
[2025-07-19T15:43:05.539+0530] {processor.py:208} INFO - Processing /Users/parth/Desktop/Engine/venv/lib/python3.11/site-packages/airflow/example_dags/example_nested_branch_dag.py took 0.090 seconds
[2025-07-19T15:46:30.742+0530] {processor.py:186} INFO - Started process (PID=4203) to work on /Users/parth/Desktop/Engine/venv/lib/python3.11/site-packages/airflow/example_dags/example_nested_branch_dag.py
[2025-07-19T15:46:30.743+0530] {processor.py:914} INFO - Processing file /Users/parth/Desktop/Engine/venv/lib/python3.11/site-packages/airflow/example_dags/example_nested_branch_dag.py for tasks to queue
[2025-07-19T15:46:30.743+0530] {logging_mixin.py:190} INFO - [2025-07-19T15:46:30.743+0530] {dagbag.py:588} INFO - Filling up the DagBag from /Users/parth/Desktop/Engine/venv/lib/python3.11/site-packages/airflow/example_dags/example_nested_branch_dag.py
[2025-07-19T15:46:30.761+0530] {processor.py:925} INFO - DAG(s) 'example_nested_branch_dag' retrieved from /Users/parth/Desktop/Engine/venv/lib/python3.11/site-packages/airflow/example_dags/example_nested_branch_dag.py
[2025-07-19T15:46:30.799+0530] {logging_mixin.py:190} INFO - [2025-07-19T15:46:30.799+0530] {dag.py:3239} INFO - Sync 1 DAGs
[2025-07-19T15:46:30.807+0530] {logging_mixin.py:190} INFO - [2025-07-19T15:46:30.806+0530] {dag.py:4180} INFO - Setting next_dagrun for example_nested_branch_dag to 2025-07-18 00:00:00+00:00, run_after=2025-07-19 00:00:00+00:00
[2025-07-19T15:46:30.813+0530] {processor.py:208} INFO - Processing /Users/parth/Desktop/Engine/venv/lib/python3.11/site-packages/airflow/example_dags/example_nested_branch_dag.py took 0.073 seconds
[2025-07-19T15:49:26.712+0530] {processor.py:186} INFO - Started process (PID=5363) to work on /Users/parth/Desktop/Engine/venv/lib/python3.11/site-packages/airflow/example_dags/example_nested_branch_dag.py
[2025-07-19T15:49:26.713+0530] {processor.py:914} INFO - Processing file /Users/parth/Desktop/Engine/venv/lib/python3.11/site-packages/airflow/example_dags/example_nested_branch_dag.py for tasks to queue
[2025-07-19T15:49:26.714+0530] {logging_mixin.py:190} INFO - [2025-07-19T15:49:26.714+0530] {dagbag.py:588} INFO - Filling up the DagBag from /Users/parth/Desktop/Engine/venv/lib/python3.11/site-packages/airflow/example_dags/example_nested_branch_dag.py
[2025-07-19T15:49:26.736+0530] {processor.py:925} INFO - DAG(s) 'example_nested_branch_dag' retrieved from /Users/parth/Desktop/Engine/venv/lib/python3.11/site-packages/airflow/example_dags/example_nested_branch_dag.py
[2025-07-19T15:49:26.785+0530] {logging_mixin.py:190} INFO - [2025-07-19T15:49:26.785+0530] {dag.py:3239} INFO - Sync 1 DAGs
[2025-07-19T15:49:26.794+0530] {logging_mixin.py:190} INFO - [2025-07-19T15:49:26.794+0530] {dag.py:4180} INFO - Setting next_dagrun for example_nested_branch_dag to 2025-07-18 00:00:00+00:00, run_after=2025-07-19 00:00:00+00:00
[2025-07-19T15:49:26.803+0530] {processor.py:208} INFO - Processing /Users/parth/Desktop/Engine/venv/lib/python3.11/site-packages/airflow/example_dags/example_nested_branch_dag.py took 0.092 seconds
[2025-07-19T15:52:43.092+0530] {processor.py:186} INFO - Started process (PID=6698) to work on /Users/parth/Desktop/Engine/venv/lib/python3.11/site-packages/airflow/example_dags/example_nested_branch_dag.py
[2025-07-19T15:52:43.092+0530] {processor.py:914} INFO - Processing file /Users/parth/Desktop/Engine/venv/lib/python3.11/site-packages/airflow/example_dags/example_nested_branch_dag.py for tasks to queue
[2025-07-19T15:52:43.093+0530] {logging_mixin.py:190} INFO - [2025-07-19T15:52:43.093+0530] {dagbag.py:588} INFO - Filling up the DagBag from /Users/parth/Desktop/Engine/venv/lib/python3.11/site-packages/airflow/example_dags/example_nested_branch_dag.py
[2025-07-19T15:52:43.118+0530] {processor.py:925} INFO - DAG(s) 'example_nested_branch_dag' retrieved from /Users/parth/Desktop/Engine/venv/lib/python3.11/site-packages/airflow/example_dags/example_nested_branch_dag.py
[2025-07-19T15:52:43.175+0530] {logging_mixin.py:190} INFO - [2025-07-19T15:52:43.175+0530] {dag.py:3239} INFO - Sync 1 DAGs
[2025-07-19T15:52:43.186+0530] {logging_mixin.py:190} INFO - [2025-07-19T15:52:43.186+0530] {dag.py:4180} INFO - Setting next_dagrun for example_nested_branch_dag to 2025-07-18 00:00:00+00:00, run_after=2025-07-19 00:00:00+00:00
[2025-07-19T15:52:43.196+0530] {processor.py:208} INFO - Processing /Users/parth/Desktop/Engine/venv/lib/python3.11/site-packages/airflow/example_dags/example_nested_branch_dag.py took 0.106 seconds
[2025-07-19T15:57:27.092+0530] {processor.py:186} INFO - Started process (PID=8826) to work on /Users/parth/Desktop/Engine/venv/lib/python3.11/site-packages/airflow/example_dags/example_nested_branch_dag.py
[2025-07-19T15:57:27.093+0530] {processor.py:914} INFO - Processing file /Users/parth/Desktop/Engine/venv/lib/python3.11/site-packages/airflow/example_dags/example_nested_branch_dag.py for tasks to queue
[2025-07-19T15:57:27.094+0530] {logging_mixin.py:190} INFO - [2025-07-19T15:57:27.094+0530] {dagbag.py:588} INFO - Filling up the DagBag from /Users/parth/Desktop/Engine/venv/lib/python3.11/site-packages/airflow/example_dags/example_nested_branch_dag.py
[2025-07-19T15:57:27.120+0530] {processor.py:925} INFO - DAG(s) 'example_nested_branch_dag' retrieved from /Users/parth/Desktop/Engine/venv/lib/python3.11/site-packages/airflow/example_dags/example_nested_branch_dag.py
[2025-07-19T15:57:27.176+0530] {logging_mixin.py:190} INFO - [2025-07-19T15:57:27.176+0530] {dag.py:3239} INFO - Sync 1 DAGs
[2025-07-19T15:57:27.187+0530] {logging_mixin.py:190} INFO - [2025-07-19T15:57:27.187+0530] {dag.py:4180} INFO - Setting next_dagrun for example_nested_branch_dag to 2025-07-18 00:00:00+00:00, run_after=2025-07-19 00:00:00+00:00
[2025-07-19T15:57:27.199+0530] {processor.py:208} INFO - Processing /Users/parth/Desktop/Engine/venv/lib/python3.11/site-packages/airflow/example_dags/example_nested_branch_dag.py took 0.110 seconds
[2025-07-19T15:59:36.681+0530] {processor.py:186} INFO - Started process (PID=9675) to work on /Users/parth/Desktop/Engine/venv/lib/python3.11/site-packages/airflow/example_dags/example_nested_branch_dag.py
[2025-07-19T15:59:36.683+0530] {processor.py:914} INFO - Processing file /Users/parth/Desktop/Engine/venv/lib/python3.11/site-packages/airflow/example_dags/example_nested_branch_dag.py for tasks to queue
[2025-07-19T15:59:36.683+0530] {logging_mixin.py:190} INFO - [2025-07-19T15:59:36.683+0530] {dagbag.py:588} INFO - Filling up the DagBag from /Users/parth/Desktop/Engine/venv/lib/python3.11/site-packages/airflow/example_dags/example_nested_branch_dag.py
[2025-07-19T15:59:36.708+0530] {processor.py:925} INFO - DAG(s) 'example_nested_branch_dag' retrieved from /Users/parth/Desktop/Engine/venv/lib/python3.11/site-packages/airflow/example_dags/example_nested_branch_dag.py
[2025-07-19T15:59:36.765+0530] {logging_mixin.py:190} INFO - [2025-07-19T15:59:36.765+0530] {dag.py:3239} INFO - Sync 1 DAGs
[2025-07-19T15:59:36.775+0530] {logging_mixin.py:190} INFO - [2025-07-19T15:59:36.775+0530] {dag.py:4180} INFO - Setting next_dagrun for example_nested_branch_dag to 2025-07-18 00:00:00+00:00, run_after=2025-07-19 00:00:00+00:00
[2025-07-19T15:59:36.785+0530] {processor.py:208} INFO - Processing /Users/parth/Desktop/Engine/venv/lib/python3.11/site-packages/airflow/example_dags/example_nested_branch_dag.py took 0.106 seconds
[2025-07-19T16:03:15.172+0530] {processor.py:186} INFO - Started process (PID=11143) to work on /Users/parth/Desktop/Engine/venv/lib/python3.11/site-packages/airflow/example_dags/example_nested_branch_dag.py
[2025-07-19T16:03:15.173+0530] {processor.py:914} INFO - Processing file /Users/parth/Desktop/Engine/venv/lib/python3.11/site-packages/airflow/example_dags/example_nested_branch_dag.py for tasks to queue
[2025-07-19T16:03:15.174+0530] {logging_mixin.py:190} INFO - [2025-07-19T16:03:15.174+0530] {dagbag.py:588} INFO - Filling up the DagBag from /Users/parth/Desktop/Engine/venv/lib/python3.11/site-packages/airflow/example_dags/example_nested_branch_dag.py
[2025-07-19T16:03:15.203+0530] {processor.py:925} INFO - DAG(s) 'example_nested_branch_dag' retrieved from /Users/parth/Desktop/Engine/venv/lib/python3.11/site-packages/airflow/example_dags/example_nested_branch_dag.py
[2025-07-19T16:03:15.270+0530] {logging_mixin.py:190} INFO - [2025-07-19T16:03:15.270+0530] {dag.py:3239} INFO - Sync 1 DAGs
[2025-07-19T16:03:15.283+0530] {logging_mixin.py:190} INFO - [2025-07-19T16:03:15.283+0530] {dag.py:4180} INFO - Setting next_dagrun for example_nested_branch_dag to 2025-07-18 00:00:00+00:00, run_after=2025-07-19 00:00:00+00:00
[2025-07-19T16:03:15.295+0530] {processor.py:208} INFO - Processing /Users/parth/Desktop/Engine/venv/lib/python3.11/site-packages/airflow/example_dags/example_nested_branch_dag.py took 0.125 seconds
[2025-07-19T16:07:00.609+0530] {processor.py:186} INFO - Started process (PID=12704) to work on /Users/parth/Desktop/Engine/venv/lib/python3.11/site-packages/airflow/example_dags/example_nested_branch_dag.py
[2025-07-19T16:07:00.610+0530] {processor.py:914} INFO - Processing file /Users/parth/Desktop/Engine/venv/lib/python3.11/site-packages/airflow/example_dags/example_nested_branch_dag.py for tasks to queue
[2025-07-19T16:07:00.610+0530] {logging_mixin.py:190} INFO - [2025-07-19T16:07:00.610+0530] {dagbag.py:588} INFO - Filling up the DagBag from /Users/parth/Desktop/Engine/venv/lib/python3.11/site-packages/airflow/example_dags/example_nested_branch_dag.py
[2025-07-19T16:07:00.637+0530] {processor.py:925} INFO - DAG(s) 'example_nested_branch_dag' retrieved from /Users/parth/Desktop/Engine/venv/lib/python3.11/site-packages/airflow/example_dags/example_nested_branch_dag.py
[2025-07-19T16:07:00.692+0530] {logging_mixin.py:190} INFO - [2025-07-19T16:07:00.692+0530] {dag.py:3239} INFO - Sync 1 DAGs
[2025-07-19T16:07:00.703+0530] {logging_mixin.py:190} INFO - [2025-07-19T16:07:00.703+0530] {dag.py:4180} INFO - Setting next_dagrun for example_nested_branch_dag to 2025-07-18 00:00:00+00:00, run_after=2025-07-19 00:00:00+00:00
[2025-07-19T16:07:00.712+0530] {processor.py:208} INFO - Processing /Users/parth/Desktop/Engine/venv/lib/python3.11/site-packages/airflow/example_dags/example_nested_branch_dag.py took 0.106 seconds
[2025-07-19T16:09:10.640+0530] {processor.py:186} INFO - Started process (PID=13566) to work on /Users/parth/Desktop/Engine/venv/lib/python3.11/site-packages/airflow/example_dags/example_nested_branch_dag.py
[2025-07-19T16:09:10.640+0530] {processor.py:914} INFO - Processing file /Users/parth/Desktop/Engine/venv/lib/python3.11/site-packages/airflow/example_dags/example_nested_branch_dag.py for tasks to queue
[2025-07-19T16:09:10.641+0530] {logging_mixin.py:190} INFO - [2025-07-19T16:09:10.641+0530] {dagbag.py:588} INFO - Filling up the DagBag from /Users/parth/Desktop/Engine/venv/lib/python3.11/site-packages/airflow/example_dags/example_nested_branch_dag.py
[2025-07-19T16:09:10.665+0530] {processor.py:925} INFO - DAG(s) 'example_nested_branch_dag' retrieved from /Users/parth/Desktop/Engine/venv/lib/python3.11/site-packages/airflow/example_dags/example_nested_branch_dag.py
[2025-07-19T16:09:10.721+0530] {logging_mixin.py:190} INFO - [2025-07-19T16:09:10.720+0530] {dag.py:3239} INFO - Sync 1 DAGs
[2025-07-19T16:09:10.732+0530] {logging_mixin.py:190} INFO - [2025-07-19T16:09:10.731+0530] {dag.py:4180} INFO - Setting next_dagrun for example_nested_branch_dag to 2025-07-18 00:00:00+00:00, run_after=2025-07-19 00:00:00+00:00
[2025-07-19T16:09:10.741+0530] {processor.py:208} INFO - Processing /Users/parth/Desktop/Engine/venv/lib/python3.11/site-packages/airflow/example_dags/example_nested_branch_dag.py took 0.103 seconds
