[2025-07-19T15:40:25.175+0530] {processor.py:186} INFO - Started process (PID=1697) to work on /Users/parth/Desktop/Engine/venv/lib/python3.11/site-packages/airflow/example_dags/example_trigger_controller_dag.py
[2025-07-19T15:40:25.176+0530] {processor.py:914} INFO - Processing file /Users/parth/Desktop/Engine/venv/lib/python3.11/site-packages/airflow/example_dags/example_trigger_controller_dag.py for tasks to queue
[2025-07-19T15:40:25.176+0530] {logging_mixin.py:190} INFO - [2025-07-19T15:40:25.176+0530] {dagbag.py:588} INFO - Filling up the DagBag from /Users/parth/Desktop/Engine/venv/lib/python3.11/site-packages/airflow/example_dags/example_trigger_controller_dag.py
[2025-07-19T15:40:25.181+0530] {processor.py:925} INFO - DAG(s) 'example_trigger_controller_dag' retrieved from /Users/parth/Desktop/Engine/venv/lib/python3.11/site-packages/airflow/example_dags/example_trigger_controller_dag.py
[2025-07-19T15:40:25.218+0530] {logging_mixin.py:190} INFO - [2025-07-19T15:40:25.218+0530] {dag.py:3239} INFO - Sync 1 DAGs
[2025-07-19T15:40:25.225+0530] {logging_mixin.py:190} INFO - [2025-07-19T15:40:25.225+0530] {dag.py:4180} INFO - Setting next_dagrun for example_trigger_controller_dag to 2021-01-01 00:00:00+00:00, run_after=2021-01-01 00:00:00+00:00
[2025-07-19T15:40:25.232+0530] {processor.py:208} INFO - Processing /Users/parth/Desktop/Engine/venv/lib/python3.11/site-packages/airflow/example_dags/example_trigger_controller_dag.py took 0.059 seconds
[2025-07-19T15:42:26.619+0530] {processor.py:186} INFO - Started process (PID=2563) to work on /Users/parth/Desktop/Engine/venv/lib/python3.11/site-packages/airflow/example_dags/example_trigger_controller_dag.py
[2025-07-19T15:42:26.619+0530] {processor.py:914} INFO - Processing file /Users/parth/Desktop/Engine/venv/lib/python3.11/site-packages/airflow/example_dags/example_trigger_controller_dag.py for tasks to queue
[2025-07-19T15:42:26.620+0530] {logging_mixin.py:190} INFO - [2025-07-19T15:42:26.620+0530] {dagbag.py:588} INFO - Filling up the DagBag from /Users/parth/Desktop/Engine/venv/lib/python3.11/site-packages/airflow/example_dags/example_trigger_controller_dag.py
[2025-07-19T15:42:26.624+0530] {processor.py:925} INFO - DAG(s) 'example_trigger_controller_dag' retrieved from /Users/parth/Desktop/Engine/venv/lib/python3.11/site-packages/airflow/example_dags/example_trigger_controller_dag.py
[2025-07-19T15:42:26.663+0530] {logging_mixin.py:190} INFO - [2025-07-19T15:42:26.663+0530] {dag.py:3239} INFO - Sync 1 DAGs
[2025-07-19T15:42:26.670+0530] {logging_mixin.py:190} INFO - [2025-07-19T15:42:26.670+0530] {dag.py:4180} INFO - Setting next_dagrun for example_trigger_controller_dag to 2021-01-01 00:00:00+00:00, run_after=2021-01-01 00:00:00+00:00
[2025-07-19T15:42:26.679+0530] {processor.py:208} INFO - Processing /Users/parth/Desktop/Engine/venv/lib/python3.11/site-packages/airflow/example_dags/example_trigger_controller_dag.py took 0.062 seconds
[2025-07-19T15:44:06.614+0530] {processor.py:186} INFO - Started process (PID=3244) to work on /Users/parth/Desktop/Engine/venv/lib/python3.11/site-packages/airflow/example_dags/example_trigger_controller_dag.py
[2025-07-19T15:44:06.614+0530] {processor.py:914} INFO - Processing file /Users/parth/Desktop/Engine/venv/lib/python3.11/site-packages/airflow/example_dags/example_trigger_controller_dag.py for tasks to queue
[2025-07-19T15:44:06.615+0530] {logging_mixin.py:190} INFO - [2025-07-19T15:44:06.615+0530] {dagbag.py:588} INFO - Filling up the DagBag from /Users/parth/Desktop/Engine/venv/lib/python3.11/site-packages/airflow/example_dags/example_trigger_controller_dag.py
[2025-07-19T15:44:06.620+0530] {processor.py:925} INFO - DAG(s) 'example_trigger_controller_dag' retrieved from /Users/parth/Desktop/Engine/venv/lib/python3.11/site-packages/airflow/example_dags/example_trigger_controller_dag.py
[2025-07-19T15:44:06.660+0530] {logging_mixin.py:190} INFO - [2025-07-19T15:44:06.660+0530] {dag.py:3239} INFO - Sync 1 DAGs
[2025-07-19T15:44:06.668+0530] {logging_mixin.py:190} INFO - [2025-07-19T15:44:06.667+0530] {dag.py:4180} INFO - Setting next_dagrun for example_trigger_controller_dag to 2021-01-01 00:00:00+00:00, run_after=2021-01-01 00:00:00+00:00
[2025-07-19T15:44:06.675+0530] {processor.py:208} INFO - Processing /Users/parth/Desktop/Engine/venv/lib/python3.11/site-packages/airflow/example_dags/example_trigger_controller_dag.py took 0.063 seconds
[2025-07-19T15:45:53.976+0530] {processor.py:186} INFO - Started process (PID=3954) to work on /Users/parth/Desktop/Engine/venv/lib/python3.11/site-packages/airflow/example_dags/example_trigger_controller_dag.py
[2025-07-19T15:45:53.977+0530] {processor.py:914} INFO - Processing file /Users/parth/Desktop/Engine/venv/lib/python3.11/site-packages/airflow/example_dags/example_trigger_controller_dag.py for tasks to queue
[2025-07-19T15:45:53.977+0530] {logging_mixin.py:190} INFO - [2025-07-19T15:45:53.977+0530] {dagbag.py:588} INFO - Filling up the DagBag from /Users/parth/Desktop/Engine/venv/lib/python3.11/site-packages/airflow/example_dags/example_trigger_controller_dag.py
[2025-07-19T15:45:53.982+0530] {processor.py:925} INFO - DAG(s) 'example_trigger_controller_dag' retrieved from /Users/parth/Desktop/Engine/venv/lib/python3.11/site-packages/airflow/example_dags/example_trigger_controller_dag.py
[2025-07-19T15:45:54.023+0530] {logging_mixin.py:190} INFO - [2025-07-19T15:45:54.023+0530] {dag.py:3239} INFO - Sync 1 DAGs
[2025-07-19T15:45:54.030+0530] {logging_mixin.py:190} INFO - [2025-07-19T15:45:54.030+0530] {dag.py:4180} INFO - Setting next_dagrun for example_trigger_controller_dag to 2021-01-01 00:00:00+00:00, run_after=2021-01-01 00:00:00+00:00
[2025-07-19T15:45:54.037+0530] {processor.py:208} INFO - Processing /Users/parth/Desktop/Engine/venv/lib/python3.11/site-packages/airflow/example_dags/example_trigger_controller_dag.py took 0.063 seconds
[2025-07-19T15:47:23.017+0530] {processor.py:186} INFO - Started process (PID=4538) to work on /Users/parth/Desktop/Engine/venv/lib/python3.11/site-packages/airflow/example_dags/example_trigger_controller_dag.py
[2025-07-19T15:47:23.017+0530] {processor.py:914} INFO - Processing file /Users/parth/Desktop/Engine/venv/lib/python3.11/site-packages/airflow/example_dags/example_trigger_controller_dag.py for tasks to queue
[2025-07-19T15:47:23.018+0530] {logging_mixin.py:190} INFO - [2025-07-19T15:47:23.018+0530] {dagbag.py:588} INFO - Filling up the DagBag from /Users/parth/Desktop/Engine/venv/lib/python3.11/site-packages/airflow/example_dags/example_trigger_controller_dag.py
[2025-07-19T15:47:23.022+0530] {processor.py:925} INFO - DAG(s) 'example_trigger_controller_dag' retrieved from /Users/parth/Desktop/Engine/venv/lib/python3.11/site-packages/airflow/example_dags/example_trigger_controller_dag.py
[2025-07-19T15:47:23.059+0530] {logging_mixin.py:190} INFO - [2025-07-19T15:47:23.059+0530] {dag.py:3239} INFO - Sync 1 DAGs
[2025-07-19T15:47:23.066+0530] {logging_mixin.py:190} INFO - [2025-07-19T15:47:23.066+0530] {dag.py:4180} INFO - Setting next_dagrun for example_trigger_controller_dag to 2021-01-01 00:00:00+00:00, run_after=2021-01-01 00:00:00+00:00
[2025-07-19T15:47:23.073+0530] {processor.py:208} INFO - Processing /Users/parth/Desktop/Engine/venv/lib/python3.11/site-packages/airflow/example_dags/example_trigger_controller_dag.py took 0.058 seconds
[2025-07-19T15:48:50.816+0530] {processor.py:186} INFO - Started process (PID=5124) to work on /Users/parth/Desktop/Engine/venv/lib/python3.11/site-packages/airflow/example_dags/example_trigger_controller_dag.py
[2025-07-19T15:48:50.817+0530] {processor.py:914} INFO - Processing file /Users/parth/Desktop/Engine/venv/lib/python3.11/site-packages/airflow/example_dags/example_trigger_controller_dag.py for tasks to queue
[2025-07-19T15:48:50.817+0530] {logging_mixin.py:190} INFO - [2025-07-19T15:48:50.817+0530] {dagbag.py:588} INFO - Filling up the DagBag from /Users/parth/Desktop/Engine/venv/lib/python3.11/site-packages/airflow/example_dags/example_trigger_controller_dag.py
[2025-07-19T15:48:50.822+0530] {processor.py:925} INFO - DAG(s) 'example_trigger_controller_dag' retrieved from /Users/parth/Desktop/Engine/venv/lib/python3.11/site-packages/airflow/example_dags/example_trigger_controller_dag.py
[2025-07-19T15:48:50.858+0530] {logging_mixin.py:190} INFO - [2025-07-19T15:48:50.858+0530] {dag.py:3239} INFO - Sync 1 DAGs
[2025-07-19T15:48:50.866+0530] {logging_mixin.py:190} INFO - [2025-07-19T15:48:50.865+0530] {dag.py:4180} INFO - Setting next_dagrun for example_trigger_controller_dag to 2021-01-01 00:00:00+00:00, run_after=2021-01-01 00:00:00+00:00
[2025-07-19T15:48:50.872+0530] {processor.py:208} INFO - Processing /Users/parth/Desktop/Engine/venv/lib/python3.11/site-packages/airflow/example_dags/example_trigger_controller_dag.py took 0.058 seconds
[2025-07-19T15:50:19.257+0530] {processor.py:186} INFO - Started process (PID=5701) to work on /Users/parth/Desktop/Engine/venv/lib/python3.11/site-packages/airflow/example_dags/example_trigger_controller_dag.py
[2025-07-19T15:50:19.258+0530] {processor.py:914} INFO - Processing file /Users/parth/Desktop/Engine/venv/lib/python3.11/site-packages/airflow/example_dags/example_trigger_controller_dag.py for tasks to queue
[2025-07-19T15:50:19.259+0530] {logging_mixin.py:190} INFO - [2025-07-19T15:50:19.259+0530] {dagbag.py:588} INFO - Filling up the DagBag from /Users/parth/Desktop/Engine/venv/lib/python3.11/site-packages/airflow/example_dags/example_trigger_controller_dag.py
[2025-07-19T15:50:19.266+0530] {processor.py:925} INFO - DAG(s) 'example_trigger_controller_dag' retrieved from /Users/parth/Desktop/Engine/venv/lib/python3.11/site-packages/airflow/example_dags/example_trigger_controller_dag.py
[2025-07-19T15:50:19.317+0530] {logging_mixin.py:190} INFO - [2025-07-19T15:50:19.317+0530] {dag.py:3239} INFO - Sync 1 DAGs
[2025-07-19T15:50:19.327+0530] {logging_mixin.py:190} INFO - [2025-07-19T15:50:19.327+0530] {dag.py:4180} INFO - Setting next_dagrun for example_trigger_controller_dag to 2021-01-01 00:00:00+00:00, run_after=2021-01-01 00:00:00+00:00
[2025-07-19T15:50:19.336+0530] {processor.py:208} INFO - Processing /Users/parth/Desktop/Engine/venv/lib/python3.11/site-packages/airflow/example_dags/example_trigger_controller_dag.py took 0.081 seconds
[2025-07-19T15:51:56.101+0530] {processor.py:186} INFO - Started process (PID=6379) to work on /Users/parth/Desktop/Engine/venv/lib/python3.11/site-packages/airflow/example_dags/example_trigger_controller_dag.py
[2025-07-19T15:51:56.102+0530] {processor.py:914} INFO - Processing file /Users/parth/Desktop/Engine/venv/lib/python3.11/site-packages/airflow/example_dags/example_trigger_controller_dag.py for tasks to queue
[2025-07-19T15:51:56.103+0530] {logging_mixin.py:190} INFO - [2025-07-19T15:51:56.102+0530] {dagbag.py:588} INFO - Filling up the DagBag from /Users/parth/Desktop/Engine/venv/lib/python3.11/site-packages/airflow/example_dags/example_trigger_controller_dag.py
[2025-07-19T15:51:56.109+0530] {processor.py:925} INFO - DAG(s) 'example_trigger_controller_dag' retrieved from /Users/parth/Desktop/Engine/venv/lib/python3.11/site-packages/airflow/example_dags/example_trigger_controller_dag.py
[2025-07-19T15:51:56.162+0530] {logging_mixin.py:190} INFO - [2025-07-19T15:51:56.161+0530] {dag.py:3239} INFO - Sync 1 DAGs
[2025-07-19T15:51:56.172+0530] {logging_mixin.py:190} INFO - [2025-07-19T15:51:56.172+0530] {dag.py:4180} INFO - Setting next_dagrun for example_trigger_controller_dag to 2021-01-01 00:00:00+00:00, run_after=2021-01-01 00:00:00+00:00
[2025-07-19T15:51:56.182+0530] {processor.py:208} INFO - Processing /Users/parth/Desktop/Engine/venv/lib/python3.11/site-packages/airflow/example_dags/example_trigger_controller_dag.py took 0.083 seconds
[2025-07-19T15:53:43.689+0530] {processor.py:186} INFO - Started process (PID=7122) to work on /Users/parth/Desktop/Engine/venv/lib/python3.11/site-packages/airflow/example_dags/example_trigger_controller_dag.py
[2025-07-19T15:53:43.690+0530] {processor.py:914} INFO - Processing file /Users/parth/Desktop/Engine/venv/lib/python3.11/site-packages/airflow/example_dags/example_trigger_controller_dag.py for tasks to queue
[2025-07-19T15:53:43.690+0530] {logging_mixin.py:190} INFO - [2025-07-19T15:53:43.690+0530] {dagbag.py:588} INFO - Filling up the DagBag from /Users/parth/Desktop/Engine/venv/lib/python3.11/site-packages/airflow/example_dags/example_trigger_controller_dag.py
[2025-07-19T15:53:43.696+0530] {processor.py:925} INFO - DAG(s) 'example_trigger_controller_dag' retrieved from /Users/parth/Desktop/Engine/venv/lib/python3.11/site-packages/airflow/example_dags/example_trigger_controller_dag.py
[2025-07-19T15:53:43.743+0530] {logging_mixin.py:190} INFO - [2025-07-19T15:53:43.742+0530] {dag.py:3239} INFO - Sync 1 DAGs
[2025-07-19T15:53:43.752+0530] {logging_mixin.py:190} INFO - [2025-07-19T15:53:43.752+0530] {dag.py:4180} INFO - Setting next_dagrun for example_trigger_controller_dag to 2021-01-01 00:00:00+00:00, run_after=2021-01-01 00:00:00+00:00
[2025-07-19T15:53:43.760+0530] {processor.py:208} INFO - Processing /Users/parth/Desktop/Engine/venv/lib/python3.11/site-packages/airflow/example_dags/example_trigger_controller_dag.py took 0.074 seconds
[2025-07-19T15:56:42.434+0530] {processor.py:186} INFO - Started process (PID=8532) to work on /Users/parth/Desktop/Engine/venv/lib/python3.11/site-packages/airflow/example_dags/example_trigger_controller_dag.py
[2025-07-19T15:56:42.436+0530] {processor.py:914} INFO - Processing file /Users/parth/Desktop/Engine/venv/lib/python3.11/site-packages/airflow/example_dags/example_trigger_controller_dag.py for tasks to queue
[2025-07-19T15:56:42.436+0530] {logging_mixin.py:190} INFO - [2025-07-19T15:56:42.436+0530] {dagbag.py:588} INFO - Filling up the DagBag from /Users/parth/Desktop/Engine/venv/lib/python3.11/site-packages/airflow/example_dags/example_trigger_controller_dag.py
[2025-07-19T15:56:42.443+0530] {processor.py:925} INFO - DAG(s) 'example_trigger_controller_dag' retrieved from /Users/parth/Desktop/Engine/venv/lib/python3.11/site-packages/airflow/example_dags/example_trigger_controller_dag.py
[2025-07-19T15:56:42.500+0530] {logging_mixin.py:190} INFO - [2025-07-19T15:56:42.499+0530] {dag.py:3239} INFO - Sync 1 DAGs
[2025-07-19T15:56:42.510+0530] {logging_mixin.py:190} INFO - [2025-07-19T15:56:42.510+0530] {dag.py:4180} INFO - Setting next_dagrun for example_trigger_controller_dag to 2021-01-01 00:00:00+00:00, run_after=2021-01-01 00:00:00+00:00
[2025-07-19T15:56:42.519+0530] {processor.py:208} INFO - Processing /Users/parth/Desktop/Engine/venv/lib/python3.11/site-packages/airflow/example_dags/example_trigger_controller_dag.py took 0.088 seconds
[2025-07-19T15:58:51.840+0530] {processor.py:186} INFO - Started process (PID=9384) to work on /Users/parth/Desktop/Engine/venv/lib/python3.11/site-packages/airflow/example_dags/example_trigger_controller_dag.py
[2025-07-19T15:58:51.841+0530] {processor.py:914} INFO - Processing file /Users/parth/Desktop/Engine/venv/lib/python3.11/site-packages/airflow/example_dags/example_trigger_controller_dag.py for tasks to queue
[2025-07-19T15:58:51.842+0530] {logging_mixin.py:190} INFO - [2025-07-19T15:58:51.842+0530] {dagbag.py:588} INFO - Filling up the DagBag from /Users/parth/Desktop/Engine/venv/lib/python3.11/site-packages/airflow/example_dags/example_trigger_controller_dag.py
[2025-07-19T15:58:51.848+0530] {processor.py:925} INFO - DAG(s) 'example_trigger_controller_dag' retrieved from /Users/parth/Desktop/Engine/venv/lib/python3.11/site-packages/airflow/example_dags/example_trigger_controller_dag.py
[2025-07-19T15:58:51.899+0530] {logging_mixin.py:190} INFO - [2025-07-19T15:58:51.898+0530] {dag.py:3239} INFO - Sync 1 DAGs
[2025-07-19T15:58:51.908+0530] {logging_mixin.py:190} INFO - [2025-07-19T15:58:51.908+0530] {dag.py:4180} INFO - Setting next_dagrun for example_trigger_controller_dag to 2021-01-01 00:00:00+00:00, run_after=2021-01-01 00:00:00+00:00
[2025-07-19T15:58:51.918+0530] {processor.py:208} INFO - Processing /Users/parth/Desktop/Engine/venv/lib/python3.11/site-packages/airflow/example_dags/example_trigger_controller_dag.py took 0.080 seconds
[2025-07-19T16:00:35.893+0530] {processor.py:186} INFO - Started process (PID=10061) to work on /Users/parth/Desktop/Engine/venv/lib/python3.11/site-packages/airflow/example_dags/example_trigger_controller_dag.py
[2025-07-19T16:00:35.894+0530] {processor.py:914} INFO - Processing file /Users/parth/Desktop/Engine/venv/lib/python3.11/site-packages/airflow/example_dags/example_trigger_controller_dag.py for tasks to queue
[2025-07-19T16:00:35.894+0530] {logging_mixin.py:190} INFO - [2025-07-19T16:00:35.894+0530] {dagbag.py:588} INFO - Filling up the DagBag from /Users/parth/Desktop/Engine/venv/lib/python3.11/site-packages/airflow/example_dags/example_trigger_controller_dag.py
[2025-07-19T16:00:35.900+0530] {processor.py:925} INFO - DAG(s) 'example_trigger_controller_dag' retrieved from /Users/parth/Desktop/Engine/venv/lib/python3.11/site-packages/airflow/example_dags/example_trigger_controller_dag.py
[2025-07-19T16:00:35.951+0530] {logging_mixin.py:190} INFO - [2025-07-19T16:00:35.950+0530] {dag.py:3239} INFO - Sync 1 DAGs
[2025-07-19T16:00:35.960+0530] {logging_mixin.py:190} INFO - [2025-07-19T16:00:35.960+0530] {dag.py:4180} INFO - Setting next_dagrun for example_trigger_controller_dag to 2021-01-01 00:00:00+00:00, run_after=2021-01-01 00:00:00+00:00
[2025-07-19T16:00:35.970+0530] {processor.py:208} INFO - Processing /Users/parth/Desktop/Engine/venv/lib/python3.11/site-packages/airflow/example_dags/example_trigger_controller_dag.py took 0.079 seconds
[2025-07-19T16:02:27.777+0530] {processor.py:186} INFO - Started process (PID=10818) to work on /Users/parth/Desktop/Engine/venv/lib/python3.11/site-packages/airflow/example_dags/example_trigger_controller_dag.py
[2025-07-19T16:02:27.778+0530] {processor.py:914} INFO - Processing file /Users/parth/Desktop/Engine/venv/lib/python3.11/site-packages/airflow/example_dags/example_trigger_controller_dag.py for tasks to queue
[2025-07-19T16:02:27.779+0530] {logging_mixin.py:190} INFO - [2025-07-19T16:02:27.779+0530] {dagbag.py:588} INFO - Filling up the DagBag from /Users/parth/Desktop/Engine/venv/lib/python3.11/site-packages/airflow/example_dags/example_trigger_controller_dag.py
[2025-07-19T16:02:27.787+0530] {processor.py:925} INFO - DAG(s) 'example_trigger_controller_dag' retrieved from /Users/parth/Desktop/Engine/venv/lib/python3.11/site-packages/airflow/example_dags/example_trigger_controller_dag.py
[2025-07-19T16:02:27.856+0530] {logging_mixin.py:190} INFO - [2025-07-19T16:02:27.856+0530] {dag.py:3239} INFO - Sync 1 DAGs
[2025-07-19T16:02:27.870+0530] {logging_mixin.py:190} INFO - [2025-07-19T16:02:27.870+0530] {dag.py:4180} INFO - Setting next_dagrun for example_trigger_controller_dag to 2021-01-01 00:00:00+00:00, run_after=2021-01-01 00:00:00+00:00
[2025-07-19T16:02:27.883+0530] {processor.py:208} INFO - Processing /Users/parth/Desktop/Engine/venv/lib/python3.11/site-packages/airflow/example_dags/example_trigger_controller_dag.py took 0.108 seconds
[2025-07-19T16:06:12.487+0530] {processor.py:186} INFO - Started process (PID=12367) to work on /Users/parth/Desktop/Engine/venv/lib/python3.11/site-packages/airflow/example_dags/example_trigger_controller_dag.py
[2025-07-19T16:06:12.488+0530] {processor.py:914} INFO - Processing file /Users/parth/Desktop/Engine/venv/lib/python3.11/site-packages/airflow/example_dags/example_trigger_controller_dag.py for tasks to queue
[2025-07-19T16:06:12.489+0530] {logging_mixin.py:190} INFO - [2025-07-19T16:06:12.489+0530] {dagbag.py:588} INFO - Filling up the DagBag from /Users/parth/Desktop/Engine/venv/lib/python3.11/site-packages/airflow/example_dags/example_trigger_controller_dag.py
[2025-07-19T16:06:12.495+0530] {processor.py:925} INFO - DAG(s) 'example_trigger_controller_dag' retrieved from /Users/parth/Desktop/Engine/venv/lib/python3.11/site-packages/airflow/example_dags/example_trigger_controller_dag.py
[2025-07-19T16:06:12.545+0530] {logging_mixin.py:190} INFO - [2025-07-19T16:06:12.545+0530] {dag.py:3239} INFO - Sync 1 DAGs
[2025-07-19T16:06:12.555+0530] {logging_mixin.py:190} INFO - [2025-07-19T16:06:12.554+0530] {dag.py:4180} INFO - Setting next_dagrun for example_trigger_controller_dag to 2021-01-01 00:00:00+00:00, run_after=2021-01-01 00:00:00+00:00
[2025-07-19T16:06:12.564+0530] {processor.py:208} INFO - Processing /Users/parth/Desktop/Engine/venv/lib/python3.11/site-packages/airflow/example_dags/example_trigger_controller_dag.py took 0.080 seconds
[2025-07-19T16:08:27.935+0530] {processor.py:186} INFO - Started process (PID=13286) to work on /Users/parth/Desktop/Engine/venv/lib/python3.11/site-packages/airflow/example_dags/example_trigger_controller_dag.py
[2025-07-19T16:08:27.936+0530] {processor.py:914} INFO - Processing file /Users/parth/Desktop/Engine/venv/lib/python3.11/site-packages/airflow/example_dags/example_trigger_controller_dag.py for tasks to queue
[2025-07-19T16:08:27.936+0530] {logging_mixin.py:190} INFO - [2025-07-19T16:08:27.936+0530] {dagbag.py:588} INFO - Filling up the DagBag from /Users/parth/Desktop/Engine/venv/lib/python3.11/site-packages/airflow/example_dags/example_trigger_controller_dag.py
[2025-07-19T16:08:27.942+0530] {processor.py:925} INFO - DAG(s) 'example_trigger_controller_dag' retrieved from /Users/parth/Desktop/Engine/venv/lib/python3.11/site-packages/airflow/example_dags/example_trigger_controller_dag.py
[2025-07-19T16:08:27.993+0530] {logging_mixin.py:190} INFO - [2025-07-19T16:08:27.993+0530] {dag.py:3239} INFO - Sync 1 DAGs
[2025-07-19T16:08:28.003+0530] {logging_mixin.py:190} INFO - [2025-07-19T16:08:28.002+0530] {dag.py:4180} INFO - Setting next_dagrun for example_trigger_controller_dag to 2021-01-01 00:00:00+00:00, run_after=2021-01-01 00:00:00+00:00
[2025-07-19T16:08:28.013+0530] {processor.py:208} INFO - Processing /Users/parth/Desktop/Engine/venv/lib/python3.11/site-packages/airflow/example_dags/example_trigger_controller_dag.py took 0.081 seconds
[2025-07-19T16:10:14.685+0530] {processor.py:186} INFO - Started process (PID=14013) to work on /Users/parth/Desktop/Engine/venv/lib/python3.11/site-packages/airflow/example_dags/example_trigger_controller_dag.py
[2025-07-19T16:10:14.686+0530] {processor.py:914} INFO - Processing file /Users/parth/Desktop/Engine/venv/lib/python3.11/site-packages/airflow/example_dags/example_trigger_controller_dag.py for tasks to queue
[2025-07-19T16:10:14.687+0530] {logging_mixin.py:190} INFO - [2025-07-19T16:10:14.687+0530] {dagbag.py:588} INFO - Filling up the DagBag from /Users/parth/Desktop/Engine/venv/lib/python3.11/site-packages/airflow/example_dags/example_trigger_controller_dag.py
[2025-07-19T16:10:14.694+0530] {processor.py:925} INFO - DAG(s) 'example_trigger_controller_dag' retrieved from /Users/parth/Desktop/Engine/venv/lib/python3.11/site-packages/airflow/example_dags/example_trigger_controller_dag.py
[2025-07-19T16:10:14.753+0530] {logging_mixin.py:190} INFO - [2025-07-19T16:10:14.753+0530] {dag.py:3239} INFO - Sync 1 DAGs
[2025-07-19T16:10:14.764+0530] {logging_mixin.py:190} INFO - [2025-07-19T16:10:14.764+0530] {dag.py:4180} INFO - Setting next_dagrun for example_trigger_controller_dag to 2021-01-01 00:00:00+00:00, run_after=2021-01-01 00:00:00+00:00
[2025-07-19T16:10:14.776+0530] {processor.py:208} INFO - Processing /Users/parth/Desktop/Engine/venv/lib/python3.11/site-packages/airflow/example_dags/example_trigger_controller_dag.py took 0.094 seconds
