[2025-07-19T15:41:39.160+0530] {processor.py:186} INFO - Started process (PID=2235) to work on /Users/parth/Desktop/Engine/venv/lib/python3.11/site-packages/airflow/example_dags/example_branch_operator.py
[2025-07-19T15:41:39.160+0530] {processor.py:914} INFO - Processing file /Users/parth/Desktop/Engine/venv/lib/python3.11/site-packages/airflow/example_dags/example_branch_operator.py for tasks to queue
[2025-07-19T15:41:39.161+0530] {logging_mixin.py:190} INFO - [2025-07-19T15:41:39.161+0530] {dagbag.py:588} INFO - Filling up the DagBag from /Users/parth/Desktop/Engine/venv/lib/python3.11/site-packages/airflow/example_dags/example_branch_operator.py
[2025-07-19T15:41:39.172+0530] {processor.py:927} WARNING - No viable dags retrieved from /Users/parth/Desktop/Engine/venv/lib/python3.11/site-packages/airflow/example_dags/example_branch_operator.py
[2025-07-19T15:41:39.209+0530] {processor.py:208} INFO - Processing /Users/parth/Desktop/Engine/venv/lib/python3.11/site-packages/airflow/example_dags/example_branch_operator.py took 0.052 seconds
[2025-07-19T15:44:52.995+0530] {processor.py:186} INFO - Started process (PID=3564) to work on /Users/parth/Desktop/Engine/venv/lib/python3.11/site-packages/airflow/example_dags/example_branch_operator.py
[2025-07-19T15:44:52.996+0530] {processor.py:914} INFO - Processing file /Users/parth/Desktop/Engine/venv/lib/python3.11/site-packages/airflow/example_dags/example_branch_operator.py for tasks to queue
[2025-07-19T15:44:52.996+0530] {logging_mixin.py:190} INFO - [2025-07-19T15:44:52.996+0530] {dagbag.py:588} INFO - Filling up the DagBag from /Users/parth/Desktop/Engine/venv/lib/python3.11/site-packages/airflow/example_dags/example_branch_operator.py
[2025-07-19T15:44:53.007+0530] {processor.py:927} WARNING - No viable dags retrieved from /Users/parth/Desktop/Engine/venv/lib/python3.11/site-packages/airflow/example_dags/example_branch_operator.py
[2025-07-19T15:44:53.046+0530] {processor.py:208} INFO - Processing /Users/parth/Desktop/Engine/venv/lib/python3.11/site-packages/airflow/example_dags/example_branch_operator.py took 0.053 seconds
[2025-07-19T15:48:05.239+0530] {processor.py:186} INFO - Started process (PID=4819) to work on /Users/parth/Desktop/Engine/venv/lib/python3.11/site-packages/airflow/example_dags/example_branch_operator.py
[2025-07-19T15:48:05.239+0530] {processor.py:914} INFO - Processing file /Users/parth/Desktop/Engine/venv/lib/python3.11/site-packages/airflow/example_dags/example_branch_operator.py for tasks to queue
[2025-07-19T15:48:05.240+0530] {logging_mixin.py:190} INFO - [2025-07-19T15:48:05.240+0530] {dagbag.py:588} INFO - Filling up the DagBag from /Users/parth/Desktop/Engine/venv/lib/python3.11/site-packages/airflow/example_dags/example_branch_operator.py
[2025-07-19T15:48:05.250+0530] {processor.py:927} WARNING - No viable dags retrieved from /Users/parth/Desktop/Engine/venv/lib/python3.11/site-packages/airflow/example_dags/example_branch_operator.py
[2025-07-19T15:48:05.285+0530] {processor.py:208} INFO - Processing /Users/parth/Desktop/Engine/venv/lib/python3.11/site-packages/airflow/example_dags/example_branch_operator.py took 0.047 seconds
[2025-07-19T15:51:09.141+0530] {processor.py:186} INFO - Started process (PID=6049) to work on /Users/parth/Desktop/Engine/venv/lib/python3.11/site-packages/airflow/example_dags/example_branch_operator.py
[2025-07-19T15:51:09.142+0530] {processor.py:914} INFO - Processing file /Users/parth/Desktop/Engine/venv/lib/python3.11/site-packages/airflow/example_dags/example_branch_operator.py for tasks to queue
[2025-07-19T15:51:09.142+0530] {logging_mixin.py:190} INFO - [2025-07-19T15:51:09.142+0530] {dagbag.py:588} INFO - Filling up the DagBag from /Users/parth/Desktop/Engine/venv/lib/python3.11/site-packages/airflow/example_dags/example_branch_operator.py
[2025-07-19T15:51:09.155+0530] {processor.py:927} WARNING - No viable dags retrieved from /Users/parth/Desktop/Engine/venv/lib/python3.11/site-packages/airflow/example_dags/example_branch_operator.py
[2025-07-19T15:51:09.199+0530] {processor.py:208} INFO - Processing /Users/parth/Desktop/Engine/venv/lib/python3.11/site-packages/airflow/example_dags/example_branch_operator.py took 0.060 seconds
[2025-07-19T15:54:49.946+0530] {processor.py:186} INFO - Started process (PID=7578) to work on /Users/parth/Desktop/Engine/venv/lib/python3.11/site-packages/airflow/example_dags/example_branch_operator.py
[2025-07-19T15:54:49.947+0530] {processor.py:914} INFO - Processing file /Users/parth/Desktop/Engine/venv/lib/python3.11/site-packages/airflow/example_dags/example_branch_operator.py for tasks to queue
[2025-07-19T15:54:49.948+0530] {logging_mixin.py:190} INFO - [2025-07-19T15:54:49.948+0530] {dagbag.py:588} INFO - Filling up the DagBag from /Users/parth/Desktop/Engine/venv/lib/python3.11/site-packages/airflow/example_dags/example_branch_operator.py
[2025-07-19T15:54:49.962+0530] {processor.py:927} WARNING - No viable dags retrieved from /Users/parth/Desktop/Engine/venv/lib/python3.11/site-packages/airflow/example_dags/example_branch_operator.py
[2025-07-19T15:54:50.008+0530] {processor.py:208} INFO - Processing /Users/parth/Desktop/Engine/venv/lib/python3.11/site-packages/airflow/example_dags/example_branch_operator.py took 0.065 seconds
[2025-07-19T15:58:03.265+0530] {processor.py:186} INFO - Started process (PID=9064) to work on /Users/parth/Desktop/Engine/venv/lib/python3.11/site-packages/airflow/example_dags/example_branch_operator.py
[2025-07-19T15:58:03.265+0530] {processor.py:914} INFO - Processing file /Users/parth/Desktop/Engine/venv/lib/python3.11/site-packages/airflow/example_dags/example_branch_operator.py for tasks to queue
[2025-07-19T15:58:03.266+0530] {logging_mixin.py:190} INFO - [2025-07-19T15:58:03.266+0530] {dagbag.py:588} INFO - Filling up the DagBag from /Users/parth/Desktop/Engine/venv/lib/python3.11/site-packages/airflow/example_dags/example_branch_operator.py
[2025-07-19T15:58:03.280+0530] {processor.py:927} WARNING - No viable dags retrieved from /Users/parth/Desktop/Engine/venv/lib/python3.11/site-packages/airflow/example_dags/example_branch_operator.py
[2025-07-19T15:58:03.329+0530] {processor.py:208} INFO - Processing /Users/parth/Desktop/Engine/venv/lib/python3.11/site-packages/airflow/example_dags/example_branch_operator.py took 0.067 seconds
[2025-07-19T16:01:35.089+0530] {processor.py:186} INFO - Started process (PID=10463) to work on /Users/parth/Desktop/Engine/venv/lib/python3.11/site-packages/airflow/example_dags/example_branch_operator.py
[2025-07-19T16:01:35.090+0530] {processor.py:914} INFO - Processing file /Users/parth/Desktop/Engine/venv/lib/python3.11/site-packages/airflow/example_dags/example_branch_operator.py for tasks to queue
[2025-07-19T16:01:35.091+0530] {logging_mixin.py:190} INFO - [2025-07-19T16:01:35.091+0530] {dagbag.py:588} INFO - Filling up the DagBag from /Users/parth/Desktop/Engine/venv/lib/python3.11/site-packages/airflow/example_dags/example_branch_operator.py
[2025-07-19T16:01:35.107+0530] {processor.py:927} WARNING - No viable dags retrieved from /Users/parth/Desktop/Engine/venv/lib/python3.11/site-packages/airflow/example_dags/example_branch_operator.py
[2025-07-19T16:01:35.162+0530] {processor.py:208} INFO - Processing /Users/parth/Desktop/Engine/venv/lib/python3.11/site-packages/airflow/example_dags/example_branch_operator.py took 0.075 seconds
[2025-07-19T16:07:37.786+0530] {processor.py:186} INFO - Started process (PID=12951) to work on /Users/parth/Desktop/Engine/venv/lib/python3.11/site-packages/airflow/example_dags/example_branch_operator.py
[2025-07-19T16:07:37.787+0530] {processor.py:914} INFO - Processing file /Users/parth/Desktop/Engine/venv/lib/python3.11/site-packages/airflow/example_dags/example_branch_operator.py for tasks to queue
[2025-07-19T16:07:37.788+0530] {logging_mixin.py:190} INFO - [2025-07-19T16:07:37.788+0530] {dagbag.py:588} INFO - Filling up the DagBag from /Users/parth/Desktop/Engine/venv/lib/python3.11/site-packages/airflow/example_dags/example_branch_operator.py
[2025-07-19T16:07:37.805+0530] {processor.py:927} WARNING - No viable dags retrieved from /Users/parth/Desktop/Engine/venv/lib/python3.11/site-packages/airflow/example_dags/example_branch_operator.py
[2025-07-19T16:07:37.860+0530] {processor.py:208} INFO - Processing /Users/parth/Desktop/Engine/venv/lib/python3.11/site-packages/airflow/example_dags/example_branch_operator.py took 0.076 seconds
[2025-07-19T16:11:18.740+0530] {processor.py:186} INFO - Started process (PID=14430) to work on /Users/parth/Desktop/Engine/venv/lib/python3.11/site-packages/airflow/example_dags/example_branch_operator.py
[2025-07-19T16:11:18.741+0530] {processor.py:914} INFO - Processing file /Users/parth/Desktop/Engine/venv/lib/python3.11/site-packages/airflow/example_dags/example_branch_operator.py for tasks to queue
[2025-07-19T16:11:18.742+0530] {logging_mixin.py:190} INFO - [2025-07-19T16:11:18.741+0530] {dagbag.py:588} INFO - Filling up the DagBag from /Users/parth/Desktop/Engine/venv/lib/python3.11/site-packages/airflow/example_dags/example_branch_operator.py
[2025-07-19T16:11:18.757+0530] {processor.py:927} WARNING - No viable dags retrieved from /Users/parth/Desktop/Engine/venv/lib/python3.11/site-packages/airflow/example_dags/example_branch_operator.py
[2025-07-19T16:11:18.808+0530] {processor.py:208} INFO - Processing /Users/parth/Desktop/Engine/venv/lib/python3.11/site-packages/airflow/example_dags/example_branch_operator.py took 0.070 seconds
