[2025-07-19T15:41:43.625+0530] {processor.py:186} INFO - Started process (PID=2280) to work on /Users/parth/Desktop/Engine/venv/lib/python3.11/site-packages/airflow/example_dags/example_branch_day_of_week_operator.py
[2025-07-19T15:41:43.625+0530] {processor.py:914} INFO - Processing file /Users/parth/Desktop/Engine/venv/lib/python3.11/site-packages/airflow/example_dags/example_branch_day_of_week_operator.py for tasks to queue
[2025-07-19T15:41:43.626+0530] {logging_mixin.py:190} INFO - [2025-07-19T15:41:43.626+0530] {dagbag.py:588} INFO - Filling up the DagBag from /Users/parth/Desktop/Engine/venv/lib/python3.11/site-packages/airflow/example_dags/example_branch_day_of_week_operator.py
[2025-07-19T15:41:43.632+0530] {processor.py:925} INFO - DAG(s) 'example_weekday_branch_operator' retrieved from /Users/parth/Desktop/Engine/venv/lib/python3.11/site-packages/airflow/example_dags/example_branch_day_of_week_operator.py
[2025-07-19T15:41:43.679+0530] {logging_mixin.py:190} INFO - [2025-07-19T15:41:43.678+0530] {dag.py:3239} INFO - Sync 1 DAGs
[2025-07-19T15:41:43.689+0530] {logging_mixin.py:190} INFO - [2025-07-19T15:41:43.688+0530] {dag.py:4180} INFO - Setting next_dagrun for example_weekday_branch_operator to 2025-07-18 00:00:00+00:00, run_after=2025-07-19 00:00:00+00:00
[2025-07-19T15:41:43.699+0530] {processor.py:208} INFO - Processing /Users/parth/Desktop/Engine/venv/lib/python3.11/site-packages/airflow/example_dags/example_branch_day_of_week_operator.py took 0.076 seconds
[2025-07-19T15:44:57.082+0530] {processor.py:186} INFO - Started process (PID=3592) to work on /Users/parth/Desktop/Engine/venv/lib/python3.11/site-packages/airflow/example_dags/example_branch_day_of_week_operator.py
[2025-07-19T15:44:57.083+0530] {processor.py:914} INFO - Processing file /Users/parth/Desktop/Engine/venv/lib/python3.11/site-packages/airflow/example_dags/example_branch_day_of_week_operator.py for tasks to queue
[2025-07-19T15:44:57.084+0530] {logging_mixin.py:190} INFO - [2025-07-19T15:44:57.083+0530] {dagbag.py:588} INFO - Filling up the DagBag from /Users/parth/Desktop/Engine/venv/lib/python3.11/site-packages/airflow/example_dags/example_branch_day_of_week_operator.py
[2025-07-19T15:44:57.089+0530] {processor.py:925} INFO - DAG(s) 'example_weekday_branch_operator' retrieved from /Users/parth/Desktop/Engine/venv/lib/python3.11/site-packages/airflow/example_dags/example_branch_day_of_week_operator.py
[2025-07-19T15:44:57.135+0530] {logging_mixin.py:190} INFO - [2025-07-19T15:44:57.135+0530] {dag.py:3239} INFO - Sync 1 DAGs
[2025-07-19T15:44:57.145+0530] {logging_mixin.py:190} INFO - [2025-07-19T15:44:57.145+0530] {dag.py:4180} INFO - Setting next_dagrun for example_weekday_branch_operator to 2025-07-18 00:00:00+00:00, run_after=2025-07-19 00:00:00+00:00
[2025-07-19T15:44:57.153+0530] {processor.py:208} INFO - Processing /Users/parth/Desktop/Engine/venv/lib/python3.11/site-packages/airflow/example_dags/example_branch_day_of_week_operator.py took 0.073 seconds
[2025-07-19T15:48:09.072+0530] {processor.py:186} INFO - Started process (PID=4847) to work on /Users/parth/Desktop/Engine/venv/lib/python3.11/site-packages/airflow/example_dags/example_branch_day_of_week_operator.py
[2025-07-19T15:48:09.072+0530] {processor.py:914} INFO - Processing file /Users/parth/Desktop/Engine/venv/lib/python3.11/site-packages/airflow/example_dags/example_branch_day_of_week_operator.py for tasks to queue
[2025-07-19T15:48:09.073+0530] {logging_mixin.py:190} INFO - [2025-07-19T15:48:09.073+0530] {dagbag.py:588} INFO - Filling up the DagBag from /Users/parth/Desktop/Engine/venv/lib/python3.11/site-packages/airflow/example_dags/example_branch_day_of_week_operator.py
[2025-07-19T15:48:09.078+0530] {processor.py:925} INFO - DAG(s) 'example_weekday_branch_operator' retrieved from /Users/parth/Desktop/Engine/venv/lib/python3.11/site-packages/airflow/example_dags/example_branch_day_of_week_operator.py
[2025-07-19T15:48:09.121+0530] {logging_mixin.py:190} INFO - [2025-07-19T15:48:09.120+0530] {dag.py:3239} INFO - Sync 1 DAGs
[2025-07-19T15:48:09.129+0530] {logging_mixin.py:190} INFO - [2025-07-19T15:48:09.129+0530] {dag.py:4180} INFO - Setting next_dagrun for example_weekday_branch_operator to 2025-07-18 00:00:00+00:00, run_after=2025-07-19 00:00:00+00:00
[2025-07-19T15:48:09.136+0530] {processor.py:208} INFO - Processing /Users/parth/Desktop/Engine/venv/lib/python3.11/site-packages/airflow/example_dags/example_branch_day_of_week_operator.py took 0.066 seconds
[2025-07-19T15:51:13.145+0530] {processor.py:186} INFO - Started process (PID=6077) to work on /Users/parth/Desktop/Engine/venv/lib/python3.11/site-packages/airflow/example_dags/example_branch_day_of_week_operator.py
[2025-07-19T15:51:13.145+0530] {processor.py:914} INFO - Processing file /Users/parth/Desktop/Engine/venv/lib/python3.11/site-packages/airflow/example_dags/example_branch_day_of_week_operator.py for tasks to queue
[2025-07-19T15:51:13.146+0530] {logging_mixin.py:190} INFO - [2025-07-19T15:51:13.146+0530] {dagbag.py:588} INFO - Filling up the DagBag from /Users/parth/Desktop/Engine/venv/lib/python3.11/site-packages/airflow/example_dags/example_branch_day_of_week_operator.py
[2025-07-19T15:51:13.152+0530] {processor.py:925} INFO - DAG(s) 'example_weekday_branch_operator' retrieved from /Users/parth/Desktop/Engine/venv/lib/python3.11/site-packages/airflow/example_dags/example_branch_day_of_week_operator.py
[2025-07-19T15:51:13.202+0530] {logging_mixin.py:190} INFO - [2025-07-19T15:51:13.202+0530] {dag.py:3239} INFO - Sync 1 DAGs
[2025-07-19T15:51:13.212+0530] {logging_mixin.py:190} INFO - [2025-07-19T15:51:13.212+0530] {dag.py:4180} INFO - Setting next_dagrun for example_weekday_branch_operator to 2025-07-18 00:00:00+00:00, run_after=2025-07-19 00:00:00+00:00
[2025-07-19T15:51:13.221+0530] {processor.py:208} INFO - Processing /Users/parth/Desktop/Engine/venv/lib/python3.11/site-packages/airflow/example_dags/example_branch_day_of_week_operator.py took 0.078 seconds
[2025-07-19T15:54:54.740+0530] {processor.py:186} INFO - Started process (PID=7608) to work on /Users/parth/Desktop/Engine/venv/lib/python3.11/site-packages/airflow/example_dags/example_branch_day_of_week_operator.py
[2025-07-19T15:54:54.741+0530] {processor.py:914} INFO - Processing file /Users/parth/Desktop/Engine/venv/lib/python3.11/site-packages/airflow/example_dags/example_branch_day_of_week_operator.py for tasks to queue
[2025-07-19T15:54:54.742+0530] {logging_mixin.py:190} INFO - [2025-07-19T15:54:54.742+0530] {dagbag.py:588} INFO - Filling up the DagBag from /Users/parth/Desktop/Engine/venv/lib/python3.11/site-packages/airflow/example_dags/example_branch_day_of_week_operator.py
[2025-07-19T15:54:54.749+0530] {processor.py:925} INFO - DAG(s) 'example_weekday_branch_operator' retrieved from /Users/parth/Desktop/Engine/venv/lib/python3.11/site-packages/airflow/example_dags/example_branch_day_of_week_operator.py
[2025-07-19T15:54:54.808+0530] {logging_mixin.py:190} INFO - [2025-07-19T15:54:54.808+0530] {dag.py:3239} INFO - Sync 1 DAGs
[2025-07-19T15:54:54.819+0530] {logging_mixin.py:190} INFO - [2025-07-19T15:54:54.819+0530] {dag.py:4180} INFO - Setting next_dagrun for example_weekday_branch_operator to 2025-07-18 00:00:00+00:00, run_after=2025-07-19 00:00:00+00:00
[2025-07-19T15:54:54.829+0530] {processor.py:208} INFO - Processing /Users/parth/Desktop/Engine/venv/lib/python3.11/site-packages/airflow/example_dags/example_branch_day_of_week_operator.py took 0.091 seconds
[2025-07-19T15:58:07.234+0530] {processor.py:186} INFO - Started process (PID=9090) to work on /Users/parth/Desktop/Engine/venv/lib/python3.11/site-packages/airflow/example_dags/example_branch_day_of_week_operator.py
[2025-07-19T15:58:07.235+0530] {processor.py:914} INFO - Processing file /Users/parth/Desktop/Engine/venv/lib/python3.11/site-packages/airflow/example_dags/example_branch_day_of_week_operator.py for tasks to queue
[2025-07-19T15:58:07.236+0530] {logging_mixin.py:190} INFO - [2025-07-19T15:58:07.236+0530] {dagbag.py:588} INFO - Filling up the DagBag from /Users/parth/Desktop/Engine/venv/lib/python3.11/site-packages/airflow/example_dags/example_branch_day_of_week_operator.py
[2025-07-19T15:58:07.244+0530] {processor.py:925} INFO - DAG(s) 'example_weekday_branch_operator' retrieved from /Users/parth/Desktop/Engine/venv/lib/python3.11/site-packages/airflow/example_dags/example_branch_day_of_week_operator.py
[2025-07-19T15:58:07.306+0530] {logging_mixin.py:190} INFO - [2025-07-19T15:58:07.306+0530] {dag.py:3239} INFO - Sync 1 DAGs
[2025-07-19T15:58:07.318+0530] {logging_mixin.py:190} INFO - [2025-07-19T15:58:07.317+0530] {dag.py:4180} INFO - Setting next_dagrun for example_weekday_branch_operator to 2025-07-18 00:00:00+00:00, run_after=2025-07-19 00:00:00+00:00
[2025-07-19T15:58:07.327+0530] {processor.py:208} INFO - Processing /Users/parth/Desktop/Engine/venv/lib/python3.11/site-packages/airflow/example_dags/example_branch_day_of_week_operator.py took 0.096 seconds
[2025-07-19T16:01:39.328+0530] {processor.py:186} INFO - Started process (PID=10491) to work on /Users/parth/Desktop/Engine/venv/lib/python3.11/site-packages/airflow/example_dags/example_branch_day_of_week_operator.py
[2025-07-19T16:01:39.328+0530] {processor.py:914} INFO - Processing file /Users/parth/Desktop/Engine/venv/lib/python3.11/site-packages/airflow/example_dags/example_branch_day_of_week_operator.py for tasks to queue
[2025-07-19T16:01:39.329+0530] {logging_mixin.py:190} INFO - [2025-07-19T16:01:39.329+0530] {dagbag.py:588} INFO - Filling up the DagBag from /Users/parth/Desktop/Engine/venv/lib/python3.11/site-packages/airflow/example_dags/example_branch_day_of_week_operator.py
[2025-07-19T16:01:39.336+0530] {processor.py:925} INFO - DAG(s) 'example_weekday_branch_operator' retrieved from /Users/parth/Desktop/Engine/venv/lib/python3.11/site-packages/airflow/example_dags/example_branch_day_of_week_operator.py
[2025-07-19T16:01:39.391+0530] {logging_mixin.py:190} INFO - [2025-07-19T16:01:39.391+0530] {dag.py:3239} INFO - Sync 1 DAGs
[2025-07-19T16:01:39.403+0530] {logging_mixin.py:190} INFO - [2025-07-19T16:01:39.403+0530] {dag.py:4180} INFO - Setting next_dagrun for example_weekday_branch_operator to 2025-07-18 00:00:00+00:00, run_after=2025-07-19 00:00:00+00:00
[2025-07-19T16:01:39.413+0530] {processor.py:208} INFO - Processing /Users/parth/Desktop/Engine/venv/lib/python3.11/site-packages/airflow/example_dags/example_branch_day_of_week_operator.py took 0.087 seconds
[2025-07-19T16:07:43.170+0530] {processor.py:186} INFO - Started process (PID=12995) to work on /Users/parth/Desktop/Engine/venv/lib/python3.11/site-packages/airflow/example_dags/example_branch_day_of_week_operator.py
[2025-07-19T16:07:43.171+0530] {processor.py:914} INFO - Processing file /Users/parth/Desktop/Engine/venv/lib/python3.11/site-packages/airflow/example_dags/example_branch_day_of_week_operator.py for tasks to queue
[2025-07-19T16:07:43.172+0530] {logging_mixin.py:190} INFO - [2025-07-19T16:07:43.172+0530] {dagbag.py:588} INFO - Filling up the DagBag from /Users/parth/Desktop/Engine/venv/lib/python3.11/site-packages/airflow/example_dags/example_branch_day_of_week_operator.py
[2025-07-19T16:07:43.180+0530] {processor.py:925} INFO - DAG(s) 'example_weekday_branch_operator' retrieved from /Users/parth/Desktop/Engine/venv/lib/python3.11/site-packages/airflow/example_dags/example_branch_day_of_week_operator.py
[2025-07-19T16:07:43.244+0530] {logging_mixin.py:190} INFO - [2025-07-19T16:07:43.244+0530] {dag.py:3239} INFO - Sync 1 DAGs
[2025-07-19T16:07:43.257+0530] {logging_mixin.py:190} INFO - [2025-07-19T16:07:43.256+0530] {dag.py:4180} INFO - Setting next_dagrun for example_weekday_branch_operator to 2025-07-18 00:00:00+00:00, run_after=2025-07-19 00:00:00+00:00
[2025-07-19T16:07:43.269+0530] {processor.py:208} INFO - Processing /Users/parth/Desktop/Engine/venv/lib/python3.11/site-packages/airflow/example_dags/example_branch_day_of_week_operator.py took 0.101 seconds
[2025-07-19T16:11:22.428+0530] {processor.py:186} INFO - Started process (PID=14458) to work on /Users/parth/Desktop/Engine/venv/lib/python3.11/site-packages/airflow/example_dags/example_branch_day_of_week_operator.py
[2025-07-19T16:11:22.430+0530] {processor.py:914} INFO - Processing file /Users/parth/Desktop/Engine/venv/lib/python3.11/site-packages/airflow/example_dags/example_branch_day_of_week_operator.py for tasks to queue
[2025-07-19T16:11:22.430+0530] {logging_mixin.py:190} INFO - [2025-07-19T16:11:22.430+0530] {dagbag.py:588} INFO - Filling up the DagBag from /Users/parth/Desktop/Engine/venv/lib/python3.11/site-packages/airflow/example_dags/example_branch_day_of_week_operator.py
[2025-07-19T16:11:22.437+0530] {processor.py:925} INFO - DAG(s) 'example_weekday_branch_operator' retrieved from /Users/parth/Desktop/Engine/venv/lib/python3.11/site-packages/airflow/example_dags/example_branch_day_of_week_operator.py
[2025-07-19T16:11:22.492+0530] {logging_mixin.py:190} INFO - [2025-07-19T16:11:22.492+0530] {dag.py:3239} INFO - Sync 1 DAGs
[2025-07-19T16:11:22.503+0530] {logging_mixin.py:190} INFO - [2025-07-19T16:11:22.503+0530] {dag.py:4180} INFO - Setting next_dagrun for example_weekday_branch_operator to 2025-07-18 00:00:00+00:00, run_after=2025-07-19 00:00:00+00:00
[2025-07-19T16:11:22.513+0530] {processor.py:208} INFO - Processing /Users/parth/Desktop/Engine/venv/lib/python3.11/site-packages/airflow/example_dags/example_branch_day_of_week_operator.py took 0.087 seconds
