[2025-07-19T15:40:20.453+0530] {processor.py:186} INFO - Started process (PID=1665) to work on /Users/parth/Desktop/Engine/venv/lib/python3.11/site-packages/airflow/example_dags/example_workday_timetable.py
[2025-07-19T15:40:20.454+0530] {processor.py:914} INFO - Processing file /Users/parth/Desktop/Engine/venv/lib/python3.11/site-packages/airflow/example_dags/example_workday_timetable.py for tasks to queue
[2025-07-19T15:40:20.454+0530] {logging_mixin.py:190} INFO - [2025-07-19T15:40:20.454+0530] {dagbag.py:588} INFO - Filling up the DagBag from /Users/parth/Desktop/Engine/venv/lib/python3.11/site-packages/airflow/example_dags/example_workday_timetable.py
[2025-07-19T15:40:20.757+0530] {processor.py:925} INFO - DAG(s) 'example_workday_timetable' retrieved from /Users/parth/Desktop/Engine/venv/lib/python3.11/site-packages/airflow/example_dags/example_workday_timetable.py
[2025-07-19T15:40:20.802+0530] {logging_mixin.py:190} INFO - [2025-07-19T15:40:20.801+0530] {dag.py:3239} INFO - Sync 1 DAGs
[2025-07-19T15:40:20.830+0530] {logging_mixin.py:190} INFO - [2025-07-19T15:40:20.830+0530] {dag.py:4180} INFO - Setting next_dagrun for example_workday_timetable to 2021-01-04 00:00:00+00:00, run_after=2021-01-05 00:00:00+00:00
[2025-07-19T15:40:20.843+0530] {processor.py:208} INFO - Processing /Users/parth/Desktop/Engine/venv/lib/python3.11/site-packages/airflow/example_dags/example_workday_timetable.py took 0.391 seconds
[2025-07-19T15:42:22.857+0530] {processor.py:186} INFO - Started process (PID=2545) to work on /Users/parth/Desktop/Engine/venv/lib/python3.11/site-packages/airflow/example_dags/example_workday_timetable.py
[2025-07-19T15:42:22.859+0530] {processor.py:914} INFO - Processing file /Users/parth/Desktop/Engine/venv/lib/python3.11/site-packages/airflow/example_dags/example_workday_timetable.py for tasks to queue
[2025-07-19T15:42:22.859+0530] {logging_mixin.py:190} INFO - [2025-07-19T15:42:22.859+0530] {dagbag.py:588} INFO - Filling up the DagBag from /Users/parth/Desktop/Engine/venv/lib/python3.11/site-packages/airflow/example_dags/example_workday_timetable.py
[2025-07-19T15:42:23.221+0530] {processor.py:925} INFO - DAG(s) 'example_workday_timetable' retrieved from /Users/parth/Desktop/Engine/venv/lib/python3.11/site-packages/airflow/example_dags/example_workday_timetable.py
[2025-07-19T15:42:23.268+0530] {logging_mixin.py:190} INFO - [2025-07-19T15:42:23.268+0530] {dag.py:3239} INFO - Sync 1 DAGs
[2025-07-19T15:42:23.292+0530] {logging_mixin.py:190} INFO - [2025-07-19T15:42:23.292+0530] {dag.py:4180} INFO - Setting next_dagrun for example_workday_timetable to 2021-01-04 00:00:00+00:00, run_after=2021-01-05 00:00:00+00:00
[2025-07-19T15:42:23.299+0530] {processor.py:208} INFO - Processing /Users/parth/Desktop/Engine/venv/lib/python3.11/site-packages/airflow/example_dags/example_workday_timetable.py took 0.444 seconds
[2025-07-19T15:44:02.608+0530] {processor.py:186} INFO - Started process (PID=3216) to work on /Users/parth/Desktop/Engine/venv/lib/python3.11/site-packages/airflow/example_dags/example_workday_timetable.py
[2025-07-19T15:44:02.609+0530] {processor.py:914} INFO - Processing file /Users/parth/Desktop/Engine/venv/lib/python3.11/site-packages/airflow/example_dags/example_workday_timetable.py for tasks to queue
[2025-07-19T15:44:02.609+0530] {logging_mixin.py:190} INFO - [2025-07-19T15:44:02.609+0530] {dagbag.py:588} INFO - Filling up the DagBag from /Users/parth/Desktop/Engine/venv/lib/python3.11/site-packages/airflow/example_dags/example_workday_timetable.py
[2025-07-19T15:44:02.991+0530] {processor.py:925} INFO - DAG(s) 'example_workday_timetable' retrieved from /Users/parth/Desktop/Engine/venv/lib/python3.11/site-packages/airflow/example_dags/example_workday_timetable.py
[2025-07-19T15:44:03.041+0530] {logging_mixin.py:190} INFO - [2025-07-19T15:44:03.041+0530] {dag.py:3239} INFO - Sync 1 DAGs
[2025-07-19T15:44:03.067+0530] {logging_mixin.py:190} INFO - [2025-07-19T15:44:03.067+0530] {dag.py:4180} INFO - Setting next_dagrun for example_workday_timetable to 2021-01-04 00:00:00+00:00, run_after=2021-01-05 00:00:00+00:00
[2025-07-19T15:44:03.076+0530] {processor.py:208} INFO - Processing /Users/parth/Desktop/Engine/venv/lib/python3.11/site-packages/airflow/example_dags/example_workday_timetable.py took 0.469 seconds
[2025-07-19T15:45:50.217+0530] {processor.py:186} INFO - Started process (PID=3937) to work on /Users/parth/Desktop/Engine/venv/lib/python3.11/site-packages/airflow/example_dags/example_workday_timetable.py
[2025-07-19T15:45:50.218+0530] {processor.py:914} INFO - Processing file /Users/parth/Desktop/Engine/venv/lib/python3.11/site-packages/airflow/example_dags/example_workday_timetable.py for tasks to queue
[2025-07-19T15:45:50.218+0530] {logging_mixin.py:190} INFO - [2025-07-19T15:45:50.218+0530] {dagbag.py:588} INFO - Filling up the DagBag from /Users/parth/Desktop/Engine/venv/lib/python3.11/site-packages/airflow/example_dags/example_workday_timetable.py
[2025-07-19T15:45:50.654+0530] {processor.py:925} INFO - DAG(s) 'example_workday_timetable' retrieved from /Users/parth/Desktop/Engine/venv/lib/python3.11/site-packages/airflow/example_dags/example_workday_timetable.py
[2025-07-19T15:45:50.709+0530] {logging_mixin.py:190} INFO - [2025-07-19T15:45:50.708+0530] {dag.py:3239} INFO - Sync 1 DAGs
[2025-07-19T15:45:50.740+0530] {logging_mixin.py:190} INFO - [2025-07-19T15:45:50.740+0530] {dag.py:4180} INFO - Setting next_dagrun for example_workday_timetable to 2021-01-04 00:00:00+00:00, run_after=2021-01-05 00:00:00+00:00
[2025-07-19T15:45:50.748+0530] {processor.py:208} INFO - Processing /Users/parth/Desktop/Engine/venv/lib/python3.11/site-packages/airflow/example_dags/example_workday_timetable.py took 0.533 seconds
[2025-07-19T15:47:18.834+0530] {processor.py:186} INFO - Started process (PID=4512) to work on /Users/parth/Desktop/Engine/venv/lib/python3.11/site-packages/airflow/example_dags/example_workday_timetable.py
[2025-07-19T15:47:18.835+0530] {processor.py:914} INFO - Processing file /Users/parth/Desktop/Engine/venv/lib/python3.11/site-packages/airflow/example_dags/example_workday_timetable.py for tasks to queue
[2025-07-19T15:47:18.835+0530] {logging_mixin.py:190} INFO - [2025-07-19T15:47:18.835+0530] {dagbag.py:588} INFO - Filling up the DagBag from /Users/parth/Desktop/Engine/venv/lib/python3.11/site-packages/airflow/example_dags/example_workday_timetable.py
[2025-07-19T15:47:19.222+0530] {processor.py:925} INFO - DAG(s) 'example_workday_timetable' retrieved from /Users/parth/Desktop/Engine/venv/lib/python3.11/site-packages/airflow/example_dags/example_workday_timetable.py
[2025-07-19T15:47:19.270+0530] {logging_mixin.py:190} INFO - [2025-07-19T15:47:19.270+0530] {dag.py:3239} INFO - Sync 1 DAGs
[2025-07-19T15:47:19.290+0530] {logging_mixin.py:190} INFO - [2025-07-19T15:47:19.290+0530] {dag.py:4180} INFO - Setting next_dagrun for example_workday_timetable to 2021-01-04 00:00:00+00:00, run_after=2021-01-05 00:00:00+00:00
[2025-07-19T15:47:19.298+0530] {processor.py:208} INFO - Processing /Users/parth/Desktop/Engine/venv/lib/python3.11/site-packages/airflow/example_dags/example_workday_timetable.py took 0.466 seconds
[2025-07-19T15:48:46.820+0530] {processor.py:186} INFO - Started process (PID=5096) to work on /Users/parth/Desktop/Engine/venv/lib/python3.11/site-packages/airflow/example_dags/example_workday_timetable.py
[2025-07-19T15:48:46.821+0530] {processor.py:914} INFO - Processing file /Users/parth/Desktop/Engine/venv/lib/python3.11/site-packages/airflow/example_dags/example_workday_timetable.py for tasks to queue
[2025-07-19T15:48:46.821+0530] {logging_mixin.py:190} INFO - [2025-07-19T15:48:46.821+0530] {dagbag.py:588} INFO - Filling up the DagBag from /Users/parth/Desktop/Engine/venv/lib/python3.11/site-packages/airflow/example_dags/example_workday_timetable.py
[2025-07-19T15:48:47.194+0530] {processor.py:925} INFO - DAG(s) 'example_workday_timetable' retrieved from /Users/parth/Desktop/Engine/venv/lib/python3.11/site-packages/airflow/example_dags/example_workday_timetable.py
[2025-07-19T15:48:47.242+0530] {logging_mixin.py:190} INFO - [2025-07-19T15:48:47.241+0530] {dag.py:3239} INFO - Sync 1 DAGs
[2025-07-19T15:48:47.263+0530] {logging_mixin.py:190} INFO - [2025-07-19T15:48:47.263+0530] {dag.py:4180} INFO - Setting next_dagrun for example_workday_timetable to 2021-01-04 00:00:00+00:00, run_after=2021-01-05 00:00:00+00:00
[2025-07-19T15:48:47.271+0530] {processor.py:208} INFO - Processing /Users/parth/Desktop/Engine/venv/lib/python3.11/site-packages/airflow/example_dags/example_workday_timetable.py took 0.453 seconds
[2025-07-19T15:50:15.044+0530] {processor.py:186} INFO - Started process (PID=5673) to work on /Users/parth/Desktop/Engine/venv/lib/python3.11/site-packages/airflow/example_dags/example_workday_timetable.py
[2025-07-19T15:50:15.044+0530] {processor.py:914} INFO - Processing file /Users/parth/Desktop/Engine/venv/lib/python3.11/site-packages/airflow/example_dags/example_workday_timetable.py for tasks to queue
[2025-07-19T15:50:15.045+0530] {logging_mixin.py:190} INFO - [2025-07-19T15:50:15.045+0530] {dagbag.py:588} INFO - Filling up the DagBag from /Users/parth/Desktop/Engine/venv/lib/python3.11/site-packages/airflow/example_dags/example_workday_timetable.py
[2025-07-19T15:50:15.556+0530] {processor.py:925} INFO - DAG(s) 'example_workday_timetable' retrieved from /Users/parth/Desktop/Engine/venv/lib/python3.11/site-packages/airflow/example_dags/example_workday_timetable.py
[2025-07-19T15:50:15.619+0530] {logging_mixin.py:190} INFO - [2025-07-19T15:50:15.619+0530] {dag.py:3239} INFO - Sync 1 DAGs
[2025-07-19T15:50:15.645+0530] {logging_mixin.py:190} INFO - [2025-07-19T15:50:15.644+0530] {dag.py:4180} INFO - Setting next_dagrun for example_workday_timetable to 2021-01-04 00:00:00+00:00, run_after=2021-01-05 00:00:00+00:00
[2025-07-19T15:50:15.655+0530] {processor.py:208} INFO - Processing /Users/parth/Desktop/Engine/venv/lib/python3.11/site-packages/airflow/example_dags/example_workday_timetable.py took 0.613 seconds
[2025-07-19T15:51:50.602+0530] {processor.py:186} INFO - Started process (PID=6338) to work on /Users/parth/Desktop/Engine/venv/lib/python3.11/site-packages/airflow/example_dags/example_workday_timetable.py
[2025-07-19T15:51:50.602+0530] {processor.py:914} INFO - Processing file /Users/parth/Desktop/Engine/venv/lib/python3.11/site-packages/airflow/example_dags/example_workday_timetable.py for tasks to queue
[2025-07-19T15:51:50.603+0530] {logging_mixin.py:190} INFO - [2025-07-19T15:51:50.603+0530] {dagbag.py:588} INFO - Filling up the DagBag from /Users/parth/Desktop/Engine/venv/lib/python3.11/site-packages/airflow/example_dags/example_workday_timetable.py
[2025-07-19T15:51:51.141+0530] {processor.py:925} INFO - DAG(s) 'example_workday_timetable' retrieved from /Users/parth/Desktop/Engine/venv/lib/python3.11/site-packages/airflow/example_dags/example_workday_timetable.py
[2025-07-19T15:51:51.210+0530] {logging_mixin.py:190} INFO - [2025-07-19T15:51:51.210+0530] {dag.py:3239} INFO - Sync 1 DAGs
[2025-07-19T15:51:51.247+0530] {logging_mixin.py:190} INFO - [2025-07-19T15:51:51.246+0530] {dag.py:4180} INFO - Setting next_dagrun for example_workday_timetable to 2021-01-04 00:00:00+00:00, run_after=2021-01-05 00:00:00+00:00
[2025-07-19T15:51:51.260+0530] {processor.py:208} INFO - Processing /Users/parth/Desktop/Engine/venv/lib/python3.11/site-packages/airflow/example_dags/example_workday_timetable.py took 0.660 seconds
[2025-07-19T15:53:39.764+0530] {processor.py:186} INFO - Started process (PID=7094) to work on /Users/parth/Desktop/Engine/venv/lib/python3.11/site-packages/airflow/example_dags/example_workday_timetable.py
[2025-07-19T15:53:39.765+0530] {processor.py:914} INFO - Processing file /Users/parth/Desktop/Engine/venv/lib/python3.11/site-packages/airflow/example_dags/example_workday_timetable.py for tasks to queue
[2025-07-19T15:53:39.766+0530] {logging_mixin.py:190} INFO - [2025-07-19T15:53:39.766+0530] {dagbag.py:588} INFO - Filling up the DagBag from /Users/parth/Desktop/Engine/venv/lib/python3.11/site-packages/airflow/example_dags/example_workday_timetable.py
[2025-07-19T15:53:40.339+0530] {processor.py:925} INFO - DAG(s) 'example_workday_timetable' retrieved from /Users/parth/Desktop/Engine/venv/lib/python3.11/site-packages/airflow/example_dags/example_workday_timetable.py
[2025-07-19T15:53:40.420+0530] {logging_mixin.py:190} INFO - [2025-07-19T15:53:40.419+0530] {dag.py:3239} INFO - Sync 1 DAGs
[2025-07-19T15:53:40.460+0530] {logging_mixin.py:190} INFO - [2025-07-19T15:53:40.460+0530] {dag.py:4180} INFO - Setting next_dagrun for example_workday_timetable to 2021-01-04 00:00:00+00:00, run_after=2021-01-05 00:00:00+00:00
[2025-07-19T15:53:40.474+0530] {processor.py:208} INFO - Processing /Users/parth/Desktop/Engine/venv/lib/python3.11/site-packages/airflow/example_dags/example_workday_timetable.py took 0.714 seconds
[2025-07-19T15:56:37.065+0530] {processor.py:186} INFO - Started process (PID=8502) to work on /Users/parth/Desktop/Engine/venv/lib/python3.11/site-packages/airflow/example_dags/example_workday_timetable.py
[2025-07-19T15:56:37.066+0530] {processor.py:914} INFO - Processing file /Users/parth/Desktop/Engine/venv/lib/python3.11/site-packages/airflow/example_dags/example_workday_timetable.py for tasks to queue
[2025-07-19T15:56:37.067+0530] {logging_mixin.py:190} INFO - [2025-07-19T15:56:37.067+0530] {dagbag.py:588} INFO - Filling up the DagBag from /Users/parth/Desktop/Engine/venv/lib/python3.11/site-packages/airflow/example_dags/example_workday_timetable.py
[2025-07-19T15:56:37.593+0530] {processor.py:925} INFO - DAG(s) 'example_workday_timetable' retrieved from /Users/parth/Desktop/Engine/venv/lib/python3.11/site-packages/airflow/example_dags/example_workday_timetable.py
[2025-07-19T15:56:37.672+0530] {logging_mixin.py:190} INFO - [2025-07-19T15:56:37.672+0530] {dag.py:3239} INFO - Sync 1 DAGs
[2025-07-19T15:56:37.716+0530] {logging_mixin.py:190} INFO - [2025-07-19T15:56:37.715+0530] {dag.py:4180} INFO - Setting next_dagrun for example_workday_timetable to 2021-01-04 00:00:00+00:00, run_after=2021-01-05 00:00:00+00:00
[2025-07-19T15:56:37.730+0530] {processor.py:208} INFO - Processing /Users/parth/Desktop/Engine/venv/lib/python3.11/site-packages/airflow/example_dags/example_workday_timetable.py took 0.668 seconds
[2025-07-19T15:58:47.080+0530] {processor.py:186} INFO - Started process (PID=9356) to work on /Users/parth/Desktop/Engine/venv/lib/python3.11/site-packages/airflow/example_dags/example_workday_timetable.py
[2025-07-19T15:58:47.080+0530] {processor.py:914} INFO - Processing file /Users/parth/Desktop/Engine/venv/lib/python3.11/site-packages/airflow/example_dags/example_workday_timetable.py for tasks to queue
[2025-07-19T15:58:47.081+0530] {logging_mixin.py:190} INFO - [2025-07-19T15:58:47.081+0530] {dagbag.py:588} INFO - Filling up the DagBag from /Users/parth/Desktop/Engine/venv/lib/python3.11/site-packages/airflow/example_dags/example_workday_timetable.py
[2025-07-19T15:58:47.635+0530] {processor.py:925} INFO - DAG(s) 'example_workday_timetable' retrieved from /Users/parth/Desktop/Engine/venv/lib/python3.11/site-packages/airflow/example_dags/example_workday_timetable.py
[2025-07-19T15:58:47.710+0530] {logging_mixin.py:190} INFO - [2025-07-19T15:58:47.710+0530] {dag.py:3239} INFO - Sync 1 DAGs
[2025-07-19T15:58:47.749+0530] {logging_mixin.py:190} INFO - [2025-07-19T15:58:47.749+0530] {dag.py:4180} INFO - Setting next_dagrun for example_workday_timetable to 2021-01-04 00:00:00+00:00, run_after=2021-01-05 00:00:00+00:00
[2025-07-19T15:58:47.762+0530] {processor.py:208} INFO - Processing /Users/parth/Desktop/Engine/venv/lib/python3.11/site-packages/airflow/example_dags/example_workday_timetable.py took 0.685 seconds
[2025-07-19T16:00:30.635+0530] {processor.py:186} INFO - Started process (PID=10033) to work on /Users/parth/Desktop/Engine/venv/lib/python3.11/site-packages/airflow/example_dags/example_workday_timetable.py
[2025-07-19T16:00:30.636+0530] {processor.py:914} INFO - Processing file /Users/parth/Desktop/Engine/venv/lib/python3.11/site-packages/airflow/example_dags/example_workday_timetable.py for tasks to queue
[2025-07-19T16:00:30.637+0530] {logging_mixin.py:190} INFO - [2025-07-19T16:00:30.637+0530] {dagbag.py:588} INFO - Filling up the DagBag from /Users/parth/Desktop/Engine/venv/lib/python3.11/site-packages/airflow/example_dags/example_workday_timetable.py
[2025-07-19T16:00:31.179+0530] {processor.py:925} INFO - DAG(s) 'example_workday_timetable' retrieved from /Users/parth/Desktop/Engine/venv/lib/python3.11/site-packages/airflow/example_dags/example_workday_timetable.py
[2025-07-19T16:00:31.258+0530] {logging_mixin.py:190} INFO - [2025-07-19T16:00:31.258+0530] {dag.py:3239} INFO - Sync 1 DAGs
[2025-07-19T16:00:31.291+0530] {logging_mixin.py:190} INFO - [2025-07-19T16:00:31.291+0530] {dag.py:4180} INFO - Setting next_dagrun for example_workday_timetable to 2021-01-04 00:00:00+00:00, run_after=2021-01-05 00:00:00+00:00
[2025-07-19T16:00:31.304+0530] {processor.py:208} INFO - Processing /Users/parth/Desktop/Engine/venv/lib/python3.11/site-packages/airflow/example_dags/example_workday_timetable.py took 0.671 seconds
[2025-07-19T16:02:21.830+0530] {processor.py:186} INFO - Started process (PID=10779) to work on /Users/parth/Desktop/Engine/venv/lib/python3.11/site-packages/airflow/example_dags/example_workday_timetable.py
[2025-07-19T16:02:21.832+0530] {processor.py:914} INFO - Processing file /Users/parth/Desktop/Engine/venv/lib/python3.11/site-packages/airflow/example_dags/example_workday_timetable.py for tasks to queue
[2025-07-19T16:02:21.833+0530] {logging_mixin.py:190} INFO - [2025-07-19T16:02:21.833+0530] {dagbag.py:588} INFO - Filling up the DagBag from /Users/parth/Desktop/Engine/venv/lib/python3.11/site-packages/airflow/example_dags/example_workday_timetable.py
[2025-07-19T16:02:22.470+0530] {processor.py:925} INFO - DAG(s) 'example_workday_timetable' retrieved from /Users/parth/Desktop/Engine/venv/lib/python3.11/site-packages/airflow/example_dags/example_workday_timetable.py
[2025-07-19T16:02:22.560+0530] {logging_mixin.py:190} INFO - [2025-07-19T16:02:22.559+0530] {dag.py:3239} INFO - Sync 1 DAGs
[2025-07-19T16:02:22.605+0530] {logging_mixin.py:190} INFO - [2025-07-19T16:02:22.604+0530] {dag.py:4180} INFO - Setting next_dagrun for example_workday_timetable to 2021-01-04 00:00:00+00:00, run_after=2021-01-05 00:00:00+00:00
[2025-07-19T16:02:22.620+0530] {processor.py:208} INFO - Processing /Users/parth/Desktop/Engine/venv/lib/python3.11/site-packages/airflow/example_dags/example_workday_timetable.py took 0.793 seconds
[2025-07-19T16:06:07.492+0530] {processor.py:186} INFO - Started process (PID=12339) to work on /Users/parth/Desktop/Engine/venv/lib/python3.11/site-packages/airflow/example_dags/example_workday_timetable.py
[2025-07-19T16:06:07.494+0530] {processor.py:914} INFO - Processing file /Users/parth/Desktop/Engine/venv/lib/python3.11/site-packages/airflow/example_dags/example_workday_timetable.py for tasks to queue
[2025-07-19T16:06:07.494+0530] {logging_mixin.py:190} INFO - [2025-07-19T16:06:07.494+0530] {dagbag.py:588} INFO - Filling up the DagBag from /Users/parth/Desktop/Engine/venv/lib/python3.11/site-packages/airflow/example_dags/example_workday_timetable.py
[2025-07-19T16:06:07.962+0530] {processor.py:925} INFO - DAG(s) 'example_workday_timetable' retrieved from /Users/parth/Desktop/Engine/venv/lib/python3.11/site-packages/airflow/example_dags/example_workday_timetable.py
[2025-07-19T16:06:08.038+0530] {logging_mixin.py:190} INFO - [2025-07-19T16:06:08.038+0530] {dag.py:3239} INFO - Sync 1 DAGs
[2025-07-19T16:06:08.078+0530] {logging_mixin.py:190} INFO - [2025-07-19T16:06:08.078+0530] {dag.py:4180} INFO - Setting next_dagrun for example_workday_timetable to 2021-01-04 00:00:00+00:00, run_after=2021-01-05 00:00:00+00:00
[2025-07-19T16:06:08.091+0530] {processor.py:208} INFO - Processing /Users/parth/Desktop/Engine/venv/lib/python3.11/site-packages/airflow/example_dags/example_workday_timetable.py took 0.600 seconds
[2025-07-19T16:08:22.925+0530] {processor.py:186} INFO - Started process (PID=13258) to work on /Users/parth/Desktop/Engine/venv/lib/python3.11/site-packages/airflow/example_dags/example_workday_timetable.py
[2025-07-19T16:08:22.925+0530] {processor.py:914} INFO - Processing file /Users/parth/Desktop/Engine/venv/lib/python3.11/site-packages/airflow/example_dags/example_workday_timetable.py for tasks to queue
[2025-07-19T16:08:22.926+0530] {logging_mixin.py:190} INFO - [2025-07-19T16:08:22.926+0530] {dagbag.py:588} INFO - Filling up the DagBag from /Users/parth/Desktop/Engine/venv/lib/python3.11/site-packages/airflow/example_dags/example_workday_timetable.py
[2025-07-19T16:08:23.486+0530] {processor.py:925} INFO - DAG(s) 'example_workday_timetable' retrieved from /Users/parth/Desktop/Engine/venv/lib/python3.11/site-packages/airflow/example_dags/example_workday_timetable.py
[2025-07-19T16:08:23.561+0530] {logging_mixin.py:190} INFO - [2025-07-19T16:08:23.561+0530] {dag.py:3239} INFO - Sync 1 DAGs
[2025-07-19T16:08:23.599+0530] {logging_mixin.py:190} INFO - [2025-07-19T16:08:23.599+0530] {dag.py:4180} INFO - Setting next_dagrun for example_workday_timetable to 2021-01-04 00:00:00+00:00, run_after=2021-01-05 00:00:00+00:00
[2025-07-19T16:08:23.611+0530] {processor.py:208} INFO - Processing /Users/parth/Desktop/Engine/venv/lib/python3.11/site-packages/airflow/example_dags/example_workday_timetable.py took 0.689 seconds
[2025-07-19T16:10:09.332+0530] {processor.py:186} INFO - Started process (PID=13982) to work on /Users/parth/Desktop/Engine/venv/lib/python3.11/site-packages/airflow/example_dags/example_workday_timetable.py
[2025-07-19T16:10:09.333+0530] {processor.py:914} INFO - Processing file /Users/parth/Desktop/Engine/venv/lib/python3.11/site-packages/airflow/example_dags/example_workday_timetable.py for tasks to queue
[2025-07-19T16:10:09.334+0530] {logging_mixin.py:190} INFO - [2025-07-19T16:10:09.334+0530] {dagbag.py:588} INFO - Filling up the DagBag from /Users/parth/Desktop/Engine/venv/lib/python3.11/site-packages/airflow/example_dags/example_workday_timetable.py
[2025-07-19T16:10:09.955+0530] {processor.py:925} INFO - DAG(s) 'example_workday_timetable' retrieved from /Users/parth/Desktop/Engine/venv/lib/python3.11/site-packages/airflow/example_dags/example_workday_timetable.py
[2025-07-19T16:10:10.035+0530] {logging_mixin.py:190} INFO - [2025-07-19T16:10:10.034+0530] {dag.py:3239} INFO - Sync 1 DAGs
[2025-07-19T16:10:10.068+0530] {logging_mixin.py:190} INFO - [2025-07-19T16:10:10.068+0530] {dag.py:4180} INFO - Setting next_dagrun for example_workday_timetable to 2021-01-04 00:00:00+00:00, run_after=2021-01-05 00:00:00+00:00
[2025-07-19T16:10:10.082+0530] {processor.py:208} INFO - Processing /Users/parth/Desktop/Engine/venv/lib/python3.11/site-packages/airflow/example_dags/example_workday_timetable.py took 0.753 seconds
