[2025-07-23T09:48:41.747+0000] {local_task_job_runner.py:123} INFO - ::group::Pre task execution logs
[2025-07-23T09:48:41.767+0000] {taskinstance.py:2631} INFO - Dependencies all met for dep_context=non-requeueable deps ti=<TaskInstance: startup_health_score_full_pipeline.extract_raw_text_from_document streamlit_trigger_ConnectIn_-_Monthly_Investor_Update__June_2025.pdf_20250723094836 [queued]>
[2025-07-23T09:48:41.775+0000] {taskinstance.py:2631} INFO - Dependencies all met for dep_context=requeueable deps ti=<TaskInstance: startup_health_score_full_pipeline.extract_raw_text_from_document streamlit_trigger_ConnectIn_-_Monthly_Investor_Update__June_2025.pdf_20250723094836 [queued]>
[2025-07-23T09:48:41.775+0000] {taskinstance.py:2884} INFO - Starting attempt 1 of 2
[2025-07-23T09:48:41.785+0000] {taskinstance.py:2907} INFO - Executing <Task(PythonOperator): extract_raw_text_from_document> on 2025-07-23 09:48:37.094516+00:00
[2025-07-23T09:48:41.797+0000] {warnings.py:112} WARNING - /home/***/.local/lib/python3.12/site-packages/***/task/task_runner/standard_task_runner.py:70: DeprecationWarning: This process (pid=89) is multi-threaded, use of fork() may lead to deadlocks in the child.
  pid = os.fork()

[2025-07-23T09:48:41.800+0000] {standard_task_runner.py:72} INFO - Started process 91 to run task
[2025-07-23T09:48:41.801+0000] {standard_task_runner.py:104} INFO - Running: ['***', 'tasks', 'run', 'startup_health_score_full_pipeline', 'extract_raw_text_from_document', 'streamlit_trigger_ConnectIn_-_Monthly_Investor_Update__June_2025.pdf_20250723094836', '--job-id', '11', '--raw', '--subdir', 'DAGS_FOLDER/startup_health_score_dag.py', '--cfg-path', '/tmp/tmph0md8f76']
[2025-07-23T09:48:41.805+0000] {standard_task_runner.py:105} INFO - Job 11: Subtask extract_raw_text_from_document
[2025-07-23T09:48:41.855+0000] {task_command.py:467} INFO - Running <TaskInstance: startup_health_score_full_pipeline.extract_raw_text_from_document streamlit_trigger_ConnectIn_-_Monthly_Investor_Update__June_2025.pdf_20250723094836 [running]> on host 2c1ee8bbb8c2
[2025-07-23T09:48:41.924+0000] {taskinstance.py:3157} INFO - Exporting env vars: AIRFLOW_CTX_DAG_OWNER='***' AIRFLOW_CTX_DAG_ID='startup_health_score_full_pipeline' AIRFLOW_CTX_TASK_ID='extract_raw_text_from_document' AIRFLOW_CTX_EXECUTION_DATE='2025-07-23T09:48:37.094516+00:00' AIRFLOW_CTX_TRY_NUMBER='1' AIRFLOW_CTX_DAG_RUN_ID='streamlit_trigger_ConnectIn_-_Monthly_Investor_Update__June_2025.pdf_20250723094836'
[2025-07-23T09:48:41.925+0000] {taskinstance.py:740} INFO - ::endgroup::
[2025-07-23T09:48:41.944+0000] {log.py:232} WARNING - 2025-07-23 09:48:41,944 - startup_health_score - INFO - Extracting raw text from /opt/***/uploads/ConnectIn - Monthly Investor Update_ June 2025.pdf...
[2025-07-23T09:48:41.944+0000] {startup_health_score_dag.py:93} INFO - Extracting raw text from /opt/***/uploads/ConnectIn - Monthly Investor Update_ June 2025.pdf...
[2025-07-23T09:48:41.964+0000] {log.py:232} WARNING - 2025-07-23 09:48:41,964 - startup_health_score - INFO - Tesseract OCR engine found (version: 5.3.0).
[2025-07-23T09:48:41.964+0000] {kpi_extractor.py:49} INFO - Tesseract OCR engine found (version: 5.3.0).
[2025-07-23T09:48:41.965+0000] {log.py:232} WARNING - 2025-07-23 09:48:41,965 - startup_health_score - INFO - KPIExtractor initialized.
[2025-07-23T09:48:41.965+0000] {kpi_extractor.py:53} INFO - KPIExtractor initialized.
[2025-07-23T09:48:41.965+0000] {log.py:232} WARNING - 2025-07-23 09:48:41,965 - startup_health_score - INFO - Attempting to extract raw text from: /opt/***/uploads/ConnectIn - Monthly Investor Update_ June 2025.pdf (Type: .pdf)
[2025-07-23T09:48:41.965+0000] {kpi_extractor.py:130} INFO - Attempting to extract raw text from: /opt/***/uploads/ConnectIn - Monthly Investor Update_ June 2025.pdf (Type: .pdf)
[2025-07-23T09:48:42.541+0000] {log.py:232} WARNING - 2025-07-23 09:48:42,541 - startup_health_score - INFO - Successfully extracted text directly from PDF: /opt/***/uploads/ConnectIn - Monthly Investor Update_ June 2025.pdf
[2025-07-23T09:48:42.541+0000] {kpi_extractor.py:104} INFO - Successfully extracted text directly from PDF: /opt/***/uploads/ConnectIn - Monthly Investor Update_ June 2025.pdf
[2025-07-23T09:48:42.542+0000] {log.py:232} WARNING - 2025-07-23 09:48:42,542 - startup_health_score - INFO - Successfully extracted raw text from /opt/***/uploads/ConnectIn - Monthly Investor Update_ June 2025.pdf.
[2025-07-23T09:48:42.542+0000] {kpi_extractor.py:155} INFO - Successfully extracted raw text from /opt/***/uploads/ConnectIn - Monthly Investor Update_ June 2025.pdf.
[2025-07-23T09:48:42.543+0000] {log.py:232} WARNING - 2025-07-23 09:48:42,543 - startup_health_score - INFO - Extracted raw text saved to /opt/***/processed_data/ConnectIn - Monthly Investor Update_ June 2025_pdf_extracted_text.txt
[2025-07-23T09:48:42.543+0000] {startup_health_score_dag.py:104} INFO - Extracted raw text saved to /opt/***/processed_data/ConnectIn - Monthly Investor Update_ June 2025_pdf_extracted_text.txt
[2025-07-23T09:48:42.554+0000] {python.py:240} INFO - Done. Returned value was: None
[2025-07-23T09:48:42.562+0000] {taskinstance.py:349} INFO - ::group::Post task execution logs
[2025-07-23T09:48:42.562+0000] {taskinstance.py:361} INFO - Marking task as SUCCESS. dag_id=startup_health_score_full_pipeline, task_id=extract_raw_text_from_document, run_id=streamlit_trigger_ConnectIn_-_Monthly_Investor_Update__June_2025.pdf_20250723094836, execution_date=20250723T094837, start_date=20250723T094841, end_date=20250723T094842
[2025-07-23T09:48:42.601+0000] {local_task_job_runner.py:266} INFO - Task exited with return code 0
[2025-07-23T09:48:42.609+0000] {local_task_job_runner.py:245} INFO - ::endgroup::
