[2025-07-19T15:39:51.604+0530] {processor.py:186} INFO - Started process (PID=1444) to work on /Users/parth/Desktop/Engine/venv/lib/python3.11/site-packages/airflow/example_dags/subdags/subdag.py
[2025-07-19T15:39:51.604+0530] {processor.py:914} INFO - Processing file /Users/parth/Desktop/Engine/venv/lib/python3.11/site-packages/airflow/example_dags/subdags/subdag.py for tasks to queue
[2025-07-19T15:39:51.604+0530] {logging_mixin.py:190} INFO - [2025-07-19T15:39:51.604+0530] {dagbag.py:588} INFO - Filling up the DagBag from /Users/parth/Desktop/Engine/venv/lib/python3.11/site-packages/airflow/example_dags/subdags/subdag.py
[2025-07-19T15:39:51.605+0530] {processor.py:927} WARNING - No viable dags retrieved from /Users/parth/Desktop/Engine/venv/lib/python3.11/site-packages/airflow/example_dags/subdags/subdag.py
[2025-07-19T15:39:51.644+0530] {processor.py:208} INFO - Processing /Users/parth/Desktop/Engine/venv/lib/python3.11/site-packages/airflow/example_dags/subdags/subdag.py took 0.042 seconds
[2025-07-19T15:41:56.594+0530] {processor.py:186} INFO - Started process (PID=2364) to work on /Users/parth/Desktop/Engine/venv/lib/python3.11/site-packages/airflow/example_dags/subdags/subdag.py
[2025-07-19T15:41:56.595+0530] {processor.py:914} INFO - Processing file /Users/parth/Desktop/Engine/venv/lib/python3.11/site-packages/airflow/example_dags/subdags/subdag.py for tasks to queue
[2025-07-19T15:41:56.596+0530] {logging_mixin.py:190} INFO - [2025-07-19T15:41:56.595+0530] {dagbag.py:588} INFO - Filling up the DagBag from /Users/parth/Desktop/Engine/venv/lib/python3.11/site-packages/airflow/example_dags/subdags/subdag.py
[2025-07-19T15:41:56.597+0530] {processor.py:927} WARNING - No viable dags retrieved from /Users/parth/Desktop/Engine/venv/lib/python3.11/site-packages/airflow/example_dags/subdags/subdag.py
[2025-07-19T15:41:56.634+0530] {processor.py:208} INFO - Processing /Users/parth/Desktop/Engine/venv/lib/python3.11/site-packages/airflow/example_dags/subdags/subdag.py took 0.042 seconds
[2025-07-19T15:43:33.228+0530] {processor.py:186} INFO - Started process (PID=3019) to work on /Users/parth/Desktop/Engine/venv/lib/python3.11/site-packages/airflow/example_dags/subdags/subdag.py
[2025-07-19T15:43:33.229+0530] {processor.py:914} INFO - Processing file /Users/parth/Desktop/Engine/venv/lib/python3.11/site-packages/airflow/example_dags/subdags/subdag.py for tasks to queue
[2025-07-19T15:43:33.230+0530] {logging_mixin.py:190} INFO - [2025-07-19T15:43:33.230+0530] {dagbag.py:588} INFO - Filling up the DagBag from /Users/parth/Desktop/Engine/venv/lib/python3.11/site-packages/airflow/example_dags/subdags/subdag.py
[2025-07-19T15:43:33.233+0530] {processor.py:927} WARNING - No viable dags retrieved from /Users/parth/Desktop/Engine/venv/lib/python3.11/site-packages/airflow/example_dags/subdags/subdag.py
[2025-07-19T15:43:33.293+0530] {processor.py:208} INFO - Processing /Users/parth/Desktop/Engine/venv/lib/python3.11/site-packages/airflow/example_dags/subdags/subdag.py took 0.070 seconds
[2025-07-19T15:45:11.633+0530] {processor.py:186} INFO - Started process (PID=3674) to work on /Users/parth/Desktop/Engine/venv/lib/python3.11/site-packages/airflow/example_dags/subdags/subdag.py
[2025-07-19T15:45:11.634+0530] {processor.py:914} INFO - Processing file /Users/parth/Desktop/Engine/venv/lib/python3.11/site-packages/airflow/example_dags/subdags/subdag.py for tasks to queue
[2025-07-19T15:45:11.636+0530] {logging_mixin.py:190} INFO - [2025-07-19T15:45:11.636+0530] {dagbag.py:588} INFO - Filling up the DagBag from /Users/parth/Desktop/Engine/venv/lib/python3.11/site-packages/airflow/example_dags/subdags/subdag.py
[2025-07-19T15:45:11.641+0530] {processor.py:927} WARNING - No viable dags retrieved from /Users/parth/Desktop/Engine/venv/lib/python3.11/site-packages/airflow/example_dags/subdags/subdag.py
[2025-07-19T15:45:11.701+0530] {processor.py:208} INFO - Processing /Users/parth/Desktop/Engine/venv/lib/python3.11/site-packages/airflow/example_dags/subdags/subdag.py took 0.072 seconds
[2025-07-19T15:46:52.828+0530] {processor.py:186} INFO - Started process (PID=4341) to work on /Users/parth/Desktop/Engine/venv/lib/python3.11/site-packages/airflow/example_dags/subdags/subdag.py
[2025-07-19T15:46:52.829+0530] {processor.py:914} INFO - Processing file /Users/parth/Desktop/Engine/venv/lib/python3.11/site-packages/airflow/example_dags/subdags/subdag.py for tasks to queue
[2025-07-19T15:46:52.829+0530] {logging_mixin.py:190} INFO - [2025-07-19T15:46:52.829+0530] {dagbag.py:588} INFO - Filling up the DagBag from /Users/parth/Desktop/Engine/venv/lib/python3.11/site-packages/airflow/example_dags/subdags/subdag.py
[2025-07-19T15:46:52.830+0530] {processor.py:927} WARNING - No viable dags retrieved from /Users/parth/Desktop/Engine/venv/lib/python3.11/site-packages/airflow/example_dags/subdags/subdag.py
[2025-07-19T15:46:52.874+0530] {processor.py:208} INFO - Processing /Users/parth/Desktop/Engine/venv/lib/python3.11/site-packages/airflow/example_dags/subdags/subdag.py took 0.048 seconds
[2025-07-19T15:48:20.405+0530] {processor.py:186} INFO - Started process (PID=4916) to work on /Users/parth/Desktop/Engine/venv/lib/python3.11/site-packages/airflow/example_dags/subdags/subdag.py
[2025-07-19T15:48:20.406+0530] {processor.py:914} INFO - Processing file /Users/parth/Desktop/Engine/venv/lib/python3.11/site-packages/airflow/example_dags/subdags/subdag.py for tasks to queue
[2025-07-19T15:48:20.406+0530] {logging_mixin.py:190} INFO - [2025-07-19T15:48:20.406+0530] {dagbag.py:588} INFO - Filling up the DagBag from /Users/parth/Desktop/Engine/venv/lib/python3.11/site-packages/airflow/example_dags/subdags/subdag.py
[2025-07-19T15:48:20.407+0530] {processor.py:927} WARNING - No viable dags retrieved from /Users/parth/Desktop/Engine/venv/lib/python3.11/site-packages/airflow/example_dags/subdags/subdag.py
[2025-07-19T15:48:20.444+0530] {processor.py:208} INFO - Processing /Users/parth/Desktop/Engine/venv/lib/python3.11/site-packages/airflow/example_dags/subdags/subdag.py took 0.042 seconds
[2025-07-19T15:49:49.622+0530] {processor.py:186} INFO - Started process (PID=5514) to work on /Users/parth/Desktop/Engine/venv/lib/python3.11/site-packages/airflow/example_dags/subdags/subdag.py
[2025-07-19T15:49:49.622+0530] {processor.py:914} INFO - Processing file /Users/parth/Desktop/Engine/venv/lib/python3.11/site-packages/airflow/example_dags/subdags/subdag.py for tasks to queue
[2025-07-19T15:49:49.623+0530] {logging_mixin.py:190} INFO - [2025-07-19T15:49:49.623+0530] {dagbag.py:588} INFO - Filling up the DagBag from /Users/parth/Desktop/Engine/venv/lib/python3.11/site-packages/airflow/example_dags/subdags/subdag.py
[2025-07-19T15:49:49.624+0530] {processor.py:927} WARNING - No viable dags retrieved from /Users/parth/Desktop/Engine/venv/lib/python3.11/site-packages/airflow/example_dags/subdags/subdag.py
[2025-07-19T15:49:49.667+0530] {processor.py:208} INFO - Processing /Users/parth/Desktop/Engine/venv/lib/python3.11/site-packages/airflow/example_dags/subdags/subdag.py took 0.047 seconds
[2025-07-19T15:51:25.577+0530] {processor.py:186} INFO - Started process (PID=6165) to work on /Users/parth/Desktop/Engine/venv/lib/python3.11/site-packages/airflow/example_dags/subdags/subdag.py
[2025-07-19T15:51:25.578+0530] {processor.py:914} INFO - Processing file /Users/parth/Desktop/Engine/venv/lib/python3.11/site-packages/airflow/example_dags/subdags/subdag.py for tasks to queue
[2025-07-19T15:51:25.579+0530] {logging_mixin.py:190} INFO - [2025-07-19T15:51:25.579+0530] {dagbag.py:588} INFO - Filling up the DagBag from /Users/parth/Desktop/Engine/venv/lib/python3.11/site-packages/airflow/example_dags/subdags/subdag.py
[2025-07-19T15:51:25.580+0530] {processor.py:927} WARNING - No viable dags retrieved from /Users/parth/Desktop/Engine/venv/lib/python3.11/site-packages/airflow/example_dags/subdags/subdag.py
[2025-07-19T15:51:25.627+0530] {processor.py:208} INFO - Processing /Users/parth/Desktop/Engine/venv/lib/python3.11/site-packages/airflow/example_dags/subdags/subdag.py took 0.052 seconds
[2025-07-19T15:53:09.163+0530] {processor.py:186} INFO - Started process (PID=6870) to work on /Users/parth/Desktop/Engine/venv/lib/python3.11/site-packages/airflow/example_dags/subdags/subdag.py
[2025-07-19T15:53:09.163+0530] {processor.py:914} INFO - Processing file /Users/parth/Desktop/Engine/venv/lib/python3.11/site-packages/airflow/example_dags/subdags/subdag.py for tasks to queue
[2025-07-19T15:53:09.164+0530] {logging_mixin.py:190} INFO - [2025-07-19T15:53:09.164+0530] {dagbag.py:588} INFO - Filling up the DagBag from /Users/parth/Desktop/Engine/venv/lib/python3.11/site-packages/airflow/example_dags/subdags/subdag.py
[2025-07-19T15:53:09.165+0530] {processor.py:927} WARNING - No viable dags retrieved from /Users/parth/Desktop/Engine/venv/lib/python3.11/site-packages/airflow/example_dags/subdags/subdag.py
[2025-07-19T15:53:09.210+0530] {processor.py:208} INFO - Processing /Users/parth/Desktop/Engine/venv/lib/python3.11/site-packages/airflow/example_dags/subdags/subdag.py took 0.050 seconds
[2025-07-19T15:55:07.207+0530] {processor.py:186} INFO - Started process (PID=7696) to work on /Users/parth/Desktop/Engine/venv/lib/python3.11/site-packages/airflow/example_dags/subdags/subdag.py
[2025-07-19T15:55:07.208+0530] {processor.py:914} INFO - Processing file /Users/parth/Desktop/Engine/venv/lib/python3.11/site-packages/airflow/example_dags/subdags/subdag.py for tasks to queue
[2025-07-19T15:55:07.209+0530] {logging_mixin.py:190} INFO - [2025-07-19T15:55:07.209+0530] {dagbag.py:588} INFO - Filling up the DagBag from /Users/parth/Desktop/Engine/venv/lib/python3.11/site-packages/airflow/example_dags/subdags/subdag.py
[2025-07-19T15:55:07.211+0530] {processor.py:927} WARNING - No viable dags retrieved from /Users/parth/Desktop/Engine/venv/lib/python3.11/site-packages/airflow/example_dags/subdags/subdag.py
[2025-07-19T15:55:07.279+0530] {processor.py:208} INFO - Processing /Users/parth/Desktop/Engine/venv/lib/python3.11/site-packages/airflow/example_dags/subdags/subdag.py took 0.075 seconds
[2025-07-19T15:56:05.597+0530] {processor.py:186} INFO - Started process (PID=8277) to work on /Users/parth/Desktop/Engine/venv/lib/python3.11/site-packages/airflow/example_dags/subdags/subdag.py
[2025-07-19T15:56:05.599+0530] {processor.py:914} INFO - Processing file /Users/parth/Desktop/Engine/venv/lib/python3.11/site-packages/airflow/example_dags/subdags/subdag.py for tasks to queue
[2025-07-19T15:56:05.600+0530] {logging_mixin.py:190} INFO - [2025-07-19T15:56:05.600+0530] {dagbag.py:588} INFO - Filling up the DagBag from /Users/parth/Desktop/Engine/venv/lib/python3.11/site-packages/airflow/example_dags/subdags/subdag.py
[2025-07-19T15:56:05.601+0530] {processor.py:927} WARNING - No viable dags retrieved from /Users/parth/Desktop/Engine/venv/lib/python3.11/site-packages/airflow/example_dags/subdags/subdag.py
[2025-07-19T15:56:05.662+0530] {processor.py:208} INFO - Processing /Users/parth/Desktop/Engine/venv/lib/python3.11/site-packages/airflow/example_dags/subdags/subdag.py took 0.070 seconds
[2025-07-19T15:58:19.928+0530] {processor.py:186} INFO - Started process (PID=9172) to work on /Users/parth/Desktop/Engine/venv/lib/python3.11/site-packages/airflow/example_dags/subdags/subdag.py
[2025-07-19T15:58:19.929+0530] {processor.py:914} INFO - Processing file /Users/parth/Desktop/Engine/venv/lib/python3.11/site-packages/airflow/example_dags/subdags/subdag.py for tasks to queue
[2025-07-19T15:58:19.929+0530] {logging_mixin.py:190} INFO - [2025-07-19T15:58:19.929+0530] {dagbag.py:588} INFO - Filling up the DagBag from /Users/parth/Desktop/Engine/venv/lib/python3.11/site-packages/airflow/example_dags/subdags/subdag.py
[2025-07-19T15:58:19.931+0530] {processor.py:927} WARNING - No viable dags retrieved from /Users/parth/Desktop/Engine/venv/lib/python3.11/site-packages/airflow/example_dags/subdags/subdag.py
[2025-07-19T15:58:19.980+0530] {processor.py:208} INFO - Processing /Users/parth/Desktop/Engine/venv/lib/python3.11/site-packages/airflow/example_dags/subdags/subdag.py took 0.054 seconds
[2025-07-19T16:00:03.857+0530] {processor.py:186} INFO - Started process (PID=9853) to work on /Users/parth/Desktop/Engine/venv/lib/python3.11/site-packages/airflow/example_dags/subdags/subdag.py
[2025-07-19T16:00:03.857+0530] {processor.py:914} INFO - Processing file /Users/parth/Desktop/Engine/venv/lib/python3.11/site-packages/airflow/example_dags/subdags/subdag.py for tasks to queue
[2025-07-19T16:00:03.858+0530] {logging_mixin.py:190} INFO - [2025-07-19T16:00:03.858+0530] {dagbag.py:588} INFO - Filling up the DagBag from /Users/parth/Desktop/Engine/venv/lib/python3.11/site-packages/airflow/example_dags/subdags/subdag.py
[2025-07-19T16:00:03.859+0530] {processor.py:927} WARNING - No viable dags retrieved from /Users/parth/Desktop/Engine/venv/lib/python3.11/site-packages/airflow/example_dags/subdags/subdag.py
[2025-07-19T16:00:03.909+0530] {processor.py:208} INFO - Processing /Users/parth/Desktop/Engine/venv/lib/python3.11/site-packages/airflow/example_dags/subdags/subdag.py took 0.054 seconds
[2025-07-19T16:01:52.031+0530] {processor.py:186} INFO - Started process (PID=10576) to work on /Users/parth/Desktop/Engine/venv/lib/python3.11/site-packages/airflow/example_dags/subdags/subdag.py
[2025-07-19T16:01:52.032+0530] {processor.py:914} INFO - Processing file /Users/parth/Desktop/Engine/venv/lib/python3.11/site-packages/airflow/example_dags/subdags/subdag.py for tasks to queue
[2025-07-19T16:01:52.033+0530] {logging_mixin.py:190} INFO - [2025-07-19T16:01:52.033+0530] {dagbag.py:588} INFO - Filling up the DagBag from /Users/parth/Desktop/Engine/venv/lib/python3.11/site-packages/airflow/example_dags/subdags/subdag.py
[2025-07-19T16:01:52.034+0530] {processor.py:927} WARNING - No viable dags retrieved from /Users/parth/Desktop/Engine/venv/lib/python3.11/site-packages/airflow/example_dags/subdags/subdag.py
[2025-07-19T16:01:52.085+0530] {processor.py:208} INFO - Processing /Users/parth/Desktop/Engine/venv/lib/python3.11/site-packages/airflow/example_dags/subdags/subdag.py took 0.056 seconds
[2025-07-19T16:05:39.812+0530] {processor.py:186} INFO - Started process (PID=12130) to work on /Users/parth/Desktop/Engine/venv/lib/python3.11/site-packages/airflow/example_dags/subdags/subdag.py
[2025-07-19T16:05:39.812+0530] {processor.py:914} INFO - Processing file /Users/parth/Desktop/Engine/venv/lib/python3.11/site-packages/airflow/example_dags/subdags/subdag.py for tasks to queue
[2025-07-19T16:05:39.813+0530] {logging_mixin.py:190} INFO - [2025-07-19T16:05:39.813+0530] {dagbag.py:588} INFO - Filling up the DagBag from /Users/parth/Desktop/Engine/venv/lib/python3.11/site-packages/airflow/example_dags/subdags/subdag.py
[2025-07-19T16:05:39.814+0530] {processor.py:927} WARNING - No viable dags retrieved from /Users/parth/Desktop/Engine/venv/lib/python3.11/site-packages/airflow/example_dags/subdags/subdag.py
[2025-07-19T16:05:39.863+0530] {processor.py:208} INFO - Processing /Users/parth/Desktop/Engine/venv/lib/python3.11/site-packages/airflow/example_dags/subdags/subdag.py took 0.054 seconds
[2025-07-19T16:07:55.946+0530] {processor.py:186} INFO - Started process (PID=13077) to work on /Users/parth/Desktop/Engine/venv/lib/python3.11/site-packages/airflow/example_dags/subdags/subdag.py
[2025-07-19T16:07:55.946+0530] {processor.py:914} INFO - Processing file /Users/parth/Desktop/Engine/venv/lib/python3.11/site-packages/airflow/example_dags/subdags/subdag.py for tasks to queue
[2025-07-19T16:07:55.947+0530] {logging_mixin.py:190} INFO - [2025-07-19T16:07:55.947+0530] {dagbag.py:588} INFO - Filling up the DagBag from /Users/parth/Desktop/Engine/venv/lib/python3.11/site-packages/airflow/example_dags/subdags/subdag.py
[2025-07-19T16:07:55.948+0530] {processor.py:927} WARNING - No viable dags retrieved from /Users/parth/Desktop/Engine/venv/lib/python3.11/site-packages/airflow/example_dags/subdags/subdag.py
[2025-07-19T16:07:55.998+0530] {processor.py:208} INFO - Processing /Users/parth/Desktop/Engine/venv/lib/python3.11/site-packages/airflow/example_dags/subdags/subdag.py took 0.054 seconds
[2025-07-19T16:09:37.782+0530] {processor.py:186} INFO - Started process (PID=13765) to work on /Users/parth/Desktop/Engine/venv/lib/python3.11/site-packages/airflow/example_dags/subdags/subdag.py
[2025-07-19T16:09:37.783+0530] {processor.py:914} INFO - Processing file /Users/parth/Desktop/Engine/venv/lib/python3.11/site-packages/airflow/example_dags/subdags/subdag.py for tasks to queue
[2025-07-19T16:09:37.784+0530] {logging_mixin.py:190} INFO - [2025-07-19T16:09:37.784+0530] {dagbag.py:588} INFO - Filling up the DagBag from /Users/parth/Desktop/Engine/venv/lib/python3.11/site-packages/airflow/example_dags/subdags/subdag.py
[2025-07-19T16:09:37.785+0530] {processor.py:927} WARNING - No viable dags retrieved from /Users/parth/Desktop/Engine/venv/lib/python3.11/site-packages/airflow/example_dags/subdags/subdag.py
[2025-07-19T16:09:37.844+0530] {processor.py:208} INFO - Processing /Users/parth/Desktop/Engine/venv/lib/python3.11/site-packages/airflow/example_dags/subdags/subdag.py took 0.064 seconds
[2025-07-19T16:11:35.067+0530] {processor.py:186} INFO - Started process (PID=14541) to work on /Users/parth/Desktop/Engine/venv/lib/python3.11/site-packages/airflow/example_dags/subdags/subdag.py
[2025-07-19T16:11:35.068+0530] {processor.py:914} INFO - Processing file /Users/parth/Desktop/Engine/venv/lib/python3.11/site-packages/airflow/example_dags/subdags/subdag.py for tasks to queue
[2025-07-19T16:11:35.069+0530] {logging_mixin.py:190} INFO - [2025-07-19T16:11:35.068+0530] {dagbag.py:588} INFO - Filling up the DagBag from /Users/parth/Desktop/Engine/venv/lib/python3.11/site-packages/airflow/example_dags/subdags/subdag.py
[2025-07-19T16:11:35.070+0530] {processor.py:927} WARNING - No viable dags retrieved from /Users/parth/Desktop/Engine/venv/lib/python3.11/site-packages/airflow/example_dags/subdags/subdag.py
[2025-07-19T16:11:35.119+0530] {processor.py:208} INFO - Processing /Users/parth/Desktop/Engine/venv/lib/python3.11/site-packages/airflow/example_dags/subdags/subdag.py took 0.054 seconds
