[2025-07-16T21:04:45.942+0530] {processor.py:186} INFO - Started process (PID=85122) to work on /Users/parth/Desktop/Engine/venv/lib/python3.11/site-packages/airflow/example_dags/plugins/listener_plugin.py
[2025-07-16T21:04:45.942+0530] {processor.py:914} INFO - Processing file /Users/parth/Desktop/Engine/venv/lib/python3.11/site-packages/airflow/example_dags/plugins/listener_plugin.py for tasks to queue
[2025-07-16T21:04:45.943+0530] {logging_mixin.py:190} INFO - [2025-07-16T21:04:45.943+0530] {dagbag.py:588} INFO - Filling up the DagBag from /Users/parth/Desktop/Engine/venv/lib/python3.11/site-packages/airflow/example_dags/plugins/listener_plugin.py
[2025-07-16T21:04:45.944+0530] {processor.py:927} WARNING - No viable dags retrieved from /Users/parth/Desktop/Engine/venv/lib/python3.11/site-packages/airflow/example_dags/plugins/listener_plugin.py
[2025-07-16T21:04:45.989+0530] {processor.py:208} INFO - Processing /Users/parth/Desktop/Engine/venv/lib/python3.11/site-packages/airflow/example_dags/plugins/listener_plugin.py took 0.050 seconds
[2025-07-17T00:11:06.200+0530] {processor.py:186} INFO - Started process (PID=7009) to work on /Users/parth/Desktop/Engine/venv/lib/python3.11/site-packages/airflow/example_dags/plugins/listener_plugin.py
[2025-07-17T00:11:06.201+0530] {processor.py:914} INFO - Processing file /Users/parth/Desktop/Engine/venv/lib/python3.11/site-packages/airflow/example_dags/plugins/listener_plugin.py for tasks to queue
[2025-07-17T00:11:06.201+0530] {logging_mixin.py:190} INFO - [2025-07-17T00:11:06.201+0530] {dagbag.py:588} INFO - Filling up the DagBag from /Users/parth/Desktop/Engine/venv/lib/python3.11/site-packages/airflow/example_dags/plugins/listener_plugin.py
[2025-07-17T00:11:06.203+0530] {processor.py:927} WARNING - No viable dags retrieved from /Users/parth/Desktop/Engine/venv/lib/python3.11/site-packages/airflow/example_dags/plugins/listener_plugin.py
[2025-07-17T00:11:06.260+0530] {processor.py:208} INFO - Processing /Users/parth/Desktop/Engine/venv/lib/python3.11/site-packages/airflow/example_dags/plugins/listener_plugin.py took 0.062 seconds
[2025-07-17T00:13:46.631+0530] {processor.py:186} INFO - Started process (PID=8588) to work on /Users/parth/Desktop/Engine/venv/lib/python3.11/site-packages/airflow/example_dags/plugins/listener_plugin.py
[2025-07-17T00:13:46.632+0530] {processor.py:914} INFO - Processing file /Users/parth/Desktop/Engine/venv/lib/python3.11/site-packages/airflow/example_dags/plugins/listener_plugin.py for tasks to queue
[2025-07-17T00:13:46.633+0530] {logging_mixin.py:190} INFO - [2025-07-17T00:13:46.633+0530] {dagbag.py:588} INFO - Filling up the DagBag from /Users/parth/Desktop/Engine/venv/lib/python3.11/site-packages/airflow/example_dags/plugins/listener_plugin.py
[2025-07-17T00:13:46.635+0530] {processor.py:927} WARNING - No viable dags retrieved from /Users/parth/Desktop/Engine/venv/lib/python3.11/site-packages/airflow/example_dags/plugins/listener_plugin.py
[2025-07-17T00:13:46.689+0530] {processor.py:208} INFO - Processing /Users/parth/Desktop/Engine/venv/lib/python3.11/site-packages/airflow/example_dags/plugins/listener_plugin.py took 0.061 seconds
[2025-07-17T00:15:57.635+0530] {processor.py:186} INFO - Started process (PID=9444) to work on /Users/parth/Desktop/Engine/venv/lib/python3.11/site-packages/airflow/example_dags/plugins/listener_plugin.py
[2025-07-17T00:15:57.637+0530] {processor.py:914} INFO - Processing file /Users/parth/Desktop/Engine/venv/lib/python3.11/site-packages/airflow/example_dags/plugins/listener_plugin.py for tasks to queue
[2025-07-17T00:15:57.638+0530] {logging_mixin.py:190} INFO - [2025-07-17T00:15:57.638+0530] {dagbag.py:588} INFO - Filling up the DagBag from /Users/parth/Desktop/Engine/venv/lib/python3.11/site-packages/airflow/example_dags/plugins/listener_plugin.py
[2025-07-17T00:15:57.640+0530] {processor.py:927} WARNING - No viable dags retrieved from /Users/parth/Desktop/Engine/venv/lib/python3.11/site-packages/airflow/example_dags/plugins/listener_plugin.py
[2025-07-17T00:15:57.724+0530] {processor.py:208} INFO - Processing /Users/parth/Desktop/Engine/venv/lib/python3.11/site-packages/airflow/example_dags/plugins/listener_plugin.py took 0.093 seconds
[2025-07-17T00:18:02.998+0530] {processor.py:186} INFO - Started process (PID=10280) to work on /Users/parth/Desktop/Engine/venv/lib/python3.11/site-packages/airflow/example_dags/plugins/listener_plugin.py
[2025-07-17T00:18:02.999+0530] {processor.py:914} INFO - Processing file /Users/parth/Desktop/Engine/venv/lib/python3.11/site-packages/airflow/example_dags/plugins/listener_plugin.py for tasks to queue
[2025-07-17T00:18:03.000+0530] {logging_mixin.py:190} INFO - [2025-07-17T00:18:03.000+0530] {dagbag.py:588} INFO - Filling up the DagBag from /Users/parth/Desktop/Engine/venv/lib/python3.11/site-packages/airflow/example_dags/plugins/listener_plugin.py
[2025-07-17T00:18:03.002+0530] {processor.py:927} WARNING - No viable dags retrieved from /Users/parth/Desktop/Engine/venv/lib/python3.11/site-packages/airflow/example_dags/plugins/listener_plugin.py
[2025-07-17T00:18:03.056+0530] {processor.py:208} INFO - Processing /Users/parth/Desktop/Engine/venv/lib/python3.11/site-packages/airflow/example_dags/plugins/listener_plugin.py took 0.061 seconds
[2025-07-17T00:21:04.430+0530] {processor.py:186} INFO - Started process (PID=11525) to work on /Users/parth/Desktop/Engine/venv/lib/python3.11/site-packages/airflow/example_dags/plugins/listener_plugin.py
[2025-07-17T00:21:04.431+0530] {processor.py:914} INFO - Processing file /Users/parth/Desktop/Engine/venv/lib/python3.11/site-packages/airflow/example_dags/plugins/listener_plugin.py for tasks to queue
[2025-07-17T00:21:04.432+0530] {logging_mixin.py:190} INFO - [2025-07-17T00:21:04.432+0530] {dagbag.py:588} INFO - Filling up the DagBag from /Users/parth/Desktop/Engine/venv/lib/python3.11/site-packages/airflow/example_dags/plugins/listener_plugin.py
[2025-07-17T00:21:04.433+0530] {processor.py:927} WARNING - No viable dags retrieved from /Users/parth/Desktop/Engine/venv/lib/python3.11/site-packages/airflow/example_dags/plugins/listener_plugin.py
[2025-07-17T00:21:04.496+0530] {processor.py:208} INFO - Processing /Users/parth/Desktop/Engine/venv/lib/python3.11/site-packages/airflow/example_dags/plugins/listener_plugin.py took 0.069 seconds
[2025-07-17T00:23:23.834+0530] {processor.py:186} INFO - Started process (PID=12565) to work on /Users/parth/Desktop/Engine/venv/lib/python3.11/site-packages/airflow/example_dags/plugins/listener_plugin.py
[2025-07-17T00:23:23.836+0530] {processor.py:914} INFO - Processing file /Users/parth/Desktop/Engine/venv/lib/python3.11/site-packages/airflow/example_dags/plugins/listener_plugin.py for tasks to queue
[2025-07-17T00:23:23.837+0530] {logging_mixin.py:190} INFO - [2025-07-17T00:23:23.836+0530] {dagbag.py:588} INFO - Filling up the DagBag from /Users/parth/Desktop/Engine/venv/lib/python3.11/site-packages/airflow/example_dags/plugins/listener_plugin.py
[2025-07-17T00:23:23.839+0530] {processor.py:927} WARNING - No viable dags retrieved from /Users/parth/Desktop/Engine/venv/lib/python3.11/site-packages/airflow/example_dags/plugins/listener_plugin.py
[2025-07-17T00:23:23.893+0530] {processor.py:208} INFO - Processing /Users/parth/Desktop/Engine/venv/lib/python3.11/site-packages/airflow/example_dags/plugins/listener_plugin.py took 0.061 seconds
[2025-07-17T00:25:23.892+0530] {processor.py:186} INFO - Started process (PID=13384) to work on /Users/parth/Desktop/Engine/venv/lib/python3.11/site-packages/airflow/example_dags/plugins/listener_plugin.py
[2025-07-17T00:25:23.893+0530] {processor.py:914} INFO - Processing file /Users/parth/Desktop/Engine/venv/lib/python3.11/site-packages/airflow/example_dags/plugins/listener_plugin.py for tasks to queue
[2025-07-17T00:25:23.894+0530] {logging_mixin.py:190} INFO - [2025-07-17T00:25:23.893+0530] {dagbag.py:588} INFO - Filling up the DagBag from /Users/parth/Desktop/Engine/venv/lib/python3.11/site-packages/airflow/example_dags/plugins/listener_plugin.py
[2025-07-17T00:25:23.896+0530] {processor.py:927} WARNING - No viable dags retrieved from /Users/parth/Desktop/Engine/venv/lib/python3.11/site-packages/airflow/example_dags/plugins/listener_plugin.py
[2025-07-17T00:25:23.952+0530] {processor.py:208} INFO - Processing /Users/parth/Desktop/Engine/venv/lib/python3.11/site-packages/airflow/example_dags/plugins/listener_plugin.py took 0.063 seconds
[2025-07-17T00:27:23.090+0530] {processor.py:186} INFO - Started process (PID=14193) to work on /Users/parth/Desktop/Engine/venv/lib/python3.11/site-packages/airflow/example_dags/plugins/listener_plugin.py
[2025-07-17T00:27:23.090+0530] {processor.py:914} INFO - Processing file /Users/parth/Desktop/Engine/venv/lib/python3.11/site-packages/airflow/example_dags/plugins/listener_plugin.py for tasks to queue
[2025-07-17T00:27:23.091+0530] {logging_mixin.py:190} INFO - [2025-07-17T00:27:23.091+0530] {dagbag.py:588} INFO - Filling up the DagBag from /Users/parth/Desktop/Engine/venv/lib/python3.11/site-packages/airflow/example_dags/plugins/listener_plugin.py
[2025-07-17T00:27:23.094+0530] {processor.py:927} WARNING - No viable dags retrieved from /Users/parth/Desktop/Engine/venv/lib/python3.11/site-packages/airflow/example_dags/plugins/listener_plugin.py
[2025-07-17T00:27:23.149+0530] {processor.py:208} INFO - Processing /Users/parth/Desktop/Engine/venv/lib/python3.11/site-packages/airflow/example_dags/plugins/listener_plugin.py took 0.062 seconds
[2025-07-17T00:29:25.442+0530] {processor.py:186} INFO - Started process (PID=14978) to work on /Users/parth/Desktop/Engine/venv/lib/python3.11/site-packages/airflow/example_dags/plugins/listener_plugin.py
[2025-07-17T00:29:25.443+0530] {processor.py:914} INFO - Processing file /Users/parth/Desktop/Engine/venv/lib/python3.11/site-packages/airflow/example_dags/plugins/listener_plugin.py for tasks to queue
[2025-07-17T00:29:25.444+0530] {logging_mixin.py:190} INFO - [2025-07-17T00:29:25.444+0530] {dagbag.py:588} INFO - Filling up the DagBag from /Users/parth/Desktop/Engine/venv/lib/python3.11/site-packages/airflow/example_dags/plugins/listener_plugin.py
[2025-07-17T00:29:25.446+0530] {processor.py:927} WARNING - No viable dags retrieved from /Users/parth/Desktop/Engine/venv/lib/python3.11/site-packages/airflow/example_dags/plugins/listener_plugin.py
[2025-07-17T00:29:25.501+0530] {processor.py:208} INFO - Processing /Users/parth/Desktop/Engine/venv/lib/python3.11/site-packages/airflow/example_dags/plugins/listener_plugin.py took 0.062 seconds
[2025-07-17T00:31:21.901+0530] {processor.py:186} INFO - Started process (PID=15762) to work on /Users/parth/Desktop/Engine/venv/lib/python3.11/site-packages/airflow/example_dags/plugins/listener_plugin.py
[2025-07-17T00:31:21.902+0530] {processor.py:914} INFO - Processing file /Users/parth/Desktop/Engine/venv/lib/python3.11/site-packages/airflow/example_dags/plugins/listener_plugin.py for tasks to queue
[2025-07-17T00:31:21.903+0530] {logging_mixin.py:190} INFO - [2025-07-17T00:31:21.903+0530] {dagbag.py:588} INFO - Filling up the DagBag from /Users/parth/Desktop/Engine/venv/lib/python3.11/site-packages/airflow/example_dags/plugins/listener_plugin.py
[2025-07-17T00:31:21.905+0530] {processor.py:927} WARNING - No viable dags retrieved from /Users/parth/Desktop/Engine/venv/lib/python3.11/site-packages/airflow/example_dags/plugins/listener_plugin.py
[2025-07-17T00:31:21.961+0530] {processor.py:208} INFO - Processing /Users/parth/Desktop/Engine/venv/lib/python3.11/site-packages/airflow/example_dags/plugins/listener_plugin.py took 0.062 seconds
[2025-07-17T00:33:10.967+0530] {processor.py:186} INFO - Started process (PID=16469) to work on /Users/parth/Desktop/Engine/venv/lib/python3.11/site-packages/airflow/example_dags/plugins/listener_plugin.py
[2025-07-17T00:33:10.968+0530] {processor.py:914} INFO - Processing file /Users/parth/Desktop/Engine/venv/lib/python3.11/site-packages/airflow/example_dags/plugins/listener_plugin.py for tasks to queue
[2025-07-17T00:33:10.968+0530] {logging_mixin.py:190} INFO - [2025-07-17T00:33:10.968+0530] {dagbag.py:588} INFO - Filling up the DagBag from /Users/parth/Desktop/Engine/venv/lib/python3.11/site-packages/airflow/example_dags/plugins/listener_plugin.py
[2025-07-17T00:33:10.970+0530] {processor.py:927} WARNING - No viable dags retrieved from /Users/parth/Desktop/Engine/venv/lib/python3.11/site-packages/airflow/example_dags/plugins/listener_plugin.py
[2025-07-17T00:33:11.027+0530] {processor.py:208} INFO - Processing /Users/parth/Desktop/Engine/venv/lib/python3.11/site-packages/airflow/example_dags/plugins/listener_plugin.py took 0.063 seconds
[2025-07-17T00:35:12.752+0530] {processor.py:186} INFO - Started process (PID=17273) to work on /Users/parth/Desktop/Engine/venv/lib/python3.11/site-packages/airflow/example_dags/plugins/listener_plugin.py
[2025-07-17T00:35:12.753+0530] {processor.py:914} INFO - Processing file /Users/parth/Desktop/Engine/venv/lib/python3.11/site-packages/airflow/example_dags/plugins/listener_plugin.py for tasks to queue
[2025-07-17T00:35:12.754+0530] {logging_mixin.py:190} INFO - [2025-07-17T00:35:12.754+0530] {dagbag.py:588} INFO - Filling up the DagBag from /Users/parth/Desktop/Engine/venv/lib/python3.11/site-packages/airflow/example_dags/plugins/listener_plugin.py
[2025-07-17T00:35:12.756+0530] {processor.py:927} WARNING - No viable dags retrieved from /Users/parth/Desktop/Engine/venv/lib/python3.11/site-packages/airflow/example_dags/plugins/listener_plugin.py
[2025-07-17T00:35:12.810+0530] {processor.py:208} INFO - Processing /Users/parth/Desktop/Engine/venv/lib/python3.11/site-packages/airflow/example_dags/plugins/listener_plugin.py took 0.061 seconds
[2025-07-17T00:37:14.330+0530] {processor.py:186} INFO - Started process (PID=18041) to work on /Users/parth/Desktop/Engine/venv/lib/python3.11/site-packages/airflow/example_dags/plugins/listener_plugin.py
[2025-07-17T00:37:14.331+0530] {processor.py:914} INFO - Processing file /Users/parth/Desktop/Engine/venv/lib/python3.11/site-packages/airflow/example_dags/plugins/listener_plugin.py for tasks to queue
[2025-07-17T00:37:14.332+0530] {logging_mixin.py:190} INFO - [2025-07-17T00:37:14.331+0530] {dagbag.py:588} INFO - Filling up the DagBag from /Users/parth/Desktop/Engine/venv/lib/python3.11/site-packages/airflow/example_dags/plugins/listener_plugin.py
[2025-07-17T00:37:14.334+0530] {processor.py:927} WARNING - No viable dags retrieved from /Users/parth/Desktop/Engine/venv/lib/python3.11/site-packages/airflow/example_dags/plugins/listener_plugin.py
[2025-07-17T00:37:14.397+0530] {processor.py:208} INFO - Processing /Users/parth/Desktop/Engine/venv/lib/python3.11/site-packages/airflow/example_dags/plugins/listener_plugin.py took 0.070 seconds
[2025-07-17T00:39:21.927+0530] {processor.py:186} INFO - Started process (PID=18881) to work on /Users/parth/Desktop/Engine/venv/lib/python3.11/site-packages/airflow/example_dags/plugins/listener_plugin.py
[2025-07-17T00:39:21.929+0530] {processor.py:914} INFO - Processing file /Users/parth/Desktop/Engine/venv/lib/python3.11/site-packages/airflow/example_dags/plugins/listener_plugin.py for tasks to queue
[2025-07-17T00:39:21.930+0530] {logging_mixin.py:190} INFO - [2025-07-17T00:39:21.930+0530] {dagbag.py:588} INFO - Filling up the DagBag from /Users/parth/Desktop/Engine/venv/lib/python3.11/site-packages/airflow/example_dags/plugins/listener_plugin.py
[2025-07-17T00:39:21.933+0530] {processor.py:927} WARNING - No viable dags retrieved from /Users/parth/Desktop/Engine/venv/lib/python3.11/site-packages/airflow/example_dags/plugins/listener_plugin.py
[2025-07-17T00:39:21.996+0530] {processor.py:208} INFO - Processing /Users/parth/Desktop/Engine/venv/lib/python3.11/site-packages/airflow/example_dags/plugins/listener_plugin.py took 0.072 seconds
[2025-07-17T00:41:43.652+0530] {processor.py:186} INFO - Started process (PID=19870) to work on /Users/parth/Desktop/Engine/venv/lib/python3.11/site-packages/airflow/example_dags/plugins/listener_plugin.py
[2025-07-17T00:41:43.654+0530] {processor.py:914} INFO - Processing file /Users/parth/Desktop/Engine/venv/lib/python3.11/site-packages/airflow/example_dags/plugins/listener_plugin.py for tasks to queue
[2025-07-17T00:41:43.654+0530] {logging_mixin.py:190} INFO - [2025-07-17T00:41:43.654+0530] {dagbag.py:588} INFO - Filling up the DagBag from /Users/parth/Desktop/Engine/venv/lib/python3.11/site-packages/airflow/example_dags/plugins/listener_plugin.py
[2025-07-17T00:41:43.657+0530] {processor.py:927} WARNING - No viable dags retrieved from /Users/parth/Desktop/Engine/venv/lib/python3.11/site-packages/airflow/example_dags/plugins/listener_plugin.py
[2025-07-17T00:41:43.714+0530] {processor.py:208} INFO - Processing /Users/parth/Desktop/Engine/venv/lib/python3.11/site-packages/airflow/example_dags/plugins/listener_plugin.py took 0.065 seconds
[2025-07-17T00:43:53.740+0530] {processor.py:186} INFO - Started process (PID=20727) to work on /Users/parth/Desktop/Engine/venv/lib/python3.11/site-packages/airflow/example_dags/plugins/listener_plugin.py
[2025-07-17T00:43:53.741+0530] {processor.py:914} INFO - Processing file /Users/parth/Desktop/Engine/venv/lib/python3.11/site-packages/airflow/example_dags/plugins/listener_plugin.py for tasks to queue
[2025-07-17T00:43:53.742+0530] {logging_mixin.py:190} INFO - [2025-07-17T00:43:53.742+0530] {dagbag.py:588} INFO - Filling up the DagBag from /Users/parth/Desktop/Engine/venv/lib/python3.11/site-packages/airflow/example_dags/plugins/listener_plugin.py
[2025-07-17T00:43:53.745+0530] {processor.py:927} WARNING - No viable dags retrieved from /Users/parth/Desktop/Engine/venv/lib/python3.11/site-packages/airflow/example_dags/plugins/listener_plugin.py
[2025-07-17T00:43:53.800+0530] {processor.py:208} INFO - Processing /Users/parth/Desktop/Engine/venv/lib/python3.11/site-packages/airflow/example_dags/plugins/listener_plugin.py took 0.062 seconds
[2025-07-17T00:45:54.767+0530] {processor.py:186} INFO - Started process (PID=21500) to work on /Users/parth/Desktop/Engine/venv/lib/python3.11/site-packages/airflow/example_dags/plugins/listener_plugin.py
[2025-07-17T00:45:54.768+0530] {processor.py:914} INFO - Processing file /Users/parth/Desktop/Engine/venv/lib/python3.11/site-packages/airflow/example_dags/plugins/listener_plugin.py for tasks to queue
[2025-07-17T00:45:54.769+0530] {logging_mixin.py:190} INFO - [2025-07-17T00:45:54.768+0530] {dagbag.py:588} INFO - Filling up the DagBag from /Users/parth/Desktop/Engine/venv/lib/python3.11/site-packages/airflow/example_dags/plugins/listener_plugin.py
[2025-07-17T00:45:54.771+0530] {processor.py:927} WARNING - No viable dags retrieved from /Users/parth/Desktop/Engine/venv/lib/python3.11/site-packages/airflow/example_dags/plugins/listener_plugin.py
[2025-07-17T00:45:54.825+0530] {processor.py:208} INFO - Processing /Users/parth/Desktop/Engine/venv/lib/python3.11/site-packages/airflow/example_dags/plugins/listener_plugin.py took 0.061 seconds
[2025-07-17T00:47:54.522+0530] {processor.py:186} INFO - Started process (PID=22276) to work on /Users/parth/Desktop/Engine/venv/lib/python3.11/site-packages/airflow/example_dags/plugins/listener_plugin.py
[2025-07-17T00:47:54.523+0530] {processor.py:914} INFO - Processing file /Users/parth/Desktop/Engine/venv/lib/python3.11/site-packages/airflow/example_dags/plugins/listener_plugin.py for tasks to queue
[2025-07-17T00:47:54.523+0530] {logging_mixin.py:190} INFO - [2025-07-17T00:47:54.523+0530] {dagbag.py:588} INFO - Filling up the DagBag from /Users/parth/Desktop/Engine/venv/lib/python3.11/site-packages/airflow/example_dags/plugins/listener_plugin.py
[2025-07-17T00:47:54.526+0530] {processor.py:927} WARNING - No viable dags retrieved from /Users/parth/Desktop/Engine/venv/lib/python3.11/site-packages/airflow/example_dags/plugins/listener_plugin.py
[2025-07-17T00:47:54.582+0530] {processor.py:208} INFO - Processing /Users/parth/Desktop/Engine/venv/lib/python3.11/site-packages/airflow/example_dags/plugins/listener_plugin.py took 0.062 seconds
