[2025-07-16T21:04:43.570+0530] {processor.py:186} INFO - Started process (PID=85107) to work on /Users/parth/Desktop/Engine/venv/lib/python3.11/site-packages/airflow/example_dags/plugins/workday.py
[2025-07-16T21:04:43.571+0530] {processor.py:914} INFO - Processing file /Users/parth/Desktop/Engine/venv/lib/python3.11/site-packages/airflow/example_dags/plugins/workday.py for tasks to queue
[2025-07-16T21:04:43.571+0530] {logging_mixin.py:190} INFO - [2025-07-16T21:04:43.571+0530] {dagbag.py:588} INFO - Filling up the DagBag from /Users/parth/Desktop/Engine/venv/lib/python3.11/site-packages/airflow/example_dags/plugins/workday.py
[2025-07-16T21:04:43.870+0530] {processor.py:927} WARNING - No viable dags retrieved from /Users/parth/Desktop/Engine/venv/lib/python3.11/site-packages/airflow/example_dags/plugins/workday.py
[2025-07-16T21:04:43.907+0530] {processor.py:208} INFO - Processing /Users/parth/Desktop/Engine/venv/lib/python3.11/site-packages/airflow/example_dags/plugins/workday.py took 0.338 seconds
[2025-07-17T00:11:03.894+0530] {processor.py:186} INFO - Started process (PID=6996) to work on /Users/parth/Desktop/Engine/venv/lib/python3.11/site-packages/airflow/example_dags/plugins/workday.py
[2025-07-17T00:11:03.895+0530] {processor.py:914} INFO - Processing file /Users/parth/Desktop/Engine/venv/lib/python3.11/site-packages/airflow/example_dags/plugins/workday.py for tasks to queue
[2025-07-17T00:11:03.896+0530] {logging_mixin.py:190} INFO - [2025-07-17T00:11:03.896+0530] {dagbag.py:588} INFO - Filling up the DagBag from /Users/parth/Desktop/Engine/venv/lib/python3.11/site-packages/airflow/example_dags/plugins/workday.py
[2025-07-17T00:11:04.340+0530] {processor.py:927} WARNING - No viable dags retrieved from /Users/parth/Desktop/Engine/venv/lib/python3.11/site-packages/airflow/example_dags/plugins/workday.py
[2025-07-17T00:11:04.396+0530] {processor.py:208} INFO - Processing /Users/parth/Desktop/Engine/venv/lib/python3.11/site-packages/airflow/example_dags/plugins/workday.py took 0.504 seconds
[2025-07-17T00:13:43.689+0530] {processor.py:186} INFO - Started process (PID=8564) to work on /Users/parth/Desktop/Engine/venv/lib/python3.11/site-packages/airflow/example_dags/plugins/workday.py
[2025-07-17T00:13:43.690+0530] {processor.py:914} INFO - Processing file /Users/parth/Desktop/Engine/venv/lib/python3.11/site-packages/airflow/example_dags/plugins/workday.py for tasks to queue
[2025-07-17T00:13:43.691+0530] {logging_mixin.py:190} INFO - [2025-07-17T00:13:43.691+0530] {dagbag.py:588} INFO - Filling up the DagBag from /Users/parth/Desktop/Engine/venv/lib/python3.11/site-packages/airflow/example_dags/plugins/workday.py
[2025-07-17T00:13:44.160+0530] {processor.py:927} WARNING - No viable dags retrieved from /Users/parth/Desktop/Engine/venv/lib/python3.11/site-packages/airflow/example_dags/plugins/workday.py
[2025-07-17T00:13:44.221+0530] {processor.py:208} INFO - Processing /Users/parth/Desktop/Engine/venv/lib/python3.11/site-packages/airflow/example_dags/plugins/workday.py took 0.535 seconds
[2025-07-17T00:15:53.742+0530] {processor.py:186} INFO - Started process (PID=9420) to work on /Users/parth/Desktop/Engine/venv/lib/python3.11/site-packages/airflow/example_dags/plugins/workday.py
[2025-07-17T00:15:53.744+0530] {processor.py:914} INFO - Processing file /Users/parth/Desktop/Engine/venv/lib/python3.11/site-packages/airflow/example_dags/plugins/workday.py for tasks to queue
[2025-07-17T00:15:53.746+0530] {logging_mixin.py:190} INFO - [2025-07-17T00:15:53.745+0530] {dagbag.py:588} INFO - Filling up the DagBag from /Users/parth/Desktop/Engine/venv/lib/python3.11/site-packages/airflow/example_dags/plugins/workday.py
[2025-07-17T00:15:54.685+0530] {processor.py:927} WARNING - No viable dags retrieved from /Users/parth/Desktop/Engine/venv/lib/python3.11/site-packages/airflow/example_dags/plugins/workday.py
[2025-07-17T00:15:54.762+0530] {processor.py:208} INFO - Processing /Users/parth/Desktop/Engine/venv/lib/python3.11/site-packages/airflow/example_dags/plugins/workday.py took 1.026 seconds
[2025-07-17T00:18:00.416+0530] {processor.py:186} INFO - Started process (PID=10265) to work on /Users/parth/Desktop/Engine/venv/lib/python3.11/site-packages/airflow/example_dags/plugins/workday.py
[2025-07-17T00:18:00.417+0530] {processor.py:914} INFO - Processing file /Users/parth/Desktop/Engine/venv/lib/python3.11/site-packages/airflow/example_dags/plugins/workday.py for tasks to queue
[2025-07-17T00:18:00.418+0530] {logging_mixin.py:190} INFO - [2025-07-17T00:18:00.418+0530] {dagbag.py:588} INFO - Filling up the DagBag from /Users/parth/Desktop/Engine/venv/lib/python3.11/site-packages/airflow/example_dags/plugins/workday.py
[2025-07-17T00:18:01.093+0530] {processor.py:927} WARNING - No viable dags retrieved from /Users/parth/Desktop/Engine/venv/lib/python3.11/site-packages/airflow/example_dags/plugins/workday.py
[2025-07-17T00:18:01.163+0530] {processor.py:208} INFO - Processing /Users/parth/Desktop/Engine/venv/lib/python3.11/site-packages/airflow/example_dags/plugins/workday.py took 0.750 seconds
[2025-07-17T00:21:01.083+0530] {processor.py:186} INFO - Started process (PID=11493) to work on /Users/parth/Desktop/Engine/venv/lib/python3.11/site-packages/airflow/example_dags/plugins/workday.py
[2025-07-17T00:21:01.084+0530] {processor.py:914} INFO - Processing file /Users/parth/Desktop/Engine/venv/lib/python3.11/site-packages/airflow/example_dags/plugins/workday.py for tasks to queue
[2025-07-17T00:21:01.085+0530] {logging_mixin.py:190} INFO - [2025-07-17T00:21:01.085+0530] {dagbag.py:588} INFO - Filling up the DagBag from /Users/parth/Desktop/Engine/venv/lib/python3.11/site-packages/airflow/example_dags/plugins/workday.py
[2025-07-17T00:21:01.792+0530] {processor.py:927} WARNING - No viable dags retrieved from /Users/parth/Desktop/Engine/venv/lib/python3.11/site-packages/airflow/example_dags/plugins/workday.py
[2025-07-17T00:21:01.856+0530] {processor.py:208} INFO - Processing /Users/parth/Desktop/Engine/venv/lib/python3.11/site-packages/airflow/example_dags/plugins/workday.py took 0.776 seconds
[2025-07-17T00:23:21.557+0530] {processor.py:186} INFO - Started process (PID=12550) to work on /Users/parth/Desktop/Engine/venv/lib/python3.11/site-packages/airflow/example_dags/plugins/workday.py
[2025-07-17T00:23:21.558+0530] {processor.py:914} INFO - Processing file /Users/parth/Desktop/Engine/venv/lib/python3.11/site-packages/airflow/example_dags/plugins/workday.py for tasks to queue
[2025-07-17T00:23:21.559+0530] {logging_mixin.py:190} INFO - [2025-07-17T00:23:21.559+0530] {dagbag.py:588} INFO - Filling up the DagBag from /Users/parth/Desktop/Engine/venv/lib/python3.11/site-packages/airflow/example_dags/plugins/workday.py
[2025-07-17T00:23:22.063+0530] {processor.py:927} WARNING - No viable dags retrieved from /Users/parth/Desktop/Engine/venv/lib/python3.11/site-packages/airflow/example_dags/plugins/workday.py
[2025-07-17T00:23:22.141+0530] {processor.py:208} INFO - Processing /Users/parth/Desktop/Engine/venv/lib/python3.11/site-packages/airflow/example_dags/plugins/workday.py took 0.586 seconds
[2025-07-17T00:25:20.848+0530] {processor.py:186} INFO - Started process (PID=13368) to work on /Users/parth/Desktop/Engine/venv/lib/python3.11/site-packages/airflow/example_dags/plugins/workday.py
[2025-07-17T00:25:20.849+0530] {processor.py:914} INFO - Processing file /Users/parth/Desktop/Engine/venv/lib/python3.11/site-packages/airflow/example_dags/plugins/workday.py for tasks to queue
[2025-07-17T00:25:20.850+0530] {logging_mixin.py:190} INFO - [2025-07-17T00:25:20.850+0530] {dagbag.py:588} INFO - Filling up the DagBag from /Users/parth/Desktop/Engine/venv/lib/python3.11/site-packages/airflow/example_dags/plugins/workday.py
[2025-07-17T00:25:21.343+0530] {processor.py:927} WARNING - No viable dags retrieved from /Users/parth/Desktop/Engine/venv/lib/python3.11/site-packages/airflow/example_dags/plugins/workday.py
[2025-07-17T00:25:21.398+0530] {processor.py:208} INFO - Processing /Users/parth/Desktop/Engine/venv/lib/python3.11/site-packages/airflow/example_dags/plugins/workday.py took 0.552 seconds
[2025-07-17T00:27:20.141+0530] {processor.py:186} INFO - Started process (PID=14180) to work on /Users/parth/Desktop/Engine/venv/lib/python3.11/site-packages/airflow/example_dags/plugins/workday.py
[2025-07-17T00:27:20.142+0530] {processor.py:914} INFO - Processing file /Users/parth/Desktop/Engine/venv/lib/python3.11/site-packages/airflow/example_dags/plugins/workday.py for tasks to queue
[2025-07-17T00:27:20.143+0530] {logging_mixin.py:190} INFO - [2025-07-17T00:27:20.142+0530] {dagbag.py:588} INFO - Filling up the DagBag from /Users/parth/Desktop/Engine/venv/lib/python3.11/site-packages/airflow/example_dags/plugins/workday.py
[2025-07-17T00:27:20.604+0530] {processor.py:927} WARNING - No viable dags retrieved from /Users/parth/Desktop/Engine/venv/lib/python3.11/site-packages/airflow/example_dags/plugins/workday.py
[2025-07-17T00:27:20.659+0530] {processor.py:208} INFO - Processing /Users/parth/Desktop/Engine/venv/lib/python3.11/site-packages/airflow/example_dags/plugins/workday.py took 0.521 seconds
[2025-07-17T00:29:22.486+0530] {processor.py:186} INFO - Started process (PID=14963) to work on /Users/parth/Desktop/Engine/venv/lib/python3.11/site-packages/airflow/example_dags/plugins/workday.py
[2025-07-17T00:29:22.487+0530] {processor.py:914} INFO - Processing file /Users/parth/Desktop/Engine/venv/lib/python3.11/site-packages/airflow/example_dags/plugins/workday.py for tasks to queue
[2025-07-17T00:29:22.488+0530] {logging_mixin.py:190} INFO - [2025-07-17T00:29:22.488+0530] {dagbag.py:588} INFO - Filling up the DagBag from /Users/parth/Desktop/Engine/venv/lib/python3.11/site-packages/airflow/example_dags/plugins/workday.py
[2025-07-17T00:29:22.962+0530] {processor.py:927} WARNING - No viable dags retrieved from /Users/parth/Desktop/Engine/venv/lib/python3.11/site-packages/airflow/example_dags/plugins/workday.py
[2025-07-17T00:29:23.017+0530] {processor.py:208} INFO - Processing /Users/parth/Desktop/Engine/venv/lib/python3.11/site-packages/airflow/example_dags/plugins/workday.py took 0.533 seconds
[2025-07-17T00:31:19.636+0530] {processor.py:186} INFO - Started process (PID=15749) to work on /Users/parth/Desktop/Engine/venv/lib/python3.11/site-packages/airflow/example_dags/plugins/workday.py
[2025-07-17T00:31:19.637+0530] {processor.py:914} INFO - Processing file /Users/parth/Desktop/Engine/venv/lib/python3.11/site-packages/airflow/example_dags/plugins/workday.py for tasks to queue
[2025-07-17T00:31:19.638+0530] {logging_mixin.py:190} INFO - [2025-07-17T00:31:19.638+0530] {dagbag.py:588} INFO - Filling up the DagBag from /Users/parth/Desktop/Engine/venv/lib/python3.11/site-packages/airflow/example_dags/plugins/workday.py
[2025-07-17T00:31:20.137+0530] {processor.py:927} WARNING - No viable dags retrieved from /Users/parth/Desktop/Engine/venv/lib/python3.11/site-packages/airflow/example_dags/plugins/workday.py
[2025-07-17T00:31:20.192+0530] {processor.py:208} INFO - Processing /Users/parth/Desktop/Engine/venv/lib/python3.11/site-packages/airflow/example_dags/plugins/workday.py took 0.558 seconds
[2025-07-17T00:33:07.070+0530] {processor.py:186} INFO - Started process (PID=16440) to work on /Users/parth/Desktop/Engine/venv/lib/python3.11/site-packages/airflow/example_dags/plugins/workday.py
[2025-07-17T00:33:07.071+0530] {processor.py:914} INFO - Processing file /Users/parth/Desktop/Engine/venv/lib/python3.11/site-packages/airflow/example_dags/plugins/workday.py for tasks to queue
[2025-07-17T00:33:07.072+0530] {logging_mixin.py:190} INFO - [2025-07-17T00:33:07.072+0530] {dagbag.py:588} INFO - Filling up the DagBag from /Users/parth/Desktop/Engine/venv/lib/python3.11/site-packages/airflow/example_dags/plugins/workday.py
[2025-07-17T00:33:07.854+0530] {processor.py:927} WARNING - No viable dags retrieved from /Users/parth/Desktop/Engine/venv/lib/python3.11/site-packages/airflow/example_dags/plugins/workday.py
[2025-07-17T00:33:07.912+0530] {processor.py:208} INFO - Processing /Users/parth/Desktop/Engine/venv/lib/python3.11/site-packages/airflow/example_dags/plugins/workday.py took 0.844 seconds
[2025-07-17T00:35:09.669+0530] {processor.py:186} INFO - Started process (PID=17248) to work on /Users/parth/Desktop/Engine/venv/lib/python3.11/site-packages/airflow/example_dags/plugins/workday.py
[2025-07-17T00:35:09.670+0530] {processor.py:914} INFO - Processing file /Users/parth/Desktop/Engine/venv/lib/python3.11/site-packages/airflow/example_dags/plugins/workday.py for tasks to queue
[2025-07-17T00:35:09.671+0530] {logging_mixin.py:190} INFO - [2025-07-17T00:35:09.671+0530] {dagbag.py:588} INFO - Filling up the DagBag from /Users/parth/Desktop/Engine/venv/lib/python3.11/site-packages/airflow/example_dags/plugins/workday.py
[2025-07-17T00:35:10.285+0530] {processor.py:927} WARNING - No viable dags retrieved from /Users/parth/Desktop/Engine/venv/lib/python3.11/site-packages/airflow/example_dags/plugins/workday.py
[2025-07-17T00:35:10.344+0530] {processor.py:208} INFO - Processing /Users/parth/Desktop/Engine/venv/lib/python3.11/site-packages/airflow/example_dags/plugins/workday.py took 0.678 seconds
[2025-07-17T00:37:11.386+0530] {processor.py:186} INFO - Started process (PID=18024) to work on /Users/parth/Desktop/Engine/venv/lib/python3.11/site-packages/airflow/example_dags/plugins/workday.py
[2025-07-17T00:37:11.387+0530] {processor.py:914} INFO - Processing file /Users/parth/Desktop/Engine/venv/lib/python3.11/site-packages/airflow/example_dags/plugins/workday.py for tasks to queue
[2025-07-17T00:37:11.388+0530] {logging_mixin.py:190} INFO - [2025-07-17T00:37:11.388+0530] {dagbag.py:588} INFO - Filling up the DagBag from /Users/parth/Desktop/Engine/venv/lib/python3.11/site-packages/airflow/example_dags/plugins/workday.py
[2025-07-17T00:37:12.016+0530] {processor.py:927} WARNING - No viable dags retrieved from /Users/parth/Desktop/Engine/venv/lib/python3.11/site-packages/airflow/example_dags/plugins/workday.py
[2025-07-17T00:37:12.090+0530] {processor.py:208} INFO - Processing /Users/parth/Desktop/Engine/venv/lib/python3.11/site-packages/airflow/example_dags/plugins/workday.py took 0.707 seconds
[2025-07-17T00:39:18.815+0530] {processor.py:186} INFO - Started process (PID=18857) to work on /Users/parth/Desktop/Engine/venv/lib/python3.11/site-packages/airflow/example_dags/plugins/workday.py
[2025-07-17T00:39:18.816+0530] {processor.py:914} INFO - Processing file /Users/parth/Desktop/Engine/venv/lib/python3.11/site-packages/airflow/example_dags/plugins/workday.py for tasks to queue
[2025-07-17T00:39:18.817+0530] {logging_mixin.py:190} INFO - [2025-07-17T00:39:18.817+0530] {dagbag.py:588} INFO - Filling up the DagBag from /Users/parth/Desktop/Engine/venv/lib/python3.11/site-packages/airflow/example_dags/plugins/workday.py
[2025-07-17T00:39:19.353+0530] {processor.py:927} WARNING - No viable dags retrieved from /Users/parth/Desktop/Engine/venv/lib/python3.11/site-packages/airflow/example_dags/plugins/workday.py
[2025-07-17T00:39:19.418+0530] {processor.py:208} INFO - Processing /Users/parth/Desktop/Engine/venv/lib/python3.11/site-packages/airflow/example_dags/plugins/workday.py took 0.605 seconds
[2025-07-17T00:41:40.310+0530] {processor.py:186} INFO - Started process (PID=19856) to work on /Users/parth/Desktop/Engine/venv/lib/python3.11/site-packages/airflow/example_dags/plugins/workday.py
[2025-07-17T00:41:40.311+0530] {processor.py:914} INFO - Processing file /Users/parth/Desktop/Engine/venv/lib/python3.11/site-packages/airflow/example_dags/plugins/workday.py for tasks to queue
[2025-07-17T00:41:40.312+0530] {logging_mixin.py:190} INFO - [2025-07-17T00:41:40.311+0530] {dagbag.py:588} INFO - Filling up the DagBag from /Users/parth/Desktop/Engine/venv/lib/python3.11/site-packages/airflow/example_dags/plugins/workday.py
[2025-07-17T00:41:40.995+0530] {processor.py:927} WARNING - No viable dags retrieved from /Users/parth/Desktop/Engine/venv/lib/python3.11/site-packages/airflow/example_dags/plugins/workday.py
[2025-07-17T00:41:41.065+0530] {processor.py:208} INFO - Processing /Users/parth/Desktop/Engine/venv/lib/python3.11/site-packages/airflow/example_dags/plugins/workday.py took 0.758 seconds
[2025-07-17T00:43:50.678+0530] {processor.py:186} INFO - Started process (PID=20703) to work on /Users/parth/Desktop/Engine/venv/lib/python3.11/site-packages/airflow/example_dags/plugins/workday.py
[2025-07-17T00:43:50.678+0530] {processor.py:914} INFO - Processing file /Users/parth/Desktop/Engine/venv/lib/python3.11/site-packages/airflow/example_dags/plugins/workday.py for tasks to queue
[2025-07-17T00:43:50.679+0530] {logging_mixin.py:190} INFO - [2025-07-17T00:43:50.679+0530] {dagbag.py:588} INFO - Filling up the DagBag from /Users/parth/Desktop/Engine/venv/lib/python3.11/site-packages/airflow/example_dags/plugins/workday.py
[2025-07-17T00:43:51.165+0530] {processor.py:927} WARNING - No viable dags retrieved from /Users/parth/Desktop/Engine/venv/lib/python3.11/site-packages/airflow/example_dags/plugins/workday.py
[2025-07-17T00:43:51.221+0530] {processor.py:208} INFO - Processing /Users/parth/Desktop/Engine/venv/lib/python3.11/site-packages/airflow/example_dags/plugins/workday.py took 0.546 seconds
[2025-07-17T00:45:51.649+0530] {processor.py:186} INFO - Started process (PID=21485) to work on /Users/parth/Desktop/Engine/venv/lib/python3.11/site-packages/airflow/example_dags/plugins/workday.py
[2025-07-17T00:45:51.651+0530] {processor.py:914} INFO - Processing file /Users/parth/Desktop/Engine/venv/lib/python3.11/site-packages/airflow/example_dags/plugins/workday.py for tasks to queue
[2025-07-17T00:45:51.651+0530] {logging_mixin.py:190} INFO - [2025-07-17T00:45:51.651+0530] {dagbag.py:588} INFO - Filling up the DagBag from /Users/parth/Desktop/Engine/venv/lib/python3.11/site-packages/airflow/example_dags/plugins/workday.py
[2025-07-17T00:45:52.129+0530] {processor.py:927} WARNING - No viable dags retrieved from /Users/parth/Desktop/Engine/venv/lib/python3.11/site-packages/airflow/example_dags/plugins/workday.py
[2025-07-17T00:45:52.184+0530] {processor.py:208} INFO - Processing /Users/parth/Desktop/Engine/venv/lib/python3.11/site-packages/airflow/example_dags/plugins/workday.py took 0.537 seconds
[2025-07-17T00:47:51.596+0530] {processor.py:186} INFO - Started process (PID=22250) to work on /Users/parth/Desktop/Engine/venv/lib/python3.11/site-packages/airflow/example_dags/plugins/workday.py
[2025-07-17T00:47:51.597+0530] {processor.py:914} INFO - Processing file /Users/parth/Desktop/Engine/venv/lib/python3.11/site-packages/airflow/example_dags/plugins/workday.py for tasks to queue
[2025-07-17T00:47:51.598+0530] {logging_mixin.py:190} INFO - [2025-07-17T00:47:51.598+0530] {dagbag.py:588} INFO - Filling up the DagBag from /Users/parth/Desktop/Engine/venv/lib/python3.11/site-packages/airflow/example_dags/plugins/workday.py
[2025-07-17T00:47:52.052+0530] {processor.py:927} WARNING - No viable dags retrieved from /Users/parth/Desktop/Engine/venv/lib/python3.11/site-packages/airflow/example_dags/plugins/workday.py
[2025-07-17T00:47:52.106+0530] {processor.py:208} INFO - Processing /Users/parth/Desktop/Engine/venv/lib/python3.11/site-packages/airflow/example_dags/plugins/workday.py took 0.512 seconds
