[2025-07-23T13:46:04.861+0000] {local_task_job_runner.py:123} INFO - ::group::Pre task execution logs
[2025-07-23T13:46:04.882+0000] {taskinstance.py:2631} INFO - Dependencies all met for dep_context=non-requeueable deps ti=<TaskInstance: startup_health_score_full_pipeline.extract_raw_text_from_document streamlit_trigger_sample.txt_20250723134558 [queued]>
[2025-07-23T13:46:04.900+0000] {taskinstance.py:2631} INFO - Dependencies all met for dep_context=requeueable deps ti=<TaskInstance: startup_health_score_full_pipeline.extract_raw_text_from_document streamlit_trigger_sample.txt_20250723134558 [queued]>
[2025-07-23T13:46:04.901+0000] {taskinstance.py:2884} INFO - Starting attempt 1 of 2
[2025-07-23T13:46:04.925+0000] {taskinstance.py:2907} INFO - Executing <Task(PythonOperator): extract_raw_text_from_document> on 2025-07-23 13:45:58.837655+00:00
[2025-07-23T13:46:04.940+0000] {warnings.py:112} WARNING - /home/***/.local/lib/python3.12/site-packages/***/task/task_runner/standard_task_runner.py:70: DeprecationWarning: This process (pid=107) is multi-threaded, use of fork() may lead to deadlocks in the child.
  pid = os.fork()

[2025-07-23T13:46:04.942+0000] {standard_task_runner.py:72} INFO - Started process 109 to run task
[2025-07-23T13:46:04.942+0000] {standard_task_runner.py:104} INFO - Running: ['***', 'tasks', 'run', 'startup_health_score_full_pipeline', 'extract_raw_text_from_document', 'streamlit_trigger_sample.txt_20250723134558', '--job-id', '15', '--raw', '--subdir', 'DAGS_FOLDER/startup_health_score_dag.py', '--cfg-path', '/tmp/tmpp0aecgif']
[2025-07-23T13:46:04.946+0000] {standard_task_runner.py:105} INFO - Job 15: Subtask extract_raw_text_from_document
[2025-07-23T13:46:04.992+0000] {task_command.py:467} INFO - Running <TaskInstance: startup_health_score_full_pipeline.extract_raw_text_from_document streamlit_trigger_sample.txt_20250723134558 [running]> on host f228824c2da2
[2025-07-23T13:46:05.064+0000] {taskinstance.py:3157} INFO - Exporting env vars: AIRFLOW_CTX_DAG_OWNER='***' AIRFLOW_CTX_DAG_ID='startup_health_score_full_pipeline' AIRFLOW_CTX_TASK_ID='extract_raw_text_from_document' AIRFLOW_CTX_EXECUTION_DATE='2025-07-23T13:45:58.837655+00:00' AIRFLOW_CTX_TRY_NUMBER='1' AIRFLOW_CTX_DAG_RUN_ID='streamlit_trigger_sample.txt_20250723134558'
[2025-07-23T13:46:05.065+0000] {taskinstance.py:740} INFO - ::endgroup::
[2025-07-23T13:46:05.086+0000] {log.py:232} WARNING - 2025-07-23 13:46:05,086 - startup_health_score - INFO - Extracting raw text from /opt/***/uploads/sample.txt...
[2025-07-23T13:46:05.086+0000] {startup_health_score_dag.py:93} INFO - Extracting raw text from /opt/***/uploads/sample.txt...
[2025-07-23T13:46:05.124+0000] {log.py:232} WARNING - 2025-07-23 13:46:05,124 - startup_health_score - INFO - Tesseract OCR engine found (version: 5.3.0).
[2025-07-23T13:46:05.124+0000] {kpi_extractor.py:49} INFO - Tesseract OCR engine found (version: 5.3.0).
[2025-07-23T13:46:05.125+0000] {log.py:232} WARNING - 2025-07-23 13:46:05,125 - startup_health_score - INFO - KPIExtractor initialized.
[2025-07-23T13:46:05.125+0000] {kpi_extractor.py:53} INFO - KPIExtractor initialized.
[2025-07-23T13:46:05.126+0000] {log.py:232} WARNING - 2025-07-23 13:46:05,126 - startup_health_score - INFO - Attempting to extract raw text from: /opt/***/uploads/sample.txt (Type: .txt)
[2025-07-23T13:46:05.126+0000] {kpi_extractor.py:130} INFO - Attempting to extract raw text from: /opt/***/uploads/sample.txt (Type: .txt)
[2025-07-23T13:46:05.127+0000] {log.py:232} WARNING - 2025-07-23 13:46:05,127 - startup_health_score - INFO - Successfully read text from file: /opt/***/uploads/sample.txt
[2025-07-23T13:46:05.127+0000] {kpi_extractor.py:136} INFO - Successfully read text from file: /opt/***/uploads/sample.txt
[2025-07-23T13:46:05.127+0000] {log.py:232} WARNING - 2025-07-23 13:46:05,127 - startup_health_score - INFO - Successfully extracted raw text from /opt/***/uploads/sample.txt.
[2025-07-23T13:46:05.127+0000] {kpi_extractor.py:155} INFO - Successfully extracted raw text from /opt/***/uploads/sample.txt.
[2025-07-23T13:46:05.128+0000] {log.py:232} WARNING - 2025-07-23 13:46:05,128 - startup_health_score - INFO - Extracted raw text saved to /opt/***/processed_data/sample_txt_extracted_text.txt
[2025-07-23T13:46:05.128+0000] {startup_health_score_dag.py:104} INFO - Extracted raw text saved to /opt/***/processed_data/sample_txt_extracted_text.txt
[2025-07-23T13:46:05.143+0000] {python.py:240} INFO - Done. Returned value was: None
[2025-07-23T13:46:05.152+0000] {taskinstance.py:349} INFO - ::group::Post task execution logs
[2025-07-23T13:46:05.152+0000] {taskinstance.py:361} INFO - Marking task as SUCCESS. dag_id=startup_health_score_full_pipeline, task_id=extract_raw_text_from_document, run_id=streamlit_trigger_sample.txt_20250723134558, execution_date=20250723T134558, start_date=20250723T134604, end_date=20250723T134605
[2025-07-23T13:46:05.207+0000] {local_task_job_runner.py:266} INFO - Task exited with return code 0
[2025-07-23T13:46:05.235+0000] {taskinstance.py:3924} INFO - 1 downstream tasks scheduled from follow-on schedule check
[2025-07-23T13:46:05.237+0000] {local_task_job_runner.py:245} INFO - ::endgroup::
