[2025-07-17T07:15:33.680+0530] {processor.py:186} INFO - Started process (PID=23224) to work on /Users/parth/Desktop/Engine/venv/lib/python3.11/site-packages/airflow/example_dags/plugins/workday.py
[2025-07-17T07:15:33.681+0530] {processor.py:914} INFO - Processing file /Users/parth/Desktop/Engine/venv/lib/python3.11/site-packages/airflow/example_dags/plugins/workday.py for tasks to queue
[2025-07-17T07:15:33.681+0530] {logging_mixin.py:190} INFO - [2025-07-17T07:15:33.681+0530] {dagbag.py:588} INFO - Filling up the DagBag from /Users/parth/Desktop/Engine/venv/lib/python3.11/site-packages/airflow/example_dags/plugins/workday.py
[2025-07-17T07:15:34.193+0530] {processor.py:927} WARNING - No viable dags retrieved from /Users/parth/Desktop/Engine/venv/lib/python3.11/site-packages/airflow/example_dags/plugins/workday.py
[2025-07-17T07:15:34.249+0530] {processor.py:208} INFO - Processing /Users/parth/Desktop/Engine/venv/lib/python3.11/site-packages/airflow/example_dags/plugins/workday.py took 0.571 seconds
[2025-07-17T07:24:06.202+0530] {processor.py:186} INFO - Started process (PID=24243) to work on /Users/parth/Desktop/Engine/venv/lib/python3.11/site-packages/airflow/example_dags/plugins/workday.py
[2025-07-17T07:24:06.203+0530] {processor.py:914} INFO - Processing file /Users/parth/Desktop/Engine/venv/lib/python3.11/site-packages/airflow/example_dags/plugins/workday.py for tasks to queue
[2025-07-17T07:24:06.203+0530] {logging_mixin.py:190} INFO - [2025-07-17T07:24:06.203+0530] {dagbag.py:588} INFO - Filling up the DagBag from /Users/parth/Desktop/Engine/venv/lib/python3.11/site-packages/airflow/example_dags/plugins/workday.py
[2025-07-17T07:24:06.758+0530] {processor.py:927} WARNING - No viable dags retrieved from /Users/parth/Desktop/Engine/venv/lib/python3.11/site-packages/airflow/example_dags/plugins/workday.py
[2025-07-17T07:24:06.821+0530] {processor.py:208} INFO - Processing /Users/parth/Desktop/Engine/venv/lib/python3.11/site-packages/airflow/example_dags/plugins/workday.py took 0.622 seconds
[2025-07-17T07:26:01.716+0530] {processor.py:186} INFO - Started process (PID=24990) to work on /Users/parth/Desktop/Engine/venv/lib/python3.11/site-packages/airflow/example_dags/plugins/workday.py
[2025-07-17T07:26:01.717+0530] {processor.py:914} INFO - Processing file /Users/parth/Desktop/Engine/venv/lib/python3.11/site-packages/airflow/example_dags/plugins/workday.py for tasks to queue
[2025-07-17T07:26:01.718+0530] {logging_mixin.py:190} INFO - [2025-07-17T07:26:01.718+0530] {dagbag.py:588} INFO - Filling up the DagBag from /Users/parth/Desktop/Engine/venv/lib/python3.11/site-packages/airflow/example_dags/plugins/workday.py
[2025-07-17T07:26:02.171+0530] {processor.py:927} WARNING - No viable dags retrieved from /Users/parth/Desktop/Engine/venv/lib/python3.11/site-packages/airflow/example_dags/plugins/workday.py
[2025-07-17T07:26:02.226+0530] {processor.py:208} INFO - Processing /Users/parth/Desktop/Engine/venv/lib/python3.11/site-packages/airflow/example_dags/plugins/workday.py took 0.512 seconds
[2025-07-17T07:27:50.615+0530] {processor.py:186} INFO - Started process (PID=25686) to work on /Users/parth/Desktop/Engine/venv/lib/python3.11/site-packages/airflow/example_dags/plugins/workday.py
[2025-07-17T07:27:50.616+0530] {processor.py:914} INFO - Processing file /Users/parth/Desktop/Engine/venv/lib/python3.11/site-packages/airflow/example_dags/plugins/workday.py for tasks to queue
[2025-07-17T07:27:50.616+0530] {logging_mixin.py:190} INFO - [2025-07-17T07:27:50.616+0530] {dagbag.py:588} INFO - Filling up the DagBag from /Users/parth/Desktop/Engine/venv/lib/python3.11/site-packages/airflow/example_dags/plugins/workday.py
[2025-07-17T07:27:51.045+0530] {processor.py:927} WARNING - No viable dags retrieved from /Users/parth/Desktop/Engine/venv/lib/python3.11/site-packages/airflow/example_dags/plugins/workday.py
[2025-07-17T07:27:51.102+0530] {processor.py:208} INFO - Processing /Users/parth/Desktop/Engine/venv/lib/python3.11/site-packages/airflow/example_dags/plugins/workday.py took 0.489 seconds
[2025-07-17T07:29:34.093+0530] {processor.py:186} INFO - Started process (PID=26358) to work on /Users/parth/Desktop/Engine/venv/lib/python3.11/site-packages/airflow/example_dags/plugins/workday.py
[2025-07-17T07:29:34.094+0530] {processor.py:914} INFO - Processing file /Users/parth/Desktop/Engine/venv/lib/python3.11/site-packages/airflow/example_dags/plugins/workday.py for tasks to queue
[2025-07-17T07:29:34.094+0530] {logging_mixin.py:190} INFO - [2025-07-17T07:29:34.094+0530] {dagbag.py:588} INFO - Filling up the DagBag from /Users/parth/Desktop/Engine/venv/lib/python3.11/site-packages/airflow/example_dags/plugins/workday.py
[2025-07-17T07:29:34.590+0530] {processor.py:927} WARNING - No viable dags retrieved from /Users/parth/Desktop/Engine/venv/lib/python3.11/site-packages/airflow/example_dags/plugins/workday.py
[2025-07-17T07:29:34.650+0530] {processor.py:208} INFO - Processing /Users/parth/Desktop/Engine/venv/lib/python3.11/site-packages/airflow/example_dags/plugins/workday.py took 0.560 seconds
[2025-07-17T07:31:19.845+0530] {processor.py:186} INFO - Started process (PID=27043) to work on /Users/parth/Desktop/Engine/venv/lib/python3.11/site-packages/airflow/example_dags/plugins/workday.py
[2025-07-17T07:31:19.846+0530] {processor.py:914} INFO - Processing file /Users/parth/Desktop/Engine/venv/lib/python3.11/site-packages/airflow/example_dags/plugins/workday.py for tasks to queue
[2025-07-17T07:31:19.846+0530] {logging_mixin.py:190} INFO - [2025-07-17T07:31:19.846+0530] {dagbag.py:588} INFO - Filling up the DagBag from /Users/parth/Desktop/Engine/venv/lib/python3.11/site-packages/airflow/example_dags/plugins/workday.py
[2025-07-17T07:31:20.320+0530] {processor.py:927} WARNING - No viable dags retrieved from /Users/parth/Desktop/Engine/venv/lib/python3.11/site-packages/airflow/example_dags/plugins/workday.py
[2025-07-17T07:31:20.375+0530] {processor.py:208} INFO - Processing /Users/parth/Desktop/Engine/venv/lib/python3.11/site-packages/airflow/example_dags/plugins/workday.py took 0.532 seconds
[2025-07-17T07:33:05.789+0530] {processor.py:186} INFO - Started process (PID=27731) to work on /Users/parth/Desktop/Engine/venv/lib/python3.11/site-packages/airflow/example_dags/plugins/workday.py
[2025-07-17T07:33:05.789+0530] {processor.py:914} INFO - Processing file /Users/parth/Desktop/Engine/venv/lib/python3.11/site-packages/airflow/example_dags/plugins/workday.py for tasks to queue
[2025-07-17T07:33:05.790+0530] {logging_mixin.py:190} INFO - [2025-07-17T07:33:05.790+0530] {dagbag.py:588} INFO - Filling up the DagBag from /Users/parth/Desktop/Engine/venv/lib/python3.11/site-packages/airflow/example_dags/plugins/workday.py
[2025-07-17T07:33:06.220+0530] {processor.py:927} WARNING - No viable dags retrieved from /Users/parth/Desktop/Engine/venv/lib/python3.11/site-packages/airflow/example_dags/plugins/workday.py
[2025-07-17T07:33:06.275+0530] {processor.py:208} INFO - Processing /Users/parth/Desktop/Engine/venv/lib/python3.11/site-packages/airflow/example_dags/plugins/workday.py took 0.489 seconds
[2025-07-17T07:34:54.797+0530] {processor.py:186} INFO - Started process (PID=28451) to work on /Users/parth/Desktop/Engine/venv/lib/python3.11/site-packages/airflow/example_dags/plugins/workday.py
[2025-07-17T07:34:54.798+0530] {processor.py:914} INFO - Processing file /Users/parth/Desktop/Engine/venv/lib/python3.11/site-packages/airflow/example_dags/plugins/workday.py for tasks to queue
[2025-07-17T07:34:54.798+0530] {logging_mixin.py:190} INFO - [2025-07-17T07:34:54.798+0530] {dagbag.py:588} INFO - Filling up the DagBag from /Users/parth/Desktop/Engine/venv/lib/python3.11/site-packages/airflow/example_dags/plugins/workday.py
[2025-07-17T07:34:55.298+0530] {processor.py:927} WARNING - No viable dags retrieved from /Users/parth/Desktop/Engine/venv/lib/python3.11/site-packages/airflow/example_dags/plugins/workday.py
[2025-07-17T07:34:55.355+0530] {processor.py:208} INFO - Processing /Users/parth/Desktop/Engine/venv/lib/python3.11/site-packages/airflow/example_dags/plugins/workday.py took 0.561 seconds
[2025-07-17T07:36:54.550+0530] {processor.py:186} INFO - Started process (PID=29243) to work on /Users/parth/Desktop/Engine/venv/lib/python3.11/site-packages/airflow/example_dags/plugins/workday.py
[2025-07-17T07:36:54.551+0530] {processor.py:914} INFO - Processing file /Users/parth/Desktop/Engine/venv/lib/python3.11/site-packages/airflow/example_dags/plugins/workday.py for tasks to queue
[2025-07-17T07:36:54.552+0530] {logging_mixin.py:190} INFO - [2025-07-17T07:36:54.552+0530] {dagbag.py:588} INFO - Filling up the DagBag from /Users/parth/Desktop/Engine/venv/lib/python3.11/site-packages/airflow/example_dags/plugins/workday.py
[2025-07-17T07:36:55.001+0530] {processor.py:927} WARNING - No viable dags retrieved from /Users/parth/Desktop/Engine/venv/lib/python3.11/site-packages/airflow/example_dags/plugins/workday.py
[2025-07-17T07:36:55.057+0530] {processor.py:208} INFO - Processing /Users/parth/Desktop/Engine/venv/lib/python3.11/site-packages/airflow/example_dags/plugins/workday.py took 0.509 seconds
[2025-07-17T07:38:41.780+0530] {processor.py:186} INFO - Started process (PID=29937) to work on /Users/parth/Desktop/Engine/venv/lib/python3.11/site-packages/airflow/example_dags/plugins/workday.py
[2025-07-17T07:38:41.781+0530] {processor.py:914} INFO - Processing file /Users/parth/Desktop/Engine/venv/lib/python3.11/site-packages/airflow/example_dags/plugins/workday.py for tasks to queue
[2025-07-17T07:38:41.782+0530] {logging_mixin.py:190} INFO - [2025-07-17T07:38:41.781+0530] {dagbag.py:588} INFO - Filling up the DagBag from /Users/parth/Desktop/Engine/venv/lib/python3.11/site-packages/airflow/example_dags/plugins/workday.py
[2025-07-17T07:38:42.225+0530] {processor.py:927} WARNING - No viable dags retrieved from /Users/parth/Desktop/Engine/venv/lib/python3.11/site-packages/airflow/example_dags/plugins/workday.py
[2025-07-17T07:38:42.280+0530] {processor.py:208} INFO - Processing /Users/parth/Desktop/Engine/venv/lib/python3.11/site-packages/airflow/example_dags/plugins/workday.py took 0.503 seconds
[2025-07-17T07:40:34.211+0530] {processor.py:186} INFO - Started process (PID=30676) to work on /Users/parth/Desktop/Engine/venv/lib/python3.11/site-packages/airflow/example_dags/plugins/workday.py
[2025-07-17T07:40:34.212+0530] {processor.py:914} INFO - Processing file /Users/parth/Desktop/Engine/venv/lib/python3.11/site-packages/airflow/example_dags/plugins/workday.py for tasks to queue
[2025-07-17T07:40:34.212+0530] {logging_mixin.py:190} INFO - [2025-07-17T07:40:34.212+0530] {dagbag.py:588} INFO - Filling up the DagBag from /Users/parth/Desktop/Engine/venv/lib/python3.11/site-packages/airflow/example_dags/plugins/workday.py
[2025-07-17T07:40:34.702+0530] {processor.py:927} WARNING - No viable dags retrieved from /Users/parth/Desktop/Engine/venv/lib/python3.11/site-packages/airflow/example_dags/plugins/workday.py
[2025-07-17T07:40:34.757+0530] {processor.py:208} INFO - Processing /Users/parth/Desktop/Engine/venv/lib/python3.11/site-packages/airflow/example_dags/plugins/workday.py took 0.549 seconds
[2025-07-17T07:42:37.961+0530] {processor.py:186} INFO - Started process (PID=31481) to work on /Users/parth/Desktop/Engine/venv/lib/python3.11/site-packages/airflow/example_dags/plugins/workday.py
[2025-07-17T07:42:37.962+0530] {processor.py:914} INFO - Processing file /Users/parth/Desktop/Engine/venv/lib/python3.11/site-packages/airflow/example_dags/plugins/workday.py for tasks to queue
[2025-07-17T07:42:37.963+0530] {logging_mixin.py:190} INFO - [2025-07-17T07:42:37.962+0530] {dagbag.py:588} INFO - Filling up the DagBag from /Users/parth/Desktop/Engine/venv/lib/python3.11/site-packages/airflow/example_dags/plugins/workday.py
[2025-07-17T07:42:38.521+0530] {processor.py:927} WARNING - No viable dags retrieved from /Users/parth/Desktop/Engine/venv/lib/python3.11/site-packages/airflow/example_dags/plugins/workday.py
[2025-07-17T07:42:38.624+0530] {processor.py:208} INFO - Processing /Users/parth/Desktop/Engine/venv/lib/python3.11/site-packages/airflow/example_dags/plugins/workday.py took 0.666 seconds
[2025-07-17T07:45:27.004+0530] {processor.py:186} INFO - Started process (PID=32665) to work on /Users/parth/Desktop/Engine/venv/lib/python3.11/site-packages/airflow/example_dags/plugins/workday.py
[2025-07-17T07:45:27.006+0530] {processor.py:914} INFO - Processing file /Users/parth/Desktop/Engine/venv/lib/python3.11/site-packages/airflow/example_dags/plugins/workday.py for tasks to queue
[2025-07-17T07:45:27.007+0530] {logging_mixin.py:190} INFO - [2025-07-17T07:45:27.007+0530] {dagbag.py:588} INFO - Filling up the DagBag from /Users/parth/Desktop/Engine/venv/lib/python3.11/site-packages/airflow/example_dags/plugins/workday.py
[2025-07-17T07:45:28.283+0530] {processor.py:927} WARNING - No viable dags retrieved from /Users/parth/Desktop/Engine/venv/lib/python3.11/site-packages/airflow/example_dags/plugins/workday.py
[2025-07-17T07:45:28.418+0530] {processor.py:208} INFO - Processing /Users/parth/Desktop/Engine/venv/lib/python3.11/site-packages/airflow/example_dags/plugins/workday.py took 1.421 seconds
[2025-07-17T07:47:57.625+0530] {processor.py:186} INFO - Started process (PID=33766) to work on /Users/parth/Desktop/Engine/venv/lib/python3.11/site-packages/airflow/example_dags/plugins/workday.py
[2025-07-17T07:47:57.626+0530] {processor.py:914} INFO - Processing file /Users/parth/Desktop/Engine/venv/lib/python3.11/site-packages/airflow/example_dags/plugins/workday.py for tasks to queue
[2025-07-17T07:47:57.627+0530] {logging_mixin.py:190} INFO - [2025-07-17T07:47:57.627+0530] {dagbag.py:588} INFO - Filling up the DagBag from /Users/parth/Desktop/Engine/venv/lib/python3.11/site-packages/airflow/example_dags/plugins/workday.py
[2025-07-17T07:47:58.310+0530] {processor.py:927} WARNING - No viable dags retrieved from /Users/parth/Desktop/Engine/venv/lib/python3.11/site-packages/airflow/example_dags/plugins/workday.py
[2025-07-17T07:47:58.372+0530] {processor.py:208} INFO - Processing /Users/parth/Desktop/Engine/venv/lib/python3.11/site-packages/airflow/example_dags/plugins/workday.py took 0.750 seconds
[2025-07-17T07:50:03.910+0530] {processor.py:186} INFO - Started process (PID=34583) to work on /Users/parth/Desktop/Engine/venv/lib/python3.11/site-packages/airflow/example_dags/plugins/workday.py
[2025-07-17T07:50:03.911+0530] {processor.py:914} INFO - Processing file /Users/parth/Desktop/Engine/venv/lib/python3.11/site-packages/airflow/example_dags/plugins/workday.py for tasks to queue
[2025-07-17T07:50:03.912+0530] {logging_mixin.py:190} INFO - [2025-07-17T07:50:03.912+0530] {dagbag.py:588} INFO - Filling up the DagBag from /Users/parth/Desktop/Engine/venv/lib/python3.11/site-packages/airflow/example_dags/plugins/workday.py
[2025-07-17T07:50:04.828+0530] {processor.py:927} WARNING - No viable dags retrieved from /Users/parth/Desktop/Engine/venv/lib/python3.11/site-packages/airflow/example_dags/plugins/workday.py
[2025-07-17T07:50:04.949+0530] {processor.py:208} INFO - Processing /Users/parth/Desktop/Engine/venv/lib/python3.11/site-packages/airflow/example_dags/plugins/workday.py took 1.041 seconds
[2025-07-17T07:52:49.382+0530] {processor.py:186} INFO - Started process (PID=35707) to work on /Users/parth/Desktop/Engine/venv/lib/python3.11/site-packages/airflow/example_dags/plugins/workday.py
[2025-07-17T07:52:49.384+0530] {processor.py:914} INFO - Processing file /Users/parth/Desktop/Engine/venv/lib/python3.11/site-packages/airflow/example_dags/plugins/workday.py for tasks to queue
[2025-07-17T07:52:49.385+0530] {logging_mixin.py:190} INFO - [2025-07-17T07:52:49.385+0530] {dagbag.py:588} INFO - Filling up the DagBag from /Users/parth/Desktop/Engine/venv/lib/python3.11/site-packages/airflow/example_dags/plugins/workday.py
[2025-07-17T07:52:50.386+0530] {processor.py:927} WARNING - No viable dags retrieved from /Users/parth/Desktop/Engine/venv/lib/python3.11/site-packages/airflow/example_dags/plugins/workday.py
[2025-07-17T07:52:50.519+0530] {processor.py:208} INFO - Processing /Users/parth/Desktop/Engine/venv/lib/python3.11/site-packages/airflow/example_dags/plugins/workday.py took 1.143 seconds
[2025-07-17T07:55:28.768+0530] {processor.py:186} INFO - Started process (PID=36896) to work on /Users/parth/Desktop/Engine/venv/lib/python3.11/site-packages/airflow/example_dags/plugins/workday.py
[2025-07-17T07:55:28.769+0530] {processor.py:914} INFO - Processing file /Users/parth/Desktop/Engine/venv/lib/python3.11/site-packages/airflow/example_dags/plugins/workday.py for tasks to queue
[2025-07-17T07:55:28.770+0530] {logging_mixin.py:190} INFO - [2025-07-17T07:55:28.770+0530] {dagbag.py:588} INFO - Filling up the DagBag from /Users/parth/Desktop/Engine/venv/lib/python3.11/site-packages/airflow/example_dags/plugins/workday.py
[2025-07-17T07:55:29.425+0530] {processor.py:927} WARNING - No viable dags retrieved from /Users/parth/Desktop/Engine/venv/lib/python3.11/site-packages/airflow/example_dags/plugins/workday.py
[2025-07-17T07:55:29.481+0530] {processor.py:208} INFO - Processing /Users/parth/Desktop/Engine/venv/lib/python3.11/site-packages/airflow/example_dags/plugins/workday.py took 0.716 seconds
[2025-07-17T07:57:32.124+0530] {processor.py:186} INFO - Started process (PID=37740) to work on /Users/parth/Desktop/Engine/venv/lib/python3.11/site-packages/airflow/example_dags/plugins/workday.py
[2025-07-17T07:57:32.125+0530] {processor.py:914} INFO - Processing file /Users/parth/Desktop/Engine/venv/lib/python3.11/site-packages/airflow/example_dags/plugins/workday.py for tasks to queue
[2025-07-17T07:57:32.126+0530] {logging_mixin.py:190} INFO - [2025-07-17T07:57:32.126+0530] {dagbag.py:588} INFO - Filling up the DagBag from /Users/parth/Desktop/Engine/venv/lib/python3.11/site-packages/airflow/example_dags/plugins/workday.py
[2025-07-17T07:57:32.617+0530] {processor.py:927} WARNING - No viable dags retrieved from /Users/parth/Desktop/Engine/venv/lib/python3.11/site-packages/airflow/example_dags/plugins/workday.py
[2025-07-17T07:57:32.673+0530] {processor.py:208} INFO - Processing /Users/parth/Desktop/Engine/venv/lib/python3.11/site-packages/airflow/example_dags/plugins/workday.py took 0.551 seconds
[2025-07-17T07:59:27.016+0530] {processor.py:186} INFO - Started process (PID=38484) to work on /Users/parth/Desktop/Engine/venv/lib/python3.11/site-packages/airflow/example_dags/plugins/workday.py
[2025-07-17T07:59:27.017+0530] {processor.py:914} INFO - Processing file /Users/parth/Desktop/Engine/venv/lib/python3.11/site-packages/airflow/example_dags/plugins/workday.py for tasks to queue
[2025-07-17T07:59:27.017+0530] {logging_mixin.py:190} INFO - [2025-07-17T07:59:27.017+0530] {dagbag.py:588} INFO - Filling up the DagBag from /Users/parth/Desktop/Engine/venv/lib/python3.11/site-packages/airflow/example_dags/plugins/workday.py
[2025-07-17T07:59:27.531+0530] {processor.py:927} WARNING - No viable dags retrieved from /Users/parth/Desktop/Engine/venv/lib/python3.11/site-packages/airflow/example_dags/plugins/workday.py
[2025-07-17T07:59:27.591+0530] {processor.py:208} INFO - Processing /Users/parth/Desktop/Engine/venv/lib/python3.11/site-packages/airflow/example_dags/plugins/workday.py took 0.577 seconds
[2025-07-17T08:01:44.378+0530] {processor.py:186} INFO - Started process (PID=39367) to work on /Users/parth/Desktop/Engine/venv/lib/python3.11/site-packages/airflow/example_dags/plugins/workday.py
[2025-07-17T08:01:44.379+0530] {processor.py:914} INFO - Processing file /Users/parth/Desktop/Engine/venv/lib/python3.11/site-packages/airflow/example_dags/plugins/workday.py for tasks to queue
[2025-07-17T08:01:44.380+0530] {logging_mixin.py:190} INFO - [2025-07-17T08:01:44.379+0530] {dagbag.py:588} INFO - Filling up the DagBag from /Users/parth/Desktop/Engine/venv/lib/python3.11/site-packages/airflow/example_dags/plugins/workday.py
[2025-07-17T08:01:45.215+0530] {processor.py:927} WARNING - No viable dags retrieved from /Users/parth/Desktop/Engine/venv/lib/python3.11/site-packages/airflow/example_dags/plugins/workday.py
[2025-07-17T08:01:45.280+0530] {processor.py:208} INFO - Processing /Users/parth/Desktop/Engine/venv/lib/python3.11/site-packages/airflow/example_dags/plugins/workday.py took 0.905 seconds
[2025-07-17T08:03:51.113+0530] {processor.py:186} INFO - Started process (PID=40203) to work on /Users/parth/Desktop/Engine/venv/lib/python3.11/site-packages/airflow/example_dags/plugins/workday.py
[2025-07-17T08:03:51.114+0530] {processor.py:914} INFO - Processing file /Users/parth/Desktop/Engine/venv/lib/python3.11/site-packages/airflow/example_dags/plugins/workday.py for tasks to queue
[2025-07-17T08:03:51.115+0530] {logging_mixin.py:190} INFO - [2025-07-17T08:03:51.115+0530] {dagbag.py:588} INFO - Filling up the DagBag from /Users/parth/Desktop/Engine/venv/lib/python3.11/site-packages/airflow/example_dags/plugins/workday.py
[2025-07-17T08:03:51.767+0530] {processor.py:927} WARNING - No viable dags retrieved from /Users/parth/Desktop/Engine/venv/lib/python3.11/site-packages/airflow/example_dags/plugins/workday.py
[2025-07-17T08:03:51.822+0530] {processor.py:208} INFO - Processing /Users/parth/Desktop/Engine/venv/lib/python3.11/site-packages/airflow/example_dags/plugins/workday.py took 0.711 seconds
[2025-07-17T08:06:00.206+0530] {processor.py:186} INFO - Started process (PID=41135) to work on /Users/parth/Desktop/Engine/venv/lib/python3.11/site-packages/airflow/example_dags/plugins/workday.py
[2025-07-17T08:06:00.207+0530] {processor.py:914} INFO - Processing file /Users/parth/Desktop/Engine/venv/lib/python3.11/site-packages/airflow/example_dags/plugins/workday.py for tasks to queue
[2025-07-17T08:06:00.207+0530] {logging_mixin.py:190} INFO - [2025-07-17T08:06:00.207+0530] {dagbag.py:588} INFO - Filling up the DagBag from /Users/parth/Desktop/Engine/venv/lib/python3.11/site-packages/airflow/example_dags/plugins/workday.py
[2025-07-17T08:06:00.857+0530] {processor.py:927} WARNING - No viable dags retrieved from /Users/parth/Desktop/Engine/venv/lib/python3.11/site-packages/airflow/example_dags/plugins/workday.py
[2025-07-17T08:06:00.914+0530] {processor.py:208} INFO - Processing /Users/parth/Desktop/Engine/venv/lib/python3.11/site-packages/airflow/example_dags/plugins/workday.py took 0.711 seconds
[2025-07-17T08:08:00.802+0530] {processor.py:186} INFO - Started process (PID=41914) to work on /Users/parth/Desktop/Engine/venv/lib/python3.11/site-packages/airflow/example_dags/plugins/workday.py
[2025-07-17T08:08:00.803+0530] {processor.py:914} INFO - Processing file /Users/parth/Desktop/Engine/venv/lib/python3.11/site-packages/airflow/example_dags/plugins/workday.py for tasks to queue
[2025-07-17T08:08:00.803+0530] {logging_mixin.py:190} INFO - [2025-07-17T08:08:00.803+0530] {dagbag.py:588} INFO - Filling up the DagBag from /Users/parth/Desktop/Engine/venv/lib/python3.11/site-packages/airflow/example_dags/plugins/workday.py
[2025-07-17T08:08:01.276+0530] {processor.py:927} WARNING - No viable dags retrieved from /Users/parth/Desktop/Engine/venv/lib/python3.11/site-packages/airflow/example_dags/plugins/workday.py
[2025-07-17T08:08:01.332+0530] {processor.py:208} INFO - Processing /Users/parth/Desktop/Engine/venv/lib/python3.11/site-packages/airflow/example_dags/plugins/workday.py took 0.532 seconds
[2025-07-17T08:10:11.788+0530] {processor.py:186} INFO - Started process (PID=42827) to work on /Users/parth/Desktop/Engine/venv/lib/python3.11/site-packages/airflow/example_dags/plugins/workday.py
[2025-07-17T08:10:11.789+0530] {processor.py:914} INFO - Processing file /Users/parth/Desktop/Engine/venv/lib/python3.11/site-packages/airflow/example_dags/plugins/workday.py for tasks to queue
[2025-07-17T08:10:11.790+0530] {logging_mixin.py:190} INFO - [2025-07-17T08:10:11.790+0530] {dagbag.py:588} INFO - Filling up the DagBag from /Users/parth/Desktop/Engine/venv/lib/python3.11/site-packages/airflow/example_dags/plugins/workday.py
[2025-07-17T08:10:12.243+0530] {processor.py:927} WARNING - No viable dags retrieved from /Users/parth/Desktop/Engine/venv/lib/python3.11/site-packages/airflow/example_dags/plugins/workday.py
[2025-07-17T08:10:12.299+0530] {processor.py:208} INFO - Processing /Users/parth/Desktop/Engine/venv/lib/python3.11/site-packages/airflow/example_dags/plugins/workday.py took 0.512 seconds
[2025-07-17T08:16:24.515+0530] {processor.py:186} INFO - Started process (PID=43578) to work on /Users/parth/Desktop/Engine/venv/lib/python3.11/site-packages/airflow/example_dags/plugins/workday.py
[2025-07-17T08:16:24.516+0530] {processor.py:914} INFO - Processing file /Users/parth/Desktop/Engine/venv/lib/python3.11/site-packages/airflow/example_dags/plugins/workday.py for tasks to queue
[2025-07-17T08:16:24.517+0530] {logging_mixin.py:190} INFO - [2025-07-17T08:16:24.517+0530] {dagbag.py:588} INFO - Filling up the DagBag from /Users/parth/Desktop/Engine/venv/lib/python3.11/site-packages/airflow/example_dags/plugins/workday.py
[2025-07-17T08:16:25.073+0530] {processor.py:927} WARNING - No viable dags retrieved from /Users/parth/Desktop/Engine/venv/lib/python3.11/site-packages/airflow/example_dags/plugins/workday.py
[2025-07-17T08:16:25.129+0530] {processor.py:208} INFO - Processing /Users/parth/Desktop/Engine/venv/lib/python3.11/site-packages/airflow/example_dags/plugins/workday.py took 0.617 seconds
[2025-07-17T08:18:10.029+0530] {processor.py:186} INFO - Started process (PID=44275) to work on /Users/parth/Desktop/Engine/venv/lib/python3.11/site-packages/airflow/example_dags/plugins/workday.py
[2025-07-17T08:18:10.030+0530] {processor.py:914} INFO - Processing file /Users/parth/Desktop/Engine/venv/lib/python3.11/site-packages/airflow/example_dags/plugins/workday.py for tasks to queue
[2025-07-17T08:18:10.031+0530] {logging_mixin.py:190} INFO - [2025-07-17T08:18:10.031+0530] {dagbag.py:588} INFO - Filling up the DagBag from /Users/parth/Desktop/Engine/venv/lib/python3.11/site-packages/airflow/example_dags/plugins/workday.py
[2025-07-17T08:18:10.498+0530] {processor.py:927} WARNING - No viable dags retrieved from /Users/parth/Desktop/Engine/venv/lib/python3.11/site-packages/airflow/example_dags/plugins/workday.py
[2025-07-17T08:18:10.554+0530] {processor.py:208} INFO - Processing /Users/parth/Desktop/Engine/venv/lib/python3.11/site-packages/airflow/example_dags/plugins/workday.py took 0.527 seconds
[2025-07-17T08:20:17.483+0530] {processor.py:186} INFO - Started process (PID=44994) to work on /Users/parth/Desktop/Engine/venv/lib/python3.11/site-packages/airflow/example_dags/plugins/workday.py
[2025-07-17T08:20:17.484+0530] {processor.py:914} INFO - Processing file /Users/parth/Desktop/Engine/venv/lib/python3.11/site-packages/airflow/example_dags/plugins/workday.py for tasks to queue
[2025-07-17T08:20:17.485+0530] {logging_mixin.py:190} INFO - [2025-07-17T08:20:17.485+0530] {dagbag.py:588} INFO - Filling up the DagBag from /Users/parth/Desktop/Engine/venv/lib/python3.11/site-packages/airflow/example_dags/plugins/workday.py
[2025-07-17T08:20:17.919+0530] {processor.py:927} WARNING - No viable dags retrieved from /Users/parth/Desktop/Engine/venv/lib/python3.11/site-packages/airflow/example_dags/plugins/workday.py
[2025-07-17T08:20:17.974+0530] {processor.py:208} INFO - Processing /Users/parth/Desktop/Engine/venv/lib/python3.11/site-packages/airflow/example_dags/plugins/workday.py took 0.493 seconds
[2025-07-17T08:22:03.368+0530] {processor.py:186} INFO - Started process (PID=45682) to work on /Users/parth/Desktop/Engine/venv/lib/python3.11/site-packages/airflow/example_dags/plugins/workday.py
[2025-07-17T08:22:03.369+0530] {processor.py:914} INFO - Processing file /Users/parth/Desktop/Engine/venv/lib/python3.11/site-packages/airflow/example_dags/plugins/workday.py for tasks to queue
[2025-07-17T08:22:03.369+0530] {logging_mixin.py:190} INFO - [2025-07-17T08:22:03.369+0530] {dagbag.py:588} INFO - Filling up the DagBag from /Users/parth/Desktop/Engine/venv/lib/python3.11/site-packages/airflow/example_dags/plugins/workday.py
[2025-07-17T08:22:03.828+0530] {processor.py:927} WARNING - No viable dags retrieved from /Users/parth/Desktop/Engine/venv/lib/python3.11/site-packages/airflow/example_dags/plugins/workday.py
[2025-07-17T08:22:03.884+0530] {processor.py:208} INFO - Processing /Users/parth/Desktop/Engine/venv/lib/python3.11/site-packages/airflow/example_dags/plugins/workday.py took 0.518 seconds
[2025-07-17T08:23:49.065+0530] {processor.py:186} INFO - Started process (PID=46380) to work on /Users/parth/Desktop/Engine/venv/lib/python3.11/site-packages/airflow/example_dags/plugins/workday.py
[2025-07-17T08:23:49.066+0530] {processor.py:914} INFO - Processing file /Users/parth/Desktop/Engine/venv/lib/python3.11/site-packages/airflow/example_dags/plugins/workday.py for tasks to queue
[2025-07-17T08:23:49.067+0530] {logging_mixin.py:190} INFO - [2025-07-17T08:23:49.067+0530] {dagbag.py:588} INFO - Filling up the DagBag from /Users/parth/Desktop/Engine/venv/lib/python3.11/site-packages/airflow/example_dags/plugins/workday.py
[2025-07-17T08:23:49.566+0530] {processor.py:927} WARNING - No viable dags retrieved from /Users/parth/Desktop/Engine/venv/lib/python3.11/site-packages/airflow/example_dags/plugins/workday.py
[2025-07-17T08:23:49.624+0530] {processor.py:208} INFO - Processing /Users/parth/Desktop/Engine/venv/lib/python3.11/site-packages/airflow/example_dags/plugins/workday.py took 0.561 seconds
[2025-07-17T08:25:35.720+0530] {processor.py:186} INFO - Started process (PID=47104) to work on /Users/parth/Desktop/Engine/venv/lib/python3.11/site-packages/airflow/example_dags/plugins/workday.py
[2025-07-17T08:25:35.720+0530] {processor.py:914} INFO - Processing file /Users/parth/Desktop/Engine/venv/lib/python3.11/site-packages/airflow/example_dags/plugins/workday.py for tasks to queue
[2025-07-17T08:25:35.721+0530] {logging_mixin.py:190} INFO - [2025-07-17T08:25:35.721+0530] {dagbag.py:588} INFO - Filling up the DagBag from /Users/parth/Desktop/Engine/venv/lib/python3.11/site-packages/airflow/example_dags/plugins/workday.py
[2025-07-17T08:25:36.163+0530] {processor.py:927} WARNING - No viable dags retrieved from /Users/parth/Desktop/Engine/venv/lib/python3.11/site-packages/airflow/example_dags/plugins/workday.py
[2025-07-17T08:25:36.219+0530] {processor.py:208} INFO - Processing /Users/parth/Desktop/Engine/venv/lib/python3.11/site-packages/airflow/example_dags/plugins/workday.py took 0.502 seconds
[2025-07-17T08:27:20.505+0530] {processor.py:186} INFO - Started process (PID=47815) to work on /Users/parth/Desktop/Engine/venv/lib/python3.11/site-packages/airflow/example_dags/plugins/workday.py
[2025-07-17T08:27:20.506+0530] {processor.py:914} INFO - Processing file /Users/parth/Desktop/Engine/venv/lib/python3.11/site-packages/airflow/example_dags/plugins/workday.py for tasks to queue
[2025-07-17T08:27:20.507+0530] {logging_mixin.py:190} INFO - [2025-07-17T08:27:20.506+0530] {dagbag.py:588} INFO - Filling up the DagBag from /Users/parth/Desktop/Engine/venv/lib/python3.11/site-packages/airflow/example_dags/plugins/workday.py
[2025-07-17T08:27:20.979+0530] {processor.py:927} WARNING - No viable dags retrieved from /Users/parth/Desktop/Engine/venv/lib/python3.11/site-packages/airflow/example_dags/plugins/workday.py
[2025-07-17T08:27:21.034+0530] {processor.py:208} INFO - Processing /Users/parth/Desktop/Engine/venv/lib/python3.11/site-packages/airflow/example_dags/plugins/workday.py took 0.532 seconds
[2025-07-17T08:29:20.590+0530] {processor.py:186} INFO - Started process (PID=48691) to work on /Users/parth/Desktop/Engine/venv/lib/python3.11/site-packages/airflow/example_dags/plugins/workday.py
[2025-07-17T08:29:20.590+0530] {processor.py:914} INFO - Processing file /Users/parth/Desktop/Engine/venv/lib/python3.11/site-packages/airflow/example_dags/plugins/workday.py for tasks to queue
[2025-07-17T08:29:20.591+0530] {logging_mixin.py:190} INFO - [2025-07-17T08:29:20.591+0530] {dagbag.py:588} INFO - Filling up the DagBag from /Users/parth/Desktop/Engine/venv/lib/python3.11/site-packages/airflow/example_dags/plugins/workday.py
[2025-07-17T08:29:21.022+0530] {processor.py:927} WARNING - No viable dags retrieved from /Users/parth/Desktop/Engine/venv/lib/python3.11/site-packages/airflow/example_dags/plugins/workday.py
[2025-07-17T08:29:21.077+0530] {processor.py:208} INFO - Processing /Users/parth/Desktop/Engine/venv/lib/python3.11/site-packages/airflow/example_dags/plugins/workday.py took 0.490 seconds
[2025-07-17T08:35:33.887+0530] {processor.py:186} INFO - Started process (PID=49479) to work on /Users/parth/Desktop/Engine/venv/lib/python3.11/site-packages/airflow/example_dags/plugins/workday.py
[2025-07-17T08:35:33.888+0530] {processor.py:914} INFO - Processing file /Users/parth/Desktop/Engine/venv/lib/python3.11/site-packages/airflow/example_dags/plugins/workday.py for tasks to queue
[2025-07-17T08:35:33.889+0530] {logging_mixin.py:190} INFO - [2025-07-17T08:35:33.889+0530] {dagbag.py:588} INFO - Filling up the DagBag from /Users/parth/Desktop/Engine/venv/lib/python3.11/site-packages/airflow/example_dags/plugins/workday.py
[2025-07-17T08:35:34.381+0530] {processor.py:927} WARNING - No viable dags retrieved from /Users/parth/Desktop/Engine/venv/lib/python3.11/site-packages/airflow/example_dags/plugins/workday.py
[2025-07-17T08:35:34.438+0530] {processor.py:208} INFO - Processing /Users/parth/Desktop/Engine/venv/lib/python3.11/site-packages/airflow/example_dags/plugins/workday.py took 0.554 seconds
[2025-07-17T08:37:20.083+0530] {processor.py:186} INFO - Started process (PID=50165) to work on /Users/parth/Desktop/Engine/venv/lib/python3.11/site-packages/airflow/example_dags/plugins/workday.py
[2025-07-17T08:37:20.085+0530] {processor.py:914} INFO - Processing file /Users/parth/Desktop/Engine/venv/lib/python3.11/site-packages/airflow/example_dags/plugins/workday.py for tasks to queue
[2025-07-17T08:37:20.085+0530] {logging_mixin.py:190} INFO - [2025-07-17T08:37:20.085+0530] {dagbag.py:588} INFO - Filling up the DagBag from /Users/parth/Desktop/Engine/venv/lib/python3.11/site-packages/airflow/example_dags/plugins/workday.py
[2025-07-17T08:37:20.545+0530] {processor.py:927} WARNING - No viable dags retrieved from /Users/parth/Desktop/Engine/venv/lib/python3.11/site-packages/airflow/example_dags/plugins/workday.py
[2025-07-17T08:37:20.601+0530] {processor.py:208} INFO - Processing /Users/parth/Desktop/Engine/venv/lib/python3.11/site-packages/airflow/example_dags/plugins/workday.py took 0.520 seconds
[2025-07-17T08:39:03.367+0530] {processor.py:186} INFO - Started process (PID=50829) to work on /Users/parth/Desktop/Engine/venv/lib/python3.11/site-packages/airflow/example_dags/plugins/workday.py
[2025-07-17T08:39:03.368+0530] {processor.py:914} INFO - Processing file /Users/parth/Desktop/Engine/venv/lib/python3.11/site-packages/airflow/example_dags/plugins/workday.py for tasks to queue
[2025-07-17T08:39:03.369+0530] {logging_mixin.py:190} INFO - [2025-07-17T08:39:03.368+0530] {dagbag.py:588} INFO - Filling up the DagBag from /Users/parth/Desktop/Engine/venv/lib/python3.11/site-packages/airflow/example_dags/plugins/workday.py
[2025-07-17T08:39:03.818+0530] {processor.py:927} WARNING - No viable dags retrieved from /Users/parth/Desktop/Engine/venv/lib/python3.11/site-packages/airflow/example_dags/plugins/workday.py
[2025-07-17T08:39:03.873+0530] {processor.py:208} INFO - Processing /Users/parth/Desktop/Engine/venv/lib/python3.11/site-packages/airflow/example_dags/plugins/workday.py took 0.509 seconds
[2025-07-17T08:40:50.720+0530] {processor.py:186} INFO - Started process (PID=51535) to work on /Users/parth/Desktop/Engine/venv/lib/python3.11/site-packages/airflow/example_dags/plugins/workday.py
[2025-07-17T08:40:50.721+0530] {processor.py:914} INFO - Processing file /Users/parth/Desktop/Engine/venv/lib/python3.11/site-packages/airflow/example_dags/plugins/workday.py for tasks to queue
[2025-07-17T08:40:50.722+0530] {logging_mixin.py:190} INFO - [2025-07-17T08:40:50.721+0530] {dagbag.py:588} INFO - Filling up the DagBag from /Users/parth/Desktop/Engine/venv/lib/python3.11/site-packages/airflow/example_dags/plugins/workday.py
[2025-07-17T08:40:51.248+0530] {processor.py:927} WARNING - No viable dags retrieved from /Users/parth/Desktop/Engine/venv/lib/python3.11/site-packages/airflow/example_dags/plugins/workday.py
[2025-07-17T08:40:51.305+0530] {processor.py:208} INFO - Processing /Users/parth/Desktop/Engine/venv/lib/python3.11/site-packages/airflow/example_dags/plugins/workday.py took 0.587 seconds
